2022-05-19 05:21:08,653 - INFO - ==> Preparing data..
2022-05-19 05:21:09,205 - INFO - # ID Test: 4150
2022-05-19 05:21:09,206 - INFO - # OOD: 850
2022-05-19 05:21:09,236 - INFO - # iNaturalist: 10000
2022-05-19 05:21:09,262 - INFO - # SUN: 10000
2022-05-19 05:21:09,292 - INFO - # Places: 10000
2022-05-19 05:21:09,346 - INFO - # Textures: 5640
2022-05-19 05:21:09,358 - INFO - # coarseid-coarseood: 700
2022-05-19 05:21:09,362 - INFO - # coarseid-fineood: 150
2022-05-19 05:21:57,491 - INFO - Accuracy Results
2022-05-19 05:21:57,492 - INFO - Mean Synset Accuracy: 0.8532516956329346
2022-05-19 05:21:57,492 - INFO - Top-1 Accuracy: 0.8180722594261169
2022-05-19 05:21:57,492 - INFO - Pred Accuracy: 0.817349374294281
2022-05-19 05:21:57,492 - INFO - Synset Accuracies:
2022-05-19 05:21:57,493 - INFO - [0.95253015 0.756      0.916      0.832      0.94       0.824
 0.948      0.808      0.788      0.932      0.716      0.905
 0.828      0.732      0.852      0.736      0.928      0.965     ]
2022-05-19 05:21:57,493 - INFO - Error Depth:
2022-05-19 05:21:57,493 - INFO - 	Num. Errors at Depth 0 = 113.0
2022-05-19 05:21:57,493 - INFO - 	Num. Errors at Depth 1 = 642.0
2022-05-19 05:21:57,493 - INFO - 	Num. Errors at Depth -1 = 3395.0
2022-05-19 05:21:57,493 - INFO - OOD Results
2022-05-19 05:22:09,077 - INFO - Computing OOD Statistics...
2022-05-19 05:22:28,760 - INFO - Computing OOD Statistics...
2022-05-19 05:23:04,815 - INFO - Computing OOD Statistics...
2022-05-19 05:23:21,969 - INFO - Computing OOD Statistics...
2022-05-19 05:23:32,278 - INFO - Computing OOD Statistics...
2022-05-19 05:23:35,615 - INFO - Computing OOD Statistics...
2022-05-19 05:23:38,572 - INFO - Computing OOD Statistics...
2022-05-19 05:23:38,623 - INFO - OOD Dataset: OOD
2022-05-19 05:23:38,624 - INFO - MSP AUROC Synset Performance
2022-05-19 05:23:38,624 - INFO - [-1, -1, -1, -1, -1, -1, -1, -1, -1, -1, -1, -1, -1, -1, -1, -1, -1, -1, -0.0, 0.9206985116938341, 0.9192093550673281, 0.9354517363571935]
2022-05-19 05:23:38,624 - INFO - MSP TNR Synset Performance
2022-05-19 05:23:38,624 - INFO - [-1, -1, -1, -1, -1, -1, -1, -1, -1, -1, -1, -1, -1, -1, -1, -1, -1, -1, 0.0, 0.631764705882353, 0.6305882352941177, 0.7141176470588235]
2022-05-19 05:23:38,624 - INFO - MSP AUOUT Synset Performance
2022-05-19 05:23:38,624 - INFO - [-1, -1, -1, -1, -1, -1, -1, -1, -1, -1, -1, -1, -1, -1, -1, -1, -1, -1, 0.09027322853919331, 0.7177315436581373, 0.725893720511819, 0.7696131514476215]
2022-05-19 05:23:38,624 - INFO - ODIN AUROC Synset Performance
2022-05-19 05:23:38,624 - INFO - [-1, -1, -1, -1, -1, -1, -1, -1, -1, -1, -1, -1, -1, -1, -1, -1, -1, -1, -0.0, 0.8993417434443658, 0.38547583274273567, 0.8305406094968109]
2022-05-19 05:23:38,624 - INFO - ODIN TNR Synset Performance
2022-05-19 05:23:38,624 - INFO - [-1, -1, -1, -1, -1, -1, -1, -1, -1, -1, -1, -1, -1, -1, -1, -1, -1, -1, 0.0, 0.4964705882352941, 0.0, 0.6141176470588235]
2022-05-19 05:23:38,624 - INFO - ODIN AUOUT Synset Performance
2022-05-19 05:23:38,624 - INFO - [-1, -1, -1, -1, -1, -1, -1, -1, -1, -1, -1, -1, -1, -1, -1, -1, -1, -1, 0.09027322853919331, 0.6286673947421136, 0.12772392419154363, 0.6471819509595002]
2022-05-19 05:23:38,624 - INFO - MSP Metrics using max activations accumulated across all appropriate synsets:
	AUROC -0.0
	TNR 0.0
	AUOUT 0.09027322853919331
2022-05-19 05:23:38,624 - INFO - ODIN Metrics using max activations accumulated across all appropriate synsets:
	AUROC -0.0
	TNR 0.0
	AUOUT 0.09027322853919331
2022-05-19 05:23:38,624 - INFO - MSP Metrics using max entropy along path:
	AUROC 0.9206985116938341
	TNR 0.631764705882353
	AUOUT 0.7177315436581373
2022-05-19 05:23:38,624 - INFO - ODIN Metrics using max entropy along path:
	AUROC 0.8993417434443658
	TNR 0.4964705882352941
	AUOUT 0.6286673947421136
2022-05-19 05:23:38,624 - INFO - MSP Metrics using predicted activations:
	AUROC 0.9192093550673281
	TNR 0.6305882352941177
	AUOUT 0.725893720511819
2022-05-19 05:23:38,624 - INFO - ODIN Metrics using predicted activations:
	AUROC 0.38547583274273567
	TNR 0.0
	AUOUT 0.12772392419154363
2022-05-19 05:23:38,624 - INFO - MSP Metrics using mean entropy along path:
	AUROC 0.9354517363571935
	TNR 0.7141176470588235
	AUOUT 0.7696131514476215
2022-05-19 05:23:38,624 - INFO - ODIN Metrics using mean entropy along path:
	AUROC 0.8305406094968109
	TNR 0.6141176470588235
	AUOUT 0.6471819509595002
2022-05-19 05:23:38,624 - INFO - MSP Metrics using min entropy along path:
	AUROC 0.9302355776045357
	TNR 0.711764705882353
	AUOUT 0.7531181924173869
2022-05-19 05:23:38,624 - INFO - ODIN Metrics using min entropy along path:
	AUROC 0.8115622962437987
	TNR 0.5047058823529411
	AUOUT 0.5658759089194053
2022-05-19 05:23:38,625 - INFO - OOD Path entropy min idx (msp): [0. 1.], [305 545]
2022-05-19 05:23:38,625 - INFO - OOD Path entropy min idx (odin): [1.], [850]
2022-05-19 05:23:38,625 - INFO - OOD Dataset: iNaturalist
2022-05-19 05:23:38,625 - INFO - MSP AUROC Synset Performance
2022-05-19 05:23:38,625 - INFO - [-1, -1, -1, -1, -1, -1, -1, -1, -1, -1, -1, -1, -1, -1, -1, -1, -1, -1, -0.0, 0.945411373493976, 0.9383415903614457, 0.9538981204819278]
2022-05-19 05:23:38,625 - INFO - MSP TNR Synset Performance
2022-05-19 05:23:38,625 - INFO - [-1, -1, -1, -1, -1, -1, -1, -1, -1, -1, -1, -1, -1, -1, -1, -1, -1, -1, 0.0, 0.7233, 0.6950000000000001, 0.7593]
2022-05-19 05:23:38,625 - INFO - MSP AUOUT Synset Performance
2022-05-19 05:23:38,625 - INFO - [-1, -1, -1, -1, -1, -1, -1, -1, -1, -1, -1, -1, -1, -1, -1, -1, -1, -1, 0.4909583878783369, 0.9739208995058394, 0.9703223420097935, 0.9778118478502394]
2022-05-19 05:23:38,625 - INFO - ODIN AUROC Synset Performance
2022-05-19 05:23:38,625 - INFO - [-1, -1, -1, -1, -1, -1, -1, -1, -1, -1, -1, -1, -1, -1, -1, -1, -1, -1, -0.0, 0.9443388192771086, 0.47321715662650604, 0.8987775421686746]
2022-05-19 05:23:38,625 - INFO - ODIN TNR Synset Performance
2022-05-19 05:23:38,625 - INFO - [-1, -1, -1, -1, -1, -1, -1, -1, -1, -1, -1, -1, -1, -1, -1, -1, -1, -1, 0.0, 0.7109, 0.0046000000000000485, 0.6998]
2022-05-19 05:23:38,626 - INFO - ODIN AUOUT Synset Performance
2022-05-19 05:23:38,626 - INFO - [-1, -1, -1, -1, -1, -1, -1, -1, -1, -1, -1, -1, -1, -1, -1, -1, -1, -1, 0.4909583878783369, 0.972769865575767, 0.6454052360120658, 0.959687396344056]
2022-05-19 05:23:38,626 - INFO - MSP Metrics using max activations accumulated across all appropriate synsets:
	AUROC -0.0
	TNR 0.0
	AUOUT 0.4909583878783369
2022-05-19 05:23:38,626 - INFO - ODIN Metrics using max activations accumulated across all appropriate synsets:
	AUROC -0.0
	TNR 0.0
	AUOUT 0.4909583878783369
2022-05-19 05:23:38,626 - INFO - MSP Metrics using max entropy along path:
	AUROC 0.945411373493976
	TNR 0.7233
	AUOUT 0.9739208995058394
2022-05-19 05:23:38,626 - INFO - ODIN Metrics using max entropy along path:
	AUROC 0.9443388192771086
	TNR 0.7109
	AUOUT 0.972769865575767
2022-05-19 05:23:38,626 - INFO - MSP Metrics using predicted activations:
	AUROC 0.9383415903614457
	TNR 0.6950000000000001
	AUOUT 0.9703223420097935
2022-05-19 05:23:38,626 - INFO - ODIN Metrics using predicted activations:
	AUROC 0.47321715662650604
	TNR 0.0046000000000000485
	AUOUT 0.6454052360120658
2022-05-19 05:23:38,626 - INFO - MSP Metrics using mean entropy along path:
	AUROC 0.9538981204819278
	TNR 0.7593
	AUOUT 0.9778118478502394
2022-05-19 05:23:38,626 - INFO - ODIN Metrics using mean entropy along path:
	AUROC 0.8987775421686746
	TNR 0.6998
	AUOUT 0.959687396344056
2022-05-19 05:23:38,626 - INFO - MSP Metrics using min entropy along path:
	AUROC 0.9521231807228916
	TNR 0.696
	AUOUT 0.9741682909918209
2022-05-19 05:23:38,626 - INFO - ODIN Metrics using min entropy along path:
	AUROC 0.8718406746987951
	TNR 0.5529999999999999
	AUOUT 0.9367022541410532
2022-05-19 05:23:38,626 - INFO - OOD Path entropy min idx (msp): [0. 1.], [2871 7129]
2022-05-19 05:23:38,627 - INFO - OOD Path entropy min idx (odin): [1.], [10000]
2022-05-19 05:23:38,627 - INFO - OOD Dataset: SUN
2022-05-19 05:23:38,627 - INFO - MSP AUROC Synset Performance
2022-05-19 05:23:38,627 - INFO - [-1, -1, -1, -1, -1, -1, -1, -1, -1, -1, -1, -1, -1, -1, -1, -1, -1, -1, -0.0, 0.9553481204819277, 0.9506162168674699, 0.9663752530120483]
2022-05-19 05:23:38,627 - INFO - MSP TNR Synset Performance
2022-05-19 05:23:38,627 - INFO - [-1, -1, -1, -1, -1, -1, -1, -1, -1, -1, -1, -1, -1, -1, -1, -1, -1, -1, 0.0, 0.7614, 0.7321, 0.8196]
2022-05-19 05:23:38,627 - INFO - MSP AUOUT Synset Performance
2022-05-19 05:23:38,627 - INFO - [-1, -1, -1, -1, -1, -1, -1, -1, -1, -1, -1, -1, -1, -1, -1, -1, -1, -1, 0.4909583878783369, 0.9778795823141959, 0.9754217377925345, 0.9827526811460481]
2022-05-19 05:23:38,627 - INFO - ODIN AUROC Synset Performance
2022-05-19 05:23:38,627 - INFO - [-1, -1, -1, -1, -1, -1, -1, -1, -1, -1, -1, -1, -1, -1, -1, -1, -1, -1, -0.0, 0.9578395662650603, 0.39174561445783135, 0.8147263614457831]
2022-05-19 05:23:38,627 - INFO - ODIN TNR Synset Performance
2022-05-19 05:23:38,627 - INFO - [-1, -1, -1, -1, -1, -1, -1, -1, -1, -1, -1, -1, -1, -1, -1, -1, -1, -1, 0.0, 0.7515000000000001, 0.0010000000000000009, 0.6186]
2022-05-19 05:23:38,627 - INFO - ODIN AUOUT Synset Performance
2022-05-19 05:23:38,627 - INFO - [-1, -1, -1, -1, -1, -1, -1, -1, -1, -1, -1, -1, -1, -1, -1, -1, -1, -1, 0.4909583878783369, 0.9773566331024853, 0.6059807984488795, 0.9295080028526448]
2022-05-19 05:23:38,627 - INFO - MSP Metrics using max activations accumulated across all appropriate synsets:
	AUROC -0.0
	TNR 0.0
	AUOUT 0.4909583878783369
2022-05-19 05:23:38,627 - INFO - ODIN Metrics using max activations accumulated across all appropriate synsets:
	AUROC -0.0
	TNR 0.0
	AUOUT 0.4909583878783369
2022-05-19 05:23:38,627 - INFO - MSP Metrics using max entropy along path:
	AUROC 0.9553481204819277
	TNR 0.7614
	AUOUT 0.9778795823141959
2022-05-19 05:23:38,627 - INFO - ODIN Metrics using max entropy along path:
	AUROC 0.9578395662650603
	TNR 0.7515000000000001
	AUOUT 0.9773566331024853
2022-05-19 05:23:38,627 - INFO - MSP Metrics using predicted activations:
	AUROC 0.9506162168674699
	TNR 0.7321
	AUOUT 0.9754217377925345
2022-05-19 05:23:38,627 - INFO - ODIN Metrics using predicted activations:
	AUROC 0.39174561445783135
	TNR 0.0010000000000000009
	AUOUT 0.6059807984488795
2022-05-19 05:23:38,627 - INFO - MSP Metrics using mean entropy along path:
	AUROC 0.9663752530120483
	TNR 0.8196
	AUOUT 0.9827526811460481
2022-05-19 05:23:38,627 - INFO - ODIN Metrics using mean entropy along path:
	AUROC 0.8147263614457831
	TNR 0.6186
	AUOUT 0.9295080028526448
2022-05-19 05:23:38,627 - INFO - MSP Metrics using min entropy along path:
	AUROC 0.964221156626506
	TNR 0.7742
	AUOUT 0.9790513376734944
2022-05-19 05:23:38,627 - INFO - ODIN Metrics using min entropy along path:
	AUROC 0.770493325301205
	TNR 0.397
	AUOUT 0.8938222906722545
2022-05-19 05:23:38,628 - INFO - OOD Path entropy min idx (msp): [0. 1.], [1590 8410]
2022-05-19 05:23:38,628 - INFO - OOD Path entropy min idx (odin): [1.], [10000]
2022-05-19 05:23:38,628 - INFO - OOD Dataset: Places
2022-05-19 05:23:38,628 - INFO - MSP AUROC Synset Performance
2022-05-19 05:23:38,628 - INFO - [-1, -1, -1, -1, -1, -1, -1, -1, -1, -1, -1, -1, -1, -1, -1, -1, -1, -1, -0.0, 0.9412256144578313, 0.9371838554216868, 0.9541840722891566]
2022-05-19 05:23:38,628 - INFO - MSP TNR Synset Performance
2022-05-19 05:23:38,628 - INFO - [-1, -1, -1, -1, -1, -1, -1, -1, -1, -1, -1, -1, -1, -1, -1, -1, -1, -1, 0.0, 0.6987, 0.6774, 0.7584]
2022-05-19 05:23:38,628 - INFO - MSP AUOUT Synset Performance
2022-05-19 05:23:38,628 - INFO - [-1, -1, -1, -1, -1, -1, -1, -1, -1, -1, -1, -1, -1, -1, -1, -1, -1, -1, 0.4909583878783369, 0.9710983670440925, 0.9686928262289635, 0.9769247057201325]
2022-05-19 05:23:38,628 - INFO - ODIN AUROC Synset Performance
2022-05-19 05:23:38,628 - INFO - [-1, -1, -1, -1, -1, -1, -1, -1, -1, -1, -1, -1, -1, -1, -1, -1, -1, -1, -0.0, 0.936397469879518, 0.39648318072289157, 0.8075271325301205]
2022-05-19 05:23:38,628 - INFO - ODIN TNR Synset Performance
2022-05-19 05:23:38,628 - INFO - [-1, -1, -1, -1, -1, -1, -1, -1, -1, -1, -1, -1, -1, -1, -1, -1, -1, -1, 0.0, 0.6756, 0.0026000000000000467, 0.5752999999999999]
2022-05-19 05:23:38,628 - INFO - ODIN AUOUT Synset Performance
2022-05-19 05:23:38,628 - INFO - [-1, -1, -1, -1, -1, -1, -1, -1, -1, -1, -1, -1, -1, -1, -1, -1, -1, -1, 0.4909583878783369, 0.96813554345506, 0.6113266031309638, 0.9249452999440008]
2022-05-19 05:23:38,628 - INFO - MSP Metrics using max activations accumulated across all appropriate synsets:
	AUROC -0.0
	TNR 0.0
	AUOUT 0.4909583878783369
2022-05-19 05:23:38,628 - INFO - ODIN Metrics using max activations accumulated across all appropriate synsets:
	AUROC -0.0
	TNR 0.0
	AUOUT 0.4909583878783369
2022-05-19 05:23:38,628 - INFO - MSP Metrics using max entropy along path:
	AUROC 0.9412256144578313
	TNR 0.6987
	AUOUT 0.9710983670440925
2022-05-19 05:23:38,629 - INFO - ODIN Metrics using max entropy along path:
	AUROC 0.936397469879518
	TNR 0.6756
	AUOUT 0.96813554345506
2022-05-19 05:23:38,629 - INFO - MSP Metrics using predicted activations:
	AUROC 0.9371838554216868
	TNR 0.6774
	AUOUT 0.9686928262289635
2022-05-19 05:23:38,629 - INFO - ODIN Metrics using predicted activations:
	AUROC 0.39648318072289157
	TNR 0.0026000000000000467
	AUOUT 0.6113266031309638
2022-05-19 05:23:38,629 - INFO - MSP Metrics using mean entropy along path:
	AUROC 0.9541840722891566
	TNR 0.7584
	AUOUT 0.9769247057201325
2022-05-19 05:23:38,629 - INFO - ODIN Metrics using mean entropy along path:
	AUROC 0.8075271325301205
	TNR 0.5752999999999999
	AUOUT 0.9249452999440008
2022-05-19 05:23:38,629 - INFO - MSP Metrics using min entropy along path:
	AUROC 0.9546032771084337
	TNR 0.7201
	AUOUT 0.9739671454556839
2022-05-19 05:23:38,629 - INFO - ODIN Metrics using min entropy along path:
	AUROC 0.7658607469879519
	TNR 0.36829999999999996
	AUOUT 0.888833557023802
2022-05-19 05:23:38,629 - INFO - OOD Path entropy min idx (msp): [0. 1.], [2082 7918]
2022-05-19 05:23:38,629 - INFO - OOD Path entropy min idx (odin): [1.], [10000]
2022-05-19 05:23:38,629 - INFO - OOD Dataset: Textures
2022-05-19 05:23:38,629 - INFO - MSP AUROC Synset Performance
2022-05-19 05:23:38,629 - INFO - [-1, -1, -1, -1, -1, -1, -1, -1, -1, -1, -1, -1, -1, -1, -1, -1, -1, -1, -0.0, 0.9126329146372724, 0.9009780825429377, 0.9212946253097497]
2022-05-19 05:23:38,629 - INFO - MSP TNR Synset Performance
2022-05-19 05:23:38,630 - INFO - [-1, -1, -1, -1, -1, -1, -1, -1, -1, -1, -1, -1, -1, -1, -1, -1, -1, -1, 0.0, 0.6414893617021277, 0.5820921985815604, 0.6618794326241135]
2022-05-19 05:23:38,630 - INFO - MSP AUOUT Synset Performance
2022-05-19 05:23:38,630 - INFO - [-1, -1, -1, -1, -1, -1, -1, -1, -1, -1, -1, -1, -1, -1, -1, -1, -1, -1, 0.36848395850775695, 0.934586990977731, 0.9226226280608886, 0.9401444605250048]
2022-05-19 05:23:38,630 - INFO - ODIN AUROC Synset Performance
2022-05-19 05:23:38,630 - INFO - [-1, -1, -1, -1, -1, -1, -1, -1, -1, -1, -1, -1, -1, -1, -1, -1, -1, -1, -0.0, 0.9565797658719988, 0.679997308382466, 0.9191985815602837]
2022-05-19 05:23:38,630 - INFO - ODIN TNR Synset Performance
2022-05-19 05:23:38,630 - INFO - [-1, -1, -1, -1, -1, -1, -1, -1, -1, -1, -1, -1, -1, -1, -1, -1, -1, -1, 0.0, 0.7734042553191489, 0.07783687943262407, 0.6806737588652483]
2022-05-19 05:23:38,630 - INFO - ODIN AUOUT Synset Performance
2022-05-19 05:23:38,630 - INFO - [-1, -1, -1, -1, -1, -1, -1, -1, -1, -1, -1, -1, -1, -1, -1, -1, -1, -1, 0.36848395850775695, 0.964513752810059, 0.683762069755666, 0.9427605141999431]
2022-05-19 05:23:38,630 - INFO - MSP Metrics using max activations accumulated across all appropriate synsets:
	AUROC -0.0
	TNR 0.0
	AUOUT 0.36848395850775695
2022-05-19 05:23:38,630 - INFO - ODIN Metrics using max activations accumulated across all appropriate synsets:
	AUROC -0.0
	TNR 0.0
	AUOUT 0.36848395850775695
2022-05-19 05:23:38,630 - INFO - MSP Metrics using max entropy along path:
	AUROC 0.9126329146372724
	TNR 0.6414893617021277
	AUOUT 0.934586990977731
2022-05-19 05:23:38,630 - INFO - ODIN Metrics using max entropy along path:
	AUROC 0.9565797658719988
	TNR 0.7734042553191489
	AUOUT 0.964513752810059
2022-05-19 05:23:38,630 - INFO - MSP Metrics using predicted activations:
	AUROC 0.9009780825429377
	TNR 0.5820921985815604
	AUOUT 0.9226226280608886
2022-05-19 05:23:38,630 - INFO - ODIN Metrics using predicted activations:
	AUROC 0.679997308382466
	TNR 0.07783687943262407
	AUOUT 0.683762069755666
2022-05-19 05:23:38,630 - INFO - MSP Metrics using mean entropy along path:
	AUROC 0.9212946253097497
	TNR 0.6618794326241135
	AUOUT 0.9401444605250048
2022-05-19 05:23:38,630 - INFO - ODIN Metrics using mean entropy along path:
	AUROC 0.9191985815602837
	TNR 0.6806737588652483
	AUOUT 0.9427605141999431
2022-05-19 05:23:38,630 - INFO - MSP Metrics using min entropy along path:
	AUROC 0.9232442108860975
	TNR 0.5790780141843972
	AUOUT 0.9327042621630985
2022-05-19 05:23:38,630 - INFO - ODIN Metrics using min entropy along path:
	AUROC 0.853814662906947
	TNR 0.39698581560283686
	AUOUT 0.8682385008995129
2022-05-19 05:23:38,630 - INFO - OOD Path entropy min idx (msp): [0. 1.], [1140 4500]
2022-05-19 05:23:38,631 - INFO - OOD Path entropy min idx (odin): [1.], [5640]
2022-05-19 05:23:38,631 - INFO - OOD Dataset: coarseid-coarseood
2022-05-19 05:23:38,631 - INFO - MSP AUROC Synset Performance
2022-05-19 05:23:38,631 - INFO - [-1, -1, -1, -1, -1, -1, -1, -1, -1, -1, -1, -1, -1, -1, -1, -1, -1, -1, -0.0, 0.9470430292598968, 0.9446695352839932, 0.9620578313253012]
2022-05-19 05:23:38,631 - INFO - MSP TNR Synset Performance
2022-05-19 05:23:38,631 - INFO - [-1, -1, -1, -1, -1, -1, -1, -1, -1, -1, -1, -1, -1, -1, -1, -1, -1, -1, 0.0, 0.7114285714285714, 0.71, 0.7971428571428572]
2022-05-19 05:23:38,631 - INFO - MSP AUOUT Synset Performance
2022-05-19 05:23:38,631 - INFO - [-1, -1, -1, -1, -1, -1, -1, -1, -1, -1, -1, -1, -1, -1, -1, -1, -1, -1, 0.07591136598393841, 0.7396833304934628, 0.7488193420015568, 0.7971023976227203]
2022-05-19 05:23:38,631 - INFO - ODIN AUROC Synset Performance
2022-05-19 05:23:38,631 - INFO - [-1, -1, -1, -1, -1, -1, -1, -1, -1, -1, -1, -1, -1, -1, -1, -1, -1, -1, -0.0, 0.9341201376936318, 0.4270127366609295, 0.9220103270223752]
2022-05-19 05:23:38,631 - INFO - ODIN TNR Synset Performance
2022-05-19 05:23:38,631 - INFO - [-1, -1, -1, -1, -1, -1, -1, -1, -1, -1, -1, -1, -1, -1, -1, -1, -1, -1, 0.0, 0.5442857142857143, 0.0, 0.6814285714285715]
2022-05-19 05:23:38,631 - INFO - ODIN AUOUT Synset Performance
2022-05-19 05:23:38,631 - INFO - [-1, -1, -1, -1, -1, -1, -1, -1, -1, -1, -1, -1, -1, -1, -1, -1, -1, -1, 0.07591136598393841, 0.6353458620776321, 0.11471323827441844, 0.6904089719628659]
2022-05-19 05:23:38,631 - INFO - MSP Metrics using max activations accumulated across all appropriate synsets:
	AUROC -0.0
	TNR 0.0
	AUOUT 0.07591136598393841
2022-05-19 05:23:38,631 - INFO - ODIN Metrics using max activations accumulated across all appropriate synsets:
	AUROC -0.0
	TNR 0.0
	AUOUT 0.07591136598393841
2022-05-19 05:23:38,631 - INFO - MSP Metrics using max entropy along path:
	AUROC 0.9470430292598968
	TNR 0.7114285714285714
	AUOUT 0.7396833304934628
2022-05-19 05:23:38,631 - INFO - ODIN Metrics using max entropy along path:
	AUROC 0.9341201376936318
	TNR 0.5442857142857143
	AUOUT 0.6353458620776321
2022-05-19 05:23:38,631 - INFO - MSP Metrics using predicted activations:
	AUROC 0.9446695352839932
	TNR 0.71
	AUOUT 0.7488193420015568
2022-05-19 05:23:38,631 - INFO - ODIN Metrics using predicted activations:
	AUROC 0.4270127366609295
	TNR 0.0
	AUOUT 0.11471323827441844
2022-05-19 05:23:38,631 - INFO - MSP Metrics using mean entropy along path:
	AUROC 0.9620578313253012
	TNR 0.7971428571428572
	AUOUT 0.7971023976227203
2022-05-19 05:23:38,631 - INFO - ODIN Metrics using mean entropy along path:
	AUROC 0.9220103270223752
	TNR 0.6814285714285715
	AUOUT 0.6904089719628659
2022-05-19 05:23:38,631 - INFO - MSP Metrics using min entropy along path:
	AUROC 0.9644798623063683
	TNR 0.7842857142857143
	AUOUT 0.7779277753389947
2022-05-19 05:23:38,631 - INFO - ODIN Metrics using min entropy along path:
	AUROC 0.9008406196213425
	TNR 0.5800000000000001
	AUOUT 0.6005224001220777
2022-05-19 05:23:38,632 - INFO - OOD Path entropy min idx (msp): [0. 1.], [210 490]
2022-05-19 05:23:38,632 - INFO - OOD Path entropy min idx (odin): [1.], [700]
2022-05-19 05:23:38,632 - INFO - OOD Dataset: coarseid-fineood
2022-05-19 05:23:38,632 - INFO - MSP AUROC Synset Performance
2022-05-19 05:23:38,632 - INFO - [-1, -1, -1, -1, -1, -1, -1, -1, -1, -1, -1, -1, -1, -1, -1, -1, -1, -1, -0.0, 0.7977574297188756, 0.8003951807228915, 0.8112915662650602]
2022-05-19 05:23:38,632 - INFO - MSP TNR Synset Performance
2022-05-19 05:23:38,632 - INFO - [-1, -1, -1, -1, -1, -1, -1, -1, -1, -1, -1, -1, -1, -1, -1, -1, -1, -1, 0.0, 0.26, 0.26, 0.32666666666666666]
2022-05-19 05:23:38,632 - INFO - MSP AUOUT Synset Performance
2022-05-19 05:23:38,632 - INFO - [-1, -1, -1, -1, -1, -1, -1, -1, -1, -1, -1, -1, -1, -1, -1, -1, -1, -1, 0.01764827684871253, 0.1340838072911235, 0.13935681002158234, 0.15843337930708243]
2022-05-19 05:23:38,632 - INFO - ODIN AUROC Synset Performance
2022-05-19 05:23:38,632 - INFO - [-1, -1, -1, -1, -1, -1, -1, -1, -1, -1, -1, -1, -1, -1, -1, -1, -1, -1, -0.0, 0.7370425702811245, 0.19163694779116464, 0.40391967871485945]
2022-05-19 05:23:38,632 - INFO - ODIN TNR Synset Performance
2022-05-19 05:23:38,632 - INFO - [-1, -1, -1, -1, -1, -1, -1, -1, -1, -1, -1, -1, -1, -1, -1, -1, -1, -1, 0.0, 0.2733333333333333, 0.0, 0.30000000000000004]
2022-05-19 05:23:38,632 - INFO - ODIN AUOUT Synset Performance
2022-05-19 05:23:38,632 - INFO - [-1, -1, -1, -1, -1, -1, -1, -1, -1, -1, -1, -1, -1, -1, -1, -1, -1, -1, 0.01764827684871253, 0.11269672385387852, 0.019989964706836307, 0.07889365220861423]
2022-05-19 05:23:38,632 - INFO - MSP Metrics using max activations accumulated across all appropriate synsets:
	AUROC -0.0
	TNR 0.0
	AUOUT 0.01764827684871253
2022-05-19 05:23:38,632 - INFO - ODIN Metrics using max activations accumulated across all appropriate synsets:
	AUROC -0.0
	TNR 0.0
	AUOUT 0.01764827684871253
2022-05-19 05:23:38,632 - INFO - MSP Metrics using max entropy along path:
	AUROC 0.7977574297188756
	TNR 0.26
	AUOUT 0.1340838072911235
2022-05-19 05:23:38,632 - INFO - ODIN Metrics using max entropy along path:
	AUROC 0.7370425702811245
	TNR 0.2733333333333333
	AUOUT 0.11269672385387852
2022-05-19 05:23:38,632 - INFO - MSP Metrics using predicted activations:
	AUROC 0.8003951807228915
	TNR 0.26
	AUOUT 0.13935681002158234
2022-05-19 05:23:38,633 - INFO - ODIN Metrics using predicted activations:
	AUROC 0.19163694779116464
	TNR 0.0
	AUOUT 0.019989964706836307
2022-05-19 05:23:38,633 - INFO - MSP Metrics using mean entropy along path:
	AUROC 0.8112915662650602
	TNR 0.32666666666666666
	AUOUT 0.15843337930708243
2022-05-19 05:23:38,633 - INFO - ODIN Metrics using mean entropy along path:
	AUROC 0.40391967871485945
	TNR 0.30000000000000004
	AUOUT 0.07889365220861423
2022-05-19 05:23:38,633 - INFO - MSP Metrics using min entropy along path:
	AUROC 0.7704321285140563
	TNR 0.3733333333333333
	AUOUT 0.15248361311352876
2022-05-19 05:23:38,633 - INFO - ODIN Metrics using min entropy along path:
	AUROC 0.39527068273092375
	TNR 0.15333333333333332
	AUOUT 0.05332156903565942
2022-05-19 05:23:38,633 - INFO - OOD Path entropy min idx (msp): [0. 1.], [95 55]
2022-05-19 05:23:38,633 - INFO - OOD Path entropy min idx (odin): [1.], [150]
2022-05-19 05:23:48,977 - INFO - Computing OOD Statistics...
2022-05-19 05:24:05,483 - INFO - Computing OOD Statistics...
2022-05-19 05:24:33,393 - INFO - Computing OOD Statistics...
2022-05-19 05:24:45,284 - INFO - Computing OOD Statistics...
2022-05-19 05:24:53,121 - INFO - Computing OOD Statistics...
2022-05-19 05:24:56,202 - INFO - Computing OOD Statistics...
2022-05-19 05:24:58,639 - INFO - Computing OOD Statistics...
2022-05-19 05:24:58,655 - INFO - OOD Dataset: OOD
2022-05-19 05:24:58,655 - INFO - MSP AUROC [0.9124405386250886]
2022-05-19 05:24:58,655 - INFO - MSP TNR [0.6564705882352941]
2022-05-19 05:24:58,655 - INFO - MSP AUOUT [0.7368589934368143]
2022-05-19 05:24:58,655 - INFO - ODIN AUROC [0.9334063784549964]
2022-05-19 05:24:58,655 - INFO - ODIN TNR [0.7435294117647059]
2022-05-19 05:24:58,655 - INFO - ODIN AUOUT [0.7755106549610923]
2022-05-19 05:24:58,655 - INFO - OOD Dataset: iNaturalist
2022-05-19 05:24:58,655 - INFO - MSP AUROC [0.9536236867469882]
2022-05-19 05:24:58,655 - INFO - MSP TNR [0.7514000000000001]
2022-05-19 05:24:58,655 - INFO - MSP AUOUT [0.9774422346329852]
2022-05-19 05:24:58,655 - INFO - ODIN AUROC [0.9670277108433734]
2022-05-19 05:24:58,655 - INFO - ODIN TNR [0.8016]
2022-05-19 05:24:58,655 - INFO - ODIN AUOUT [0.9836265935326249]
2022-05-19 05:24:58,655 - INFO - OOD Dataset: SUN
2022-05-19 05:24:58,655 - INFO - MSP AUROC [0.9730089156626506]
2022-05-19 05:24:58,655 - INFO - MSP TNR [0.8568]
2022-05-19 05:24:58,655 - INFO - MSP AUOUT [0.9858897492051725]
2022-05-19 05:24:58,656 - INFO - ODIN AUROC [0.9792510120481929]
2022-05-19 05:24:58,656 - INFO - ODIN TNR [0.8924]
2022-05-19 05:24:58,656 - INFO - ODIN AUOUT [0.9889378013029018]
2022-05-19 05:24:58,656 - INFO - OOD Dataset: Places
2022-05-19 05:24:58,656 - INFO - MSP AUROC [0.9595500722891567]
2022-05-19 05:24:58,656 - INFO - MSP TNR [0.7924]
2022-05-19 05:24:58,656 - INFO - MSP AUOUT [0.9796454730034597]
2022-05-19 05:24:58,656 - INFO - ODIN AUROC [0.966985373493976]
2022-05-19 05:24:58,656 - INFO - ODIN TNR [0.8260000000000001]
2022-05-19 05:24:58,656 - INFO - ODIN AUOUT [0.983314697373862]
2022-05-19 05:24:58,656 - INFO - OOD Dataset: Textures
2022-05-19 05:24:58,656 - INFO - MSP AUROC [0.9540462701871315]
2022-05-19 05:24:58,656 - INFO - MSP TNR [0.7418439716312057]
2022-05-19 05:24:58,656 - INFO - MSP AUOUT [0.9601684936107112]
2022-05-19 05:24:58,656 - INFO - ODIN AUROC [0.9616541912330172]
2022-05-19 05:24:58,656 - INFO - ODIN TNR [0.7859929078014185]
2022-05-19 05:24:58,656 - INFO - ODIN AUOUT [0.967724229601555]
2022-05-19 05:24:58,656 - INFO - OOD Dataset: coarseid-coarseood
2022-05-19 05:24:58,656 - INFO - MSP AUROC [0.9557669535283994]
2022-05-19 05:24:58,656 - INFO - MSP TNR [0.7285714285714286]
2022-05-19 05:24:58,656 - INFO - MSP AUOUT [0.7664427393935661]
2022-05-19 05:24:58,656 - INFO - ODIN AUROC [0.9687913941480206]
2022-05-19 05:24:58,656 - INFO - ODIN TNR [0.8185714285714285]
2022-05-19 05:24:58,657 - INFO - ODIN AUOUT [0.8057720496246341]
2022-05-19 05:24:58,657 - INFO - OOD Dataset: coarseid-fineood
2022-05-19 05:24:58,657 - INFO - MSP AUROC [0.7102522088353413]
2022-05-19 05:24:58,657 - INFO - MSP TNR [0.31999999999999995]
2022-05-19 05:24:58,657 - INFO - MSP AUOUT [0.14468422498495676]
2022-05-19 05:24:58,657 - INFO - ODIN AUROC [0.7682763052208835]
2022-05-19 05:24:58,657 - INFO - ODIN TNR [0.3933333333333333]
2022-05-19 05:24:58,657 - INFO - ODIN AUOUT [0.1653724030926082]
