2022-09-27 14:17:09,036 - INFO - ==> Preparing data..
2022-09-27 14:17:09,480 - INFO - # ID Train: 89972
2022-09-27 14:17:09,480 - INFO - # ID Test:  3500
2022-09-27 14:17:09,480 - INFO - # OOD Test: 1500
2022-09-27 14:17:09,480 - INFO - checkpoint filename: experiments/balanced100/cascade/pruned-wn/R0/checkpoint.pt
2022-09-27 14:17:09,480 - INFO - log filename: experiments/balanced100/cascade/pruned-wn/R0/train.log
2022-09-27 14:17:09,480 - INFO - ********************************************************
2022-09-27 14:17:09,480 - INFO - Starting Iter: 0 / 1
2022-09-27 14:17:09,480 - INFO - ********************************************************
2022-09-27 14:17:20,856 - INFO - cuda
2022-09-27 14:17:21,471 - INFO - 
Epoch: 0
2022-09-27 14:17:21,472 - INFO - 
Learning Rate: 0.0100
2022-09-27 14:17:21,472 - INFO - Synset CE Weight: 0.0
Soft prediction CE Weight: 1.0
Outlier Exposure Weight: 0.0
2022-09-27 14:19:00,357 - INFO - [Step=250]	Loss=4.5381	323.6 examples/second
2022-09-27 14:20:28,124 - INFO - [Step=500]	Loss=3.8204	364.6 examples/second
2022-09-27 14:21:47,221 - INFO - Test Loss=3.8141, Test pred acc=0.1183, Test mean synset acc=0.5182
2022-09-27 14:21:47,222 - INFO - Error Depth: [ 123.  336. 1055.  999.  491.  173.  323.]
2022-09-27 14:21:47,222 - INFO - Saving...
2022-09-27 14:21:47,739 - INFO - Epoch time: 266.2678644657135
2022-09-27 14:21:47,740 - INFO - 
Epoch: 1
2022-09-27 14:21:47,740 - INFO - 
Learning Rate: 0.0280
2022-09-27 14:21:47,740 - INFO - Synset CE Weight: 0.0
Soft prediction CE Weight: 1.0
Outlier Exposure Weight: 0.0
2022-09-27 14:22:06,511 - INFO - [Step=750]	Loss=3.6973	1704.9 examples/second
2022-09-27 14:23:33,970 - INFO - [Step=1000]	Loss=3.5586	365.9 examples/second
2022-09-27 14:25:01,635 - INFO - [Step=1250]	Loss=3.3029	365.0 examples/second
2022-09-27 14:26:04,265 - INFO - Test Loss=3.6403, Test pred acc=0.1866, Test mean synset acc=0.5933
2022-09-27 14:26:04,265 - INFO - Error Depth: [111. 369. 924. 939. 428. 136. 593.]
2022-09-27 14:26:04,265 - INFO - Saving...
2022-09-27 14:26:04,749 - INFO - Epoch time: 257.00895142555237
2022-09-27 14:26:04,749 - INFO - 
Epoch: 2
2022-09-27 14:26:04,749 - INFO - 
Learning Rate: 0.0460
2022-09-27 14:26:04,749 - INFO - Synset CE Weight: 0.0
Soft prediction CE Weight: 1.0
Outlier Exposure Weight: 0.0
2022-09-27 14:26:40,063 - INFO - [Step=1500]	Loss=3.2385	906.2 examples/second
2022-09-27 14:28:07,710 - INFO - [Step=1750]	Loss=3.1099	365.1 examples/second
2022-09-27 14:29:35,777 - INFO - [Step=2000]	Loss=2.9322	363.4 examples/second
2022-09-27 14:30:22,375 - INFO - Test Loss=2.9638, Test pred acc=0.2540, Test mean synset acc=0.6270
2022-09-27 14:30:22,376 - INFO - Error Depth: [143. 319. 860. 828. 365. 154. 831.]
2022-09-27 14:30:22,376 - INFO - Saving...
2022-09-27 14:30:22,900 - INFO - Epoch time: 258.15085005760193
2022-09-27 14:30:22,900 - INFO - 
Epoch: 3
2022-09-27 14:30:22,900 - INFO - 
Learning Rate: 0.0640
2022-09-27 14:30:22,900 - INFO - Synset CE Weight: 0.0
Soft prediction CE Weight: 1.0
Outlier Exposure Weight: 0.0
2022-09-27 14:31:15,359 - INFO - [Step=2250]	Loss=2.8236	610.0 examples/second
2022-09-27 14:32:43,599 - INFO - [Step=2500]	Loss=2.7208	362.6 examples/second
2022-09-27 14:34:12,126 - INFO - [Step=2750]	Loss=2.5870	361.5 examples/second
2022-09-27 14:34:41,966 - INFO - Test Loss=2.5333, Test pred acc=0.3414, Test mean synset acc=0.6744
2022-09-27 14:34:41,967 - INFO - Error Depth: [ 115.  332.  772.  759.  309.  132. 1081.]
2022-09-27 14:34:41,968 - INFO - Saving...
2022-09-27 14:34:42,482 - INFO - Epoch time: 259.5820949077606
2022-09-27 14:34:42,482 - INFO - 
Epoch: 4
2022-09-27 14:34:42,483 - INFO - 
Learning Rate: 0.1000
2022-09-27 14:34:42,483 - INFO - Synset CE Weight: 0.0
Soft prediction CE Weight: 1.0
Outlier Exposure Weight: 0.0
2022-09-27 14:35:52,591 - INFO - [Step=3000]	Loss=2.5908	456.4 examples/second
2022-09-27 14:37:21,696 - INFO - [Step=3250]	Loss=2.5020	359.1 examples/second
2022-09-27 14:38:50,584 - INFO - [Step=3500]	Loss=2.4346	360.0 examples/second
2022-09-27 14:39:04,427 - INFO - Test Loss=2.1835, Test pred acc=0.4000, Test mean synset acc=0.6994
2022-09-27 14:39:04,428 - INFO - Error Depth: [  98.  271.  701.  669.  336.  124. 1301.]
2022-09-27 14:39:04,428 - INFO - Saving...
2022-09-27 14:39:04,898 - INFO - Epoch time: 262.4151699542999
2022-09-27 14:39:04,898 - INFO - 
Epoch: 5
2022-09-27 14:39:04,898 - INFO - 
Learning Rate: 0.1000
2022-09-27 14:39:04,898 - INFO - Synset CE Weight: 0.0
Soft prediction CE Weight: 1.0
Outlier Exposure Weight: 0.0
2022-09-27 14:40:30,748 - INFO - [Step=3750]	Loss=2.2714	372.7 examples/second
2022-09-27 14:41:59,210 - INFO - [Step=4000]	Loss=2.1839	361.7 examples/second
2022-09-27 14:43:25,286 - INFO - Test Loss=1.9392, Test pred acc=0.4537, Test mean synset acc=0.7377
2022-09-27 14:43:25,287 - INFO - Error Depth: [  74.  229.  657.  622.  260.  114. 1544.]
2022-09-27 14:43:25,288 - INFO - Saving...
2022-09-27 14:43:25,781 - INFO - Epoch time: 260.8833131790161
2022-09-27 14:43:25,782 - INFO - 
Epoch: 6
2022-09-27 14:43:25,782 - INFO - 
Learning Rate: 0.1000
2022-09-27 14:43:25,782 - INFO - Synset CE Weight: 0.0
Soft prediction CE Weight: 1.0
Outlier Exposure Weight: 0.0
2022-09-27 14:43:39,526 - INFO - [Step=4250]	Loss=2.0370	2328.6 examples/second
2022-09-27 14:45:08,406 - INFO - [Step=4500]	Loss=2.0158	360.0 examples/second
2022-09-27 14:46:37,232 - INFO - [Step=4750]	Loss=1.9646	360.3 examples/second
2022-09-27 14:47:46,391 - INFO - Test Loss=1.9526, Test pred acc=0.4606, Test mean synset acc=0.7407
2022-09-27 14:47:46,392 - INFO - Error Depth: [  61.  304.  581.  577.  293.  126. 1558.]
2022-09-27 14:47:46,392 - INFO - Saving...
2022-09-27 14:47:46,901 - INFO - Epoch time: 261.1197361946106
2022-09-27 14:47:46,902 - INFO - 
Epoch: 7
2022-09-27 14:47:46,902 - INFO - 
Learning Rate: 0.1000
2022-09-27 14:47:46,902 - INFO - Synset CE Weight: 0.0
Soft prediction CE Weight: 1.0
Outlier Exposure Weight: 0.0
2022-09-27 14:48:17,792 - INFO - [Step=5000]	Loss=1.8592	1036.0 examples/second
2022-09-27 14:49:46,580 - INFO - [Step=5250]	Loss=1.8714	360.4 examples/second
2022-09-27 14:51:15,073 - INFO - [Step=5500]	Loss=1.8147	361.6 examples/second
2022-09-27 14:52:07,731 - INFO - Test Loss=1.8630, Test pred acc=0.4843, Test mean synset acc=0.7476
2022-09-27 14:52:07,731 - INFO - Error Depth: [  66.  223.  619.  594.  261.  117. 1620.]
2022-09-27 14:52:07,732 - INFO - Saving...
2022-09-27 14:52:08,241 - INFO - Epoch time: 261.33913588523865
2022-09-27 14:52:08,241 - INFO - 
Epoch: 8
2022-09-27 14:52:08,241 - INFO - 
Learning Rate: 0.1000
2022-09-27 14:52:08,241 - INFO - Synset CE Weight: 0.0
Soft prediction CE Weight: 1.0
Outlier Exposure Weight: 0.0
2022-09-27 14:52:55,584 - INFO - [Step=5750]	Loss=1.7331	675.9 examples/second
2022-09-27 14:54:24,476 - INFO - [Step=6000]	Loss=1.7119	360.0 examples/second
2022-09-27 14:55:53,076 - INFO - [Step=6250]	Loss=1.6941	361.2 examples/second
2022-09-27 14:56:29,312 - INFO - Test Loss=1.7940, Test pred acc=0.4986, Test mean synset acc=0.7508
2022-09-27 14:56:29,313 - INFO - Error Depth: [  51.  198.  601.  548.  254.  120. 1728.]
2022-09-27 14:56:29,313 - INFO - Saving...
2022-09-27 14:56:29,809 - INFO - Epoch time: 261.56768441200256
2022-09-27 14:56:29,809 - INFO - 
Epoch: 9
2022-09-27 14:56:29,809 - INFO - 
Learning Rate: 0.1000
2022-09-27 14:56:29,809 - INFO - Synset CE Weight: 0.0
Soft prediction CE Weight: 1.0
Outlier Exposure Weight: 0.0
2022-09-27 14:57:33,674 - INFO - [Step=6500]	Loss=1.6102	501.1 examples/second
2022-09-27 14:59:02,422 - INFO - [Step=6750]	Loss=1.6024	360.6 examples/second
2022-09-27 15:00:31,151 - INFO - [Step=7000]	Loss=1.5933	360.6 examples/second
2022-09-27 15:00:50,508 - INFO - Test Loss=1.5721, Test pred acc=0.5446, Test mean synset acc=0.7718
2022-09-27 15:00:50,509 - INFO - Error Depth: [  46.  144.  518.  565.  239.  115. 1873.]
2022-09-27 15:00:50,509 - INFO - Saving...
2022-09-27 15:00:51,057 - INFO - Epoch time: 261.2478458881378
2022-09-27 15:00:51,057 - INFO - 
Epoch: 10
2022-09-27 15:00:51,057 - INFO - 
Learning Rate: 0.1000
2022-09-27 15:00:51,057 - INFO - Synset CE Weight: 0.0
Soft prediction CE Weight: 1.0
Outlier Exposure Weight: 0.0
2022-09-27 15:02:12,016 - INFO - [Step=7250]	Loss=1.5400	395.3 examples/second
2022-09-27 15:03:40,943 - INFO - [Step=7500]	Loss=1.5005	359.8 examples/second
2022-09-27 15:05:12,190 - INFO - Test Loss=1.7520, Test pred acc=0.5149, Test mean synset acc=0.7558
2022-09-27 15:05:12,191 - INFO - Error Depth: [  63.  174.  547.  595.  242.  112. 1767.]
2022-09-27 15:05:12,192 - INFO - Epoch time: 261.13435530662537
2022-09-27 15:05:12,192 - INFO - 
Epoch: 11
2022-09-27 15:05:12,192 - INFO - 
Learning Rate: 0.1000
2022-09-27 15:05:12,192 - INFO - Synset CE Weight: 0.0
Soft prediction CE Weight: 1.0
Outlier Exposure Weight: 0.0
2022-09-27 15:05:20,965 - INFO - [Step=7750]	Loss=1.4715	3648.0 examples/second
2022-09-27 15:06:50,739 - INFO - [Step=8000]	Loss=1.4567	356.5 examples/second
2022-09-27 15:08:19,521 - INFO - [Step=8250]	Loss=1.4351	360.4 examples/second
2022-09-27 15:09:34,401 - INFO - Test Loss=1.7097, Test pred acc=0.5574, Test mean synset acc=0.7798
2022-09-27 15:09:34,402 - INFO - Error Depth: [  52.  140.  551.  524.  221.  103. 1909.]
2022-09-27 15:09:34,402 - INFO - Saving...
2022-09-27 15:09:35,007 - INFO - Epoch time: 262.8153438568115
2022-09-27 15:09:35,007 - INFO - 
Epoch: 12
2022-09-27 15:09:35,007 - INFO - 
Learning Rate: 0.1000
2022-09-27 15:09:35,008 - INFO - Synset CE Weight: 0.0
Soft prediction CE Weight: 1.0
Outlier Exposure Weight: 0.0
2022-09-27 15:10:00,779 - INFO - [Step=8500]	Loss=1.3800	1241.7 examples/second
2022-09-27 15:11:29,328 - INFO - [Step=8750]	Loss=1.3811	361.4 examples/second
2022-09-27 15:12:58,151 - INFO - [Step=9000]	Loss=1.3934	360.3 examples/second
2022-09-27 15:13:56,613 - INFO - Test Loss=1.3563, Test pred acc=0.6137, Test mean synset acc=0.8096
2022-09-27 15:13:56,613 - INFO - Error Depth: [  41.  140.  421.  462.  189.  106. 2141.]
2022-09-27 15:13:56,614 - INFO - Saving...
2022-09-27 15:13:57,195 - INFO - Epoch time: 262.18787479400635
2022-09-27 15:13:57,195 - INFO - 
Epoch: 13
2022-09-27 15:13:57,196 - INFO - 
Learning Rate: 0.1000
2022-09-27 15:13:57,196 - INFO - Synset CE Weight: 0.0
Soft prediction CE Weight: 1.0
Outlier Exposure Weight: 0.0
2022-09-27 15:14:39,164 - INFO - [Step=9250]	Loss=1.3188	762.5 examples/second
2022-09-27 15:16:07,665 - INFO - [Step=9500]	Loss=1.3227	361.6 examples/second
2022-09-27 15:17:36,565 - INFO - [Step=9750]	Loss=1.3334	360.0 examples/second
2022-09-27 15:18:18,452 - INFO - Test Loss=1.3499, Test pred acc=0.6143, Test mean synset acc=0.8122
2022-09-27 15:18:18,453 - INFO - Error Depth: [  34.  123.  472.  466.  173.  108. 2124.]
2022-09-27 15:18:18,453 - INFO - Saving...
2022-09-27 15:18:19,017 - INFO - Epoch time: 261.82149720191956
2022-09-27 15:18:19,017 - INFO - 
Epoch: 14
2022-09-27 15:18:19,017 - INFO - 
Learning Rate: 0.1000
2022-09-27 15:18:19,017 - INFO - Synset CE Weight: 0.0
Soft prediction CE Weight: 1.0
Outlier Exposure Weight: 0.0
2022-09-27 15:19:17,885 - INFO - [Step=10000]	Loss=1.2789	543.6 examples/second
2022-09-27 15:20:46,471 - INFO - [Step=10250]	Loss=1.3001	361.2 examples/second
2022-09-27 15:22:15,597 - INFO - [Step=10500]	Loss=1.2878	359.0 examples/second
2022-09-27 15:22:40,571 - INFO - Test Loss=1.2796, Test pred acc=0.6303, Test mean synset acc=0.8139
2022-09-27 15:22:40,572 - INFO - Error Depth: [  52.  103.  405.  476.  179.  104. 2181.]
2022-09-27 15:22:40,572 - INFO - Saving...
2022-09-27 15:22:41,141 - INFO - Epoch time: 262.12358117103577
2022-09-27 15:22:41,141 - INFO - 
Epoch: 15
2022-09-27 15:22:41,141 - INFO - 
Learning Rate: 0.1000
2022-09-27 15:22:41,141 - INFO - Synset CE Weight: 0.0
Soft prediction CE Weight: 1.0
Outlier Exposure Weight: 0.0
2022-09-27 15:23:56,340 - INFO - [Step=10750]	Loss=1.2521	425.5 examples/second
2022-09-27 15:25:25,089 - INFO - [Step=11000]	Loss=1.2540	360.6 examples/second
2022-09-27 15:27:02,316 - INFO - Test Loss=1.1660, Test pred acc=0.6603, Test mean synset acc=0.8299
2022-09-27 15:27:02,317 - INFO - Error Depth: [  36.  111.  350.  441.  167.  101. 2294.]
2022-09-27 15:27:02,317 - INFO - Saving...
2022-09-27 15:27:02,808 - INFO - Epoch time: 261.6667079925537
2022-09-27 15:27:02,808 - INFO - 
Epoch: 16
2022-09-27 15:27:02,808 - INFO - 
Learning Rate: 0.1000
2022-09-27 15:27:02,808 - INFO - Synset CE Weight: 0.0
Soft prediction CE Weight: 1.0
Outlier Exposure Weight: 0.0
2022-09-27 15:27:06,272 - INFO - [Step=11250]	Loss=1.2064	9242.7 examples/second
2022-09-27 15:28:35,081 - INFO - [Step=11500]	Loss=1.2207	360.3 examples/second
2022-09-27 15:30:03,987 - INFO - [Step=11750]	Loss=1.2121	359.9 examples/second
2022-09-27 15:31:24,359 - INFO - Test Loss=1.2435, Test pred acc=0.6563, Test mean synset acc=0.8275
2022-09-27 15:31:24,360 - INFO - Error Depth: [  30.  136.  372.  424.  179.   98. 2261.]
2022-09-27 15:31:24,360 - INFO - Epoch time: 261.55178666114807
2022-09-27 15:31:24,360 - INFO - 
Epoch: 17
2022-09-27 15:31:24,360 - INFO - 
Learning Rate: 0.1000
2022-09-27 15:31:24,360 - INFO - Synset CE Weight: 0.0
Soft prediction CE Weight: 1.0
Outlier Exposure Weight: 0.0
2022-09-27 15:31:44,312 - INFO - [Step=12000]	Loss=1.1930	1603.9 examples/second
2022-09-27 15:33:13,239 - INFO - [Step=12250]	Loss=1.1761	359.8 examples/second
2022-09-27 15:34:42,129 - INFO - [Step=12500]	Loss=1.1969	360.0 examples/second
2022-09-27 15:35:45,496 - INFO - Test Loss=1.1547, Test pred acc=0.6617, Test mean synset acc=0.8344
2022-09-27 15:35:45,497 - INFO - Error Depth: [  29.  128.  377.  401.  162.  102. 2301.]
2022-09-27 15:35:45,498 - INFO - Saving...
2022-09-27 15:35:46,212 - INFO - Epoch time: 261.85195755958557
2022-09-27 15:35:46,212 - INFO - 
Epoch: 18
2022-09-27 15:35:46,212 - INFO - 
Learning Rate: 0.1000
2022-09-27 15:35:46,212 - INFO - Synset CE Weight: 0.0
Soft prediction CE Weight: 1.0
Outlier Exposure Weight: 0.0
2022-09-27 15:36:24,206 - INFO - [Step=12750]	Loss=1.1495	842.3 examples/second
2022-09-27 15:37:53,644 - INFO - [Step=13000]	Loss=1.1672	357.8 examples/second
2022-09-27 15:39:22,568 - INFO - [Step=13250]	Loss=1.1860	359.9 examples/second
2022-09-27 15:40:09,518 - INFO - Test Loss=1.3017, Test pred acc=0.6337, Test mean synset acc=0.8221
2022-09-27 15:40:09,519 - INFO - Error Depth: [  46.  187.  357.  443.  176.  105. 2186.]
2022-09-27 15:40:09,519 - INFO - Epoch time: 263.30681800842285
2022-09-27 15:40:09,519 - INFO - 
Epoch: 19
2022-09-27 15:40:09,519 - INFO - 
Learning Rate: 0.1000
2022-09-27 15:40:09,519 - INFO - Synset CE Weight: 0.0
Soft prediction CE Weight: 1.0
Outlier Exposure Weight: 0.0
2022-09-27 15:41:03,787 - INFO - [Step=13500]	Loss=1.1591	589.7 examples/second
2022-09-27 15:42:32,711 - INFO - [Step=13750]	Loss=1.1474	359.9 examples/second
2022-09-27 15:44:01,606 - INFO - [Step=14000]	Loss=1.1495	360.0 examples/second
2022-09-27 15:44:31,961 - INFO - Test Loss=1.3435, Test pred acc=0.6203, Test mean synset acc=0.8103
2022-09-27 15:44:31,961 - INFO - Error Depth: [  35.  157.  394.  469.  199.   99. 2147.]
2022-09-27 15:44:31,962 - INFO - Epoch time: 262.4424133300781
2022-09-27 15:44:31,962 - INFO - 
Epoch: 20
2022-09-27 15:44:31,962 - INFO - 
Learning Rate: 0.1000
2022-09-27 15:44:31,962 - INFO - Synset CE Weight: 0.0
Soft prediction CE Weight: 1.0
Outlier Exposure Weight: 0.0
2022-09-27 15:45:42,136 - INFO - [Step=14250]	Loss=1.1332	456.0 examples/second
2022-09-27 15:47:10,951 - INFO - [Step=14500]	Loss=1.1369	360.3 examples/second
2022-09-27 15:48:39,622 - INFO - [Step=14750]	Loss=1.1204	360.9 examples/second
2022-09-27 15:48:53,437 - INFO - Test Loss=1.2949, Test pred acc=0.6400, Test mean synset acc=0.8243
2022-09-27 15:48:53,438 - INFO - Error Depth: [  76.  128.  382.  439.  161.  102. 2212.]
2022-09-27 15:48:53,438 - INFO - Epoch time: 261.4767837524414
2022-09-27 15:48:53,439 - INFO - 
Epoch: 21
2022-09-27 15:48:53,439 - INFO - 
Learning Rate: 0.1000
2022-09-27 15:48:53,439 - INFO - Synset CE Weight: 0.0
Soft prediction CE Weight: 1.0
Outlier Exposure Weight: 0.0
2022-09-27 15:50:20,534 - INFO - [Step=15000]	Loss=1.1125	367.5 examples/second
2022-09-27 15:51:49,383 - INFO - [Step=15250]	Loss=1.1173	360.2 examples/second
2022-09-27 15:53:15,029 - INFO - Test Loss=1.0641, Test pred acc=0.6929, Test mean synset acc=0.8406
2022-09-27 15:53:15,031 - INFO - Error Depth: [  28.  105.  316.  401.  162.   96. 2392.]
2022-09-27 15:53:15,031 - INFO - Saving...
2022-09-27 15:53:15,615 - INFO - Epoch time: 262.17660188674927
2022-09-27 15:53:15,615 - INFO - 
Epoch: 22
2022-09-27 15:53:15,616 - INFO - 
Learning Rate: 0.1000
2022-09-27 15:53:15,616 - INFO - Synset CE Weight: 0.0
Soft prediction CE Weight: 1.0
Outlier Exposure Weight: 0.0
2022-09-27 15:53:30,826 - INFO - [Step=15500]	Loss=1.0887	2104.0 examples/second
2022-09-27 15:54:59,691 - INFO - [Step=15750]	Loss=1.0865	360.1 examples/second
2022-09-27 15:56:28,663 - INFO - [Step=16000]	Loss=1.0920	359.7 examples/second
2022-09-27 15:57:38,059 - INFO - Test Loss=1.9024, Test pred acc=0.5649, Test mean synset acc=0.7919
2022-09-27 15:57:38,060 - INFO - Error Depth: [ 124.  151.  493.  466.  197.  101. 1968.]
2022-09-27 15:57:38,060 - INFO - Epoch time: 262.4449782371521
2022-09-27 15:57:38,061 - INFO - 
Epoch: 23
2022-09-27 15:57:38,061 - INFO - 
Learning Rate: 0.1000
2022-09-27 15:57:38,061 - INFO - Synset CE Weight: 0.0
Soft prediction CE Weight: 1.0
Outlier Exposure Weight: 0.0
2022-09-27 15:58:09,764 - INFO - [Step=16250]	Loss=1.0868	1009.4 examples/second
2022-09-27 15:59:38,657 - INFO - [Step=16500]	Loss=1.0603	360.0 examples/second
2022-09-27 16:01:07,611 - INFO - [Step=16750]	Loss=1.0714	359.7 examples/second
2022-09-27 16:02:00,095 - INFO - Test Loss=1.3643, Test pred acc=0.6329, Test mean synset acc=0.8206
2022-09-27 16:02:00,096 - INFO - Error Depth: [  63.  144.  396.  440.  192.   91. 2174.]
2022-09-27 16:02:00,096 - INFO - Epoch time: 262.0358989238739
2022-09-27 16:02:00,097 - INFO - 
Epoch: 24
2022-09-27 16:02:00,097 - INFO - 
Learning Rate: 0.1000
2022-09-27 16:02:00,097 - INFO - Synset CE Weight: 0.0
Soft prediction CE Weight: 1.0
Outlier Exposure Weight: 0.0
2022-09-27 16:02:48,129 - INFO - [Step=17000]	Loss=1.0241	666.2 examples/second
2022-09-27 16:04:16,801 - INFO - [Step=17250]	Loss=1.0599	360.9 examples/second
2022-09-27 16:05:45,329 - INFO - [Step=17500]	Loss=1.0719	361.5 examples/second
2022-09-27 16:06:22,816 - INFO - Test Loss=1.1663, Test pred acc=0.6703, Test mean synset acc=0.8336
2022-09-27 16:06:22,816 - INFO - Error Depth: [  34.  108.  336.  434.  158.  100. 2330.]
2022-09-27 16:06:22,817 - INFO - Epoch time: 262.7200562953949
2022-09-27 16:06:22,817 - INFO - 
Epoch: 25
2022-09-27 16:06:22,817 - INFO - 
Learning Rate: 0.1000
2022-09-27 16:06:22,817 - INFO - Synset CE Weight: 0.0
Soft prediction CE Weight: 1.0
Outlier Exposure Weight: 0.0
2022-09-27 16:07:28,969 - INFO - [Step=17750]	Loss=1.0327	483.7 examples/second
2022-09-27 16:08:57,830 - INFO - [Step=18000]	Loss=1.0457	360.1 examples/second
2022-09-27 16:10:26,429 - INFO - [Step=18250]	Loss=1.0492	361.2 examples/second
2022-09-27 16:10:45,162 - INFO - Test Loss=1.1183, Test pred acc=0.6806, Test mean synset acc=0.8378
2022-09-27 16:10:45,163 - INFO - Error Depth: [  31.  106.  354.  397.  160.   98. 2354.]
2022-09-27 16:10:45,163 - INFO - Epoch time: 262.34645104408264
2022-09-27 16:10:45,163 - INFO - 
Epoch: 26
2022-09-27 16:10:45,163 - INFO - 
Learning Rate: 0.1000
2022-09-27 16:10:45,164 - INFO - Synset CE Weight: 0.0
Soft prediction CE Weight: 1.0
Outlier Exposure Weight: 0.0
2022-09-27 16:12:07,381 - INFO - [Step=18500]	Loss=1.0262	389.2 examples/second
2022-09-27 16:13:36,079 - INFO - [Step=18750]	Loss=1.0447	360.8 examples/second
2022-09-27 16:15:06,037 - INFO - Test Loss=1.1748, Test pred acc=0.6480, Test mean synset acc=0.8208
2022-09-27 16:15:06,038 - INFO - Error Depth: [  32.  136.  380.  431.  182.   98. 2241.]
2022-09-27 16:15:06,038 - INFO - Epoch time: 260.87503933906555
2022-09-27 16:15:06,038 - INFO - 
Epoch: 27
2022-09-27 16:15:06,039 - INFO - 
Learning Rate: 0.1000
2022-09-27 16:15:06,039 - INFO - Synset CE Weight: 0.0
Soft prediction CE Weight: 1.0
Outlier Exposure Weight: 0.0
2022-09-27 16:15:15,984 - INFO - [Step=19000]	Loss=0.9453	3217.9 examples/second
2022-09-27 16:16:44,712 - INFO - [Step=19250]	Loss=1.0253	360.7 examples/second
2022-09-27 16:18:13,521 - INFO - [Step=19500]	Loss=1.0195	360.3 examples/second
2022-09-27 16:19:26,932 - INFO - Test Loss=1.1570, Test pred acc=0.6651, Test mean synset acc=0.8310
2022-09-27 16:19:26,933 - INFO - Error Depth: [  46.  119.  343.  399.  192.   97. 2304.]
2022-09-27 16:19:26,933 - INFO - Epoch time: 260.8949234485626
2022-09-27 16:19:26,933 - INFO - 
Epoch: 28
2022-09-27 16:19:26,934 - INFO - 
Learning Rate: 0.1000
2022-09-27 16:19:26,934 - INFO - Synset CE Weight: 0.0
Soft prediction CE Weight: 1.0
Outlier Exposure Weight: 0.0
2022-09-27 16:19:53,147 - INFO - [Step=19750]	Loss=1.0042	1220.8 examples/second
2022-09-27 16:21:21,842 - INFO - [Step=20000]	Loss=1.0154	360.8 examples/second
2022-09-27 16:22:50,851 - INFO - [Step=20250]	Loss=1.0078	359.5 examples/second
2022-09-27 16:23:47,724 - INFO - Test Loss=1.1032, Test pred acc=0.6837, Test mean synset acc=0.8408
2022-09-27 16:23:47,724 - INFO - Error Depth: [  27.  100.  404.  363.  152.   98. 2356.]
2022-09-27 16:23:47,725 - INFO - Epoch time: 260.79116797447205
2022-09-27 16:23:47,725 - INFO - 
Epoch: 29
2022-09-27 16:23:47,725 - INFO - 
Learning Rate: 0.0100
2022-09-27 16:23:47,725 - INFO - Synset CE Weight: 0.0
Soft prediction CE Weight: 1.0
Outlier Exposure Weight: 0.0
2022-09-27 16:24:30,859 - INFO - [Step=20500]	Loss=0.8449	741.9 examples/second
2022-09-27 16:25:59,555 - INFO - [Step=20750]	Loss=0.7753	360.8 examples/second
2022-09-27 16:27:28,616 - INFO - [Step=21000]	Loss=0.7302	359.3 examples/second
2022-09-27 16:28:08,973 - INFO - Test Loss=0.7250, Test pred acc=0.7769, Test mean synset acc=0.8813
2022-09-27 16:28:08,974 - INFO - Error Depth: [  11.   41.  234.  296.  119.   82. 2717.]
2022-09-27 16:28:08,974 - INFO - Saving...
2022-09-27 16:28:09,462 - INFO - Epoch time: 261.73725724220276
2022-09-27 16:28:09,462 - INFO - 
Epoch: 30
2022-09-27 16:28:09,462 - INFO - 
Learning Rate: 0.0100
2022-09-27 16:28:09,463 - INFO - Synset CE Weight: 0.0
Soft prediction CE Weight: 1.0
Outlier Exposure Weight: 0.0
2022-09-27 16:29:09,088 - INFO - [Step=21250]	Loss=0.7049	536.7 examples/second
2022-09-27 16:30:37,743 - INFO - [Step=21500]	Loss=0.6976	361.0 examples/second
2022-09-27 16:32:06,791 - INFO - [Step=21750]	Loss=0.7007	359.4 examples/second
2022-09-27 16:32:30,415 - INFO - Test Loss=0.7100, Test pred acc=0.7806, Test mean synset acc=0.8821
2022-09-27 16:32:30,416 - INFO - Error Depth: [   8.   38.  227.  296.  116.   79. 2736.]
2022-09-27 16:32:30,416 - INFO - Saving...
2022-09-27 16:32:30,877 - INFO - Epoch time: 261.41487193107605
2022-09-27 16:32:30,878 - INFO - 
Epoch: 31
2022-09-27 16:32:30,878 - INFO - 
Learning Rate: 0.0100
2022-09-27 16:32:30,878 - INFO - Synset CE Weight: 0.0
Soft prediction CE Weight: 1.0
Outlier Exposure Weight: 0.0
2022-09-27 16:33:47,363 - INFO - [Step=22000]	Loss=0.6741	418.4 examples/second
2022-09-27 16:35:16,020 - INFO - [Step=22250]	Loss=0.6742	360.9 examples/second
2022-09-27 16:36:52,910 - INFO - Test Loss=0.6933, Test pred acc=0.7831, Test mean synset acc=0.8837
2022-09-27 16:36:52,911 - INFO - Error Depth: [  14.   44.  222.  294.  114.   79. 2733.]
2022-09-27 16:36:52,911 - INFO - Saving...
2022-09-27 16:36:53,428 - INFO - Epoch time: 262.5506021976471
2022-09-27 16:36:53,429 - INFO - 
Epoch: 32
2022-09-27 16:36:53,429 - INFO - 
Learning Rate: 0.0100
2022-09-27 16:36:53,429 - INFO - Synset CE Weight: 0.0
Soft prediction CE Weight: 1.0
Outlier Exposure Weight: 0.0
2022-09-27 16:36:57,402 - INFO - [Step=22500]	Loss=0.6641	8057.0 examples/second
2022-09-27 16:38:27,113 - INFO - [Step=22750]	Loss=0.6554	356.7 examples/second
2022-09-27 16:39:55,892 - INFO - [Step=23000]	Loss=0.6562	360.4 examples/second
2022-09-27 16:41:15,326 - INFO - Test Loss=0.6865, Test pred acc=0.7851, Test mean synset acc=0.8851
2022-09-27 16:41:15,327 - INFO - Error Depth: [  14.   45.  203.  290.  112.   84. 2752.]
2022-09-27 16:41:15,327 - INFO - Saving...
2022-09-27 16:41:15,845 - INFO - Epoch time: 262.4168756008148
2022-09-27 16:41:15,846 - INFO - 
Epoch: 33
2022-09-27 16:41:15,846 - INFO - 
Learning Rate: 0.0100
2022-09-27 16:41:15,846 - INFO - Synset CE Weight: 0.0
Soft prediction CE Weight: 1.0
Outlier Exposure Weight: 0.0
2022-09-27 16:41:36,458 - INFO - [Step=23250]	Loss=0.6340	1552.6 examples/second
2022-09-27 16:43:05,268 - INFO - [Step=23500]	Loss=0.6317	360.3 examples/second
2022-09-27 16:44:33,953 - INFO - [Step=23750]	Loss=0.6413	360.8 examples/second
2022-09-27 16:45:36,457 - INFO - Test Loss=0.6834, Test pred acc=0.7920, Test mean synset acc=0.8866
2022-09-27 16:45:36,459 - INFO - Error Depth: [  12.   36.  207.  280.  115.   83. 2767.]
2022-09-27 16:45:36,459 - INFO - Saving...
2022-09-27 16:45:37,000 - INFO - Epoch time: 261.1538896560669
2022-09-27 16:45:37,000 - INFO - 
Epoch: 34
2022-09-27 16:45:37,000 - INFO - 
Learning Rate: 0.0100
2022-09-27 16:45:37,000 - INFO - Synset CE Weight: 0.0
Soft prediction CE Weight: 1.0
Outlier Exposure Weight: 0.0
2022-09-27 16:46:14,298 - INFO - [Step=24000]	Loss=0.6081	858.0 examples/second
2022-09-27 16:47:42,997 - INFO - [Step=24250]	Loss=0.6263	360.8 examples/second
2022-09-27 16:49:11,505 - INFO - [Step=24500]	Loss=0.6220	361.6 examples/second
2022-09-27 16:49:57,085 - INFO - Test Loss=0.6856, Test pred acc=0.7906, Test mean synset acc=0.8864
2022-09-27 16:49:57,086 - INFO - Error Depth: [  14.   40.  206.  294.  113.   79. 2754.]
2022-09-27 16:49:57,086 - INFO - Epoch time: 260.0864918231964
2022-09-27 16:49:57,086 - INFO - 
Epoch: 35
2022-09-27 16:49:57,087 - INFO - 
Learning Rate: 0.0100
2022-09-27 16:49:57,087 - INFO - Synset CE Weight: 0.0
Soft prediction CE Weight: 1.0
Outlier Exposure Weight: 0.0
2022-09-27 16:50:51,470 - INFO - [Step=24750]	Loss=0.6013	588.4 examples/second
2022-09-27 16:52:20,267 - INFO - [Step=25000]	Loss=0.6119	360.4 examples/second
2022-09-27 16:53:48,904 - INFO - [Step=25250]	Loss=0.6088	361.0 examples/second
2022-09-27 16:54:18,551 - INFO - Test Loss=0.6732, Test pred acc=0.7889, Test mean synset acc=0.8884
2022-09-27 16:54:18,552 - INFO - Error Depth: [  18.   39.  208.  281.  111.   85. 2758.]
2022-09-27 16:54:18,553 - INFO - Epoch time: 261.4661793708801
2022-09-27 16:54:18,553 - INFO - 
Epoch: 36
2022-09-27 16:54:18,553 - INFO - 
Learning Rate: 0.0100
2022-09-27 16:54:18,553 - INFO - Synset CE Weight: 0.0
Soft prediction CE Weight: 1.0
Outlier Exposure Weight: 0.0
2022-09-27 16:55:29,603 - INFO - [Step=25500]	Loss=0.6010	450.4 examples/second
2022-09-27 16:56:58,413 - INFO - [Step=25750]	Loss=0.6044	360.3 examples/second
2022-09-27 16:58:26,986 - INFO - [Step=26000]	Loss=0.5992	361.3 examples/second
2022-09-27 16:58:39,784 - INFO - Test Loss=0.6772, Test pred acc=0.7914, Test mean synset acc=0.8894
2022-09-27 16:58:39,785 - INFO - Error Depth: [  18.   39.  206.  287.  107.   80. 2763.]
2022-09-27 16:58:39,785 - INFO - Epoch time: 261.23260521888733
2022-09-27 16:58:39,786 - INFO - 
Epoch: 37
2022-09-27 16:58:39,786 - INFO - 
Learning Rate: 0.0100
2022-09-27 16:58:39,786 - INFO - Synset CE Weight: 0.0
Soft prediction CE Weight: 1.0
Outlier Exposure Weight: 0.0
2022-09-27 17:00:07,687 - INFO - [Step=26250]	Loss=0.5904	364.1 examples/second
2022-09-27 17:01:36,568 - INFO - [Step=26500]	Loss=0.5890	360.0 examples/second
2022-09-27 17:03:00,595 - INFO - Test Loss=0.6729, Test pred acc=0.7931, Test mean synset acc=0.8904
2022-09-27 17:03:00,596 - INFO - Error Depth: [  12.   46.  211.  285.  105.   76. 2765.]
2022-09-27 17:03:00,596 - INFO - Saving...
2022-09-27 17:03:01,103 - INFO - Epoch time: 261.3177909851074
2022-09-27 17:03:01,104 - INFO - 
Epoch: 38
2022-09-27 17:03:01,104 - INFO - 
Learning Rate: 0.0100
2022-09-27 17:03:01,104 - INFO - Synset CE Weight: 0.0
Soft prediction CE Weight: 1.0
Outlier Exposure Weight: 0.0
2022-09-27 17:03:16,681 - INFO - [Step=26750]	Loss=0.6017	2054.4 examples/second
2022-09-27 17:04:45,595 - INFO - [Step=27000]	Loss=0.5728	359.9 examples/second
2022-09-27 17:06:14,467 - INFO - [Step=27250]	Loss=0.5877	360.1 examples/second
2022-09-27 17:07:23,287 - INFO - Test Loss=0.6799, Test pred acc=0.7923, Test mean synset acc=0.8906
2022-09-27 17:07:23,288 - INFO - Error Depth: [  14.   52.  214.  278.  106.   76. 2760.]
2022-09-27 17:07:23,288 - INFO - Epoch time: 262.18458461761475
2022-09-27 17:07:23,288 - INFO - 
Epoch: 39
2022-09-27 17:07:23,288 - INFO - 
Learning Rate: 0.0100
2022-09-27 17:07:23,289 - INFO - Synset CE Weight: 0.0
Soft prediction CE Weight: 1.0
Outlier Exposure Weight: 0.0
2022-09-27 17:07:56,402 - INFO - [Step=27500]	Loss=0.5786	966.4 examples/second
2022-09-27 17:09:25,154 - INFO - [Step=27750]	Loss=0.5658	360.6 examples/second
2022-09-27 17:10:54,113 - INFO - [Step=28000]	Loss=0.5746	359.7 examples/second
2022-09-27 17:11:44,918 - INFO - Test Loss=0.6830, Test pred acc=0.7974, Test mean synset acc=0.8929
2022-09-27 17:11:44,919 - INFO - Error Depth: [  13.   44.  202.  277.  104.   75. 2785.]
2022-09-27 17:11:44,919 - INFO - Saving...
2022-09-27 17:11:45,417 - INFO - Epoch time: 262.1287863254547
2022-09-27 17:11:45,417 - INFO - 
Epoch: 40
2022-09-27 17:11:45,418 - INFO - 
Learning Rate: 0.0100
2022-09-27 17:11:45,418 - INFO - Synset CE Weight: 0.0
Soft prediction CE Weight: 1.0
Outlier Exposure Weight: 0.0
2022-09-27 17:12:34,878 - INFO - [Step=28250]	Loss=0.5521	647.0 examples/second
2022-09-27 17:14:03,932 - INFO - [Step=28500]	Loss=0.5726	359.3 examples/second
2022-09-27 17:15:32,956 - INFO - [Step=28750]	Loss=0.5771	359.5 examples/second
2022-09-27 17:16:07,476 - INFO - Test Loss=0.6882, Test pred acc=0.7903, Test mean synset acc=0.8871
2022-09-27 17:16:07,477 - INFO - Error Depth: [  15.   43.  205.  290.  107.   82. 2758.]
2022-09-27 17:16:07,478 - INFO - Epoch time: 262.06017804145813
2022-09-27 17:16:07,478 - INFO - 
Epoch: 41
2022-09-27 17:16:07,478 - INFO - 
Learning Rate: 0.0100
2022-09-27 17:16:07,478 - INFO - Synset CE Weight: 0.0
Soft prediction CE Weight: 1.0
Outlier Exposure Weight: 0.0
2022-09-27 17:17:13,831 - INFO - [Step=29000]	Loss=0.5497	482.3 examples/second
2022-09-27 17:18:42,529 - INFO - [Step=29250]	Loss=0.5559	360.8 examples/second
2022-09-27 17:20:11,137 - INFO - [Step=29500]	Loss=0.5597	361.1 examples/second
2022-09-27 17:20:28,771 - INFO - Test Loss=0.6827, Test pred acc=0.7929, Test mean synset acc=0.8889
2022-09-27 17:20:28,772 - INFO - Error Depth: [  18.   37.  201.  294.  113.   73. 2764.]
2022-09-27 17:20:28,772 - INFO - Epoch time: 261.29415249824524
2022-09-27 17:20:28,772 - INFO - 
Epoch: 42
2022-09-27 17:20:28,772 - INFO - 
Learning Rate: 0.0100
2022-09-27 17:20:28,772 - INFO - Synset CE Weight: 0.0
Soft prediction CE Weight: 1.0
Outlier Exposure Weight: 0.0
2022-09-27 17:21:51,417 - INFO - [Step=29750]	Loss=0.5427	387.2 examples/second
2022-09-27 17:23:20,244 - INFO - [Step=30000]	Loss=0.5529	360.3 examples/second
2022-09-27 17:24:49,792 - INFO - Test Loss=0.6888, Test pred acc=0.7840, Test mean synset acc=0.8857
2022-09-27 17:24:49,792 - INFO - Error Depth: [  13.   44.  208.  293.  118.   83. 2741.]
2022-09-27 17:24:49,793 - INFO - Epoch time: 261.020676612854
2022-09-27 17:24:49,793 - INFO - 
Epoch: 43
2022-09-27 17:24:49,793 - INFO - 
Learning Rate: 0.0100
2022-09-27 17:24:49,793 - INFO - Synset CE Weight: 0.0
Soft prediction CE Weight: 1.0
Outlier Exposure Weight: 0.0
2022-09-27 17:25:00,034 - INFO - [Step=30250]	Loss=0.5429	3125.0 examples/second
2022-09-27 17:26:28,970 - INFO - [Step=30500]	Loss=0.5467	359.8 examples/second
2022-09-27 17:27:57,716 - INFO - [Step=30750]	Loss=0.5486	360.6 examples/second
2022-09-27 17:29:10,941 - INFO - Test Loss=0.6941, Test pred acc=0.7983, Test mean synset acc=0.8944
2022-09-27 17:29:10,942 - INFO - Error Depth: [  14.   50.  205.  266.  108.   70. 2787.]
2022-09-27 17:29:10,942 - INFO - Saving...
2022-09-27 17:29:11,487 - INFO - Epoch time: 261.69439005851746
2022-09-27 17:29:11,487 - INFO - 
Epoch: 44
2022-09-27 17:29:11,487 - INFO - 
Learning Rate: 0.0100
2022-09-27 17:29:11,488 - INFO - Synset CE Weight: 0.0
Soft prediction CE Weight: 1.0
Outlier Exposure Weight: 0.0
2022-09-27 17:29:38,144 - INFO - [Step=31000]	Loss=0.5356	1200.5 examples/second
2022-09-27 17:31:07,214 - INFO - [Step=31250]	Loss=0.5263	359.3 examples/second
2022-09-27 17:32:36,298 - INFO - [Step=31500]	Loss=0.5403	359.2 examples/second
2022-09-27 17:33:32,959 - INFO - Test Loss=0.6865, Test pred acc=0.7969, Test mean synset acc=0.8924
2022-09-27 17:33:32,959 - INFO - Error Depth: [  16.   39.  206.  288.  101.   71. 2779.]
2022-09-27 17:33:32,960 - INFO - Epoch time: 261.4721896648407
2022-09-27 17:33:32,960 - INFO - 
Epoch: 45
2022-09-27 17:33:32,960 - INFO - 
Learning Rate: 0.0100
2022-09-27 17:33:32,960 - INFO - Synset CE Weight: 0.0
Soft prediction CE Weight: 1.0
Outlier Exposure Weight: 0.0
2022-09-27 17:34:16,570 - INFO - [Step=31750]	Loss=0.5274	733.8 examples/second
2022-09-27 17:35:45,208 - INFO - [Step=32000]	Loss=0.5430	361.0 examples/second
2022-09-27 17:37:14,283 - INFO - [Step=32250]	Loss=0.5433	359.3 examples/second
2022-09-27 17:37:54,964 - INFO - Test Loss=0.6871, Test pred acc=0.7931, Test mean synset acc=0.8901
2022-09-27 17:37:54,965 - INFO - Error Depth: [  17.   45.  198.  290.  105.   78. 2767.]
2022-09-27 17:37:54,965 - INFO - Epoch time: 262.0056736469269
2022-09-27 17:37:54,965 - INFO - 
Epoch: 46
2022-09-27 17:37:54,966 - INFO - 
Learning Rate: 0.0100
2022-09-27 17:37:54,966 - INFO - Synset CE Weight: 0.0
Soft prediction CE Weight: 1.0
Outlier Exposure Weight: 0.0
2022-09-27 17:38:56,007 - INFO - [Step=32500]	Loss=0.5180	524.2 examples/second
2022-09-27 17:40:24,891 - INFO - [Step=32750]	Loss=0.5285	360.0 examples/second
2022-09-27 17:41:53,881 - INFO - [Step=33000]	Loss=0.5355	359.6 examples/second
2022-09-27 17:42:17,029 - INFO - Test Loss=0.6976, Test pred acc=0.7926, Test mean synset acc=0.8915
2022-09-27 17:42:17,030 - INFO - Error Depth: [  14.   48.  197.  291.  106.   74. 2770.]
2022-09-27 17:42:17,030 - INFO - Epoch time: 262.0645098686218
2022-09-27 17:42:17,030 - INFO - 
Epoch: 47
2022-09-27 17:42:17,030 - INFO - 
Learning Rate: 0.0100
2022-09-27 17:42:17,030 - INFO - Synset CE Weight: 0.0
Soft prediction CE Weight: 1.0
Outlier Exposure Weight: 0.0
2022-09-27 17:43:33,787 - INFO - [Step=33250]	Loss=0.5207	416.9 examples/second
2022-09-27 17:45:02,450 - INFO - [Step=33500]	Loss=0.5189	360.9 examples/second
2022-09-27 17:46:37,465 - INFO - Test Loss=0.6970, Test pred acc=0.7923, Test mean synset acc=0.8912
2022-09-27 17:46:37,466 - INFO - Error Depth: [  13.   36.  211.  280.  105.   78. 2777.]
2022-09-27 17:46:37,466 - INFO - Epoch time: 260.43617486953735
2022-09-27 17:46:37,466 - INFO - 
Epoch: 48
2022-09-27 17:46:37,467 - INFO - 
Learning Rate: 0.0100
2022-09-27 17:46:37,467 - INFO - Synset CE Weight: 0.0
Soft prediction CE Weight: 1.0
Outlier Exposure Weight: 0.0
2022-09-27 17:46:42,443 - INFO - [Step=33750]	Loss=0.5323	6432.3 examples/second
2022-09-27 17:48:11,198 - INFO - [Step=34000]	Loss=0.5098	360.5 examples/second
2022-09-27 17:49:40,274 - INFO - [Step=34250]	Loss=0.5237	359.2 examples/second
2022-09-27 17:50:58,843 - INFO - Test Loss=0.7114, Test pred acc=0.7909, Test mean synset acc=0.8887
2022-09-27 17:50:58,844 - INFO - Error Depth: [  13.   49.  209.  285.  111.   73. 2760.]
2022-09-27 17:50:58,844 - INFO - Epoch time: 261.3779878616333
2022-09-27 17:50:58,845 - INFO - 
Epoch: 49
2022-09-27 17:50:58,845 - INFO - 
Learning Rate: 0.0100
2022-09-27 17:50:58,845 - INFO - Synset CE Weight: 0.0
Soft prediction CE Weight: 1.0
Outlier Exposure Weight: 0.0
2022-09-27 17:51:19,978 - INFO - [Step=34500]	Loss=0.5056	1514.3 examples/second
2022-09-27 17:52:48,864 - INFO - [Step=34750]	Loss=0.5083	360.0 examples/second
2022-09-27 17:54:17,633 - INFO - [Step=35000]	Loss=0.5201	360.5 examples/second
2022-09-27 17:55:19,608 - INFO - Test Loss=0.7294, Test pred acc=0.7874, Test mean synset acc=0.8876
2022-09-27 17:55:19,609 - INFO - Error Depth: [  14.   48.  211.  289.  111.   79. 2748.]
2022-09-27 17:55:19,609 - INFO - Epoch time: 260.76440238952637
2022-09-27 17:55:19,609 - INFO - 
Epoch: 50
2022-09-27 17:55:19,609 - INFO - 
Learning Rate: 0.0100
2022-09-27 17:55:19,609 - INFO - Synset CE Weight: 0.0
Soft prediction CE Weight: 1.0
Outlier Exposure Weight: 0.0
2022-09-27 17:55:57,547 - INFO - [Step=35250]	Loss=0.4946	843.5 examples/second
2022-09-27 17:57:26,327 - INFO - [Step=35500]	Loss=0.5077	360.4 examples/second
2022-09-27 17:58:55,108 - INFO - [Step=35750]	Loss=0.5150	360.4 examples/second
2022-09-27 17:59:40,097 - INFO - Test Loss=0.7016, Test pred acc=0.7980, Test mean synset acc=0.8948
2022-09-27 17:59:40,097 - INFO - Error Depth: [  16.   49.  191.  277.  104.   75. 2788.]
2022-09-27 17:59:40,098 - INFO - Epoch time: 260.4885473251343
2022-09-27 17:59:40,098 - INFO - 
Epoch: 51
2022-09-27 17:59:40,098 - INFO - 
Learning Rate: 0.0100
2022-09-27 17:59:40,098 - INFO - Synset CE Weight: 0.0
Soft prediction CE Weight: 1.0
Outlier Exposure Weight: 0.0
2022-09-27 18:00:35,208 - INFO - [Step=36000]	Loss=0.4931	580.7 examples/second
2022-09-27 18:02:03,698 - INFO - [Step=36250]	Loss=0.4958	361.6 examples/second
2022-09-27 18:03:32,683 - INFO - [Step=36500]	Loss=0.5082	359.6 examples/second
2022-09-27 18:04:01,484 - INFO - Test Loss=0.7088, Test pred acc=0.7914, Test mean synset acc=0.8890
2022-09-27 18:04:01,485 - INFO - Error Depth: [  14.   43.  196.  286.  117.   79. 2765.]
2022-09-27 18:04:01,486 - INFO - Epoch time: 261.38784408569336
2022-09-27 18:04:01,486 - INFO - 
Epoch: 52
2022-09-27 18:04:01,486 - INFO - 
Learning Rate: 0.0100
2022-09-27 18:04:01,486 - INFO - Synset CE Weight: 0.0
Soft prediction CE Weight: 1.0
Outlier Exposure Weight: 0.0
2022-09-27 18:05:13,190 - INFO - [Step=36750]	Loss=0.4893	446.3 examples/second
2022-09-27 18:06:42,006 - INFO - [Step=37000]	Loss=0.5029	360.3 examples/second
2022-09-27 18:08:11,679 - INFO - [Step=37250]	Loss=0.5010	356.9 examples/second
2022-09-27 18:08:24,098 - INFO - Test Loss=0.7124, Test pred acc=0.7863, Test mean synset acc=0.8884
2022-09-27 18:08:24,099 - INFO - Error Depth: [  19.   47.  198.  298.  112.   76. 2750.]
2022-09-27 18:08:24,099 - INFO - Epoch time: 262.6134169101715
2022-09-27 18:08:24,099 - INFO - 
Epoch: 53
2022-09-27 18:08:24,099 - INFO - 
Learning Rate: 0.0100
2022-09-27 18:08:24,099 - INFO - Synset CE Weight: 0.0
Soft prediction CE Weight: 1.0
Outlier Exposure Weight: 0.0
2022-09-27 18:09:52,873 - INFO - [Step=37500]	Loss=0.4818	360.5 examples/second
2022-09-27 18:11:21,895 - INFO - [Step=37750]	Loss=0.5022	359.5 examples/second
2022-09-27 18:12:45,778 - INFO - Test Loss=0.7025, Test pred acc=0.7983, Test mean synset acc=0.8937
2022-09-27 18:12:45,779 - INFO - Error Depth: [  12.   49.  195.  272.  110.   73. 2789.]
2022-09-27 18:12:45,779 - INFO - Epoch time: 261.67996191978455
2022-09-27 18:12:45,779 - INFO - 
Epoch: 54
2022-09-27 18:12:45,779 - INFO - 
Learning Rate: 0.0100
2022-09-27 18:12:45,779 - INFO - Synset CE Weight: 0.0
Soft prediction CE Weight: 1.0
Outlier Exposure Weight: 0.0
2022-09-27 18:13:01,869 - INFO - [Step=38000]	Loss=0.4773	1988.9 examples/second
2022-09-27 18:14:30,331 - INFO - [Step=38250]	Loss=0.4870	361.7 examples/second
2022-09-27 18:15:58,978 - INFO - [Step=38500]	Loss=0.4919	361.0 examples/second
2022-09-27 18:17:05,703 - INFO - Test Loss=0.7226, Test pred acc=0.7891, Test mean synset acc=0.8888
2022-09-27 18:17:05,704 - INFO - Error Depth: [  20.   46.  189.  306.  110.   77. 2752.]
2022-09-27 18:17:05,704 - INFO - Epoch time: 259.9250953197479
2022-09-27 18:17:05,704 - INFO - 
Epoch: 55
2022-09-27 18:17:05,705 - INFO - 
Learning Rate: 0.0100
2022-09-27 18:17:05,705 - INFO - Synset CE Weight: 0.0
Soft prediction CE Weight: 1.0
Outlier Exposure Weight: 0.0
2022-09-27 18:17:38,579 - INFO - [Step=38750]	Loss=0.4901	973.4 examples/second
2022-09-27 18:19:07,250 - INFO - [Step=39000]	Loss=0.4788	360.9 examples/second
2022-09-27 18:20:36,084 - INFO - [Step=39250]	Loss=0.4919	360.2 examples/second
2022-09-27 18:21:26,193 - INFO - Test Loss=0.7125, Test pred acc=0.7886, Test mean synset acc=0.8891
2022-09-27 18:21:26,194 - INFO - Error Depth: [  15.   43.  208.  295.  108.   78. 2753.]
2022-09-27 18:21:26,194 - INFO - Epoch time: 260.4896366596222
2022-09-27 18:21:26,194 - INFO - 
Epoch: 56
2022-09-27 18:21:26,194 - INFO - 
Learning Rate: 0.0100
2022-09-27 18:21:26,194 - INFO - Synset CE Weight: 0.0
Soft prediction CE Weight: 1.0
Outlier Exposure Weight: 0.0
2022-09-27 18:22:16,121 - INFO - [Step=39500]	Loss=0.4804	641.0 examples/second
2022-09-27 18:23:44,863 - INFO - [Step=39750]	Loss=0.4868	360.6 examples/second
2022-09-27 18:25:13,716 - INFO - [Step=40000]	Loss=0.4819	360.1 examples/second
2022-09-27 18:25:47,264 - INFO - Test Loss=0.7138, Test pred acc=0.7914, Test mean synset acc=0.8912
2022-09-27 18:25:47,265 - INFO - Error Depth: [  13.   47.  199.  288.  110.   78. 2765.]
2022-09-27 18:25:47,265 - INFO - Epoch time: 261.07056498527527
2022-09-27 18:25:47,265 - INFO - 
Epoch: 57
2022-09-27 18:25:47,265 - INFO - 
Learning Rate: 0.0100
2022-09-27 18:25:47,265 - INFO - Synset CE Weight: 0.0
Soft prediction CE Weight: 1.0
Outlier Exposure Weight: 0.0
2022-09-27 18:26:53,810 - INFO - [Step=40250]	Loss=0.4826	480.9 examples/second
2022-09-27 18:28:22,466 - INFO - [Step=40500]	Loss=0.4684	360.9 examples/second
2022-09-27 18:29:51,263 - INFO - [Step=40750]	Loss=0.4861	360.4 examples/second
2022-09-27 18:30:08,131 - INFO - Test Loss=0.7508, Test pred acc=0.7837, Test mean synset acc=0.8866
2022-09-27 18:30:08,131 - INFO - Error Depth: [  27.   49.  215.  290.  111.   69. 2739.]
2022-09-27 18:30:08,132 - INFO - Epoch time: 260.86671209335327
2022-09-27 18:30:08,132 - INFO - 
Epoch: 58
2022-09-27 18:30:08,132 - INFO - 
Learning Rate: 0.0100
2022-09-27 18:30:08,132 - INFO - Synset CE Weight: 0.0
Soft prediction CE Weight: 1.0
Outlier Exposure Weight: 0.0
2022-09-27 18:31:31,629 - INFO - [Step=41000]	Loss=0.4641	383.3 examples/second
2022-09-27 18:33:00,298 - INFO - [Step=41250]	Loss=0.4775	360.9 examples/second
2022-09-27 18:34:29,847 - INFO - Test Loss=0.7271, Test pred acc=0.7880, Test mean synset acc=0.8875
2022-09-27 18:34:29,848 - INFO - Error Depth: [  13.   36.  208.  300.  109.   77. 2757.]
2022-09-27 18:34:29,848 - INFO - Epoch time: 261.7163805961609
2022-09-27 18:34:29,848 - INFO - 
Epoch: 59
2022-09-27 18:34:29,848 - INFO - 
Learning Rate: 0.0010
2022-09-27 18:34:29,848 - INFO - Synset CE Weight: 0.0
Soft prediction CE Weight: 1.0
Outlier Exposure Weight: 0.0
2022-09-27 18:34:41,142 - INFO - [Step=41500]	Loss=0.4535	2833.8 examples/second
2022-09-27 18:36:10,302 - INFO - [Step=41750]	Loss=0.4260	358.9 examples/second
2022-09-27 18:37:38,844 - INFO - [Step=42000]	Loss=0.4237	361.4 examples/second
2022-09-27 18:38:52,025 - INFO - Test Loss=0.6792, Test pred acc=0.7991, Test mean synset acc=0.8933
2022-09-27 18:38:52,026 - INFO - Error Depth: [  15.   41.  179.  302.  100.   74. 2789.]
2022-09-27 18:38:52,026 - INFO - Saving...
2022-09-27 18:38:52,475 - INFO - Epoch time: 262.62691473960876
2022-09-27 18:38:52,475 - INFO - 
Epoch: 60
2022-09-27 18:38:52,475 - INFO - 
Learning Rate: 0.0010
2022-09-27 18:38:52,476 - INFO - Synset CE Weight: 0.0
Soft prediction CE Weight: 1.0
Outlier Exposure Weight: 0.0
2022-09-27 18:39:20,458 - INFO - [Step=42250]	Loss=0.4218	1143.6 examples/second
2022-09-27 18:40:49,401 - INFO - [Step=42500]	Loss=0.4029	359.8 examples/second
2022-09-27 18:42:17,902 - INFO - [Step=42750]	Loss=0.4083	361.6 examples/second
2022-09-27 18:43:14,398 - INFO - Test Loss=0.6820, Test pred acc=0.7991, Test mean synset acc=0.8936
2022-09-27 18:43:14,399 - INFO - Error Depth: [  14.   41.  184.  292.  109.   68. 2792.]
2022-09-27 18:43:14,399 - INFO - Epoch time: 261.92341566085815
2022-09-27 18:43:14,399 - INFO - 
Epoch: 61
2022-09-27 18:43:14,399 - INFO - 
Learning Rate: 0.0010
2022-09-27 18:43:14,399 - INFO - Synset CE Weight: 0.0
Soft prediction CE Weight: 1.0
Outlier Exposure Weight: 0.0
2022-09-27 18:43:58,630 - INFO - [Step=43000]	Loss=0.3984	723.5 examples/second
2022-09-27 18:45:27,681 - INFO - [Step=43250]	Loss=0.3999	359.3 examples/second
2022-09-27 18:46:56,275 - INFO - [Step=43500]	Loss=0.3937	361.2 examples/second
2022-09-27 18:47:35,459 - INFO - Test Loss=0.6859, Test pred acc=0.7994, Test mean synset acc=0.8941
2022-09-27 18:47:35,460 - INFO - Error Depth: [  16.   42.  183.  293.  104.   69. 2793.]
2022-09-27 18:47:35,460 - INFO - Saving...
2022-09-27 18:47:36,001 - INFO - Epoch time: 261.6020278930664
2022-09-27 18:47:36,001 - INFO - 
Epoch: 62
2022-09-27 18:47:36,001 - INFO - 
Learning Rate: 0.0010
2022-09-27 18:47:36,001 - INFO - Synset CE Weight: 0.0
Soft prediction CE Weight: 1.0
Outlier Exposure Weight: 0.0
2022-09-27 18:48:36,785 - INFO - [Step=43750]	Loss=0.3986	526.5 examples/second
2022-09-27 18:50:05,659 - INFO - [Step=44000]	Loss=0.3964	360.1 examples/second
2022-09-27 18:51:34,490 - INFO - [Step=44250]	Loss=0.3938	360.2 examples/second
2022-09-27 18:51:56,989 - INFO - Test Loss=0.6843, Test pred acc=0.8006, Test mean synset acc=0.8943
2022-09-27 18:51:56,990 - INFO - Error Depth: [  14.   44.  186.  292.  104.   66. 2794.]
2022-09-27 18:51:56,990 - INFO - Saving...
2022-09-27 18:51:57,709 - INFO - Epoch time: 261.70809149742126
2022-09-27 18:51:57,710 - INFO - 
Epoch: 63
2022-09-27 18:51:57,710 - INFO - 
Learning Rate: 0.0010
2022-09-27 18:51:57,710 - INFO - Synset CE Weight: 0.0
Soft prediction CE Weight: 1.0
Outlier Exposure Weight: 0.0
2022-09-27 18:53:15,354 - INFO - [Step=44500]	Loss=0.3871	412.1 examples/second
2022-09-27 18:54:44,049 - INFO - [Step=44750]	Loss=0.3824	360.8 examples/second
2022-09-27 18:56:18,105 - INFO - Test Loss=0.6900, Test pred acc=0.8009, Test mean synset acc=0.8936
2022-09-27 18:56:18,106 - INFO - Error Depth: [  16.   44.  184.  287.  107.   71. 2791.]
2022-09-27 18:56:18,106 - INFO - Saving...
2022-09-27 18:56:18,844 - INFO - Epoch time: 261.1343083381653
2022-09-27 18:56:18,844 - INFO - 
Epoch: 64
2022-09-27 18:56:18,844 - INFO - 
Learning Rate: 0.0010
2022-09-27 18:56:18,844 - INFO - Synset CE Weight: 0.0
Soft prediction CE Weight: 1.0
Outlier Exposure Weight: 0.0
2022-09-27 18:56:24,268 - INFO - [Step=45000]	Loss=0.3982	5901.3 examples/second
2022-09-27 18:57:53,197 - INFO - [Step=45250]	Loss=0.3828	359.8 examples/second
2022-09-27 18:59:22,177 - INFO - [Step=45500]	Loss=0.3912	359.6 examples/second
2022-09-27 19:00:39,485 - INFO - Test Loss=0.6824, Test pred acc=0.7974, Test mean synset acc=0.8927
2022-09-27 19:00:39,486 - INFO - Error Depth: [  17.   40.  184.  290.  112.   72. 2785.]
2022-09-27 19:00:39,486 - INFO - Epoch time: 260.6423738002777
2022-09-27 19:00:39,487 - INFO - 
Epoch: 65
2022-09-27 19:00:39,487 - INFO - 
Learning Rate: 0.0010
2022-09-27 19:00:39,487 - INFO - Synset CE Weight: 0.0
Soft prediction CE Weight: 1.0
Outlier Exposure Weight: 0.0
2022-09-27 19:01:01,575 - INFO - [Step=45750]	Loss=0.3719	1448.8 examples/second
2022-09-27 19:02:30,719 - INFO - [Step=46000]	Loss=0.3862	359.0 examples/second
2022-09-27 19:03:59,498 - INFO - [Step=46250]	Loss=0.3820	360.5 examples/second
2022-09-27 19:05:00,296 - INFO - Test Loss=0.6865, Test pred acc=0.8000, Test mean synset acc=0.8940
2022-09-27 19:05:00,297 - INFO - Error Depth: [  13.   39.  185.  291.  105.   68. 2799.]
2022-09-27 19:05:00,297 - INFO - Epoch time: 260.810804605484
2022-09-27 19:05:00,298 - INFO - 
Epoch: 66
2022-09-27 19:05:00,298 - INFO - 
Learning Rate: 0.0010
2022-09-27 19:05:00,298 - INFO - Synset CE Weight: 0.0
Soft prediction CE Weight: 1.0
Outlier Exposure Weight: 0.0
2022-09-27 19:05:39,011 - INFO - [Step=46500]	Loss=0.3859	826.6 examples/second
2022-09-27 19:07:08,260 - INFO - [Step=46750]	Loss=0.3750	358.5 examples/second
2022-09-27 19:08:37,492 - INFO - [Step=47000]	Loss=0.3834	358.6 examples/second
2022-09-27 19:09:22,776 - INFO - Test Loss=0.6864, Test pred acc=0.8026, Test mean synset acc=0.8947
2022-09-27 19:09:22,777 - INFO - Error Depth: [  13.   37.  185.  287.  105.   70. 2803.]
2022-09-27 19:09:22,777 - INFO - Saving...
2022-09-27 19:09:23,294 - INFO - Epoch time: 262.99685621261597
2022-09-27 19:09:23,295 - INFO - 
Epoch: 67
2022-09-27 19:09:23,295 - INFO - 
Learning Rate: 0.0010
2022-09-27 19:09:23,295 - INFO - Synset CE Weight: 0.0
Soft prediction CE Weight: 1.0
Outlier Exposure Weight: 0.0
2022-09-27 19:10:19,268 - INFO - [Step=47250]	Loss=0.3793	571.7 examples/second
2022-09-27 19:11:48,393 - INFO - [Step=47500]	Loss=0.3768	359.0 examples/second
2022-09-27 19:13:17,031 - INFO - [Step=47750]	Loss=0.3800	361.0 examples/second
2022-09-27 19:13:44,501 - INFO - Test Loss=0.6920, Test pred acc=0.7983, Test mean synset acc=0.8925
2022-09-27 19:13:44,502 - INFO - Error Depth: [  13.   45.  171.  300.  107.   74. 2790.]
2022-09-27 19:13:44,502 - INFO - Epoch time: 261.20751547813416
2022-09-27 19:13:44,502 - INFO - 
Epoch: 68
2022-09-27 19:13:44,502 - INFO - 
Learning Rate: 0.0010
2022-09-27 19:13:44,503 - INFO - Synset CE Weight: 0.0
Soft prediction CE Weight: 1.0
Outlier Exposure Weight: 0.0
2022-09-27 19:14:56,766 - INFO - [Step=48000]	Loss=0.3687	442.8 examples/second
2022-09-27 19:16:25,767 - INFO - [Step=48250]	Loss=0.3697	359.5 examples/second
2022-09-27 19:17:54,269 - INFO - [Step=48500]	Loss=0.3803	361.6 examples/second
2022-09-27 19:18:05,297 - INFO - Test Loss=0.6906, Test pred acc=0.7997, Test mean synset acc=0.8939
2022-09-27 19:18:05,298 - INFO - Error Depth: [  16.   38.  173.  294.  111.   69. 2799.]
2022-09-27 19:18:05,298 - INFO - Epoch time: 260.79602432250977
2022-09-27 19:18:05,298 - INFO - 
Epoch: 69
2022-09-27 19:18:05,299 - INFO - 
Learning Rate: 0.0010
2022-09-27 19:18:05,299 - INFO - Synset CE Weight: 0.0
Soft prediction CE Weight: 1.0
Outlier Exposure Weight: 0.0
2022-09-27 19:19:34,571 - INFO - [Step=48750]	Loss=0.3729	358.5 examples/second
2022-09-27 19:21:03,358 - INFO - [Step=49000]	Loss=0.3637	360.4 examples/second
2022-09-27 19:22:26,208 - INFO - Test Loss=0.7018, Test pred acc=0.7971, Test mean synset acc=0.8933
2022-09-27 19:22:26,209 - INFO - Error Depth: [  15.   41.  180.  305.  103.   73. 2783.]
2022-09-27 19:22:26,209 - INFO - Epoch time: 260.9106113910675
2022-09-27 19:22:26,209 - INFO - 
Epoch: 70
2022-09-27 19:22:26,209 - INFO - 
Learning Rate: 0.0010
2022-09-27 19:22:26,209 - INFO - Synset CE Weight: 0.0
Soft prediction CE Weight: 1.0
Outlier Exposure Weight: 0.0
2022-09-27 19:22:43,359 - INFO - [Step=49250]	Loss=0.3611	1866.1 examples/second
2022-09-27 19:24:12,250 - INFO - [Step=49500]	Loss=0.3749	360.0 examples/second
2022-09-27 19:25:41,041 - INFO - [Step=49750]	Loss=0.3709	360.4 examples/second
2022-09-27 19:26:47,076 - INFO - Test Loss=0.7012, Test pred acc=0.8006, Test mean synset acc=0.8943
2022-09-27 19:26:47,077 - INFO - Error Depth: [  14.   36.  182.  292.  104.   68. 2804.]
2022-09-27 19:26:47,077 - INFO - Epoch time: 260.8680651187897
2022-09-27 19:26:47,077 - INFO - 
Epoch: 71
2022-09-27 19:26:47,077 - INFO - 
Learning Rate: 0.0010
2022-09-27 19:26:47,077 - INFO - Synset CE Weight: 0.0
Soft prediction CE Weight: 1.0
Outlier Exposure Weight: 0.0
2022-09-27 19:27:20,332 - INFO - [Step=50000]	Loss=0.3590	962.3 examples/second
2022-09-27 19:28:49,366 - INFO - [Step=50250]	Loss=0.3730	359.4 examples/second
2022-09-27 19:30:18,160 - INFO - [Step=50500]	Loss=0.3716	360.4 examples/second
2022-09-27 19:31:07,927 - INFO - Test Loss=0.7015, Test pred acc=0.7974, Test mean synset acc=0.8935
2022-09-27 19:31:07,928 - INFO - Error Depth: [  17.   42.  182.  296.  104.   69. 2790.]
2022-09-27 19:31:07,928 - INFO - Epoch time: 260.8509290218353
2022-09-27 19:31:07,928 - INFO - 
Epoch: 72
2022-09-27 19:31:07,928 - INFO - 
Learning Rate: 0.0010
2022-09-27 19:31:07,929 - INFO - Synset CE Weight: 0.0
Soft prediction CE Weight: 1.0
Outlier Exposure Weight: 0.0
2022-09-27 19:31:58,122 - INFO - [Step=50750]	Loss=0.3771	637.6 examples/second
2022-09-27 19:33:27,024 - INFO - [Step=51000]	Loss=0.3557	359.9 examples/second
2022-09-27 19:34:55,930 - INFO - [Step=51250]	Loss=0.3679	359.9 examples/second
2022-09-27 19:35:28,669 - INFO - Test Loss=0.6951, Test pred acc=0.8026, Test mean synset acc=0.8952
2022-09-27 19:35:28,670 - INFO - Error Depth: [  14.   37.  185.  282.  105.   70. 2807.]
2022-09-27 19:35:28,670 - INFO - Epoch time: 260.74139738082886
2022-09-27 19:35:28,670 - INFO - 
Epoch: 73
2022-09-27 19:35:28,670 - INFO - 
Learning Rate: 0.0010
2022-09-27 19:35:28,670 - INFO - Synset CE Weight: 0.0
Soft prediction CE Weight: 1.0
Outlier Exposure Weight: 0.0
2022-09-27 19:36:35,419 - INFO - [Step=51500]	Loss=0.3632	479.4 examples/second
2022-09-27 19:38:04,264 - INFO - [Step=51750]	Loss=0.3680	360.2 examples/second
2022-09-27 19:39:33,910 - INFO - [Step=52000]	Loss=0.3638	357.0 examples/second
2022-09-27 19:39:51,618 - INFO - Test Loss=0.7048, Test pred acc=0.7974, Test mean synset acc=0.8920
2022-09-27 19:39:51,619 - INFO - Error Depth: [  14.   36.  190.  298.  101.   74. 2787.]
2022-09-27 19:39:51,619 - INFO - Epoch time: 262.9489231109619
2022-09-27 19:39:51,619 - INFO - 
Epoch: 74
2022-09-27 19:39:51,619 - INFO - 
Learning Rate: 0.0010
2022-09-27 19:39:51,619 - INFO - Synset CE Weight: 0.0
Soft prediction CE Weight: 1.0
Outlier Exposure Weight: 0.0
2022-09-27 19:41:15,103 - INFO - [Step=52250]	Loss=0.3585	383.3 examples/second
2022-09-27 19:42:44,016 - INFO - [Step=52500]	Loss=0.3648	359.9 examples/second
2022-09-27 19:44:12,243 - INFO - Test Loss=0.7021, Test pred acc=0.8011, Test mean synset acc=0.8934
2022-09-27 19:44:12,244 - INFO - Error Depth: [  16.   37.  189.  283.  111.   70. 2794.]
2022-09-27 19:44:12,244 - INFO - Epoch time: 260.62514877319336
2022-09-27 19:44:12,244 - INFO - 
Epoch: 75
2022-09-27 19:44:12,244 - INFO - 
Learning Rate: 0.0010
2022-09-27 19:44:12,244 - INFO - Synset CE Weight: 0.0
Soft prediction CE Weight: 1.0
Outlier Exposure Weight: 0.0
2022-09-27 19:44:23,992 - INFO - [Step=52750]	Loss=0.3346	2724.0 examples/second
2022-09-27 19:45:52,740 - INFO - [Step=53000]	Loss=0.3566	360.6 examples/second
2022-09-27 19:47:21,475 - INFO - [Step=53250]	Loss=0.3559	360.6 examples/second
2022-09-27 19:48:33,080 - INFO - Test Loss=0.7080, Test pred acc=0.7983, Test mean synset acc=0.8923
2022-09-27 19:48:33,081 - INFO - Error Depth: [  16.   35.  188.  288.  110.   70. 2793.]
2022-09-27 19:48:33,081 - INFO - Epoch time: 260.8369081020355
2022-09-27 19:48:33,081 - INFO - 
Epoch: 76
2022-09-27 19:48:33,081 - INFO - 
Learning Rate: 0.0010
2022-09-27 19:48:33,081 - INFO - Synset CE Weight: 0.0
Soft prediction CE Weight: 1.0
Outlier Exposure Weight: 0.0
2022-09-27 19:49:01,521 - INFO - [Step=53500]	Loss=0.3501	1125.2 examples/second
2022-09-27 19:50:30,372 - INFO - [Step=53750]	Loss=0.3529	360.2 examples/second
2022-09-27 19:51:59,058 - INFO - [Step=54000]	Loss=0.3655	360.8 examples/second
2022-09-27 19:52:54,167 - INFO - Test Loss=0.7074, Test pred acc=0.7994, Test mean synset acc=0.8925
2022-09-27 19:52:54,167 - INFO - Error Depth: [  16.   35.  192.  290.  106.   72. 2789.]
2022-09-27 19:52:54,168 - INFO - Epoch time: 261.08650374412537
2022-09-27 19:52:54,168 - INFO - 
Epoch: 77
2022-09-27 19:52:54,168 - INFO - 
Learning Rate: 0.0010
2022-09-27 19:52:54,168 - INFO - Synset CE Weight: 0.0
Soft prediction CE Weight: 1.0
Outlier Exposure Weight: 0.0
2022-09-27 19:53:39,113 - INFO - [Step=54250]	Loss=0.3507	712.0 examples/second
2022-09-27 19:55:07,738 - INFO - [Step=54500]	Loss=0.3533	361.1 examples/second
2022-09-27 19:56:36,424 - INFO - [Step=54750]	Loss=0.3524	360.8 examples/second
2022-09-27 19:57:14,864 - INFO - Test Loss=0.7082, Test pred acc=0.7980, Test mean synset acc=0.8927
2022-09-27 19:57:14,865 - INFO - Error Depth: [  16.   37.  194.  293.  104.   70. 2786.]
2022-09-27 19:57:14,865 - INFO - Epoch time: 260.6975486278534
2022-09-27 19:57:14,865 - INFO - 
Epoch: 78
2022-09-27 19:57:14,865 - INFO - 
Learning Rate: 0.0010
2022-09-27 19:57:14,866 - INFO - Synset CE Weight: 0.0
Soft prediction CE Weight: 1.0
Outlier Exposure Weight: 0.0
2022-09-27 19:58:16,679 - INFO - [Step=55000]	Loss=0.3646	517.7 examples/second
2022-09-27 19:59:45,499 - INFO - [Step=55250]	Loss=0.3476	360.3 examples/second
2022-09-27 20:01:14,533 - INFO - [Step=55500]	Loss=0.3556	359.4 examples/second
2022-09-27 20:01:36,251 - INFO - Test Loss=0.7156, Test pred acc=0.7997, Test mean synset acc=0.8925
2022-09-27 20:01:36,252 - INFO - Error Depth: [  12.   36.  186.  296.  105.   72. 2793.]
2022-09-27 20:01:36,252 - INFO - Epoch time: 261.38660860061646
2022-09-27 20:01:36,252 - INFO - 
Epoch: 79
2022-09-27 20:01:36,252 - INFO - 
Learning Rate: 0.0010
2022-09-27 20:01:36,252 - INFO - Synset CE Weight: 0.0
Soft prediction CE Weight: 1.0
Outlier Exposure Weight: 0.0
2022-09-27 20:02:54,675 - INFO - [Step=55750]	Loss=0.3484	408.0 examples/second
2022-09-27 20:04:23,509 - INFO - [Step=56000]	Loss=0.3623	360.2 examples/second
2022-09-27 20:05:57,721 - INFO - Test Loss=0.7105, Test pred acc=0.7957, Test mean synset acc=0.8907
2022-09-27 20:05:57,722 - INFO - Error Depth: [  14.   42.  181.  303.  106.   74. 2780.]
2022-09-27 20:05:57,722 - INFO - Epoch time: 261.4702305793762
2022-09-27 20:05:57,722 - INFO - 
Epoch: 80
2022-09-27 20:05:57,722 - INFO - 
Learning Rate: 0.0010
2022-09-27 20:05:57,723 - INFO - Synset CE Weight: 0.0
Soft prediction CE Weight: 1.0
Outlier Exposure Weight: 0.0
2022-09-27 20:06:03,941 - INFO - [Step=56250]	Loss=0.3461	5147.4 examples/second
2022-09-27 20:07:32,637 - INFO - [Step=56500]	Loss=0.3537	360.8 examples/second
2022-09-27 20:09:01,575 - INFO - [Step=56750]	Loss=0.3503	359.8 examples/second
2022-09-27 20:10:19,955 - INFO - Test Loss=0.7084, Test pred acc=0.7980, Test mean synset acc=0.8918
2022-09-27 20:10:19,956 - INFO - Error Depth: [  16.   36.  185.  300.  103.   73. 2787.]
2022-09-27 20:10:19,956 - INFO - Epoch time: 262.2334749698639
2022-09-27 20:10:19,956 - INFO - 
Epoch: 81
2022-09-27 20:10:19,956 - INFO - 
Learning Rate: 0.0010
2022-09-27 20:10:19,956 - INFO - Synset CE Weight: 0.0
Soft prediction CE Weight: 1.0
Outlier Exposure Weight: 0.0
2022-09-27 20:10:43,526 - INFO - [Step=57000]	Loss=0.3299	1357.7 examples/second
2022-09-27 20:12:12,371 - INFO - [Step=57250]	Loss=0.3466	360.2 examples/second
2022-09-27 20:13:40,878 - INFO - [Step=57500]	Loss=0.3533	361.6 examples/second
2022-09-27 20:14:41,322 - INFO - Test Loss=0.7180, Test pred acc=0.7963, Test mean synset acc=0.8921
2022-09-27 20:14:41,323 - INFO - Error Depth: [  14.   39.  192.  301.   98.   72. 2784.]
2022-09-27 20:14:41,324 - INFO - Epoch time: 261.36756920814514
2022-09-27 20:14:41,324 - INFO - 
Epoch: 82
2022-09-27 20:14:41,324 - INFO - 
Learning Rate: 0.0010
2022-09-27 20:14:41,324 - INFO - Synset CE Weight: 0.0
Soft prediction CE Weight: 1.0
Outlier Exposure Weight: 0.0
2022-09-27 20:15:21,316 - INFO - [Step=57750]	Loss=0.3514	800.2 examples/second
2022-09-27 20:16:50,048 - INFO - [Step=58000]	Loss=0.3556	360.6 examples/second
2022-09-27 20:18:18,702 - INFO - [Step=58250]	Loss=0.3507	361.0 examples/second
2022-09-27 20:19:02,404 - INFO - Test Loss=0.7224, Test pred acc=0.7977, Test mean synset acc=0.8932
2022-09-27 20:19:02,405 - INFO - Error Depth: [  15.   34.  191.  285.  105.   73. 2797.]
2022-09-27 20:19:02,405 - INFO - Epoch time: 261.0812420845032
2022-09-27 20:19:02,405 - INFO - 
Epoch: 83
2022-09-27 20:19:02,405 - INFO - 
Learning Rate: 0.0010
2022-09-27 20:19:02,405 - INFO - Synset CE Weight: 0.0
Soft prediction CE Weight: 1.0
Outlier Exposure Weight: 0.0
2022-09-27 20:19:59,066 - INFO - [Step=58500]	Loss=0.3535	564.8 examples/second
2022-09-27 20:21:27,879 - INFO - [Step=58750]	Loss=0.3554	360.3 examples/second
2022-09-27 20:22:56,674 - INFO - [Step=59000]	Loss=0.3487	360.4 examples/second
2022-09-27 20:23:23,660 - INFO - Test Loss=0.7191, Test pred acc=0.7989, Test mean synset acc=0.8933
2022-09-27 20:23:23,661 - INFO - Error Depth: [  15.   41.  185.  290.  105.   72. 2792.]
2022-09-27 20:23:23,661 - INFO - Epoch time: 261.2558877468109
2022-09-27 20:23:23,661 - INFO - 
Epoch: 84
2022-09-27 20:23:23,661 - INFO - 
Learning Rate: 0.0010
2022-09-27 20:23:23,661 - INFO - Synset CE Weight: 0.0
Soft prediction CE Weight: 1.0
Outlier Exposure Weight: 0.0
2022-09-27 20:24:36,560 - INFO - [Step=59250]	Loss=0.3460	439.0 examples/second
2022-09-27 20:26:05,426 - INFO - [Step=59500]	Loss=0.3447	360.1 examples/second
2022-09-27 20:27:34,199 - INFO - [Step=59750]	Loss=0.3424	360.5 examples/second
2022-09-27 20:27:44,320 - INFO - Test Loss=0.7201, Test pred acc=0.7960, Test mean synset acc=0.8909
2022-09-27 20:27:44,321 - INFO - Error Depth: [  13.   35.  190.  293.  111.   74. 2784.]
2022-09-27 20:27:44,321 - INFO - Epoch time: 260.66017270088196
2022-09-27 20:27:44,321 - INFO - 
Epoch: 85
2022-09-27 20:27:44,321 - INFO - 
Learning Rate: 0.0010
2022-09-27 20:27:44,321 - INFO - Synset CE Weight: 0.0
Soft prediction CE Weight: 1.0
Outlier Exposure Weight: 0.0
2022-09-27 20:29:14,075 - INFO - [Step=60000]	Loss=0.3361	356.5 examples/second
2022-09-27 20:30:43,114 - INFO - [Step=60250]	Loss=0.3477	359.4 examples/second
2022-09-27 20:32:06,014 - INFO - Test Loss=0.7202, Test pred acc=0.8009, Test mean synset acc=0.8925
2022-09-27 20:32:06,015 - INFO - Error Depth: [  13.   35.  190.  291.  105.   73. 2793.]
2022-09-27 20:32:06,015 - INFO - Epoch time: 261.69346952438354
2022-09-27 20:32:06,015 - INFO - 
Epoch: 86
2022-09-27 20:32:06,015 - INFO - 
Learning Rate: 0.0010
2022-09-27 20:32:06,015 - INFO - Synset CE Weight: 0.0
Soft prediction CE Weight: 1.0
Outlier Exposure Weight: 0.0
2022-09-27 20:32:23,699 - INFO - [Step=60500]	Loss=0.3307	1809.6 examples/second
2022-09-27 20:33:52,783 - INFO - [Step=60750]	Loss=0.3436	359.2 examples/second
2022-09-27 20:35:21,475 - INFO - [Step=61000]	Loss=0.3492	360.8 examples/second
2022-09-27 20:36:26,889 - INFO - Test Loss=0.7250, Test pred acc=0.7986, Test mean synset acc=0.8930
2022-09-27 20:36:26,890 - INFO - Error Depth: [  14.   37.  185.  293.  105.   72. 2794.]
2022-09-27 20:36:26,890 - INFO - Epoch time: 260.87500834465027
2022-09-27 20:36:26,890 - INFO - 
Epoch: 87
2022-09-27 20:36:26,890 - INFO - 
Learning Rate: 0.0010
2022-09-27 20:36:26,890 - INFO - Synset CE Weight: 0.0
Soft prediction CE Weight: 1.0
Outlier Exposure Weight: 0.0
2022-09-27 20:37:01,454 - INFO - [Step=61250]	Loss=0.3243	925.9 examples/second
2022-09-27 20:38:30,347 - INFO - [Step=61500]	Loss=0.3383	360.0 examples/second
2022-09-27 20:40:00,050 - INFO - [Step=61750]	Loss=0.3452	356.7 examples/second
2022-09-27 20:40:49,663 - INFO - Test Loss=0.7287, Test pred acc=0.7994, Test mean synset acc=0.8924
2022-09-27 20:40:49,664 - INFO - Error Depth: [  15.   35.  189.  291.  106.   71. 2793.]
2022-09-27 20:40:49,664 - INFO - Epoch time: 262.77389216423035
2022-09-27 20:40:49,664 - INFO - 
Epoch: 88
2022-09-27 20:40:49,664 - INFO - 
Learning Rate: 0.0010
2022-09-27 20:40:49,664 - INFO - Synset CE Weight: 0.0
Soft prediction CE Weight: 1.0
Outlier Exposure Weight: 0.0
2022-09-27 20:41:40,412 - INFO - [Step=62000]	Loss=0.3338	630.6 examples/second
2022-09-27 20:43:09,518 - INFO - [Step=62250]	Loss=0.3328	359.1 examples/second
2022-09-27 20:44:38,277 - INFO - [Step=62500]	Loss=0.3429	360.5 examples/second
2022-09-27 20:45:10,443 - INFO - Test Loss=0.7256, Test pred acc=0.8011, Test mean synset acc=0.8925
2022-09-27 20:45:10,443 - INFO - Error Depth: [  13.   34.  188.  285.  109.   72. 2799.]
2022-09-27 20:45:10,444 - INFO - Epoch time: 260.7795569896698
2022-09-27 20:45:10,444 - INFO - 
Epoch: 89
2022-09-27 20:45:10,444 - INFO - 
Learning Rate: 0.0010
2022-09-27 20:45:10,444 - INFO - Synset CE Weight: 0.0
Soft prediction CE Weight: 1.0
Outlier Exposure Weight: 0.0
2022-09-27 20:46:18,185 - INFO - [Step=62750]	Loss=0.3451	472.4 examples/second
2022-09-27 20:47:46,970 - INFO - [Step=63000]	Loss=0.3325	360.4 examples/second
2022-09-27 20:49:15,431 - INFO - [Step=63250]	Loss=0.3421	361.7 examples/second
2022-09-27 20:49:30,889 - INFO - Test Loss=0.7305, Test pred acc=0.7951, Test mean synset acc=0.8909
2022-09-27 20:49:30,890 - INFO - Error Depth: [  14.   32.  199.  290.  108.   73. 2784.]
2022-09-27 20:49:30,890 - INFO - Epoch time: 260.4468183517456
2022-09-27 20:49:30,891 - INFO - Printing Final Accuracy + OOD Detection stats
2022-09-27 20:49:30,892 - INFO - Top 1 Accuracy:  Min: 0.8026; Max: 0.8026; Avg: 0.8026; Std: 0.0000; Len: 1
2022-09-27 20:49:30,892 - INFO - Top 5 Accuracy:  Min: 0.8947; Max: 0.8947; Avg: 0.8947; Std: 0.0000; Len: 1
