2022-04-28 10:33:34,667 - INFO - ==> Preparing data..
2022-04-28 10:33:34,969 - INFO - # ID Test: 4150
2022-04-28 10:33:34,969 - INFO - # OOD: 850
2022-04-28 10:33:34,998 - INFO - # iNaturalist: 10000
2022-04-28 10:33:35,025 - INFO - # SUN: 10000
2022-04-28 10:33:35,053 - INFO - # Places: 10000
2022-04-28 10:33:35,069 - INFO - # Textures: 5640
2022-04-28 10:33:35,071 - INFO - # coarseid-coarseood: 750
2022-04-28 10:33:35,072 - INFO - # coarseid-fineood: 100
2022-04-28 10:33:47,278 - INFO - Accuracy Results
2022-04-28 10:33:47,279 - INFO - Mean Synset Accuracy: 0.8594431281089783
2022-04-28 10:33:47,279 - INFO - Top-1 Accuracy: 0.7310843467712402
2022-04-28 10:33:47,279 - INFO - Pred Accuracy: 0.7380722761154175
2022-04-28 10:33:47,279 - INFO - Synset Accuracies:
2022-04-28 10:33:47,280 - INFO - [0.9780723  0.9346667  0.95529413 0.74       0.872      0.796
 0.936      0.936      0.9060465  0.992      0.812      0.94
 0.76       0.728      0.96       0.952      0.916      0.684
 0.88       0.788      0.684      0.82       0.668      0.888
 0.96      ]
2022-04-28 10:33:47,280 - INFO - Error Depth:
2022-04-28 10:33:47,280 - INFO - 	Num. Errors at Depth 0 = 42.0
2022-04-28 10:33:47,280 - INFO - 	Num. Errors at Depth 1 = 99.0
2022-04-28 10:33:47,280 - INFO - 	Num. Errors at Depth 2 = 327.0
2022-04-28 10:33:47,280 - INFO - 	Num. Errors at Depth 3 = 392.0
2022-04-28 10:33:47,280 - INFO - 	Num. Errors at Depth 4 = 156.0
2022-04-28 10:33:47,280 - INFO - 	Num. Errors at Depth 5 = 100.0
2022-04-28 10:33:47,280 - INFO - 	Num. Errors at Depth -1 = 3034.0
2022-04-28 10:33:47,280 - INFO - OOD Results
2022-04-28 10:33:58,445 - INFO - Computing OOD Statistics...
2022-04-28 10:34:17,106 - INFO - Computing OOD Statistics...
2022-04-28 10:34:40,730 - INFO - Computing OOD Statistics...
2022-04-28 10:34:58,628 - INFO - Computing OOD Statistics...
2022-04-28 10:35:09,256 - INFO - Computing OOD Statistics...
2022-04-28 10:35:12,477 - INFO - Computing OOD Statistics...
2022-04-28 10:35:14,400 - INFO - Computing OOD Statistics...
2022-04-28 10:35:14,439 - INFO - OOD Dataset: OOD
2022-04-28 10:35:14,439 - INFO - MSP AUROC Synset Performance
2022-04-28 10:35:14,439 - INFO - [-1, -1, -1, -1, -1, -1, -1, -1, -1, -1, -1, -1, -1, -1, -1, -1, -1, -1, -1, -1, -1, -1, -1, -1, -1, -0.0, 0.8236309000708718, 0.8504830616583984, 0.8844311835577604]
2022-04-28 10:35:14,439 - INFO - MSP TNR Synset Performance
2022-04-28 10:35:14,439 - INFO - [-1, -1, -1, -1, -1, -1, -1, -1, -1, -1, -1, -1, -1, -1, -1, -1, -1, -1, -1, -1, -1, -1, -1, -1, -1, 0.0, 0.19294117647058828, 0.3529411764705882, 0.4541176470588235]
2022-04-28 10:35:14,439 - INFO - MSP AUOUT Synset Performance
2022-04-28 10:35:14,439 - INFO - [-1, -1, -1, -1, -1, -1, -1, -1, -1, -1, -1, -1, -1, -1, -1, -1, -1, -1, -1, -1, -1, -1, -1, -1, -1, 0.09027322853919331, 0.42032514208294075, 0.512084739756422, 0.6169735295115933]
2022-04-28 10:35:14,439 - INFO - ODIN AUROC Synset Performance
2022-04-28 10:35:14,439 - INFO - [-1, -1, -1, -1, -1, -1, -1, -1, -1, -1, -1, -1, -1, -1, -1, -1, -1, -1, -1, -1, -1, -1, -1, -1, -1, -0.0, 0.5784541459957476, 0.5779642806520199, 0.5453233167965981]
2022-04-28 10:35:14,439 - INFO - ODIN TNR Synset Performance
2022-04-28 10:35:14,439 - INFO - [-1, -1, -1, -1, -1, -1, -1, -1, -1, -1, -1, -1, -1, -1, -1, -1, -1, -1, -1, -1, -1, -1, -1, -1, -1, 0.0, 0.13058823529411767, 0.03294117647058825, 0.08470588235294119]
2022-04-28 10:35:14,439 - INFO - ODIN AUOUT Synset Performance
2022-04-28 10:35:14,439 - INFO - [-1, -1, -1, -1, -1, -1, -1, -1, -1, -1, -1, -1, -1, -1, -1, -1, -1, -1, -1, -1, -1, -1, -1, -1, -1, 0.09027322853919331, 0.23040708396435455, 0.18371932168987395, 0.18468450054157742]
2022-04-28 10:35:14,439 - INFO - MSP Metrics using max activations accumulated across all appropriate synsets:
	AUROC -0.0
	TNR 0.0
	AUOUT 0.09027322853919331
2022-04-28 10:35:14,439 - INFO - ODIN Metrics using max activations accumulated across all appropriate synsets:
	AUROC -0.0
	TNR 0.0
	AUOUT 0.09027322853919331
2022-04-28 10:35:14,439 - INFO - MSP Metrics using max entropy along path:
	AUROC 0.8236309000708718
	TNR 0.19294117647058828
	AUOUT 0.42032514208294075
2022-04-28 10:35:14,439 - INFO - ODIN Metrics using max entropy along path:
	AUROC 0.5784541459957476
	TNR 0.13058823529411767
	AUOUT 0.23040708396435455
2022-04-28 10:35:14,440 - INFO - MSP Metrics using predicted activations:
	AUROC 0.8504830616583984
	TNR 0.3529411764705882
	AUOUT 0.512084739756422
2022-04-28 10:35:14,440 - INFO - ODIN Metrics using predicted activations:
	AUROC 0.5779642806520199
	TNR 0.03294117647058825
	AUOUT 0.18371932168987395
2022-04-28 10:35:14,440 - INFO - MSP Metrics using mean entropy along path:
	AUROC 0.8844311835577604
	TNR 0.4541176470588235
	AUOUT 0.6169735295115933
2022-04-28 10:35:14,440 - INFO - ODIN Metrics using mean entropy along path:
	AUROC 0.5453233167965981
	TNR 0.08470588235294119
	AUOUT 0.18468450054157742
2022-04-28 10:35:14,440 - INFO - MSP Metrics using min entropy along path:
	AUROC 0.904912827781715
	TNR 0.5611764705882353
	AUOUT 0.6610451781406943
2022-04-28 10:35:14,440 - INFO - ODIN Metrics using min entropy along path:
	AUROC 0.8824260807937632
	TNR 0.43529411764705883
	AUOUT 0.5373631603899794
2022-04-28 10:35:14,440 - INFO - OOD Path entropy min idx (msp): [0. 1. 2. 3. 4. 5.], [331 240 195  65  16   3]
2022-04-28 10:35:14,440 - INFO - OOD Path entropy min idx (odin): [0. 3. 4.], [822  11  17]
2022-04-28 10:35:14,440 - INFO - OOD Dataset: iNaturalist
2022-04-28 10:35:14,440 - INFO - MSP AUROC Synset Performance
2022-04-28 10:35:14,440 - INFO - [-1, -1, -1, -1, -1, -1, -1, -1, -1, -1, -1, -1, -1, -1, -1, -1, -1, -1, -1, -1, -1, -1, -1, -1, -1, -0.0, 0.8817864578313253, 0.8962780240963856, 0.896796795180723]
2022-04-28 10:35:14,440 - INFO - MSP TNR Synset Performance
2022-04-28 10:35:14,441 - INFO - [-1, -1, -1, -1, -1, -1, -1, -1, -1, -1, -1, -1, -1, -1, -1, -1, -1, -1, -1, -1, -1, -1, -1, -1, -1, 0.0, 0.3518, 0.4829, 0.4335]
2022-04-28 10:35:14,441 - INFO - MSP AUOUT Synset Performance
2022-04-28 10:35:14,441 - INFO - [-1, -1, -1, -1, -1, -1, -1, -1, -1, -1, -1, -1, -1, -1, -1, -1, -1, -1, -1, -1, -1, -1, -1, -1, -1, 0.4909583878783369, 0.9338158228472249, 0.9460920584849456, 0.9421124179277595]
2022-04-28 10:35:14,441 - INFO - ODIN AUROC Synset Performance
2022-04-28 10:35:14,441 - INFO - [-1, -1, -1, -1, -1, -1, -1, -1, -1, -1, -1, -1, -1, -1, -1, -1, -1, -1, -1, -1, -1, -1, -1, -1, -1, -0.0, 0.6777921686746988, 0.606203156626506, 0.5335839036144578]
2022-04-28 10:35:14,441 - INFO - ODIN TNR Synset Performance
2022-04-28 10:35:14,441 - INFO - [-1, -1, -1, -1, -1, -1, -1, -1, -1, -1, -1, -1, -1, -1, -1, -1, -1, -1, -1, -1, -1, -1, -1, -1, -1, 0.0, 0.3599, 0.01639999999999997, 0.2168]
2022-04-28 10:35:14,441 - INFO - ODIN AUOUT Synset Performance
2022-04-28 10:35:14,441 - INFO - [-1, -1, -1, -1, -1, -1, -1, -1, -1, -1, -1, -1, -1, -1, -1, -1, -1, -1, -1, -1, -1, -1, -1, -1, -1, 0.4909583878783369, 0.846622910249855, 0.7255672758222543, 0.7753571804256212]
2022-04-28 10:35:14,441 - INFO - MSP Metrics using max activations accumulated across all appropriate synsets:
	AUROC -0.0
	TNR 0.0
	AUOUT 0.4909583878783369
2022-04-28 10:35:14,441 - INFO - ODIN Metrics using max activations accumulated across all appropriate synsets:
	AUROC -0.0
	TNR 0.0
	AUOUT 0.4909583878783369
2022-04-28 10:35:14,441 - INFO - MSP Metrics using max entropy along path:
	AUROC 0.8817864578313253
	TNR 0.3518
	AUOUT 0.9338158228472249
2022-04-28 10:35:14,441 - INFO - ODIN Metrics using max entropy along path:
	AUROC 0.6777921686746988
	TNR 0.3599
	AUOUT 0.846622910249855
2022-04-28 10:35:14,441 - INFO - MSP Metrics using predicted activations:
	AUROC 0.8962780240963856
	TNR 0.4829
	AUOUT 0.9460920584849456
2022-04-28 10:35:14,441 - INFO - ODIN Metrics using predicted activations:
	AUROC 0.606203156626506
	TNR 0.01639999999999997
	AUOUT 0.7255672758222543
2022-04-28 10:35:14,441 - INFO - MSP Metrics using mean entropy along path:
	AUROC 0.896796795180723
	TNR 0.4335
	AUOUT 0.9421124179277595
2022-04-28 10:35:14,441 - INFO - ODIN Metrics using mean entropy along path:
	AUROC 0.5335839036144578
	TNR 0.2168
	AUOUT 0.7753571804256212
2022-04-28 10:35:14,441 - INFO - MSP Metrics using min entropy along path:
	AUROC 0.81787421686747
	TNR 0.18400000000000005
	AUOUT 0.8788587444548269
2022-04-28 10:35:14,441 - INFO - ODIN Metrics using min entropy along path:
	AUROC 0.7017037831325301
	TNR 0.06989999999999996
	AUOUT 0.7944301731948082
2022-04-28 10:35:14,442 - INFO - OOD Path entropy min idx (msp): [0. 1. 2. 3. 4. 5.], [7423  546  892  961  168   10]
2022-04-28 10:35:14,442 - INFO - OOD Path entropy min idx (odin): [0. 3. 4.], [9071  802  127]
2022-04-28 10:35:14,442 - INFO - OOD Dataset: SUN
2022-04-28 10:35:14,442 - INFO - MSP AUROC Synset Performance
2022-04-28 10:35:14,442 - INFO - [-1, -1, -1, -1, -1, -1, -1, -1, -1, -1, -1, -1, -1, -1, -1, -1, -1, -1, -1, -1, -1, -1, -1, -1, -1, -0.0, 0.8801913012048193, 0.9072939277108434, 0.9119708915662651]
2022-04-28 10:35:14,442 - INFO - MSP TNR Synset Performance
2022-04-28 10:35:14,442 - INFO - [-1, -1, -1, -1, -1, -1, -1, -1, -1, -1, -1, -1, -1, -1, -1, -1, -1, -1, -1, -1, -1, -1, -1, -1, -1, 0.0, 0.33720000000000006, 0.49570000000000003, 0.44299999999999995]
2022-04-28 10:35:14,442 - INFO - MSP AUOUT Synset Performance
2022-04-28 10:35:14,442 - INFO - [-1, -1, -1, -1, -1, -1, -1, -1, -1, -1, -1, -1, -1, -1, -1, -1, -1, -1, -1, -1, -1, -1, -1, -1, -1, 0.4909583878783369, 0.9297139156300015, 0.9499038660143423, 0.9468583668041908]
2022-04-28 10:35:14,442 - INFO - ODIN AUROC Synset Performance
2022-04-28 10:35:14,442 - INFO - [-1, -1, -1, -1, -1, -1, -1, -1, -1, -1, -1, -1, -1, -1, -1, -1, -1, -1, -1, -1, -1, -1, -1, -1, -1, -0.0, 0.8255473012048193, 0.70951421686747, 0.7196149879518072]
2022-04-28 10:35:14,442 - INFO - ODIN TNR Synset Performance
2022-04-28 10:35:14,442 - INFO - [-1, -1, -1, -1, -1, -1, -1, -1, -1, -1, -1, -1, -1, -1, -1, -1, -1, -1, -1, -1, -1, -1, -1, -1, -1, 0.0, 0.5077, 0.09219999999999995, 0.27280000000000004]
2022-04-28 10:35:14,442 - INFO - ODIN AUOUT Synset Performance
2022-04-28 10:35:14,442 - INFO - [-1, -1, -1, -1, -1, -1, -1, -1, -1, -1, -1, -1, -1, -1, -1, -1, -1, -1, -1, -1, -1, -1, -1, -1, -1, 0.4909583878783369, 0.9184681023604453, 0.808275679627644, 0.8536931509046288]
2022-04-28 10:35:14,442 - INFO - MSP Metrics using max activations accumulated across all appropriate synsets:
	AUROC -0.0
	TNR 0.0
	AUOUT 0.4909583878783369
2022-04-28 10:35:14,442 - INFO - ODIN Metrics using max activations accumulated across all appropriate synsets:
	AUROC -0.0
	TNR 0.0
	AUOUT 0.4909583878783369
2022-04-28 10:35:14,442 - INFO - MSP Metrics using max entropy along path:
	AUROC 0.8801913012048193
	TNR 0.33720000000000006
	AUOUT 0.9297139156300015
2022-04-28 10:35:14,442 - INFO - ODIN Metrics using max entropy along path:
	AUROC 0.8255473012048193
	TNR 0.5077
	AUOUT 0.9184681023604453
2022-04-28 10:35:14,442 - INFO - MSP Metrics using predicted activations:
	AUROC 0.9072939277108434
	TNR 0.49570000000000003
	AUOUT 0.9499038660143423
2022-04-28 10:35:14,442 - INFO - ODIN Metrics using predicted activations:
	AUROC 0.70951421686747
	TNR 0.09219999999999995
	AUOUT 0.808275679627644
2022-04-28 10:35:14,442 - INFO - MSP Metrics using mean entropy along path:
	AUROC 0.9119708915662651
	TNR 0.44299999999999995
	AUOUT 0.9468583668041908
2022-04-28 10:35:14,442 - INFO - ODIN Metrics using mean entropy along path:
	AUROC 0.7196149879518072
	TNR 0.27280000000000004
	AUOUT 0.8536931509046288
2022-04-28 10:35:14,443 - INFO - MSP Metrics using min entropy along path:
	AUROC 0.9082581445783134
	TNR 0.4226
	AUOUT 0.9412318454751131
2022-04-28 10:35:14,443 - INFO - ODIN Metrics using min entropy along path:
	AUROC 0.8624498072289156
	TNR 0.2793
	AUOUT 0.9013668638737908
2022-04-28 10:35:14,443 - INFO - OOD Path entropy min idx (msp): [0. 1. 2. 3. 4. 5.], [4233 3531  977  819  383   57]
2022-04-28 10:35:14,443 - INFO - OOD Path entropy min idx (odin): [0. 3. 4.], [9482  126  392]
2022-04-28 10:35:14,443 - INFO - OOD Dataset: Places
2022-04-28 10:35:14,443 - INFO - MSP AUROC Synset Performance
2022-04-28 10:35:14,443 - INFO - [-1, -1, -1, -1, -1, -1, -1, -1, -1, -1, -1, -1, -1, -1, -1, -1, -1, -1, -1, -1, -1, -1, -1, -1, -1, -0.0, 0.862765421686747, 0.8899679277108434, 0.897762361445783]
2022-04-28 10:35:14,443 - INFO - MSP TNR Synset Performance
2022-04-28 10:35:14,443 - INFO - [-1, -1, -1, -1, -1, -1, -1, -1, -1, -1, -1, -1, -1, -1, -1, -1, -1, -1, -1, -1, -1, -1, -1, -1, -1, 0.0, 0.2954, 0.4425, 0.39580000000000004]
2022-04-28 10:35:14,443 - INFO - MSP AUOUT Synset Performance
2022-04-28 10:35:14,444 - INFO - [-1, -1, -1, -1, -1, -1, -1, -1, -1, -1, -1, -1, -1, -1, -1, -1, -1, -1, -1, -1, -1, -1, -1, -1, -1, 0.4909583878783369, 0.9197435811450093, 0.93991704774483, 0.9392488224141805]
2022-04-28 10:35:14,444 - INFO - ODIN AUROC Synset Performance
2022-04-28 10:35:14,444 - INFO - [-1, -1, -1, -1, -1, -1, -1, -1, -1, -1, -1, -1, -1, -1, -1, -1, -1, -1, -1, -1, -1, -1, -1, -1, -1, -0.0, 0.7952911807228915, 0.6927849638554218, 0.7005506987951808]
2022-04-28 10:35:14,444 - INFO - ODIN TNR Synset Performance
2022-04-28 10:35:14,444 - INFO - [-1, -1, -1, -1, -1, -1, -1, -1, -1, -1, -1, -1, -1, -1, -1, -1, -1, -1, -1, -1, -1, -1, -1, -1, -1, 0.0, 0.46199999999999997, 0.09289999999999998, 0.26380000000000003]
2022-04-28 10:35:14,444 - INFO - ODIN AUOUT Synset Performance
2022-04-28 10:35:14,444 - INFO - [-1, -1, -1, -1, -1, -1, -1, -1, -1, -1, -1, -1, -1, -1, -1, -1, -1, -1, -1, -1, -1, -1, -1, -1, -1, 0.4909583878783369, 0.9043068181533768, 0.8013568740045675, 0.8467556414588796]
2022-04-28 10:35:14,444 - INFO - MSP Metrics using max activations accumulated across all appropriate synsets:
	AUROC -0.0
	TNR 0.0
	AUOUT 0.4909583878783369
2022-04-28 10:35:14,444 - INFO - ODIN Metrics using max activations accumulated across all appropriate synsets:
	AUROC -0.0
	TNR 0.0
	AUOUT 0.4909583878783369
2022-04-28 10:35:14,444 - INFO - MSP Metrics using max entropy along path:
	AUROC 0.862765421686747
	TNR 0.2954
	AUOUT 0.9197435811450093
2022-04-28 10:35:14,444 - INFO - ODIN Metrics using max entropy along path:
	AUROC 0.7952911807228915
	TNR 0.46199999999999997
	AUOUT 0.9043068181533768
2022-04-28 10:35:14,444 - INFO - MSP Metrics using predicted activations:
	AUROC 0.8899679277108434
	TNR 0.4425
	AUOUT 0.93991704774483
2022-04-28 10:35:14,444 - INFO - ODIN Metrics using predicted activations:
	AUROC 0.6927849638554218
	TNR 0.09289999999999998
	AUOUT 0.8013568740045675
2022-04-28 10:35:14,444 - INFO - MSP Metrics using mean entropy along path:
	AUROC 0.897762361445783
	TNR 0.39580000000000004
	AUOUT 0.9392488224141805
2022-04-28 10:35:14,444 - INFO - ODIN Metrics using mean entropy along path:
	AUROC 0.7005506987951808
	TNR 0.26380000000000003
	AUOUT 0.8467556414588796
2022-04-28 10:35:14,444 - INFO - MSP Metrics using min entropy along path:
	AUROC 0.8979991084337349
	TNR 0.40790000000000004
	AUOUT 0.9372637012150666
2022-04-28 10:35:14,444 - INFO - ODIN Metrics using min entropy along path:
	AUROC 0.8539629397590361
	TNR 0.29379999999999995
	AUOUT 0.8995117018644916
2022-04-28 10:35:14,445 - INFO - OOD Path entropy min idx (msp): [0. 1. 2. 3. 4. 5.], [4143 3397 1074 1009  328   49]
2022-04-28 10:35:14,445 - INFO - OOD Path entropy min idx (odin): [0. 3. 4.], [9457  216  327]
2022-04-28 10:35:14,445 - INFO - OOD Dataset: Textures
2022-04-28 10:35:14,445 - INFO - MSP AUROC Synset Performance
2022-04-28 10:35:14,445 - INFO - [-1, -1, -1, -1, -1, -1, -1, -1, -1, -1, -1, -1, -1, -1, -1, -1, -1, -1, -1, -1, -1, -1, -1, -1, -1, -0.0, 0.8145540032470306, 0.8510483209433479, 0.8649743655472956]
2022-04-28 10:35:14,445 - INFO - MSP TNR Synset Performance
2022-04-28 10:35:14,445 - INFO - [-1, -1, -1, -1, -1, -1, -1, -1, -1, -1, -1, -1, -1, -1, -1, -1, -1, -1, -1, -1, -1, -1, -1, -1, -1, 0.0, 0.20957446808510638, 0.3911347517730497, 0.37393617021276593]
2022-04-28 10:35:14,445 - INFO - MSP AUOUT Synset Performance
2022-04-28 10:35:14,445 - INFO - [-1, -1, -1, -1, -1, -1, -1, -1, -1, -1, -1, -1, -1, -1, -1, -1, -1, -1, -1, -1, -1, -1, -1, -1, -1, 0.36848395850775695, 0.8251782453340128, 0.8765824038809277, 0.8812760621386063]
2022-04-28 10:35:14,445 - INFO - ODIN AUROC Synset Performance
2022-04-28 10:35:14,445 - INFO - [-1, -1, -1, -1, -1, -1, -1, -1, -1, -1, -1, -1, -1, -1, -1, -1, -1, -1, -1, -1, -1, -1, -1, -1, -1, -0.0, 0.5952200290523797, 0.5118448261129626, 0.5561331709817995]
2022-04-28 10:35:14,445 - INFO - ODIN TNR Synset Performance
2022-04-28 10:35:14,445 - INFO - [-1, -1, -1, -1, -1, -1, -1, -1, -1, -1, -1, -1, -1, -1, -1, -1, -1, -1, -1, -1, -1, -1, -1, -1, -1, 0.0, 0.2579787234042553, 0.032269503546099254, 0.22092198581560285]
2022-04-28 10:35:14,445 - INFO - ODIN AUOUT Synset Performance
2022-04-28 10:35:14,445 - INFO - [-1, -1, -1, -1, -1, -1, -1, -1, -1, -1, -1, -1, -1, -1, -1, -1, -1, -1, -1, -1, -1, -1, -1, -1, -1, 0.36848395850775695, 0.7064077080411857, 0.5668899234070889, 0.6770563212823371]
2022-04-28 10:35:14,445 - INFO - MSP Metrics using max activations accumulated across all appropriate synsets:
	AUROC -0.0
	TNR 0.0
	AUOUT 0.36848395850775695
2022-04-28 10:35:14,445 - INFO - ODIN Metrics using max activations accumulated across all appropriate synsets:
	AUROC -0.0
	TNR 0.0
	AUOUT 0.36848395850775695
2022-04-28 10:35:14,445 - INFO - MSP Metrics using max entropy along path:
	AUROC 0.8145540032470306
	TNR 0.20957446808510638
	AUOUT 0.8251782453340128
2022-04-28 10:35:14,445 - INFO - ODIN Metrics using max entropy along path:
	AUROC 0.5952200290523797
	TNR 0.2579787234042553
	AUOUT 0.7064077080411857
2022-04-28 10:35:14,445 - INFO - MSP Metrics using predicted activations:
	AUROC 0.8510483209433479
	TNR 0.3911347517730497
	AUOUT 0.8765824038809277
2022-04-28 10:35:14,445 - INFO - ODIN Metrics using predicted activations:
	AUROC 0.5118448261129626
	TNR 0.032269503546099254
	AUOUT 0.5668899234070889
2022-04-28 10:35:14,445 - INFO - MSP Metrics using mean entropy along path:
	AUROC 0.8649743655472956
	TNR 0.37393617021276593
	AUOUT 0.8812760621386063
2022-04-28 10:35:14,445 - INFO - ODIN Metrics using mean entropy along path:
	AUROC 0.5561331709817995
	TNR 0.22092198581560285
	AUOUT 0.6770563212823371
2022-04-28 10:35:14,445 - INFO - MSP Metrics using min entropy along path:
	AUROC 0.858089848756729
	TNR 0.39769503546099294
	AUOUT 0.8750707524604437
2022-04-28 10:35:14,445 - INFO - ODIN Metrics using min entropy along path:
	AUROC 0.8443640946765787
	TNR 0.30709219858156034
	AUOUT 0.8349876986419096
2022-04-28 10:35:14,446 - INFO - OOD Path entropy min idx (msp): [0. 1. 2. 3. 4. 5.], [2303  940 1353  902  124   18]
2022-04-28 10:35:14,446 - INFO - OOD Path entropy min idx (odin): [0. 3. 4.], [5178  337  125]
2022-04-28 10:35:14,446 - INFO - OOD Dataset: coarseid-coarseood
2022-04-28 10:35:14,446 - INFO - MSP AUROC Synset Performance
2022-04-28 10:35:14,446 - INFO - [-1, -1, -1, -1, -1, -1, -1, -1, -1, -1, -1, -1, -1, -1, -1, -1, -1, -1, -1, -1, -1, -1, -1, -1, -1, -0.0, 0.8424658634538152, 0.8731267469879518, 0.9129510040160642]
2022-04-28 10:35:14,446 - INFO - MSP TNR Synset Performance
2022-04-28 10:35:14,446 - INFO - [-1, -1, -1, -1, -1, -1, -1, -1, -1, -1, -1, -1, -1, -1, -1, -1, -1, -1, -1, -1, -1, -1, -1, -1, -1, 0.0, 0.20666666666666667, 0.388, 0.5093333333333334]
2022-04-28 10:35:14,446 - INFO - MSP AUOUT Synset Performance
2022-04-28 10:35:14,446 - INFO - [-1, -1, -1, -1, -1, -1, -1, -1, -1, -1, -1, -1, -1, -1, -1, -1, -1, -1, -1, -1, -1, -1, -1, -1, -1, 0.08076464026187649, 0.4100850365811377, 0.5185380652075323, 0.6399174844920698]
2022-04-28 10:35:14,446 - INFO - ODIN AUROC Synset Performance
2022-04-28 10:35:14,446 - INFO - [-1, -1, -1, -1, -1, -1, -1, -1, -1, -1, -1, -1, -1, -1, -1, -1, -1, -1, -1, -1, -1, -1, -1, -1, -1, -0.0, 0.550990843373494, 0.5706014457831325, 0.5329269076305221]
2022-04-28 10:35:14,446 - INFO - ODIN TNR Synset Performance
2022-04-28 10:35:14,446 - INFO - [-1, -1, -1, -1, -1, -1, -1, -1, -1, -1, -1, -1, -1, -1, -1, -1, -1, -1, -1, -1, -1, -1, -1, -1, -1, 0.0, 0.13866666666666672, 0.02533333333333332, 0.09466666666666668]
2022-04-28 10:35:14,447 - INFO - ODIN AUOUT Synset Performance
2022-04-28 10:35:14,447 - INFO - [-1, -1, -1, -1, -1, -1, -1, -1, -1, -1, -1, -1, -1, -1, -1, -1, -1, -1, -1, -1, -1, -1, -1, -1, -1, 0.08076464026187649, 0.20181341323071272, 0.16167507236688758, 0.16821077812863844]
2022-04-28 10:35:14,447 - INFO - MSP Metrics using max activations accumulated across all appropriate synsets:
	AUROC -0.0
	TNR 0.0
	AUOUT 0.08076464026187649
2022-04-28 10:35:14,447 - INFO - ODIN Metrics using max activations accumulated across all appropriate synsets:
	AUROC -0.0
	TNR 0.0
	AUOUT 0.08076464026187649
2022-04-28 10:35:14,447 - INFO - MSP Metrics using max entropy along path:
	AUROC 0.8424658634538152
	TNR 0.20666666666666667
	AUOUT 0.4100850365811377
2022-04-28 10:35:14,447 - INFO - ODIN Metrics using max entropy along path:
	AUROC 0.550990843373494
	TNR 0.13866666666666672
	AUOUT 0.20181341323071272
2022-04-28 10:35:14,447 - INFO - MSP Metrics using predicted activations:
	AUROC 0.8731267469879518
	TNR 0.388
	AUOUT 0.5185380652075323
2022-04-28 10:35:14,447 - INFO - ODIN Metrics using predicted activations:
	AUROC 0.5706014457831325
	TNR 0.02533333333333332
	AUOUT 0.16167507236688758
2022-04-28 10:35:14,447 - INFO - MSP Metrics using mean entropy along path:
	AUROC 0.9129510040160642
	TNR 0.5093333333333334
	AUOUT 0.6399174844920698
2022-04-28 10:35:14,447 - INFO - ODIN Metrics using mean entropy along path:
	AUROC 0.5329269076305221
	TNR 0.09466666666666668
	AUOUT 0.16821077812863844
2022-04-28 10:35:14,447 - INFO - MSP Metrics using min entropy along path:
	AUROC 0.9330213654618474
	TNR 0.6293333333333333
	AUOUT 0.6896679261468442
2022-04-28 10:35:14,447 - INFO - ODIN Metrics using min entropy along path:
	AUROC 0.9164067469879519
	TNR 0.488
	AUOUT 0.5552408698581812
2022-04-28 10:35:14,447 - INFO - OOD Path entropy min idx (msp): [0. 1. 2. 3. 4. 5.], [290 216 175  53  13   3]
2022-04-28 10:35:14,447 - INFO - OOD Path entropy min idx (odin): [0. 3. 4.], [727   8  15]
2022-04-28 10:35:14,447 - INFO - OOD Dataset: coarseid-fineood
2022-04-28 10:35:14,447 - INFO - MSP AUROC Synset Performance
2022-04-28 10:35:14,447 - INFO - [-1, -1, -1, -1, -1, -1, -1, -1, -1, -1, -1, -1, -1, -1, -1, -1, -1, -1, -1, -1, -1, -1, -1, -1, -1, -0.0, 0.6823686746987951, 0.6806554216867469, 0.6705325301204819]
2022-04-28 10:35:14,447 - INFO - MSP TNR Synset Performance
2022-04-28 10:35:14,447 - INFO - [-1, -1, -1, -1, -1, -1, -1, -1, -1, -1, -1, -1, -1, -1, -1, -1, -1, -1, -1, -1, -1, -1, -1, -1, -1, 0.0, 0.08999999999999997, 0.08999999999999997, 0.040000000000000036]
2022-04-28 10:35:14,447 - INFO - MSP AUOUT Synset Performance
2022-04-28 10:35:14,447 - INFO - [-1, -1, -1, -1, -1, -1, -1, -1, -1, -1, -1, -1, -1, -1, -1, -1, -1, -1, -1, -1, -1, -1, -1, -1, -1, 0.011858069872289425, 0.05066094346973285, 0.039137071340320864, 0.03812367898120839]
2022-04-28 10:35:14,448 - INFO - ODIN AUROC Synset Performance
2022-04-28 10:35:14,448 - INFO - [-1, -1, -1, -1, -1, -1, -1, -1, -1, -1, -1, -1, -1, -1, -1, -1, -1, -1, -1, -1, -1, -1, -1, -1, -1, -0.0, 0.784578313253012, 0.6331855421686747, 0.6383277108433735]
2022-04-28 10:35:14,448 - INFO - ODIN TNR Synset Performance
2022-04-28 10:35:14,448 - INFO - [-1, -1, -1, -1, -1, -1, -1, -1, -1, -1, -1, -1, -1, -1, -1, -1, -1, -1, -1, -1, -1, -1, -1, -1, -1, 0.0, 0.06999999999999995, 0.08999999999999997, 0.010000000000000009]
2022-04-28 10:35:14,448 - INFO - ODIN AUOUT Synset Performance
2022-04-28 10:35:14,448 - INFO - [-1, -1, -1, -1, -1, -1, -1, -1, -1, -1, -1, -1, -1, -1, -1, -1, -1, -1, -1, -1, -1, -1, -1, -1, -1, 0.011858069872289425, 0.05661867849874315, 0.033706450794889445, 0.03017647874004695]
2022-04-28 10:35:14,448 - INFO - MSP Metrics using max activations accumulated across all appropriate synsets:
	AUROC -0.0
	TNR 0.0
	AUOUT 0.011858069872289425
2022-04-28 10:35:14,448 - INFO - ODIN Metrics using max activations accumulated across all appropriate synsets:
	AUROC -0.0
	TNR 0.0
	AUOUT 0.011858069872289425
2022-04-28 10:35:14,448 - INFO - MSP Metrics using max entropy along path:
	AUROC 0.6823686746987951
	TNR 0.08999999999999997
	AUOUT 0.05066094346973285
2022-04-28 10:35:14,448 - INFO - ODIN Metrics using max entropy along path:
	AUROC 0.784578313253012
	TNR 0.06999999999999995
	AUOUT 0.05661867849874315
2022-04-28 10:35:14,448 - INFO - MSP Metrics using predicted activations:
	AUROC 0.6806554216867469
	TNR 0.08999999999999997
	AUOUT 0.039137071340320864
2022-04-28 10:35:14,448 - INFO - ODIN Metrics using predicted activations:
	AUROC 0.6331855421686747
	TNR 0.08999999999999997
	AUOUT 0.033706450794889445
2022-04-28 10:35:14,448 - INFO - MSP Metrics using mean entropy along path:
	AUROC 0.6705325301204819
	TNR 0.040000000000000036
	AUOUT 0.03812367898120839
2022-04-28 10:35:14,448 - INFO - ODIN Metrics using mean entropy along path:
	AUROC 0.6383277108433735
	TNR 0.010000000000000009
	AUOUT 0.03017647874004695
2022-04-28 10:35:14,448 - INFO - MSP Metrics using min entropy along path:
	AUROC 0.6940987951807229
	TNR 0.050000000000000044
	AUOUT 0.036569780893396554
2022-04-28 10:35:14,448 - INFO - ODIN Metrics using min entropy along path:
	AUROC 0.6275710843373494
	TNR 0.040000000000000036
	AUOUT 0.030114452149365045
2022-04-28 10:35:14,448 - INFO - OOD Path entropy min idx (msp): [0. 1. 2. 3. 4.], [41 24 20 12  3]
2022-04-28 10:35:14,448 - INFO - OOD Path entropy min idx (odin): [0. 3. 4.], [95  3  2]
2022-04-28 10:35:24,270 - INFO - Computing OOD Statistics...
2022-04-28 10:35:39,676 - INFO - Computing OOD Statistics...
2022-04-28 10:36:04,562 - INFO - Computing OOD Statistics...
2022-04-28 10:36:18,747 - INFO - Computing OOD Statistics...
2022-04-28 10:36:27,626 - INFO - Computing OOD Statistics...
2022-04-28 10:36:30,255 - INFO - Computing OOD Statistics...
2022-04-28 10:36:32,034 - INFO - Computing OOD Statistics...
2022-04-28 10:36:32,046 - INFO - OOD Dataset: OOD
2022-04-28 10:36:32,046 - INFO - MSP AUROC [0.6949270021261517]
2022-04-28 10:36:32,046 - INFO - MSP TNR [0.1317647058823529]
2022-04-28 10:36:32,046 - INFO - MSP AUOUT [0.2904123778673626]
2022-04-28 10:36:32,046 - INFO - ODIN AUROC [0.7921579021970234]
2022-04-28 10:36:32,046 - INFO - ODIN TNR [0.16352941176470592]
2022-04-28 10:36:32,046 - INFO - ODIN AUOUT [0.36787966001797445]
2022-04-28 10:36:32,046 - INFO - OOD Dataset: iNaturalist
2022-04-28 10:36:32,046 - INFO - MSP AUROC [0.8200806024096385]
2022-04-28 10:36:32,046 - INFO - MSP TNR [0.34709999999999996]
2022-04-28 10:36:32,046 - INFO - MSP AUOUT [0.9068206148615554]
2022-04-28 10:36:32,046 - INFO - ODIN AUROC [0.8969465783132529]
2022-04-28 10:36:32,047 - INFO - ODIN TNR [0.48219999999999996]
2022-04-28 10:36:32,047 - INFO - ODIN AUOUT [0.9455962964470663]
2022-04-28 10:36:32,047 - INFO - OOD Dataset: SUN
2022-04-28 10:36:32,047 - INFO - MSP AUROC [0.7703067951807228]
2022-04-28 10:36:32,047 - INFO - MSP TNR [0.28090000000000004]
2022-04-28 10:36:32,047 - INFO - MSP AUOUT [0.88058996942231]
2022-04-28 10:36:32,047 - INFO - ODIN AUROC [0.8687930361445784]
2022-04-28 10:36:32,047 - INFO - ODIN TNR [0.4002]
2022-04-28 10:36:32,047 - INFO - ODIN AUOUT [0.9294897418673373]
2022-04-28 10:36:32,047 - INFO - OOD Dataset: Places
2022-04-28 10:36:32,047 - INFO - MSP AUROC [0.7557172530120482]
2022-04-28 10:36:32,047 - INFO - MSP TNR [0.24970000000000003]
2022-04-28 10:36:32,047 - INFO - MSP AUOUT [0.8710359053589252]
2022-04-28 10:36:32,047 - INFO - ODIN AUROC [0.8515520000000001]
2022-04-28 10:36:32,047 - INFO - ODIN TNR [0.35840000000000005]
2022-04-28 10:36:32,047 - INFO - ODIN AUOUT [0.9200261729809763]
2022-04-28 10:36:32,047 - INFO - OOD Dataset: Textures
2022-04-28 10:36:32,047 - INFO - MSP AUROC [0.7067034521062975]
2022-04-28 10:36:32,047 - INFO - MSP TNR [0.2468085106382979]
2022-04-28 10:36:32,047 - INFO - MSP AUOUT [0.7740851955002835]
2022-04-28 10:36:32,047 - INFO - ODIN AUROC [0.8018193625566095]
2022-04-28 10:36:32,047 - INFO - ODIN TNR [0.3547872340425532]
2022-04-28 10:36:32,047 - INFO - ODIN AUOUT [0.8466154937065232]
2022-04-28 10:36:32,047 - INFO - OOD Dataset: coarseid-coarseood
2022-04-28 10:36:32,047 - INFO - MSP AUROC [0.701075983935743]
2022-04-28 10:36:32,047 - INFO - MSP TNR [0.1346666666666667]
2022-04-28 10:36:32,047 - INFO - MSP AUOUT [0.2720861926520802]
2022-04-28 10:36:32,047 - INFO - ODIN AUROC [0.807130923694779]
2022-04-28 10:36:32,047 - INFO - ODIN TNR [0.17733333333333334]
2022-04-28 10:36:32,047 - INFO - ODIN AUOUT [0.3572714899226726]
2022-04-28 10:36:32,047 - INFO - OOD Dataset: coarseid-fineood
2022-04-28 10:36:32,047 - INFO - MSP AUROC [0.6488096385542168]
2022-04-28 10:36:32,047 - INFO - MSP TNR [0.10999999999999999]
2022-04-28 10:36:32,047 - INFO - MSP AUOUT [0.03674774379477945]
2022-04-28 10:36:32,047 - INFO - ODIN AUROC [0.6798602409638553]
2022-04-28 10:36:32,048 - INFO - ODIN TNR [0.06000000000000005]
2022-04-28 10:36:32,048 - INFO - ODIN AUOUT [0.03673355650127491]
