2022-04-12 02:48:36,220 - INFO - ==> Preparing data..
2022-04-12 02:48:36,534 - INFO - # ID Test: 4150
2022-04-12 02:48:36,534 - INFO - # OOD: 850
2022-04-12 02:48:36,564 - INFO - # iNaturalist: 10000
2022-04-12 02:48:36,592 - INFO - # SUN: 10000
2022-04-12 02:48:36,622 - INFO - # Places: 10000
2022-04-12 02:48:36,638 - INFO - # Textures: 5640
2022-04-12 02:48:36,641 - INFO - # coarseid-coarseood: 750
2022-04-12 02:48:36,641 - INFO - # coarseid-fineood: 100
2022-04-12 02:48:39,651 - INFO - No distribution strategy
2022-04-12 02:48:40,541 - INFO - Model R0 Results
2022-04-12 02:48:50,668 - INFO - Model R0 Accuracy Results
2022-04-12 02:48:50,669 - INFO - Mean Synset Accuracy: 0.8690043091773987
2022-04-12 02:48:50,669 - INFO - Top-1 Accuracy: 0.7713252902030945
2022-04-12 02:48:50,669 - INFO - Pred Accuracy: 0.7725301384925842
2022-04-12 02:48:50,670 - INFO - Synset Accuracies:
2022-04-12 02:48:50,670 - INFO - [0.9855422  0.94666666 0.97794116 0.724      0.852      0.808
 0.912      0.963      0.9395349  0.99       0.832      0.944
 0.784      0.752      0.96842104 0.96       0.928      0.712
 0.855      0.8        0.716      0.84       0.68       0.9
 0.955     ]
2022-04-12 02:48:50,671 - INFO - Error Depth:
2022-04-12 02:48:50,671 - INFO - 	Num. Errors at Depth 0 = 16.0
2022-04-12 02:48:50,671 - INFO - 	Num. Errors at Depth 1 = 57.0
2022-04-12 02:48:50,671 - INFO - 	Num. Errors at Depth 2 = 275.0
2022-04-12 02:48:50,671 - INFO - 	Num. Errors at Depth 3 = 360.0
2022-04-12 02:48:50,671 - INFO - 	Num. Errors at Depth 4 = 151.0
2022-04-12 02:48:50,671 - INFO - 	Num. Errors at Depth 5 = 90.0
2022-04-12 02:48:50,671 - INFO - 	Num. Errors at Depth -1 = 3201.0
2022-04-12 02:48:50,671 - INFO - OOD Results
2022-04-12 02:48:54,023 - INFO - Model R1 Results
2022-04-12 02:49:04,156 - INFO - Model R1 Accuracy Results
2022-04-12 02:49:04,157 - INFO - Mean Synset Accuracy: 0.8831382989883423
2022-04-12 02:49:04,157 - INFO - Top-1 Accuracy: 0.7903614640235901
2022-04-12 02:49:04,157 - INFO - Pred Accuracy: 0.7937349677085876
2022-04-12 02:49:04,157 - INFO - Synset Accuracies:
2022-04-12 02:49:04,158 - INFO - [0.9891566 0.956     0.9752941 0.76      0.896     0.836     0.952
 0.961     0.9511628 0.992     0.84      0.956     0.788     0.764
 0.9768421 0.946     0.948     0.704     0.905     0.788     0.74
 0.86      0.712     0.932     0.95     ]
2022-04-12 02:49:04,158 - INFO - Error Depth:
2022-04-12 02:49:04,158 - INFO - 	Num. Errors at Depth 0 = 26.0
2022-04-12 02:49:04,158 - INFO - 	Num. Errors at Depth 1 = 59.0
2022-04-12 02:49:04,158 - INFO - 	Num. Errors at Depth 2 = 232.0
2022-04-12 02:49:04,158 - INFO - 	Num. Errors at Depth 3 = 323.0
2022-04-12 02:49:04,158 - INFO - 	Num. Errors at Depth 4 = 143.0
2022-04-12 02:49:04,158 - INFO - 	Num. Errors at Depth 5 = 87.0
2022-04-12 02:49:04,158 - INFO - 	Num. Errors at Depth -1 = 3280.0
2022-04-12 02:49:04,158 - INFO - OOD Results
2022-04-12 02:49:07,496 - INFO - Model R2 Results
2022-04-12 02:49:17,396 - INFO - Model R2 Accuracy Results
2022-04-12 02:49:17,397 - INFO - Mean Synset Accuracy: 0.8779553771018982
2022-04-12 02:49:17,397 - INFO - Top-1 Accuracy: 0.78240966796875
2022-04-12 02:49:17,397 - INFO - Pred Accuracy: 0.7845783233642578
2022-04-12 02:49:17,397 - INFO - Synset Accuracies:
2022-04-12 02:49:17,397 - INFO - [0.9891566  0.9626667  0.97558826 0.756      0.904      0.824
 0.928      0.964      0.9427907  0.988      0.832      0.944
 0.732      0.768      0.9736842  0.958      0.944      0.696
 0.92       0.8        0.736      0.852      0.708      0.896
 0.955     ]
2022-04-12 02:49:17,397 - INFO - Error Depth:
2022-04-12 02:49:17,398 - INFO - 	Num. Errors at Depth 0 = 21.0
2022-04-12 02:49:17,398 - INFO - 	Num. Errors at Depth 1 = 57.0
2022-04-12 02:49:17,398 - INFO - 	Num. Errors at Depth 2 = 241.0
2022-04-12 02:49:17,398 - INFO - 	Num. Errors at Depth 3 = 356.0
2022-04-12 02:49:17,398 - INFO - 	Num. Errors at Depth 4 = 138.0
2022-04-12 02:49:17,398 - INFO - 	Num. Errors at Depth 5 = 90.0
2022-04-12 02:49:17,398 - INFO - 	Num. Errors at Depth -1 = 3247.0
2022-04-12 02:49:17,398 - INFO - OOD Results
2022-04-12 02:49:20,759 - INFO - Ensemble: Model: cascade, M: 3
2022-04-12 02:49:20,759 - INFO - Ensemble Accuracy: 0.8067469596862793
2022-04-12 02:49:22,861 - INFO - Computing OOD Statistics...
2022-04-12 02:49:22,949 - INFO - Ensemble PP AUROC: 0.9076620836286322
2022-04-12 02:49:22,949 - INFO - Ensemble PP TNR: 0.5105882352941176
2022-04-12 02:49:22,949 - INFO - Ensemble PP AUOUT: 0.6495129882085576
2022-04-12 02:49:22,949 - INFO - Ensemble PP Temp Scaled AUROC: 0.5186477675407513
2022-04-12 02:49:22,949 - INFO - Ensemble PP Temp Scaled TNR: 0.015294117647058791
2022-04-12 02:49:22,949 - INFO - Ensemble PP Temp Scaled AUOUT: 0.15808597485212447
2022-04-12 02:49:22,949 - INFO - Ensemble HMEAN AUROC: 0.9132819277108433
2022-04-12 02:49:22,949 - INFO - Ensemble HMEAN TNR: 0.5894117647058823
2022-04-12 02:49:22,949 - INFO - Ensemble HMEAN AUOUT: 0.6958347755331133
2022-04-12 02:49:22,949 - INFO - Ensemble HMEAN Temp Scaled AUROC: 0.41265428773919205
2022-04-12 02:49:22,949 - INFO - Ensemble HMEAN Temp Scaled TNR: 0.008235294117647007
2022-04-12 02:49:22,949 - INFO - Ensemble HMEAN Temp Scaled AUOUT: 0.13469899624296433
2022-04-12 02:49:22,949 - INFO - Ensemble HMIN AUROC: 0.9042987951807229
2022-04-12 02:49:22,949 - INFO - Ensemble HMIN TNR: 0.5411764705882354
2022-04-12 02:49:22,950 - INFO - Ensemble HMIN AUOUT: 0.6738394565997126
2022-04-12 02:49:22,950 - INFO - Ensemble HMIN Temp Scaled AUROC: 0.25258341601700923
2022-04-12 02:49:22,950 - INFO - Ensemble HMIN Temp Scaled TNR: 0.018823529411764683
2022-04-12 02:49:22,950 - INFO - Ensemble HMIN Temp Scaled AUOUT: 0.11121263728168629
2022-04-12 02:49:22,950 - INFO - Ensemble HMEAN MEAN AUROC: 0.8809088589652729
2022-04-12 02:49:22,950 - INFO - Ensemble HMEAN MEAN TNR: 0.6764705882352942
2022-04-12 02:49:22,950 - INFO - Ensemble HMEAN MEAN AUOUT: 0.739615554720748
2022-04-12 02:49:22,950 - INFO - Ensemble HMEAN MEAN TS AUROC: 0.5173031892274982
2022-04-12 02:49:22,950 - INFO - Ensemble HMEAN MEAN TS TNR: 0.00588235294117645
2022-04-12 02:49:22,950 - INFO - Ensemble HMEAN MEAN TS AUOUT: 0.15977507894071735
2022-04-12 02:49:22,950 - INFO - Ensemble HMIN MEAN AUROC: 0.9325902197023388
2022-04-12 02:49:22,950 - INFO - Ensemble HMIN MEAN TNR: 0.74
2022-04-12 02:49:22,950 - INFO - Ensemble HMIN MEAN AUOUT: 0.7837087228812878
2022-04-12 02:49:22,950 - INFO - Ensemble HMIN MEAN TS AUROC: 0.926873990077959
2022-04-12 02:49:22,950 - INFO - Ensemble HMIN MEAN TS TNR: 0.6870588235294117
2022-04-12 02:49:22,950 - INFO - Ensemble HMIN MEAN TS AUOUT: 0.7274306200468442
2022-04-12 02:49:22,950 - INFO - Ensemble HMEAN MIN AUROC: 0.8644518781006378
2022-04-12 02:49:22,950 - INFO - Ensemble HMEAN MIN TNR: 0.6494117647058824
2022-04-12 02:49:22,950 - INFO - Ensemble HMEAN MIN AUOUT: 0.7097309694801931
2022-04-12 02:49:22,950 - INFO - Ensemble HMEAN MIN TS AUROC: 0.516827498228207
2022-04-12 02:49:22,950 - INFO - Ensemble HMEAN MIN TS TNR: 0.00588235294117645
2022-04-12 02:49:22,950 - INFO - Ensemble HMEAN MIN TS AUOUT: 0.1596259608182719
2022-04-12 02:49:22,950 - INFO - Ensemble HMIN MIN AUROC: 0.9292374202693126
2022-04-12 02:49:22,950 - INFO - Ensemble HMIN MIN TNR: 0.7552941176470588
2022-04-12 02:49:22,950 - INFO - Ensemble HMIN MIN AUOUT: 0.7832847964290665
2022-04-12 02:49:22,950 - INFO - Ensemble HMIN MIN TS AUROC: 0.9261502480510277
2022-04-12 02:49:22,950 - INFO - Ensemble HMIN MIN TS TNR: 0.7082352941176471
2022-04-12 02:49:22,951 - INFO - Ensemble HMIN MIN TS AUOUT: 0.7377486020581037
