2022-05-18 12:00:23,706 - INFO - ==> Preparing data..
2022-05-18 12:00:24,227 - INFO - # ID Test: 4150
2022-05-18 12:00:24,227 - INFO - # OOD: 850
2022-05-18 12:00:24,260 - INFO - # iNaturalist: 10000
2022-05-18 12:00:24,288 - INFO - # SUN: 10000
2022-05-18 12:00:24,317 - INFO - # Places: 10000
2022-05-18 12:00:24,366 - INFO - # Textures: 5640
2022-05-18 12:00:24,379 - INFO - # coarseid-coarseood: 700
2022-05-18 12:00:24,382 - INFO - # coarseid-fineood: 150
2022-05-18 12:01:10,214 - INFO - Accuracy Results
2022-05-18 12:01:10,216 - INFO - Mean Synset Accuracy: 0.9335812926292419
2022-05-18 12:01:10,216 - INFO - Top-1 Accuracy: 0.8045783042907715
2022-05-18 12:01:10,216 - INFO - Pred Accuracy: 0.8062650561332703
2022-05-18 12:01:10,216 - INFO - Synset Accuracies:
2022-05-18 12:01:10,217 - INFO - [0.98674697 0.9730612  0.99083334 0.968      0.944      0.9
 0.95       0.93       0.98       0.965      0.82666665 0.81
 0.99714285 0.972      0.97       0.96666664 0.95       0.9911111
 0.975      0.9866667  0.99       0.988      0.96       0.96
 0.99       0.9648     0.93       0.928      0.92       0.95
 0.97       0.916      0.82666665 0.77       0.95       0.97466666
 0.96       0.84       0.7866667  0.81       0.964      0.916
 0.82       0.94       0.91       0.984      0.94       0.98
 0.99       0.9929412  0.9853333  0.968      0.96       0.97333336
 0.98       0.982      0.92       0.77       0.98       0.97
 0.9        0.905      0.84       0.92       0.9873684  0.916
 0.92       0.86       0.94       0.99       0.965      0.94
 0.92       0.982      0.985      0.9866667  0.94       0.86333334
 0.85       0.96       0.94       0.7       ]
2022-05-18 12:01:10,217 - INFO - Error Depth:
2022-05-18 12:01:10,217 - INFO - 	Num. Errors at Depth 0 = 20.0
2022-05-18 12:01:10,217 - INFO - 	Num. Errors at Depth 1 = 32.0
2022-05-18 12:01:10,217 - INFO - 	Num. Errors at Depth 2 = 38.0
2022-05-18 12:01:10,218 - INFO - 	Num. Errors at Depth 3 = 72.0
2022-05-18 12:01:10,218 - INFO - 	Num. Errors at Depth 4 = 151.0
2022-05-18 12:01:10,218 - INFO - 	Num. Errors at Depth 5 = 238.0
2022-05-18 12:01:10,218 - INFO - 	Num. Errors at Depth 6 = 186.0
2022-05-18 12:01:10,218 - INFO - 	Num. Errors at Depth 7 = 44.0
2022-05-18 12:01:10,218 - INFO - 	Num. Errors at Depth 8 = 30.0
2022-05-18 12:01:10,218 - INFO - 	Num. Errors at Depth -1 = 3339.0
2022-05-18 12:01:10,218 - INFO - OOD Results
2022-05-18 12:01:23,336 - INFO - Computing OOD Statistics...
2022-05-18 12:01:42,324 - INFO - Computing OOD Statistics...
2022-05-18 12:02:09,857 - INFO - Computing OOD Statistics...
2022-05-18 12:02:29,454 - INFO - Computing OOD Statistics...
2022-05-18 12:02:41,317 - INFO - Computing OOD Statistics...
2022-05-18 12:02:46,126 - INFO - Computing OOD Statistics...
2022-05-18 12:02:49,689 - INFO - Computing OOD Statistics...
2022-05-18 12:02:49,757 - INFO - OOD Dataset: OOD
2022-05-18 12:02:49,757 - INFO - MSP AUROC Synset Performance
2022-05-18 12:02:49,757 - INFO - [-1, -1, -1, -1, -1, -1, -1, -1, -1, -1, -1, -1, -1, -1, -1, -1, -1, -1, -1, -1, -1, -1, -1, -1, -1, -1, -1, -1, -1, -1, -1, -1, -1, -1, -1, -1, -1, -1, -1, -1, -1, -1, -1, -1, -1, -1, -1, -1, -1, -1, -1, -1, -1, -1, -1, -1, -1, -1, -1, -1, -1, -1, -1, -1, -1, -1, -1, -1, -1, -1, -1, -1, -1, -1, -1, -1, -1, -1, -1, -1, -1, -1, -0.0, 0.867429057406095, 0.9138815024805103, 0.9280666194188518]
2022-05-18 12:02:49,757 - INFO - MSP TNR Synset Performance
2022-05-18 12:02:49,757 - INFO - [-1, -1, -1, -1, -1, -1, -1, -1, -1, -1, -1, -1, -1, -1, -1, -1, -1, -1, -1, -1, -1, -1, -1, -1, -1, -1, -1, -1, -1, -1, -1, -1, -1, -1, -1, -1, -1, -1, -1, -1, -1, -1, -1, -1, -1, -1, -1, -1, -1, -1, -1, -1, -1, -1, -1, -1, -1, -1, -1, -1, -1, -1, -1, -1, -1, -1, -1, -1, -1, -1, -1, -1, -1, -1, -1, -1, -1, -1, -1, -1, -1, -1, 0.0, 0.2552941176470588, 0.6129411764705882, 0.6729411764705882]
2022-05-18 12:02:49,758 - INFO - MSP AUOUT Synset Performance
2022-05-18 12:02:49,758 - INFO - [-1, -1, -1, -1, -1, -1, -1, -1, -1, -1, -1, -1, -1, -1, -1, -1, -1, -1, -1, -1, -1, -1, -1, -1, -1, -1, -1, -1, -1, -1, -1, -1, -1, -1, -1, -1, -1, -1, -1, -1, -1, -1, -1, -1, -1, -1, -1, -1, -1, -1, -1, -1, -1, -1, -1, -1, -1, -1, -1, -1, -1, -1, -1, -1, -1, -1, -1, -1, -1, -1, -1, -1, -1, -1, -1, -1, -1, -1, -1, -1, -1, -1, 0.09027322853919331, 0.4836854697194908, 0.7100623762328051, 0.7486770368025917]
2022-05-18 12:02:49,758 - INFO - ODIN AUROC Synset Performance
2022-05-18 12:02:49,758 - INFO - [-1, -1, -1, -1, -1, -1, -1, -1, -1, -1, -1, -1, -1, -1, -1, -1, -1, -1, -1, -1, -1, -1, -1, -1, -1, -1, -1, -1, -1, -1, -1, -1, -1, -1, -1, -1, -1, -1, -1, -1, -1, -1, -1, -1, -1, -1, -1, -1, -1, -1, -1, -1, -1, -1, -1, -1, -1, -1, -1, -1, -1, -1, -1, -1, -1, -1, -1, -1, -1, -1, -1, -1, -1, -1, -1, -1, -1, -1, -1, -1, -1, -1, -0.0, 0.8285641389085754, 0.6504731396172927, 0.9334364280652021]
2022-05-18 12:02:49,758 - INFO - ODIN TNR Synset Performance
2022-05-18 12:02:49,758 - INFO - [-1, -1, -1, -1, -1, -1, -1, -1, -1, -1, -1, -1, -1, -1, -1, -1, -1, -1, -1, -1, -1, -1, -1, -1, -1, -1, -1, -1, -1, -1, -1, -1, -1, -1, -1, -1, -1, -1, -1, -1, -1, -1, -1, -1, -1, -1, -1, -1, -1, -1, -1, -1, -1, -1, -1, -1, -1, -1, -1, -1, -1, -1, -1, -1, -1, -1, -1, -1, -1, -1, -1, -1, -1, -1, -1, -1, -1, -1, -1, -1, -1, -1, 0.0, 0.0, 0.0, 0.7223529411764706]
2022-05-18 12:02:49,758 - INFO - ODIN AUOUT Synset Performance
2022-05-18 12:02:49,758 - INFO - [-1, -1, -1, -1, -1, -1, -1, -1, -1, -1, -1, -1, -1, -1, -1, -1, -1, -1, -1, -1, -1, -1, -1, -1, -1, -1, -1, -1, -1, -1, -1, -1, -1, -1, -1, -1, -1, -1, -1, -1, -1, -1, -1, -1, -1, -1, -1, -1, -1, -1, -1, -1, -1, -1, -1, -1, -1, -1, -1, -1, -1, -1, -1, -1, -1, -1, -1, -1, -1, -1, -1, -1, -1, -1, -1, -1, -1, -1, -1, -1, -1, -1, 0.09027322853919331, 0.3565751514629447, 0.2066572403119365, 0.7763711107056008]
2022-05-18 12:02:49,758 - INFO - MSP Metrics using max activations accumulated across all appropriate synsets:
	AUROC -0.0
	TNR 0.0
	AUOUT 0.09027322853919331
2022-05-18 12:02:49,758 - INFO - ODIN Metrics using max activations accumulated across all appropriate synsets:
	AUROC -0.0
	TNR 0.0
	AUOUT 0.09027322853919331
2022-05-18 12:02:49,758 - INFO - MSP Metrics using max entropy along path:
	AUROC 0.867429057406095
	TNR 0.2552941176470588
	AUOUT 0.4836854697194908
2022-05-18 12:02:49,758 - INFO - ODIN Metrics using max entropy along path:
	AUROC 0.8285641389085754
	TNR 0.0
	AUOUT 0.3565751514629447
2022-05-18 12:02:49,758 - INFO - MSP Metrics using predicted activations:
	AUROC 0.9138815024805103
	TNR 0.6129411764705882
	AUOUT 0.7100623762328051
2022-05-18 12:02:49,758 - INFO - ODIN Metrics using predicted activations:
	AUROC 0.6504731396172927
	TNR 0.0
	AUOUT 0.2066572403119365
2022-05-18 12:02:49,758 - INFO - MSP Metrics using mean entropy along path:
	AUROC 0.9280666194188518
	TNR 0.6729411764705882
	AUOUT 0.7486770368025917
2022-05-18 12:02:49,758 - INFO - ODIN Metrics using mean entropy along path:
	AUROC 0.9334364280652021
	TNR 0.7223529411764706
	AUOUT 0.7763711107056008
2022-05-18 12:02:49,758 - INFO - MSP Metrics using min entropy along path:
	AUROC 0.9282741318214033
	TNR 0.6764705882352942
	AUOUT 0.7703744880474487
2022-05-18 12:02:49,758 - INFO - ODIN Metrics using min entropy along path:
	AUROC 0.9277817150956768
	TNR 0.6741176470588235
	AUOUT 0.7666392446997325
2022-05-18 12:02:49,759 - INFO - OOD Path entropy min idx (msp): [0. 1. 2. 3. 4. 5. 6. 7.], [248  98 155  82 162  77  27   1]
2022-05-18 12:02:49,759 - INFO - OOD Path entropy min idx (odin): [0. 1. 2. 3. 4. 5. 6. 7.], [258  97 156  82 158  72  26   1]
2022-05-18 12:02:49,760 - INFO - OOD Dataset: iNaturalist
2022-05-18 12:02:49,760 - INFO - MSP AUROC Synset Performance
2022-05-18 12:02:49,760 - INFO - [-1, -1, -1, -1, -1, -1, -1, -1, -1, -1, -1, -1, -1, -1, -1, -1, -1, -1, -1, -1, -1, -1, -1, -1, -1, -1, -1, -1, -1, -1, -1, -1, -1, -1, -1, -1, -1, -1, -1, -1, -1, -1, -1, -1, -1, -1, -1, -1, -1, -1, -1, -1, -1, -1, -1, -1, -1, -1, -1, -1, -1, -1, -1, -1, -1, -1, -1, -1, -1, -1, -1, -1, -1, -1, -1, -1, -1, -1, -1, -1, -1, -1, -0.0, 0.881659421686747, 0.930458, 0.9413322891566264]
2022-05-18 12:02:49,760 - INFO - MSP TNR Synset Performance
2022-05-18 12:02:49,760 - INFO - [-1, -1, -1, -1, -1, -1, -1, -1, -1, -1, -1, -1, -1, -1, -1, -1, -1, -1, -1, -1, -1, -1, -1, -1, -1, -1, -1, -1, -1, -1, -1, -1, -1, -1, -1, -1, -1, -1, -1, -1, -1, -1, -1, -1, -1, -1, -1, -1, -1, -1, -1, -1, -1, -1, -1, -1, -1, -1, -1, -1, -1, -1, -1, -1, -1, -1, -1, -1, -1, -1, -1, -1, -1, -1, -1, -1, -1, -1, -1, -1, -1, -1, 0.0, 0.29069999999999996, 0.6485000000000001, 0.6843]
2022-05-18 12:02:49,760 - INFO - MSP AUOUT Synset Performance
2022-05-18 12:02:49,760 - INFO - [-1, -1, -1, -1, -1, -1, -1, -1, -1, -1, -1, -1, -1, -1, -1, -1, -1, -1, -1, -1, -1, -1, -1, -1, -1, -1, -1, -1, -1, -1, -1, -1, -1, -1, -1, -1, -1, -1, -1, -1, -1, -1, -1, -1, -1, -1, -1, -1, -1, -1, -1, -1, -1, -1, -1, -1, -1, -1, -1, -1, -1, -1, -1, -1, -1, -1, -1, -1, -1, -1, -1, -1, -1, -1, -1, -1, -1, -1, -1, -1, -1, -1, 0.4909583878783369, 0.9230275237032697, 0.9661968706361176, 0.9711462508046151]
2022-05-18 12:02:49,760 - INFO - ODIN AUROC Synset Performance
2022-05-18 12:02:49,760 - INFO - [-1, -1, -1, -1, -1, -1, -1, -1, -1, -1, -1, -1, -1, -1, -1, -1, -1, -1, -1, -1, -1, -1, -1, -1, -1, -1, -1, -1, -1, -1, -1, -1, -1, -1, -1, -1, -1, -1, -1, -1, -1, -1, -1, -1, -1, -1, -1, -1, -1, -1, -1, -1, -1, -1, -1, -1, -1, -1, -1, -1, -1, -1, -1, -1, -1, -1, -1, -1, -1, -1, -1, -1, -1, -1, -1, -1, -1, -1, -1, -1, -1, -1, -0.0, 0.8391889879518072, 0.7203351325301204, 0.9515640481927711]
2022-05-18 12:02:49,760 - INFO - ODIN TNR Synset Performance
2022-05-18 12:02:49,760 - INFO - [-1, -1, -1, -1, -1, -1, -1, -1, -1, -1, -1, -1, -1, -1, -1, -1, -1, -1, -1, -1, -1, -1, -1, -1, -1, -1, -1, -1, -1, -1, -1, -1, -1, -1, -1, -1, -1, -1, -1, -1, -1, -1, -1, -1, -1, -1, -1, -1, -1, -1, -1, -1, -1, -1, -1, -1, -1, -1, -1, -1, -1, -1, -1, -1, -1, -1, -1, -1, -1, -1, -1, -1, -1, -1, -1, -1, -1, -1, -1, -1, -1, -1, 0.0, 0.0, 0.00039999999999995595, 0.7115]
2022-05-18 12:02:49,760 - INFO - ODIN AUOUT Synset Performance
2022-05-18 12:02:49,760 - INFO - [-1, -1, -1, -1, -1, -1, -1, -1, -1, -1, -1, -1, -1, -1, -1, -1, -1, -1, -1, -1, -1, -1, -1, -1, -1, -1, -1, -1, -1, -1, -1, -1, -1, -1, -1, -1, -1, -1, -1, -1, -1, -1, -1, -1, -1, -1, -1, -1, -1, -1, -1, -1, -1, -1, -1, -1, -1, -1, -1, -1, -1, -1, -1, -1, -1, -1, -1, -1, -1, -1, -1, -1, -1, -1, -1, -1, -1, -1, -1, -1, -1, -1, 0.4909583878783369, 0.8368093270912247, 0.7580888986501648, 0.9756519055044883]
2022-05-18 12:02:49,760 - INFO - MSP Metrics using max activations accumulated across all appropriate synsets:
	AUROC -0.0
	TNR 0.0
	AUOUT 0.4909583878783369
2022-05-18 12:02:49,760 - INFO - ODIN Metrics using max activations accumulated across all appropriate synsets:
	AUROC -0.0
	TNR 0.0
	AUOUT 0.4909583878783369
2022-05-18 12:02:49,760 - INFO - MSP Metrics using max entropy along path:
	AUROC 0.881659421686747
	TNR 0.29069999999999996
	AUOUT 0.9230275237032697
2022-05-18 12:02:49,761 - INFO - ODIN Metrics using max entropy along path:
	AUROC 0.8391889879518072
	TNR 0.0
	AUOUT 0.8368093270912247
2022-05-18 12:02:49,761 - INFO - MSP Metrics using predicted activations:
	AUROC 0.930458
	TNR 0.6485000000000001
	AUOUT 0.9661968706361176
2022-05-18 12:02:49,761 - INFO - ODIN Metrics using predicted activations:
	AUROC 0.7203351325301204
	TNR 0.00039999999999995595
	AUOUT 0.7580888986501648
2022-05-18 12:02:49,761 - INFO - MSP Metrics using mean entropy along path:
	AUROC 0.9413322891566264
	TNR 0.6843
	AUOUT 0.9711462508046151
2022-05-18 12:02:49,761 - INFO - ODIN Metrics using mean entropy along path:
	AUROC 0.9515640481927711
	TNR 0.7115
	AUOUT 0.9756519055044883
2022-05-18 12:02:49,761 - INFO - MSP Metrics using min entropy along path:
	AUROC 0.9426328915662651
	TNR 0.6767000000000001
	AUOUT 0.9718904677935235
2022-05-18 12:02:49,761 - INFO - ODIN Metrics using min entropy along path:
	AUROC 0.9421480722891566
	TNR 0.6727000000000001
	AUOUT 0.9714840181757984
2022-05-18 12:02:49,762 - INFO - OOD Path entropy min idx (msp): [0. 1. 2. 3. 4. 5. 6. 7.], [2828 2312 1176  932  913 1292  480   67]
2022-05-18 12:02:49,762 - INFO - OOD Path entropy min idx (odin): [0. 1. 2. 3. 4. 5. 6. 7.], [2892 2332 1189  910  903 1256  452   66]
2022-05-18 12:02:49,762 - INFO - OOD Dataset: SUN
2022-05-18 12:02:49,762 - INFO - MSP AUROC Synset Performance
2022-05-18 12:02:49,762 - INFO - [-1, -1, -1, -1, -1, -1, -1, -1, -1, -1, -1, -1, -1, -1, -1, -1, -1, -1, -1, -1, -1, -1, -1, -1, -1, -1, -1, -1, -1, -1, -1, -1, -1, -1, -1, -1, -1, -1, -1, -1, -1, -1, -1, -1, -1, -1, -1, -1, -1, -1, -1, -1, -1, -1, -1, -1, -1, -1, -1, -1, -1, -1, -1, -1, -1, -1, -1, -1, -1, -1, -1, -1, -1, -1, -1, -1, -1, -1, -1, -1, -1, -1, -0.0, 0.8925566265060241, 0.9434974698795181, 0.9577630843373495]
2022-05-18 12:02:49,763 - INFO - MSP TNR Synset Performance
2022-05-18 12:02:49,763 - INFO - [-1, -1, -1, -1, -1, -1, -1, -1, -1, -1, -1, -1, -1, -1, -1, -1, -1, -1, -1, -1, -1, -1, -1, -1, -1, -1, -1, -1, -1, -1, -1, -1, -1, -1, -1, -1, -1, -1, -1, -1, -1, -1, -1, -1, -1, -1, -1, -1, -1, -1, -1, -1, -1, -1, -1, -1, -1, -1, -1, -1, -1, -1, -1, -1, -1, -1, -1, -1, -1, -1, -1, -1, -1, -1, -1, -1, -1, -1, -1, -1, -1, -1, 0.0, 0.3032, 0.7007, 0.7695]
2022-05-18 12:02:49,763 - INFO - MSP AUOUT Synset Performance
2022-05-18 12:02:49,763 - INFO - [-1, -1, -1, -1, -1, -1, -1, -1, -1, -1, -1, -1, -1, -1, -1, -1, -1, -1, -1, -1, -1, -1, -1, -1, -1, -1, -1, -1, -1, -1, -1, -1, -1, -1, -1, -1, -1, -1, -1, -1, -1, -1, -1, -1, -1, -1, -1, -1, -1, -1, -1, -1, -1, -1, -1, -1, -1, -1, -1, -1, -1, -1, -1, -1, -1, -1, -1, -1, -1, -1, -1, -1, -1, -1, -1, -1, -1, -1, -1, -1, -1, -1, 0.4909583878783369, 0.9288434887530543, 0.9721920784882404, 0.9788468191358503]
2022-05-18 12:02:49,763 - INFO - ODIN AUROC Synset Performance
2022-05-18 12:02:49,763 - INFO - [-1, -1, -1, -1, -1, -1, -1, -1, -1, -1, -1, -1, -1, -1, -1, -1, -1, -1, -1, -1, -1, -1, -1, -1, -1, -1, -1, -1, -1, -1, -1, -1, -1, -1, -1, -1, -1, -1, -1, -1, -1, -1, -1, -1, -1, -1, -1, -1, -1, -1, -1, -1, -1, -1, -1, -1, -1, -1, -1, -1, -1, -1, -1, -1, -1, -1, -1, -1, -1, -1, -1, -1, -1, -1, -1, -1, -1, -1, -1, -1, -1, -1, -0.0, 0.8482163855421687, 0.6876010602409639, 0.9691950843373495]
2022-05-18 12:02:49,763 - INFO - ODIN TNR Synset Performance
2022-05-18 12:02:49,763 - INFO - [-1, -1, -1, -1, -1, -1, -1, -1, -1, -1, -1, -1, -1, -1, -1, -1, -1, -1, -1, -1, -1, -1, -1, -1, -1, -1, -1, -1, -1, -1, -1, -1, -1, -1, -1, -1, -1, -1, -1, -1, -1, -1, -1, -1, -1, -1, -1, -1, -1, -1, -1, -1, -1, -1, -1, -1, -1, -1, -1, -1, -1, -1, -1, -1, -1, -1, -1, -1, -1, -1, -1, -1, -1, -1, -1, -1, -1, -1, -1, -1, -1, -1, 0.0, 0.0, 0.0009000000000000119, 0.8068]
2022-05-18 12:02:49,763 - INFO - ODIN AUOUT Synset Performance
2022-05-18 12:02:49,763 - INFO - [-1, -1, -1, -1, -1, -1, -1, -1, -1, -1, -1, -1, -1, -1, -1, -1, -1, -1, -1, -1, -1, -1, -1, -1, -1, -1, -1, -1, -1, -1, -1, -1, -1, -1, -1, -1, -1, -1, -1, -1, -1, -1, -1, -1, -1, -1, -1, -1, -1, -1, -1, -1, -1, -1, -1, -1, -1, -1, -1, -1, -1, -1, -1, -1, -1, -1, -1, -1, -1, -1, -1, -1, -1, -1, -1, -1, -1, -1, -1, -1, -1, -1, 0.4909583878783369, 0.8404752937809461, 0.7401738842775576, 0.9838344339949892]
2022-05-18 12:02:49,763 - INFO - MSP Metrics using max activations accumulated across all appropriate synsets:
	AUROC -0.0
	TNR 0.0
	AUOUT 0.4909583878783369
2022-05-18 12:02:49,763 - INFO - ODIN Metrics using max activations accumulated across all appropriate synsets:
	AUROC -0.0
	TNR 0.0
	AUOUT 0.4909583878783369
2022-05-18 12:02:49,763 - INFO - MSP Metrics using max entropy along path:
	AUROC 0.8925566265060241
	TNR 0.3032
	AUOUT 0.9288434887530543
2022-05-18 12:02:49,763 - INFO - ODIN Metrics using max entropy along path:
	AUROC 0.8482163855421687
	TNR 0.0
	AUOUT 0.8404752937809461
2022-05-18 12:02:49,763 - INFO - MSP Metrics using predicted activations:
	AUROC 0.9434974698795181
	TNR 0.7007
	AUOUT 0.9721920784882404
2022-05-18 12:02:49,763 - INFO - ODIN Metrics using predicted activations:
	AUROC 0.6876010602409639
	TNR 0.0009000000000000119
	AUOUT 0.7401738842775576
2022-05-18 12:02:49,763 - INFO - MSP Metrics using mean entropy along path:
	AUROC 0.9577630843373495
	TNR 0.7695
	AUOUT 0.9788468191358503
2022-05-18 12:02:49,763 - INFO - ODIN Metrics using mean entropy along path:
	AUROC 0.9691950843373495
	TNR 0.8068
	AUOUT 0.9838344339949892
2022-05-18 12:02:49,763 - INFO - MSP Metrics using min entropy along path:
	AUROC 0.9662307469879519
	TNR 0.7852
	AUOUT 0.9827062690852789
2022-05-18 12:02:49,763 - INFO - ODIN Metrics using min entropy along path:
	AUROC 0.9657994457831326
	TNR 0.7807
	AUOUT 0.9823363054798733
2022-05-18 12:02:49,765 - INFO - OOD Path entropy min idx (msp): [0. 1. 2. 3. 4. 5. 6. 7. 8.], [ 854 2039 2120 1158 1687 1386  698   56    2]
2022-05-18 12:02:49,765 - INFO - OOD Path entropy min idx (odin): [0. 1. 2. 3. 4. 5. 6. 7. 8.], [ 910 2095 2114 1151 1646 1348  680   54    2]
2022-05-18 12:02:49,765 - INFO - OOD Dataset: Places
2022-05-18 12:02:49,765 - INFO - MSP AUROC Synset Performance
2022-05-18 12:02:49,765 - INFO - [-1, -1, -1, -1, -1, -1, -1, -1, -1, -1, -1, -1, -1, -1, -1, -1, -1, -1, -1, -1, -1, -1, -1, -1, -1, -1, -1, -1, -1, -1, -1, -1, -1, -1, -1, -1, -1, -1, -1, -1, -1, -1, -1, -1, -1, -1, -1, -1, -1, -1, -1, -1, -1, -1, -1, -1, -1, -1, -1, -1, -1, -1, -1, -1, -1, -1, -1, -1, -1, -1, -1, -1, -1, -1, -1, -1, -1, -1, -1, -1, -1, -1, -0.0, 0.8798407710843372, 0.9281921445783131, 0.9447519277108435]
2022-05-18 12:02:49,765 - INFO - MSP TNR Synset Performance
2022-05-18 12:02:49,765 - INFO - [-1, -1, -1, -1, -1, -1, -1, -1, -1, -1, -1, -1, -1, -1, -1, -1, -1, -1, -1, -1, -1, -1, -1, -1, -1, -1, -1, -1, -1, -1, -1, -1, -1, -1, -1, -1, -1, -1, -1, -1, -1, -1, -1, -1, -1, -1, -1, -1, -1, -1, -1, -1, -1, -1, -1, -1, -1, -1, -1, -1, -1, -1, -1, -1, -1, -1, -1, -1, -1, -1, -1, -1, -1, -1, -1, -1, -1, -1, -1, -1, -1, -1, 0.0, 0.2791, 0.6372, 0.7057]
2022-05-18 12:02:49,765 - INFO - MSP AUOUT Synset Performance
2022-05-18 12:02:49,765 - INFO - [-1, -1, -1, -1, -1, -1, -1, -1, -1, -1, -1, -1, -1, -1, -1, -1, -1, -1, -1, -1, -1, -1, -1, -1, -1, -1, -1, -1, -1, -1, -1, -1, -1, -1, -1, -1, -1, -1, -1, -1, -1, -1, -1, -1, -1, -1, -1, -1, -1, -1, -1, -1, -1, -1, -1, -1, -1, -1, -1, -1, -1, -1, -1, -1, -1, -1, -1, -1, -1, -1, -1, -1, -1, -1, -1, -1, -1, -1, -1, -1, -1, -1, 0.4909583878783369, 0.9210187082363442, 0.9642768794667721, 0.9722640969659726]
2022-05-18 12:02:49,765 - INFO - ODIN AUROC Synset Performance
2022-05-18 12:02:49,765 - INFO - [-1, -1, -1, -1, -1, -1, -1, -1, -1, -1, -1, -1, -1, -1, -1, -1, -1, -1, -1, -1, -1, -1, -1, -1, -1, -1, -1, -1, -1, -1, -1, -1, -1, -1, -1, -1, -1, -1, -1, -1, -1, -1, -1, -1, -1, -1, -1, -1, -1, -1, -1, -1, -1, -1, -1, -1, -1, -1, -1, -1, -1, -1, -1, -1, -1, -1, -1, -1, -1, -1, -1, -1, -1, -1, -1, -1, -1, -1, -1, -1, -1, -1, -0.0, 0.8383497831325301, 0.6768453493975902, 0.9568929397590362]
2022-05-18 12:02:49,766 - INFO - ODIN TNR Synset Performance
2022-05-18 12:02:49,766 - INFO - [-1, -1, -1, -1, -1, -1, -1, -1, -1, -1, -1, -1, -1, -1, -1, -1, -1, -1, -1, -1, -1, -1, -1, -1, -1, -1, -1, -1, -1, -1, -1, -1, -1, -1, -1, -1, -1, -1, -1, -1, -1, -1, -1, -1, -1, -1, -1, -1, -1, -1, -1, -1, -1, -1, -1, -1, -1, -1, -1, -1, -1, -1, -1, -1, -1, -1, -1, -1, -1, -1, -1, -1, -1, -1, -1, -1, -1, -1, -1, -1, -1, -1, 0.0, 0.0, 0.0030999999999999917, 0.7504]
2022-05-18 12:02:49,766 - INFO - ODIN AUOUT Synset Performance
2022-05-18 12:02:49,766 - INFO - [-1, -1, -1, -1, -1, -1, -1, -1, -1, -1, -1, -1, -1, -1, -1, -1, -1, -1, -1, -1, -1, -1, -1, -1, -1, -1, -1, -1, -1, -1, -1, -1, -1, -1, -1, -1, -1, -1, -1, -1, -1, -1, -1, -1, -1, -1, -1, -1, -1, -1, -1, -1, -1, -1, -1, -1, -1, -1, -1, -1, -1, -1, -1, -1, -1, -1, -1, -1, -1, -1, -1, -1, -1, -1, -1, -1, -1, -1, -1, -1, -1, -1, 0.4909583878783369, 0.8364057721841844, 0.7378694238060243, 0.9778178367685214]
2022-05-18 12:02:49,766 - INFO - MSP Metrics using max activations accumulated across all appropriate synsets:
	AUROC -0.0
	TNR 0.0
	AUOUT 0.4909583878783369
2022-05-18 12:02:49,766 - INFO - ODIN Metrics using max activations accumulated across all appropriate synsets:
	AUROC -0.0
	TNR 0.0
	AUOUT 0.4909583878783369
2022-05-18 12:02:49,766 - INFO - MSP Metrics using max entropy along path:
	AUROC 0.8798407710843372
	TNR 0.2791
	AUOUT 0.9210187082363442
2022-05-18 12:02:49,766 - INFO - ODIN Metrics using max entropy along path:
	AUROC 0.8383497831325301
	TNR 0.0
	AUOUT 0.8364057721841844
2022-05-18 12:02:49,766 - INFO - MSP Metrics using predicted activations:
	AUROC 0.9281921445783131
	TNR 0.6372
	AUOUT 0.9642768794667721
2022-05-18 12:02:49,766 - INFO - ODIN Metrics using predicted activations:
	AUROC 0.6768453493975902
	TNR 0.0030999999999999917
	AUOUT 0.7378694238060243
2022-05-18 12:02:49,766 - INFO - MSP Metrics using mean entropy along path:
	AUROC 0.9447519277108435
	TNR 0.7057
	AUOUT 0.9722640969659726
2022-05-18 12:02:49,766 - INFO - ODIN Metrics using mean entropy along path:
	AUROC 0.9568929397590362
	TNR 0.7504
	AUOUT 0.9778178367685214
2022-05-18 12:02:49,766 - INFO - MSP Metrics using min entropy along path:
	AUROC 0.9521548433734941
	TNR 0.7275
	AUOUT 0.97609993214073
2022-05-18 12:02:49,766 - INFO - ODIN Metrics using min entropy along path:
	AUROC 0.9516758072289158
	TNR 0.7217
	AUOUT 0.9756701326717072
2022-05-18 12:02:49,767 - INFO - OOD Path entropy min idx (msp): [0. 1. 2. 3. 4. 5. 6. 7.], [1007 1889 2294 1228 1576 1364  579   63]
2022-05-18 12:02:49,768 - INFO - OOD Path entropy min idx (odin): [0. 1. 2. 3. 4. 5. 6. 7.], [1058 1933 2312 1211 1549 1316  559   62]
2022-05-18 12:02:49,768 - INFO - OOD Dataset: Textures
2022-05-18 12:02:49,768 - INFO - MSP AUROC Synset Performance
2022-05-18 12:02:49,768 - INFO - [-1, -1, -1, -1, -1, -1, -1, -1, -1, -1, -1, -1, -1, -1, -1, -1, -1, -1, -1, -1, -1, -1, -1, -1, -1, -1, -1, -1, -1, -1, -1, -1, -1, -1, -1, -1, -1, -1, -1, -1, -1, -1, -1, -1, -1, -1, -1, -1, -1, -1, -1, -1, -1, -1, -1, -1, -1, -1, -1, -1, -1, -1, -1, -1, -1, -1, -1, -1, -1, -1, -1, -1, -1, -1, -1, -1, -1, -1, -1, -1, -1, -1, -0.0, 0.8529963684525336, 0.895863453815261, 0.912152097752713]
2022-05-18 12:02:49,768 - INFO - MSP TNR Synset Performance
2022-05-18 12:02:49,768 - INFO - [-1, -1, -1, -1, -1, -1, -1, -1, -1, -1, -1, -1, -1, -1, -1, -1, -1, -1, -1, -1, -1, -1, -1, -1, -1, -1, -1, -1, -1, -1, -1, -1, -1, -1, -1, -1, -1, -1, -1, -1, -1, -1, -1, -1, -1, -1, -1, -1, -1, -1, -1, -1, -1, -1, -1, -1, -1, -1, -1, -1, -1, -1, -1, -1, -1, -1, -1, -1, -1, -1, -1, -1, -1, -1, -1, -1, -1, -1, -1, -1, -1, -1, 0.0, 0.26081560283687943, 0.5620567375886525, 0.624290780141844]
2022-05-18 12:02:49,768 - INFO - MSP AUOUT Synset Performance
2022-05-18 12:02:49,768 - INFO - [-1, -1, -1, -1, -1, -1, -1, -1, -1, -1, -1, -1, -1, -1, -1, -1, -1, -1, -1, -1, -1, -1, -1, -1, -1, -1, -1, -1, -1, -1, -1, -1, -1, -1, -1, -1, -1, -1, -1, -1, -1, -1, -1, -1, -1, -1, -1, -1, -1, -1, -1, -1, -1, -1, -1, -1, -1, -1, -1, -1, -1, -1, -1, -1, -1, -1, -1, -1, -1, -1, -1, -1, -1, -1, -1, -1, -1, -1, -1, -1, -1, -1, 0.36848395850775695, 0.8510697206437555, 0.9196671116290046, 0.9324927473253639]
2022-05-18 12:02:49,768 - INFO - ODIN AUROC Synset Performance
2022-05-18 12:02:49,768 - INFO - [-1, -1, -1, -1, -1, -1, -1, -1, -1, -1, -1, -1, -1, -1, -1, -1, -1, -1, -1, -1, -1, -1, -1, -1, -1, -1, -1, -1, -1, -1, -1, -1, -1, -1, -1, -1, -1, -1, -1, -1, -1, -1, -1, -1, -1, -1, -1, -1, -1, -1, -1, -1, -1, -1, -1, -1, -1, -1, -1, -1, -1, -1, -1, -1, -1, -1, -1, -1, -1, -1, -1, -1, -1, -1, -1, -1, -1, -1, -1, -1, -1, -1, -0.0, 0.8140409296761515, 0.6650335811330428, 0.9330024352730069]
2022-05-18 12:02:49,768 - INFO - ODIN TNR Synset Performance
2022-05-18 12:02:49,768 - INFO - [-1, -1, -1, -1, -1, -1, -1, -1, -1, -1, -1, -1, -1, -1, -1, -1, -1, -1, -1, -1, -1, -1, -1, -1, -1, -1, -1, -1, -1, -1, -1, -1, -1, -1, -1, -1, -1, -1, -1, -1, -1, -1, -1, -1, -1, -1, -1, -1, -1, -1, -1, -1, -1, -1, -1, -1, -1, -1, -1, -1, -1, -1, -1, -1, -1, -1, -1, -1, -1, -1, -1, -1, -1, -1, -1, -1, -1, -1, -1, -1, -1, -1, 0.0, 0.0, 0.0024822695035461306, 0.6629432624113476]
2022-05-18 12:02:49,768 - INFO - ODIN AUOUT Synset Performance
2022-05-18 12:02:49,768 - INFO - [-1, -1, -1, -1, -1, -1, -1, -1, -1, -1, -1, -1, -1, -1, -1, -1, -1, -1, -1, -1, -1, -1, -1, -1, -1, -1, -1, -1, -1, -1, -1, -1, -1, -1, -1, -1, -1, -1, -1, -1, -1, -1, -1, -1, -1, -1, -1, -1, -1, -1, -1, -1, -1, -1, -1, -1, -1, -1, -1, -1, -1, -1, -1, -1, -1, -1, -1, -1, -1, -1, -1, -1, -1, -1, -1, -1, -1, -1, -1, -1, -1, -1, 0.36848395850775695, 0.7441159061133519, 0.6244668317620288, 0.9468802043167494]
2022-05-18 12:02:49,768 - INFO - MSP Metrics using max activations accumulated across all appropriate synsets:
	AUROC -0.0
	TNR 0.0
	AUOUT 0.36848395850775695
2022-05-18 12:02:49,769 - INFO - ODIN Metrics using max activations accumulated across all appropriate synsets:
	AUROC -0.0
	TNR 0.0
	AUOUT 0.36848395850775695
2022-05-18 12:02:49,769 - INFO - MSP Metrics using max entropy along path:
	AUROC 0.8529963684525336
	TNR 0.26081560283687943
	AUOUT 0.8510697206437555
2022-05-18 12:02:49,769 - INFO - ODIN Metrics using max entropy along path:
	AUROC 0.8140409296761515
	TNR 0.0
	AUOUT 0.7441159061133519
2022-05-18 12:02:49,769 - INFO - MSP Metrics using predicted activations:
	AUROC 0.895863453815261
	TNR 0.5620567375886525
	AUOUT 0.9196671116290046
2022-05-18 12:02:49,769 - INFO - ODIN Metrics using predicted activations:
	AUROC 0.6650335811330428
	TNR 0.0024822695035461306
	AUOUT 0.6244668317620288
2022-05-18 12:02:49,769 - INFO - MSP Metrics using mean entropy along path:
	AUROC 0.912152097752713
	TNR 0.624290780141844
	AUOUT 0.9324927473253639
2022-05-18 12:02:49,769 - INFO - ODIN Metrics using mean entropy along path:
	AUROC 0.9330024352730069
	TNR 0.6629432624113476
	AUOUT 0.9468802043167494
2022-05-18 12:02:49,769 - INFO - MSP Metrics using min entropy along path:
	AUROC 0.9286729043834915
	TNR 0.6540780141843971
	AUOUT 0.9447450447580266
2022-05-18 12:02:49,769 - INFO - ODIN Metrics using min entropy along path:
	AUROC 0.9281804238229514
	TNR 0.6492907801418439
	AUOUT 0.9440443825828835
2022-05-18 12:02:49,770 - INFO - OOD Path entropy min idx (msp): [0. 1. 2. 3. 4. 5. 6. 7.], [ 613  580 1302  820  891  934  400  100]
2022-05-18 12:02:49,770 - INFO - OOD Path entropy min idx (odin): [0. 1. 2. 3. 4. 5. 6. 7.], [ 636  601 1313  814  877  910  391   98]
2022-05-18 12:02:49,770 - INFO - OOD Dataset: coarseid-coarseood
2022-05-18 12:02:49,770 - INFO - MSP AUROC Synset Performance
2022-05-18 12:02:49,770 - INFO - [-1, -1, -1, -1, -1, -1, -1, -1, -1, -1, -1, -1, -1, -1, -1, -1, -1, -1, -1, -1, -1, -1, -1, -1, -1, -1, -1, -1, -1, -1, -1, -1, -1, -1, -1, -1, -1, -1, -1, -1, -1, -1, -1, -1, -1, -1, -1, -1, -1, -1, -1, -1, -1, -1, -1, -1, -1, -1, -1, -1, -1, -1, -1, -1, -1, -1, -1, -1, -1, -1, -1, -1, -1, -1, -1, -1, -1, -1, -1, -1, -1, -1, -0.0, 0.886475387263339, 0.9391669535283993, 0.9554426850258175]
2022-05-18 12:02:49,770 - INFO - MSP TNR Synset Performance
2022-05-18 12:02:49,770 - INFO - [-1, -1, -1, -1, -1, -1, -1, -1, -1, -1, -1, -1, -1, -1, -1, -1, -1, -1, -1, -1, -1, -1, -1, -1, -1, -1, -1, -1, -1, -1, -1, -1, -1, -1, -1, -1, -1, -1, -1, -1, -1, -1, -1, -1, -1, -1, -1, -1, -1, -1, -1, -1, -1, -1, -1, -1, -1, -1, -1, -1, -1, -1, -1, -1, -1, -1, -1, -1, -1, -1, -1, -1, -1, -1, -1, -1, -1, -1, -1, -1, -1, -1, 0.0, 0.2785714285714286, 0.6842857142857143, 0.7514285714285714]
2022-05-18 12:02:49,771 - INFO - MSP AUOUT Synset Performance
2022-05-18 12:02:49,771 - INFO - [-1, -1, -1, -1, -1, -1, -1, -1, -1, -1, -1, -1, -1, -1, -1, -1, -1, -1, -1, -1, -1, -1, -1, -1, -1, -1, -1, -1, -1, -1, -1, -1, -1, -1, -1, -1, -1, -1, -1, -1, -1, -1, -1, -1, -1, -1, -1, -1, -1, -1, -1, -1, -1, -1, -1, -1, -1, -1, -1, -1, -1, -1, -1, -1, -1, -1, -1, -1, -1, -1, -1, -1, -1, -1, -1, -1, -1, -1, -1, -1, -1, -1, 0.07591136598393841, 0.46378809349539374, 0.7284277834906847, 0.7752688534622052]
2022-05-18 12:02:49,771 - INFO - ODIN AUROC Synset Performance
2022-05-18 12:02:49,771 - INFO - [-1, -1, -1, -1, -1, -1, -1, -1, -1, -1, -1, -1, -1, -1, -1, -1, -1, -1, -1, -1, -1, -1, -1, -1, -1, -1, -1, -1, -1, -1, -1, -1, -1, -1, -1, -1, -1, -1, -1, -1, -1, -1, -1, -1, -1, -1, -1, -1, -1, -1, -1, -1, -1, -1, -1, -1, -1, -1, -1, -1, -1, -1, -1, -1, -1, -1, -1, -1, -1, -1, -1, -1, -1, -1, -1, -1, -1, -1, -1, -1, -1, -1, -0.0, 0.8450502581755593, 0.6755555938037866, 0.9685999999999999]
2022-05-18 12:02:49,771 - INFO - ODIN TNR Synset Performance
2022-05-18 12:02:49,771 - INFO - [-1, -1, -1, -1, -1, -1, -1, -1, -1, -1, -1, -1, -1, -1, -1, -1, -1, -1, -1, -1, -1, -1, -1, -1, -1, -1, -1, -1, -1, -1, -1, -1, -1, -1, -1, -1, -1, -1, -1, -1, -1, -1, -1, -1, -1, -1, -1, -1, -1, -1, -1, -1, -1, -1, -1, -1, -1, -1, -1, -1, -1, -1, -1, -1, -1, -1, -1, -1, -1, -1, -1, -1, -1, -1, -1, -1, -1, -1, -1, -1, -1, -1, 0.0, 0.0, 0.0, 0.8114285714285714]
2022-05-18 12:02:49,771 - INFO - ODIN AUOUT Synset Performance
2022-05-18 12:02:49,771 - INFO - [-1, -1, -1, -1, -1, -1, -1, -1, -1, -1, -1, -1, -1, -1, -1, -1, -1, -1, -1, -1, -1, -1, -1, -1, -1, -1, -1, -1, -1, -1, -1, -1, -1, -1, -1, -1, -1, -1, -1, -1, -1, -1, -1, -1, -1, -1, -1, -1, -1, -1, -1, -1, -1, -1, -1, -1, -1, -1, -1, -1, -1, -1, -1, -1, -1, -1, -1, -1, -1, -1, -1, -1, -1, -1, -1, -1, -1, -1, -1, -1, -1, -1, 0.07591136598393841, 0.33053059189473843, 0.18633962238922475, 0.8120036856466372]
2022-05-18 12:02:49,771 - INFO - MSP Metrics using max activations accumulated across all appropriate synsets:
	AUROC -0.0
	TNR 0.0
	AUOUT 0.07591136598393841
2022-05-18 12:02:49,771 - INFO - ODIN Metrics using max activations accumulated across all appropriate synsets:
	AUROC -0.0
	TNR 0.0
	AUOUT 0.07591136598393841
2022-05-18 12:02:49,771 - INFO - MSP Metrics using max entropy along path:
	AUROC 0.886475387263339
	TNR 0.2785714285714286
	AUOUT 0.46378809349539374
2022-05-18 12:02:49,771 - INFO - ODIN Metrics using max entropy along path:
	AUROC 0.8450502581755593
	TNR 0.0
	AUOUT 0.33053059189473843
2022-05-18 12:02:49,771 - INFO - MSP Metrics using predicted activations:
	AUROC 0.9391669535283993
	TNR 0.6842857142857143
	AUOUT 0.7284277834906847
2022-05-18 12:02:49,771 - INFO - ODIN Metrics using predicted activations:
	AUROC 0.6755555938037866
	TNR 0.0
	AUOUT 0.18633962238922475
2022-05-18 12:02:49,771 - INFO - MSP Metrics using mean entropy along path:
	AUROC 0.9554426850258175
	TNR 0.7514285714285714
	AUOUT 0.7752688534622052
2022-05-18 12:02:49,771 - INFO - ODIN Metrics using mean entropy along path:
	AUROC 0.9685999999999999
	TNR 0.8114285714285714
	AUOUT 0.8120036856466372
2022-05-18 12:02:49,771 - INFO - MSP Metrics using min entropy along path:
	AUROC 0.9656743545611016
	TNR 0.7671428571428571
	AUOUT 0.8095431446752483
2022-05-18 12:02:49,771 - INFO - ODIN Metrics using min entropy along path:
	AUROC 0.9652168674698796
	TNR 0.7642857142857142
	AUOUT 0.8052707801697011
2022-05-18 12:02:49,772 - INFO - OOD Path entropy min idx (msp): [0. 1. 2. 3. 4. 5. 6. 7.], [208  85 112  66 136  66  26   1]
2022-05-18 12:02:49,772 - INFO - OOD Path entropy min idx (odin): [0. 1. 2. 3. 4. 5. 6. 7.], [218  84 113  66 132  61  25   1]
2022-05-18 12:02:49,772 - INFO - OOD Dataset: coarseid-fineood
2022-05-18 12:02:49,772 - INFO - MSP AUROC Synset Performance
2022-05-18 12:02:49,772 - INFO - [-1, -1, -1, -1, -1, -1, -1, -1, -1, -1, -1, -1, -1, -1, -1, -1, -1, -1, -1, -1, -1, -1, -1, -1, -1, -1, -1, -1, -1, -1, -1, -1, -1, -1, -1, -1, -1, -1, -1, -1, -1, -1, -1, -1, -1, -1, -1, -1, -1, -1, -1, -1, -1, -1, -1, -1, -1, -1, -1, -1, -1, -1, -1, -1, -1, -1, -1, -1, -1, -1, -1, -1, -1, -1, -1, -1, -1, -1, -1, -1, -1, -1, -0.0, 0.7785413654618474, 0.7958795180722891, 0.8003132530120481]
2022-05-18 12:02:49,772 - INFO - MSP TNR Synset Performance
2022-05-18 12:02:49,772 - INFO - [-1, -1, -1, -1, -1, -1, -1, -1, -1, -1, -1, -1, -1, -1, -1, -1, -1, -1, -1, -1, -1, -1, -1, -1, -1, -1, -1, -1, -1, -1, -1, -1, -1, -1, -1, -1, -1, -1, -1, -1, -1, -1, -1, -1, -1, -1, -1, -1, -1, -1, -1, -1, -1, -1, -1, -1, -1, -1, -1, -1, -1, -1, -1, -1, -1, -1, -1, -1, -1, -1, -1, -1, -1, -1, -1, -1, -1, -1, -1, -1, -1, -1, 0.0, 0.1466666666666666, 0.28, 0.30666666666666664]
2022-05-18 12:02:49,772 - INFO - MSP AUOUT Synset Performance
2022-05-18 12:02:49,773 - INFO - [-1, -1, -1, -1, -1, -1, -1, -1, -1, -1, -1, -1, -1, -1, -1, -1, -1, -1, -1, -1, -1, -1, -1, -1, -1, -1, -1, -1, -1, -1, -1, -1, -1, -1, -1, -1, -1, -1, -1, -1, -1, -1, -1, -1, -1, -1, -1, -1, -1, -1, -1, -1, -1, -1, -1, -1, -1, -1, -1, -1, -1, -1, -1, -1, -1, -1, -1, -1, -1, -1, -1, -1, -1, -1, -1, -1, -1, -1, -1, -1, -1, -1, 0.01764827684871253, 0.09029786225542723, 0.13527517369925968, 0.13778032635710452]
2022-05-18 12:02:49,773 - INFO - ODIN AUROC Synset Performance
2022-05-18 12:02:49,773 - INFO - [-1, -1, -1, -1, -1, -1, -1, -1, -1, -1, -1, -1, -1, -1, -1, -1, -1, -1, -1, -1, -1, -1, -1, -1, -1, -1, -1, -1, -1, -1, -1, -1, -1, -1, -1, -1, -1, -1, -1, -1, -1, -1, -1, -1, -1, -1, -1, -1, -1, -1, -1, -1, -1, -1, -1, -1, -1, -1, -1, -1, -1, -1, -1, -1, -1, -1, -1, -1, -1, -1, -1, -1, -1, -1, -1, -1, -1, -1, -1, -1, -1, -1, -0.0, 0.7511967871485944, 0.5334248995983936, 0.7693686746987952]
2022-05-18 12:02:49,773 - INFO - ODIN TNR Synset Performance
2022-05-18 12:02:49,773 - INFO - [-1, -1, -1, -1, -1, -1, -1, -1, -1, -1, -1, -1, -1, -1, -1, -1, -1, -1, -1, -1, -1, -1, -1, -1, -1, -1, -1, -1, -1, -1, -1, -1, -1, -1, -1, -1, -1, -1, -1, -1, -1, -1, -1, -1, -1, -1, -1, -1, -1, -1, -1, -1, -1, -1, -1, -1, -1, -1, -1, -1, -1, -1, -1, -1, -1, -1, -1, -1, -1, -1, -1, -1, -1, -1, -1, -1, -1, -1, -1, -1, -1, -1, 0.0, 0.0, 0.0, 0.31333333333333335]
2022-05-18 12:02:49,773 - INFO - ODIN AUOUT Synset Performance
2022-05-18 12:02:49,773 - INFO - [-1, -1, -1, -1, -1, -1, -1, -1, -1, -1, -1, -1, -1, -1, -1, -1, -1, -1, -1, -1, -1, -1, -1, -1, -1, -1, -1, -1, -1, -1, -1, -1, -1, -1, -1, -1, -1, -1, -1, -1, -1, -1, -1, -1, -1, -1, -1, -1, -1, -1, -1, -1, -1, -1, -1, -1, -1, -1, -1, -1, -1, -1, -1, -1, -1, -1, -1, -1, -1, -1, -1, -1, -1, -1, -1, -1, -1, -1, -1, -1, -1, -1, 0.01764827684871253, 0.06859456701605653, 0.03426895668359831, 0.13615216257799262]
2022-05-18 12:02:49,773 - INFO - MSP Metrics using max activations accumulated across all appropriate synsets:
	AUROC -0.0
	TNR 0.0
	AUOUT 0.01764827684871253
2022-05-18 12:02:49,773 - INFO - ODIN Metrics using max activations accumulated across all appropriate synsets:
	AUROC -0.0
	TNR 0.0
	AUOUT 0.01764827684871253
2022-05-18 12:02:49,773 - INFO - MSP Metrics using max entropy along path:
	AUROC 0.7785413654618474
	TNR 0.1466666666666666
	AUOUT 0.09029786225542723
2022-05-18 12:02:49,773 - INFO - ODIN Metrics using max entropy along path:
	AUROC 0.7511967871485944
	TNR 0.0
	AUOUT 0.06859456701605653
2022-05-18 12:02:49,773 - INFO - MSP Metrics using predicted activations:
	AUROC 0.7958795180722891
	TNR 0.28
	AUOUT 0.13527517369925968
2022-05-18 12:02:49,773 - INFO - ODIN Metrics using predicted activations:
	AUROC 0.5334248995983936
	TNR 0.0
	AUOUT 0.03426895668359831
2022-05-18 12:02:49,773 - INFO - MSP Metrics using mean entropy along path:
	AUROC 0.8003132530120481
	TNR 0.30666666666666664
	AUOUT 0.13778032635710452
2022-05-18 12:02:49,773 - INFO - ODIN Metrics using mean entropy along path:
	AUROC 0.7693686746987952
	TNR 0.31333333333333335
	AUOUT 0.13615216257799262
2022-05-18 12:02:49,773 - INFO - MSP Metrics using min entropy along path:
	AUROC 0.7537413654618474
	TNR 0.2533333333333333
	AUOUT 0.11963590937024328
2022-05-18 12:02:49,773 - INFO - ODIN Metrics using min entropy along path:
	AUROC 0.7530923694779117
	TNR 0.2533333333333333
	AUOUT 0.11808529042884602
2022-05-18 12:02:49,774 - INFO - OOD Path entropy min idx (msp): [0. 1. 2. 3. 4. 5. 6.], [40 13 43 16 26 11  1]
2022-05-18 12:02:49,774 - INFO - OOD Path entropy min idx (odin): [0. 1. 2. 3. 4. 5. 6.], [40 13 43 16 26 11  1]
2022-05-18 12:03:00,972 - INFO - Computing OOD Statistics...
2022-05-18 12:03:18,405 - INFO - Computing OOD Statistics...
2022-05-18 12:03:48,618 - INFO - Computing OOD Statistics...
2022-05-18 12:04:02,608 - INFO - Computing OOD Statistics...
2022-05-18 12:04:11,808 - INFO - Computing OOD Statistics...
2022-05-18 12:04:15,651 - INFO - Computing OOD Statistics...
2022-05-18 12:04:18,584 - INFO - Computing OOD Statistics...
2022-05-18 12:04:18,596 - INFO - OOD Dataset: OOD
2022-05-18 12:04:18,596 - INFO - MSP AUROC [0.908956201275691]
2022-05-18 12:04:18,596 - INFO - MSP TNR [0.6023529411764705]
2022-05-18 12:04:18,597 - INFO - MSP AUOUT [0.7178228320460627]
2022-05-18 12:04:18,597 - INFO - ODIN AUROC [0.9223920623671156]
2022-05-18 12:04:18,597 - INFO - ODIN TNR [0.6541176470588235]
2022-05-18 12:04:18,597 - INFO - ODIN AUOUT [0.7402996119781399]
2022-05-18 12:04:18,597 - INFO - OOD Dataset: iNaturalist
2022-05-18 12:04:18,597 - INFO - MSP AUROC [0.924053421686747]
2022-05-18 12:04:18,597 - INFO - MSP TNR [0.6384000000000001]
2022-05-18 12:04:18,597 - INFO - MSP AUOUT [0.9652915045644119]
2022-05-18 12:04:18,597 - INFO - ODIN AUROC [0.9433639036144578]
2022-05-18 12:04:18,597 - INFO - ODIN TNR [0.6911]
2022-05-18 12:04:18,597 - INFO - ODIN AUOUT [0.9730495283344408]
2022-05-18 12:04:18,597 - INFO - OOD Dataset: SUN
2022-05-18 12:04:18,597 - INFO - MSP AUROC [0.9498417108433734]
2022-05-18 12:04:18,597 - INFO - MSP TNR [0.6996]
2022-05-18 12:04:18,597 - INFO - MSP AUOUT [0.9747820296088139]
2022-05-18 12:04:18,597 - INFO - ODIN AUROC [0.9619245060240965]
2022-05-18 12:04:18,597 - INFO - ODIN TNR [0.7628]
2022-05-18 12:04:18,597 - INFO - ODIN AUOUT [0.9803488593152118]
2022-05-18 12:04:18,597 - INFO - OOD Dataset: Places
2022-05-18 12:04:18,597 - INFO - MSP AUROC [0.9327569638554217]
2022-05-18 12:04:18,597 - INFO - MSP TNR [0.6315]
2022-05-18 12:04:18,597 - INFO - MSP AUOUT [0.96691038173331]
2022-05-18 12:04:18,597 - INFO - ODIN AUROC [0.9470126265060241]
2022-05-18 12:04:18,597 - INFO - ODIN TNR [0.6976]
2022-05-18 12:04:18,597 - INFO - ODIN AUOUT [0.9732561510309219]
2022-05-18 12:04:18,597 - INFO - OOD Dataset: Textures
2022-05-18 12:04:18,597 - INFO - MSP AUROC [0.9011834145091002]
2022-05-18 12:04:18,597 - INFO - MSP TNR [0.5774822695035461]
2022-05-18 12:04:18,597 - INFO - MSP AUOUT [0.9284916750015864]
2022-05-18 12:04:18,597 - INFO - ODIN AUROC [0.9224981628642228]
2022-05-18 12:04:18,597 - INFO - ODIN TNR [0.6335106382978724]
2022-05-18 12:04:18,597 - INFO - ODIN AUOUT [0.9415460543330462]
2022-05-18 12:04:18,598 - INFO - OOD Dataset: coarseid-coarseood
2022-05-18 12:04:18,598 - INFO - MSP AUROC [0.9498626506024097]
2022-05-18 12:04:18,598 - INFO - MSP TNR [0.6842857142857143]
2022-05-18 12:04:18,598 - INFO - MSP AUOUT [0.7523951145383284]
2022-05-18 12:04:18,598 - INFO - ODIN AUROC [0.9595979345955249]
2022-05-18 12:04:18,598 - INFO - ODIN TNR [0.7471428571428571]
2022-05-18 12:04:18,598 - INFO - ODIN AUOUT [0.7764676561773111]
2022-05-18 12:04:18,598 - INFO - OOD Dataset: coarseid-fineood
2022-05-18 12:04:18,598 - INFO - MSP AUROC [0.7180610441767068]
2022-05-18 12:04:18,598 - INFO - MSP TNR [0.21333333333333337]
2022-05-18 12:04:18,598 - INFO - MSP AUOUT [0.09749738665355848]
2022-05-18 12:04:18,598 - INFO - ODIN AUROC [0.7487630522088353]
2022-05-18 12:04:18,598 - INFO - ODIN TNR [0.21999999999999997]
2022-05-18 12:04:18,598 - INFO - ODIN AUOUT [0.10159144010352557]
