2022-09-28 09:54:19,994 - INFO - ==> Preparing data..
2022-09-28 09:54:20,391 - INFO - # ID Test: 3500
2022-09-28 09:54:20,391 - INFO - # OOD: 1500
2022-09-28 09:54:20,421 - INFO - # iNaturalist: 10000
2022-09-28 09:54:20,447 - INFO - # SUN: 10000
2022-09-28 09:54:20,474 - INFO - # Places: 10000
2022-09-28 09:54:20,507 - INFO - # Textures: 5640
2022-09-28 09:54:20,515 - INFO - # balanced100-coarseood: 750
2022-09-28 09:54:20,518 - INFO - # balanced100-mediumood: 250
2022-09-28 09:54:20,524 - INFO - # balanced100-fineood: 500
2022-09-28 09:54:20,532 - INFO - # balanced100-finemediumood: 750
2022-09-28 09:54:49,796 - INFO - Accuracy Results
2022-09-28 09:54:49,798 - INFO - Mean Synset Accuracy: 0.9036423563957214
2022-09-28 09:54:49,798 - INFO - Top-1 Accuracy: 0.8217142820358276
2022-09-28 09:54:49,798 - INFO - Pred Accuracy: 0.8199999928474426
2022-09-28 09:54:49,798 - INFO - Synset Accuracies:
2022-09-28 09:54:49,799 - INFO - [0.9934286  0.9692308  0.9859649  0.816      0.94       0.852
 0.948      0.976      0.963125   0.994      0.864      0.956
 0.812      0.796      0.985      1.         0.72       0.97
 0.796      0.796      0.852      0.736      0.96666664 1.        ]
2022-09-28 09:54:49,799 - INFO - Error Depth:
2022-09-28 09:54:49,799 - INFO - 	Num. Errors at Depth 0 = 7.0
2022-09-28 09:54:49,799 - INFO - 	Num. Errors at Depth 1 = 27.0
2022-09-28 09:54:49,799 - INFO - 	Num. Errors at Depth 2 = 160.0
2022-09-28 09:54:49,799 - INFO - 	Num. Errors at Depth 3 = 261.0
2022-09-28 09:54:49,799 - INFO - 	Num. Errors at Depth 4 = 99.0
2022-09-28 09:54:49,799 - INFO - 	Num. Errors at Depth 5 = 70.0
2022-09-28 09:54:49,799 - INFO - 	Num. Errors at Depth -1 = 2876.0
2022-09-28 09:54:49,799 - INFO - OOD Results
2022-09-28 09:55:02,451 - INFO - Computing OOD Statistics...
2022-09-28 09:55:24,046 - INFO - Computing OOD Statistics...
2022-09-28 09:55:52,077 - INFO - Computing OOD Statistics...
2022-09-28 09:56:08,341 - INFO - Computing OOD Statistics...
2022-09-28 09:56:19,595 - INFO - Computing OOD Statistics...
2022-09-28 09:56:23,657 - INFO - Computing OOD Statistics...
2022-09-28 09:56:27,801 - INFO - Computing OOD Statistics...
2022-09-28 09:56:31,569 - INFO - Computing OOD Statistics...
2022-09-28 09:56:36,064 - INFO - Computing OOD Statistics...
2022-09-28 09:56:36,115 - INFO - OOD Dataset: OOD
2022-09-28 09:56:36,115 - INFO - MSP AUROC Synset Performance
2022-09-28 09:56:36,115 - INFO - [-1, -1, -1, -1, -1, -1, -1, -1, -1, -1, -1, -1, -1, -1, -1, -1, -1, -1, -1, -1, -1, -1, -1, -1, -0.0, 0.8191874285714286, 0.836540380952381, 0.8452394285714286]
2022-09-28 09:56:36,115 - INFO - MSP TNR Synset Performance
2022-09-28 09:56:36,115 - INFO - [-1, -1, -1, -1, -1, -1, -1, -1, -1, -1, -1, -1, -1, -1, -1, -1, -1, -1, -1, -1, -1, -1, -1, -1, 0.0, 0.3646666666666667, 0.46599999999999997, 0.5046666666666666]
2022-09-28 09:56:36,115 - INFO - MSP AUOUT Synset Performance
2022-09-28 09:56:36,115 - INFO - [-1, -1, -1, -1, -1, -1, -1, -1, -1, -1, -1, -1, -1, -1, -1, -1, -1, -1, -1, -1, -1, -1, -1, -1, 0.16775845604771977, 0.6675218434930991, 0.7150178664076311, 0.7483815613326326]
2022-09-28 09:56:36,116 - INFO - ODIN AUROC Synset Performance
2022-09-28 09:56:36,116 - INFO - [-1, -1, -1, -1, -1, -1, -1, -1, -1, -1, -1, -1, -1, -1, -1, -1, -1, -1, -1, -1, -1, -1, -1, -1, -0.0, 0.6173209523809524, 0.23746476190476187, 0.47419352380952384]
2022-09-28 09:56:36,116 - INFO - ODIN TNR Synset Performance
2022-09-28 09:56:36,116 - INFO - [-1, -1, -1, -1, -1, -1, -1, -1, -1, -1, -1, -1, -1, -1, -1, -1, -1, -1, -1, -1, -1, -1, -1, -1, 0.0, 0.18000000000000005, 0.006000000000000005, 0.05733333333333335]
2022-09-28 09:56:36,116 - INFO - ODIN AUOUT Synset Performance
2022-09-28 09:56:36,116 - INFO - [-1, -1, -1, -1, -1, -1, -1, -1, -1, -1, -1, -1, -1, -1, -1, -1, -1, -1, -1, -1, -1, -1, -1, -1, 0.16775845604771977, 0.433305557076755, 0.19672389444865118, 0.2924795232939395]
2022-09-28 09:56:36,116 - INFO - MSP Metrics using max activations accumulated across all appropriate synsets:
	AUROC -0.0
	TNR 0.0
	AUOUT 0.16775845604771977
2022-09-28 09:56:36,116 - INFO - ODIN Metrics using max activations accumulated across all appropriate synsets:
	AUROC -0.0
	TNR 0.0
	AUOUT 0.16775845604771977
2022-09-28 09:56:36,116 - INFO - MSP Metrics using max entropy along path:
	AUROC 0.8191874285714286
	TNR 0.3646666666666667
	AUOUT 0.6675218434930991
2022-09-28 09:56:36,116 - INFO - ODIN Metrics using max entropy along path:
	AUROC 0.6173209523809524
	TNR 0.18000000000000005
	AUOUT 0.433305557076755
2022-09-28 09:56:36,116 - INFO - MSP Metrics using predicted activations:
	AUROC 0.836540380952381
	TNR 0.46599999999999997
	AUOUT 0.7150178664076311
2022-09-28 09:56:36,116 - INFO - ODIN Metrics using predicted activations:
	AUROC 0.23746476190476187
	TNR 0.006000000000000005
	AUOUT 0.19672389444865118
2022-09-28 09:56:36,116 - INFO - MSP Metrics using mean entropy along path:
	AUROC 0.8452394285714286
	TNR 0.5046666666666666
	AUOUT 0.7483815613326326
2022-09-28 09:56:36,116 - INFO - ODIN Metrics using mean entropy along path:
	AUROC 0.47419352380952384
	TNR 0.05733333333333335
	AUOUT 0.2924795232939395
2022-09-28 09:56:36,116 - INFO - MSP Metrics using min entropy along path:
	AUROC 0.7769571428571429
	TNR 0.5486666666666666
	AUOUT 0.7319133293347528
2022-09-28 09:56:36,116 - INFO - ODIN Metrics using min entropy along path:
	AUROC 0.7753485714285714
	TNR 0.546
	AUOUT 0.708994045478823
2022-09-28 09:56:36,117 - INFO - OOD Path entropy min idx (msp): [0. 1. 2. 3. 4.], [1252   30    9    2  207]
2022-09-28 09:56:36,117 - INFO - OOD Path entropy min idx (odin): [0. 3. 4.], [1292    1  207]
2022-09-28 09:56:36,117 - INFO - OOD Dataset: iNaturalist
2022-09-28 09:56:36,117 - INFO - MSP AUROC Synset Performance
2022-09-28 09:56:36,117 - INFO - [-1, -1, -1, -1, -1, -1, -1, -1, -1, -1, -1, -1, -1, -1, -1, -1, -1, -1, -1, -1, -1, -1, -1, -1, -0.0, 0.9306434571428571, 0.9337617142857144, 0.9352217142857142]
2022-09-28 09:56:36,117 - INFO - MSP TNR Synset Performance
2022-09-28 09:56:36,117 - INFO - [-1, -1, -1, -1, -1, -1, -1, -1, -1, -1, -1, -1, -1, -1, -1, -1, -1, -1, -1, -1, -1, -1, -1, -1, 0.0, 0.6533, 0.6798, 0.6649]
2022-09-28 09:56:36,117 - INFO - MSP AUOUT Synset Performance
2022-09-28 09:56:36,117 - INFO - [-1, -1, -1, -1, -1, -1, -1, -1, -1, -1, -1, -1, -1, -1, -1, -1, -1, -1, -1, -1, -1, -1, -1, -1, 0.5275256468469287, 0.9704578958864847, 0.9721528824231827, 0.9683205379703623]
2022-09-28 09:56:36,117 - INFO - ODIN AUROC Synset Performance
2022-09-28 09:56:36,117 - INFO - [-1, -1, -1, -1, -1, -1, -1, -1, -1, -1, -1, -1, -1, -1, -1, -1, -1, -1, -1, -1, -1, -1, -1, -1, -0.0, 0.6891488857142857, 0.24521222857142858, 0.52529]
2022-09-28 09:56:36,117 - INFO - ODIN TNR Synset Performance
2022-09-28 09:56:36,117 - INFO - [-1, -1, -1, -1, -1, -1, -1, -1, -1, -1, -1, -1, -1, -1, -1, -1, -1, -1, -1, -1, -1, -1, -1, -1, 0.0, 0.376, 0.0, 0.1592]
2022-09-28 09:56:36,117 - INFO - ODIN AUOUT Synset Performance
2022-09-28 09:56:36,117 - INFO - [-1, -1, -1, -1, -1, -1, -1, -1, -1, -1, -1, -1, -1, -1, -1, -1, -1, -1, -1, -1, -1, -1, -1, -1, 0.5275256468469287, 0.8652201559646328, 0.584825515981021, 0.7809559374317697]
2022-09-28 09:56:36,117 - INFO - MSP Metrics using max activations accumulated across all appropriate synsets:
	AUROC -0.0
	TNR 0.0
	AUOUT 0.5275256468469287
2022-09-28 09:56:36,117 - INFO - ODIN Metrics using max activations accumulated across all appropriate synsets:
	AUROC -0.0
	TNR 0.0
	AUOUT 0.5275256468469287
2022-09-28 09:56:36,117 - INFO - MSP Metrics using max entropy along path:
	AUROC 0.9306434571428571
	TNR 0.6533
	AUOUT 0.9704578958864847
2022-09-28 09:56:36,117 - INFO - ODIN Metrics using max entropy along path:
	AUROC 0.6891488857142857
	TNR 0.376
	AUOUT 0.8652201559646328
2022-09-28 09:56:36,117 - INFO - MSP Metrics using predicted activations:
	AUROC 0.9337617142857144
	TNR 0.6798
	AUOUT 0.9721528824231827
2022-09-28 09:56:36,117 - INFO - ODIN Metrics using predicted activations:
	AUROC 0.24521222857142858
	TNR 0.0
	AUOUT 0.584825515981021
2022-09-28 09:56:36,117 - INFO - MSP Metrics using mean entropy along path:
	AUROC 0.9352217142857142
	TNR 0.6649
	AUOUT 0.9683205379703623
2022-09-28 09:56:36,117 - INFO - ODIN Metrics using mean entropy along path:
	AUROC 0.52529
	TNR 0.1592
	AUOUT 0.7809559374317697
2022-09-28 09:56:36,117 - INFO - MSP Metrics using min entropy along path:
	AUROC 0.8888131428571429
	TNR 0.32689999999999997
	AUOUT 0.936010771957365
2022-09-28 09:56:36,117 - INFO - ODIN Metrics using min entropy along path:
	AUROC 0.8869527142857142
	TNR 0.31499999999999995
	AUOUT 0.9315986537427794
2022-09-28 09:56:36,118 - INFO - OOD Path entropy min idx (msp): [0. 1. 2. 3. 4.], [9907   27    3   18   45]
2022-09-28 09:56:36,118 - INFO - OOD Path entropy min idx (odin): [0. 3. 4.], [9942   14   44]
2022-09-28 09:56:36,118 - INFO - OOD Dataset: SUN
2022-09-28 09:56:36,118 - INFO - MSP AUROC Synset Performance
2022-09-28 09:56:36,118 - INFO - [-1, -1, -1, -1, -1, -1, -1, -1, -1, -1, -1, -1, -1, -1, -1, -1, -1, -1, -1, -1, -1, -1, -1, -1, -0.0, 0.9271583999999999, 0.9543167428571429, 0.9606503142857141]
2022-09-28 09:56:36,118 - INFO - MSP TNR Synset Performance
2022-09-28 09:56:36,118 - INFO - [-1, -1, -1, -1, -1, -1, -1, -1, -1, -1, -1, -1, -1, -1, -1, -1, -1, -1, -1, -1, -1, -1, -1, -1, 0.0, 0.5589999999999999, 0.7634, 0.7822]
2022-09-28 09:56:36,118 - INFO - MSP AUOUT Synset Performance
2022-09-28 09:56:36,118 - INFO - [-1, -1, -1, -1, -1, -1, -1, -1, -1, -1, -1, -1, -1, -1, -1, -1, -1, -1, -1, -1, -1, -1, -1, -1, 0.5275256468469287, 0.9652773324617823, 0.980764008209333, 0.9812971310550231]
2022-09-28 09:56:36,118 - INFO - ODIN AUROC Synset Performance
2022-09-28 09:56:36,118 - INFO - [-1, -1, -1, -1, -1, -1, -1, -1, -1, -1, -1, -1, -1, -1, -1, -1, -1, -1, -1, -1, -1, -1, -1, -1, -0.0, 0.7758353142857142, 0.19204662857142857, 0.6305100571428572]
2022-09-28 09:56:36,118 - INFO - ODIN TNR Synset Performance
2022-09-28 09:56:36,119 - INFO - [-1, -1, -1, -1, -1, -1, -1, -1, -1, -1, -1, -1, -1, -1, -1, -1, -1, -1, -1, -1, -1, -1, -1, -1, 0.0, 0.6147, 9.999999999998899e-05, 0.27449999999999997]
2022-09-28 09:56:36,119 - INFO - ODIN AUOUT Synset Performance
2022-09-28 09:56:36,119 - INFO - [-1, -1, -1, -1, -1, -1, -1, -1, -1, -1, -1, -1, -1, -1, -1, -1, -1, -1, -1, -1, -1, -1, -1, -1, 0.5275256468469287, 0.9182245916377783, 0.5718985713063477, 0.8460750348967314]
2022-09-28 09:56:36,119 - INFO - MSP Metrics using max activations accumulated across all appropriate synsets:
	AUROC -0.0
	TNR 0.0
	AUOUT 0.5275256468469287
2022-09-28 09:56:36,119 - INFO - ODIN Metrics using max activations accumulated across all appropriate synsets:
	AUROC -0.0
	TNR 0.0
	AUOUT 0.5275256468469287
2022-09-28 09:56:36,119 - INFO - MSP Metrics using max entropy along path:
	AUROC 0.9271583999999999
	TNR 0.5589999999999999
	AUOUT 0.9652773324617823
2022-09-28 09:56:36,119 - INFO - ODIN Metrics using max entropy along path:
	AUROC 0.7758353142857142
	TNR 0.6147
	AUOUT 0.9182245916377783
2022-09-28 09:56:36,119 - INFO - MSP Metrics using predicted activations:
	AUROC 0.9543167428571429
	TNR 0.7634
	AUOUT 0.980764008209333
2022-09-28 09:56:36,119 - INFO - ODIN Metrics using predicted activations:
	AUROC 0.19204662857142857
	TNR 9.999999999998899e-05
	AUOUT 0.5718985713063477
2022-09-28 09:56:36,119 - INFO - MSP Metrics using mean entropy along path:
	AUROC 0.9606503142857141
	TNR 0.7822
	AUOUT 0.9812971310550231
2022-09-28 09:56:36,119 - INFO - ODIN Metrics using mean entropy along path:
	AUROC 0.6305100571428572
	TNR 0.27449999999999997
	AUOUT 0.8460750348967314
2022-09-28 09:56:36,119 - INFO - MSP Metrics using min entropy along path:
	AUROC 0.9405809428571428
	TNR 0.7695
	AUOUT 0.9752713056281145
2022-09-28 09:56:36,119 - INFO - ODIN Metrics using min entropy along path:
	AUROC 0.9387966
	TNR 0.7622
	AUOUT 0.9690605297071264
2022-09-28 09:56:36,119 - INFO - OOD Path entropy min idx (msp): [0. 1. 2. 3. 4.], [9564   87   47   29  273]
2022-09-28 09:56:36,120 - INFO - OOD Path entropy min idx (odin): [0. 3. 4.], [9716   21  263]
2022-09-28 09:56:36,120 - INFO - OOD Dataset: Places
2022-09-28 09:56:36,120 - INFO - MSP AUROC Synset Performance
2022-09-28 09:56:36,120 - INFO - [-1, -1, -1, -1, -1, -1, -1, -1, -1, -1, -1, -1, -1, -1, -1, -1, -1, -1, -1, -1, -1, -1, -1, -1, -0.0, 0.9157888285714285, 0.9417668571428571, 0.9493876]
2022-09-28 09:56:36,120 - INFO - MSP TNR Synset Performance
2022-09-28 09:56:36,120 - INFO - [-1, -1, -1, -1, -1, -1, -1, -1, -1, -1, -1, -1, -1, -1, -1, -1, -1, -1, -1, -1, -1, -1, -1, -1, 0.0, 0.5297000000000001, 0.7217, 0.7435]
2022-09-28 09:56:36,120 - INFO - MSP AUOUT Synset Performance
2022-09-28 09:56:36,120 - INFO - [-1, -1, -1, -1, -1, -1, -1, -1, -1, -1, -1, -1, -1, -1, -1, -1, -1, -1, -1, -1, -1, -1, -1, -1, 0.5275256468469287, 0.9607235613530029, 0.9759528603699148, 0.9772541591986778]
2022-09-28 09:56:36,120 - INFO - ODIN AUROC Synset Performance
2022-09-28 09:56:36,120 - INFO - [-1, -1, -1, -1, -1, -1, -1, -1, -1, -1, -1, -1, -1, -1, -1, -1, -1, -1, -1, -1, -1, -1, -1, -1, -0.0, 0.7387236571428571, 0.19808997142857143, 0.6052728571428572]
2022-09-28 09:56:36,120 - INFO - ODIN TNR Synset Performance
2022-09-28 09:56:36,120 - INFO - [-1, -1, -1, -1, -1, -1, -1, -1, -1, -1, -1, -1, -1, -1, -1, -1, -1, -1, -1, -1, -1, -1, -1, -1, 0.0, 0.5373, 0.0004999999999999449, 0.2619]
2022-09-28 09:56:36,120 - INFO - ODIN AUOUT Synset Performance
2022-09-28 09:56:36,120 - INFO - [-1, -1, -1, -1, -1, -1, -1, -1, -1, -1, -1, -1, -1, -1, -1, -1, -1, -1, -1, -1, -1, -1, -1, -1, 0.5275256468469287, 0.902647979183796, 0.5725816326492561, 0.8347867843819148]
2022-09-28 09:56:36,120 - INFO - MSP Metrics using max activations accumulated across all appropriate synsets:
	AUROC -0.0
	TNR 0.0
	AUOUT 0.5275256468469287
2022-09-28 09:56:36,120 - INFO - ODIN Metrics using max activations accumulated across all appropriate synsets:
	AUROC -0.0
	TNR 0.0
	AUOUT 0.5275256468469287
2022-09-28 09:56:36,120 - INFO - MSP Metrics using max entropy along path:
	AUROC 0.9157888285714285
	TNR 0.5297000000000001
	AUOUT 0.9607235613530029
2022-09-28 09:56:36,120 - INFO - ODIN Metrics using max entropy along path:
	AUROC 0.7387236571428571
	TNR 0.5373
	AUOUT 0.902647979183796
2022-09-28 09:56:36,120 - INFO - MSP Metrics using predicted activations:
	AUROC 0.9417668571428571
	TNR 0.7217
	AUOUT 0.9759528603699148
2022-09-28 09:56:36,120 - INFO - ODIN Metrics using predicted activations:
	AUROC 0.19808997142857143
	TNR 0.0004999999999999449
	AUOUT 0.5725816326492561
2022-09-28 09:56:36,120 - INFO - MSP Metrics using mean entropy along path:
	AUROC 0.9493876
	TNR 0.7435
	AUOUT 0.9772541591986778
2022-09-28 09:56:36,120 - INFO - ODIN Metrics using mean entropy along path:
	AUROC 0.6052728571428572
	TNR 0.2619
	AUOUT 0.8347867843819148
2022-09-28 09:56:36,120 - INFO - MSP Metrics using min entropy along path:
	AUROC 0.9247906857142857
	TNR 0.7215
	AUOUT 0.9700842867245943
2022-09-28 09:56:36,120 - INFO - ODIN Metrics using min entropy along path:
	AUROC 0.9230106285714286
	TNR 0.7153
	AUOUT 0.9639714622349154
2022-09-28 09:56:36,121 - INFO - OOD Path entropy min idx (msp): [0. 1. 2. 3. 4.], [9462  134   43   43  318]
2022-09-28 09:56:36,121 - INFO - OOD Path entropy min idx (odin): [0. 3. 4.], [9664   27  309]
2022-09-28 09:56:36,121 - INFO - OOD Dataset: Textures
2022-09-28 09:56:36,121 - INFO - MSP AUROC Synset Performance
2022-09-28 09:56:36,121 - INFO - [-1, -1, -1, -1, -1, -1, -1, -1, -1, -1, -1, -1, -1, -1, -1, -1, -1, -1, -1, -1, -1, -1, -1, -1, -0.0, 0.8942864235055724, 0.9136154508611954, 0.9314420972644375]
2022-09-28 09:56:36,121 - INFO - MSP TNR Synset Performance
2022-09-28 09:56:36,121 - INFO - [-1, -1, -1, -1, -1, -1, -1, -1, -1, -1, -1, -1, -1, -1, -1, -1, -1, -1, -1, -1, -1, -1, -1, -1, 0.0, 0.5421985815602837, 0.6551418439716312, 0.7122340425531914]
2022-09-28 09:56:36,121 - INFO - MSP AUOUT Synset Performance
2022-09-28 09:56:36,121 - INFO - [-1, -1, -1, -1, -1, -1, -1, -1, -1, -1, -1, -1, -1, -1, -1, -1, -1, -1, -1, -1, -1, -1, -1, -1, 0.4043189752277335, 0.9268459508977291, 0.9442663861645825, 0.9538976450281932]
2022-09-28 09:56:36,121 - INFO - ODIN AUROC Synset Performance
2022-09-28 09:56:36,121 - INFO - [-1, -1, -1, -1, -1, -1, -1, -1, -1, -1, -1, -1, -1, -1, -1, -1, -1, -1, -1, -1, -1, -1, -1, -1, -0.0, 0.641145390070922, 0.20011018237082068, 0.6156838905775076]
2022-09-28 09:56:36,121 - INFO - ODIN TNR Synset Performance
2022-09-28 09:56:36,121 - INFO - [-1, -1, -1, -1, -1, -1, -1, -1, -1, -1, -1, -1, -1, -1, -1, -1, -1, -1, -1, -1, -1, -1, -1, -1, 0.0, 0.31187943262411344, 0.005851063829787284, 0.17269503546099296]
2022-09-28 09:56:36,121 - INFO - ODIN AUOUT Synset Performance
2022-09-28 09:56:36,121 - INFO - [-1, -1, -1, -1, -1, -1, -1, -1, -1, -1, -1, -1, -1, -1, -1, -1, -1, -1, -1, -1, -1, -1, -1, -1, 0.4043189752277335, 0.7614843193334918, 0.45420371077354266, 0.7176229157171327]
2022-09-28 09:56:36,121 - INFO - MSP Metrics using max activations accumulated across all appropriate synsets:
	AUROC -0.0
	TNR 0.0
	AUOUT 0.4043189752277335
2022-09-28 09:56:36,121 - INFO - ODIN Metrics using max activations accumulated across all appropriate synsets:
	AUROC -0.0
	TNR 0.0
	AUOUT 0.4043189752277335
2022-09-28 09:56:36,122 - INFO - MSP Metrics using max entropy along path:
	AUROC 0.8942864235055724
	TNR 0.5421985815602837
	AUOUT 0.9268459508977291
2022-09-28 09:56:36,122 - INFO - ODIN Metrics using max entropy along path:
	AUROC 0.641145390070922
	TNR 0.31187943262411344
	AUOUT 0.7614843193334918
2022-09-28 09:56:36,122 - INFO - MSP Metrics using predicted activations:
	AUROC 0.9136154508611954
	TNR 0.6551418439716312
	AUOUT 0.9442663861645825
2022-09-28 09:56:36,122 - INFO - ODIN Metrics using predicted activations:
	AUROC 0.20011018237082068
	TNR 0.005851063829787284
	AUOUT 0.45420371077354266
2022-09-28 09:56:36,122 - INFO - MSP Metrics using mean entropy along path:
	AUROC 0.9314420972644375
	TNR 0.7122340425531914
	AUOUT 0.9538976450281932
2022-09-28 09:56:36,122 - INFO - ODIN Metrics using mean entropy along path:
	AUROC 0.6156838905775076
	TNR 0.17269503546099296
	AUOUT 0.7176229157171327
2022-09-28 09:56:36,122 - INFO - MSP Metrics using min entropy along path:
	AUROC 0.9237670212765958
	TNR 0.7209219858156029
	AUOUT 0.9517955216163355
2022-09-28 09:56:36,122 - INFO - ODIN Metrics using min entropy along path:
	AUROC 0.9221628166160082
	TNR 0.7140070921985815
	AUOUT 0.9421629608492861
2022-09-28 09:56:36,122 - INFO - OOD Path entropy min idx (msp): [0. 1. 2. 3. 4.], [5186  182   62   30  180]
2022-09-28 09:56:36,122 - INFO - OOD Path entropy min idx (odin): [0. 3. 4.], [5448   12  180]
2022-09-28 09:56:36,122 - INFO - OOD Dataset: balanced100-coarseood
2022-09-28 09:56:36,122 - INFO - MSP AUROC Synset Performance
2022-09-28 09:56:36,122 - INFO - [-1, -1, -1, -1, -1, -1, -1, -1, -1, -1, -1, -1, -1, -1, -1, -1, -1, -1, -1, -1, -1, -1, -1, -1, -0.0, 0.9284731428571428, 0.941408, 0.9652243809523808]
2022-09-28 09:56:36,122 - INFO - MSP TNR Synset Performance
2022-09-28 09:56:36,122 - INFO - [-1, -1, -1, -1, -1, -1, -1, -1, -1, -1, -1, -1, -1, -1, -1, -1, -1, -1, -1, -1, -1, -1, -1, -1, 0.0, 0.5706666666666667, 0.6986666666666667, 0.8066666666666666]
2022-09-28 09:56:36,122 - INFO - MSP AUOUT Synset Performance
2022-09-28 09:56:36,122 - INFO - [-1, -1, -1, -1, -1, -1, -1, -1, -1, -1, -1, -1, -1, -1, -1, -1, -1, -1, -1, -1, -1, -1, -1, -1, 0.09393858905968093, 0.6983130032307502, 0.7682151318671656, 0.850926814374251]
2022-09-28 09:56:36,123 - INFO - ODIN AUROC Synset Performance
2022-09-28 09:56:36,123 - INFO - [-1, -1, -1, -1, -1, -1, -1, -1, -1, -1, -1, -1, -1, -1, -1, -1, -1, -1, -1, -1, -1, -1, -1, -1, -0.0, 0.48914895238095235, 0.14844761904761905, 0.5551485714285714]
2022-09-28 09:56:36,123 - INFO - ODIN TNR Synset Performance
2022-09-28 09:56:36,123 - INFO - [-1, -1, -1, -1, -1, -1, -1, -1, -1, -1, -1, -1, -1, -1, -1, -1, -1, -1, -1, -1, -1, -1, -1, -1, 0.0, 0.07999999999999996, 0.0, 0.022666666666666613]
2022-09-28 09:56:36,123 - INFO - ODIN AUOUT Synset Performance
2022-09-28 09:56:36,123 - INFO - [-1, -1, -1, -1, -1, -1, -1, -1, -1, -1, -1, -1, -1, -1, -1, -1, -1, -1, -1, -1, -1, -1, -1, -1, 0.09393858905968093, 0.18890120662978058, 0.1060170871611704, 0.19573821831933474]
2022-09-28 09:56:36,123 - INFO - MSP Metrics using max activations accumulated across all appropriate synsets:
	AUROC -0.0
	TNR 0.0
	AUOUT 0.09393858905968093
2022-09-28 09:56:36,123 - INFO - ODIN Metrics using max activations accumulated across all appropriate synsets:
	AUROC -0.0
	TNR 0.0
	AUOUT 0.09393858905968093
2022-09-28 09:56:36,123 - INFO - MSP Metrics using max entropy along path:
	AUROC 0.9284731428571428
	TNR 0.5706666666666667
	AUOUT 0.6983130032307502
2022-09-28 09:56:36,123 - INFO - ODIN Metrics using max entropy along path:
	AUROC 0.48914895238095235
	TNR 0.07999999999999996
	AUOUT 0.18890120662978058
2022-09-28 09:56:36,123 - INFO - MSP Metrics using predicted activations:
	AUROC 0.941408
	TNR 0.6986666666666667
	AUOUT 0.7682151318671656
2022-09-28 09:56:36,123 - INFO - ODIN Metrics using predicted activations:
	AUROC 0.14844761904761905
	TNR 0.0
	AUOUT 0.1060170871611704
2022-09-28 09:56:36,123 - INFO - MSP Metrics using mean entropy along path:
	AUROC 0.9652243809523808
	TNR 0.8066666666666666
	AUOUT 0.850926814374251
2022-09-28 09:56:36,123 - INFO - ODIN Metrics using mean entropy along path:
	AUROC 0.5551485714285714
	TNR 0.022666666666666613
	AUOUT 0.19573821831933474
2022-09-28 09:56:36,123 - INFO - MSP Metrics using min entropy along path:
	AUROC 0.9592080000000001
	TNR 0.904
	AUOUT 0.8735518687448295
2022-09-28 09:56:36,123 - INFO - ODIN Metrics using min entropy along path:
	AUROC 0.9573702857142857
	TNR 0.9
	AUOUT 0.8314543007709688
2022-09-28 09:56:36,123 - INFO - OOD Path entropy min idx (msp): [0. 1. 2. 3. 4.], [718  10   3   1  18]
2022-09-28 09:56:36,123 - INFO - OOD Path entropy min idx (odin): [0. 3. 4.], [731   1  18]
2022-09-28 09:56:36,123 - INFO - OOD Dataset: balanced100-mediumood
2022-09-28 09:56:36,123 - INFO - MSP AUROC Synset Performance
2022-09-28 09:56:36,123 - INFO - [-1, -1, -1, -1, -1, -1, -1, -1, -1, -1, -1, -1, -1, -1, -1, -1, -1, -1, -1, -1, -1, -1, -1, -1, -0.0, 0.7039782857142858, 0.7098880000000001, 0.6811702857142857]
2022-09-28 09:56:36,124 - INFO - MSP TNR Synset Performance
2022-09-28 09:56:36,124 - INFO - [-1, -1, -1, -1, -1, -1, -1, -1, -1, -1, -1, -1, -1, -1, -1, -1, -1, -1, -1, -1, -1, -1, -1, -1, 0.0, 0.15600000000000003, 0.19199999999999995, 0.128]
2022-09-28 09:56:36,124 - INFO - MSP AUOUT Synset Performance
2022-09-28 09:56:36,124 - INFO - [-1, -1, -1, -1, -1, -1, -1, -1, -1, -1, -1, -1, -1, -1, -1, -1, -1, -1, -1, -1, -1, -1, -1, -1, 0.03409978690754759, 0.14888693436106526, 0.15190094026411896, 0.12358791652950463]
2022-09-28 09:56:36,124 - INFO - ODIN AUROC Synset Performance
2022-09-28 09:56:36,124 - INFO - [-1, -1, -1, -1, -1, -1, -1, -1, -1, -1, -1, -1, -1, -1, -1, -1, -1, -1, -1, -1, -1, -1, -1, -1, -0.0, 0.8491005714285715, 0.4049462857142857, 0.40500342857142857]
2022-09-28 09:56:36,124 - INFO - ODIN TNR Synset Performance
2022-09-28 09:56:36,124 - INFO - [-1, -1, -1, -1, -1, -1, -1, -1, -1, -1, -1, -1, -1, -1, -1, -1, -1, -1, -1, -1, -1, -1, -1, -1, 0.0, 0.30800000000000005, 0.020000000000000018, 0.07999999999999996]
2022-09-28 09:56:36,124 - INFO - ODIN AUOUT Synset Performance
2022-09-28 09:56:36,124 - INFO - [-1, -1, -1, -1, -1, -1, -1, -1, -1, -1, -1, -1, -1, -1, -1, -1, -1, -1, -1, -1, -1, -1, -1, -1, 0.03409978690754759, 0.23833171452087543, 0.050825900074678826, 0.06331189163743509]
2022-09-28 09:56:36,124 - INFO - MSP Metrics using max activations accumulated across all appropriate synsets:
	AUROC -0.0
	TNR 0.0
	AUOUT 0.03409978690754759
2022-09-28 09:56:36,124 - INFO - ODIN Metrics using max activations accumulated across all appropriate synsets:
	AUROC -0.0
	TNR 0.0
	AUOUT 0.03409978690754759
2022-09-28 09:56:36,124 - INFO - MSP Metrics using max entropy along path:
	AUROC 0.7039782857142858
	TNR 0.15600000000000003
	AUOUT 0.14888693436106526
2022-09-28 09:56:36,124 - INFO - ODIN Metrics using max entropy along path:
	AUROC 0.8491005714285715
	TNR 0.30800000000000005
	AUOUT 0.23833171452087543
2022-09-28 09:56:36,124 - INFO - MSP Metrics using predicted activations:
	AUROC 0.7098880000000001
	TNR 0.19199999999999995
	AUOUT 0.15190094026411896
2022-09-28 09:56:36,124 - INFO - ODIN Metrics using predicted activations:
	AUROC 0.4049462857142857
	TNR 0.020000000000000018
	AUOUT 0.050825900074678826
2022-09-28 09:56:36,124 - INFO - MSP Metrics using mean entropy along path:
	AUROC 0.6811702857142857
	TNR 0.128
	AUOUT 0.12358791652950463
2022-09-28 09:56:36,124 - INFO - ODIN Metrics using mean entropy along path:
	AUROC 0.40500342857142857
	TNR 0.07999999999999996
	AUOUT 0.06331189163743509
2022-09-28 09:56:36,124 - INFO - MSP Metrics using min entropy along path:
	AUROC 0.2558982857142857
	TNR 0.040000000000000036
	AUOUT 0.05188425786597443
2022-09-28 09:56:36,124 - INFO - ODIN Metrics using min entropy along path:
	AUROC 0.2551428571428571
	TNR 0.040000000000000036
	AUOUT 0.050544984567674076
2022-09-28 09:56:36,124 - INFO - OOD Path entropy min idx (msp): [0. 2. 4.], [ 81   1 168]
2022-09-28 09:56:36,124 - INFO - OOD Path entropy min idx (odin): [0. 4.], [ 82 168]
2022-09-28 09:56:36,125 - INFO - OOD Dataset: balanced100-fineood
2022-09-28 09:56:36,125 - INFO - MSP AUROC Synset Performance
2022-09-28 09:56:36,125 - INFO - [-1, -1, -1, -1, -1, -1, -1, -1, -1, -1, -1, -1, -1, -1, -1, -1, -1, -1, -1, -1, -1, -1, -1, -1, -0.0, 0.712864, 0.7425662857142856, 0.7472965714285714]
2022-09-28 09:56:36,125 - INFO - MSP TNR Synset Performance
2022-09-28 09:56:36,125 - INFO - [-1, -1, -1, -1, -1, -1, -1, -1, -1, -1, -1, -1, -1, -1, -1, -1, -1, -1, -1, -1, -1, -1, -1, -1, 0.0, 0.16000000000000003, 0.254, 0.24]
2022-09-28 09:56:36,125 - INFO - MSP AUOUT Synset Performance
2022-09-28 09:56:36,125 - INFO - [-1, -1, -1, -1, -1, -1, -1, -1, -1, -1, -1, -1, -1, -1, -1, -1, -1, -1, -1, -1, -1, -1, -1, -1, 0.06528024046762752, 0.2506588714188175, 0.3052372464354445, 0.3156813538364092]
2022-09-28 09:56:36,125 - INFO - ODIN AUROC Synset Performance
2022-09-28 09:56:36,125 - INFO - [-1, -1, -1, -1, -1, -1, -1, -1, -1, -1, -1, -1, -1, -1, -1, -1, -1, -1, -1, -1, -1, -1, -1, -1, -0.0, 0.693496, 0.2872497142857143, 0.38734457142857137]
2022-09-28 09:56:36,125 - INFO - ODIN TNR Synset Performance
2022-09-28 09:56:36,125 - INFO - [-1, -1, -1, -1, -1, -1, -1, -1, -1, -1, -1, -1, -1, -1, -1, -1, -1, -1, -1, -1, -1, -1, -1, -1, 0.0, 0.266, 0.008000000000000007, 0.09799999999999998]
2022-09-28 09:56:36,125 - INFO - ODIN AUOUT Synset Performance
2022-09-28 09:56:36,125 - INFO - [-1, -1, -1, -1, -1, -1, -1, -1, -1, -1, -1, -1, -1, -1, -1, -1, -1, -1, -1, -1, -1, -1, -1, -1, 0.06528024046762752, 0.3071349092943557, 0.08207017602944544, 0.12248442074621313]
2022-09-28 09:56:36,125 - INFO - MSP Metrics using max activations accumulated across all appropriate synsets:
	AUROC -0.0
	TNR 0.0
	AUOUT 0.06528024046762752
2022-09-28 09:56:36,125 - INFO - ODIN Metrics using max activations accumulated across all appropriate synsets:
	AUROC -0.0
	TNR 0.0
	AUOUT 0.06528024046762752
2022-09-28 09:56:36,125 - INFO - MSP Metrics using max entropy along path:
	AUROC 0.712864
	TNR 0.16000000000000003
	AUOUT 0.2506588714188175
2022-09-28 09:56:36,125 - INFO - ODIN Metrics using max entropy along path:
	AUROC 0.693496
	TNR 0.266
	AUOUT 0.3071349092943557
2022-09-28 09:56:36,125 - INFO - MSP Metrics using predicted activations:
	AUROC 0.7425662857142856
	TNR 0.254
	AUOUT 0.3052372464354445
2022-09-28 09:56:36,125 - INFO - ODIN Metrics using predicted activations:
	AUROC 0.2872497142857143
	TNR 0.008000000000000007
	AUOUT 0.08207017602944544
2022-09-28 09:56:36,125 - INFO - MSP Metrics using mean entropy along path:
	AUROC 0.7472965714285714
	TNR 0.24
	AUOUT 0.3156813538364092
2022-09-28 09:56:36,125 - INFO - ODIN Metrics using mean entropy along path:
	AUROC 0.38734457142857137
	TNR 0.09799999999999998
	AUOUT 0.12248442074621313
2022-09-28 09:56:36,125 - INFO - MSP Metrics using min entropy along path:
	AUROC 0.7641097142857142
	TNR 0.27
	AUOUT 0.35133110966412257
2022-09-28 09:56:36,125 - INFO - ODIN Metrics using min entropy along path:
	AUROC 0.7624285714285715
	TNR 0.268
	AUOUT 0.33290377939531407
2022-09-28 09:56:36,125 - INFO - OOD Path entropy min idx (msp): [0. 1. 2. 3. 4.], [453  20   5   1  21]
2022-09-28 09:56:36,126 - INFO - OOD Path entropy min idx (odin): [0. 4.], [479  21]
2022-09-28 09:56:36,126 - INFO - OOD Dataset: balanced100-finemediumood
2022-09-28 09:56:36,126 - INFO - MSP AUROC Synset Performance
2022-09-28 09:56:36,126 - INFO - [-1, -1, -1, -1, -1, -1, -1, -1, -1, -1, -1, -1, -1, -1, -1, -1, -1, -1, -1, -1, -1, -1, -1, -1, -0.0, 0.7099020952380952, 0.7316735238095238, 0.7252544761904761]
2022-09-28 09:56:36,126 - INFO - MSP TNR Synset Performance
2022-09-28 09:56:36,126 - INFO - [-1, -1, -1, -1, -1, -1, -1, -1, -1, -1, -1, -1, -1, -1, -1, -1, -1, -1, -1, -1, -1, -1, -1, -1, 0.0, 0.15866666666666662, 0.23333333333333328, 0.20266666666666666]
2022-09-28 09:56:36,126 - INFO - MSP AUOUT Synset Performance
2022-09-28 09:56:36,126 - INFO - [-1, -1, -1, -1, -1, -1, -1, -1, -1, -1, -1, -1, -1, -1, -1, -1, -1, -1, -1, -1, -1, -1, -1, -1, 0.09393858905968093, 0.33245500066237005, 0.3741280145214797, 0.3649436994844191]
2022-09-28 09:56:36,126 - INFO - ODIN AUROC Synset Performance
2022-09-28 09:56:36,126 - INFO - [-1, -1, -1, -1, -1, -1, -1, -1, -1, -1, -1, -1, -1, -1, -1, -1, -1, -1, -1, -1, -1, -1, -1, -1, -0.0, 0.7453641904761905, 0.32648190476190475, 0.3932308571428571]
2022-09-28 09:56:36,126 - INFO - ODIN TNR Synset Performance
2022-09-28 09:56:36,126 - INFO - [-1, -1, -1, -1, -1, -1, -1, -1, -1, -1, -1, -1, -1, -1, -1, -1, -1, -1, -1, -1, -1, -1, -1, -1, 0.0, 0.28, 0.01200000000000001, 0.09199999999999997]
2022-09-28 09:56:36,126 - INFO - ODIN AUOUT Synset Performance
2022-09-28 09:56:36,126 - INFO - [-1, -1, -1, -1, -1, -1, -1, -1, -1, -1, -1, -1, -1, -1, -1, -1, -1, -1, -1, -1, -1, -1, -1, -1, 0.09393858905968093, 0.4185313207288469, 0.12300256774099119, 0.1677927753934067]
2022-09-28 09:56:36,126 - INFO - MSP Metrics using max activations accumulated across all appropriate synsets:
	AUROC -0.0
	TNR 0.0
	AUOUT 0.09393858905968093
2022-09-28 09:56:36,126 - INFO - ODIN Metrics using max activations accumulated across all appropriate synsets:
	AUROC -0.0
	TNR 0.0
	AUOUT 0.09393858905968093
2022-09-28 09:56:36,126 - INFO - MSP Metrics using max entropy along path:
	AUROC 0.7099020952380952
	TNR 0.15866666666666662
	AUOUT 0.33245500066237005
2022-09-28 09:56:36,126 - INFO - ODIN Metrics using max entropy along path:
	AUROC 0.7453641904761905
	TNR 0.28
	AUOUT 0.4185313207288469
2022-09-28 09:56:36,126 - INFO - MSP Metrics using predicted activations:
	AUROC 0.7316735238095238
	TNR 0.23333333333333328
	AUOUT 0.3741280145214797
2022-09-28 09:56:36,126 - INFO - ODIN Metrics using predicted activations:
	AUROC 0.32648190476190475
	TNR 0.01200000000000001
	AUOUT 0.12300256774099119
2022-09-28 09:56:36,126 - INFO - MSP Metrics using mean entropy along path:
	AUROC 0.7252544761904761
	TNR 0.20266666666666666
	AUOUT 0.3649436994844191
2022-09-28 09:56:36,126 - INFO - ODIN Metrics using mean entropy along path:
	AUROC 0.3932308571428571
	TNR 0.09199999999999997
	AUOUT 0.1677927753934067
2022-09-28 09:56:36,126 - INFO - MSP Metrics using min entropy along path:
	AUROC 0.5947059047619048
	TNR 0.19333333333333336
	AUOUT 0.3267441524354971
2022-09-28 09:56:36,126 - INFO - ODIN Metrics using min entropy along path:
	AUROC 0.5933333333333334
	TNR 0.19199999999999995
	AUOUT 0.3132179948624915
2022-09-28 09:56:36,126 - INFO - OOD Path entropy min idx (msp): [0. 1. 2. 3. 4.], [534  20   6   1 189]
2022-09-28 09:56:36,127 - INFO - OOD Path entropy min idx (odin): [0. 4.], [561 189]
2022-09-28 09:56:49,095 - INFO - Computing OOD Statistics...
2022-09-28 09:57:11,462 - INFO - Computing OOD Statistics...
2022-09-28 09:57:44,915 - INFO - Computing OOD Statistics...
2022-09-28 09:57:57,512 - INFO - Computing OOD Statistics...
2022-09-28 09:58:05,397 - INFO - Computing OOD Statistics...
2022-09-28 09:58:08,472 - INFO - Computing OOD Statistics...
2022-09-28 09:58:11,829 - INFO - Computing OOD Statistics...
2022-09-28 09:58:15,323 - INFO - Computing OOD Statistics...
2022-09-28 09:58:18,751 - INFO - Computing OOD Statistics...
2022-09-28 09:58:18,763 - INFO - OOD Dataset: OOD
2022-09-28 09:58:18,763 - INFO - MSP AUROC [0.7918194285714286]
2022-09-28 09:58:18,763 - INFO - MSP TNR [0.556]
2022-09-28 09:58:18,763 - INFO - MSP AUOUT [0.7319344868848301]
2022-09-28 09:58:18,763 - INFO - ODIN AUROC [0.834580380952381]
2022-09-28 09:58:18,763 - INFO - ODIN TNR [0.556]
2022-09-28 09:58:18,763 - INFO - ODIN AUOUT [0.758357808398944]
2022-09-28 09:58:18,763 - INFO - OOD Dataset: iNaturalist
2022-09-28 09:58:18,763 - INFO - MSP AUROC [0.9238121142857142]
2022-09-28 09:58:18,763 - INFO - MSP TNR [0.49660000000000004]
2022-09-28 09:58:18,763 - INFO - MSP AUOUT [0.9549793224550838]
2022-09-28 09:58:18,763 - INFO - ODIN AUROC [0.9342838857142858]
2022-09-28 09:58:18,763 - INFO - ODIN TNR [0.5313]
2022-09-28 09:58:18,763 - INFO - ODIN AUOUT [0.9588874908801348]
2022-09-28 09:58:18,763 - INFO - OOD Dataset: SUN
2022-09-28 09:58:18,763 - INFO - MSP AUROC [0.9475510857142858]
2022-09-28 09:58:18,763 - INFO - MSP TNR [0.7807]
2022-09-28 09:58:18,763 - INFO - MSP AUOUT [0.9749934628719027]
2022-09-28 09:58:18,763 - INFO - ODIN AUROC [0.9592806857142857]
2022-09-28 09:58:18,763 - INFO - ODIN TNR [0.7867]
2022-09-28 09:58:18,763 - INFO - ODIN AUOUT [0.9783812407534545]
2022-09-28 09:58:18,763 - INFO - OOD Dataset: Places
2022-09-28 09:58:18,764 - INFO - MSP AUROC [0.9315262571428571]
2022-09-28 09:58:18,764 - INFO - MSP TNR [0.7454000000000001]
2022-09-28 09:58:18,764 - INFO - MSP AUOUT [0.9704559466059798]
2022-09-28 09:58:18,764 - INFO - ODIN AUROC [0.9469032571428572]
2022-09-28 09:58:18,764 - INFO - ODIN TNR [0.7512]
2022-09-28 09:58:18,764 - INFO - ODIN AUOUT [0.9748272911912912]
2022-09-28 09:58:18,764 - INFO - OOD Dataset: Textures
2022-09-28 09:58:18,764 - INFO - MSP AUROC [0.9261017730496454]
2022-09-28 09:58:18,764 - INFO - MSP TNR [0.7460992907801418]
2022-09-28 09:58:18,764 - INFO - MSP AUOUT [0.9512050996909645]
2022-09-28 09:58:18,764 - INFO - ODIN AUROC [0.943302228976697]
2022-09-28 09:58:18,764 - INFO - ODIN TNR [0.7542553191489362]
2022-09-28 09:58:18,764 - INFO - ODIN AUOUT [0.9587156524941396]
2022-09-28 09:58:18,764 - INFO - OOD Dataset: balanced100-coarseood
2022-09-28 09:58:18,764 - INFO - MSP AUROC [0.9759824761904763]
2022-09-28 09:58:18,764 - INFO - MSP TNR [0.9173333333333333]
2022-09-28 09:58:18,764 - INFO - MSP AUOUT [0.8851544609407189]
2022-09-28 09:58:18,764 - INFO - ODIN AUROC [0.9808205714285716]
2022-09-28 09:58:18,764 - INFO - ODIN TNR [0.9173333333333333]
2022-09-28 09:58:18,764 - INFO - ODIN AUOUT [0.8904614383862045]
2022-09-28 09:58:18,764 - INFO - OOD Dataset: balanced100-mediumood
2022-09-28 09:58:18,764 - INFO - MSP AUROC [0.528096]
2022-09-28 09:58:18,764 - INFO - MSP TNR [0.08399999999999996]
2022-09-28 09:58:18,764 - INFO - MSP AUOUT [0.08356293462787384]
2022-09-28 09:58:18,764 - INFO - ODIN AUROC [0.5845382857142858]
2022-09-28 09:58:18,764 - INFO - ODIN TNR [0.08399999999999996]
2022-09-28 09:58:18,764 - INFO - ODIN AUOUT [0.09376606243035261]
2022-09-28 09:58:18,764 - INFO - OOD Dataset: balanced100-fineood
2022-09-28 09:58:18,764 - INFO - MSP AUROC [0.6474377142857143]
2022-09-28 09:58:18,764 - INFO - MSP TNR [0.25]
2022-09-28 09:58:18,764 - INFO - MSP AUOUT [0.29089592847262363]
2022-09-28 09:58:18,764 - INFO - ODIN AUROC [0.7402405714285714]
2022-09-28 09:58:18,764 - INFO - ODIN TNR [0.25]
2022-09-28 09:58:18,764 - INFO - ODIN AUOUT [0.3294087502454254]
2022-09-28 09:58:18,764 - INFO - OOD Dataset: balanced100-finemediumood
2022-09-28 09:58:18,764 - INFO - MSP AUROC [0.6076571428571429]
2022-09-28 09:58:18,764 - INFO - MSP TNR [0.19466666666666665]
2022-09-28 09:58:18,765 - INFO - MSP AUOUT [0.3147448217139057]
2022-09-28 09:58:18,765 - INFO - ODIN AUROC [0.6883398095238096]
2022-09-28 09:58:18,765 - INFO - ODIN TNR [0.19466666666666665]
2022-09-28 09:58:18,765 - INFO - ODIN AUOUT [0.35300711538929297]
