2022-01-19 02:47:27,555 - INFO - ==> Preparing data..
2022-01-19 02:47:27,865 - INFO - # ID Test: 4150
2022-01-19 02:47:27,865 - INFO - # OOD: 850
2022-01-19 02:47:27,895 - INFO - # iNaturalist: 10000
2022-01-19 02:47:27,923 - INFO - # SUN: 10000
2022-01-19 02:47:27,952 - INFO - # Places: 10000
2022-01-19 02:47:27,981 - INFO - # Textures: 5640
2022-01-19 02:47:39,422 - INFO - Accuracy Results
2022-01-19 02:47:39,423 - INFO - Accuracy: 0.8178313374519348
2022-01-19 02:47:39,424 - INFO - Groupwise Accuracy: [0.9819277  0.99156624 0.98771083 0.993253   0.9860241  0.9951807
 0.9819277  0.9845783  0.98963857 0.9773494  0.99156624 0.98698795
 0.9787952  0.9826506  0.9787952  0.9893976  0.9968675 ]
2022-01-19 02:47:39,424 - INFO - OOD Results
2022-01-19 02:47:50,260 - INFO - Computing OOD Statistics...
2022-01-19 02:48:06,109 - INFO - Computing OOD Statistics...
2022-01-19 02:48:29,323 - INFO - Computing OOD Statistics...
2022-01-19 02:48:44,829 - INFO - Computing OOD Statistics...
2022-01-19 02:48:53,931 - INFO - Computing OOD Statistics...
2022-01-19 02:48:53,942 - INFO - MOS OOD Metrics:
	OOD Dataset: OOD
		AUROC [0.9164785258681785]
		TNR [0.5635294117647058]
		AUOUT [0.6336154048616573]
	OOD Dataset: iNaturalist
		AUROC [0.9327637590361446]
		TNR [0.5893999999999999]
		AUOUT [0.9542776741756788]
	OOD Dataset: SUN
		AUROC [0.9578635421686748]
		TNR [0.7342]
		AUOUT [0.969133451826516]
	OOD Dataset: Places
		AUROC [0.948435108433735]
		TNR [0.6812]
		AUOUT [0.9646595095394774]
	OOD Dataset: Textures
		AUROC [0.9314846193283775]
		TNR [0.6062056737588652]
		AUOUT [0.9250359567477782]
