2022-01-25 00:39:44,252 - INFO - ==> Preparing data..
2022-01-25 00:39:44,684 - INFO - # ID Test: 4150
2022-01-25 00:39:44,684 - INFO - # OOD: 850
2022-01-25 00:39:44,724 - INFO - # iNaturalist: 10000
2022-01-25 00:39:44,763 - INFO - # SUN: 10000
2022-01-25 00:39:44,808 - INFO - # Places: 10000
2022-01-25 00:39:44,830 - INFO - # Textures: 5640
2022-01-25 00:39:44,833 - INFO - # coarseid-coarseood: 750
2022-01-25 00:39:44,834 - INFO - # coarseid-fineood: 100
2022-01-25 00:39:58,959 - INFO - Accuracy Results
2022-01-25 00:39:58,959 - INFO - Top-1 Accuracy: 0.816144585609436
2022-01-25 00:39:58,959 - INFO - Top-5 Accuracy: 0.9710843563079834
2022-01-25 00:39:58,959 - INFO - OOD Results
2022-01-25 00:40:14,797 - INFO - Computing OOD Statistics...
2022-01-25 00:40:40,914 - INFO - Computing OOD Statistics...
2022-01-25 00:41:11,923 - INFO - Computing OOD Statistics...
2022-01-25 00:41:40,365 - INFO - Computing OOD Statistics...
2022-01-25 00:42:00,604 - INFO - Computing OOD Statistics...
2022-01-25 00:42:06,822 - INFO - Computing OOD Statistics...
2022-01-25 00:42:10,874 - INFO - Computing OOD Statistics...
2022-01-25 00:42:10,899 - INFO - OOD Dataset: OOD
2022-01-25 00:42:10,901 - INFO - MSP AUROC [0.8948445074415308]
2022-01-25 00:42:10,901 - INFO - MSP TNR [0.5435294117647058]
2022-01-25 00:42:10,902 - INFO - MSP AUOUT [0.6496249433353878]
2022-01-25 00:42:10,902 - INFO - ODIN AUROC [0.9309306874557051]
2022-01-25 00:42:10,903 - INFO - ODIN TNR [0.6494117647058824]
2022-01-25 00:42:10,903 - INFO - ODIN AUOUT [0.6953546346878176]
2022-01-25 00:42:10,903 - INFO - OOD Dataset: iNaturalist
2022-01-25 00:42:10,904 - INFO - MSP AUROC [0.9195389638554217]
2022-01-25 00:42:10,904 - INFO - MSP TNR [0.6037]
2022-01-25 00:42:10,904 - INFO - MSP AUOUT [0.9600929490945104]
2022-01-25 00:42:10,904 - INFO - ODIN AUROC [0.9563276144578314]
2022-01-25 00:42:10,905 - INFO - ODIN TNR [0.7451]
2022-01-25 00:42:10,905 - INFO - ODIN AUOUT [0.977826897644668]
2022-01-25 00:42:10,905 - INFO - OOD Dataset: SUN
2022-01-25 00:42:10,905 - INFO - MSP AUROC [0.9349239999999999]
2022-01-25 00:42:10,905 - INFO - MSP TNR [0.6549]
2022-01-25 00:42:10,905 - INFO - MSP AUOUT [0.9671154150580912]
2022-01-25 00:42:10,905 - INFO - ODIN AUROC [0.9729182409638554]
2022-01-25 00:42:10,905 - INFO - ODIN TNR [0.843]
2022-01-25 00:42:10,906 - INFO - ODIN AUOUT [0.9850511768038087]
2022-01-25 00:42:10,906 - INFO - OOD Dataset: Places
2022-01-25 00:42:10,906 - INFO - MSP AUROC [0.920433686746988]
2022-01-25 00:42:10,907 - INFO - MSP TNR [0.5952999999999999]
2022-01-25 00:42:10,907 - INFO - MSP AUOUT [0.9595410489564742]
2022-01-25 00:42:10,907 - INFO - ODIN AUROC [0.9611461204819277]
2022-01-25 00:42:10,907 - INFO - ODIN TNR [0.7759]
2022-01-25 00:42:10,908 - INFO - ODIN AUOUT [0.9793848059535566]
2022-01-25 00:42:10,908 - INFO - OOD Dataset: Textures
2022-01-25 00:42:10,908 - INFO - MSP AUROC [0.8835161497052038]
2022-01-25 00:42:10,908 - INFO - MSP TNR [0.5104609929078014]
2022-01-25 00:42:10,909 - INFO - MSP AUOUT [0.9055612859387064]
2022-01-25 00:42:10,909 - INFO - ODIN AUROC [0.9508678116722209]
2022-01-25 00:42:10,909 - INFO - ODIN TNR [0.7335106382978723]
2022-01-25 00:42:10,910 - INFO - ODIN AUOUT [0.9587175345270198]
2022-01-25 00:42:10,910 - INFO - OOD Dataset: coarseid-coarseood
2022-01-25 00:42:10,910 - INFO - MSP AUROC [0.9180472289156627]
2022-01-25 00:42:10,911 - INFO - MSP TNR [0.6013333333333333]
2022-01-25 00:42:10,911 - INFO - MSP AUOUT [0.6681194306317005]
2022-01-25 00:42:10,911 - INFO - ODIN AUROC [0.9543800803212852]
2022-01-25 00:42:10,911 - INFO - ODIN TNR [0.716]
2022-01-25 00:42:10,912 - INFO - ODIN AUOUT [0.7138164773270502]
2022-01-25 00:42:10,912 - INFO - OOD Dataset: coarseid-fineood
2022-01-25 00:42:10,912 - INFO - MSP AUROC [0.7208240963855421]
2022-01-25 00:42:10,912 - INFO - MSP TNR [0.10999999999999999]
2022-01-25 00:42:10,912 - INFO - MSP AUOUT [0.051830539795282085]
2022-01-25 00:42:10,913 - INFO - ODIN AUROC [0.7550578313253011]
2022-01-25 00:42:10,913 - INFO - ODIN TNR [0.15000000000000002]
2022-01-25 00:42:10,913 - INFO - ODIN AUOUT [0.06137043787533918]
