2022-10-14 13:50:43,871 - INFO - ==> Preparing data..
2022-10-14 13:50:44,129 - INFO - # ID Test: 3500
2022-10-14 13:50:44,129 - INFO - # OOD: 1500
2022-10-14 13:50:44,157 - INFO - # iNaturalist: 10000
2022-10-14 13:50:44,185 - INFO - # SUN: 10000
2022-10-14 13:50:44,213 - INFO - # Places: 10000
2022-10-14 13:50:44,228 - INFO - # Textures: 5640
2022-10-14 13:50:44,231 - INFO - # balanced100-coarseood: 750
2022-10-14 13:50:44,232 - INFO - # balanced100-mediumood: 250
2022-10-14 13:50:44,234 - INFO - # balanced100-fineood: 500
2022-10-14 13:50:44,236 - INFO - # balanced100-finemediumood: 750
2022-10-14 13:50:59,127 - INFO - Accuracy Results
2022-10-14 13:50:59,128 - INFO - Mean Synset Accuracy: 0.9018316864967346
2022-10-14 13:50:59,128 - INFO - Top-1 Accuracy: 0.8197143077850342
2022-10-14 13:50:59,128 - INFO - Pred Accuracy: 0.8220000267028809
2022-10-14 13:50:59,128 - INFO - Synset Accuracies:
2022-10-14 13:50:59,129 - INFO - [0.992      0.9646154  0.98526317 0.784      0.94666666 0.864
 0.932      0.979      0.96375    0.994      0.836      0.96
 0.812      0.788      0.9866667  1.         0.712      0.96
 0.792      0.792      0.872      0.748      0.98       1.        ]
2022-10-14 13:50:59,129 - INFO - Error Depth:
2022-10-14 13:50:59,129 - INFO - 	Num. Errors at Depth 0 = 10.0
2022-10-14 13:50:59,129 - INFO - 	Num. Errors at Depth 1 = 29.0
2022-10-14 13:50:59,129 - INFO - 	Num. Errors at Depth 2 = 160.0
2022-10-14 13:50:59,129 - INFO - 	Num. Errors at Depth 3 = 253.0
2022-10-14 13:50:59,129 - INFO - 	Num. Errors at Depth 4 = 107.0
2022-10-14 13:50:59,129 - INFO - 	Num. Errors at Depth 5 = 72.0
2022-10-14 13:50:59,129 - INFO - 	Num. Errors at Depth -1 = 2869.0
2022-10-14 13:50:59,129 - INFO - OOD Results
2022-10-14 13:51:15,293 - INFO - Computing OOD Statistics...
2022-10-14 13:51:42,166 - INFO - Computing OOD Statistics...
2022-10-14 13:52:10,427 - INFO - Computing OOD Statistics...
2022-10-14 13:52:36,702 - INFO - Computing OOD Statistics...
2022-10-14 13:52:52,326 - INFO - Computing OOD Statistics...
2022-10-14 13:52:56,178 - INFO - Computing OOD Statistics...
2022-10-14 13:52:59,131 - INFO - Computing OOD Statistics...
2022-10-14 13:53:02,497 - INFO - Computing OOD Statistics...
2022-10-14 13:53:06,438 - INFO - Computing OOD Statistics...
2022-10-14 13:53:06,477 - INFO - OOD Dataset: OOD
2022-10-14 13:53:06,478 - INFO - MSP AUROC Synset Performance
2022-10-14 13:53:06,478 - INFO - [-1, -1, -1, -1, -1, -1, -1, -1, -1, -1, -1, -1, -1, -1, -1, -1, -1, -1, -1, -1, -1, -1, -1, -1, -0.0, 0.822087619047619, 0.838293142857143, 0.8439464761904762]
2022-10-14 13:53:06,478 - INFO - MSP TNR Synset Performance
2022-10-14 13:53:06,478 - INFO - [-1, -1, -1, -1, -1, -1, -1, -1, -1, -1, -1, -1, -1, -1, -1, -1, -1, -1, -1, -1, -1, -1, -1, -1, 0.0, 0.4026666666666666, 0.488, 0.5286666666666666]
2022-10-14 13:53:06,478 - INFO - MSP AUOUT Synset Performance
2022-10-14 13:53:06,478 - INFO - [-1, -1, -1, -1, -1, -1, -1, -1, -1, -1, -1, -1, -1, -1, -1, -1, -1, -1, -1, -1, -1, -1, -1, -1, 0.16775845604771977, 0.6790718132098355, 0.7249019454012477, 0.7522967937979621]
2022-10-14 13:53:06,478 - INFO - ODIN AUROC Synset Performance
2022-10-14 13:53:06,478 - INFO - [-1, -1, -1, -1, -1, -1, -1, -1, -1, -1, -1, -1, -1, -1, -1, -1, -1, -1, -1, -1, -1, -1, -1, -1, -0.0, 0.618799619047619, 0.24903676190476187, 0.4669624761904762]
2022-10-14 13:53:06,478 - INFO - ODIN TNR Synset Performance
2022-10-14 13:53:06,478 - INFO - [-1, -1, -1, -1, -1, -1, -1, -1, -1, -1, -1, -1, -1, -1, -1, -1, -1, -1, -1, -1, -1, -1, -1, -1, 0.0, 0.20266666666666666, 0.0033333333333332993, 0.06799999999999995]
2022-10-14 13:53:06,478 - INFO - ODIN AUOUT Synset Performance
2022-10-14 13:53:06,478 - INFO - [-1, -1, -1, -1, -1, -1, -1, -1, -1, -1, -1, -1, -1, -1, -1, -1, -1, -1, -1, -1, -1, -1, -1, -1, 0.16775845604771977, 0.4475033486197244, 0.1985133115810441, 0.29985462573366717]
2022-10-14 13:53:06,478 - INFO - MSP Metrics using max activations accumulated across all appropriate synsets:
	AUROC -0.0
	TNR 0.0
	AUOUT 0.16775845604771977
2022-10-14 13:53:06,478 - INFO - ODIN Metrics using max activations accumulated across all appropriate synsets:
	AUROC -0.0
	TNR 0.0
	AUOUT 0.16775845604771977
2022-10-14 13:53:06,478 - INFO - MSP Metrics using max entropy along path:
	AUROC 0.822087619047619
	TNR 0.4026666666666666
	AUOUT 0.6790718132098355
2022-10-14 13:53:06,478 - INFO - ODIN Metrics using max entropy along path:
	AUROC 0.618799619047619
	TNR 0.20266666666666666
	AUOUT 0.4475033486197244
2022-10-14 13:53:06,478 - INFO - MSP Metrics using predicted activations:
	AUROC 0.838293142857143
	TNR 0.488
	AUOUT 0.7249019454012477
2022-10-14 13:53:06,478 - INFO - ODIN Metrics using predicted activations:
	AUROC 0.24903676190476187
	TNR 0.0033333333333332993
	AUOUT 0.1985133115810441
2022-10-14 13:53:06,478 - INFO - MSP Metrics using mean entropy along path:
	AUROC 0.8439464761904762
	TNR 0.5286666666666666
	AUOUT 0.7522967937979621
2022-10-14 13:53:06,478 - INFO - ODIN Metrics using mean entropy along path:
	AUROC 0.4669624761904762
	TNR 0.06799999999999995
	AUOUT 0.29985462573366717
2022-10-14 13:53:06,478 - INFO - MSP Metrics using min entropy along path:
	AUROC 0.7704053333333334
	TNR 0.5466666666666666
	AUOUT 0.7224631914673851
2022-10-14 13:53:06,478 - INFO - ODIN Metrics using min entropy along path:
	AUROC 0.7689590476190477
	TNR 0.546
	AUOUT 0.6982195380767923
2022-10-14 13:53:06,479 - INFO - OOD Path entropy min idx (msp): [0. 1. 2. 3. 4.], [1280   13    2    1  204]
2022-10-14 13:53:06,479 - INFO - OOD Path entropy min idx (odin): [0. 3. 4.], [1295    1  204]
2022-10-14 13:53:06,479 - INFO - OOD Dataset: iNaturalist
2022-10-14 13:53:06,479 - INFO - MSP AUROC Synset Performance
2022-10-14 13:53:06,479 - INFO - [-1, -1, -1, -1, -1, -1, -1, -1, -1, -1, -1, -1, -1, -1, -1, -1, -1, -1, -1, -1, -1, -1, -1, -1, -0.0, 0.9368359428571429, 0.940098, 0.9425843142857142]
2022-10-14 13:53:06,479 - INFO - MSP TNR Synset Performance
2022-10-14 13:53:06,479 - INFO - [-1, -1, -1, -1, -1, -1, -1, -1, -1, -1, -1, -1, -1, -1, -1, -1, -1, -1, -1, -1, -1, -1, -1, -1, 0.0, 0.6926, 0.71, 0.7092]
2022-10-14 13:53:06,479 - INFO - MSP AUOUT Synset Performance
2022-10-14 13:53:06,479 - INFO - [-1, -1, -1, -1, -1, -1, -1, -1, -1, -1, -1, -1, -1, -1, -1, -1, -1, -1, -1, -1, -1, -1, -1, -1, 0.5275256468469287, 0.9724770143946361, 0.9737232603791321, 0.9709123518168592]
2022-10-14 13:53:06,479 - INFO - ODIN AUROC Synset Performance
2022-10-14 13:53:06,479 - INFO - [-1, -1, -1, -1, -1, -1, -1, -1, -1, -1, -1, -1, -1, -1, -1, -1, -1, -1, -1, -1, -1, -1, -1, -1, -0.0, 0.6912605142857142, 0.23439200000000002, 0.5213425142857144]
2022-10-14 13:53:06,479 - INFO - ODIN TNR Synset Performance
2022-10-14 13:53:06,479 - INFO - [-1, -1, -1, -1, -1, -1, -1, -1, -1, -1, -1, -1, -1, -1, -1, -1, -1, -1, -1, -1, -1, -1, -1, -1, 0.0, 0.38149999999999995, 0.0, 0.14339999999999997]
2022-10-14 13:53:06,479 - INFO - ODIN AUOUT Synset Performance
2022-10-14 13:53:06,479 - INFO - [-1, -1, -1, -1, -1, -1, -1, -1, -1, -1, -1, -1, -1, -1, -1, -1, -1, -1, -1, -1, -1, -1, -1, -1, 0.5275256468469287, 0.8664135696856303, 0.5817385726601954, 0.7763883464035064]
2022-10-14 13:53:06,479 - INFO - MSP Metrics using max activations accumulated across all appropriate synsets:
	AUROC -0.0
	TNR 0.0
	AUOUT 0.5275256468469287
2022-10-14 13:53:06,479 - INFO - ODIN Metrics using max activations accumulated across all appropriate synsets:
	AUROC -0.0
	TNR 0.0
	AUOUT 0.5275256468469287
2022-10-14 13:53:06,479 - INFO - MSP Metrics using max entropy along path:
	AUROC 0.9368359428571429
	TNR 0.6926
	AUOUT 0.9724770143946361
2022-10-14 13:53:06,480 - INFO - ODIN Metrics using max entropy along path:
	AUROC 0.6912605142857142
	TNR 0.38149999999999995
	AUOUT 0.8664135696856303
2022-10-14 13:53:06,480 - INFO - MSP Metrics using predicted activations:
	AUROC 0.940098
	TNR 0.71
	AUOUT 0.9737232603791321
2022-10-14 13:53:06,480 - INFO - ODIN Metrics using predicted activations:
	AUROC 0.23439200000000002
	TNR 0.0
	AUOUT 0.5817385726601954
2022-10-14 13:53:06,480 - INFO - MSP Metrics using mean entropy along path:
	AUROC 0.9425843142857142
	TNR 0.7092
	AUOUT 0.9709123518168592
2022-10-14 13:53:06,480 - INFO - ODIN Metrics using mean entropy along path:
	AUROC 0.5213425142857144
	TNR 0.14339999999999997
	AUOUT 0.7763883464035064
2022-10-14 13:53:06,480 - INFO - MSP Metrics using min entropy along path:
	AUROC 0.9097736285714285
	TNR 0.4423
	AUOUT 0.9481565234307259
2022-10-14 13:53:06,480 - INFO - ODIN Metrics using min entropy along path:
	AUROC 0.9084770285714284
	TNR 0.43979999999999997
	AUOUT 0.9434475302043215
2022-10-14 13:53:06,480 - INFO - OOD Path entropy min idx (msp): [0. 1. 2. 3. 4.], [9930   25    1    5   39]
2022-10-14 13:53:06,480 - INFO - OOD Path entropy min idx (odin): [0. 3. 4.], [9957    4   39]
2022-10-14 13:53:06,480 - INFO - OOD Dataset: SUN
2022-10-14 13:53:06,480 - INFO - MSP AUROC Synset Performance
2022-10-14 13:53:06,480 - INFO - [-1, -1, -1, -1, -1, -1, -1, -1, -1, -1, -1, -1, -1, -1, -1, -1, -1, -1, -1, -1, -1, -1, -1, -1, -0.0, 0.9342298, 0.9578772571428572, 0.9638161714285713]
2022-10-14 13:53:06,480 - INFO - MSP TNR Synset Performance
2022-10-14 13:53:06,481 - INFO - [-1, -1, -1, -1, -1, -1, -1, -1, -1, -1, -1, -1, -1, -1, -1, -1, -1, -1, -1, -1, -1, -1, -1, -1, 0.0, 0.6074999999999999, 0.7959, 0.8159]
2022-10-14 13:53:06,481 - INFO - MSP AUOUT Synset Performance
2022-10-14 13:53:06,481 - INFO - [-1, -1, -1, -1, -1, -1, -1, -1, -1, -1, -1, -1, -1, -1, -1, -1, -1, -1, -1, -1, -1, -1, -1, -1, 0.5275256468469287, 0.9683229794354735, 0.9818874448191554, 0.9827904731740953]
2022-10-14 13:53:06,481 - INFO - ODIN AUROC Synset Performance
2022-10-14 13:53:06,481 - INFO - [-1, -1, -1, -1, -1, -1, -1, -1, -1, -1, -1, -1, -1, -1, -1, -1, -1, -1, -1, -1, -1, -1, -1, -1, -0.0, 0.7654298285714285, 0.19493642857142854, 0.6380986857142859]
2022-10-14 13:53:06,481 - INFO - ODIN TNR Synset Performance
2022-10-14 13:53:06,481 - INFO - [-1, -1, -1, -1, -1, -1, -1, -1, -1, -1, -1, -1, -1, -1, -1, -1, -1, -1, -1, -1, -1, -1, -1, -1, 0.0, 0.6071, 0.0, 0.2793]
2022-10-14 13:53:06,481 - INFO - ODIN AUOUT Synset Performance
2022-10-14 13:53:06,481 - INFO - [-1, -1, -1, -1, -1, -1, -1, -1, -1, -1, -1, -1, -1, -1, -1, -1, -1, -1, -1, -1, -1, -1, -1, -1, 0.5275256468469287, 0.913752154904728, 0.5724198359985402, 0.8496232405239583]
2022-10-14 13:53:06,481 - INFO - MSP Metrics using max activations accumulated across all appropriate synsets:
	AUROC -0.0
	TNR 0.0
	AUOUT 0.5275256468469287
2022-10-14 13:53:06,481 - INFO - ODIN Metrics using max activations accumulated across all appropriate synsets:
	AUROC -0.0
	TNR 0.0
	AUOUT 0.5275256468469287
2022-10-14 13:53:06,481 - INFO - MSP Metrics using max entropy along path:
	AUROC 0.9342298
	TNR 0.6074999999999999
	AUOUT 0.9683229794354735
2022-10-14 13:53:06,481 - INFO - ODIN Metrics using max entropy along path:
	AUROC 0.7654298285714285
	TNR 0.6071
	AUOUT 0.913752154904728
2022-10-14 13:53:06,481 - INFO - MSP Metrics using predicted activations:
	AUROC 0.9578772571428572
	TNR 0.7959
	AUOUT 0.9818874448191554
2022-10-14 13:53:06,481 - INFO - ODIN Metrics using predicted activations:
	AUROC 0.19493642857142854
	TNR 0.0
	AUOUT 0.5724198359985402
2022-10-14 13:53:06,481 - INFO - MSP Metrics using mean entropy along path:
	AUROC 0.9638161714285713
	TNR 0.8159
	AUOUT 0.9827904731740953
2022-10-14 13:53:06,481 - INFO - ODIN Metrics using mean entropy along path:
	AUROC 0.6380986857142859
	TNR 0.2793
	AUOUT 0.8496232405239583
2022-10-14 13:53:06,481 - INFO - MSP Metrics using min entropy along path:
	AUROC 0.945268
	TNR 0.8058
	AUOUT 0.9768549365693642
2022-10-14 13:53:06,481 - INFO - ODIN Metrics using min entropy along path:
	AUROC 0.9437533142857143
	TNR 0.804
	AUOUT 0.9701168302252587
2022-10-14 13:53:06,482 - INFO - OOD Path entropy min idx (msp): [0. 1. 2. 3. 4.], [9693   55   12   13  227]
2022-10-14 13:53:06,482 - INFO - OOD Path entropy min idx (odin): [0. 3. 4.], [9769    8  223]
2022-10-14 13:53:06,482 - INFO - OOD Dataset: Places
2022-10-14 13:53:06,482 - INFO - MSP AUROC Synset Performance
2022-10-14 13:53:06,482 - INFO - [-1, -1, -1, -1, -1, -1, -1, -1, -1, -1, -1, -1, -1, -1, -1, -1, -1, -1, -1, -1, -1, -1, -1, -1, -0.0, 0.9216249999999999, 0.9446070285714285, 0.9523358285714285]
2022-10-14 13:53:06,482 - INFO - MSP TNR Synset Performance
2022-10-14 13:53:06,482 - INFO - [-1, -1, -1, -1, -1, -1, -1, -1, -1, -1, -1, -1, -1, -1, -1, -1, -1, -1, -1, -1, -1, -1, -1, -1, 0.0, 0.5654, 0.7392000000000001, 0.7632]
2022-10-14 13:53:06,482 - INFO - MSP AUOUT Synset Performance
2022-10-14 13:53:06,482 - INFO - [-1, -1, -1, -1, -1, -1, -1, -1, -1, -1, -1, -1, -1, -1, -1, -1, -1, -1, -1, -1, -1, -1, -1, -1, 0.5275256468469287, 0.9631323654190725, 0.9766012326294082, 0.9783530611531409]
2022-10-14 13:53:06,482 - INFO - ODIN AUROC Synset Performance
2022-10-14 13:53:06,482 - INFO - [-1, -1, -1, -1, -1, -1, -1, -1, -1, -1, -1, -1, -1, -1, -1, -1, -1, -1, -1, -1, -1, -1, -1, -1, -0.0, 0.7326929428571429, 0.20082551428571427, 0.6147481142857143]
2022-10-14 13:53:06,482 - INFO - ODIN TNR Synset Performance
2022-10-14 13:53:06,482 - INFO - [-1, -1, -1, -1, -1, -1, -1, -1, -1, -1, -1, -1, -1, -1, -1, -1, -1, -1, -1, -1, -1, -1, -1, -1, 0.0, 0.5438000000000001, 0.00029999999999996696, 0.27669999999999995]
2022-10-14 13:53:06,482 - INFO - ODIN AUOUT Synset Performance
2022-10-14 13:53:06,482 - INFO - [-1, -1, -1, -1, -1, -1, -1, -1, -1, -1, -1, -1, -1, -1, -1, -1, -1, -1, -1, -1, -1, -1, -1, -1, 0.5275256468469287, 0.9005994645614523, 0.5731648835194769, 0.8412557936829828]
2022-10-14 13:53:06,482 - INFO - MSP Metrics using max activations accumulated across all appropriate synsets:
	AUROC -0.0
	TNR 0.0
	AUOUT 0.5275256468469287
2022-10-14 13:53:06,482 - INFO - ODIN Metrics using max activations accumulated across all appropriate synsets:
	AUROC -0.0
	TNR 0.0
	AUOUT 0.5275256468469287
2022-10-14 13:53:06,482 - INFO - MSP Metrics using max entropy along path:
	AUROC 0.9216249999999999
	TNR 0.5654
	AUOUT 0.9631323654190725
2022-10-14 13:53:06,482 - INFO - ODIN Metrics using max entropy along path:
	AUROC 0.7326929428571429
	TNR 0.5438000000000001
	AUOUT 0.9005994645614523
2022-10-14 13:53:06,482 - INFO - MSP Metrics using predicted activations:
	AUROC 0.9446070285714285
	TNR 0.7392000000000001
	AUOUT 0.9766012326294082
2022-10-14 13:53:06,482 - INFO - ODIN Metrics using predicted activations:
	AUROC 0.20082551428571427
	TNR 0.00029999999999996696
	AUOUT 0.5731648835194769
2022-10-14 13:53:06,482 - INFO - MSP Metrics using mean entropy along path:
	AUROC 0.9523358285714285
	TNR 0.7632
	AUOUT 0.9783530611531409
2022-10-14 13:53:06,482 - INFO - ODIN Metrics using mean entropy along path:
	AUROC 0.6147481142857143
	TNR 0.27669999999999995
	AUOUT 0.8412557936829828
2022-10-14 13:53:06,482 - INFO - MSP Metrics using min entropy along path:
	AUROC 0.9301491714285715
	TNR 0.753
	AUOUT 0.9718258898420317
2022-10-14 13:53:06,482 - INFO - ODIN Metrics using min entropy along path:
	AUROC 0.928629257142857
	TNR 0.7516
	AUOUT 0.9650863016494523
2022-10-14 13:53:06,483 - INFO - OOD Path entropy min idx (msp): [0. 1. 2. 3. 4.], [9619   90   19   15  257]
2022-10-14 13:53:06,483 - INFO - OOD Path entropy min idx (odin): [0. 3. 4.], [9739    7  254]
2022-10-14 13:53:06,483 - INFO - OOD Dataset: Textures
2022-10-14 13:53:06,483 - INFO - MSP AUROC Synset Performance
2022-10-14 13:53:06,483 - INFO - [-1, -1, -1, -1, -1, -1, -1, -1, -1, -1, -1, -1, -1, -1, -1, -1, -1, -1, -1, -1, -1, -1, -1, -1, -0.0, 0.8995960992907802, 0.9164958459979736, 0.9345685410334346]
2022-10-14 13:53:06,483 - INFO - MSP TNR Synset Performance
2022-10-14 13:53:06,483 - INFO - [-1, -1, -1, -1, -1, -1, -1, -1, -1, -1, -1, -1, -1, -1, -1, -1, -1, -1, -1, -1, -1, -1, -1, -1, 0.0, 0.572695035460993, 0.677304964539007, 0.7397163120567376]
2022-10-14 13:53:06,483 - INFO - MSP AUOUT Synset Performance
2022-10-14 13:53:06,483 - INFO - [-1, -1, -1, -1, -1, -1, -1, -1, -1, -1, -1, -1, -1, -1, -1, -1, -1, -1, -1, -1, -1, -1, -1, -1, 0.4043189752277335, 0.9301038660505548, 0.9457125649918112, 0.9555821034511561]
2022-10-14 13:53:06,483 - INFO - ODIN AUROC Synset Performance
2022-10-14 13:53:06,483 - INFO - [-1, -1, -1, -1, -1, -1, -1, -1, -1, -1, -1, -1, -1, -1, -1, -1, -1, -1, -1, -1, -1, -1, -1, -1, -0.0, 0.6276707193515704, 0.19697613981762918, 0.6070903748733536]
2022-10-14 13:53:06,483 - INFO - ODIN TNR Synset Performance
2022-10-14 13:53:06,483 - INFO - [-1, -1, -1, -1, -1, -1, -1, -1, -1, -1, -1, -1, -1, -1, -1, -1, -1, -1, -1, -1, -1, -1, -1, -1, 0.0, 0.3104609929078014, 0.00035460992907798694, 0.18031914893617018]
2022-10-14 13:53:06,484 - INFO - ODIN AUOUT Synset Performance
2022-10-14 13:53:06,484 - INFO - [-1, -1, -1, -1, -1, -1, -1, -1, -1, -1, -1, -1, -1, -1, -1, -1, -1, -1, -1, -1, -1, -1, -1, -1, 0.4043189752277335, 0.7547359528424872, 0.44869620549294226, 0.7172753921710844]
2022-10-14 13:53:06,484 - INFO - MSP Metrics using max activations accumulated across all appropriate synsets:
	AUROC -0.0
	TNR 0.0
	AUOUT 0.4043189752277335
2022-10-14 13:53:06,484 - INFO - ODIN Metrics using max activations accumulated across all appropriate synsets:
	AUROC -0.0
	TNR 0.0
	AUOUT 0.4043189752277335
2022-10-14 13:53:06,484 - INFO - MSP Metrics using max entropy along path:
	AUROC 0.8995960992907802
	TNR 0.572695035460993
	AUOUT 0.9301038660505548
2022-10-14 13:53:06,484 - INFO - ODIN Metrics using max entropy along path:
	AUROC 0.6276707193515704
	TNR 0.3104609929078014
	AUOUT 0.7547359528424872
2022-10-14 13:53:06,484 - INFO - MSP Metrics using predicted activations:
	AUROC 0.9164958459979736
	TNR 0.677304964539007
	AUOUT 0.9457125649918112
2022-10-14 13:53:06,484 - INFO - ODIN Metrics using predicted activations:
	AUROC 0.19697613981762918
	TNR 0.00035460992907798694
	AUOUT 0.44869620549294226
2022-10-14 13:53:06,484 - INFO - MSP Metrics using mean entropy along path:
	AUROC 0.9345685410334346
	TNR 0.7397163120567376
	AUOUT 0.9555821034511561
2022-10-14 13:53:06,484 - INFO - ODIN Metrics using mean entropy along path:
	AUROC 0.6070903748733536
	TNR 0.18031914893617018
	AUOUT 0.7172753921710844
2022-10-14 13:53:06,484 - INFO - MSP Metrics using min entropy along path:
	AUROC 0.9347648936170213
	TNR 0.7695035460992907
	AUOUT 0.9563568382538801
2022-10-14 13:53:06,484 - INFO - ODIN Metrics using min entropy along path:
	AUROC 0.933275937183384
	TNR 0.7686170212765957
	AUOUT 0.945899407690753
2022-10-14 13:53:06,484 - INFO - OOD Path entropy min idx (msp): [0. 1. 2. 3. 4.], [5370  102   23   14  131]
2022-10-14 13:53:06,484 - INFO - OOD Path entropy min idx (odin): [0. 3. 4.], [5501    8  131]
2022-10-14 13:53:06,484 - INFO - OOD Dataset: balanced100-coarseood
2022-10-14 13:53:06,484 - INFO - MSP AUROC Synset Performance
2022-10-14 13:53:06,484 - INFO - [-1, -1, -1, -1, -1, -1, -1, -1, -1, -1, -1, -1, -1, -1, -1, -1, -1, -1, -1, -1, -1, -1, -1, -1, -0.0, 0.9359965714285715, 0.9483230476190476, 0.9690304761904761]
2022-10-14 13:53:06,485 - INFO - MSP TNR Synset Performance
2022-10-14 13:53:06,485 - INFO - [-1, -1, -1, -1, -1, -1, -1, -1, -1, -1, -1, -1, -1, -1, -1, -1, -1, -1, -1, -1, -1, -1, -1, -1, 0.0, 0.604, 0.724, 0.8386666666666667]
2022-10-14 13:53:06,485 - INFO - MSP AUOUT Synset Performance
2022-10-14 13:53:06,485 - INFO - [-1, -1, -1, -1, -1, -1, -1, -1, -1, -1, -1, -1, -1, -1, -1, -1, -1, -1, -1, -1, -1, -1, -1, -1, 0.09393858905968093, 0.7120036307250102, 0.7842010798648177, 0.8586102297979066]
2022-10-14 13:53:06,485 - INFO - ODIN AUROC Synset Performance
2022-10-14 13:53:06,485 - INFO - [-1, -1, -1, -1, -1, -1, -1, -1, -1, -1, -1, -1, -1, -1, -1, -1, -1, -1, -1, -1, -1, -1, -1, -1, -0.0, 0.4846445714285714, 0.15732190476190475, 0.5417756190476191]
2022-10-14 13:53:06,485 - INFO - ODIN TNR Synset Performance
2022-10-14 13:53:06,485 - INFO - [-1, -1, -1, -1, -1, -1, -1, -1, -1, -1, -1, -1, -1, -1, -1, -1, -1, -1, -1, -1, -1, -1, -1, -1, 0.0, 0.09333333333333338, 0.0, 0.04266666666666663]
2022-10-14 13:53:06,485 - INFO - ODIN AUOUT Synset Performance
2022-10-14 13:53:06,485 - INFO - [-1, -1, -1, -1, -1, -1, -1, -1, -1, -1, -1, -1, -1, -1, -1, -1, -1, -1, -1, -1, -1, -1, -1, -1, 0.09393858905968093, 0.20011664543449814, 0.10708550581374927, 0.20539768297703678]
2022-10-14 13:53:06,485 - INFO - MSP Metrics using max activations accumulated across all appropriate synsets:
	AUROC -0.0
	TNR 0.0
	AUOUT 0.09393858905968093
2022-10-14 13:53:06,485 - INFO - ODIN Metrics using max activations accumulated across all appropriate synsets:
	AUROC -0.0
	TNR 0.0
	AUOUT 0.09393858905968093
2022-10-14 13:53:06,485 - INFO - MSP Metrics using max entropy along path:
	AUROC 0.9359965714285715
	TNR 0.604
	AUOUT 0.7120036307250102
2022-10-14 13:53:06,485 - INFO - ODIN Metrics using max entropy along path:
	AUROC 0.4846445714285714
	TNR 0.09333333333333338
	AUOUT 0.20011664543449814
2022-10-14 13:53:06,485 - INFO - MSP Metrics using predicted activations:
	AUROC 0.9483230476190476
	TNR 0.724
	AUOUT 0.7842010798648177
2022-10-14 13:53:06,485 - INFO - ODIN Metrics using predicted activations:
	AUROC 0.15732190476190475
	TNR 0.0
	AUOUT 0.10708550581374927
2022-10-14 13:53:06,485 - INFO - MSP Metrics using mean entropy along path:
	AUROC 0.9690304761904761
	TNR 0.8386666666666667
	AUOUT 0.8586102297979066
2022-10-14 13:53:06,485 - INFO - ODIN Metrics using mean entropy along path:
	AUROC 0.5417756190476191
	TNR 0.04266666666666663
	AUOUT 0.20539768297703678
2022-10-14 13:53:06,485 - INFO - MSP Metrics using min entropy along path:
	AUROC 0.9626788571428572
	TNR 0.916
	AUOUT 0.8747366385236277
2022-10-14 13:53:06,485 - INFO - ODIN Metrics using min entropy along path:
	AUROC 0.9608643809523809
	TNR 0.916
	AUOUT 0.8285699868177522
2022-10-14 13:53:06,485 - INFO - OOD Path entropy min idx (msp): [0. 1. 2. 3. 4.], [729   4   2   1  14]
2022-10-14 13:53:06,485 - INFO - OOD Path entropy min idx (odin): [0. 3. 4.], [735   1  14]
2022-10-14 13:53:06,486 - INFO - OOD Dataset: balanced100-mediumood
2022-10-14 13:53:06,486 - INFO - MSP AUROC Synset Performance
2022-10-14 13:53:06,486 - INFO - [-1, -1, -1, -1, -1, -1, -1, -1, -1, -1, -1, -1, -1, -1, -1, -1, -1, -1, -1, -1, -1, -1, -1, -1, -0.0, 0.7185462857142858, 0.7266297142857143, 0.6960628571428573]
2022-10-14 13:53:06,486 - INFO - MSP TNR Synset Performance
2022-10-14 13:53:06,486 - INFO - [-1, -1, -1, -1, -1, -1, -1, -1, -1, -1, -1, -1, -1, -1, -1, -1, -1, -1, -1, -1, -1, -1, -1, -1, 0.0, 0.18799999999999994, 0.18799999999999994, 0.12]
2022-10-14 13:53:06,486 - INFO - MSP AUOUT Synset Performance
2022-10-14 13:53:06,486 - INFO - [-1, -1, -1, -1, -1, -1, -1, -1, -1, -1, -1, -1, -1, -1, -1, -1, -1, -1, -1, -1, -1, -1, -1, -1, 0.03409978690754759, 0.15023284255588742, 0.15726925528274127, 0.12632701670692767]
2022-10-14 13:53:06,486 - INFO - ODIN AUROC Synset Performance
2022-10-14 13:53:06,486 - INFO - [-1, -1, -1, -1, -1, -1, -1, -1, -1, -1, -1, -1, -1, -1, -1, -1, -1, -1, -1, -1, -1, -1, -1, -1, -0.0, 0.8556457142857143, 0.425016, 0.416816]
2022-10-14 13:53:06,486 - INFO - ODIN TNR Synset Performance
2022-10-14 13:53:06,486 - INFO - [-1, -1, -1, -1, -1, -1, -1, -1, -1, -1, -1, -1, -1, -1, -1, -1, -1, -1, -1, -1, -1, -1, -1, -1, 0.0, 0.348, 0.01200000000000001, 0.10799999999999998]
2022-10-14 13:53:06,486 - INFO - ODIN AUOUT Synset Performance
2022-10-14 13:53:06,486 - INFO - [-1, -1, -1, -1, -1, -1, -1, -1, -1, -1, -1, -1, -1, -1, -1, -1, -1, -1, -1, -1, -1, -1, -1, -1, 0.03409978690754759, 0.24677124897218675, 0.05229438397578605, 0.068252292719684]
2022-10-14 13:53:06,486 - INFO - MSP Metrics using max activations accumulated across all appropriate synsets:
	AUROC -0.0
	TNR 0.0
	AUOUT 0.03409978690754759
2022-10-14 13:53:06,486 - INFO - ODIN Metrics using max activations accumulated across all appropriate synsets:
	AUROC -0.0
	TNR 0.0
	AUOUT 0.03409978690754759
2022-10-14 13:53:06,486 - INFO - MSP Metrics using max entropy along path:
	AUROC 0.7185462857142858
	TNR 0.18799999999999994
	AUOUT 0.15023284255588742
2022-10-14 13:53:06,486 - INFO - ODIN Metrics using max entropy along path:
	AUROC 0.8556457142857143
	TNR 0.348
	AUOUT 0.24677124897218675
2022-10-14 13:53:06,486 - INFO - MSP Metrics using predicted activations:
	AUROC 0.7266297142857143
	TNR 0.18799999999999994
	AUOUT 0.15726925528274127
2022-10-14 13:53:06,486 - INFO - ODIN Metrics using predicted activations:
	AUROC 0.425016
	TNR 0.01200000000000001
	AUOUT 0.05229438397578605
2022-10-14 13:53:06,486 - INFO - MSP Metrics using mean entropy along path:
	AUROC 0.6960628571428573
	TNR 0.12
	AUOUT 0.12632701670692767
2022-10-14 13:53:06,486 - INFO - ODIN Metrics using mean entropy along path:
	AUROC 0.416816
	TNR 0.10799999999999998
	AUOUT 0.068252292719684
2022-10-14 13:53:06,486 - INFO - MSP Metrics using min entropy along path:
	AUROC 0.2579908571428571
	TNR 0.028000000000000025
	AUOUT 0.04832570404514844
2022-10-14 13:53:06,486 - INFO - ODIN Metrics using min entropy along path:
	AUROC 0.2578948571428571
	TNR 0.03200000000000003
	AUOUT 0.048359778470537226
2022-10-14 13:53:06,486 - INFO - OOD Path entropy min idx (msp): [0. 1. 4.], [ 81   2 167]
2022-10-14 13:53:06,487 - INFO - OOD Path entropy min idx (odin): [0. 4.], [ 83 167]
2022-10-14 13:53:06,487 - INFO - OOD Dataset: balanced100-fineood
2022-10-14 13:53:06,487 - INFO - MSP AUROC Synset Performance
2022-10-14 13:53:06,487 - INFO - [-1, -1, -1, -1, -1, -1, -1, -1, -1, -1, -1, -1, -1, -1, -1, -1, -1, -1, -1, -1, -1, -1, -1, -1, -0.0, 0.7029948571428571, 0.72908, 0.7302622857142856]
2022-10-14 13:53:06,487 - INFO - MSP TNR Synset Performance
2022-10-14 13:53:06,487 - INFO - [-1, -1, -1, -1, -1, -1, -1, -1, -1, -1, -1, -1, -1, -1, -1, -1, -1, -1, -1, -1, -1, -1, -1, -1, 0.0, 0.20799999999999996, 0.28400000000000003, 0.268]
2022-10-14 13:53:06,487 - INFO - MSP AUOUT Synset Performance
2022-10-14 13:53:06,487 - INFO - [-1, -1, -1, -1, -1, -1, -1, -1, -1, -1, -1, -1, -1, -1, -1, -1, -1, -1, -1, -1, -1, -1, -1, -1, 0.06528024046762752, 0.26460437077253474, 0.3168942929371621, 0.3176203891588204]
2022-10-14 13:53:06,487 - INFO - ODIN AUROC Synset Performance
2022-10-14 13:53:06,487 - INFO - [-1, -1, -1, -1, -1, -1, -1, -1, -1, -1, -1, -1, -1, -1, -1, -1, -1, -1, -1, -1, -1, -1, -1, -1, -0.0, 0.7015994285714285, 0.2986194285714286, 0.37981599999999993]
2022-10-14 13:53:06,487 - INFO - ODIN TNR Synset Performance
2022-10-14 13:53:06,487 - INFO - [-1, -1, -1, -1, -1, -1, -1, -1, -1, -1, -1, -1, -1, -1, -1, -1, -1, -1, -1, -1, -1, -1, -1, -1, 0.0, 0.29400000000000004, 0.0040000000000000036, 0.08599999999999997]
2022-10-14 13:53:06,487 - INFO - ODIN AUOUT Synset Performance
2022-10-14 13:53:06,487 - INFO - [-1, -1, -1, -1, -1, -1, -1, -1, -1, -1, -1, -1, -1, -1, -1, -1, -1, -1, -1, -1, -1, -1, -1, -1, 0.06528024046762752, 0.3216539959717504, 0.0825063345541193, 0.12051840015410595]
2022-10-14 13:53:06,487 - INFO - MSP Metrics using max activations accumulated across all appropriate synsets:
	AUROC -0.0
	TNR 0.0
	AUOUT 0.06528024046762752
2022-10-14 13:53:06,487 - INFO - ODIN Metrics using max activations accumulated across all appropriate synsets:
	AUROC -0.0
	TNR 0.0
	AUOUT 0.06528024046762752
2022-10-14 13:53:06,487 - INFO - MSP Metrics using max entropy along path:
	AUROC 0.7029948571428571
	TNR 0.20799999999999996
	AUOUT 0.26460437077253474
2022-10-14 13:53:06,487 - INFO - ODIN Metrics using max entropy along path:
	AUROC 0.7015994285714285
	TNR 0.29400000000000004
	AUOUT 0.3216539959717504
2022-10-14 13:53:06,487 - INFO - MSP Metrics using predicted activations:
	AUROC 0.72908
	TNR 0.28400000000000003
	AUOUT 0.3168942929371621
2022-10-14 13:53:06,487 - INFO - ODIN Metrics using predicted activations:
	AUROC 0.2986194285714286
	TNR 0.0040000000000000036
	AUOUT 0.0825063345541193
2022-10-14 13:53:06,487 - INFO - MSP Metrics using mean entropy along path:
	AUROC 0.7302622857142856
	TNR 0.268
	AUOUT 0.3176203891588204
2022-10-14 13:53:06,487 - INFO - ODIN Metrics using mean entropy along path:
	AUROC 0.37981599999999993
	TNR 0.08599999999999997
	AUOUT 0.12051840015410595
2022-10-14 13:53:06,487 - INFO - MSP Metrics using min entropy along path:
	AUROC 0.7382022857142857
	TNR 0.252
	AUOUT 0.3157593211299293
2022-10-14 13:53:06,487 - INFO - ODIN Metrics using min entropy along path:
	AUROC 0.7366285714285714
	TNR 0.248
	AUOUT 0.3038502462224237
2022-10-14 13:53:06,488 - INFO - OOD Path entropy min idx (msp): [0. 1. 4.], [470   7  23]
2022-10-14 13:53:06,488 - INFO - OOD Path entropy min idx (odin): [0. 4.], [477  23]
2022-10-14 13:53:06,488 - INFO - OOD Dataset: balanced100-finemediumood
2022-10-14 13:53:06,488 - INFO - MSP AUROC Synset Performance
2022-10-14 13:53:06,488 - INFO - [-1, -1, -1, -1, -1, -1, -1, -1, -1, -1, -1, -1, -1, -1, -1, -1, -1, -1, -1, -1, -1, -1, -1, -1, -0.0, 0.7081786666666666, 0.7282632380952381, 0.7188624761904762]
2022-10-14 13:53:06,488 - INFO - MSP TNR Synset Performance
2022-10-14 13:53:06,488 - INFO - [-1, -1, -1, -1, -1, -1, -1, -1, -1, -1, -1, -1, -1, -1, -1, -1, -1, -1, -1, -1, -1, -1, -1, -1, 0.0, 0.20133333333333336, 0.252, 0.21866666666666668]
2022-10-14 13:53:06,488 - INFO - MSP AUOUT Synset Performance
2022-10-14 13:53:06,488 - INFO - [-1, -1, -1, -1, -1, -1, -1, -1, -1, -1, -1, -1, -1, -1, -1, -1, -1, -1, -1, -1, -1, -1, -1, -1, 0.09393858905968093, 0.34348549083675073, 0.38439050111230366, 0.3673156354637964]
2022-10-14 13:53:06,488 - INFO - ODIN AUROC Synset Performance
2022-10-14 13:53:06,488 - INFO - [-1, -1, -1, -1, -1, -1, -1, -1, -1, -1, -1, -1, -1, -1, -1, -1, -1, -1, -1, -1, -1, -1, -1, -1, -0.0, 0.7529481904761903, 0.3407516190476191, 0.39214933333333335]
2022-10-14 13:53:06,488 - INFO - ODIN TNR Synset Performance
2022-10-14 13:53:06,488 - INFO - [-1, -1, -1, -1, -1, -1, -1, -1, -1, -1, -1, -1, -1, -1, -1, -1, -1, -1, -1, -1, -1, -1, -1, -1, 0.0, 0.31200000000000006, 0.00666666666666671, 0.09333333333333338]
2022-10-14 13:53:06,488 - INFO - ODIN AUOUT Synset Performance
2022-10-14 13:53:06,488 - INFO - [-1, -1, -1, -1, -1, -1, -1, -1, -1, -1, -1, -1, -1, -1, -1, -1, -1, -1, -1, -1, -1, -1, -1, -1, 0.09393858905968093, 0.4326061652997214, 0.12459946211386486, 0.1690334043157476]
2022-10-14 13:53:06,488 - INFO - MSP Metrics using max activations accumulated across all appropriate synsets:
	AUROC -0.0
	TNR 0.0
	AUOUT 0.09393858905968093
2022-10-14 13:53:06,488 - INFO - ODIN Metrics using max activations accumulated across all appropriate synsets:
	AUROC -0.0
	TNR 0.0
	AUOUT 0.09393858905968093
2022-10-14 13:53:06,488 - INFO - MSP Metrics using max entropy along path:
	AUROC 0.7081786666666666
	TNR 0.20133333333333336
	AUOUT 0.34348549083675073
2022-10-14 13:53:06,488 - INFO - ODIN Metrics using max entropy along path:
	AUROC 0.7529481904761903
	TNR 0.31200000000000006
	AUOUT 0.4326061652997214
2022-10-14 13:53:06,488 - INFO - MSP Metrics using predicted activations:
	AUROC 0.7282632380952381
	TNR 0.252
	AUOUT 0.38439050111230366
2022-10-14 13:53:06,488 - INFO - ODIN Metrics using predicted activations:
	AUROC 0.3407516190476191
	TNR 0.00666666666666671
	AUOUT 0.12459946211386486
2022-10-14 13:53:06,488 - INFO - MSP Metrics using mean entropy along path:
	AUROC 0.7188624761904762
	TNR 0.21866666666666668
	AUOUT 0.3673156354637964
2022-10-14 13:53:06,488 - INFO - ODIN Metrics using mean entropy along path:
	AUROC 0.39214933333333335
	TNR 0.09333333333333338
	AUOUT 0.1690334043157476
2022-10-14 13:53:06,488 - INFO - MSP Metrics using min entropy along path:
	AUROC 0.5781318095238095
	TNR 0.17733333333333334
	AUOUT 0.29747925287265037
2022-10-14 13:53:06,488 - INFO - ODIN Metrics using min entropy along path:
	AUROC 0.5770506666666666
	TNR 0.17600000000000005
	AUOUT 0.28949331696725594
2022-10-14 13:53:06,489 - INFO - OOD Path entropy min idx (msp): [0. 1. 4.], [551   9 190]
2022-10-14 13:53:06,489 - INFO - OOD Path entropy min idx (odin): [0. 4.], [560 190]
2022-10-14 13:53:21,128 - INFO - Computing OOD Statistics...
2022-10-14 13:53:44,690 - INFO - Computing OOD Statistics...
2022-10-14 13:54:09,350 - INFO - Computing OOD Statistics...
2022-10-14 13:54:32,292 - INFO - Computing OOD Statistics...
2022-10-14 13:54:45,945 - INFO - Computing OOD Statistics...
2022-10-14 13:54:49,539 - INFO - Computing OOD Statistics...
2022-10-14 13:54:52,199 - INFO - Computing OOD Statistics...
2022-10-14 13:54:55,446 - INFO - Computing OOD Statistics...
2022-10-14 13:54:59,143 - INFO - Computing OOD Statistics...
2022-10-14 13:54:59,155 - INFO - OOD Dataset: OOD
2022-10-14 13:54:59,156 - INFO - MSP AUROC [0.7792222857142856]
2022-10-14 13:54:59,156 - INFO - MSP TNR [0.5606666666666666]
2022-10-14 13:54:59,156 - INFO - MSP AUOUT [0.7324032284696812]
2022-10-14 13:54:59,156 - INFO - ODIN AUROC [0.825796380952381]
2022-10-14 13:54:59,156 - INFO - ODIN TNR [0.562]
2022-10-14 13:54:59,156 - INFO - ODIN AUOUT [0.7603296392120892]
2022-10-14 13:54:59,156 - INFO - OOD Dataset: iNaturalist
2022-10-14 13:54:59,156 - INFO - MSP AUROC [0.9362191714285714]
2022-10-14 13:54:59,156 - INFO - MSP TNR [0.5983]
2022-10-14 13:54:59,156 - INFO - MSP AUOUT [0.9635398502666173]
2022-10-14 13:54:59,156 - INFO - ODIN AUROC [0.9432394]
2022-10-14 13:54:59,156 - INFO - ODIN TNR [0.6112]
2022-10-14 13:54:59,156 - INFO - ODIN AUOUT [0.9661376448145802]
2022-10-14 13:54:59,156 - INFO - OOD Dataset: SUN
2022-10-14 13:54:59,156 - INFO - MSP AUROC [0.9503512571428572]
2022-10-14 13:54:59,156 - INFO - MSP TNR [0.8164]
2022-10-14 13:54:59,156 - INFO - MSP AUOUT [0.9783504913225336]
2022-10-14 13:54:59,156 - INFO - ODIN AUROC [0.9616003142857144]
2022-10-14 13:54:59,156 - INFO - ODIN TNR [0.812]
2022-10-14 13:54:59,156 - INFO - ODIN AUOUT [0.981562853790768]
2022-10-14 13:54:59,156 - INFO - OOD Dataset: Places
2022-10-14 13:54:59,156 - INFO - MSP AUROC [0.9332752]
2022-10-14 13:54:59,156 - INFO - MSP TNR [0.7673]
2022-10-14 13:54:59,156 - INFO - MSP AUOUT [0.9732336815948015]
2022-10-14 13:54:59,156 - INFO - ODIN AUROC [0.9486212857142857]
2022-10-14 13:54:59,156 - INFO - ODIN TNR [0.7634]
2022-10-14 13:54:59,157 - INFO - ODIN AUOUT [0.9776037100828059]
2022-10-14 13:54:59,157 - INFO - OOD Dataset: Textures
2022-10-14 13:54:59,157 - INFO - MSP AUROC [0.9371010638297872]
2022-10-14 13:54:59,157 - INFO - MSP TNR [0.7803191489361703]
2022-10-14 13:54:59,157 - INFO - MSP AUOUT [0.9597179265750677]
2022-10-14 13:54:59,157 - INFO - ODIN AUROC [0.9521903748733535]
2022-10-14 13:54:59,157 - INFO - ODIN TNR [0.7790780141843971]
2022-10-14 13:54:59,157 - INFO - ODIN AUOUT [0.966327092382993]
2022-10-14 13:54:59,157 - INFO - OOD Dataset: balanced100-coarseood
2022-10-14 13:54:59,157 - INFO - MSP AUROC [0.9761569523809523]
2022-10-14 13:54:59,157 - INFO - MSP TNR [0.9293333333333333]
2022-10-14 13:54:59,157 - INFO - MSP AUOUT [0.9064090290245028]
2022-10-14 13:54:59,157 - INFO - ODIN AUROC [0.9813420952380953]
2022-10-14 13:54:59,157 - INFO - ODIN TNR [0.928]
2022-10-14 13:54:59,157 - INFO - ODIN AUOUT [0.9109206791406718]
2022-10-14 13:54:59,157 - INFO - OOD Dataset: balanced100-mediumood
2022-10-14 13:54:59,157 - INFO - MSP AUROC [0.4805702857142857]
2022-10-14 13:54:59,157 - INFO - MSP TNR [0.07999999999999996]
2022-10-14 13:54:59,157 - INFO - MSP AUOUT [0.06854385122218995]
2022-10-14 13:54:59,157 - INFO - ODIN AUROC [0.5625954285714285]
2022-10-14 13:54:59,157 - INFO - ODIN TNR [0.07999999999999996]
2022-10-14 13:54:59,157 - INFO - ODIN AUOUT [0.08225144846549134]
2022-10-14 13:54:59,157 - INFO - OOD Dataset: balanced100-fineood
2022-10-14 13:54:59,157 - INFO - MSP AUROC [0.6331462857142858]
2022-10-14 13:54:59,157 - INFO - MSP TNR [0.248]
2022-10-14 13:54:59,157 - INFO - MSP AUOUT [0.28856212671727915]
2022-10-14 13:54:59,157 - INFO - ODIN AUROC [0.7240782857142856]
2022-10-14 13:54:59,157 - INFO - ODIN TNR [0.254]
2022-10-14 13:54:59,157 - INFO - ODIN AUOUT [0.3244580350595077]
2022-10-14 13:54:59,157 - INFO - OOD Dataset: balanced100-finemediumood
2022-10-14 13:54:59,158 - INFO - MSP AUROC [0.582287619047619]
2022-10-14 13:54:59,158 - INFO - MSP TNR [0.19199999999999995]
2022-10-14 13:54:59,158 - INFO - MSP AUOUT [0.29878889351051235]
2022-10-14 13:54:59,158 - INFO - ODIN AUROC [0.6702506666666667]
2022-10-14 13:54:59,158 - INFO - ODIN TNR [0.19599999999999995]
2022-10-14 13:54:59,158 - INFO - ODIN AUOUT [0.33860100320613207]
