2022-09-23 23:05:16,140 - INFO - ==> Preparing data..
2022-09-23 23:05:16,600 - INFO - # ID Train: 89972
2022-09-23 23:05:16,600 - INFO - # ID Test:  3500
2022-09-23 23:05:16,600 - INFO - # OOD Test: 1500
2022-09-23 23:05:16,600 - INFO - checkpoint filename: experiments/balanced100/mos/R2/checkpoint.pt
2022-09-23 23:05:16,600 - INFO - log filename: experiments/balanced100/mos/R2/train.log
2022-09-23 23:05:16,600 - INFO - ********************************************************
2022-09-23 23:05:16,600 - INFO - Starting Iter: 0 / 1
2022-09-23 23:05:16,600 - INFO - ********************************************************
2022-09-23 23:05:30,517 - INFO - cuda
2022-09-23 23:05:31,219 - INFO - 
Epoch: 0
2022-09-23 23:05:31,219 - INFO - 
Learning Rate: 0.0100
2022-09-23 23:07:09,485 - INFO - [Step=250]	Loss=6.9043	325.7 examples/second
2022-09-23 23:08:36,790 - INFO - [Step=500]	Loss=5.2924	366.5 examples/second
2022-09-23 23:09:54,271 - INFO - Test Loss=6.2826, Test top-1 acc=0.0197
2022-09-23 23:09:54,272 - INFO - Group Accuracy:

2022-09-23 23:09:54,272 - INFO - [0.9285714  0.95714283 0.9285714  0.9285714  0.9285714  0.9285714
 0.9285714  0.9285714  0.9285714  0.9714286  0.9285714  0.9285714
 0.9285714  0.9285714  0.9565714  0.9711428 ]
2022-09-23 23:09:54,273 - INFO - Saving...
2022-09-23 23:09:54,919 - INFO - Epoch time: 263.6998906135559
2022-09-23 23:09:54,919 - INFO - 
Epoch: 1
2022-09-23 23:09:54,919 - INFO - 
Learning Rate: 0.0280
2022-09-23 23:10:14,889 - INFO - [Step=750]	Loss=5.2482	1602.6 examples/second
2022-09-23 23:11:42,080 - INFO - [Step=1000]	Loss=5.1213	367.0 examples/second
2022-09-23 23:13:09,465 - INFO - [Step=1250]	Loss=4.8240	366.2 examples/second
2022-09-23 23:14:10,609 - INFO - Test Loss=4.8198, Test top-1 acc=0.1086
2022-09-23 23:14:10,609 - INFO - Group Accuracy:

2022-09-23 23:14:10,609 - INFO - [0.9285714  0.95714283 0.9285714  0.9285714  0.9285714  0.92885715
 0.928      0.9285714  0.9285714  0.9714286  0.9285714  0.9285714
 0.9285714  0.92742854 0.95685714 0.97171426]
2022-09-23 23:14:10,610 - INFO - Saving...
2022-09-23 23:14:11,199 - INFO - Epoch time: 256.2802700996399
2022-09-23 23:14:11,200 - INFO - 
Epoch: 2
2022-09-23 23:14:11,200 - INFO - 
Learning Rate: 0.0460
2022-09-23 23:14:47,622 - INFO - [Step=1500]	Loss=4.5924	878.6 examples/second
2022-09-23 23:16:14,781 - INFO - [Step=1750]	Loss=4.4611	367.2 examples/second
2022-09-23 23:17:42,380 - INFO - [Step=2000]	Loss=4.2513	365.3 examples/second
2022-09-23 23:18:26,939 - INFO - Test Loss=4.5641, Test top-1 acc=0.2037
2022-09-23 23:18:26,939 - INFO - Group Accuracy:

2022-09-23 23:18:26,939 - INFO - [0.93114287 0.95771426 0.92885715 0.9405714  0.9285714  0.93
 0.9294286  0.93       0.9285714  0.9714286  0.92885715 0.9285714
 0.9285714  0.9285714  0.9582857  0.9737143 ]
2022-09-23 23:18:26,940 - INFO - Saving...
2022-09-23 23:18:27,482 - INFO - Epoch time: 256.28278732299805
2022-09-23 23:18:27,483 - INFO - 
Epoch: 3
2022-09-23 23:18:27,483 - INFO - 
Learning Rate: 0.0640
2022-09-23 23:19:19,347 - INFO - [Step=2250]	Loss=4.0997	617.0 examples/second
2022-09-23 23:20:46,630 - INFO - [Step=2500]	Loss=3.9503	366.6 examples/second
2022-09-23 23:22:13,736 - INFO - [Step=2750]	Loss=3.8171	367.4 examples/second
2022-09-23 23:22:41,973 - INFO - Test Loss=3.5802, Test top-1 acc=0.2780
2022-09-23 23:22:41,974 - INFO - Group Accuracy:

2022-09-23 23:22:41,974 - INFO - [0.932      0.95942855 0.9308571  0.94771427 0.9317143  0.9488571
 0.93285716 0.9322857  0.92914283 0.9714286  0.9302857  0.9285714
 0.92742854 0.928      0.9562857  0.9745714 ]
2022-09-23 23:22:41,975 - INFO - Saving...
2022-09-23 23:22:43,354 - INFO - Epoch time: 255.87176060676575
2022-09-23 23:22:43,355 - INFO - 
Epoch: 4
2022-09-23 23:22:43,355 - INFO - 
Learning Rate: 0.1000
2022-09-23 23:23:51,381 - INFO - [Step=3000]	Loss=3.7338	470.4 examples/second
2022-09-23 23:25:18,655 - INFO - [Step=3250]	Loss=3.5861	366.7 examples/second
2022-09-23 23:26:45,747 - INFO - [Step=3500]	Loss=3.4259	367.4 examples/second
2022-09-23 23:26:57,711 - INFO - Test Loss=3.6229, Test top-1 acc=0.3029
2022-09-23 23:26:57,712 - INFO - Group Accuracy:

2022-09-23 23:26:57,712 - INFO - [0.93314284 0.9628571  0.9242857  0.9482857  0.9337143  0.9582857
 0.93057144 0.9325714  0.93057144 0.972      0.93457144 0.92885715
 0.9097143  0.93       0.9602857  0.978     ]
2022-09-23 23:26:57,713 - INFO - Saving...
2022-09-23 23:26:59,523 - INFO - Epoch time: 256.16843008995056
2022-09-23 23:26:59,523 - INFO - 
Epoch: 5
2022-09-23 23:26:59,523 - INFO - 
Learning Rate: 0.1000
2022-09-23 23:28:24,027 - INFO - [Step=3750]	Loss=3.2682	378.7 examples/second
2022-09-23 23:29:51,501 - INFO - [Step=4000]	Loss=3.2027	365.8 examples/second
2022-09-23 23:31:14,474 - INFO - Test Loss=3.5398, Test top-1 acc=0.3374
2022-09-23 23:31:14,474 - INFO - Group Accuracy:

2022-09-23 23:31:14,474 - INFO - [0.93942857 0.962      0.9325714  0.95114285 0.9351429  0.9645714
 0.9317143  0.93542856 0.92714286 0.95771426 0.8822857  0.93057144
 0.9325714  0.93685716 0.96742857 0.97885716]
2022-09-23 23:31:14,476 - INFO - Saving...
2022-09-23 23:31:15,125 - INFO - Epoch time: 255.6016981601715
2022-09-23 23:31:15,125 - INFO - 
Epoch: 6
2022-09-23 23:31:15,125 - INFO - 
Learning Rate: 0.1000
2022-09-23 23:31:29,233 - INFO - [Step=4250]	Loss=3.0297	2268.6 examples/second
2022-09-23 23:32:56,363 - INFO - [Step=4500]	Loss=2.9824	367.3 examples/second
2022-09-23 23:34:23,923 - INFO - [Step=4750]	Loss=2.8778	365.5 examples/second
2022-09-23 23:35:30,631 - INFO - Test Loss=2.7922, Test top-1 acc=0.4346
2022-09-23 23:35:30,632 - INFO - Group Accuracy:

2022-09-23 23:35:30,632 - INFO - [0.94542855 0.96485716 0.9422857  0.9628571  0.942      0.96514285
 0.9405714  0.9474286  0.94285715 0.982      0.9488571  0.9308571
 0.9337143  0.936      0.9714286  0.9842857 ]
2022-09-23 23:35:30,633 - INFO - Saving...
2022-09-23 23:35:31,364 - INFO - Epoch time: 256.23871302604675
2022-09-23 23:35:31,364 - INFO - 
Epoch: 7
2022-09-23 23:35:31,364 - INFO - 
Learning Rate: 0.1000
2022-09-23 23:36:01,683 - INFO - [Step=5000]	Loss=2.7477	1055.5 examples/second
2022-09-23 23:37:29,229 - INFO - [Step=5250]	Loss=2.7175	365.5 examples/second
2022-09-23 23:38:56,975 - INFO - [Step=5500]	Loss=2.6558	364.7 examples/second
2022-09-23 23:39:48,678 - INFO - Test Loss=2.7161, Test top-1 acc=0.4520
2022-09-23 23:39:48,678 - INFO - Group Accuracy:

2022-09-23 23:39:48,678 - INFO - [0.93857145 0.9714286  0.9442857  0.96114284 0.93885714 0.97257143
 0.93685716 0.94857144 0.94514287 0.97914284 0.9462857  0.9308571
 0.93114287 0.922      0.9742857  0.9851429 ]
2022-09-23 23:39:48,679 - INFO - Saving...
2022-09-23 23:39:49,616 - INFO - Epoch time: 258.2519791126251
2022-09-23 23:39:49,617 - INFO - 
Epoch: 8
2022-09-23 23:39:49,617 - INFO - 
Learning Rate: 0.1000
2022-09-23 23:40:36,840 - INFO - [Step=5750]	Loss=2.5442	677.6 examples/second
2022-09-23 23:42:04,586 - INFO - [Step=6000]	Loss=2.5296	364.7 examples/second
2022-09-23 23:43:32,393 - INFO - [Step=6250]	Loss=2.4403	364.4 examples/second
2022-09-23 23:44:05,890 - INFO - Test Loss=2.4398, Test top-1 acc=0.4931
2022-09-23 23:44:05,890 - INFO - Group Accuracy:

2022-09-23 23:44:05,890 - INFO - [0.94371426 0.9754286  0.9488571  0.96885717 0.942      0.9754286
 0.9465714  0.9505714  0.94514287 0.9694286  0.9425714  0.93457144
 0.92885715 0.942      0.97914284 0.98485714]
2022-09-23 23:44:05,892 - INFO - Saving...
2022-09-23 23:44:06,398 - INFO - Epoch time: 256.781373500824
2022-09-23 23:44:06,398 - INFO - 
Epoch: 9
2022-09-23 23:44:06,398 - INFO - 
Learning Rate: 0.1000
2022-09-23 23:45:09,862 - INFO - [Step=6500]	Loss=2.3839	504.2 examples/second
2022-09-23 23:46:36,992 - INFO - [Step=6750]	Loss=2.3349	367.3 examples/second
2022-09-23 23:48:04,564 - INFO - [Step=7000]	Loss=2.3192	365.4 examples/second
2022-09-23 23:48:21,807 - INFO - Test Loss=2.2581, Test top-1 acc=0.5217
2022-09-23 23:48:21,808 - INFO - Group Accuracy:

2022-09-23 23:48:21,808 - INFO - [0.95114285 0.9768571  0.94114286 0.9685714  0.94857144 0.97257143
 0.94457144 0.95028573 0.95942855 0.98314285 0.9554286  0.9374286
 0.9397143  0.94457144 0.9785714  0.98742855]
2022-09-23 23:48:21,809 - INFO - Saving...
2022-09-23 23:48:22,535 - INFO - Epoch time: 256.13639307022095
2022-09-23 23:48:22,535 - INFO - 
Epoch: 10
2022-09-23 23:48:22,535 - INFO - 
Learning Rate: 0.1000
2022-09-23 23:49:42,049 - INFO - [Step=7250]	Loss=2.2461	402.4 examples/second
2022-09-23 23:51:09,322 - INFO - [Step=7500]	Loss=2.2074	366.7 examples/second
2022-09-23 23:52:37,371 - INFO - Test Loss=2.5418, Test top-1 acc=0.4943
2022-09-23 23:52:37,371 - INFO - Group Accuracy:

2022-09-23 23:52:37,371 - INFO - [0.942      0.9702857  0.9374286  0.9677143  0.94542855 0.974
 0.94457144 0.9517143  0.94542855 0.9777143  0.95       0.93885714
 0.9405714  0.942      0.968      0.9862857 ]
2022-09-23 23:52:37,372 - INFO - Epoch time: 254.83695030212402
2022-09-23 23:52:37,372 - INFO - 
Epoch: 11
2022-09-23 23:52:37,372 - INFO - 
Learning Rate: 0.1000
2022-09-23 23:52:45,982 - INFO - [Step=7750]	Loss=2.0882	3716.8 examples/second
2022-09-23 23:54:13,192 - INFO - [Step=8000]	Loss=2.1761	366.9 examples/second
2022-09-23 23:55:40,603 - INFO - [Step=8250]	Loss=2.1187	366.1 examples/second
2022-09-23 23:56:52,871 - INFO - Test Loss=2.0573, Test top-1 acc=0.5563
2022-09-23 23:56:52,871 - INFO - Group Accuracy:

2022-09-23 23:56:52,871 - INFO - [0.9545714  0.9811429  0.9482857  0.97571427 0.95       0.97914284
 0.94457144 0.95942855 0.95942855 0.9837143  0.95428574 0.9448571
 0.93714285 0.9488571  0.97914284 0.98742855]
2022-09-23 23:56:52,872 - INFO - Saving...
2022-09-23 23:56:53,533 - INFO - Epoch time: 256.1611559391022
2022-09-23 23:56:53,533 - INFO - 
Epoch: 12
2022-09-23 23:56:53,533 - INFO - 
Learning Rate: 0.1000
2022-09-23 23:57:19,374 - INFO - [Step=8500]	Loss=2.0506	1238.4 examples/second
2022-09-23 23:58:46,679 - INFO - [Step=8750]	Loss=2.0169	366.5 examples/second
2022-09-24 00:00:14,336 - INFO - [Step=9000]	Loss=2.0147	365.1 examples/second
2022-09-24 00:01:10,699 - INFO - Test Loss=2.2622, Test top-1 acc=0.5186
2022-09-24 00:01:10,699 - INFO - Group Accuracy:

2022-09-24 00:01:10,699 - INFO - [0.95114285 0.97514284 0.944      0.9694286  0.9497143  0.97657144
 0.95114285 0.9474286  0.9422857  0.98085713 0.9505714  0.9417143
 0.9425714  0.95085716 0.98       0.9885714 ]
2022-09-24 00:01:10,701 - INFO - Epoch time: 257.16726899147034
2022-09-24 00:01:10,701 - INFO - 
Epoch: 13
2022-09-24 00:01:10,701 - INFO - 
Learning Rate: 0.1000
2022-09-24 00:01:52,302 - INFO - [Step=9250]	Loss=1.9456	769.2 examples/second
2022-09-24 00:03:19,708 - INFO - [Step=9500]	Loss=1.9235	366.1 examples/second
2022-09-24 00:04:47,185 - INFO - [Step=9750]	Loss=1.9230	365.8 examples/second
2022-09-24 00:05:27,078 - INFO - Test Loss=2.2011, Test top-1 acc=0.5686
2022-09-24 00:05:27,079 - INFO - Group Accuracy:

2022-09-24 00:05:27,079 - INFO - [0.96428573 0.9794286  0.93942857 0.97914284 0.9474286  0.9811429
 0.94542855 0.96       0.9628571  0.9842857  0.9574286  0.9377143
 0.9491429  0.94685715 0.9811429  0.99      ]
2022-09-24 00:05:27,079 - INFO - Saving...
2022-09-24 00:05:27,875 - INFO - Epoch time: 257.17375469207764
2022-09-24 00:05:27,875 - INFO - 
Epoch: 14
2022-09-24 00:05:27,875 - INFO - 
Learning Rate: 0.1000
2022-09-24 00:06:26,317 - INFO - [Step=10000]	Loss=1.8539	547.6 examples/second
2022-09-24 00:07:53,667 - INFO - [Step=10250]	Loss=1.8433	366.3 examples/second
2022-09-24 00:09:21,718 - INFO - [Step=10500]	Loss=1.8615	363.4 examples/second
2022-09-24 00:09:44,117 - INFO - Test Loss=2.1863, Test top-1 acc=0.5369
2022-09-24 00:09:44,118 - INFO - Group Accuracy:

2022-09-24 00:09:44,118 - INFO - [0.952      0.9794286  0.9405714  0.97171426 0.936      0.97257143
 0.9434286  0.95714283 0.95428574 0.98085713 0.95114285 0.94371426
 0.9457143  0.9537143  0.9817143  0.99114287]
2022-09-24 00:09:44,119 - INFO - Epoch time: 256.24385714530945
2022-09-24 00:09:44,119 - INFO - 
Epoch: 15
2022-09-24 00:09:44,119 - INFO - 
Learning Rate: 0.1000
2022-09-24 00:10:58,716 - INFO - [Step=10750]	Loss=1.8091	429.0 examples/second
2022-09-24 00:12:26,016 - INFO - [Step=11000]	Loss=1.8032	366.6 examples/second
2022-09-24 00:13:59,571 - INFO - Test Loss=2.1901, Test top-1 acc=0.5777
2022-09-24 00:13:59,572 - INFO - Group Accuracy:

2022-09-24 00:13:59,572 - INFO - [0.9554286  0.96742857 0.9488571  0.97885716 0.9537143  0.9811429
 0.9531429  0.9628571  0.96171427 0.9842857  0.9545714  0.94685715
 0.94542855 0.95085716 0.98057145 0.99057144]
2022-09-24 00:13:59,573 - INFO - Saving...
2022-09-24 00:14:00,240 - INFO - Epoch time: 256.12127470970154
2022-09-24 00:14:00,240 - INFO - 
Epoch: 16
2022-09-24 00:14:00,240 - INFO - 
Learning Rate: 0.1000
2022-09-24 00:14:03,711 - INFO - [Step=11250]	Loss=1.6018	9223.5 examples/second
2022-09-24 00:15:30,686 - INFO - [Step=11500]	Loss=1.7266	367.9 examples/second
2022-09-24 00:16:57,990 - INFO - [Step=11750]	Loss=1.7472	366.5 examples/second
2022-09-24 00:18:14,905 - INFO - Test Loss=1.9130, Test top-1 acc=0.5820
2022-09-24 00:18:14,905 - INFO - Group Accuracy:

2022-09-24 00:18:14,905 - INFO - [0.94314283 0.9711428  0.95085716 0.9794286  0.956      0.98285717
 0.9548572  0.9637143  0.96171427 0.984      0.9622857  0.9457143
 0.94114286 0.954      0.9854286  0.992     ]
2022-09-24 00:18:14,906 - INFO - Saving...
2022-09-24 00:18:15,597 - INFO - Epoch time: 255.35645866394043
2022-09-24 00:18:15,597 - INFO - 
Epoch: 17
2022-09-24 00:18:15,597 - INFO - 
Learning Rate: 0.1000
2022-09-24 00:18:35,403 - INFO - [Step=12000]	Loss=1.6738	1615.8 examples/second
2022-09-24 00:20:02,384 - INFO - [Step=12250]	Loss=1.7049	367.9 examples/second
2022-09-24 00:21:29,692 - INFO - [Step=12500]	Loss=1.7038	366.7 examples/second
2022-09-24 00:22:30,913 - INFO - Test Loss=1.7277, Test top-1 acc=0.6254
2022-09-24 00:22:30,913 - INFO - Group Accuracy:

2022-09-24 00:22:30,913 - INFO - [0.9628571  0.98228574 0.95514286 0.9785714  0.9602857  0.9837143
 0.95342857 0.96685714 0.964      0.9877143  0.96257144 0.95028573
 0.95285714 0.9557143  0.98571426 0.98914284]
2022-09-24 00:22:30,915 - INFO - Saving...
2022-09-24 00:22:32,033 - INFO - Epoch time: 256.43632888793945
2022-09-24 00:22:32,034 - INFO - 
Epoch: 18
2022-09-24 00:22:32,034 - INFO - 
Learning Rate: 0.1000
2022-09-24 00:23:08,347 - INFO - [Step=12750]	Loss=1.6310	881.3 examples/second
2022-09-24 00:24:35,620 - INFO - [Step=13000]	Loss=1.6478	366.7 examples/second
2022-09-24 00:26:03,328 - INFO - [Step=13250]	Loss=1.6604	364.9 examples/second
2022-09-24 00:26:48,257 - INFO - Test Loss=1.7910, Test top-1 acc=0.6166
2022-09-24 00:26:48,257 - INFO - Group Accuracy:

2022-09-24 00:26:48,257 - INFO - [0.95685714 0.9837143  0.9442857  0.98057145 0.9602857  0.97885716
 0.9548572  0.96428573 0.96342856 0.98742855 0.9574286  0.9531429
 0.9548572  0.95114285 0.9868571  0.99285716]
2022-09-24 00:26:48,258 - INFO - Epoch time: 256.22425866127014
2022-09-24 00:26:48,258 - INFO - 
Epoch: 19
2022-09-24 00:26:48,258 - INFO - 
Learning Rate: 0.1000
2022-09-24 00:27:41,311 - INFO - [Step=13500]	Loss=1.5787	603.2 examples/second
2022-09-24 00:29:08,728 - INFO - [Step=13750]	Loss=1.6210	366.1 examples/second
2022-09-24 00:30:36,236 - INFO - [Step=14000]	Loss=1.6196	365.7 examples/second
2022-09-24 00:31:05,203 - INFO - Test Loss=1.7721, Test top-1 acc=0.6060
2022-09-24 00:31:05,203 - INFO - Group Accuracy:

2022-09-24 00:31:05,203 - INFO - [0.9562857  0.9842857  0.9488571  0.98085713 0.9554286  0.984
 0.9505714  0.95857143 0.9588571  0.98971426 0.9662857  0.9491429
 0.9497143  0.9537143  0.9825714  0.99457145]
2022-09-24 00:31:05,205 - INFO - Epoch time: 256.9466791152954
2022-09-24 00:31:05,205 - INFO - 
Epoch: 20
2022-09-24 00:31:05,205 - INFO - 
Learning Rate: 0.1000
2022-09-24 00:32:14,481 - INFO - [Step=14250]	Loss=1.5772	461.9 examples/second
2022-09-24 00:33:42,105 - INFO - [Step=14500]	Loss=1.5898	365.2 examples/second
2022-09-24 00:35:09,120 - INFO - [Step=14750]	Loss=1.5809	367.8 examples/second
2022-09-24 00:35:20,479 - INFO - Test Loss=1.7239, Test top-1 acc=0.6097
2022-09-24 00:35:20,479 - INFO - Group Accuracy:

2022-09-24 00:35:20,479 - INFO - [0.9517143  0.9797143  0.9582857  0.9794286  0.9582857  0.9854286
 0.96       0.9522857  0.9637143  0.9837143  0.96171427 0.95
 0.96       0.9522857  0.98457146 0.99114287]
2022-09-24 00:35:20,480 - INFO - Epoch time: 255.27551984786987
2022-09-24 00:35:20,480 - INFO - 
Epoch: 21
2022-09-24 00:35:20,480 - INFO - 
Learning Rate: 0.1000
2022-09-24 00:36:45,847 - INFO - [Step=15000]	Loss=1.5257	374.9 examples/second
2022-09-24 00:38:12,975 - INFO - [Step=15250]	Loss=1.5521	367.3 examples/second
2022-09-24 00:39:35,005 - INFO - Test Loss=1.5176, Test top-1 acc=0.6560
2022-09-24 00:39:35,005 - INFO - Group Accuracy:

2022-09-24 00:39:35,005 - INFO - [0.9597143  0.98228574 0.96742857 0.98228574 0.9657143  0.984
 0.9622857  0.97085714 0.96257144 0.9894286  0.96828574 0.956
 0.9548572  0.9548572  0.988      0.9925714 ]
2022-09-24 00:39:35,006 - INFO - Saving...
2022-09-24 00:39:35,576 - INFO - Epoch time: 255.09613680839539
2022-09-24 00:39:35,577 - INFO - 
Epoch: 22
2022-09-24 00:39:35,577 - INFO - 
Learning Rate: 0.1000
2022-09-24 00:39:50,310 - INFO - [Step=15500]	Loss=1.5403	2172.2 examples/second
2022-09-24 00:41:17,518 - INFO - [Step=15750]	Loss=1.4949	366.9 examples/second
2022-09-24 00:42:44,637 - INFO - [Step=16000]	Loss=1.5133	367.3 examples/second
2022-09-24 00:43:50,682 - INFO - Test Loss=1.5367, Test top-1 acc=0.6517
2022-09-24 00:43:50,682 - INFO - Group Accuracy:

2022-09-24 00:43:50,682 - INFO - [0.9614286  0.9785714  0.96085715 0.98142856 0.96828574 0.98914284
 0.9602857  0.9697143  0.968      0.986      0.96428573 0.95514286
 0.9574286  0.96       0.9825714  0.9902857 ]
2022-09-24 00:43:50,683 - INFO - Epoch time: 255.10621237754822
2022-09-24 00:43:50,683 - INFO - 
Epoch: 23
2022-09-24 00:43:50,683 - INFO - 
Learning Rate: 0.1000
2022-09-24 00:44:22,466 - INFO - [Step=16250]	Loss=1.4907	1006.9 examples/second
2022-09-24 00:45:49,533 - INFO - [Step=16500]	Loss=1.5008	367.5 examples/second
2022-09-24 00:47:16,881 - INFO - [Step=16750]	Loss=1.4837	366.6 examples/second
2022-09-24 00:48:06,305 - INFO - Test Loss=1.5667, Test top-1 acc=0.6606
2022-09-24 00:48:06,306 - INFO - Group Accuracy:

2022-09-24 00:48:06,306 - INFO - [0.95942855 0.98314285 0.9548572  0.98057145 0.9662857  0.98571426
 0.9548572  0.9657143  0.9662857  0.9868571  0.97514284 0.9597143
 0.9614286  0.96       0.9877143  0.99      ]
2022-09-24 00:48:06,307 - INFO - Saving...
2022-09-24 00:48:07,245 - INFO - Epoch time: 256.5616629123688
2022-09-24 00:48:07,245 - INFO - 
Epoch: 24
2022-09-24 00:48:07,245 - INFO - 
Learning Rate: 0.1000
2022-09-24 00:48:55,277 - INFO - [Step=17000]	Loss=1.4155	666.3 examples/second
2022-09-24 00:50:22,466 - INFO - [Step=17250]	Loss=1.4673	367.0 examples/second
2022-09-24 00:51:49,818 - INFO - [Step=17500]	Loss=1.4613	366.3 examples/second
2022-09-24 00:52:23,524 - INFO - Test Loss=1.4946, Test top-1 acc=0.6720
2022-09-24 00:52:23,524 - INFO - Group Accuracy:

2022-09-24 00:52:23,524 - INFO - [0.96342856 0.9754286  0.96514285 0.9834286  0.9631429  0.9885714
 0.9602857  0.962      0.96685714 0.9917143  0.97257143 0.956
 0.95942855 0.9645714  0.9882857  0.99457145]
2022-09-24 00:52:23,525 - INFO - Saving...
2022-09-24 00:52:25,658 - INFO - Epoch time: 258.4126145839691
2022-09-24 00:52:25,658 - INFO - 
Epoch: 25
2022-09-24 00:52:25,658 - INFO - 
Learning Rate: 0.1000
2022-09-24 00:53:31,135 - INFO - [Step=17750]	Loss=1.4176	488.7 examples/second
2022-09-24 00:54:59,020 - INFO - [Step=18000]	Loss=1.4314	364.1 examples/second
2022-09-24 00:56:26,561 - INFO - [Step=18250]	Loss=1.4329	365.5 examples/second
2022-09-24 00:56:43,991 - INFO - Test Loss=1.7155, Test top-1 acc=0.6397
2022-09-24 00:56:43,991 - INFO - Group Accuracy:

2022-09-24 00:56:43,991 - INFO - [0.9545714  0.974      0.9565714  0.982      0.96114284 0.9862857
 0.96114284 0.9671429  0.95942855 0.9851429  0.9645714  0.95771426
 0.9588571  0.95428574 0.98657143 0.9934286 ]
2022-09-24 00:56:43,992 - INFO - Epoch time: 258.334424495697
2022-09-24 00:56:43,992 - INFO - 
Epoch: 26
2022-09-24 00:56:43,992 - INFO - 
Learning Rate: 0.1000
2022-09-24 00:58:05,054 - INFO - [Step=18500]	Loss=1.3807	394.8 examples/second
2022-09-24 00:59:32,685 - INFO - [Step=18750]	Loss=1.4271	365.2 examples/second
2022-09-24 01:00:59,773 - INFO - Test Loss=1.5105, Test top-1 acc=0.6726
2022-09-24 01:00:59,774 - INFO - Group Accuracy:

2022-09-24 01:00:59,774 - INFO - [0.96428573 0.9868571  0.96657145 0.9834286  0.9662857  0.984
 0.9628571  0.968      0.9671429  0.9917143  0.9722857  0.95285714
 0.96171427 0.94514287 0.9854286  0.9908571 ]
2022-09-24 01:00:59,775 - INFO - Saving...
2022-09-24 01:01:00,519 - INFO - Epoch time: 256.5267014503479
2022-09-24 01:01:00,520 - INFO - 
Epoch: 27
2022-09-24 01:01:00,520 - INFO - 
Learning Rate: 0.1000
2022-09-24 01:01:10,148 - INFO - [Step=19000]	Loss=1.3946	3324.2 examples/second
2022-09-24 01:02:36,968 - INFO - [Step=19250]	Loss=1.3593	368.6 examples/second
2022-09-24 01:04:04,038 - INFO - [Step=19500]	Loss=1.3953	367.5 examples/second
2022-09-24 01:05:14,920 - INFO - Test Loss=1.4165, Test top-1 acc=0.6746
2022-09-24 01:05:14,920 - INFO - Group Accuracy:

2022-09-24 01:05:14,920 - INFO - [0.9637143  0.98885715 0.9671429  0.9854286  0.9605714  0.9882857
 0.96085715 0.9662857  0.96685714 0.9842857  0.96885717 0.95942855
 0.962      0.9657143  0.98971426 0.99114287]
2022-09-24 01:05:14,921 - INFO - Saving...
2022-09-24 01:05:17,411 - INFO - Epoch time: 256.8918550014496
2022-09-24 01:05:17,412 - INFO - 
Epoch: 28
2022-09-24 01:05:17,412 - INFO - 
Learning Rate: 0.1000
2022-09-24 01:05:43,014 - INFO - [Step=19750]	Loss=1.3653	1249.9 examples/second
2022-09-24 01:07:10,061 - INFO - [Step=20000]	Loss=1.3764	367.6 examples/second
2022-09-24 01:08:37,371 - INFO - [Step=20250]	Loss=1.3898	366.5 examples/second
2022-09-24 01:09:32,682 - INFO - Test Loss=1.6233, Test top-1 acc=0.6546
2022-09-24 01:09:32,683 - INFO - Group Accuracy:

2022-09-24 01:09:32,683 - INFO - [0.96428573 0.98285717 0.972      0.9768571  0.9562857  0.9842857
 0.9582857  0.96885717 0.96485716 0.98485714 0.9697143  0.9497143
 0.95771426 0.9522857  0.98228574 0.9942857 ]
2022-09-24 01:09:32,684 - INFO - Epoch time: 255.27193331718445
2022-09-24 01:09:32,684 - INFO - 
Epoch: 29
2022-09-24 01:09:32,684 - INFO - 
Learning Rate: 0.0100
2022-09-24 01:10:14,655 - INFO - [Step=20500]	Loss=1.1806	762.5 examples/second
2022-09-24 01:11:41,951 - INFO - [Step=20750]	Loss=1.0402	366.6 examples/second
2022-09-24 01:13:09,518 - INFO - [Step=21000]	Loss=0.9966	365.4 examples/second
2022-09-24 01:13:48,556 - INFO - Test Loss=0.9496, Test top-1 acc=0.7614
2022-09-24 01:13:48,556 - INFO - Group Accuracy:

2022-09-24 01:13:48,556 - INFO - [0.97342855 0.99142855 0.978      0.9917143  0.97342855 0.992
 0.9722857  0.9777143  0.9742857  0.9942857  0.97828573 0.96828574
 0.97       0.97085714 0.99285716 0.99628574]
2022-09-24 01:13:48,557 - INFO - Saving...
2022-09-24 01:13:49,294 - INFO - Epoch time: 256.6098668575287
2022-09-24 01:13:49,294 - INFO - 
Epoch: 30
2022-09-24 01:13:49,294 - INFO - 
Learning Rate: 0.0100
2022-09-24 01:14:48,222 - INFO - [Step=21250]	Loss=0.9680	543.0 examples/second
2022-09-24 01:16:15,859 - INFO - [Step=21500]	Loss=0.9410	365.1 examples/second
2022-09-24 01:17:43,191 - INFO - [Step=21750]	Loss=0.9365	366.5 examples/second
2022-09-24 01:18:05,814 - INFO - Test Loss=0.9239, Test top-1 acc=0.7700
2022-09-24 01:18:05,814 - INFO - Group Accuracy:

2022-09-24 01:18:05,814 - INFO - [0.974      0.992      0.982      0.99114287 0.97657144 0.99285716
 0.9728571  0.98       0.97485715 0.99485713 0.97914284 0.9685714
 0.9745714  0.9702857  0.9934286  0.9957143 ]
2022-09-24 01:18:05,815 - INFO - Saving...
2022-09-24 01:18:07,391 - INFO - Epoch time: 258.0969169139862
2022-09-24 01:18:07,391 - INFO - 
Epoch: 31
2022-09-24 01:18:07,391 - INFO - 
Learning Rate: 0.0100
2022-09-24 01:19:22,358 - INFO - [Step=22000]	Loss=0.9117	426.9 examples/second
2022-09-24 01:20:49,838 - INFO - [Step=22250]	Loss=0.9228	365.8 examples/second
2022-09-24 01:22:22,985 - INFO - Test Loss=0.9027, Test top-1 acc=0.7703
2022-09-24 01:22:22,985 - INFO - Group Accuracy:

2022-09-24 01:22:22,985 - INFO - [0.97257143 0.9925714  0.98057145 0.99057144 0.976      0.99285716
 0.97342855 0.97828573 0.9762857  0.9957143  0.9802857  0.9694286
 0.97571427 0.96885717 0.99285716 0.9957143 ]
2022-09-24 01:22:22,986 - INFO - Saving...
2022-09-24 01:22:23,688 - INFO - Epoch time: 256.29692006111145
2022-09-24 01:22:23,688 - INFO - 
Epoch: 32
2022-09-24 01:22:23,688 - INFO - 
Learning Rate: 0.0100
2022-09-24 01:22:28,381 - INFO - [Step=22500]	Loss=0.8718	6821.3 examples/second
2022-09-24 01:23:56,053 - INFO - [Step=22750]	Loss=0.8886	365.0 examples/second
2022-09-24 01:25:23,643 - INFO - [Step=23000]	Loss=0.8869	365.3 examples/second
2022-09-24 01:26:40,153 - INFO - Test Loss=0.8957, Test top-1 acc=0.7731
2022-09-24 01:26:40,153 - INFO - Group Accuracy:

2022-09-24 01:26:40,153 - INFO - [0.97314286 0.9922857  0.9817143  0.9917143  0.978      0.9925714
 0.9745714  0.9811429  0.974      0.9937143  0.98085713 0.9702857
 0.97257143 0.97085714 0.994      0.99542856]
2022-09-24 01:26:40,154 - INFO - Saving...
2022-09-24 01:26:40,897 - INFO - Epoch time: 257.2084596157074
2022-09-24 01:26:40,897 - INFO - 
Epoch: 33
2022-09-24 01:26:40,897 - INFO - 
Learning Rate: 0.0100
2022-09-24 01:27:01,531 - INFO - [Step=23250]	Loss=0.8565	1550.9 examples/second
2022-09-24 01:28:28,539 - INFO - [Step=23500]	Loss=0.8596	367.8 examples/second
2022-09-24 01:29:56,023 - INFO - [Step=23750]	Loss=0.8697	365.8 examples/second
2022-09-24 01:30:55,459 - INFO - Test Loss=0.8955, Test top-1 acc=0.7723
2022-09-24 01:30:55,459 - INFO - Group Accuracy:

2022-09-24 01:30:55,459 - INFO - [0.9722857  0.992      0.9802857  0.9908571  0.9768571  0.994
 0.9745714  0.9794286  0.97514284 0.996      0.98057145 0.96885717
 0.97314286 0.9711428  0.9937143  0.996     ]
2022-09-24 01:30:55,460 - INFO - Epoch time: 254.56342387199402
2022-09-24 01:30:55,461 - INFO - 
Epoch: 34
2022-09-24 01:30:55,461 - INFO - 
Learning Rate: 0.0100
2022-09-24 01:31:32,070 - INFO - [Step=24000]	Loss=0.8590	874.1 examples/second
2022-09-24 01:32:59,234 - INFO - [Step=24250]	Loss=0.8406	367.1 examples/second
2022-09-24 01:34:26,445 - INFO - [Step=24500]	Loss=0.8480	366.9 examples/second
2022-09-24 01:35:10,859 - INFO - Test Loss=0.8832, Test top-1 acc=0.7731
2022-09-24 01:35:10,859 - INFO - Group Accuracy:

2022-09-24 01:35:10,859 - INFO - [0.9762857  0.9908571  0.9794286  0.992      0.97657144 0.9934286
 0.9745714  0.98       0.97742856 0.99485713 0.9802857  0.97
 0.9722857  0.97085714 0.99457145 0.99628574]
2022-09-24 01:35:10,860 - INFO - Epoch time: 255.39930367469788
2022-09-24 01:35:10,860 - INFO - 
Epoch: 35
2022-09-24 01:35:10,860 - INFO - 
Learning Rate: 0.0100
2022-09-24 01:36:04,380 - INFO - [Step=24750]	Loss=0.8173	597.9 examples/second
2022-09-24 01:37:31,880 - INFO - [Step=25000]	Loss=0.8411	365.7 examples/second
2022-09-24 01:38:59,181 - INFO - [Step=25250]	Loss=0.8538	366.5 examples/second
2022-09-24 01:39:26,352 - INFO - Test Loss=0.8756, Test top-1 acc=0.7786
2022-09-24 01:39:26,353 - INFO - Group Accuracy:

2022-09-24 01:39:26,353 - INFO - [0.9742857  0.9917143  0.9825714  0.992      0.9797143  0.9925714
 0.9722857  0.9797143  0.9754286  0.9951429  0.9794286  0.97057146
 0.97171426 0.9697143  0.99542856 0.9965714 ]
2022-09-24 01:39:26,354 - INFO - Saving...
2022-09-24 01:39:27,113 - INFO - Epoch time: 256.25301790237427
2022-09-24 01:39:27,113 - INFO - 
Epoch: 36
2022-09-24 01:39:27,113 - INFO - 
Learning Rate: 0.0100
2022-09-24 01:40:38,117 - INFO - [Step=25500]	Loss=0.7881	450.7 examples/second
2022-09-24 01:42:05,692 - INFO - [Step=25750]	Loss=0.8272	365.4 examples/second
2022-09-24 01:43:32,872 - INFO - [Step=26000]	Loss=0.8217	367.1 examples/second
2022-09-24 01:43:44,384 - INFO - Test Loss=0.8785, Test top-1 acc=0.7820
2022-09-24 01:43:44,385 - INFO - Group Accuracy:

2022-09-24 01:43:44,385 - INFO - [0.97514284 0.99114287 0.98228574 0.99057144 0.97742856 0.9934286
 0.976      0.97914284 0.9768571  0.99685717 0.98142856 0.96914285
 0.97485715 0.9702857  0.9942857  0.99628574]
2022-09-24 01:43:44,386 - INFO - Saving...
2022-09-24 01:43:45,104 - INFO - Epoch time: 257.99080538749695
2022-09-24 01:43:45,104 - INFO - 
Epoch: 37
2022-09-24 01:43:45,104 - INFO - 
Learning Rate: 0.0100
2022-09-24 01:45:11,681 - INFO - [Step=26250]	Loss=0.8118	369.6 examples/second
2022-09-24 01:46:39,527 - INFO - [Step=26500]	Loss=0.8210	364.3 examples/second
2022-09-24 01:48:01,798 - INFO - Test Loss=0.8775, Test top-1 acc=0.7817
2022-09-24 01:48:01,799 - INFO - Group Accuracy:

2022-09-24 01:48:01,799 - INFO - [0.9737143  0.9908571  0.98142856 0.9902857  0.978      0.9934286
 0.97514284 0.98142856 0.97514284 0.99542856 0.9811429  0.9722857
 0.974      0.97       0.99485713 0.9965714 ]
2022-09-24 01:48:01,800 - INFO - Epoch time: 256.6953852176666
2022-09-24 01:48:01,800 - INFO - 
Epoch: 38
2022-09-24 01:48:01,800 - INFO - 
Learning Rate: 0.0100
2022-09-24 01:48:17,248 - INFO - [Step=26750]	Loss=0.7921	2071.6 examples/second
2022-09-24 01:49:44,114 - INFO - [Step=27000]	Loss=0.7884	368.4 examples/second
2022-09-24 01:51:11,297 - INFO - [Step=27250]	Loss=0.7913	367.1 examples/second
2022-09-24 01:52:16,096 - INFO - Test Loss=0.8863, Test top-1 acc=0.7783
2022-09-24 01:52:16,096 - INFO - Group Accuracy:

2022-09-24 01:52:16,096 - INFO - [0.976      0.9922857  0.9802857  0.99142855 0.97742856 0.9937143
 0.9742857  0.98057145 0.9771429  0.9965714  0.97914284 0.96885717
 0.9768571  0.9694286  0.9934286  0.99542856]
2022-09-24 01:52:16,097 - INFO - Epoch time: 254.29716801643372
2022-09-24 01:52:16,097 - INFO - 
Epoch: 39
2022-09-24 01:52:16,097 - INFO - 
Learning Rate: 0.0100
2022-09-24 01:52:47,530 - INFO - [Step=27500]	Loss=0.7983	1018.1 examples/second
2022-09-24 01:54:15,051 - INFO - [Step=27750]	Loss=0.7867	365.6 examples/second
2022-09-24 01:55:42,212 - INFO - [Step=28000]	Loss=0.7917	367.1 examples/second
2022-09-24 01:56:30,854 - INFO - Test Loss=0.8961, Test top-1 acc=0.7806
2022-09-24 01:56:30,855 - INFO - Group Accuracy:

2022-09-24 01:56:30,855 - INFO - [0.9754286  0.9925714  0.9802857  0.99057144 0.9777143  0.9937143
 0.9762857  0.98       0.9745714  0.99685717 0.9794286  0.9697143
 0.9754286  0.97       0.9942857  0.9965714 ]
2022-09-24 01:56:30,856 - INFO - Epoch time: 254.75878143310547
2022-09-24 01:56:30,856 - INFO - 
Epoch: 40
2022-09-24 01:56:30,856 - INFO - 
Learning Rate: 0.0100
2022-09-24 01:57:18,878 - INFO - [Step=28250]	Loss=0.7647	666.4 examples/second
2022-09-24 01:58:46,209 - INFO - [Step=28500]	Loss=0.7738	366.4 examples/second
2022-09-24 02:00:13,273 - INFO - [Step=28750]	Loss=0.7754	367.5 examples/second
2022-09-24 02:00:45,689 - INFO - Test Loss=0.8913, Test top-1 acc=0.7811
2022-09-24 02:00:45,689 - INFO - Group Accuracy:

2022-09-24 02:00:45,689 - INFO - [0.9745714  0.992      0.98142856 0.99114287 0.98057145 0.9937143
 0.9771429  0.982      0.9745714  0.99542856 0.9797143  0.9702857
 0.97514284 0.9694286  0.994      0.996     ]
2022-09-24 02:00:45,690 - INFO - Epoch time: 254.83443593978882
2022-09-24 02:00:45,690 - INFO - 
Epoch: 41
2022-09-24 02:00:45,690 - INFO - 
Learning Rate: 0.0100
2022-09-24 02:01:49,910 - INFO - [Step=29000]	Loss=0.7752	498.3 examples/second
2022-09-24 02:03:17,584 - INFO - [Step=29250]	Loss=0.7768	365.0 examples/second
2022-09-24 02:04:44,974 - INFO - [Step=29500]	Loss=0.7650	366.2 examples/second
2022-09-24 02:05:01,884 - INFO - Test Loss=0.8821, Test top-1 acc=0.7829
2022-09-24 02:05:01,885 - INFO - Group Accuracy:

2022-09-24 02:05:01,885 - INFO - [0.9737143  0.9908571  0.9834286  0.98971426 0.9794286  0.9925714
 0.9771429  0.9797143  0.976      0.996      0.98057145 0.97
 0.9762857  0.972      0.99457145 0.9957143 ]
2022-09-24 02:05:01,886 - INFO - Saving...
2022-09-24 02:05:02,672 - INFO - Epoch time: 256.9811632633209
2022-09-24 02:05:02,672 - INFO - 
Epoch: 42
2022-09-24 02:05:02,672 - INFO - 
Learning Rate: 0.0100
2022-09-24 02:06:24,423 - INFO - [Step=29750]	Loss=0.7565	391.4 examples/second
2022-09-24 02:07:52,062 - INFO - [Step=30000]	Loss=0.7523	365.2 examples/second
2022-09-24 02:09:19,717 - INFO - Test Loss=0.8876, Test top-1 acc=0.7851
2022-09-24 02:09:19,717 - INFO - Group Accuracy:

2022-09-24 02:09:19,717 - INFO - [0.97742856 0.992      0.98314285 0.9922857  0.9768571  0.9925714
 0.976      0.978      0.97571427 0.9951429  0.98285717 0.972
 0.9754286  0.9722857  0.994      0.996     ]
2022-09-24 02:09:19,718 - INFO - Saving...
2022-09-24 02:09:20,526 - INFO - Epoch time: 257.8540630340576
2022-09-24 02:09:20,526 - INFO - 
Epoch: 43
2022-09-24 02:09:20,526 - INFO - 
Learning Rate: 0.0100
2022-09-24 02:09:31,426 - INFO - [Step=30250]	Loss=0.7067	2936.4 examples/second
2022-09-24 02:10:58,736 - INFO - [Step=30500]	Loss=0.7474	366.5 examples/second
2022-09-24 02:12:26,481 - INFO - [Step=30750]	Loss=0.7628	364.7 examples/second
2022-09-24 02:13:36,635 - INFO - Test Loss=0.8689, Test top-1 acc=0.7834
2022-09-24 02:13:36,635 - INFO - Group Accuracy:

2022-09-24 02:13:36,635 - INFO - [0.9768571  0.9922857  0.98228574 0.9902857  0.97828573 0.99314284
 0.97514284 0.97742856 0.97657144 0.9957143  0.9817143  0.9702857
 0.9754286  0.9728571  0.99628574 0.99628574]
2022-09-24 02:13:36,636 - INFO - Epoch time: 256.1095824241638
2022-09-24 02:13:36,636 - INFO - 
Epoch: 44
2022-09-24 02:13:36,636 - INFO - 
Learning Rate: 0.0100
2022-09-24 02:14:03,052 - INFO - [Step=31000]	Loss=0.7037	1211.4 examples/second
2022-09-24 02:15:30,277 - INFO - [Step=31250]	Loss=0.7478	366.9 examples/second
2022-09-24 02:16:57,282 - INFO - [Step=31500]	Loss=0.7357	367.8 examples/second
2022-09-24 02:17:50,994 - INFO - Test Loss=0.8783, Test top-1 acc=0.7814
2022-09-24 02:17:50,994 - INFO - Group Accuracy:

2022-09-24 02:17:50,995 - INFO - [0.974      0.99142855 0.9817143  0.99057144 0.9785714  0.992
 0.97514284 0.9802857  0.97571427 0.9957143  0.98285717 0.97257143
 0.97571427 0.97171426 0.9942857  0.9965714 ]
2022-09-24 02:17:50,995 - INFO - Epoch time: 254.3593235015869
2022-09-24 02:17:50,995 - INFO - 
Epoch: 45
2022-09-24 02:17:50,995 - INFO - 
Learning Rate: 0.0100
2022-09-24 02:18:33,559 - INFO - [Step=31750]	Loss=0.7305	751.8 examples/second
2022-09-24 02:20:00,956 - INFO - [Step=32000]	Loss=0.7309	366.1 examples/second
2022-09-24 02:21:28,016 - INFO - [Step=32250]	Loss=0.7474	367.6 examples/second
2022-09-24 02:22:05,791 - INFO - Test Loss=0.8760, Test top-1 acc=0.7817
2022-09-24 02:22:05,791 - INFO - Group Accuracy:

2022-09-24 02:22:05,791 - INFO - [0.9754286  0.9922857  0.9834286  0.99142855 0.97742856 0.9937143
 0.97657144 0.9785714  0.9745714  0.9951429  0.9817143  0.9702857
 0.97657144 0.9711428  0.9951429  0.996     ]
2022-09-24 02:22:05,792 - INFO - Epoch time: 254.79709029197693
2022-09-24 02:22:05,792 - INFO - 
Epoch: 46
2022-09-24 02:22:05,792 - INFO - 
Learning Rate: 0.0100
2022-09-24 02:23:05,021 - INFO - [Step=32500]	Loss=0.7224	540.3 examples/second
2022-09-24 02:24:32,334 - INFO - [Step=32750]	Loss=0.7279	366.5 examples/second
2022-09-24 02:25:59,511 - INFO - [Step=33000]	Loss=0.7364	367.1 examples/second
2022-09-24 02:26:21,033 - INFO - Test Loss=0.9102, Test top-1 acc=0.7803
2022-09-24 02:26:21,033 - INFO - Group Accuracy:

2022-09-24 02:26:21,033 - INFO - [0.97514284 0.9902857  0.98142856 0.9908571  0.9797143  0.99314284
 0.9777143  0.98       0.9722857  0.996      0.98314285 0.9702857
 0.97657144 0.9702857  0.99485713 0.99685717]
2022-09-24 02:26:21,034 - INFO - Epoch time: 255.24182438850403
2022-09-24 02:26:21,034 - INFO - 
Epoch: 47
2022-09-24 02:26:21,034 - INFO - 
Learning Rate: 0.0100
2022-09-24 02:27:36,790 - INFO - [Step=33250]	Loss=0.7088	422.4 examples/second
2022-09-24 02:29:04,258 - INFO - [Step=33500]	Loss=0.7207	365.9 examples/second
2022-09-24 02:30:35,901 - INFO - Test Loss=0.8733, Test top-1 acc=0.7946
2022-09-24 02:30:35,902 - INFO - Group Accuracy:

2022-09-24 02:30:35,902 - INFO - [0.97657144 0.99314284 0.982      0.9908571  0.98       0.99285716
 0.9768571  0.98142856 0.9771429  0.9957143  0.982      0.9728571
 0.9768571  0.97171426 0.99542856 0.99714285]
2022-09-24 02:30:35,903 - INFO - Saving...
2022-09-24 02:30:36,734 - INFO - Epoch time: 255.6994113922119
2022-09-24 02:30:36,734 - INFO - 
Epoch: 48
2022-09-24 02:30:36,734 - INFO - 
Learning Rate: 0.0100
2022-09-24 02:30:42,969 - INFO - [Step=33750]	Loss=0.7413	5133.2 examples/second
2022-09-24 02:32:10,044 - INFO - [Step=34000]	Loss=0.7179	367.5 examples/second
2022-09-24 02:33:37,472 - INFO - [Step=34250]	Loss=0.7144	366.0 examples/second
2022-09-24 02:34:53,972 - INFO - Test Loss=0.8949, Test top-1 acc=0.7829
2022-09-24 02:34:53,972 - INFO - Group Accuracy:

2022-09-24 02:34:53,972 - INFO - [0.97514284 0.99114287 0.982      0.9917143  0.97742856 0.994
 0.9768571  0.98057145 0.97657144 0.99628574 0.9802857  0.97314286
 0.976      0.97257143 0.9957143  0.99685717]
2022-09-24 02:34:53,973 - INFO - Epoch time: 257.2393639087677
2022-09-24 02:34:53,973 - INFO - 
Epoch: 49
2022-09-24 02:34:53,973 - INFO - 
Learning Rate: 0.0100
2022-09-24 02:35:16,417 - INFO - [Step=34500]	Loss=0.7341	1425.9 examples/second
2022-09-24 02:36:43,930 - INFO - [Step=34750]	Loss=0.7107	365.7 examples/second
2022-09-24 02:38:11,037 - INFO - [Step=35000]	Loss=0.7203	367.4 examples/second
2022-09-24 02:39:10,063 - INFO - Test Loss=0.8939, Test top-1 acc=0.7834
2022-09-24 02:39:10,063 - INFO - Group Accuracy:

2022-09-24 02:39:10,063 - INFO - [0.97514284 0.9934286  0.9811429  0.9917143  0.9797143  0.99285716
 0.9762857  0.976      0.974      0.99542856 0.9817143  0.97057146
 0.97485715 0.97171426 0.9937143  0.9974286 ]
2022-09-24 02:39:10,064 - INFO - Epoch time: 256.0905041694641
2022-09-24 02:39:10,064 - INFO - 
Epoch: 50
2022-09-24 02:39:10,064 - INFO - 
Learning Rate: 0.0100
2022-09-24 02:39:47,522 - INFO - [Step=35250]	Loss=0.6875	854.3 examples/second
2022-09-24 02:41:14,574 - INFO - [Step=35500]	Loss=0.7097	367.6 examples/second
2022-09-24 02:42:41,391 - INFO - [Step=35750]	Loss=0.7052	368.6 examples/second
2022-09-24 02:43:24,019 - INFO - Test Loss=0.8743, Test top-1 acc=0.7900
2022-09-24 02:43:24,019 - INFO - Group Accuracy:

2022-09-24 02:43:24,019 - INFO - [0.9745714  0.9922857  0.984      0.9917143  0.97914284 0.9942857
 0.9745714  0.98085713 0.97657144 0.99457145 0.98085713 0.97171426
 0.976      0.972      0.99485713 0.9965714 ]
2022-09-24 02:43:24,020 - INFO - Epoch time: 253.95627093315125
2022-09-24 02:43:24,020 - INFO - 
Epoch: 51
2022-09-24 02:43:24,020 - INFO - 
Learning Rate: 0.0100
2022-09-24 02:44:17,970 - INFO - [Step=36000]	Loss=0.6810	593.2 examples/second
2022-09-24 02:45:45,280 - INFO - [Step=36250]	Loss=0.6846	366.5 examples/second
2022-09-24 02:47:12,437 - INFO - [Step=36500]	Loss=0.7122	367.2 examples/second
2022-09-24 02:47:39,211 - INFO - Test Loss=0.8991, Test top-1 acc=0.7791
2022-09-24 02:47:39,211 - INFO - Group Accuracy:

2022-09-24 02:47:39,211 - INFO - [0.9737143  0.9922857  0.9834286  0.98914284 0.97742856 0.9934286
 0.9771429  0.97742856 0.9745714  0.9957143  0.98       0.9714286
 0.976      0.9722857  0.9951429  0.996     ]
2022-09-24 02:47:39,212 - INFO - Epoch time: 255.19169211387634
2022-09-24 02:47:39,212 - INFO - 
Epoch: 52
2022-09-24 02:47:39,212 - INFO - 
Learning Rate: 0.0100
2022-09-24 02:48:49,615 - INFO - [Step=36750]	Loss=0.6802	454.5 examples/second
2022-09-24 02:50:17,127 - INFO - [Step=37000]	Loss=0.7038	365.7 examples/second
2022-09-24 02:51:44,229 - INFO - [Step=37250]	Loss=0.7003	367.4 examples/second
2022-09-24 02:51:55,072 - INFO - Test Loss=0.8870, Test top-1 acc=0.7846
2022-09-24 02:51:55,072 - INFO - Group Accuracy:

2022-09-24 02:51:55,072 - INFO - [0.9742857  0.9922857  0.9817143  0.99       0.97914284 0.994
 0.97828573 0.9777143  0.9737143  0.9951429  0.98314285 0.972
 0.9762857  0.9728571  0.994      0.99628574]
2022-09-24 02:51:55,073 - INFO - Epoch time: 255.86112475395203
2022-09-24 02:51:55,073 - INFO - 
Epoch: 53
2022-09-24 02:51:55,073 - INFO - 
Learning Rate: 0.0100
2022-09-24 02:53:21,977 - INFO - [Step=37500]	Loss=0.6905	368.2 examples/second
2022-09-24 02:54:49,394 - INFO - [Step=37750]	Loss=0.6778	366.1 examples/second
2022-09-24 02:56:10,929 - INFO - Test Loss=0.8883, Test top-1 acc=0.7846
2022-09-24 02:56:10,930 - INFO - Group Accuracy:

2022-09-24 02:56:10,930 - INFO - [0.9745714  0.9934286  0.98314285 0.99057144 0.9771429  0.9937143
 0.9745714  0.9802857  0.9742857  0.996      0.9817143  0.97057146
 0.9768571  0.97085714 0.994      0.99685717]
2022-09-24 02:56:10,931 - INFO - Epoch time: 255.85757493972778
2022-09-24 02:56:10,931 - INFO - 
Epoch: 54
2022-09-24 02:56:10,931 - INFO - 
Learning Rate: 0.0100
2022-09-24 02:56:27,056 - INFO - [Step=38000]	Loss=0.6444	1984.6 examples/second
2022-09-24 02:57:54,570 - INFO - [Step=38250]	Loss=0.6562	365.7 examples/second
2022-09-24 02:59:22,216 - INFO - [Step=38500]	Loss=0.6942	365.1 examples/second
2022-09-24 03:00:26,944 - INFO - Test Loss=0.8795, Test top-1 acc=0.7869
2022-09-24 03:00:26,944 - INFO - Group Accuracy:

2022-09-24 03:00:26,944 - INFO - [0.9762857  0.9937143  0.98285717 0.9902857  0.9802857  0.99314284
 0.9771429  0.97914284 0.9762857  0.9942857  0.9802857  0.97314286
 0.978      0.972      0.99485713 0.996     ]
2022-09-24 03:00:26,945 - INFO - Epoch time: 256.01395082473755
2022-09-24 03:00:26,945 - INFO - 
Epoch: 55
2022-09-24 03:00:26,945 - INFO - 
Learning Rate: 0.0100
2022-09-24 03:01:00,851 - INFO - [Step=38750]	Loss=0.6436	943.8 examples/second
2022-09-24 03:02:29,170 - INFO - [Step=39000]	Loss=0.6727	362.3 examples/second
2022-09-24 03:03:56,558 - INFO - [Step=39250]	Loss=0.6750	366.2 examples/second
2022-09-24 03:04:44,418 - INFO - Test Loss=0.8955, Test top-1 acc=0.7823
2022-09-24 03:04:44,419 - INFO - Group Accuracy:

2022-09-24 03:04:44,419 - INFO - [0.97828573 0.99314284 0.9851429  0.99       0.9771429  0.9934286
 0.97657144 0.97885716 0.972      0.9951429  0.98228574 0.9711428
 0.9777143  0.9714286  0.99485713 0.996     ]
2022-09-24 03:04:44,420 - INFO - Epoch time: 257.47475719451904
2022-09-24 03:04:44,420 - INFO - 
Epoch: 56
2022-09-24 03:04:44,420 - INFO - 
Learning Rate: 0.0100
2022-09-24 03:05:33,328 - INFO - [Step=39500]	Loss=0.6558	654.3 examples/second
2022-09-24 03:07:00,827 - INFO - [Step=39750]	Loss=0.6579	365.7 examples/second
2022-09-24 03:08:27,911 - INFO - [Step=40000]	Loss=0.6848	367.5 examples/second
2022-09-24 03:08:59,531 - INFO - Test Loss=0.9011, Test top-1 acc=0.7871
2022-09-24 03:08:59,532 - INFO - Group Accuracy:

2022-09-24 03:08:59,532 - INFO - [0.976      0.9937143  0.9837143  0.98971426 0.978      0.9934286
 0.97914284 0.978      0.97571427 0.994      0.98314285 0.9697143
 0.97657144 0.97085714 0.99542856 0.996     ]
2022-09-24 03:08:59,532 - INFO - Epoch time: 255.11271595954895
2022-09-24 03:08:59,532 - INFO - 
Epoch: 57
2022-09-24 03:08:59,533 - INFO - 
Learning Rate: 0.0100
2022-09-24 03:10:04,684 - INFO - [Step=40250]	Loss=0.6574	491.2 examples/second
2022-09-24 03:11:32,015 - INFO - [Step=40500]	Loss=0.6572	366.4 examples/second
2022-09-24 03:12:59,099 - INFO - [Step=40750]	Loss=0.6928	367.5 examples/second
2022-09-24 03:13:14,320 - INFO - Test Loss=0.8822, Test top-1 acc=0.7854
2022-09-24 03:13:14,321 - INFO - Group Accuracy:

2022-09-24 03:13:14,321 - INFO - [0.976      0.99285716 0.98314285 0.99114287 0.9811429  0.994
 0.978      0.9802857  0.97571427 0.9951429  0.98       0.9711428
 0.9777143  0.9722857  0.9942857  0.99628574]
2022-09-24 03:13:14,322 - INFO - Epoch time: 254.78926253318787
2022-09-24 03:13:14,322 - INFO - 
Epoch: 58
2022-09-24 03:13:14,322 - INFO - 
Learning Rate: 0.0100
2022-09-24 03:14:35,870 - INFO - [Step=41000]	Loss=0.6664	392.4 examples/second
2022-09-24 03:16:03,603 - INFO - [Step=41250]	Loss=0.6565	364.7 examples/second
2022-09-24 03:17:29,747 - INFO - Test Loss=0.8864, Test top-1 acc=0.7863
2022-09-24 03:17:29,747 - INFO - Group Accuracy:

2022-09-24 03:17:29,747 - INFO - [0.9742857  0.9922857  0.98142856 0.99057144 0.97828573 0.99285716
 0.9771429  0.97828573 0.9737143  0.99628574 0.9797143  0.97171426
 0.97828573 0.97514284 0.9937143  0.996     ]
2022-09-24 03:17:29,748 - INFO - Epoch time: 255.42647171020508
2022-09-24 03:17:29,748 - INFO - 
Epoch: 59
2022-09-24 03:17:29,748 - INFO - 
Learning Rate: 0.0010
2022-09-24 03:17:40,650 - INFO - [Step=41500]	Loss=0.6316	2935.7 examples/second
2022-09-24 03:19:08,032 - INFO - [Step=41750]	Loss=0.6032	366.2 examples/second
2022-09-24 03:20:35,553 - INFO - [Step=42000]	Loss=0.5929	365.6 examples/second
2022-09-24 03:21:46,539 - INFO - Test Loss=0.8368, Test top-1 acc=0.7997
2022-09-24 03:21:46,540 - INFO - Group Accuracy:

2022-09-24 03:21:46,540 - INFO - [0.97742856 0.9937143  0.98285717 0.9908571  0.97914284 0.9937143
 0.98       0.9794286  0.974      0.99628574 0.9834286  0.9745714
 0.9794286  0.97514284 0.99542856 0.99628574]
2022-09-24 03:21:46,540 - INFO - Saving...
2022-09-24 03:21:47,366 - INFO - Epoch time: 257.61770033836365
2022-09-24 03:21:47,366 - INFO - 
Epoch: 60
2022-09-24 03:21:47,366 - INFO - 
Learning Rate: 0.0010
2022-09-24 03:22:15,846 - INFO - [Step=42250]	Loss=0.5601	1123.7 examples/second
2022-09-24 03:23:43,636 - INFO - [Step=42500]	Loss=0.5732	364.5 examples/second
2022-09-24 03:25:11,549 - INFO - [Step=42750]	Loss=0.5791	364.2 examples/second
2022-09-24 03:26:05,393 - INFO - Test Loss=0.8345, Test top-1 acc=0.7960
2022-09-24 03:26:05,394 - INFO - Group Accuracy:

2022-09-24 03:26:05,394 - INFO - [0.9762857  0.994      0.9837143  0.99057144 0.97914284 0.9934286
 0.9797143  0.97914284 0.974      0.996      0.98314285 0.97514284
 0.9794286  0.97485715 0.99457145 0.99628574]
2022-09-24 03:26:05,395 - INFO - Epoch time: 258.02875876426697
2022-09-24 03:26:05,395 - INFO - 
Epoch: 61
2022-09-24 03:26:05,395 - INFO - 
Learning Rate: 0.0010
2022-09-24 03:26:49,827 - INFO - [Step=43000]	Loss=0.5645	720.2 examples/second
2022-09-24 03:28:17,417 - INFO - [Step=43250]	Loss=0.5627	365.3 examples/second
2022-09-24 03:29:44,724 - INFO - [Step=43500]	Loss=0.5659	366.5 examples/second
2022-09-24 03:30:21,580 - INFO - Test Loss=0.8213, Test top-1 acc=0.7983
2022-09-24 03:30:21,580 - INFO - Group Accuracy:

2022-09-24 03:30:21,580 - INFO - [0.97657144 0.99457145 0.984      0.99057144 0.98085713 0.99314284
 0.97914284 0.98       0.97485715 0.99628574 0.98142856 0.97485715
 0.9797143  0.97514284 0.99485713 0.99628574]
2022-09-24 03:30:21,581 - INFO - Epoch time: 256.18571853637695
2022-09-24 03:30:21,581 - INFO - 
Epoch: 62
2022-09-24 03:30:21,581 - INFO - 
Learning Rate: 0.0010
2022-09-24 03:31:21,498 - INFO - [Step=43750]	Loss=0.5421	534.1 examples/second
2022-09-24 03:32:48,795 - INFO - [Step=44000]	Loss=0.5638	366.6 examples/second
2022-09-24 03:34:16,144 - INFO - [Step=44250]	Loss=0.5616	366.3 examples/second
2022-09-24 03:34:36,859 - INFO - Test Loss=0.8181, Test top-1 acc=0.8003
2022-09-24 03:34:36,859 - INFO - Group Accuracy:

2022-09-24 03:34:36,859 - INFO - [0.9771429  0.9937143  0.98485714 0.99114287 0.9802857  0.9937143
 0.9794286  0.98057145 0.97514284 0.99628574 0.9834286  0.97485715
 0.97914284 0.9737143  0.9951429  0.99628574]
2022-09-24 03:34:36,860 - INFO - Saving...
2022-09-24 03:34:37,683 - INFO - Epoch time: 256.1017258167267
2022-09-24 03:34:37,683 - INFO - 
Epoch: 63
2022-09-24 03:34:37,683 - INFO - 
Learning Rate: 0.0010
2022-09-24 03:35:54,346 - INFO - [Step=44500]	Loss=0.5543	417.4 examples/second
2022-09-24 03:37:21,711 - INFO - [Step=44750]	Loss=0.5456	366.3 examples/second
2022-09-24 03:38:54,210 - INFO - Test Loss=0.8184, Test top-1 acc=0.7997
2022-09-24 03:38:54,210 - INFO - Group Accuracy:

2022-09-24 03:38:54,210 - INFO - [0.9768571  0.99285716 0.98485714 0.9917143  0.98       0.9934286
 0.9797143  0.9811429  0.9742857  0.99628574 0.9834286  0.9737143
 0.9802857  0.9754286  0.99485713 0.99628574]
2022-09-24 03:38:54,211 - INFO - Epoch time: 256.5283098220825
2022-09-24 03:38:54,211 - INFO - 
Epoch: 64
2022-09-24 03:38:54,211 - INFO - 
Learning Rate: 0.0010
2022-09-24 03:39:00,470 - INFO - [Step=45000]	Loss=0.4917	5113.7 examples/second
2022-09-24 03:40:27,855 - INFO - [Step=45250]	Loss=0.5593	366.2 examples/second
2022-09-24 03:41:55,250 - INFO - [Step=45500]	Loss=0.5393	366.4 examples/second
2022-09-24 03:43:11,236 - INFO - Test Loss=0.8182, Test top-1 acc=0.7986
2022-09-24 03:43:11,236 - INFO - Group Accuracy:

2022-09-24 03:43:11,236 - INFO - [0.976      0.9922857  0.984      0.99142855 0.9797143  0.994
 0.98085713 0.97914284 0.9742857  0.9965714  0.9834286  0.974
 0.9797143  0.97514284 0.9951429  0.9965714 ]
2022-09-24 03:43:11,237 - INFO - Epoch time: 257.0256850719452
2022-09-24 03:43:11,237 - INFO - 
Epoch: 65
2022-09-24 03:43:11,237 - INFO - 
Learning Rate: 0.0010
2022-09-24 03:43:33,306 - INFO - [Step=45750]	Loss=0.5576	1450.1 examples/second
2022-09-24 03:45:00,789 - INFO - [Step=46000]	Loss=0.5436	365.8 examples/second
2022-09-24 03:46:28,170 - INFO - [Step=46250]	Loss=0.5404	366.2 examples/second
2022-09-24 03:47:28,087 - INFO - Test Loss=0.8212, Test top-1 acc=0.8031
2022-09-24 03:47:28,087 - INFO - Group Accuracy:

2022-09-24 03:47:28,087 - INFO - [0.97657144 0.9934286  0.98457146 0.99114287 0.98       0.9934286
 0.98057145 0.98057145 0.97485715 0.99714285 0.984      0.97485715
 0.98057145 0.9737143  0.99485713 0.99628574]
2022-09-24 03:47:28,088 - INFO - Saving...
2022-09-24 03:47:29,696 - INFO - Epoch time: 258.4589982032776
2022-09-24 03:47:29,696 - INFO - 
Epoch: 66
2022-09-24 03:47:29,696 - INFO - 
Learning Rate: 0.0010
2022-09-24 03:48:09,313 - INFO - [Step=46500]	Loss=0.5351	807.8 examples/second
2022-09-24 03:49:36,870 - INFO - [Step=46750]	Loss=0.5495	365.5 examples/second
2022-09-24 03:51:04,222 - INFO - [Step=47000]	Loss=0.5384	366.3 examples/second
2022-09-24 03:51:46,880 - INFO - Test Loss=0.8305, Test top-1 acc=0.7957
2022-09-24 03:51:46,881 - INFO - Group Accuracy:

2022-09-24 03:51:46,881 - INFO - [0.9762857  0.9937143  0.984      0.99142855 0.9797143  0.9934286
 0.97914284 0.98       0.9745714  0.99714285 0.98314285 0.9745714
 0.9794286  0.9728571  0.99457145 0.9965714 ]
2022-09-24 03:51:46,882 - INFO - Epoch time: 257.18526673316956
2022-09-24 03:51:46,882 - INFO - 
Epoch: 67
2022-09-24 03:51:46,882 - INFO - 
Learning Rate: 0.0010
2022-09-24 03:52:41,363 - INFO - [Step=47250]	Loss=0.5376	587.4 examples/second
2022-09-24 03:54:08,957 - INFO - [Step=47500]	Loss=0.5395	365.3 examples/second
2022-09-24 03:55:36,501 - INFO - [Step=47750]	Loss=0.5425	365.5 examples/second
2022-09-24 03:56:02,153 - INFO - Test Loss=0.8239, Test top-1 acc=0.7997
2022-09-24 03:56:02,153 - INFO - Group Accuracy:

2022-09-24 03:56:02,153 - INFO - [0.9762857  0.99285716 0.98485714 0.99142855 0.98085713 0.994
 0.97885716 0.98       0.9745714  0.9977143  0.9834286  0.974
 0.98       0.974      0.99485713 0.9965714 ]
2022-09-24 03:56:02,154 - INFO - Epoch time: 255.27230668067932
2022-09-24 03:56:02,154 - INFO - 
Epoch: 68
2022-09-24 03:56:02,154 - INFO - 
Learning Rate: 0.0010
2022-09-24 03:57:13,051 - INFO - [Step=48000]	Loss=0.5326	451.4 examples/second
2022-09-24 03:58:40,109 - INFO - [Step=48250]	Loss=0.5381	367.6 examples/second
2022-09-24 04:00:07,244 - INFO - [Step=48500]	Loss=0.5332	367.2 examples/second
2022-09-24 04:00:17,565 - INFO - Test Loss=0.8261, Test top-1 acc=0.8020
2022-09-24 04:00:17,565 - INFO - Group Accuracy:

2022-09-24 04:00:17,565 - INFO - [0.9762857  0.9934286  0.98571426 0.99142855 0.982      0.9942857
 0.9794286  0.9811429  0.97514284 0.9974286  0.9834286  0.974
 0.98       0.97342855 0.9951429  0.99628574]
2022-09-24 04:00:17,566 - INFO - Epoch time: 255.4122588634491
2022-09-24 04:00:17,567 - INFO - 
Epoch: 69
2022-09-24 04:00:17,567 - INFO - 
Learning Rate: 0.0010
2022-09-24 04:01:45,800 - INFO - [Step=48750]	Loss=0.5267	362.7 examples/second
2022-09-24 04:03:13,180 - INFO - [Step=49000]	Loss=0.5443	366.2 examples/second
2022-09-24 04:04:34,929 - INFO - Test Loss=0.8277, Test top-1 acc=0.8017
2022-09-24 04:04:34,930 - INFO - Group Accuracy:

2022-09-24 04:04:34,930 - INFO - [0.97657144 0.9934286  0.98457146 0.992      0.98057145 0.994
 0.9802857  0.98142856 0.9745714  0.996      0.98457146 0.9737143
 0.97914284 0.9728571  0.99485713 0.99628574]
2022-09-24 04:04:34,931 - INFO - Epoch time: 257.3642838001251
2022-09-24 04:04:34,931 - INFO - 
Epoch: 70
2022-09-24 04:04:34,931 - INFO - 
Learning Rate: 0.0010
2022-09-24 04:04:52,123 - INFO - [Step=49250]	Loss=0.5161	1861.4 examples/second
2022-09-24 04:06:19,628 - INFO - [Step=49500]	Loss=0.5260	365.7 examples/second
2022-09-24 04:07:47,027 - INFO - [Step=49750]	Loss=0.5304	366.1 examples/second
2022-09-24 04:08:52,554 - INFO - Test Loss=0.8235, Test top-1 acc=0.7991
2022-09-24 04:08:52,555 - INFO - Group Accuracy:

2022-09-24 04:08:52,555 - INFO - [0.97657144 0.99457145 0.9842857  0.9917143  0.98057145 0.994
 0.98       0.98057145 0.9745714  0.9965714  0.98228574 0.97485715
 0.98       0.974      0.99542856 0.9965714 ]
2022-09-24 04:08:52,555 - INFO - Epoch time: 257.6246259212494
2022-09-24 04:08:52,556 - INFO - 
Epoch: 71
2022-09-24 04:08:52,556 - INFO - 
Learning Rate: 0.0010
2022-09-24 04:09:26,441 - INFO - [Step=50000]	Loss=0.5381	944.4 examples/second
2022-09-24 04:10:54,229 - INFO - [Step=50250]	Loss=0.5302	364.5 examples/second
2022-09-24 04:12:21,744 - INFO - [Step=50500]	Loss=0.5278	365.7 examples/second
2022-09-24 04:13:10,224 - INFO - Test Loss=0.8334, Test top-1 acc=0.7997
2022-09-24 04:13:10,225 - INFO - Group Accuracy:

2022-09-24 04:13:10,225 - INFO - [0.9768571  0.9925714  0.98485714 0.9917143  0.98085713 0.9937143
 0.97914284 0.98       0.976      0.9974286  0.982      0.97514284
 0.98       0.9728571  0.99485713 0.9965714 ]
2022-09-24 04:13:10,226 - INFO - Epoch time: 257.67036652565
2022-09-24 04:13:10,226 - INFO - 
Epoch: 72
2022-09-24 04:13:10,226 - INFO - 
Learning Rate: 0.0010
2022-09-24 04:14:00,392 - INFO - [Step=50750]	Loss=0.5226	637.9 examples/second
2022-09-24 04:15:27,905 - INFO - [Step=51000]	Loss=0.5302	365.7 examples/second
2022-09-24 04:16:55,690 - INFO - [Step=51250]	Loss=0.5212	364.5 examples/second
2022-09-24 04:17:26,411 - INFO - Test Loss=0.8263, Test top-1 acc=0.7986
2022-09-24 04:17:26,412 - INFO - Group Accuracy:

2022-09-24 04:17:26,412 - INFO - [0.9762857  0.9937143  0.984      0.992      0.9802857  0.994
 0.9794286  0.9802857  0.9754286  0.99628574 0.98314285 0.9754286
 0.98       0.9728571  0.99542856 0.996     ]
2022-09-24 04:17:26,413 - INFO - Epoch time: 256.1867895126343
2022-09-24 04:17:26,413 - INFO - 
Epoch: 73
2022-09-24 04:17:26,413 - INFO - 
Learning Rate: 0.0010
2022-09-24 04:18:32,932 - INFO - [Step=51500]	Loss=0.5353	481.1 examples/second
2022-09-24 04:20:00,178 - INFO - [Step=51750]	Loss=0.5209	366.8 examples/second
2022-09-24 04:21:27,393 - INFO - [Step=52000]	Loss=0.5146	366.9 examples/second
2022-09-24 04:21:41,902 - INFO - Test Loss=0.8265, Test top-1 acc=0.8017
2022-09-24 04:21:41,903 - INFO - Group Accuracy:

2022-09-24 04:21:41,903 - INFO - [0.97657144 0.9934286  0.98314285 0.992      0.98057145 0.9937143
 0.9802857  0.98       0.97514284 0.9974286  0.9842857  0.9754286
 0.9797143  0.97314286 0.9957143  0.996     ]
2022-09-24 04:21:41,904 - INFO - Epoch time: 255.4909086227417
2022-09-24 04:21:41,904 - INFO - 
Epoch: 74
2022-09-24 04:21:41,904 - INFO - 
Learning Rate: 0.0010
2022-09-24 04:23:04,423 - INFO - [Step=52250]	Loss=0.5183	387.8 examples/second
2022-09-24 04:24:31,419 - INFO - [Step=52500]	Loss=0.5304	367.8 examples/second
2022-09-24 04:25:56,480 - INFO - Test Loss=0.8339, Test top-1 acc=0.8009
2022-09-24 04:25:56,480 - INFO - Group Accuracy:

2022-09-24 04:25:56,480 - INFO - [0.9771429  0.9942857  0.984      0.99114287 0.98057145 0.9937143
 0.98       0.9797143  0.97571427 0.99628574 0.98285717 0.9737143
 0.98       0.97314286 0.99485713 0.99628574]
2022-09-24 04:25:56,481 - INFO - Epoch time: 254.57754826545715
2022-09-24 04:25:56,481 - INFO - 
Epoch: 75
2022-09-24 04:25:56,482 - INFO - 
Learning Rate: 0.0010
2022-09-24 04:26:07,951 - INFO - [Step=52750]	Loss=0.5159	2790.4 examples/second
2022-09-24 04:27:35,620 - INFO - [Step=53000]	Loss=0.5212	365.0 examples/second
2022-09-24 04:29:02,827 - INFO - [Step=53250]	Loss=0.5315	366.9 examples/second
2022-09-24 04:30:12,891 - INFO - Test Loss=0.8320, Test top-1 acc=0.8026
2022-09-24 04:30:12,891 - INFO - Group Accuracy:

2022-09-24 04:30:12,891 - INFO - [0.978      0.9925714  0.9851429  0.9917143  0.98085713 0.9942857
 0.98057145 0.9794286  0.9754286  0.9974286  0.98285717 0.9742857
 0.9797143  0.97342855 0.99485713 0.99628574]
2022-09-24 04:30:12,892 - INFO - Epoch time: 256.4106903076172
2022-09-24 04:30:12,892 - INFO - 
Epoch: 76
2022-09-24 04:30:12,892 - INFO - 
Learning Rate: 0.0010
2022-09-24 04:30:41,138 - INFO - [Step=53500]	Loss=0.4911	1133.0 examples/second
2022-09-24 04:32:08,510 - INFO - [Step=53750]	Loss=0.5054	366.3 examples/second
2022-09-24 04:33:35,445 - INFO - [Step=54000]	Loss=0.5153	368.1 examples/second
2022-09-24 04:34:27,931 - INFO - Test Loss=0.8334, Test top-1 acc=0.8017
2022-09-24 04:34:27,931 - INFO - Group Accuracy:

2022-09-24 04:34:27,931 - INFO - [0.9777143  0.9937143  0.98571426 0.992      0.98142856 0.9937143
 0.98057145 0.9785714  0.97514284 0.99628574 0.98285717 0.9742857
 0.98085713 0.97342855 0.99485713 0.99685717]
2022-09-24 04:34:27,932 - INFO - Epoch time: 255.03963613510132
2022-09-24 04:34:27,932 - INFO - 
Epoch: 77
2022-09-24 04:34:27,932 - INFO - 
Learning Rate: 0.0010
2022-09-24 04:35:12,722 - INFO - [Step=54250]	Loss=0.5224	714.5 examples/second
2022-09-24 04:36:39,797 - INFO - [Step=54500]	Loss=0.5199	367.5 examples/second
2022-09-24 04:38:06,773 - INFO - [Step=54750]	Loss=0.5130	367.9 examples/second
2022-09-24 04:38:43,311 - INFO - Test Loss=0.8291, Test top-1 acc=0.8009
2022-09-24 04:38:43,311 - INFO - Group Accuracy:

2022-09-24 04:38:43,311 - INFO - [0.97742856 0.994      0.9842857  0.992      0.98057145 0.994
 0.98142856 0.97914284 0.97514284 0.99714285 0.9842857  0.97514284
 0.9802857  0.97257143 0.9942857  0.99628574]
2022-09-24 04:38:43,312 - INFO - Epoch time: 255.37964391708374
2022-09-24 04:38:43,312 - INFO - 
Epoch: 78
2022-09-24 04:38:43,312 - INFO - 
Learning Rate: 0.0010
2022-09-24 04:39:45,186 - INFO - [Step=55000]	Loss=0.5080	517.2 examples/second
2022-09-24 04:41:12,214 - INFO - [Step=55250]	Loss=0.5173	367.7 examples/second
2022-09-24 04:42:38,819 - INFO - [Step=55500]	Loss=0.5136	369.5 examples/second
2022-09-24 04:42:58,193 - INFO - Test Loss=0.8417, Test top-1 acc=0.8009
2022-09-24 04:42:58,193 - INFO - Group Accuracy:

2022-09-24 04:42:58,193 - INFO - [0.978      0.99314284 0.98485714 0.99142855 0.98057145 0.9937143
 0.97914284 0.98057145 0.9745714  0.9965714  0.9834286  0.9754286
 0.9797143  0.9737143  0.99485713 0.9965714 ]
2022-09-24 04:42:58,194 - INFO - Epoch time: 254.88265442848206
2022-09-24 04:42:58,194 - INFO - 
Epoch: 79
2022-09-24 04:42:58,194 - INFO - 
Learning Rate: 0.0010
2022-09-24 04:44:15,175 - INFO - [Step=55750]	Loss=0.5127	415.7 examples/second
2022-09-24 04:45:42,555 - INFO - [Step=56000]	Loss=0.5113	366.2 examples/second
2022-09-24 04:47:13,135 - INFO - Test Loss=0.8310, Test top-1 acc=0.8006
2022-09-24 04:47:13,136 - INFO - Group Accuracy:

2022-09-24 04:47:13,136 - INFO - [0.97742856 0.99457145 0.98485714 0.992      0.98085713 0.9937143
 0.98       0.9802857  0.97514284 0.9965714  0.98228574 0.974
 0.98057145 0.9737143  0.99485713 0.9965714 ]
2022-09-24 04:47:13,137 - INFO - Epoch time: 254.94229555130005
2022-09-24 04:47:13,137 - INFO - 
Epoch: 80
2022-09-24 04:47:13,137 - INFO - 
Learning Rate: 0.0010
2022-09-24 04:47:19,400 - INFO - [Step=56250]	Loss=0.4860	5110.0 examples/second
2022-09-24 04:48:46,348 - INFO - [Step=56500]	Loss=0.5053	368.0 examples/second
2022-09-24 04:50:13,311 - INFO - [Step=56750]	Loss=0.5136	368.0 examples/second
2022-09-24 04:51:27,627 - INFO - Test Loss=0.8313, Test top-1 acc=0.7991
2022-09-24 04:51:27,627 - INFO - Group Accuracy:

2022-09-24 04:51:27,627 - INFO - [0.97742856 0.994      0.984      0.9908571  0.98085713 0.99457145
 0.97914284 0.97914284 0.9745714  0.99628574 0.98314285 0.974
 0.98057145 0.974      0.99485713 0.9965714 ]
2022-09-24 04:51:27,629 - INFO - Epoch time: 254.49195384979248
2022-09-24 04:51:27,629 - INFO - 
Epoch: 81
2022-09-24 04:51:27,629 - INFO - 
Learning Rate: 0.0010
2022-09-24 04:51:50,064 - INFO - [Step=57000]	Loss=0.5121	1426.4 examples/second
2022-09-24 04:53:16,936 - INFO - [Step=57250]	Loss=0.5010	368.4 examples/second
2022-09-24 04:54:43,710 - INFO - [Step=57500]	Loss=0.5006	368.8 examples/second
2022-09-24 04:55:41,502 - INFO - Test Loss=0.8560, Test top-1 acc=0.8009
2022-09-24 04:55:41,502 - INFO - Group Accuracy:

2022-09-24 04:55:41,502 - INFO - [0.9777143  0.9934286  0.9842857  0.99114287 0.982      0.994
 0.9797143  0.98       0.97514284 0.99628574 0.98285717 0.97485715
 0.9797143  0.9714286  0.99457145 0.99628574]
2022-09-24 04:55:41,503 - INFO - Epoch time: 253.87451601028442
2022-09-24 04:55:41,503 - INFO - 
Epoch: 82
2022-09-24 04:55:41,503 - INFO - 
Learning Rate: 0.0010
2022-09-24 04:56:21,218 - INFO - [Step=57750]	Loss=0.5123	805.8 examples/second
2022-09-24 04:57:48,293 - INFO - [Step=58000]	Loss=0.5129	367.5 examples/second
2022-09-24 04:59:15,165 - INFO - [Step=58250]	Loss=0.5085	368.4 examples/second
2022-09-24 04:59:56,159 - INFO - Test Loss=0.8446, Test top-1 acc=0.8026
2022-09-24 04:59:56,160 - INFO - Group Accuracy:

2022-09-24 04:59:56,160 - INFO - [0.9771429  0.9934286  0.9854286  0.9908571  0.9817143  0.9942857
 0.9794286  0.98057145 0.97514284 0.9977143  0.9842857  0.974
 0.9797143  0.9728571  0.99485713 0.9965714 ]
2022-09-24 04:59:56,161 - INFO - Epoch time: 254.65759301185608
2022-09-24 04:59:56,161 - INFO - 
Epoch: 83
2022-09-24 04:59:56,161 - INFO - 
Learning Rate: 0.0010
2022-09-24 05:00:51,376 - INFO - [Step=58500]	Loss=0.5063	579.6 examples/second
2022-09-24 05:02:18,268 - INFO - [Step=58750]	Loss=0.5039	368.3 examples/second
2022-09-24 05:03:45,156 - INFO - [Step=59000]	Loss=0.5077	368.3 examples/second
2022-09-24 05:04:10,041 - INFO - Test Loss=0.8385, Test top-1 acc=0.8049
2022-09-24 05:04:10,041 - INFO - Group Accuracy:

2022-09-24 05:04:10,041 - INFO - [0.9777143  0.9934286  0.9854286  0.99114287 0.98142856 0.994
 0.98085713 0.9802857  0.9745714  0.9965714  0.9834286  0.9737143
 0.9802857  0.9722857  0.99485713 0.99628574]
2022-09-24 05:04:10,042 - INFO - Saving...
2022-09-24 05:04:10,785 - INFO - Epoch time: 254.62430334091187
2022-09-24 05:04:10,786 - INFO - 
Epoch: 84
2022-09-24 05:04:10,786 - INFO - 
Learning Rate: 0.0010
2022-09-24 05:05:22,369 - INFO - [Step=59250]	Loss=0.5026	447.0 examples/second
2022-09-24 05:06:49,411 - INFO - [Step=59500]	Loss=0.5025	367.6 examples/second
2022-09-24 05:08:16,242 - INFO - [Step=59750]	Loss=0.4911	368.5 examples/second
2022-09-24 05:08:24,692 - INFO - Test Loss=0.8464, Test top-1 acc=0.8026
2022-09-24 05:08:24,693 - INFO - Group Accuracy:

2022-09-24 05:08:24,693 - INFO - [0.9762857  0.9934286  0.98457146 0.9917143  0.98       0.994
 0.9802857  0.9802857  0.974      0.99685717 0.98285717 0.9728571
 0.9797143  0.9742857  0.99542856 0.996     ]
2022-09-24 05:08:24,694 - INFO - Epoch time: 253.90794014930725
2022-09-24 05:08:24,694 - INFO - 
Epoch: 85
2022-09-24 05:08:24,694 - INFO - 
Learning Rate: 0.0010
2022-09-24 05:09:52,352 - INFO - [Step=60000]	Loss=0.4952	365.1 examples/second
2022-09-24 05:11:19,143 - INFO - [Step=60250]	Loss=0.4968	368.7 examples/second
2022-09-24 05:12:38,260 - INFO - Test Loss=0.8324, Test top-1 acc=0.8043
2022-09-24 05:12:38,260 - INFO - Group Accuracy:

2022-09-24 05:12:38,260 - INFO - [0.978      0.99285716 0.98571426 0.99114287 0.98142856 0.994
 0.9802857  0.98057145 0.97571427 0.99714285 0.9837143  0.9745714
 0.98057145 0.9745714  0.996      0.99685717]
2022-09-24 05:12:38,261 - INFO - Epoch time: 253.56738090515137
2022-09-24 05:12:38,261 - INFO - 
Epoch: 86
2022-09-24 05:12:38,261 - INFO - 
Learning Rate: 0.0010
2022-09-24 05:12:55,260 - INFO - [Step=60500]	Loss=0.4751	1882.6 examples/second
2022-09-24 05:14:22,316 - INFO - [Step=60750]	Loss=0.5019	367.6 examples/second
2022-09-24 05:15:49,256 - INFO - [Step=61000]	Loss=0.4957	368.1 examples/second
2022-09-24 05:16:51,667 - INFO - Test Loss=0.8389, Test top-1 acc=0.8011
2022-09-24 05:16:51,668 - INFO - Group Accuracy:

2022-09-24 05:16:51,668 - INFO - [0.9762857  0.994      0.9837143  0.9922857  0.9811429  0.9937143
 0.98       0.98       0.9742857  0.99685717 0.984      0.97342855
 0.9794286  0.9737143  0.99542856 0.9965714 ]
2022-09-24 05:16:51,669 - INFO - Epoch time: 253.40783858299255
2022-09-24 05:16:51,669 - INFO - 
Epoch: 87
2022-09-24 05:16:51,669 - INFO - 
Learning Rate: 0.0010
2022-09-24 05:17:25,233 - INFO - [Step=61250]	Loss=0.5006	953.5 examples/second
2022-09-24 05:18:52,189 - INFO - [Step=61500]	Loss=0.5013	368.0 examples/second
2022-09-24 05:20:18,941 - INFO - [Step=61750]	Loss=0.4920	368.9 examples/second
2022-09-24 05:21:05,057 - INFO - Test Loss=0.8379, Test top-1 acc=0.8006
2022-09-24 05:21:05,057 - INFO - Group Accuracy:

2022-09-24 05:21:05,057 - INFO - [0.97742856 0.9937143  0.9854286  0.9922857  0.98057145 0.99457145
 0.98       0.98085713 0.97485715 0.9974286  0.9811429  0.974
 0.97914284 0.97342855 0.9942857  0.9965714 ]
2022-09-24 05:21:05,059 - INFO - Epoch time: 253.38964700698853
2022-09-24 05:21:05,059 - INFO - 
Epoch: 88
2022-09-24 05:21:05,059 - INFO - 
Learning Rate: 0.0010
2022-09-24 05:21:54,975 - INFO - [Step=62000]	Loss=0.4870	641.1 examples/second
2022-09-24 05:23:21,868 - INFO - [Step=62250]	Loss=0.5043	368.3 examples/second
2022-09-24 05:24:48,900 - INFO - [Step=62500]	Loss=0.5048	367.7 examples/second
2022-09-24 05:25:20,062 - INFO - Test Loss=0.8397, Test top-1 acc=0.7991
2022-09-24 05:25:20,062 - INFO - Group Accuracy:

2022-09-24 05:25:20,062 - INFO - [0.9777143  0.994      0.98485714 0.9908571  0.98057145 0.994
 0.98       0.98057145 0.9745714  0.99685717 0.984      0.97314286
 0.97885716 0.9722857  0.9951429  0.9965714 ]
2022-09-24 05:25:20,063 - INFO - Epoch time: 255.00411462783813
2022-09-24 05:25:20,063 - INFO - 
Epoch: 89
2022-09-24 05:25:20,063 - INFO - 
Learning Rate: 0.0010
2022-09-24 05:26:26,532 - INFO - [Step=62750]	Loss=0.4909	481.4 examples/second
2022-09-24 05:27:53,209 - INFO - [Step=63000]	Loss=0.4887	369.2 examples/second
2022-09-24 05:29:19,989 - INFO - [Step=63250]	Loss=0.4924	368.8 examples/second
2022-09-24 05:29:33,290 - INFO - Test Loss=0.8436, Test top-1 acc=0.7991
2022-09-24 05:29:33,291 - INFO - Group Accuracy:

2022-09-24 05:29:33,291 - INFO - [0.9771429  0.9937143  0.9851429  0.99142855 0.98       0.9942857
 0.98       0.9797143  0.97571427 0.9965714  0.98314285 0.974
 0.97885716 0.97257143 0.99542856 0.99628574]
2022-09-24 05:29:33,292 - INFO - Epoch time: 253.2287609577179
2022-09-24 05:29:33,293 - INFO - Printing Final Accuracy + OOD Detection stats
2022-09-24 05:29:33,293 - INFO - Top 1 Accuracy:  Min: 0.8049; Max: 0.8049; Avg: 0.8049; Std: 0.0000; Len: 1
2022-09-24 05:29:33,293 - INFO - Top 5 Accuracy:  Min: 0.9848; Max: 0.9848; Avg: 0.9848; Std: 0.0000; Len: 1
