2022-01-26 23:23:00,877 - INFO - ==> Preparing data..
2022-01-26 23:23:01,504 - INFO - # ID Test: 4150
2022-01-26 23:23:01,505 - INFO - # OOD: 850
2022-01-26 23:23:01,565 - INFO - # iNaturalist: 10000
2022-01-26 23:23:01,623 - INFO - # SUN: 10000
2022-01-26 23:23:01,683 - INFO - # Places: 10000
2022-01-26 23:23:01,725 - INFO - # Textures: 5640
2022-01-26 23:23:01,731 - INFO - # coarseid-coarseood: 750
2022-01-26 23:23:01,732 - INFO - # coarseid-fineood: 100
2022-01-26 23:23:30,413 - INFO - Accuracy Results
2022-01-26 23:23:30,414 - INFO - Accuracy: 0.8199999928474426
2022-01-26 23:23:30,415 - INFO - Groupwise Accuracy: [0.8479518  0.96771085 0.9939759 ]
2022-01-26 23:23:30,415 - INFO - OOD Results
2022-01-26 23:23:48,379 - INFO - Computing OOD Statistics...
2022-01-26 23:24:21,146 - INFO - Computing OOD Statistics...
2022-01-26 23:25:10,002 - INFO - Computing OOD Statistics...
2022-01-26 23:25:32,777 - INFO - Computing OOD Statistics...
2022-01-26 23:25:47,457 - INFO - Computing OOD Statistics...
2022-01-26 23:25:54,256 - INFO - Computing OOD Statistics...
2022-01-26 23:25:59,199 - INFO - Computing OOD Statistics...
2022-01-26 23:25:59,206 - INFO - MOS OOD Metrics:
	OOD Dataset: OOD
		AUROC [0.9295912119064493]
		TNR [0.711764705882353]
		AUOUT [0.70639651517217]
	OOD Dataset: iNaturalist
		AUROC [0.9338710602409638]
		TNR [0.6397999999999999]
		AUOUT [0.9586410502687917]
	OOD Dataset: SUN
		AUROC [0.9617386506024096]
		TNR [0.7626]
		AUOUT [0.971683221978745]
	OOD Dataset: Places
		AUROC [0.9499713493975905]
		TNR [0.7119]
		AUOUT [0.9666587294666421]
	OOD Dataset: Textures
		AUROC [0.945775997607451]
		TNR [0.7031914893617022]
		AUOUT [0.9417896649649693]
	OOD Dataset: coarseid-coarseood
		AUROC [0.9645876305220884]
		TNR [0.792]
		AUOUT [0.7370827165177779]
	OOD Dataset: coarseid-fineood
		AUROC [0.6671180722891565]
		TNR [0.10999999999999999]
		AUOUT [0.041718537330862636]
