2022-09-26 22:34:48,756 - INFO - ==> Preparing data..
2022-09-26 22:34:49,221 - INFO - # ID Test: 3500
2022-09-26 22:34:49,221 - INFO - # OOD: 1500
2022-09-26 22:34:49,254 - INFO - # iNaturalist: 10000
2022-09-26 22:34:49,283 - INFO - # SUN: 10000
2022-09-26 22:34:49,313 - INFO - # Places: 10000
2022-09-26 22:34:49,361 - INFO - # Textures: 5640
2022-09-26 22:34:49,373 - INFO - # balanced100-coarseood: 750
2022-09-26 22:34:49,378 - INFO - # balanced100-mediumood: 250
2022-09-26 22:34:49,387 - INFO - # balanced100-fineood: 500
2022-09-26 22:34:49,400 - INFO - # balanced100-finemediumood: 750
2022-09-26 22:35:14,638 - INFO - Accuracy Results
2022-09-26 22:35:14,639 - INFO - Accuracy: 0.8005714416503906
2022-09-26 22:35:14,640 - INFO - Groupwise Accuracy: [0.97742856 0.994      0.9842857  0.99142855 0.9842857  0.9942857
 0.97914284 0.97885716 0.9777143  0.99685717 0.9834286  0.97257143
 0.97914284 0.9728571  0.9934286  0.99714285]
2022-09-26 22:35:14,640 - INFO - OOD Results
2022-09-26 22:35:24,697 - INFO - Computing OOD Statistics...
2022-09-26 22:35:39,112 - INFO - Computing OOD Statistics...
2022-09-26 22:36:06,681 - INFO - Computing OOD Statistics...
2022-09-26 22:36:19,532 - INFO - Computing OOD Statistics...
2022-09-26 22:36:27,969 - INFO - Computing OOD Statistics...
2022-09-26 22:36:31,154 - INFO - Computing OOD Statistics...
2022-09-26 22:36:34,172 - INFO - Computing OOD Statistics...
2022-09-26 22:36:37,277 - INFO - Computing OOD Statistics...
2022-09-26 22:36:40,365 - INFO - Computing OOD Statistics...
2022-09-26 22:36:40,372 - INFO - MOS OOD Metrics:
	OOD Dataset: OOD
		AUROC [0.8685413333333334]
		TNR [0.42066666666666663]
		AUOUT [0.7033959328075915]
	OOD Dataset: iNaturalist
		AUROC [0.9368186000000001]
		TNR [0.5829]
		AUOUT [0.962990199536798]
	OOD Dataset: SUN
		AUROC [0.9573327142857143]
		TNR [0.7056]
		AUOUT [0.9737505276156778]
	OOD Dataset: Places
		AUROC [0.9479122571428571]
		TNR [0.6496]
		AUOUT [0.9701530560889333]
	OOD Dataset: Textures
		AUROC [0.9294271023302938]
		TNR [0.5716312056737589]
		AUOUT [0.9323929993003094]
	OOD Dataset: balanced100-coarseood
		AUROC [0.9455638095238096]
		TNR [0.6066666666666667]
		AUOUT [0.6800646971554212]
	OOD Dataset: balanced100-mediumood
		AUROC [0.7518377142857143]
		TNR [0.18000000000000005]
		AUOUT [0.17461608918914576]
	OOD Dataset: balanced100-fineood
		AUROC [0.8113577142857143]
		TNR [0.262]
		AUOUT [0.3454733714271191]
	OOD Dataset: balanced100-finemediumood
		AUROC [0.7915177142857143]
		TNR [0.2346666666666667]
		AUOUT [0.41914081728615843]
