2022-09-28 01:24:09,235 - INFO - ==> Preparing data..
2022-09-28 01:24:09,672 - INFO - # ID Test: 3500
2022-09-28 01:24:09,672 - INFO - # OOD: 1500
2022-09-28 01:24:09,705 - INFO - # iNaturalist: 10000
2022-09-28 01:24:09,731 - INFO - # SUN: 10000
2022-09-28 01:24:09,760 - INFO - # Places: 10000
2022-09-28 01:24:09,809 - INFO - # Textures: 5640
2022-09-28 01:24:09,822 - INFO - # balanced100-coarseood: 750
2022-09-28 01:24:09,827 - INFO - # balanced100-mediumood: 250
2022-09-28 01:24:09,835 - INFO - # balanced100-fineood: 500
2022-09-28 01:24:09,849 - INFO - # balanced100-finemediumood: 750
2022-09-28 01:24:38,553 - INFO - Accuracy Results
2022-09-28 01:24:38,554 - INFO - Mean Synset Accuracy: 0.8973527550697327
2022-09-28 01:24:38,554 - INFO - Top-1 Accuracy: 0.8125714063644409
2022-09-28 01:24:38,554 - INFO - Pred Accuracy: 0.8131428360939026
2022-09-28 01:24:38,554 - INFO - Synset Accuracies:
2022-09-28 01:24:38,555 - INFO - [0.9951429  0.9707692  0.98526317 0.772      0.9266667  0.844
 0.94       0.972      0.960625   0.994      0.84       0.972
 0.828      0.76       0.9866667  1.         0.716      0.95
 0.812      0.76       0.856      0.732      0.97333336 0.99      ]
2022-09-28 01:24:38,555 - INFO - Error Depth:
2022-09-28 01:24:38,555 - INFO - 	Num. Errors at Depth 0 = 7.0
2022-09-28 01:24:38,555 - INFO - 	Num. Errors at Depth 1 = 27.0
2022-09-28 01:24:38,555 - INFO - 	Num. Errors at Depth 2 = 176.0
2022-09-28 01:24:38,555 - INFO - 	Num. Errors at Depth 3 = 276.0
2022-09-28 01:24:38,555 - INFO - 	Num. Errors at Depth 4 = 99.0
2022-09-28 01:24:38,556 - INFO - 	Num. Errors at Depth 5 = 71.0
2022-09-28 01:24:38,556 - INFO - 	Num. Errors at Depth -1 = 2844.0
2022-09-28 01:24:38,556 - INFO - OOD Results
2022-09-28 01:24:50,833 - INFO - Computing OOD Statistics...
2022-09-28 01:25:08,080 - INFO - Computing OOD Statistics...
2022-09-28 01:25:31,501 - INFO - Computing OOD Statistics...
2022-09-28 01:25:47,916 - INFO - Computing OOD Statistics...
2022-09-28 01:25:58,433 - INFO - Computing OOD Statistics...
2022-09-28 01:26:02,086 - INFO - Computing OOD Statistics...
2022-09-28 01:26:05,230 - INFO - Computing OOD Statistics...
2022-09-28 01:26:08,537 - INFO - Computing OOD Statistics...
2022-09-28 01:26:12,152 - INFO - Computing OOD Statistics...
2022-09-28 01:26:12,202 - INFO - OOD Dataset: OOD
2022-09-28 01:26:12,202 - INFO - MSP AUROC Synset Performance
2022-09-28 01:26:12,202 - INFO - [-1, -1, -1, -1, -1, -1, -1, -1, -1, -1, -1, -1, -1, -1, -1, -1, -1, -1, -1, -1, -1, -1, -1, -1, -0.0, 0.8183925714285714, 0.8377201904761904, 0.8469297142857142]
2022-09-28 01:26:12,202 - INFO - MSP TNR Synset Performance
2022-09-28 01:26:12,202 - INFO - [-1, -1, -1, -1, -1, -1, -1, -1, -1, -1, -1, -1, -1, -1, -1, -1, -1, -1, -1, -1, -1, -1, -1, -1, 0.0, 0.32333333333333336, 0.41333333333333333, 0.4713333333333334]
2022-09-28 01:26:12,202 - INFO - MSP AUOUT Synset Performance
2022-09-28 01:26:12,202 - INFO - [-1, -1, -1, -1, -1, -1, -1, -1, -1, -1, -1, -1, -1, -1, -1, -1, -1, -1, -1, -1, -1, -1, -1, -1, 0.16775845604771977, 0.6384279050962413, 0.6909555913051977, 0.7314804567551709]
2022-09-28 01:26:12,202 - INFO - ODIN AUROC Synset Performance
2022-09-28 01:26:12,202 - INFO - [-1, -1, -1, -1, -1, -1, -1, -1, -1, -1, -1, -1, -1, -1, -1, -1, -1, -1, -1, -1, -1, -1, -1, -1, -0.0, 0.616664380952381, 0.24716895238095238, 0.4737017142857143]
2022-09-28 01:26:12,202 - INFO - ODIN TNR Synset Performance
2022-09-28 01:26:12,202 - INFO - [-1, -1, -1, -1, -1, -1, -1, -1, -1, -1, -1, -1, -1, -1, -1, -1, -1, -1, -1, -1, -1, -1, -1, -1, 0.0, 0.17800000000000005, 0.007333333333333303, 0.05466666666666664]
2022-09-28 01:26:12,202 - INFO - ODIN AUOUT Synset Performance
2022-09-28 01:26:12,202 - INFO - [-1, -1, -1, -1, -1, -1, -1, -1, -1, -1, -1, -1, -1, -1, -1, -1, -1, -1, -1, -1, -1, -1, -1, -1, 0.16775845604771977, 0.4333181042082809, 0.19808582754856052, 0.2887159147113248]
2022-09-28 01:26:12,202 - INFO - MSP Metrics using max activations accumulated across all appropriate synsets:
	AUROC -0.0
	TNR 0.0
	AUOUT 0.16775845604771977
2022-09-28 01:26:12,203 - INFO - ODIN Metrics using max activations accumulated across all appropriate synsets:
	AUROC -0.0
	TNR 0.0
	AUOUT 0.16775845604771977
2022-09-28 01:26:12,203 - INFO - MSP Metrics using max entropy along path:
	AUROC 0.8183925714285714
	TNR 0.32333333333333336
	AUOUT 0.6384279050962413
2022-09-28 01:26:12,203 - INFO - ODIN Metrics using max entropy along path:
	AUROC 0.616664380952381
	TNR 0.17800000000000005
	AUOUT 0.4333181042082809
2022-09-28 01:26:12,203 - INFO - MSP Metrics using predicted activations:
	AUROC 0.8377201904761904
	TNR 0.41333333333333333
	AUOUT 0.6909555913051977
2022-09-28 01:26:12,203 - INFO - ODIN Metrics using predicted activations:
	AUROC 0.24716895238095238
	TNR 0.007333333333333303
	AUOUT 0.19808582754856052
2022-09-28 01:26:12,203 - INFO - MSP Metrics using mean entropy along path:
	AUROC 0.8469297142857142
	TNR 0.4713333333333334
	AUOUT 0.7314804567551709
2022-09-28 01:26:12,203 - INFO - ODIN Metrics using mean entropy along path:
	AUROC 0.4737017142857143
	TNR 0.05466666666666664
	AUOUT 0.2887159147113248
2022-09-28 01:26:12,203 - INFO - MSP Metrics using min entropy along path:
	AUROC 0.7652565714285714
	TNR 0.5246666666666666
	AUOUT 0.7123270011967103
2022-09-28 01:26:12,203 - INFO - ODIN Metrics using min entropy along path:
	AUROC 0.7635234285714286
	TNR 0.52
	AUOUT 0.6909474340064894
2022-09-28 01:26:12,203 - INFO - OOD Path entropy min idx (msp): [0. 1. 2. 3. 4.], [1240   39    1    2  218]
2022-09-28 01:26:12,203 - INFO - OOD Path entropy min idx (odin): [0. 3. 4.], [1280    1  219]
2022-09-28 01:26:12,203 - INFO - OOD Dataset: iNaturalist
2022-09-28 01:26:12,203 - INFO - MSP AUROC Synset Performance
2022-09-28 01:26:12,203 - INFO - [-1, -1, -1, -1, -1, -1, -1, -1, -1, -1, -1, -1, -1, -1, -1, -1, -1, -1, -1, -1, -1, -1, -1, -1, -0.0, 0.9218523142857143, 0.9257256285714286, 0.9293824285714285]
2022-09-28 01:26:12,204 - INFO - MSP TNR Synset Performance
2022-09-28 01:26:12,204 - INFO - [-1, -1, -1, -1, -1, -1, -1, -1, -1, -1, -1, -1, -1, -1, -1, -1, -1, -1, -1, -1, -1, -1, -1, -1, 0.0, 0.5893999999999999, 0.6382, 0.6345000000000001]
2022-09-28 01:26:12,204 - INFO - MSP AUOUT Synset Performance
2022-09-28 01:26:12,204 - INFO - [-1, -1, -1, -1, -1, -1, -1, -1, -1, -1, -1, -1, -1, -1, -1, -1, -1, -1, -1, -1, -1, -1, -1, -1, 0.5275256468469287, 0.9655478699562632, 0.9667306564047933, 0.9647249712663735]
2022-09-28 01:26:12,204 - INFO - ODIN AUROC Synset Performance
2022-09-28 01:26:12,204 - INFO - [-1, -1, -1, -1, -1, -1, -1, -1, -1, -1, -1, -1, -1, -1, -1, -1, -1, -1, -1, -1, -1, -1, -1, -1, -0.0, 0.6758587428571429, 0.24582440000000003, 0.5185005714285715]
2022-09-28 01:26:12,204 - INFO - ODIN TNR Synset Performance
2022-09-28 01:26:12,204 - INFO - [-1, -1, -1, -1, -1, -1, -1, -1, -1, -1, -1, -1, -1, -1, -1, -1, -1, -1, -1, -1, -1, -1, -1, -1, 0.0, 0.35829999999999995, 9.999999999998899e-05, 0.14790000000000003]
2022-09-28 01:26:12,204 - INFO - ODIN AUOUT Synset Performance
2022-09-28 01:26:12,204 - INFO - [-1, -1, -1, -1, -1, -1, -1, -1, -1, -1, -1, -1, -1, -1, -1, -1, -1, -1, -1, -1, -1, -1, -1, -1, 0.5275256468469287, 0.8580163933013996, 0.5848615429830695, 0.7761055829758554]
2022-09-28 01:26:12,204 - INFO - MSP Metrics using max activations accumulated across all appropriate synsets:
	AUROC -0.0
	TNR 0.0
	AUOUT 0.5275256468469287
2022-09-28 01:26:12,204 - INFO - ODIN Metrics using max activations accumulated across all appropriate synsets:
	AUROC -0.0
	TNR 0.0
	AUOUT 0.5275256468469287
2022-09-28 01:26:12,204 - INFO - MSP Metrics using max entropy along path:
	AUROC 0.9218523142857143
	TNR 0.5893999999999999
	AUOUT 0.9655478699562632
2022-09-28 01:26:12,204 - INFO - ODIN Metrics using max entropy along path:
	AUROC 0.6758587428571429
	TNR 0.35829999999999995
	AUOUT 0.8580163933013996
2022-09-28 01:26:12,204 - INFO - MSP Metrics using predicted activations:
	AUROC 0.9257256285714286
	TNR 0.6382
	AUOUT 0.9667306564047933
2022-09-28 01:26:12,204 - INFO - ODIN Metrics using predicted activations:
	AUROC 0.24582440000000003
	TNR 9.999999999998899e-05
	AUOUT 0.5848615429830695
2022-09-28 01:26:12,204 - INFO - MSP Metrics using mean entropy along path:
	AUROC 0.9293824285714285
	TNR 0.6345000000000001
	AUOUT 0.9647249712663735
2022-09-28 01:26:12,204 - INFO - ODIN Metrics using mean entropy along path:
	AUROC 0.5185005714285715
	TNR 0.14790000000000003
	AUOUT 0.7761055829758554
2022-09-28 01:26:12,204 - INFO - MSP Metrics using min entropy along path:
	AUROC 0.8958724857142857
	TNR 0.37460000000000004
	AUOUT 0.9407067611805053
2022-09-28 01:26:12,204 - INFO - ODIN Metrics using min entropy along path:
	AUROC 0.8937150571428571
	TNR 0.3608
	AUOUT 0.9363467783914425
2022-09-28 01:26:12,205 - INFO - OOD Path entropy min idx (msp): [0. 1. 2. 3. 4.], [9877   42    6   24   51]
2022-09-28 01:26:12,205 - INFO - OOD Path entropy min idx (odin): [0. 3. 4.], [9925   24   51]
2022-09-28 01:26:12,205 - INFO - OOD Dataset: SUN
2022-09-28 01:26:12,205 - INFO - MSP AUROC Synset Performance
2022-09-28 01:26:12,205 - INFO - [-1, -1, -1, -1, -1, -1, -1, -1, -1, -1, -1, -1, -1, -1, -1, -1, -1, -1, -1, -1, -1, -1, -1, -1, -0.0, 0.9282032571428572, 0.9512469428571428, 0.9582872000000001]
2022-09-28 01:26:12,205 - INFO - MSP TNR Synset Performance
2022-09-28 01:26:12,205 - INFO - [-1, -1, -1, -1, -1, -1, -1, -1, -1, -1, -1, -1, -1, -1, -1, -1, -1, -1, -1, -1, -1, -1, -1, -1, 0.0, 0.5726, 0.7574, 0.7749]
2022-09-28 01:26:12,205 - INFO - MSP AUOUT Synset Performance
2022-09-28 01:26:12,205 - INFO - [-1, -1, -1, -1, -1, -1, -1, -1, -1, -1, -1, -1, -1, -1, -1, -1, -1, -1, -1, -1, -1, -1, -1, -1, 0.5275256468469287, 0.9665345184759843, 0.9784846809320241, 0.9800157047816054]
2022-09-28 01:26:12,205 - INFO - ODIN AUROC Synset Performance
2022-09-28 01:26:12,205 - INFO - [-1, -1, -1, -1, -1, -1, -1, -1, -1, -1, -1, -1, -1, -1, -1, -1, -1, -1, -1, -1, -1, -1, -1, -1, -0.0, 0.7904262, 0.19707077142857143, 0.6459060000000001]
2022-09-28 01:26:12,205 - INFO - ODIN TNR Synset Performance
2022-09-28 01:26:12,205 - INFO - [-1, -1, -1, -1, -1, -1, -1, -1, -1, -1, -1, -1, -1, -1, -1, -1, -1, -1, -1, -1, -1, -1, -1, -1, 0.0, 0.6341, 0.0, 0.261]
2022-09-28 01:26:12,205 - INFO - ODIN AUOUT Synset Performance
2022-09-28 01:26:12,205 - INFO - [-1, -1, -1, -1, -1, -1, -1, -1, -1, -1, -1, -1, -1, -1, -1, -1, -1, -1, -1, -1, -1, -1, -1, -1, 0.5275256468469287, 0.923648645307166, 0.5730600816828741, 0.849902467843977]
2022-09-28 01:26:12,205 - INFO - MSP Metrics using max activations accumulated across all appropriate synsets:
	AUROC -0.0
	TNR 0.0
	AUOUT 0.5275256468469287
2022-09-28 01:26:12,205 - INFO - ODIN Metrics using max activations accumulated across all appropriate synsets:
	AUROC -0.0
	TNR 0.0
	AUOUT 0.5275256468469287
2022-09-28 01:26:12,205 - INFO - MSP Metrics using max entropy along path:
	AUROC 0.9282032571428572
	TNR 0.5726
	AUOUT 0.9665345184759843
2022-09-28 01:26:12,205 - INFO - ODIN Metrics using max entropy along path:
	AUROC 0.7904262
	TNR 0.6341
	AUOUT 0.923648645307166
2022-09-28 01:26:12,205 - INFO - MSP Metrics using predicted activations:
	AUROC 0.9512469428571428
	TNR 0.7574
	AUOUT 0.9784846809320241
2022-09-28 01:26:12,205 - INFO - ODIN Metrics using predicted activations:
	AUROC 0.19707077142857143
	TNR 0.0
	AUOUT 0.5730600816828741
2022-09-28 01:26:12,205 - INFO - MSP Metrics using mean entropy along path:
	AUROC 0.9582872000000001
	TNR 0.7749
	AUOUT 0.9800157047816054
2022-09-28 01:26:12,205 - INFO - ODIN Metrics using mean entropy along path:
	AUROC 0.6459060000000001
	TNR 0.261
	AUOUT 0.849902467843977
2022-09-28 01:26:12,205 - INFO - MSP Metrics using min entropy along path:
	AUROC 0.9286932571428572
	TNR 0.761
	AUOUT 0.9719446047477822
2022-09-28 01:26:12,205 - INFO - ODIN Metrics using min entropy along path:
	AUROC 0.9269023428571429
	TNR 0.7512
	AUOUT 0.96623111710837
2022-09-28 01:26:12,206 - INFO - OOD Path entropy min idx (msp): [0. 1. 2. 3. 4.], [9367  173   34   30  396]
2022-09-28 01:26:12,206 - INFO - OOD Path entropy min idx (odin): [0. 3. 4.], [9590   14  396]
2022-09-28 01:26:12,206 - INFO - OOD Dataset: Places
2022-09-28 01:26:12,206 - INFO - MSP AUROC Synset Performance
2022-09-28 01:26:12,206 - INFO - [-1, -1, -1, -1, -1, -1, -1, -1, -1, -1, -1, -1, -1, -1, -1, -1, -1, -1, -1, -1, -1, -1, -1, -1, -0.0, 0.911974857142857, 0.9366936857142857, 0.9460694285714285]
2022-09-28 01:26:12,206 - INFO - MSP TNR Synset Performance
2022-09-28 01:26:12,206 - INFO - [-1, -1, -1, -1, -1, -1, -1, -1, -1, -1, -1, -1, -1, -1, -1, -1, -1, -1, -1, -1, -1, -1, -1, -1, 0.0, 0.5132, 0.6921999999999999, 0.7214]
2022-09-28 01:26:12,206 - INFO - MSP AUOUT Synset Performance
2022-09-28 01:26:12,206 - INFO - [-1, -1, -1, -1, -1, -1, -1, -1, -1, -1, -1, -1, -1, -1, -1, -1, -1, -1, -1, -1, -1, -1, -1, -1, 0.5275256468469287, 0.9592853965482077, 0.9723068883204755, 0.9751721002841317]
2022-09-28 01:26:12,206 - INFO - ODIN AUROC Synset Performance
2022-09-28 01:26:12,207 - INFO - [-1, -1, -1, -1, -1, -1, -1, -1, -1, -1, -1, -1, -1, -1, -1, -1, -1, -1, -1, -1, -1, -1, -1, -1, -0.0, 0.7436098285714285, 0.20083379999999998, 0.6103521714285713]
2022-09-28 01:26:12,207 - INFO - ODIN TNR Synset Performance
2022-09-28 01:26:12,207 - INFO - [-1, -1, -1, -1, -1, -1, -1, -1, -1, -1, -1, -1, -1, -1, -1, -1, -1, -1, -1, -1, -1, -1, -1, -1, 0.0, 0.5465, 0.0004999999999999449, 0.24319999999999997]
2022-09-28 01:26:12,207 - INFO - ODIN AUOUT Synset Performance
2022-09-28 01:26:12,207 - INFO - [-1, -1, -1, -1, -1, -1, -1, -1, -1, -1, -1, -1, -1, -1, -1, -1, -1, -1, -1, -1, -1, -1, -1, -1, 0.5275256468469287, 0.9049094865474356, 0.5733754434199261, 0.8344856050312535]
2022-09-28 01:26:12,207 - INFO - MSP Metrics using max activations accumulated across all appropriate synsets:
	AUROC -0.0
	TNR 0.0
	AUOUT 0.5275256468469287
2022-09-28 01:26:12,207 - INFO - ODIN Metrics using max activations accumulated across all appropriate synsets:
	AUROC -0.0
	TNR 0.0
	AUOUT 0.5275256468469287
2022-09-28 01:26:12,207 - INFO - MSP Metrics using max entropy along path:
	AUROC 0.911974857142857
	TNR 0.5132
	AUOUT 0.9592853965482077
2022-09-28 01:26:12,207 - INFO - ODIN Metrics using max entropy along path:
	AUROC 0.7436098285714285
	TNR 0.5465
	AUOUT 0.9049094865474356
2022-09-28 01:26:12,207 - INFO - MSP Metrics using predicted activations:
	AUROC 0.9366936857142857
	TNR 0.6921999999999999
	AUOUT 0.9723068883204755
2022-09-28 01:26:12,207 - INFO - ODIN Metrics using predicted activations:
	AUROC 0.20083379999999998
	TNR 0.0004999999999999449
	AUOUT 0.5733754434199261
2022-09-28 01:26:12,207 - INFO - MSP Metrics using mean entropy along path:
	AUROC 0.9460694285714285
	TNR 0.7214
	AUOUT 0.9751721002841317
2022-09-28 01:26:12,207 - INFO - ODIN Metrics using mean entropy along path:
	AUROC 0.6103521714285713
	TNR 0.24319999999999997
	AUOUT 0.8344856050312535
2022-09-28 01:26:12,207 - INFO - MSP Metrics using min entropy along path:
	AUROC 0.9152215714285715
	TNR 0.7123999999999999
	AUOUT 0.9673970519127036
2022-09-28 01:26:12,207 - INFO - ODIN Metrics using min entropy along path:
	AUROC 0.9134434285714285
	TNR 0.7044
	AUOUT 0.9617520574564328
2022-09-28 01:26:12,207 - INFO - OOD Path entropy min idx (msp): [0. 1. 2. 3. 4.], [9228  259   56   42  415]
2022-09-28 01:26:12,208 - INFO - OOD Path entropy min idx (odin): [0. 3. 4.], [9568   20  412]
2022-09-28 01:26:12,208 - INFO - OOD Dataset: Textures
2022-09-28 01:26:12,208 - INFO - MSP AUROC Synset Performance
2022-09-28 01:26:12,208 - INFO - [-1, -1, -1, -1, -1, -1, -1, -1, -1, -1, -1, -1, -1, -1, -1, -1, -1, -1, -1, -1, -1, -1, -1, -1, -0.0, 0.8875345997973657, 0.9074748733535967, 0.9268315096251267]
2022-09-28 01:26:12,208 - INFO - MSP TNR Synset Performance
2022-09-28 01:26:12,208 - INFO - [-1, -1, -1, -1, -1, -1, -1, -1, -1, -1, -1, -1, -1, -1, -1, -1, -1, -1, -1, -1, -1, -1, -1, -1, 0.0, 0.5117021276595745, 0.6340425531914894, 0.700177304964539]
2022-09-28 01:26:12,208 - INFO - MSP AUOUT Synset Performance
2022-09-28 01:26:12,208 - INFO - [-1, -1, -1, -1, -1, -1, -1, -1, -1, -1, -1, -1, -1, -1, -1, -1, -1, -1, -1, -1, -1, -1, -1, -1, 0.4043189752277335, 0.9214923987917231, 0.9385854870451772, 0.9503964433134348]
2022-09-28 01:26:12,208 - INFO - ODIN AUROC Synset Performance
2022-09-28 01:26:12,208 - INFO - [-1, -1, -1, -1, -1, -1, -1, -1, -1, -1, -1, -1, -1, -1, -1, -1, -1, -1, -1, -1, -1, -1, -1, -1, -0.0, 0.6431751773049645, 0.2036305977710233, 0.6052373353596758]
2022-09-28 01:26:12,208 - INFO - ODIN TNR Synset Performance
2022-09-28 01:26:12,208 - INFO - [-1, -1, -1, -1, -1, -1, -1, -1, -1, -1, -1, -1, -1, -1, -1, -1, -1, -1, -1, -1, -1, -1, -1, -1, 0.0, 0.32978723404255317, 0.0008865248226950229, 0.1764184397163121]
2022-09-28 01:26:12,208 - INFO - ODIN AUOUT Synset Performance
2022-09-28 01:26:12,208 - INFO - [-1, -1, -1, -1, -1, -1, -1, -1, -1, -1, -1, -1, -1, -1, -1, -1, -1, -1, -1, -1, -1, -1, -1, -1, 0.4043189752277335, 0.7678863545607011, 0.4499420043257443, 0.7156239044137971]
2022-09-28 01:26:12,208 - INFO - MSP Metrics using max activations accumulated across all appropriate synsets:
	AUROC -0.0
	TNR 0.0
	AUOUT 0.4043189752277335
2022-09-28 01:26:12,208 - INFO - ODIN Metrics using max activations accumulated across all appropriate synsets:
	AUROC -0.0
	TNR 0.0
	AUOUT 0.4043189752277335
2022-09-28 01:26:12,208 - INFO - MSP Metrics using max entropy along path:
	AUROC 0.8875345997973657
	TNR 0.5117021276595745
	AUOUT 0.9214923987917231
2022-09-28 01:26:12,208 - INFO - ODIN Metrics using max entropy along path:
	AUROC 0.6431751773049645
	TNR 0.32978723404255317
	AUOUT 0.7678863545607011
2022-09-28 01:26:12,208 - INFO - MSP Metrics using predicted activations:
	AUROC 0.9074748733535967
	TNR 0.6340425531914894
	AUOUT 0.9385854870451772
2022-09-28 01:26:12,208 - INFO - ODIN Metrics using predicted activations:
	AUROC 0.2036305977710233
	TNR 0.0008865248226950229
	AUOUT 0.4499420043257443
2022-09-28 01:26:12,208 - INFO - MSP Metrics using mean entropy along path:
	AUROC 0.9268315096251267
	TNR 0.700177304964539
	AUOUT 0.9503964433134348
2022-09-28 01:26:12,208 - INFO - ODIN Metrics using mean entropy along path:
	AUROC 0.6052373353596758
	TNR 0.1764184397163121
	AUOUT 0.7156239044137971
2022-09-28 01:26:12,208 - INFO - MSP Metrics using min entropy along path:
	AUROC 0.9165790273556231
	TNR 0.7235815602836879
	AUOUT 0.9483693919883236
2022-09-28 01:26:12,208 - INFO - ODIN Metrics using min entropy along path:
	AUROC 0.9149147416413372
	TNR 0.7157801418439717
	AUOUT 0.9394258617032767
2022-09-28 01:26:12,209 - INFO - OOD Path entropy min idx (msp): [0. 1. 2. 3. 4.], [5179  169   50   31  211]
2022-09-28 01:26:12,209 - INFO - OOD Path entropy min idx (odin): [0. 3. 4.], [5417   14  209]
2022-09-28 01:26:12,209 - INFO - OOD Dataset: balanced100-coarseood
2022-09-28 01:26:12,209 - INFO - MSP AUROC Synset Performance
2022-09-28 01:26:12,209 - INFO - [-1, -1, -1, -1, -1, -1, -1, -1, -1, -1, -1, -1, -1, -1, -1, -1, -1, -1, -1, -1, -1, -1, -1, -1, -0.0, 0.9123257142857143, 0.9283691428571428, 0.957608380952381]
2022-09-28 01:26:12,209 - INFO - MSP TNR Synset Performance
2022-09-28 01:26:12,209 - INFO - [-1, -1, -1, -1, -1, -1, -1, -1, -1, -1, -1, -1, -1, -1, -1, -1, -1, -1, -1, -1, -1, -1, -1, -1, 0.0, 0.4733333333333334, 0.6106666666666667, 0.76]
2022-09-28 01:26:12,209 - INFO - MSP AUOUT Synset Performance
2022-09-28 01:26:12,209 - INFO - [-1, -1, -1, -1, -1, -1, -1, -1, -1, -1, -1, -1, -1, -1, -1, -1, -1, -1, -1, -1, -1, -1, -1, -1, 0.09393858905968093, 0.631063722285125, 0.708334050421232, 0.8118146863076035]
2022-09-28 01:26:12,209 - INFO - ODIN AUROC Synset Performance
2022-09-28 01:26:12,209 - INFO - [-1, -1, -1, -1, -1, -1, -1, -1, -1, -1, -1, -1, -1, -1, -1, -1, -1, -1, -1, -1, -1, -1, -1, -1, -0.0, 0.48549561904761906, 0.14635542857142858, 0.5510251428571428]
2022-09-28 01:26:12,209 - INFO - ODIN TNR Synset Performance
2022-09-28 01:26:12,209 - INFO - [-1, -1, -1, -1, -1, -1, -1, -1, -1, -1, -1, -1, -1, -1, -1, -1, -1, -1, -1, -1, -1, -1, -1, -1, 0.0, 0.09199999999999997, 0.0, 0.021333333333333315]
2022-09-28 01:26:12,209 - INFO - ODIN AUOUT Synset Performance
2022-09-28 01:26:12,209 - INFO - [-1, -1, -1, -1, -1, -1, -1, -1, -1, -1, -1, -1, -1, -1, -1, -1, -1, -1, -1, -1, -1, -1, -1, -1, 0.09393858905968093, 0.19239538521375077, 0.1055418919155331, 0.1940420543453843]
2022-09-28 01:26:12,209 - INFO - MSP Metrics using max activations accumulated across all appropriate synsets:
	AUROC -0.0
	TNR 0.0
	AUOUT 0.09393858905968093
2022-09-28 01:26:12,209 - INFO - ODIN Metrics using max activations accumulated across all appropriate synsets:
	AUROC -0.0
	TNR 0.0
	AUOUT 0.09393858905968093
2022-09-28 01:26:12,209 - INFO - MSP Metrics using max entropy along path:
	AUROC 0.9123257142857143
	TNR 0.4733333333333334
	AUOUT 0.631063722285125
2022-09-28 01:26:12,210 - INFO - ODIN Metrics using max entropy along path:
	AUROC 0.48549561904761906
	TNR 0.09199999999999997
	AUOUT 0.19239538521375077
2022-09-28 01:26:12,210 - INFO - MSP Metrics using predicted activations:
	AUROC 0.9283691428571428
	TNR 0.6106666666666667
	AUOUT 0.708334050421232
2022-09-28 01:26:12,210 - INFO - ODIN Metrics using predicted activations:
	AUROC 0.14635542857142858
	TNR 0.0
	AUOUT 0.1055418919155331
2022-09-28 01:26:12,210 - INFO - MSP Metrics using mean entropy along path:
	AUROC 0.957608380952381
	TNR 0.76
	AUOUT 0.8118146863076035
2022-09-28 01:26:12,210 - INFO - ODIN Metrics using mean entropy along path:
	AUROC 0.5510251428571428
	TNR 0.021333333333333315
	AUOUT 0.1940420543453843
2022-09-28 01:26:12,210 - INFO - MSP Metrics using min entropy along path:
	AUROC 0.9440369523809523
	TNR 0.8586666666666667
	AUOUT 0.843407091844138
2022-09-28 01:26:12,210 - INFO - ODIN Metrics using min entropy along path:
	AUROC 0.9421969523809524
	TNR 0.848
	AUOUT 0.8046928296240156
2022-09-28 01:26:12,210 - INFO - OOD Path entropy min idx (msp): [0. 1. 3. 4.], [702  21   1  26]
2022-09-28 01:26:12,210 - INFO - OOD Path entropy min idx (odin): [0. 3. 4.], [723   1  26]
2022-09-28 01:26:12,210 - INFO - OOD Dataset: balanced100-mediumood
2022-09-28 01:26:12,210 - INFO - MSP AUROC Synset Performance
2022-09-28 01:26:12,210 - INFO - [-1, -1, -1, -1, -1, -1, -1, -1, -1, -1, -1, -1, -1, -1, -1, -1, -1, -1, -1, -1, -1, -1, -1, -1, -0.0, 0.7145954285714287, 0.7201177142857144, 0.6823051428571429]
2022-09-28 01:26:12,210 - INFO - MSP TNR Synset Performance
2022-09-28 01:26:12,210 - INFO - [-1, -1, -1, -1, -1, -1, -1, -1, -1, -1, -1, -1, -1, -1, -1, -1, -1, -1, -1, -1, -1, -1, -1, -1, 0.0, 0.17600000000000005, 0.18000000000000005, 0.08799999999999997]
2022-09-28 01:26:12,210 - INFO - MSP AUOUT Synset Performance
2022-09-28 01:26:12,210 - INFO - [-1, -1, -1, -1, -1, -1, -1, -1, -1, -1, -1, -1, -1, -1, -1, -1, -1, -1, -1, -1, -1, -1, -1, -1, 0.03409978690754759, 0.13695436575633801, 0.14253067377735953, 0.11282232617864875]
2022-09-28 01:26:12,210 - INFO - ODIN AUROC Synset Performance
2022-09-28 01:26:12,210 - INFO - [-1, -1, -1, -1, -1, -1, -1, -1, -1, -1, -1, -1, -1, -1, -1, -1, -1, -1, -1, -1, -1, -1, -1, -1, -0.0, 0.8390034285714285, 0.46866742857142857, 0.4032217142857143]
2022-09-28 01:26:12,210 - INFO - ODIN TNR Synset Performance
2022-09-28 01:26:12,210 - INFO - [-1, -1, -1, -1, -1, -1, -1, -1, -1, -1, -1, -1, -1, -1, -1, -1, -1, -1, -1, -1, -1, -1, -1, -1, 0.0, 0.252, 0.03200000000000003, 0.08799999999999997]
2022-09-28 01:26:12,210 - INFO - ODIN AUOUT Synset Performance
2022-09-28 01:26:12,211 - INFO - [-1, -1, -1, -1, -1, -1, -1, -1, -1, -1, -1, -1, -1, -1, -1, -1, -1, -1, -1, -1, -1, -1, -1, -1, 0.03409978690754759, 0.21604886017072722, 0.05740362308435957, 0.06296787308959062]
2022-09-28 01:26:12,211 - INFO - MSP Metrics using max activations accumulated across all appropriate synsets:
	AUROC -0.0
	TNR 0.0
	AUOUT 0.03409978690754759
2022-09-28 01:26:12,211 - INFO - ODIN Metrics using max activations accumulated across all appropriate synsets:
	AUROC -0.0
	TNR 0.0
	AUOUT 0.03409978690754759
2022-09-28 01:26:12,211 - INFO - MSP Metrics using max entropy along path:
	AUROC 0.7145954285714287
	TNR 0.17600000000000005
	AUOUT 0.13695436575633801
2022-09-28 01:26:12,211 - INFO - ODIN Metrics using max entropy along path:
	AUROC 0.8390034285714285
	TNR 0.252
	AUOUT 0.21604886017072722
2022-09-28 01:26:12,211 - INFO - MSP Metrics using predicted activations:
	AUROC 0.7201177142857144
	TNR 0.18000000000000005
	AUOUT 0.14253067377735953
2022-09-28 01:26:12,211 - INFO - ODIN Metrics using predicted activations:
	AUROC 0.46866742857142857
	TNR 0.03200000000000003
	AUOUT 0.05740362308435957
2022-09-28 01:26:12,211 - INFO - MSP Metrics using mean entropy along path:
	AUROC 0.6823051428571429
	TNR 0.08799999999999997
	AUOUT 0.11282232617864875
2022-09-28 01:26:12,211 - INFO - ODIN Metrics using mean entropy along path:
	AUROC 0.4032217142857143
	TNR 0.08799999999999997
	AUOUT 0.06296787308959062
2022-09-28 01:26:12,211 - INFO - MSP Metrics using min entropy along path:
	AUROC 0.2376171428571429
	TNR 0.03200000000000003
	AUOUT 0.04598541463028185
2022-09-28 01:26:12,211 - INFO - ODIN Metrics using min entropy along path:
	AUROC 0.23728457142857143
	TNR 0.03200000000000003
	AUOUT 0.04574565950065267
2022-09-28 01:26:12,211 - INFO - OOD Path entropy min idx (msp): [0. 1. 4.], [ 76   2 172]
2022-09-28 01:26:12,211 - INFO - OOD Path entropy min idx (odin): [0. 4.], [ 78 172]
2022-09-28 01:26:12,211 - INFO - OOD Dataset: balanced100-fineood
2022-09-28 01:26:12,211 - INFO - MSP AUROC Synset Performance
2022-09-28 01:26:12,211 - INFO - [-1, -1, -1, -1, -1, -1, -1, -1, -1, -1, -1, -1, -1, -1, -1, -1, -1, -1, -1, -1, -1, -1, -1, -1, -0.0, 0.729393142857143, 0.760548, 0.763224]
2022-09-28 01:26:12,211 - INFO - MSP TNR Synset Performance
2022-09-28 01:26:12,211 - INFO - [-1, -1, -1, -1, -1, -1, -1, -1, -1, -1, -1, -1, -1, -1, -1, -1, -1, -1, -1, -1, -1, -1, -1, -1, 0.0, 0.17200000000000004, 0.23399999999999999, 0.22999999999999998]
2022-09-28 01:26:12,211 - INFO - MSP AUOUT Synset Performance
2022-09-28 01:26:12,211 - INFO - [-1, -1, -1, -1, -1, -1, -1, -1, -1, -1, -1, -1, -1, -1, -1, -1, -1, -1, -1, -1, -1, -1, -1, -1, 0.06528024046762752, 0.2514372375716101, 0.304039953574021, 0.3103248738967781]
2022-09-28 01:26:12,211 - INFO - ODIN AUROC Synset Performance
2022-09-28 01:26:12,211 - INFO - [-1, -1, -1, -1, -1, -1, -1, -1, -1, -1, -1, -1, -1, -1, -1, -1, -1, -1, -1, -1, -1, -1, -1, -1, -0.0, 0.70234, 0.2876405714285714, 0.39296971428571426]
2022-09-28 01:26:12,212 - INFO - ODIN TNR Synset Performance
2022-09-28 01:26:12,212 - INFO - [-1, -1, -1, -1, -1, -1, -1, -1, -1, -1, -1, -1, -1, -1, -1, -1, -1, -1, -1, -1, -1, -1, -1, -1, 0.0, 0.27, 0.006000000000000005, 0.08799999999999997]
2022-09-28 01:26:12,212 - INFO - ODIN AUOUT Synset Performance
2022-09-28 01:26:12,212 - INFO - [-1, -1, -1, -1, -1, -1, -1, -1, -1, -1, -1, -1, -1, -1, -1, -1, -1, -1, -1, -1, -1, -1, -1, -1, 0.06528024046762752, 0.3104189259912371, 0.08159952591876085, 0.11449820055768842]
2022-09-28 01:26:12,212 - INFO - MSP Metrics using max activations accumulated across all appropriate synsets:
	AUROC -0.0
	TNR 0.0
	AUOUT 0.06528024046762752
2022-09-28 01:26:12,212 - INFO - ODIN Metrics using max activations accumulated across all appropriate synsets:
	AUROC -0.0
	TNR 0.0
	AUOUT 0.06528024046762752
2022-09-28 01:26:12,212 - INFO - MSP Metrics using max entropy along path:
	AUROC 0.729393142857143
	TNR 0.17200000000000004
	AUOUT 0.2514372375716101
2022-09-28 01:26:12,212 - INFO - ODIN Metrics using max entropy along path:
	AUROC 0.70234
	TNR 0.27
	AUOUT 0.3104189259912371
2022-09-28 01:26:12,212 - INFO - MSP Metrics using predicted activations:
	AUROC 0.760548
	TNR 0.23399999999999999
	AUOUT 0.304039953574021
2022-09-28 01:26:12,212 - INFO - ODIN Metrics using predicted activations:
	AUROC 0.2876405714285714
	TNR 0.006000000000000005
	AUOUT 0.08159952591876085
2022-09-28 01:26:12,212 - INFO - MSP Metrics using mean entropy along path:
	AUROC 0.763224
	TNR 0.22999999999999998
	AUOUT 0.3103248738967781
2022-09-28 01:26:12,212 - INFO - ODIN Metrics using mean entropy along path:
	AUROC 0.39296971428571426
	TNR 0.08799999999999997
	AUOUT 0.11449820055768842
2022-09-28 01:26:12,212 - INFO - MSP Metrics using min entropy along path:
	AUROC 0.7609051428571428
	TNR 0.27
	AUOUT 0.3409264611964681
2022-09-28 01:26:12,212 - INFO - ODIN Metrics using min entropy along path:
	AUROC 0.7586502857142856
	TNR 0.27
	AUOUT 0.32278585788479075
2022-09-28 01:26:12,212 - INFO - OOD Path entropy min idx (msp): [0. 1. 2. 3. 4.], [462  16   1   1  20]
2022-09-28 01:26:12,212 - INFO - OOD Path entropy min idx (odin): [0. 4.], [479  21]
2022-09-28 01:26:12,212 - INFO - OOD Dataset: balanced100-finemediumood
2022-09-28 01:26:12,212 - INFO - MSP AUROC Synset Performance
2022-09-28 01:26:12,212 - INFO - [-1, -1, -1, -1, -1, -1, -1, -1, -1, -1, -1, -1, -1, -1, -1, -1, -1, -1, -1, -1, -1, -1, -1, -1, -0.0, 0.7244605714285715, 0.7470712380952381, 0.7362510476190476]
2022-09-28 01:26:12,212 - INFO - MSP TNR Synset Performance
2022-09-28 01:26:12,212 - INFO - [-1, -1, -1, -1, -1, -1, -1, -1, -1, -1, -1, -1, -1, -1, -1, -1, -1, -1, -1, -1, -1, -1, -1, -1, 0.0, 0.17333333333333334, 0.21599999999999997, 0.18266666666666664]
2022-09-28 01:26:12,212 - INFO - MSP AUOUT Synset Performance
2022-09-28 01:26:12,213 - INFO - [-1, -1, -1, -1, -1, -1, -1, -1, -1, -1, -1, -1, -1, -1, -1, -1, -1, -1, -1, -1, -1, -1, -1, -1, 0.09393858905968093, 0.32806615221752267, 0.36941468938397687, 0.3546897852413857]
2022-09-28 01:26:12,213 - INFO - ODIN AUROC Synset Performance
2022-09-28 01:26:12,213 - INFO - [-1, -1, -1, -1, -1, -1, -1, -1, -1, -1, -1, -1, -1, -1, -1, -1, -1, -1, -1, -1, -1, -1, -1, -1, -0.0, 0.7478944761904762, 0.34798285714285715, 0.3963870476190476]
2022-09-28 01:26:12,213 - INFO - ODIN TNR Synset Performance
2022-09-28 01:26:12,213 - INFO - [-1, -1, -1, -1, -1, -1, -1, -1, -1, -1, -1, -1, -1, -1, -1, -1, -1, -1, -1, -1, -1, -1, -1, -1, 0.0, 0.264, 0.014666666666666717, 0.08799999999999997]
2022-09-28 01:26:12,213 - INFO - ODIN AUOUT Synset Performance
2022-09-28 01:26:12,213 - INFO - [-1, -1, -1, -1, -1, -1, -1, -1, -1, -1, -1, -1, -1, -1, -1, -1, -1, -1, -1, -1, -1, -1, -1, -1, 0.09393858905968093, 0.4113976605198393, 0.12621550857199637, 0.16153935161911964]
2022-09-28 01:26:12,213 - INFO - MSP Metrics using max activations accumulated across all appropriate synsets:
	AUROC -0.0
	TNR 0.0
	AUOUT 0.09393858905968093
2022-09-28 01:26:12,213 - INFO - ODIN Metrics using max activations accumulated across all appropriate synsets:
	AUROC -0.0
	TNR 0.0
	AUOUT 0.09393858905968093
2022-09-28 01:26:12,213 - INFO - MSP Metrics using max entropy along path:
	AUROC 0.7244605714285715
	TNR 0.17333333333333334
	AUOUT 0.32806615221752267
2022-09-28 01:26:12,213 - INFO - ODIN Metrics using max entropy along path:
	AUROC 0.7478944761904762
	TNR 0.264
	AUOUT 0.4113976605198393
2022-09-28 01:26:12,213 - INFO - MSP Metrics using predicted activations:
	AUROC 0.7470712380952381
	TNR 0.21599999999999997
	AUOUT 0.36941468938397687
2022-09-28 01:26:12,213 - INFO - ODIN Metrics using predicted activations:
	AUROC 0.34798285714285715
	TNR 0.014666666666666717
	AUOUT 0.12621550857199637
2022-09-28 01:26:12,213 - INFO - MSP Metrics using mean entropy along path:
	AUROC 0.7362510476190476
	TNR 0.18266666666666664
	AUOUT 0.3546897852413857
2022-09-28 01:26:12,213 - INFO - ODIN Metrics using mean entropy along path:
	AUROC 0.3963870476190476
	TNR 0.08799999999999997
	AUOUT 0.16153935161911964
2022-09-28 01:26:12,213 - INFO - MSP Metrics using min entropy along path:
	AUROC 0.5864758095238095
	TNR 0.19066666666666665
	AUOUT 0.3120900779755509
2022-09-28 01:26:12,213 - INFO - ODIN Metrics using min entropy along path:
	AUROC 0.5848617142857143
	TNR 0.19066666666666665
	AUOUT 0.2995876630382667
2022-09-28 01:26:12,213 - INFO - OOD Path entropy min idx (msp): [0. 1. 2. 3. 4.], [538  18   1   1 192]
2022-09-28 01:26:12,213 - INFO - OOD Path entropy min idx (odin): [0. 4.], [557 193]
2022-09-28 01:26:22,795 - INFO - Computing OOD Statistics...
2022-09-28 01:26:41,453 - INFO - Computing OOD Statistics...
2022-09-28 01:27:05,036 - INFO - Computing OOD Statistics...
2022-09-28 01:27:17,364 - INFO - Computing OOD Statistics...
2022-09-28 01:27:25,493 - INFO - Computing OOD Statistics...
2022-09-28 01:27:28,944 - INFO - Computing OOD Statistics...
2022-09-28 01:27:32,116 - INFO - Computing OOD Statistics...
2022-09-28 01:27:35,559 - INFO - Computing OOD Statistics...
2022-09-28 01:27:39,172 - INFO - Computing OOD Statistics...
2022-09-28 01:27:39,186 - INFO - OOD Dataset: OOD
2022-09-28 01:27:39,186 - INFO - MSP AUROC [0.7840236190476191]
2022-09-28 01:27:39,186 - INFO - MSP TNR [0.5373333333333333]
2022-09-28 01:27:39,186 - INFO - MSP AUOUT [0.7188141071733676]
2022-09-28 01:27:39,186 - INFO - ODIN AUROC [0.8225245714285714]
2022-09-28 01:27:39,186 - INFO - ODIN TNR [0.5353333333333333]
2022-09-28 01:27:39,186 - INFO - ODIN AUOUT [0.7412987253722118]
2022-09-28 01:27:39,186 - INFO - OOD Dataset: iNaturalist
2022-09-28 01:27:39,187 - INFO - MSP AUROC [0.9342410285714285]
2022-09-28 01:27:39,187 - INFO - MSP TNR [0.5686]
2022-09-28 01:27:39,187 - INFO - MSP AUOUT [0.9621594739861301]
2022-09-28 01:27:39,187 - INFO - ODIN AUROC [0.9356918285714286]
2022-09-28 01:27:39,187 - INFO - ODIN TNR [0.5673]
2022-09-28 01:27:39,187 - INFO - ODIN AUOUT [0.9628172245259266]
2022-09-28 01:27:39,187 - INFO - OOD Dataset: SUN
2022-09-28 01:27:39,187 - INFO - MSP AUROC [0.9449941428571429]
2022-09-28 01:27:39,187 - INFO - MSP TNR [0.7715]
2022-09-28 01:27:39,187 - INFO - MSP AUOUT [0.9756970412637571]
2022-09-28 01:27:39,187 - INFO - ODIN AUROC [0.9549808857142857]
2022-09-28 01:27:39,187 - INFO - ODIN TNR [0.7631]
2022-09-28 01:27:39,187 - INFO - ODIN AUOUT [0.9785419171236097]
2022-09-28 01:27:39,187 - INFO - OOD Dataset: Places
2022-09-28 01:27:39,187 - INFO - MSP AUROC [0.9275967714285713]
2022-09-28 01:27:39,187 - INFO - MSP TNR [0.7259]
2022-09-28 01:27:39,187 - INFO - MSP AUOUT [0.97014770805978]
2022-09-28 01:27:39,187 - INFO - ODIN AUROC [0.9415030285714285]
2022-09-28 01:27:39,187 - INFO - ODIN TNR [0.7195]
2022-09-28 01:27:39,187 - INFO - ODIN AUOUT [0.9740689254073607]
2022-09-28 01:27:39,187 - INFO - OOD Dataset: Textures
2022-09-28 01:27:39,187 - INFO - MSP AUROC [0.9280459979736575]
2022-09-28 01:27:39,187 - INFO - MSP TNR [0.7423758865248227]
2022-09-28 01:27:39,187 - INFO - MSP AUOUT [0.9540548246482398]
2022-09-28 01:27:39,187 - INFO - ODIN AUROC [0.9416828774062816]
2022-09-28 01:27:39,187 - INFO - ODIN TNR [0.7395390070921986]
2022-09-28 01:27:39,188 - INFO - ODIN AUOUT [0.9598489891526196]
2022-09-28 01:27:39,188 - INFO - OOD Dataset: balanced100-coarseood
2022-09-28 01:27:39,188 - INFO - MSP AUROC [0.9714819047619047]
2022-09-28 01:27:39,188 - INFO - MSP TNR [0.884]
2022-09-28 01:27:39,188 - INFO - MSP AUOUT [0.8662144778055773]
2022-09-28 01:27:39,188 - INFO - ODIN AUROC [0.9760224761904761]
2022-09-28 01:27:39,188 - INFO - ODIN TNR [0.884]
2022-09-28 01:27:39,188 - INFO - ODIN AUOUT [0.8714897406575307]
2022-09-28 01:27:39,188 - INFO - OOD Dataset: balanced100-mediumood
2022-09-28 01:27:39,188 - INFO - MSP AUROC [0.46672228571428576]
2022-09-28 01:27:39,188 - INFO - MSP TNR [0.07199999999999995]
2022-09-28 01:27:39,188 - INFO - MSP AUOUT [0.06780454601079358]
2022-09-28 01:27:39,188 - INFO - ODIN AUROC [0.5288205714285714]
2022-09-28 01:27:39,188 - INFO - ODIN TNR [0.06399999999999995]
2022-09-28 01:27:39,188 - INFO - ODIN AUOUT [0.07557611063526824]
2022-09-28 01:27:39,188 - INFO - OOD Dataset: balanced100-fineood
2022-09-28 01:27:39,188 - INFO - MSP AUROC [0.6614862857142857]
2022-09-28 01:27:39,188 - INFO - MSP TNR [0.25]
2022-09-28 01:27:39,188 - INFO - MSP AUOUT [0.2978771637129332]
2022-09-28 01:27:39,188 - INFO - ODIN AUROC [0.7391291428571429]
2022-09-28 01:27:39,188 - INFO - ODIN TNR [0.248]
2022-09-28 01:27:39,188 - INFO - ODIN AUOUT [0.3279456978105614]
2022-09-28 01:27:39,188 - INFO - OOD Dataset: balanced100-finemediumood
2022-09-28 01:27:39,188 - INFO - MSP AUROC [0.5965649523809524]
2022-09-28 01:27:39,188 - INFO - MSP TNR [0.19066666666666665]
2022-09-28 01:27:39,188 - INFO - MSP AUOUT [0.3057118422481761]
2022-09-28 01:27:39,189 - INFO - ODIN AUROC [0.6690262857142857]
2022-09-28 01:27:39,189 - INFO - ODIN TNR [0.18666666666666665]
2022-09-28 01:27:39,189 - INFO - ODIN AUOUT [0.33600703486211075]
