2022-09-26 22:37:16,137 - INFO - ==> Preparing data..
2022-09-26 22:37:16,506 - INFO - # ID Test: 3500
2022-09-26 22:37:16,506 - INFO - # OOD: 1500
2022-09-26 22:37:16,538 - INFO - # iNaturalist: 10000
2022-09-26 22:37:16,563 - INFO - # SUN: 10000
2022-09-26 22:37:16,588 - INFO - # Places: 10000
2022-09-26 22:37:16,623 - INFO - # Textures: 5640
2022-09-26 22:37:16,632 - INFO - # balanced100-coarseood: 750
2022-09-26 22:37:16,635 - INFO - # balanced100-mediumood: 250
2022-09-26 22:37:16,641 - INFO - # balanced100-fineood: 500
2022-09-26 22:37:16,650 - INFO - # balanced100-finemediumood: 750
2022-09-26 22:37:47,223 - INFO - Accuracy Results
2022-09-26 22:37:47,224 - INFO - Top-1 Accuracy: 0.8108571171760559
2022-09-26 22:37:47,224 - INFO - Top-5 Accuracy: 0.9739999771118164
2022-09-26 22:37:47,224 - INFO - OOD Results
2022-09-26 22:37:57,062 - INFO - Computing OOD Statistics...
2022-09-26 22:38:14,107 - INFO - Computing OOD Statistics...
2022-09-26 22:38:40,584 - INFO - Computing OOD Statistics...
2022-09-26 22:38:52,506 - INFO - Computing OOD Statistics...
2022-09-26 22:39:00,248 - INFO - Computing OOD Statistics...
2022-09-26 22:39:03,344 - INFO - Computing OOD Statistics...
2022-09-26 22:39:06,340 - INFO - Computing OOD Statistics...
2022-09-26 22:39:09,035 - INFO - Computing OOD Statistics...
2022-09-26 22:39:11,942 - INFO - Computing OOD Statistics...
2022-09-26 22:39:11,959 - INFO - OOD Dataset: OOD
2022-09-26 22:39:11,959 - INFO - MSP AUROC [0.8243649523809523]
2022-09-26 22:39:11,959 - INFO - MSP TNR [0.41200000000000003]
2022-09-26 22:39:11,959 - INFO - MSP AUOUT [0.6911405509978782]
2022-09-26 22:39:11,959 - INFO - ODIN AUROC [0.870771619047619]
2022-09-26 22:39:11,959 - INFO - ODIN TNR [0.53]
2022-09-26 22:39:11,959 - INFO - ODIN AUOUT [0.7545394739281048]
2022-09-26 22:39:11,959 - INFO - OOD Dataset: iNaturalist
2022-09-26 22:39:11,959 - INFO - MSP AUROC [0.9156814857142858]
2022-09-26 22:39:11,959 - INFO - MSP TNR [0.5902000000000001]
2022-09-26 22:39:11,960 - INFO - MSP AUOUT [0.9638190012162597]
2022-09-26 22:39:11,960 - INFO - ODIN AUROC [0.95592]
2022-09-26 22:39:11,960 - INFO - ODIN TNR [0.7626999999999999]
2022-09-26 22:39:11,960 - INFO - ODIN AUOUT [0.9806475427684875]
2022-09-26 22:39:11,960 - INFO - OOD Dataset: SUN
2022-09-26 22:39:11,960 - INFO - MSP AUROC [0.9350715428571429]
2022-09-26 22:39:11,960 - INFO - MSP TNR [0.6564]
2022-09-26 22:39:11,960 - INFO - MSP AUOUT [0.9719898505018623]
2022-09-26 22:39:11,960 - INFO - ODIN AUROC [0.9755661999999999]
2022-09-26 22:39:11,960 - INFO - ODIN TNR [0.8773]
2022-09-26 22:39:11,960 - INFO - ODIN AUOUT [0.9887644421927908]
2022-09-26 22:39:11,960 - INFO - OOD Dataset: Places
2022-09-26 22:39:11,960 - INFO - MSP AUROC [0.9191852285714286]
2022-09-26 22:39:11,960 - INFO - MSP TNR [0.603]
2022-09-26 22:39:11,960 - INFO - MSP AUOUT [0.9653339960191706]
2022-09-26 22:39:11,960 - INFO - ODIN AUROC [0.9631871714285715]
2022-09-26 22:39:11,960 - INFO - ODIN TNR [0.813]
2022-09-26 22:39:11,960 - INFO - ODIN AUOUT [0.9839970420669717]
2022-09-26 22:39:11,960 - INFO - OOD Dataset: Textures
2022-09-26 22:39:11,960 - INFO - MSP AUROC [0.8883954913880445]
2022-09-26 22:39:11,960 - INFO - MSP TNR [0.5333333333333333]
2022-09-26 22:39:11,960 - INFO - MSP AUOUT [0.9231391404117597]
2022-09-26 22:39:11,960 - INFO - ODIN AUROC [0.9570246200607901]
2022-09-26 22:39:11,960 - INFO - ODIN TNR [0.7705673758865248]
2022-09-26 22:39:11,960 - INFO - ODIN AUOUT [0.9692697751732656]
2022-09-26 22:39:11,960 - INFO - OOD Dataset: balanced100-coarseood
2022-09-26 22:39:11,960 - INFO - MSP AUROC [0.9293847619047619]
2022-09-26 22:39:11,960 - INFO - MSP TNR [0.6133333333333333]
2022-09-26 22:39:11,960 - INFO - MSP AUOUT [0.7363317627084665]
2022-09-26 22:39:11,960 - INFO - ODIN AUROC [0.9672331428571428]
2022-09-26 22:39:11,960 - INFO - ODIN TNR [0.8240000000000001]
2022-09-26 22:39:11,960 - INFO - ODIN AUOUT [0.8139153555085131]
2022-09-26 22:39:11,960 - INFO - OOD Dataset: balanced100-mediumood
2022-09-26 22:39:11,960 - INFO - MSP AUROC [0.7029451428571429]
2022-09-26 22:39:11,960 - INFO - MSP TNR [0.18799999999999994]
2022-09-26 22:39:11,960 - INFO - MSP AUOUT [0.14697853013002637]
2022-09-26 22:39:11,960 - INFO - ODIN AUROC [0.7475725714285715]
2022-09-26 22:39:11,960 - INFO - ODIN TNR [0.20399999999999996]
2022-09-26 22:39:11,961 - INFO - ODIN AUOUT [0.17040479089324098]
2022-09-26 22:39:11,961 - INFO - OOD Dataset: balanced100-fineood
2022-09-26 22:39:11,961 - INFO - MSP AUROC [0.7275451428571429]
2022-09-26 22:39:11,961 - INFO - MSP TNR [0.22199999999999998]
2022-09-26 22:39:11,961 - INFO - MSP AUOUT [0.27290052504420914]
2022-09-26 22:39:11,961 - INFO - ODIN AUROC [0.7876794285714286]
2022-09-26 22:39:11,961 - INFO - ODIN TNR [0.252]
2022-09-26 22:39:11,961 - INFO - ODIN AUOUT [0.33536791049152315]
2022-09-26 22:39:11,961 - INFO - OOD Dataset: balanced100-finemediumood
2022-09-26 22:39:11,961 - INFO - MSP AUROC [0.7193451428571429]
2022-09-26 22:39:11,961 - INFO - MSP TNR [0.21066666666666667]
2022-09-26 22:39:11,961 - INFO - MSP AUOUT [0.3479423860766371]
2022-09-26 22:39:11,961 - INFO - ODIN AUROC [0.7743104761904762]
2022-09-26 22:39:11,961 - INFO - ODIN TNR [0.236]
2022-09-26 22:39:11,961 - INFO - ODIN AUOUT [0.4086835984693781]
