2022-04-28 10:33:17,147 - INFO - ==> Preparing data..
2022-04-28 10:33:17,448 - INFO - # ID Test: 4150
2022-04-28 10:33:17,448 - INFO - # OOD: 850
2022-04-28 10:33:17,476 - INFO - # iNaturalist: 10000
2022-04-28 10:33:17,503 - INFO - # SUN: 10000
2022-04-28 10:33:17,531 - INFO - # Places: 10000
2022-04-28 10:33:17,546 - INFO - # Textures: 5640
2022-04-28 10:33:17,549 - INFO - # coarseid-coarseood: 750
2022-04-28 10:33:17,549 - INFO - # coarseid-fineood: 100
2022-04-28 10:33:30,852 - INFO - Accuracy Results
2022-04-28 10:33:30,853 - INFO - Mean Synset Accuracy: 0.8535959124565125
2022-04-28 10:33:30,853 - INFO - Top-1 Accuracy: 0.7207229137420654
2022-04-28 10:33:30,853 - INFO - Pred Accuracy: 0.7284337282180786
2022-04-28 10:33:30,853 - INFO - Synset Accuracies:
2022-04-28 10:33:30,854 - INFO - [0.97542167 0.9306667  0.9467647  0.756      0.872      0.784
 0.916      0.938      0.89767444 0.992      0.808      0.92
 0.732      0.72       0.94736844 0.948      0.928      0.66
 0.835      0.784      0.708      0.812      0.668      0.896
 0.965     ]
2022-04-28 10:33:30,854 - INFO - Error Depth:
2022-04-28 10:33:30,854 - INFO - 	Num. Errors at Depth 0 = 36.0
2022-04-28 10:33:30,854 - INFO - 	Num. Errors at Depth 1 = 117.0
2022-04-28 10:33:30,854 - INFO - 	Num. Errors at Depth 2 = 336.0
2022-04-28 10:33:30,854 - INFO - 	Num. Errors at Depth 3 = 393.0
2022-04-28 10:33:30,854 - INFO - 	Num. Errors at Depth 4 = 174.0
2022-04-28 10:33:30,854 - INFO - 	Num. Errors at Depth 5 = 103.0
2022-04-28 10:33:30,854 - INFO - 	Num. Errors at Depth -1 = 2991.0
2022-04-28 10:33:30,854 - INFO - OOD Results
2022-04-28 10:33:43,034 - INFO - Computing OOD Statistics...
2022-04-28 10:34:01,921 - INFO - Computing OOD Statistics...
2022-04-28 10:34:26,994 - INFO - Computing OOD Statistics...
2022-04-28 10:34:45,425 - INFO - Computing OOD Statistics...
2022-04-28 10:34:56,886 - INFO - Computing OOD Statistics...
2022-04-28 10:35:00,426 - INFO - Computing OOD Statistics...
2022-04-28 10:35:02,673 - INFO - Computing OOD Statistics...
2022-04-28 10:35:02,711 - INFO - OOD Dataset: OOD
2022-04-28 10:35:02,711 - INFO - MSP AUROC Synset Performance
2022-04-28 10:35:02,711 - INFO - [-1, -1, -1, -1, -1, -1, -1, -1, -1, -1, -1, -1, -1, -1, -1, -1, -1, -1, -1, -1, -1, -1, -1, -1, -1, -0.0, 0.8205131112686038, 0.8493153791637137, 0.8857683912119065]
2022-04-28 10:35:02,711 - INFO - MSP TNR Synset Performance
2022-04-28 10:35:02,712 - INFO - [-1, -1, -1, -1, -1, -1, -1, -1, -1, -1, -1, -1, -1, -1, -1, -1, -1, -1, -1, -1, -1, -1, -1, -1, -1, 0.0, 0.21529411764705886, 0.3129411764705883, 0.4505882352941176]
2022-04-28 10:35:02,712 - INFO - MSP AUOUT Synset Performance
2022-04-28 10:35:02,712 - INFO - [-1, -1, -1, -1, -1, -1, -1, -1, -1, -1, -1, -1, -1, -1, -1, -1, -1, -1, -1, -1, -1, -1, -1, -1, -1, 0.09027322853919331, 0.4165490400852451, 0.504197393813544, 0.6188761835011894]
2022-04-28 10:35:02,712 - INFO - ODIN AUROC Synset Performance
2022-04-28 10:35:02,712 - INFO - [-1, -1, -1, -1, -1, -1, -1, -1, -1, -1, -1, -1, -1, -1, -1, -1, -1, -1, -1, -1, -1, -1, -1, -1, -1, -0.0, 0.5871909284195607, 0.5937539333805811, 0.5496881644223954]
2022-04-28 10:35:02,712 - INFO - ODIN TNR Synset Performance
2022-04-28 10:35:02,712 - INFO - [-1, -1, -1, -1, -1, -1, -1, -1, -1, -1, -1, -1, -1, -1, -1, -1, -1, -1, -1, -1, -1, -1, -1, -1, -1, 0.0, 0.15294117647058825, 0.028235294117647025, 0.07882352941176474]
2022-04-28 10:35:02,712 - INFO - ODIN AUOUT Synset Performance
2022-04-28 10:35:02,712 - INFO - [-1, -1, -1, -1, -1, -1, -1, -1, -1, -1, -1, -1, -1, -1, -1, -1, -1, -1, -1, -1, -1, -1, -1, -1, -1, 0.09027322853919331, 0.23977862024662605, 0.19153019494192808, 0.18421600456567105]
2022-04-28 10:35:02,712 - INFO - MSP Metrics using max activations accumulated across all appropriate synsets:
	AUROC -0.0
	TNR 0.0
	AUOUT 0.09027322853919331
2022-04-28 10:35:02,712 - INFO - ODIN Metrics using max activations accumulated across all appropriate synsets:
	AUROC -0.0
	TNR 0.0
	AUOUT 0.09027322853919331
2022-04-28 10:35:02,712 - INFO - MSP Metrics using max entropy along path:
	AUROC 0.8205131112686038
	TNR 0.21529411764705886
	AUOUT 0.4165490400852451
2022-04-28 10:35:02,712 - INFO - ODIN Metrics using max entropy along path:
	AUROC 0.5871909284195607
	TNR 0.15294117647058825
	AUOUT 0.23977862024662605
2022-04-28 10:35:02,712 - INFO - MSP Metrics using predicted activations:
	AUROC 0.8493153791637137
	TNR 0.3129411764705883
	AUOUT 0.504197393813544
2022-04-28 10:35:02,712 - INFO - ODIN Metrics using predicted activations:
	AUROC 0.5937539333805811
	TNR 0.028235294117647025
	AUOUT 0.19153019494192808
2022-04-28 10:35:02,712 - INFO - MSP Metrics using mean entropy along path:
	AUROC 0.8857683912119065
	TNR 0.4505882352941176
	AUOUT 0.6188761835011894
2022-04-28 10:35:02,712 - INFO - ODIN Metrics using mean entropy along path:
	AUROC 0.5496881644223954
	TNR 0.07882352941176474
	AUOUT 0.18421600456567105
2022-04-28 10:35:02,712 - INFO - MSP Metrics using min entropy along path:
	AUROC 0.9013641389085754
	TNR 0.5541176470588236
	AUOUT 0.6612823418924875
2022-04-28 10:35:02,712 - INFO - ODIN Metrics using min entropy along path:
	AUROC 0.8748331679659815
	TNR 0.4329411764705883
	AUOUT 0.5225484461739907
2022-04-28 10:35:02,713 - INFO - OOD Path entropy min idx (msp): [0. 1. 2. 3. 4. 5.], [354 252 163  63  17   1]
2022-04-28 10:35:02,713 - INFO - OOD Path entropy min idx (odin): [0. 3. 4.], [823  10  17]
2022-04-28 10:35:02,713 - INFO - OOD Dataset: iNaturalist
2022-04-28 10:35:02,713 - INFO - MSP AUROC Synset Performance
2022-04-28 10:35:02,713 - INFO - [-1, -1, -1, -1, -1, -1, -1, -1, -1, -1, -1, -1, -1, -1, -1, -1, -1, -1, -1, -1, -1, -1, -1, -1, -1, -0.0, 0.8752619759036145, 0.8875444819277108, 0.8907737349397591]
2022-04-28 10:35:02,713 - INFO - MSP TNR Synset Performance
2022-04-28 10:35:02,713 - INFO - [-1, -1, -1, -1, -1, -1, -1, -1, -1, -1, -1, -1, -1, -1, -1, -1, -1, -1, -1, -1, -1, -1, -1, -1, -1, 0.0, 0.359, 0.43600000000000005, 0.4133]
2022-04-28 10:35:02,713 - INFO - MSP AUOUT Synset Performance
2022-04-28 10:35:02,713 - INFO - [-1, -1, -1, -1, -1, -1, -1, -1, -1, -1, -1, -1, -1, -1, -1, -1, -1, -1, -1, -1, -1, -1, -1, -1, -1, 0.4909583878783369, 0.9285889556393168, 0.9400281348936071, 0.936410897968651]
2022-04-28 10:35:02,713 - INFO - ODIN AUROC Synset Performance
2022-04-28 10:35:02,713 - INFO - [-1, -1, -1, -1, -1, -1, -1, -1, -1, -1, -1, -1, -1, -1, -1, -1, -1, -1, -1, -1, -1, -1, -1, -1, -1, -0.0, 0.6911603855421687, 0.6085955421686746, 0.5551622891566266]
2022-04-28 10:35:02,713 - INFO - ODIN TNR Synset Performance
2022-04-28 10:35:02,713 - INFO - [-1, -1, -1, -1, -1, -1, -1, -1, -1, -1, -1, -1, -1, -1, -1, -1, -1, -1, -1, -1, -1, -1, -1, -1, -1, 0.0, 0.38070000000000004, 0.019100000000000006, 0.21519999999999995]
2022-04-28 10:35:02,713 - INFO - ODIN AUOUT Synset Performance
2022-04-28 10:35:02,713 - INFO - [-1, -1, -1, -1, -1, -1, -1, -1, -1, -1, -1, -1, -1, -1, -1, -1, -1, -1, -1, -1, -1, -1, -1, -1, -1, 0.4909583878783369, 0.8548649126696961, 0.7313434592574382, 0.7821596658104645]
2022-04-28 10:35:02,713 - INFO - MSP Metrics using max activations accumulated across all appropriate synsets:
	AUROC -0.0
	TNR 0.0
	AUOUT 0.4909583878783369
2022-04-28 10:35:02,713 - INFO - ODIN Metrics using max activations accumulated across all appropriate synsets:
	AUROC -0.0
	TNR 0.0
	AUOUT 0.4909583878783369
2022-04-28 10:35:02,713 - INFO - MSP Metrics using max entropy along path:
	AUROC 0.8752619759036145
	TNR 0.359
	AUOUT 0.9285889556393168
2022-04-28 10:35:02,713 - INFO - ODIN Metrics using max entropy along path:
	AUROC 0.6911603855421687
	TNR 0.38070000000000004
	AUOUT 0.8548649126696961
2022-04-28 10:35:02,714 - INFO - MSP Metrics using predicted activations:
	AUROC 0.8875444819277108
	TNR 0.43600000000000005
	AUOUT 0.9400281348936071
2022-04-28 10:35:02,714 - INFO - ODIN Metrics using predicted activations:
	AUROC 0.6085955421686746
	TNR 0.019100000000000006
	AUOUT 0.7313434592574382
2022-04-28 10:35:02,714 - INFO - MSP Metrics using mean entropy along path:
	AUROC 0.8907737349397591
	TNR 0.4133
	AUOUT 0.936410897968651
2022-04-28 10:35:02,714 - INFO - ODIN Metrics using mean entropy along path:
	AUROC 0.5551622891566266
	TNR 0.21519999999999995
	AUOUT 0.7821596658104645
2022-04-28 10:35:02,714 - INFO - MSP Metrics using min entropy along path:
	AUROC 0.8158152530120482
	TNR 0.15610000000000002
	AUOUT 0.8744046707047165
2022-04-28 10:35:02,714 - INFO - ODIN Metrics using min entropy along path:
	AUROC 0.6994386024096386
	TNR 0.06489999999999996
	AUOUT 0.7890749345387685
2022-04-28 10:35:02,714 - INFO - OOD Path entropy min idx (msp): [0. 1. 2. 3. 4. 5.], [7475  523  892  961  140    9]
2022-04-28 10:35:02,714 - INFO - OOD Path entropy min idx (odin): [0. 3. 4.], [9107  799   94]
2022-04-28 10:35:02,714 - INFO - OOD Dataset: SUN
2022-04-28 10:35:02,714 - INFO - MSP AUROC Synset Performance
2022-04-28 10:35:02,714 - INFO - [-1, -1, -1, -1, -1, -1, -1, -1, -1, -1, -1, -1, -1, -1, -1, -1, -1, -1, -1, -1, -1, -1, -1, -1, -1, -0.0, 0.8708443132530119, 0.8984899759036145, 0.9042574939759036]
2022-04-28 10:35:02,715 - INFO - MSP TNR Synset Performance
2022-04-28 10:35:02,715 - INFO - [-1, -1, -1, -1, -1, -1, -1, -1, -1, -1, -1, -1, -1, -1, -1, -1, -1, -1, -1, -1, -1, -1, -1, -1, -1, 0.0, 0.3284, 0.4656, 0.4263]
2022-04-28 10:35:02,715 - INFO - MSP AUOUT Synset Performance
2022-04-28 10:35:02,715 - INFO - [-1, -1, -1, -1, -1, -1, -1, -1, -1, -1, -1, -1, -1, -1, -1, -1, -1, -1, -1, -1, -1, -1, -1, -1, -1, 0.4909583878783369, 0.9218731029364284, 0.944398671247871, 0.9414747803762349]
2022-04-28 10:35:02,715 - INFO - ODIN AUROC Synset Performance
2022-04-28 10:35:02,715 - INFO - [-1, -1, -1, -1, -1, -1, -1, -1, -1, -1, -1, -1, -1, -1, -1, -1, -1, -1, -1, -1, -1, -1, -1, -1, -1, -0.0, 0.819935421686747, 0.7001829156626507, 0.714934048192771]
2022-04-28 10:35:02,715 - INFO - ODIN TNR Synset Performance
2022-04-28 10:35:02,715 - INFO - [-1, -1, -1, -1, -1, -1, -1, -1, -1, -1, -1, -1, -1, -1, -1, -1, -1, -1, -1, -1, -1, -1, -1, -1, -1, 0.0, 0.48, 0.0816, 0.24819999999999998]
2022-04-28 10:35:02,715 - INFO - ODIN AUOUT Synset Performance
2022-04-28 10:35:02,715 - INFO - [-1, -1, -1, -1, -1, -1, -1, -1, -1, -1, -1, -1, -1, -1, -1, -1, -1, -1, -1, -1, -1, -1, -1, -1, -1, 0.4909583878783369, 0.913767665906702, 0.804123403595359, 0.8462517561965444]
2022-04-28 10:35:02,715 - INFO - MSP Metrics using max activations accumulated across all appropriate synsets:
	AUROC -0.0
	TNR 0.0
	AUOUT 0.4909583878783369
2022-04-28 10:35:02,715 - INFO - ODIN Metrics using max activations accumulated across all appropriate synsets:
	AUROC -0.0
	TNR 0.0
	AUOUT 0.4909583878783369
2022-04-28 10:35:02,715 - INFO - MSP Metrics using max entropy along path:
	AUROC 0.8708443132530119
	TNR 0.3284
	AUOUT 0.9218731029364284
2022-04-28 10:35:02,715 - INFO - ODIN Metrics using max entropy along path:
	AUROC 0.819935421686747
	TNR 0.48
	AUOUT 0.913767665906702
2022-04-28 10:35:02,715 - INFO - MSP Metrics using predicted activations:
	AUROC 0.8984899759036145
	TNR 0.4656
	AUOUT 0.944398671247871
2022-04-28 10:35:02,715 - INFO - ODIN Metrics using predicted activations:
	AUROC 0.7001829156626507
	TNR 0.0816
	AUOUT 0.804123403595359
2022-04-28 10:35:02,715 - INFO - MSP Metrics using mean entropy along path:
	AUROC 0.9042574939759036
	TNR 0.4263
	AUOUT 0.9414747803762349
2022-04-28 10:35:02,715 - INFO - ODIN Metrics using mean entropy along path:
	AUROC 0.714934048192771
	TNR 0.24819999999999998
	AUOUT 0.8462517561965444
2022-04-28 10:35:02,715 - INFO - MSP Metrics using min entropy along path:
	AUROC 0.9018982891566264
	TNR 0.387
	AUOUT 0.9375260353778374
2022-04-28 10:35:02,715 - INFO - ODIN Metrics using min entropy along path:
	AUROC 0.8487134457831325
	TNR 0.26759999999999995
	AUOUT 0.8921446006404328
2022-04-28 10:35:02,716 - INFO - OOD Path entropy min idx (msp): [0. 1. 2. 3. 4. 5.], [4640 3188  953  790  344   85]
2022-04-28 10:35:02,716 - INFO - OOD Path entropy min idx (odin): [0. 3. 4.], [9570   91  339]
2022-04-28 10:35:02,716 - INFO - OOD Dataset: Places
2022-04-28 10:35:02,716 - INFO - MSP AUROC Synset Performance
2022-04-28 10:35:02,716 - INFO - [-1, -1, -1, -1, -1, -1, -1, -1, -1, -1, -1, -1, -1, -1, -1, -1, -1, -1, -1, -1, -1, -1, -1, -1, -1, -0.0, 0.8565520722891566, 0.8816865060240965, 0.8913776144578314]
2022-04-28 10:35:02,716 - INFO - MSP TNR Synset Performance
2022-04-28 10:35:02,716 - INFO - [-1, -1, -1, -1, -1, -1, -1, -1, -1, -1, -1, -1, -1, -1, -1, -1, -1, -1, -1, -1, -1, -1, -1, -1, -1, 0.0, 0.29700000000000004, 0.4034, 0.37949999999999995]
2022-04-28 10:35:02,716 - INFO - MSP AUOUT Synset Performance
2022-04-28 10:35:02,716 - INFO - [-1, -1, -1, -1, -1, -1, -1, -1, -1, -1, -1, -1, -1, -1, -1, -1, -1, -1, -1, -1, -1, -1, -1, -1, -1, 0.4909583878783369, 0.9144085689137724, 0.9342594367863368, 0.9343498328295226]
2022-04-28 10:35:02,716 - INFO - ODIN AUROC Synset Performance
2022-04-28 10:35:02,716 - INFO - [-1, -1, -1, -1, -1, -1, -1, -1, -1, -1, -1, -1, -1, -1, -1, -1, -1, -1, -1, -1, -1, -1, -1, -1, -1, -0.0, 0.7966087469879518, 0.6915697590361446, 0.7050353734939758]
2022-04-28 10:35:02,716 - INFO - ODIN TNR Synset Performance
2022-04-28 10:35:02,716 - INFO - [-1, -1, -1, -1, -1, -1, -1, -1, -1, -1, -1, -1, -1, -1, -1, -1, -1, -1, -1, -1, -1, -1, -1, -1, -1, 0.0, 0.44110000000000005, 0.08879999999999999, 0.26039999999999996]
2022-04-28 10:35:02,716 - INFO - ODIN AUOUT Synset Performance
2022-04-28 10:35:02,716 - INFO - [-1, -1, -1, -1, -1, -1, -1, -1, -1, -1, -1, -1, -1, -1, -1, -1, -1, -1, -1, -1, -1, -1, -1, -1, -1, 0.4909583878783369, 0.9031784955512658, 0.8019559046593784, 0.8462515767388725]
2022-04-28 10:35:02,716 - INFO - MSP Metrics using max activations accumulated across all appropriate synsets:
	AUROC -0.0
	TNR 0.0
	AUOUT 0.4909583878783369
2022-04-28 10:35:02,716 - INFO - ODIN Metrics using max activations accumulated across all appropriate synsets:
	AUROC -0.0
	TNR 0.0
	AUOUT 0.4909583878783369
2022-04-28 10:35:02,716 - INFO - MSP Metrics using max entropy along path:
	AUROC 0.8565520722891566
	TNR 0.29700000000000004
	AUOUT 0.9144085689137724
2022-04-28 10:35:02,716 - INFO - ODIN Metrics using max entropy along path:
	AUROC 0.7966087469879518
	TNR 0.44110000000000005
	AUOUT 0.9031784955512658
2022-04-28 10:35:02,716 - INFO - MSP Metrics using predicted activations:
	AUROC 0.8816865060240965
	TNR 0.4034
	AUOUT 0.9342594367863368
2022-04-28 10:35:02,716 - INFO - ODIN Metrics using predicted activations:
	AUROC 0.6915697590361446
	TNR 0.08879999999999999
	AUOUT 0.8019559046593784
2022-04-28 10:35:02,716 - INFO - MSP Metrics using mean entropy along path:
	AUROC 0.8913776144578314
	TNR 0.37949999999999995
	AUOUT 0.9343498328295226
2022-04-28 10:35:02,716 - INFO - ODIN Metrics using mean entropy along path:
	AUROC 0.7050353734939758
	TNR 0.26039999999999996
	AUOUT 0.8462515767388725
2022-04-28 10:35:02,717 - INFO - MSP Metrics using min entropy along path:
	AUROC 0.8910023373493975
	TNR 0.36829999999999996
	AUOUT 0.9327677726491395
2022-04-28 10:35:02,717 - INFO - ODIN Metrics using min entropy along path:
	AUROC 0.8384400481927711
	TNR 0.27480000000000004
	AUOUT 0.8887672471917802
2022-04-28 10:35:02,717 - INFO - OOD Path entropy min idx (msp): [0. 1. 2. 3. 4. 5.], [4493 3103 1038 1021  283   62]
2022-04-28 10:35:02,717 - INFO - OOD Path entropy min idx (odin): [0. 3. 4.], [9572  168  260]
2022-04-28 10:35:02,717 - INFO - OOD Dataset: Textures
2022-04-28 10:35:02,717 - INFO - MSP AUROC Synset Performance
2022-04-28 10:35:02,717 - INFO - [-1, -1, -1, -1, -1, -1, -1, -1, -1, -1, -1, -1, -1, -1, -1, -1, -1, -1, -1, -1, -1, -1, -1, -1, -1, -0.0, 0.8015574211740579, 0.8383953687088781, 0.856366401777322]
2022-04-28 10:35:02,717 - INFO - MSP TNR Synset Performance
2022-04-28 10:35:02,717 - INFO - [-1, -1, -1, -1, -1, -1, -1, -1, -1, -1, -1, -1, -1, -1, -1, -1, -1, -1, -1, -1, -1, -1, -1, -1, -1, 0.0, 0.21702127659574466, 0.3624113475177305, 0.36613475177304966]
2022-04-28 10:35:02,718 - INFO - MSP AUOUT Synset Performance
2022-04-28 10:35:02,718 - INFO - [-1, -1, -1, -1, -1, -1, -1, -1, -1, -1, -1, -1, -1, -1, -1, -1, -1, -1, -1, -1, -1, -1, -1, -1, -1, 0.36848395850775695, 0.8121530262092427, 0.8645697291023099, 0.8723442534564739]
2022-04-28 10:35:02,718 - INFO - ODIN AUROC Synset Performance
2022-04-28 10:35:02,718 - INFO - [-1, -1, -1, -1, -1, -1, -1, -1, -1, -1, -1, -1, -1, -1, -1, -1, -1, -1, -1, -1, -1, -1, -1, -1, -1, -0.0, 0.5909550542595916, 0.5020775869435188, 0.554519311287704]
2022-04-28 10:35:02,718 - INFO - ODIN TNR Synset Performance
2022-04-28 10:35:02,718 - INFO - [-1, -1, -1, -1, -1, -1, -1, -1, -1, -1, -1, -1, -1, -1, -1, -1, -1, -1, -1, -1, -1, -1, -1, -1, -1, 0.0, 0.23794326241134756, 0.030673758865248257, 0.19964539007092197]
2022-04-28 10:35:02,718 - INFO - ODIN AUOUT Synset Performance
2022-04-28 10:35:02,718 - INFO - [-1, -1, -1, -1, -1, -1, -1, -1, -1, -1, -1, -1, -1, -1, -1, -1, -1, -1, -1, -1, -1, -1, -1, -1, -1, 0.36848395850775695, 0.6983602476402001, 0.5606767362478593, 0.666052442805114]
2022-04-28 10:35:02,718 - INFO - MSP Metrics using max activations accumulated across all appropriate synsets:
	AUROC -0.0
	TNR 0.0
	AUOUT 0.36848395850775695
2022-04-28 10:35:02,718 - INFO - ODIN Metrics using max activations accumulated across all appropriate synsets:
	AUROC -0.0
	TNR 0.0
	AUOUT 0.36848395850775695
2022-04-28 10:35:02,718 - INFO - MSP Metrics using max entropy along path:
	AUROC 0.8015574211740579
	TNR 0.21702127659574466
	AUOUT 0.8121530262092427
2022-04-28 10:35:02,718 - INFO - ODIN Metrics using max entropy along path:
	AUROC 0.5909550542595916
	TNR 0.23794326241134756
	AUOUT 0.6983602476402001
2022-04-28 10:35:02,718 - INFO - MSP Metrics using predicted activations:
	AUROC 0.8383953687088781
	TNR 0.3624113475177305
	AUOUT 0.8645697291023099
2022-04-28 10:35:02,718 - INFO - ODIN Metrics using predicted activations:
	AUROC 0.5020775869435188
	TNR 0.030673758865248257
	AUOUT 0.5606767362478593
2022-04-28 10:35:02,718 - INFO - MSP Metrics using mean entropy along path:
	AUROC 0.856366401777322
	TNR 0.36613475177304966
	AUOUT 0.8723442534564739
2022-04-28 10:35:02,718 - INFO - ODIN Metrics using mean entropy along path:
	AUROC 0.554519311287704
	TNR 0.19964539007092197
	AUOUT 0.666052442805114
2022-04-28 10:35:02,718 - INFO - MSP Metrics using min entropy along path:
	AUROC 0.8551393659745363
	TNR 0.3789007092198582
	AUOUT 0.8730396829592982
2022-04-28 10:35:02,718 - INFO - ODIN Metrics using min entropy along path:
	AUROC 0.8376430829701786
	TNR 0.3156028368794326
	AUOUT 0.8290834213901784
2022-04-28 10:35:02,718 - INFO - OOD Path entropy min idx (msp): [0. 1. 2. 3. 4. 5.], [2367 1084 1195  836  136   22]
2022-04-28 10:35:02,719 - INFO - OOD Path entropy min idx (odin): [0. 3. 4.], [5232  292  116]
2022-04-28 10:35:02,719 - INFO - OOD Dataset: coarseid-coarseood
2022-04-28 10:35:02,719 - INFO - MSP AUROC Synset Performance
2022-04-28 10:35:02,719 - INFO - [-1, -1, -1, -1, -1, -1, -1, -1, -1, -1, -1, -1, -1, -1, -1, -1, -1, -1, -1, -1, -1, -1, -1, -1, -1, -0.0, 0.8383431325301205, 0.8695164658634538, 0.9126509236947791]
2022-04-28 10:35:02,719 - INFO - MSP TNR Synset Performance
2022-04-28 10:35:02,719 - INFO - [-1, -1, -1, -1, -1, -1, -1, -1, -1, -1, -1, -1, -1, -1, -1, -1, -1, -1, -1, -1, -1, -1, -1, -1, -1, 0.0, 0.22933333333333328, 0.3426666666666667, 0.4973333333333333]
2022-04-28 10:35:02,719 - INFO - MSP AUOUT Synset Performance
2022-04-28 10:35:02,719 - INFO - [-1, -1, -1, -1, -1, -1, -1, -1, -1, -1, -1, -1, -1, -1, -1, -1, -1, -1, -1, -1, -1, -1, -1, -1, -1, 0.08076464026187649, 0.4083426160060247, 0.5071832419363362, 0.6416864038062016]
2022-04-28 10:35:02,719 - INFO - ODIN AUROC Synset Performance
2022-04-28 10:35:02,719 - INFO - [-1, -1, -1, -1, -1, -1, -1, -1, -1, -1, -1, -1, -1, -1, -1, -1, -1, -1, -1, -1, -1, -1, -1, -1, -1, -0.0, 0.5629365461847389, 0.5904922088353413, 0.539339437751004]
2022-04-28 10:35:02,719 - INFO - ODIN TNR Synset Performance
2022-04-28 10:35:02,719 - INFO - [-1, -1, -1, -1, -1, -1, -1, -1, -1, -1, -1, -1, -1, -1, -1, -1, -1, -1, -1, -1, -1, -1, -1, -1, -1, 0.0, 0.15866666666666662, 0.02400000000000002, 0.08533333333333337]
2022-04-28 10:35:02,719 - INFO - ODIN AUOUT Synset Performance
2022-04-28 10:35:02,719 - INFO - [-1, -1, -1, -1, -1, -1, -1, -1, -1, -1, -1, -1, -1, -1, -1, -1, -1, -1, -1, -1, -1, -1, -1, -1, -1, 0.08076464026187649, 0.21011708497375378, 0.1704604570210448, 0.16723551652080565]
2022-04-28 10:35:02,719 - INFO - MSP Metrics using max activations accumulated across all appropriate synsets:
	AUROC -0.0
	TNR 0.0
	AUOUT 0.08076464026187649
2022-04-28 10:35:02,719 - INFO - ODIN Metrics using max activations accumulated across all appropriate synsets:
	AUROC -0.0
	TNR 0.0
	AUOUT 0.08076464026187649
2022-04-28 10:35:02,719 - INFO - MSP Metrics using max entropy along path:
	AUROC 0.8383431325301205
	TNR 0.22933333333333328
	AUOUT 0.4083426160060247
2022-04-28 10:35:02,719 - INFO - ODIN Metrics using max entropy along path:
	AUROC 0.5629365461847389
	TNR 0.15866666666666662
	AUOUT 0.21011708497375378
2022-04-28 10:35:02,719 - INFO - MSP Metrics using predicted activations:
	AUROC 0.8695164658634538
	TNR 0.3426666666666667
	AUOUT 0.5071832419363362
2022-04-28 10:35:02,719 - INFO - ODIN Metrics using predicted activations:
	AUROC 0.5904922088353413
	TNR 0.02400000000000002
	AUOUT 0.1704604570210448
2022-04-28 10:35:02,719 - INFO - MSP Metrics using mean entropy along path:
	AUROC 0.9126509236947791
	TNR 0.4973333333333333
	AUOUT 0.6416864038062016
2022-04-28 10:35:02,719 - INFO - ODIN Metrics using mean entropy along path:
	AUROC 0.539339437751004
	TNR 0.08533333333333337
	AUOUT 0.16723551652080565
2022-04-28 10:35:02,719 - INFO - MSP Metrics using min entropy along path:
	AUROC 0.932753734939759
	TNR 0.6226666666666667
	AUOUT 0.6933196970413257
2022-04-28 10:35:02,719 - INFO - ODIN Metrics using min entropy along path:
	AUROC 0.9112266666666666
	TNR 0.4853333333333333
	AUOUT 0.5403585661173717
2022-04-28 10:35:02,720 - INFO - OOD Path entropy min idx (msp): [0. 1. 2. 3. 4. 5.], [310 238 134  58   9   1]
2022-04-28 10:35:02,720 - INFO - OOD Path entropy min idx (odin): [0. 3. 4.], [728   8  14]
2022-04-28 10:35:02,720 - INFO - OOD Dataset: coarseid-fineood
2022-04-28 10:35:02,720 - INFO - MSP AUROC Synset Performance
2022-04-28 10:35:02,720 - INFO - [-1, -1, -1, -1, -1, -1, -1, -1, -1, -1, -1, -1, -1, -1, -1, -1, -1, -1, -1, -1, -1, -1, -1, -1, -1, -0.0, 0.6867855421686746, 0.6978072289156626, 0.6841493975903614]
2022-04-28 10:35:02,720 - INFO - MSP TNR Synset Performance
2022-04-28 10:35:02,720 - INFO - [-1, -1, -1, -1, -1, -1, -1, -1, -1, -1, -1, -1, -1, -1, -1, -1, -1, -1, -1, -1, -1, -1, -1, -1, -1, 0.0, 0.10999999999999999, 0.08999999999999997, 0.09999999999999998]
2022-04-28 10:35:02,720 - INFO - MSP AUOUT Synset Performance
2022-04-28 10:35:02,720 - INFO - [-1, -1, -1, -1, -1, -1, -1, -1, -1, -1, -1, -1, -1, -1, -1, -1, -1, -1, -1, -1, -1, -1, -1, -1, -1, 0.011858069872289425, 0.040938910731657646, 0.04113876734528951, 0.03633606581118007]
2022-04-28 10:35:02,720 - INFO - ODIN AUROC Synset Performance
2022-04-28 10:35:02,720 - INFO - [-1, -1, -1, -1, -1, -1, -1, -1, -1, -1, -1, -1, -1, -1, -1, -1, -1, -1, -1, -1, -1, -1, -1, -1, -1, -0.0, 0.7691469879518071, 0.6182192771084337, 0.6273397590361446]
2022-04-28 10:35:02,720 - INFO - ODIN TNR Synset Performance
2022-04-28 10:35:02,720 - INFO - [-1, -1, -1, -1, -1, -1, -1, -1, -1, -1, -1, -1, -1, -1, -1, -1, -1, -1, -1, -1, -1, -1, -1, -1, -1, 0.0, 0.10999999999999999, 0.06000000000000005, 0.030000000000000027]
2022-04-28 10:35:02,720 - INFO - ODIN AUOUT Synset Performance
2022-04-28 10:35:02,720 - INFO - [-1, -1, -1, -1, -1, -1, -1, -1, -1, -1, -1, -1, -1, -1, -1, -1, -1, -1, -1, -1, -1, -1, -1, -1, -1, 0.011858069872289425, 0.05751491102913936, 0.032066991969390536, 0.029539730714501684]
2022-04-28 10:35:02,720 - INFO - MSP Metrics using max activations accumulated across all appropriate synsets:
	AUROC -0.0
	TNR 0.0
	AUOUT 0.011858069872289425
2022-04-28 10:35:02,720 - INFO - ODIN Metrics using max activations accumulated across all appropriate synsets:
	AUROC -0.0
	TNR 0.0
	AUOUT 0.011858069872289425
2022-04-28 10:35:02,720 - INFO - MSP Metrics using max entropy along path:
	AUROC 0.6867855421686746
	TNR 0.10999999999999999
	AUOUT 0.040938910731657646
2022-04-28 10:35:02,720 - INFO - ODIN Metrics using max entropy along path:
	AUROC 0.7691469879518071
	TNR 0.10999999999999999
	AUOUT 0.05751491102913936
2022-04-28 10:35:02,720 - INFO - MSP Metrics using predicted activations:
	AUROC 0.6978072289156626
	TNR 0.08999999999999997
	AUOUT 0.04113876734528951
2022-04-28 10:35:02,720 - INFO - ODIN Metrics using predicted activations:
	AUROC 0.6182192771084337
	TNR 0.06000000000000005
	AUOUT 0.032066991969390536
2022-04-28 10:35:02,720 - INFO - MSP Metrics using mean entropy along path:
	AUROC 0.6841493975903614
	TNR 0.09999999999999998
	AUOUT 0.03633606581118007
2022-04-28 10:35:02,720 - INFO - ODIN Metrics using mean entropy along path:
	AUROC 0.6273397590361446
	TNR 0.030000000000000027
	AUOUT 0.029539730714501684
2022-04-28 10:35:02,720 - INFO - MSP Metrics using min entropy along path:
	AUROC 0.6659421686746988
	TNR 0.040000000000000036
	AUOUT 0.03297859314751147
2022-04-28 10:35:02,721 - INFO - ODIN Metrics using min entropy along path:
	AUROC 0.6018819277108434
	TNR 0.040000000000000036
	AUOUT 0.028052698192432016
2022-04-28 10:35:02,721 - INFO - OOD Path entropy min idx (msp): [0. 1. 2. 3. 4.], [44 14 29  5  8]
2022-04-28 10:35:02,721 - INFO - OOD Path entropy min idx (odin): [0. 3. 4.], [95  2  3]
2022-04-28 10:35:13,556 - INFO - Computing OOD Statistics...
2022-04-28 10:35:30,234 - INFO - Computing OOD Statistics...
2022-04-28 10:35:55,248 - INFO - Computing OOD Statistics...
2022-04-28 10:36:10,815 - INFO - Computing OOD Statistics...
2022-04-28 10:36:19,930 - INFO - Computing OOD Statistics...
2022-04-28 10:36:23,663 - INFO - Computing OOD Statistics...
2022-04-28 10:36:25,735 - INFO - Computing OOD Statistics...
2022-04-28 10:36:25,743 - INFO - OOD Dataset: OOD
2022-04-28 10:36:25,743 - INFO - MSP AUROC [0.6854100637845499]
2022-04-28 10:36:25,743 - INFO - MSP TNR [0.1517647058823529]
2022-04-28 10:36:25,743 - INFO - MSP AUOUT [0.28814763496327334]
2022-04-28 10:36:25,743 - INFO - ODIN AUROC [0.777589510985117]
2022-04-28 10:36:25,743 - INFO - ODIN TNR [0.20705882352941174]
2022-04-28 10:36:25,743 - INFO - ODIN AUOUT [0.3624149853155468]
2022-04-28 10:36:25,743 - INFO - OOD Dataset: iNaturalist
2022-04-28 10:36:25,743 - INFO - MSP AUROC [0.8156045783132531]
2022-04-28 10:36:25,743 - INFO - MSP TNR [0.33640000000000003]
2022-04-28 10:36:25,743 - INFO - MSP AUOUT [0.9029129871578163]
2022-04-28 10:36:25,743 - INFO - ODIN AUROC [0.8895759759036144]
2022-04-28 10:36:25,743 - INFO - ODIN TNR [0.4778]
2022-04-28 10:36:25,743 - INFO - ODIN AUOUT [0.9410689075976801]
2022-04-28 10:36:25,743 - INFO - OOD Dataset: SUN
2022-04-28 10:36:25,743 - INFO - MSP AUROC [0.7498567469879519]
2022-04-28 10:36:25,743 - INFO - MSP TNR [0.25370000000000004]
2022-04-28 10:36:25,743 - INFO - MSP AUOUT [0.8680890802786397]
2022-04-28 10:36:25,743 - INFO - ODIN AUROC [0.8462381927710844]
2022-04-28 10:36:25,743 - INFO - ODIN TNR [0.36860000000000004]
2022-04-28 10:36:25,743 - INFO - ODIN AUOUT [0.9169309398015543]
2022-04-28 10:36:25,743 - INFO - OOD Dataset: Places
2022-04-28 10:36:25,743 - INFO - MSP AUROC [0.7369514939759036]
2022-04-28 10:36:25,744 - INFO - MSP TNR [0.23250000000000004]
2022-04-28 10:36:25,744 - INFO - MSP AUOUT [0.8594838627915217]
2022-04-28 10:36:25,744 - INFO - ODIN AUROC [0.8308641927710843]
2022-04-28 10:36:25,744 - INFO - ODIN TNR [0.34119999999999995]
2022-04-28 10:36:25,744 - INFO - ODIN AUOUT [0.9084343497114068]
2022-04-28 10:36:25,744 - INFO - OOD Dataset: Textures
2022-04-28 10:36:25,744 - INFO - MSP AUROC [0.708513415363582]
2022-04-28 10:36:25,744 - INFO - MSP TNR [0.248758865248227]
2022-04-28 10:36:25,744 - INFO - MSP AUOUT [0.7738450767816025]
2022-04-28 10:36:25,744 - INFO - ODIN AUROC [0.7904933777663847]
2022-04-28 10:36:25,744 - INFO - ODIN TNR [0.3489361702127659]
2022-04-28 10:36:25,744 - INFO - ODIN AUOUT [0.8386877604359866]
2022-04-28 10:36:25,744 - INFO - OOD Dataset: coarseid-coarseood
2022-04-28 10:36:25,744 - INFO - MSP AUROC [0.6939081124497991]
2022-04-28 10:36:25,744 - INFO - MSP TNR [0.16000000000000003]
2022-04-28 10:36:25,744 - INFO - MSP AUOUT [0.27125889007561876]
2022-04-28 10:36:25,744 - INFO - ODIN AUROC [0.7921956626506024]
2022-04-28 10:36:25,744 - INFO - ODIN TNR [0.21999999999999997]
2022-04-28 10:36:25,744 - INFO - ODIN AUOUT [0.34842675195083983]
2022-04-28 10:36:25,744 - INFO - OOD Dataset: coarseid-fineood
2022-04-28 10:36:25,744 - INFO - MSP AUROC [0.6216722891566264]
2022-04-28 10:36:25,744 - INFO - MSP TNR [0.08999999999999997]
2022-04-28 10:36:25,744 - INFO - MSP AUOUT [0.03464550550028584]
2022-04-28 10:36:25,744 - INFO - ODIN AUROC [0.6680361445783133]
2022-04-28 10:36:25,744 - INFO - ODIN TNR [0.10999999999999999]
2022-04-28 10:36:25,744 - INFO - ODIN AUOUT [0.040498535294426326]
