2022-01-27 00:31:57,519 - INFO - ==> Preparing data..
2022-01-27 00:31:58,682 - INFO - # ID Test: 4150
2022-01-27 00:31:58,683 - INFO - # OOD: 850
2022-01-27 00:31:58,747 - INFO - # iNaturalist: 10000
2022-01-27 00:31:58,817 - INFO - # SUN: 10000
2022-01-27 00:31:58,973 - INFO - # Places: 10000
2022-01-27 00:31:59,072 - INFO - # Textures: 5640
2022-01-27 00:31:59,094 - INFO - # coarseid-coarseood: 750
2022-01-27 00:31:59,095 - INFO - # coarseid-fineood: 100
2022-01-27 00:32:39,269 - INFO - Accuracy Results
2022-01-27 00:32:39,271 - INFO - Mean Synset Accuracy: 0.8690043091773987
2022-01-27 00:32:39,271 - INFO - Top-1 Accuracy: 0.7713252902030945
2022-01-27 00:32:39,271 - INFO - Pred Accuracy: 0.7725301384925842
2022-01-27 00:32:39,271 - INFO - Synset Accuracies:
2022-01-27 00:32:39,272 - INFO - [0.9855422  0.94666666 0.97794116 0.724      0.852      0.808
 0.912      0.963      0.9395349  0.99       0.832      0.944
 0.784      0.752      0.96842104 0.96       0.928      0.712
 0.855      0.8        0.716      0.84       0.68       0.9
 0.955     ]
2022-01-27 00:32:39,272 - INFO - Error Depth:
2022-01-27 00:32:39,272 - INFO - 	Num. Errors at Depth 0 = 16.0
2022-01-27 00:32:39,272 - INFO - 	Num. Errors at Depth 1 = 57.0
2022-01-27 00:32:39,272 - INFO - 	Num. Errors at Depth 2 = 275.0
2022-01-27 00:32:39,272 - INFO - 	Num. Errors at Depth 3 = 360.0
2022-01-27 00:32:39,272 - INFO - 	Num. Errors at Depth 4 = 151.0
2022-01-27 00:32:39,272 - INFO - 	Num. Errors at Depth 5 = 90.0
2022-01-27 00:32:39,272 - INFO - 	Num. Errors at Depth -1 = 3201.0
2022-01-27 00:32:39,273 - INFO - OOD Results
2022-01-27 00:33:10,651 - INFO - Computing OOD Statistics...
2022-01-27 00:33:54,696 - INFO - Computing OOD Statistics...
2022-01-27 00:35:11,105 - INFO - Computing OOD Statistics...
2022-01-27 00:35:46,414 - INFO - Computing OOD Statistics...
2022-01-27 00:36:05,334 - INFO - Computing OOD Statistics...
2022-01-27 00:36:11,751 - INFO - Computing OOD Statistics...
2022-01-27 00:36:17,051 - INFO - Computing OOD Statistics...
2022-01-27 00:36:17,127 - INFO - OOD Dataset: OOD
2022-01-27 00:36:17,127 - INFO - MSP AUROC Synset Performance
2022-01-27 00:36:17,127 - INFO - [-1, -1, -1, -1, -1, -1, -1, -1, -1, -1, -1, -1, -1, -1, -1, -1, -1, -1, -1, -1, -1, -1, -1, -1, -1, -0.0, 0.857500779588944, 0.8821074415308292, 0.9182429482636428]
2022-01-27 00:36:17,128 - INFO - MSP TNR Synset Performance
2022-01-27 00:36:17,128 - INFO - [-1, -1, -1, -1, -1, -1, -1, -1, -1, -1, -1, -1, -1, -1, -1, -1, -1, -1, -1, -1, -1, -1, -1, -1, -1, 0.0, 0.30117647058823527, 0.4411764705882353, 0.6058823529411765]
2022-01-27 00:36:17,128 - INFO - MSP AUOUT Synset Performance
2022-01-27 00:36:17,128 - INFO - [-1, -1, -1, -1, -1, -1, -1, -1, -1, -1, -1, -1, -1, -1, -1, -1, -1, -1, -1, -1, -1, -1, -1, -1, -1, 0.09027322853919331, 0.48505986212580465, 0.59004798817743, 0.7171197540469374]
2022-01-27 00:36:17,128 - INFO - ODIN AUROC Synset Performance
2022-01-27 00:36:17,128 - INFO - [-1, -1, -1, -1, -1, -1, -1, -1, -1, -1, -1, -1, -1, -1, -1, -1, -1, -1, -1, -1, -1, -1, -1, -1, -1, -0.0, 0.5514415308291992, 0.5014063784549965, 0.5284714386959604]
2022-01-27 00:36:17,128 - INFO - ODIN TNR Synset Performance
2022-01-27 00:36:17,128 - INFO - [-1, -1, -1, -1, -1, -1, -1, -1, -1, -1, -1, -1, -1, -1, -1, -1, -1, -1, -1, -1, -1, -1, -1, -1, -1, 0.0, 0.11411764705882355, 0.0117647058823529, 0.06705882352941173]
2022-01-27 00:36:17,128 - INFO - ODIN AUOUT Synset Performance
2022-01-27 00:36:17,128 - INFO - [-1, -1, -1, -1, -1, -1, -1, -1, -1, -1, -1, -1, -1, -1, -1, -1, -1, -1, -1, -1, -1, -1, -1, -1, -1, 0.09027322853919331, 0.20672651356479638, 0.15376463756268238, 0.17940479281599164]
2022-01-27 00:36:17,128 - INFO - MSP Metrics using max activations accumulated across all appropriate synsets:
	AUROC -0.0
	TNR 0.0
	AUOUT 0.09027322853919331
2022-01-27 00:36:17,128 - INFO - ODIN Metrics using max activations accumulated across all appropriate synsets:
	AUROC -0.0
	TNR 0.0
	AUOUT 0.09027322853919331
2022-01-27 00:36:17,128 - INFO - MSP Metrics using max entropy along path:
	AUROC 0.857500779588944
	TNR 0.30117647058823527
	AUOUT 0.48505986212580465
2022-01-27 00:36:17,128 - INFO - ODIN Metrics using max entropy along path:
	AUROC 0.5514415308291992
	TNR 0.11411764705882355
	AUOUT 0.20672651356479638
2022-01-27 00:36:17,129 - INFO - MSP Metrics using predicted activations:
	AUROC 0.8821074415308292
	TNR 0.4411764705882353
	AUOUT 0.59004798817743
2022-01-27 00:36:17,129 - INFO - ODIN Metrics using predicted activations:
	AUROC 0.5014063784549965
	TNR 0.0117647058823529
	AUOUT 0.15376463756268238
2022-01-27 00:36:17,129 - INFO - MSP Metrics using mean entropy along path:
	AUROC 0.9182429482636428
	TNR 0.6058823529411765
	AUOUT 0.7171197540469374
2022-01-27 00:36:17,129 - INFO - ODIN Metrics using mean entropy along path:
	AUROC 0.5284714386959604
	TNR 0.06705882352941173
	AUOUT 0.17940479281599164
2022-01-27 00:36:17,129 - INFO - MSP Metrics using min entropy along path:
	AUROC 0.9244229624379872
	TNR 0.6870588235294117
	AUOUT 0.7513082244463656
2022-01-27 00:36:17,129 - INFO - ODIN Metrics using min entropy along path:
	AUROC 0.9143654145995748
	TNR 0.6023529411764705
	AUOUT 0.6466568405269884
2022-01-27 00:36:17,130 - INFO - OOD Path entropy min idx (msp): [0. 1. 2. 3. 4. 5.], [465 232 107  30  14   2]
2022-01-27 00:36:17,131 - INFO - OOD Path entropy min idx (odin): [0. 3. 4.], [826   5  19]
2022-01-27 00:36:17,131 - INFO - OOD Dataset: iNaturalist
2022-01-27 00:36:17,131 - INFO - MSP AUROC Synset Performance
2022-01-27 00:36:17,132 - INFO - [-1, -1, -1, -1, -1, -1, -1, -1, -1, -1, -1, -1, -1, -1, -1, -1, -1, -1, -1, -1, -1, -1, -1, -1, -1, -0.0, 0.8885549156626507, 0.9090209156626506, 0.9146043373493976]
2022-01-27 00:36:17,132 - INFO - MSP TNR Synset Performance
2022-01-27 00:36:17,132 - INFO - [-1, -1, -1, -1, -1, -1, -1, -1, -1, -1, -1, -1, -1, -1, -1, -1, -1, -1, -1, -1, -1, -1, -1, -1, -1, 0.0, 0.41090000000000004, 0.5506, 0.5252]
2022-01-27 00:36:17,133 - INFO - MSP AUOUT Synset Performance
2022-01-27 00:36:17,133 - INFO - [-1, -1, -1, -1, -1, -1, -1, -1, -1, -1, -1, -1, -1, -1, -1, -1, -1, -1, -1, -1, -1, -1, -1, -1, -1, 0.4909583878783369, 0.9356877537896188, 0.9541197012566877, 0.9524566016534779]
2022-01-27 00:36:17,133 - INFO - ODIN AUROC Synset Performance
2022-01-27 00:36:17,133 - INFO - [-1, -1, -1, -1, -1, -1, -1, -1, -1, -1, -1, -1, -1, -1, -1, -1, -1, -1, -1, -1, -1, -1, -1, -1, -1, -0.0, 0.6568196385542169, 0.5469002891566265, 0.49739448192771085]
2022-01-27 00:36:17,134 - INFO - ODIN TNR Synset Performance
2022-01-27 00:36:17,134 - INFO - [-1, -1, -1, -1, -1, -1, -1, -1, -1, -1, -1, -1, -1, -1, -1, -1, -1, -1, -1, -1, -1, -1, -1, -1, -1, 0.0, 0.36329999999999996, 0.010000000000000009, 0.1985]
2022-01-27 00:36:17,134 - INFO - ODIN AUOUT Synset Performance
2022-01-27 00:36:17,134 - INFO - [-1, -1, -1, -1, -1, -1, -1, -1, -1, -1, -1, -1, -1, -1, -1, -1, -1, -1, -1, -1, -1, -1, -1, -1, -1, 0.4909583878783369, 0.8360588705300493, 0.6907823219457125, 0.754137107707481]
2022-01-27 00:36:17,134 - INFO - MSP Metrics using max activations accumulated across all appropriate synsets:
	AUROC -0.0
	TNR 0.0
	AUOUT 0.4909583878783369
2022-01-27 00:36:17,134 - INFO - ODIN Metrics using max activations accumulated across all appropriate synsets:
	AUROC -0.0
	TNR 0.0
	AUOUT 0.4909583878783369
2022-01-27 00:36:17,134 - INFO - MSP Metrics using max entropy along path:
	AUROC 0.8885549156626507
	TNR 0.41090000000000004
	AUOUT 0.9356877537896188
2022-01-27 00:36:17,134 - INFO - ODIN Metrics using max entropy along path:
	AUROC 0.6568196385542169
	TNR 0.36329999999999996
	AUOUT 0.8360588705300493
2022-01-27 00:36:17,134 - INFO - MSP Metrics using predicted activations:
	AUROC 0.9090209156626506
	TNR 0.5506
	AUOUT 0.9541197012566877
2022-01-27 00:36:17,134 - INFO - ODIN Metrics using predicted activations:
	AUROC 0.5469002891566265
	TNR 0.010000000000000009
	AUOUT 0.6907823219457125
2022-01-27 00:36:17,134 - INFO - MSP Metrics using mean entropy along path:
	AUROC 0.9146043373493976
	TNR 0.5252
	AUOUT 0.9524566016534779
2022-01-27 00:36:17,134 - INFO - ODIN Metrics using mean entropy along path:
	AUROC 0.49739448192771085
	TNR 0.1985
	AUOUT 0.754137107707481
2022-01-27 00:36:17,135 - INFO - MSP Metrics using min entropy along path:
	AUROC 0.8601607951807227
	TNR 0.2852
	AUOUT 0.9121883834006361
2022-01-27 00:36:17,135 - INFO - ODIN Metrics using min entropy along path:
	AUROC 0.8028544819277108
	TNR 0.1613
	AUOUT 0.8675747284409308
2022-01-27 00:36:17,136 - INFO - OOD Path entropy min idx (msp): [0. 1. 2. 3. 4. 5.], [8074  670  636  546   71    3]
2022-01-27 00:36:17,136 - INFO - OOD Path entropy min idx (odin): [0. 3. 4.], [9302  620   78]
2022-01-27 00:36:17,136 - INFO - OOD Dataset: SUN
2022-01-27 00:36:17,136 - INFO - MSP AUROC Synset Performance
2022-01-27 00:36:17,137 - INFO - [-1, -1, -1, -1, -1, -1, -1, -1, -1, -1, -1, -1, -1, -1, -1, -1, -1, -1, -1, -1, -1, -1, -1, -1, -1, -0.0, 0.8759087228915663, 0.9180441927710844, 0.9263347951807229]
2022-01-27 00:36:17,137 - INFO - MSP TNR Synset Performance
2022-01-27 00:36:17,137 - INFO - [-1, -1, -1, -1, -1, -1, -1, -1, -1, -1, -1, -1, -1, -1, -1, -1, -1, -1, -1, -1, -1, -1, -1, -1, -1, 0.0, 0.3255, 0.5836, 0.5522]
2022-01-27 00:36:17,137 - INFO - MSP AUOUT Synset Performance
2022-01-27 00:36:17,137 - INFO - [-1, -1, -1, -1, -1, -1, -1, -1, -1, -1, -1, -1, -1, -1, -1, -1, -1, -1, -1, -1, -1, -1, -1, -1, -1, 0.4909583878783369, 0.9224688136534338, 0.9580363379007631, 0.9575542095263803]
2022-01-27 00:36:17,137 - INFO - ODIN AUROC Synset Performance
2022-01-27 00:36:17,137 - INFO - [-1, -1, -1, -1, -1, -1, -1, -1, -1, -1, -1, -1, -1, -1, -1, -1, -1, -1, -1, -1, -1, -1, -1, -1, -1, -0.0, 0.7975425542168675, 0.6172149156626506, 0.6885858313253013]
2022-01-27 00:36:17,137 - INFO - ODIN TNR Synset Performance
2022-01-27 00:36:17,137 - INFO - [-1, -1, -1, -1, -1, -1, -1, -1, -1, -1, -1, -1, -1, -1, -1, -1, -1, -1, -1, -1, -1, -1, -1, -1, -1, 0.0, 0.532, 0.026800000000000046, 0.27470000000000006]
2022-01-27 00:36:17,137 - INFO - ODIN AUOUT Synset Performance
2022-01-27 00:36:17,137 - INFO - [-1, -1, -1, -1, -1, -1, -1, -1, -1, -1, -1, -1, -1, -1, -1, -1, -1, -1, -1, -1, -1, -1, -1, -1, -1, 0.4909583878783369, 0.9103564600274604, 0.7396773312954513, 0.8351199930987538]
2022-01-27 00:36:17,137 - INFO - MSP Metrics using max activations accumulated across all appropriate synsets:
	AUROC -0.0
	TNR 0.0
	AUOUT 0.4909583878783369
2022-01-27 00:36:17,137 - INFO - ODIN Metrics using max activations accumulated across all appropriate synsets:
	AUROC -0.0
	TNR 0.0
	AUOUT 0.4909583878783369
2022-01-27 00:36:17,137 - INFO - MSP Metrics using max entropy along path:
	AUROC 0.8759087228915663
	TNR 0.3255
	AUOUT 0.9224688136534338
2022-01-27 00:36:17,137 - INFO - ODIN Metrics using max entropy along path:
	AUROC 0.7975425542168675
	TNR 0.532
	AUOUT 0.9103564600274604
2022-01-27 00:36:17,137 - INFO - MSP Metrics using predicted activations:
	AUROC 0.9180441927710844
	TNR 0.5836
	AUOUT 0.9580363379007631
2022-01-27 00:36:17,138 - INFO - ODIN Metrics using predicted activations:
	AUROC 0.6172149156626506
	TNR 0.026800000000000046
	AUOUT 0.7396773312954513
2022-01-27 00:36:17,138 - INFO - MSP Metrics using mean entropy along path:
	AUROC 0.9263347951807229
	TNR 0.5522
	AUOUT 0.9575542095263803
2022-01-27 00:36:17,138 - INFO - ODIN Metrics using mean entropy along path:
	AUROC 0.6885858313253013
	TNR 0.27470000000000006
	AUOUT 0.8351199930987538
2022-01-27 00:36:17,138 - INFO - MSP Metrics using min entropy along path:
	AUROC 0.9324858072289155
	TNR 0.5824
	AUOUT 0.9605510361799291
2022-01-27 00:36:17,138 - INFO - ODIN Metrics using min entropy along path:
	AUROC 0.928424313253012
	TNR 0.5368999999999999
	AUOUT 0.9464977162946604
2022-01-27 00:36:17,139 - INFO - OOD Path entropy min idx (msp): [0. 1. 2. 3. 4. 5.], [4380 4238  769  419  189    5]
2022-01-27 00:36:17,139 - INFO - OOD Path entropy min idx (odin): [0. 3. 4.], [9531   82  387]
2022-01-27 00:36:17,139 - INFO - OOD Dataset: Places
2022-01-27 00:36:17,139 - INFO - MSP AUROC Synset Performance
2022-01-27 00:36:17,139 - INFO - [-1, -1, -1, -1, -1, -1, -1, -1, -1, -1, -1, -1, -1, -1, -1, -1, -1, -1, -1, -1, -1, -1, -1, -1, -1, -0.0, 0.8595676626506024, 0.9020571807228915, 0.9132699277108434]
2022-01-27 00:36:17,139 - INFO - MSP TNR Synset Performance
2022-01-27 00:36:17,139 - INFO - [-1, -1, -1, -1, -1, -1, -1, -1, -1, -1, -1, -1, -1, -1, -1, -1, -1, -1, -1, -1, -1, -1, -1, -1, -1, 0.0, 0.2923, 0.5317000000000001, 0.5144]
2022-01-27 00:36:17,139 - INFO - MSP AUOUT Synset Performance
2022-01-27 00:36:17,139 - INFO - [-1, -1, -1, -1, -1, -1, -1, -1, -1, -1, -1, -1, -1, -1, -1, -1, -1, -1, -1, -1, -1, -1, -1, -1, -1, 0.4909583878783369, 0.9121851887027681, 0.9495721573977335, 0.9515780128552309]
2022-01-27 00:36:17,139 - INFO - ODIN AUROC Synset Performance
2022-01-27 00:36:17,139 - INFO - [-1, -1, -1, -1, -1, -1, -1, -1, -1, -1, -1, -1, -1, -1, -1, -1, -1, -1, -1, -1, -1, -1, -1, -1, -1, -0.0, 0.764254674698795, 0.5997378072289157, 0.6734578554216868]
2022-01-27 00:36:17,139 - INFO - ODIN TNR Synset Performance
2022-01-27 00:36:17,139 - INFO - [-1, -1, -1, -1, -1, -1, -1, -1, -1, -1, -1, -1, -1, -1, -1, -1, -1, -1, -1, -1, -1, -1, -1, -1, -1, 0.0, 0.4677, 0.02949999999999997, 0.27080000000000004]
2022-01-27 00:36:17,139 - INFO - ODIN AUOUT Synset Performance
2022-01-27 00:36:17,139 - INFO - [-1, -1, -1, -1, -1, -1, -1, -1, -1, -1, -1, -1, -1, -1, -1, -1, -1, -1, -1, -1, -1, -1, -1, -1, -1, 0.4909583878783369, 0.8938274148983092, 0.7343748479452691, 0.8304503323501407]
2022-01-27 00:36:17,139 - INFO - MSP Metrics using max activations accumulated across all appropriate synsets:
	AUROC -0.0
	TNR 0.0
	AUOUT 0.4909583878783369
2022-01-27 00:36:17,140 - INFO - ODIN Metrics using max activations accumulated across all appropriate synsets:
	AUROC -0.0
	TNR 0.0
	AUOUT 0.4909583878783369
2022-01-27 00:36:17,140 - INFO - MSP Metrics using max entropy along path:
	AUROC 0.8595676626506024
	TNR 0.2923
	AUOUT 0.9121851887027681
2022-01-27 00:36:17,140 - INFO - ODIN Metrics using max entropy along path:
	AUROC 0.764254674698795
	TNR 0.4677
	AUOUT 0.8938274148983092
2022-01-27 00:36:17,140 - INFO - MSP Metrics using predicted activations:
	AUROC 0.9020571807228915
	TNR 0.5317000000000001
	AUOUT 0.9495721573977335
2022-01-27 00:36:17,140 - INFO - ODIN Metrics using predicted activations:
	AUROC 0.5997378072289157
	TNR 0.02949999999999997
	AUOUT 0.7343748479452691
2022-01-27 00:36:17,140 - INFO - MSP Metrics using mean entropy along path:
	AUROC 0.9132699277108434
	TNR 0.5144
	AUOUT 0.9515780128552309
2022-01-27 00:36:17,140 - INFO - ODIN Metrics using mean entropy along path:
	AUROC 0.6734578554216868
	TNR 0.27080000000000004
	AUOUT 0.8304503323501407
2022-01-27 00:36:17,140 - INFO - MSP Metrics using min entropy along path:
	AUROC 0.9143893975903614
	TNR 0.5579000000000001
	AUOUT 0.953768998186687
2022-01-27 00:36:17,140 - INFO - ODIN Metrics using min entropy along path:
	AUROC 0.9164193975903615
	TNR 0.5391
	AUOUT 0.9426482900084234
2022-01-27 00:36:17,141 - INFO - OOD Path entropy min idx (msp): [0. 1. 2. 3. 4. 5.], [4318 4167  844  498  165    8]
2022-01-27 00:36:17,141 - INFO - OOD Path entropy min idx (odin): [0. 3. 4.], [9568  122  310]
2022-01-27 00:36:17,141 - INFO - OOD Dataset: Textures
2022-01-27 00:36:17,141 - INFO - MSP AUROC Synset Performance
2022-01-27 00:36:17,141 - INFO - [-1, -1, -1, -1, -1, -1, -1, -1, -1, -1, -1, -1, -1, -1, -1, -1, -1, -1, -1, -1, -1, -1, -1, -1, -1, -0.0, 0.8332165256771767, 0.8770811757668975, 0.8986724344185251]
2022-01-27 00:36:17,141 - INFO - MSP TNR Synset Performance
2022-01-27 00:36:17,141 - INFO - [-1, -1, -1, -1, -1, -1, -1, -1, -1, -1, -1, -1, -1, -1, -1, -1, -1, -1, -1, -1, -1, -1, -1, -1, -1, 0.0, 0.2831560283687943, 0.5097517730496454, 0.5430851063829787]
2022-01-27 00:36:17,141 - INFO - MSP AUOUT Synset Performance
2022-01-27 00:36:17,141 - INFO - [-1, -1, -1, -1, -1, -1, -1, -1, -1, -1, -1, -1, -1, -1, -1, -1, -1, -1, -1, -1, -1, -1, -1, -1, -1, 0.36848395850775695, 0.8451476796949631, 0.9043265096417663, 0.9176348726964175]
2022-01-27 00:36:17,141 - INFO - ODIN AUROC Synset Performance
2022-01-27 00:36:17,141 - INFO - [-1, -1, -1, -1, -1, -1, -1, -1, -1, -1, -1, -1, -1, -1, -1, -1, -1, -1, -1, -1, -1, -1, -1, -1, -1, -0.0, 0.616166581218491, 0.5513340596428267, 0.5667607023840041]
2022-01-27 00:36:17,141 - INFO - ODIN TNR Synset Performance
2022-01-27 00:36:17,141 - INFO - [-1, -1, -1, -1, -1, -1, -1, -1, -1, -1, -1, -1, -1, -1, -1, -1, -1, -1, -1, -1, -1, -1, -1, -1, -1, 0.0, 0.3175531914893617, 0.029432624113475137, 0.2540780141843971]
2022-01-27 00:36:17,142 - INFO - ODIN AUOUT Synset Performance
2022-01-27 00:36:17,142 - INFO - [-1, -1, -1, -1, -1, -1, -1, -1, -1, -1, -1, -1, -1, -1, -1, -1, -1, -1, -1, -1, -1, -1, -1, -1, -1, 0.36848395850775695, 0.7301030840162395, 0.5849441931931121, 0.687601858110005]
2022-01-27 00:36:17,142 - INFO - MSP Metrics using max activations accumulated across all appropriate synsets:
	AUROC -0.0
	TNR 0.0
	AUOUT 0.36848395850775695
2022-01-27 00:36:17,142 - INFO - ODIN Metrics using max activations accumulated across all appropriate synsets:
	AUROC -0.0
	TNR 0.0
	AUOUT 0.36848395850775695
2022-01-27 00:36:17,142 - INFO - MSP Metrics using max entropy along path:
	AUROC 0.8332165256771767
	TNR 0.2831560283687943
	AUOUT 0.8451476796949631
2022-01-27 00:36:17,142 - INFO - ODIN Metrics using max entropy along path:
	AUROC 0.616166581218491
	TNR 0.3175531914893617
	AUOUT 0.7301030840162395
2022-01-27 00:36:17,142 - INFO - MSP Metrics using predicted activations:
	AUROC 0.8770811757668975
	TNR 0.5097517730496454
	AUOUT 0.9043265096417663
2022-01-27 00:36:17,142 - INFO - ODIN Metrics using predicted activations:
	AUROC 0.5513340596428267
	TNR 0.029432624113475137
	AUOUT 0.5849441931931121
2022-01-27 00:36:17,142 - INFO - MSP Metrics using mean entropy along path:
	AUROC 0.8986724344185251
	TNR 0.5430851063829787
	AUOUT 0.9176348726964175
2022-01-27 00:36:17,142 - INFO - ODIN Metrics using mean entropy along path:
	AUROC 0.5667607023840041
	TNR 0.2540780141843971
	AUOUT 0.687601858110005
2022-01-27 00:36:17,142 - INFO - MSP Metrics using min entropy along path:
	AUROC 0.9279439887208407
	TNR 0.6281914893617021
	AUOUT 0.9361744638432931
2022-01-27 00:36:17,142 - INFO - ODIN Metrics using min entropy along path:
	AUROC 0.9159028454242502
	TNR 0.5429078014184396
	AUOUT 0.9061999330429086
2022-01-27 00:36:17,143 - INFO - OOD Path entropy min idx (msp): [0. 1. 2. 3. 4. 5.], [2824 1231  913  539  128    5]
2022-01-27 00:36:17,143 - INFO - OOD Path entropy min idx (odin): [0. 3. 4.], [5209  299  132]
2022-01-27 00:36:17,143 - INFO - OOD Dataset: coarseid-coarseood
2022-01-27 00:36:17,143 - INFO - MSP AUROC Synset Performance
2022-01-27 00:36:17,143 - INFO - [-1, -1, -1, -1, -1, -1, -1, -1, -1, -1, -1, -1, -1, -1, -1, -1, -1, -1, -1, -1, -1, -1, -1, -1, -1, -0.0, 0.8724963855421686, 0.9008359839357429, 0.9431469879518073]
2022-01-27 00:36:17,144 - INFO - MSP TNR Synset Performance
2022-01-27 00:36:17,144 - INFO - [-1, -1, -1, -1, -1, -1, -1, -1, -1, -1, -1, -1, -1, -1, -1, -1, -1, -1, -1, -1, -1, -1, -1, -1, -1, 0.0, 0.32133333333333336, 0.4786666666666667, 0.6773333333333333]
2022-01-27 00:36:17,144 - INFO - MSP AUOUT Synset Performance
2022-01-27 00:36:17,144 - INFO - [-1, -1, -1, -1, -1, -1, -1, -1, -1, -1, -1, -1, -1, -1, -1, -1, -1, -1, -1, -1, -1, -1, -1, -1, -1, 0.08076464026187649, 0.479339290397646, 0.5972425646138763, 0.746983520890308]
2022-01-27 00:36:17,144 - INFO - ODIN AUROC Synset Performance
2022-01-27 00:36:17,144 - INFO - [-1, -1, -1, -1, -1, -1, -1, -1, -1, -1, -1, -1, -1, -1, -1, -1, -1, -1, -1, -1, -1, -1, -1, -1, -1, -0.0, 0.5178258634538153, 0.48240289156626504, 0.5115322088353413]
2022-01-27 00:36:17,144 - INFO - ODIN TNR Synset Performance
2022-01-27 00:36:17,144 - INFO - [-1, -1, -1, -1, -1, -1, -1, -1, -1, -1, -1, -1, -1, -1, -1, -1, -1, -1, -1, -1, -1, -1, -1, -1, -1, 0.0, 0.10933333333333328, 0.002666666666666706, 0.07199999999999995]
2022-01-27 00:36:17,144 - INFO - ODIN AUOUT Synset Performance
2022-01-27 00:36:17,144 - INFO - [-1, -1, -1, -1, -1, -1, -1, -1, -1, -1, -1, -1, -1, -1, -1, -1, -1, -1, -1, -1, -1, -1, -1, -1, -1, 0.08076464026187649, 0.17572349336553444, 0.13265609518112526, 0.1625387491689783]
2022-01-27 00:36:17,144 - INFO - MSP Metrics using max activations accumulated across all appropriate synsets:
	AUROC -0.0
	TNR 0.0
	AUOUT 0.08076464026187649
2022-01-27 00:36:17,144 - INFO - ODIN Metrics using max activations accumulated across all appropriate synsets:
	AUROC -0.0
	TNR 0.0
	AUOUT 0.08076464026187649
2022-01-27 00:36:17,144 - INFO - MSP Metrics using max entropy along path:
	AUROC 0.8724963855421686
	TNR 0.32133333333333336
	AUOUT 0.479339290397646
2022-01-27 00:36:17,144 - INFO - ODIN Metrics using max entropy along path:
	AUROC 0.5178258634538153
	TNR 0.10933333333333328
	AUOUT 0.17572349336553444
2022-01-27 00:36:17,144 - INFO - MSP Metrics using predicted activations:
	AUROC 0.9008359839357429
	TNR 0.4786666666666667
	AUOUT 0.5972425646138763
2022-01-27 00:36:17,144 - INFO - ODIN Metrics using predicted activations:
	AUROC 0.48240289156626504
	TNR 0.002666666666666706
	AUOUT 0.13265609518112526
2022-01-27 00:36:17,145 - INFO - MSP Metrics using mean entropy along path:
	AUROC 0.9431469879518073
	TNR 0.6773333333333333
	AUOUT 0.746983520890308
2022-01-27 00:36:17,145 - INFO - ODIN Metrics using mean entropy along path:
	AUROC 0.5115322088353413
	TNR 0.07199999999999995
	AUOUT 0.1625387491689783
2022-01-27 00:36:17,145 - INFO - MSP Metrics using min entropy along path:
	AUROC 0.96418859437751
	TNR 0.7746666666666666
	AUOUT 0.7959461016103325
2022-01-27 00:36:17,145 - INFO - ODIN Metrics using min entropy along path:
	AUROC 0.9507881124497992
	TNR 0.6733333333333333
	AUOUT 0.6739855720609993
2022-01-27 00:36:17,145 - INFO - OOD Path entropy min idx (msp): [0. 1. 2. 3. 4. 5.], [425 202  87  21  13   2]
2022-01-27 00:36:17,146 - INFO - OOD Path entropy min idx (odin): [0. 3. 4.], [728   5  17]
2022-01-27 00:36:17,146 - INFO - OOD Dataset: coarseid-fineood
2022-01-27 00:36:17,146 - INFO - MSP AUROC Synset Performance
2022-01-27 00:36:17,146 - INFO - [-1, -1, -1, -1, -1, -1, -1, -1, -1, -1, -1, -1, -1, -1, -1, -1, -1, -1, -1, -1, -1, -1, -1, -1, -1, -0.0, 0.7450361445783132, 0.7416433734939758, 0.7314626506024096]
2022-01-27 00:36:17,146 - INFO - MSP TNR Synset Performance
2022-01-27 00:36:17,146 - INFO - [-1, -1, -1, -1, -1, -1, -1, -1, -1, -1, -1, -1, -1, -1, -1, -1, -1, -1, -1, -1, -1, -1, -1, -1, -1, 0.0, 0.15000000000000002, 0.16000000000000003, 0.06999999999999995]
2022-01-27 00:36:17,146 - INFO - MSP AUOUT Synset Performance
2022-01-27 00:36:17,146 - INFO - [-1, -1, -1, -1, -1, -1, -1, -1, -1, -1, -1, -1, -1, -1, -1, -1, -1, -1, -1, -1, -1, -1, -1, -1, -1, 0.011858069872289425, 0.05058135838795952, 0.0537335945794933, 0.0450248565076338]
2022-01-27 00:36:17,146 - INFO - ODIN AUROC Synset Performance
2022-01-27 00:36:17,146 - INFO - [-1, -1, -1, -1, -1, -1, -1, -1, -1, -1, -1, -1, -1, -1, -1, -1, -1, -1, -1, -1, -1, -1, -1, -1, -1, -0.0, 0.803621686746988, 0.6439325301204819, 0.6554939759036145]
2022-01-27 00:36:17,146 - INFO - ODIN TNR Synset Performance
2022-01-27 00:36:17,146 - INFO - [-1, -1, -1, -1, -1, -1, -1, -1, -1, -1, -1, -1, -1, -1, -1, -1, -1, -1, -1, -1, -1, -1, -1, -1, -1, 0.0, 0.15000000000000002, 0.07999999999999996, 0.030000000000000027]
2022-01-27 00:36:17,147 - INFO - ODIN AUOUT Synset Performance
2022-01-27 00:36:17,147 - INFO - [-1, -1, -1, -1, -1, -1, -1, -1, -1, -1, -1, -1, -1, -1, -1, -1, -1, -1, -1, -1, -1, -1, -1, -1, -1, 0.011858069872289425, 0.06383951500508897, 0.035938428330014906, 0.03166493717555888]
2022-01-27 00:36:17,147 - INFO - MSP Metrics using max activations accumulated across all appropriate synsets:
	AUROC -0.0
	TNR 0.0
	AUOUT 0.011858069872289425
2022-01-27 00:36:17,147 - INFO - ODIN Metrics using max activations accumulated across all appropriate synsets:
	AUROC -0.0
	TNR 0.0
	AUOUT 0.011858069872289425
2022-01-27 00:36:17,147 - INFO - MSP Metrics using max entropy along path:
	AUROC 0.7450361445783132
	TNR 0.15000000000000002
	AUOUT 0.05058135838795952
2022-01-27 00:36:17,147 - INFO - ODIN Metrics using max entropy along path:
	AUROC 0.803621686746988
	TNR 0.15000000000000002
	AUOUT 0.06383951500508897
2022-01-27 00:36:17,147 - INFO - MSP Metrics using predicted activations:
	AUROC 0.7416433734939758
	TNR 0.16000000000000003
	AUOUT 0.0537335945794933
2022-01-27 00:36:17,147 - INFO - ODIN Metrics using predicted activations:
	AUROC 0.6439325301204819
	TNR 0.07999999999999996
	AUOUT 0.035938428330014906
2022-01-27 00:36:17,147 - INFO - MSP Metrics using mean entropy along path:
	AUROC 0.7314626506024096
	TNR 0.06999999999999995
	AUOUT 0.0450248565076338
2022-01-27 00:36:17,147 - INFO - ODIN Metrics using mean entropy along path:
	AUROC 0.6554939759036145
	TNR 0.030000000000000027
	AUOUT 0.03166493717555888
2022-01-27 00:36:17,147 - INFO - MSP Metrics using min entropy along path:
	AUROC 0.626178313253012
	TNR 0.030000000000000027
	AUOUT 0.031714110855434054
2022-01-27 00:36:17,147 - INFO - ODIN Metrics using min entropy along path:
	AUROC 0.6411710843373494
	TNR 0.06999999999999995
	AUOUT 0.03518512932043118
2022-01-27 00:36:17,148 - INFO - OOD Path entropy min idx (msp): [0. 1. 2. 3. 4.], [40 30 20  9  1]
2022-01-27 00:36:17,148 - INFO - OOD Path entropy min idx (odin): [0. 4.], [98  2]
2022-01-27 00:36:36,416 - INFO - Computing OOD Statistics...
2022-01-27 00:37:08,101 - INFO - Computing OOD Statistics...
2022-01-27 00:38:11,651 - INFO - Computing OOD Statistics...
2022-01-27 00:38:38,378 - INFO - Computing OOD Statistics...
2022-01-27 00:38:53,618 - INFO - Computing OOD Statistics...
2022-01-27 00:39:00,798 - INFO - Computing OOD Statistics...
2022-01-27 00:39:08,151 - INFO - Computing OOD Statistics...
2022-01-27 00:39:08,165 - INFO - OOD Dataset: OOD
2022-01-27 00:39:08,166 - INFO - MSP AUROC [0.8609505315379163]
2022-01-27 00:39:08,166 - INFO - MSP TNR [0.45999999999999996]
2022-01-27 00:39:08,167 - INFO - MSP AUOUT [0.5906702130542476]
2022-01-27 00:39:08,167 - INFO - ODIN AUROC [0.8905638554216868]
2022-01-27 00:39:08,167 - INFO - ODIN TNR [0.49764705882352944]
2022-01-27 00:39:08,167 - INFO - ODIN AUOUT [0.6280071148051394]
2022-01-27 00:39:08,168 - INFO - OOD Dataset: iNaturalist
2022-01-27 00:39:08,168 - INFO - MSP AUROC [0.8875818313253011]
2022-01-27 00:39:08,168 - INFO - MSP TNR [0.45589999999999997]
2022-01-27 00:39:08,168 - INFO - MSP AUOUT [0.9415223708387147]
2022-01-27 00:39:08,169 - INFO - ODIN AUROC [0.9253898313253012]
2022-01-27 00:39:08,169 - INFO - ODIN TNR [0.5488]
2022-01-27 00:39:08,169 - INFO - ODIN AUOUT [0.9604115210466746]
2022-01-27 00:39:08,169 - INFO - OOD Dataset: SUN
2022-01-27 00:39:08,169 - INFO - MSP AUROC [0.8833210843373492]
2022-01-27 00:39:08,170 - INFO - MSP TNR [0.4576]
2022-01-27 00:39:08,170 - INFO - MSP AUOUT [0.9400201454387193]
2022-01-27 00:39:08,170 - INFO - ODIN AUROC [0.9139222891566264]
2022-01-27 00:39:08,170 - INFO - ODIN TNR [0.5196000000000001]
2022-01-27 00:39:08,171 - INFO - ODIN AUOUT [0.9548214935707466]
2022-01-27 00:39:08,171 - INFO - OOD Dataset: Places
2022-01-27 00:39:08,171 - INFO - MSP AUROC [0.8586854698795181]
2022-01-27 00:39:08,171 - INFO - MSP TNR [0.42069999999999996]
2022-01-27 00:39:08,172 - INFO - MSP AUOUT [0.9292570325762175]
2022-01-27 00:39:08,172 - INFO - ODIN AUROC [0.8893135180722893]
2022-01-27 00:39:08,172 - INFO - ODIN TNR [0.47629999999999995]
2022-01-27 00:39:08,172 - INFO - ODIN AUOUT [0.9439125493421319]
2022-01-27 00:39:08,172 - INFO - OOD Dataset: Textures
2022-01-27 00:39:08,173 - INFO - MSP AUROC [0.8710945056823037]
2022-01-27 00:39:08,173 - INFO - MSP TNR [0.5079787234042553]
2022-01-27 00:39:08,173 - INFO - MSP AUOUT [0.9034011875643807]
2022-01-27 00:39:08,173 - INFO - ODIN AUROC [0.9145893787917629]
2022-01-27 00:39:08,173 - INFO - ODIN TNR [0.5824468085106382]
2022-01-27 00:39:08,174 - INFO - ODIN AUOUT [0.9326116331448475]
2022-01-27 00:39:08,174 - INFO - OOD Dataset: coarseid-coarseood
2022-01-27 00:39:08,174 - INFO - MSP AUROC [0.9095736546184738]
2022-01-27 00:39:08,174 - INFO - MSP TNR [0.516]
2022-01-27 00:39:08,175 - INFO - MSP AUOUT [0.6224994368255868]
2022-01-27 00:39:08,175 - INFO - ODIN AUROC [0.9322043373493976]
2022-01-27 00:39:08,175 - INFO - ODIN TNR [0.5586666666666666]
2022-01-27 00:39:08,175 - INFO - ODIN AUOUT [0.659326991395613]
2022-01-27 00:39:08,175 - INFO - OOD Dataset: coarseid-fineood
2022-01-27 00:39:08,176 - INFO - MSP AUROC [0.49627710843373496]
2022-01-27 00:39:08,176 - INFO - MSP TNR [0.040000000000000036]
2022-01-27 00:39:08,176 - INFO - MSP AUOUT [0.023911036705775598]
2022-01-27 00:39:08,176 - INFO - ODIN AUROC [0.5782602409638554]
2022-01-27 00:39:08,177 - INFO - ODIN TNR [0.040000000000000036]
2022-01-27 00:39:08,177 - INFO - ODIN AUOUT [0.028315935824415415]
