2022-09-27 14:10:00,915 - INFO - ==> Preparing data..
2022-09-27 14:10:01,456 - INFO - # ID Test: 3500
2022-09-27 14:10:01,456 - INFO - # OOD: 1500
2022-09-27 14:10:01,493 - INFO - # iNaturalist: 10000
2022-09-27 14:10:01,528 - INFO - # SUN: 10000
2022-09-27 14:10:01,564 - INFO - # Places: 10000
2022-09-27 14:10:01,612 - INFO - # Textures: 5640
2022-09-27 14:10:01,632 - INFO - # balanced100-coarseood: 750
2022-09-27 14:10:01,636 - INFO - # balanced100-mediumood: 250
2022-09-27 14:10:01,644 - INFO - # balanced100-fineood: 500
2022-09-27 14:10:01,657 - INFO - # balanced100-finemediumood: 750
2022-09-27 14:10:33,446 - INFO - Accuracy Results
2022-09-27 14:10:33,446 - INFO - Mean Synset Accuracy: 0.862376868724823
2022-09-27 14:10:33,446 - INFO - Top-1 Accuracy: 0.7154285907745361
2022-09-27 14:10:33,447 - INFO - Pred Accuracy: 0.7234285473823547
2022-09-27 14:10:33,447 - INFO - Synset Accuracies:
2022-09-27 14:10:33,448 - INFO - [0.9754286  0.9230769  0.9424561  0.744      0.9266667  0.792
 0.928      0.936      0.88875    0.978      0.8        0.928
 0.732      0.744      0.9533333  1.         0.684      0.96
 0.76       0.724      0.788      0.696      0.91333336 0.98      ]
2022-09-27 14:10:33,448 - INFO - Error Depth:
2022-09-27 14:10:33,448 - INFO - 	Num. Errors at Depth 0 = 27.0
2022-09-27 14:10:33,448 - INFO - 	Num. Errors at Depth 1 = 106.0
2022-09-27 14:10:33,448 - INFO - 	Num. Errors at Depth 2 = 285.0
2022-09-27 14:10:33,448 - INFO - 	Num. Errors at Depth 3 = 367.0
2022-09-27 14:10:33,448 - INFO - 	Num. Errors at Depth 4 = 132.0
2022-09-27 14:10:33,449 - INFO - 	Num. Errors at Depth 5 = 79.0
2022-09-27 14:10:33,449 - INFO - 	Num. Errors at Depth -1 = 2504.0
2022-09-27 14:10:33,449 - INFO - OOD Results
2022-09-27 14:10:46,029 - INFO - Computing OOD Statistics...
2022-09-27 14:11:06,953 - INFO - Computing OOD Statistics...
2022-09-27 14:11:45,611 - INFO - Computing OOD Statistics...
2022-09-27 14:12:05,794 - INFO - Computing OOD Statistics...
2022-09-27 14:12:16,913 - INFO - Computing OOD Statistics...
2022-09-27 14:12:20,640 - INFO - Computing OOD Statistics...
2022-09-27 14:12:24,049 - INFO - Computing OOD Statistics...
2022-09-27 14:12:26,914 - INFO - Computing OOD Statistics...
2022-09-27 14:12:30,164 - INFO - Computing OOD Statistics...
2022-09-27 14:12:30,222 - INFO - OOD Dataset: OOD
2022-09-27 14:12:30,223 - INFO - MSP AUROC Synset Performance
2022-09-27 14:12:30,223 - INFO - [-1, -1, -1, -1, -1, -1, -1, -1, -1, -1, -1, -1, -1, -1, -1, -1, -1, -1, -1, -1, -1, -1, -1, -1, -0.0, 0.7734771428571429, 0.7935628571428572, 0.8061801904761905]
2022-09-27 14:12:30,223 - INFO - MSP TNR Synset Performance
2022-09-27 14:12:30,223 - INFO - [-1, -1, -1, -1, -1, -1, -1, -1, -1, -1, -1, -1, -1, -1, -1, -1, -1, -1, -1, -1, -1, -1, -1, -1, 0.0, 0.18333333333333335, 0.2493333333333333, 0.31333333333333335]
2022-09-27 14:12:30,223 - INFO - MSP AUOUT Synset Performance
2022-09-27 14:12:30,223 - INFO - [-1, -1, -1, -1, -1, -1, -1, -1, -1, -1, -1, -1, -1, -1, -1, -1, -1, -1, -1, -1, -1, -1, -1, -1, 0.16775845604771977, 0.5450515532150009, 0.5908878999619035, 0.6397400766373421]
2022-09-27 14:12:30,223 - INFO - ODIN AUROC Synset Performance
2022-09-27 14:12:30,223 - INFO - [-1, -1, -1, -1, -1, -1, -1, -1, -1, -1, -1, -1, -1, -1, -1, -1, -1, -1, -1, -1, -1, -1, -1, -1, -0.0, 0.5972066666666667, 0.27842228571428573, 0.49071333333333333]
2022-09-27 14:12:30,223 - INFO - ODIN TNR Synset Performance
2022-09-27 14:12:30,223 - INFO - [-1, -1, -1, -1, -1, -1, -1, -1, -1, -1, -1, -1, -1, -1, -1, -1, -1, -1, -1, -1, -1, -1, -1, -1, 0.0, 0.132, 0.005333333333333301, 0.08133333333333337]
2022-09-27 14:12:30,223 - INFO - ODIN AUOUT Synset Performance
2022-09-27 14:12:30,223 - INFO - [-1, -1, -1, -1, -1, -1, -1, -1, -1, -1, -1, -1, -1, -1, -1, -1, -1, -1, -1, -1, -1, -1, -1, -1, 0.16775845604771977, 0.3987467132005655, 0.20446200594338648, 0.317160136579808]
2022-09-27 14:12:30,223 - INFO - MSP Metrics using max activations accumulated across all appropriate synsets:
	AUROC -0.0
	TNR 0.0
	AUOUT 0.16775845604771977
2022-09-27 14:12:30,223 - INFO - ODIN Metrics using max activations accumulated across all appropriate synsets:
	AUROC -0.0
	TNR 0.0
	AUOUT 0.16775845604771977
2022-09-27 14:12:30,223 - INFO - MSP Metrics using max entropy along path:
	AUROC 0.7734771428571429
	TNR 0.18333333333333335
	AUOUT 0.5450515532150009
2022-09-27 14:12:30,223 - INFO - ODIN Metrics using max entropy along path:
	AUROC 0.5972066666666667
	TNR 0.132
	AUOUT 0.3987467132005655
2022-09-27 14:12:30,223 - INFO - MSP Metrics using predicted activations:
	AUROC 0.7935628571428572
	TNR 0.2493333333333333
	AUOUT 0.5908878999619035
2022-09-27 14:12:30,223 - INFO - ODIN Metrics using predicted activations:
	AUROC 0.27842228571428573
	TNR 0.005333333333333301
	AUOUT 0.20446200594338648
2022-09-27 14:12:30,223 - INFO - MSP Metrics using mean entropy along path:
	AUROC 0.8061801904761905
	TNR 0.31333333333333335
	AUOUT 0.6397400766373421
2022-09-27 14:12:30,224 - INFO - ODIN Metrics using mean entropy along path:
	AUROC 0.49071333333333333
	TNR 0.08133333333333337
	AUOUT 0.317160136579808
2022-09-27 14:12:30,224 - INFO - MSP Metrics using min entropy along path:
	AUROC 0.7468725714285714
	TNR 0.3913333333333333
	AUOUT 0.6417980889906268
2022-09-27 14:12:30,224 - INFO - ODIN Metrics using min entropy along path:
	AUROC 0.7208137142857143
	TNR 0.31933333333333336
	AUOUT 0.5618993493770115
2022-09-27 14:12:30,224 - INFO - OOD Path entropy min idx (msp): [0. 1. 2. 3. 4.], [858 154 189  52 247]
2022-09-27 14:12:30,224 - INFO - OOD Path entropy min idx (odin): [0. 3. 4.], [1225   29  246]
2022-09-27 14:12:30,225 - INFO - OOD Dataset: iNaturalist
2022-09-27 14:12:30,225 - INFO - MSP AUROC Synset Performance
2022-09-27 14:12:30,225 - INFO - [-1, -1, -1, -1, -1, -1, -1, -1, -1, -1, -1, -1, -1, -1, -1, -1, -1, -1, -1, -1, -1, -1, -1, -1, -0.0, 0.8518288857142856, 0.8654715428571428, 0.8650716285714284]
2022-09-27 14:12:30,225 - INFO - MSP TNR Synset Performance
2022-09-27 14:12:30,225 - INFO - [-1, -1, -1, -1, -1, -1, -1, -1, -1, -1, -1, -1, -1, -1, -1, -1, -1, -1, -1, -1, -1, -1, -1, -1, 0.0, 0.3489, 0.4072, 0.35029999999999994]
2022-09-27 14:12:30,225 - INFO - MSP AUOUT Synset Performance
2022-09-27 14:12:30,225 - INFO - [-1, -1, -1, -1, -1, -1, -1, -1, -1, -1, -1, -1, -1, -1, -1, -1, -1, -1, -1, -1, -1, -1, -1, -1, 0.5275256468469287, 0.9313707376462362, 0.9366759578942851, 0.9311799137728974]
2022-09-27 14:12:30,225 - INFO - ODIN AUROC Synset Performance
2022-09-27 14:12:30,225 - INFO - [-1, -1, -1, -1, -1, -1, -1, -1, -1, -1, -1, -1, -1, -1, -1, -1, -1, -1, -1, -1, -1, -1, -1, -1, -0.0, 0.6872869428571429, 0.39537065714285713, 0.5714146571428571]
2022-09-27 14:12:30,225 - INFO - ODIN TNR Synset Performance
2022-09-27 14:12:30,225 - INFO - [-1, -1, -1, -1, -1, -1, -1, -1, -1, -1, -1, -1, -1, -1, -1, -1, -1, -1, -1, -1, -1, -1, -1, -1, 0.0, 0.3224, 0.0019000000000000128, 0.19320000000000004]
2022-09-27 14:12:30,225 - INFO - ODIN AUOUT Synset Performance
2022-09-27 14:12:30,225 - INFO - [-1, -1, -1, -1, -1, -1, -1, -1, -1, -1, -1, -1, -1, -1, -1, -1, -1, -1, -1, -1, -1, -1, -1, -1, 0.5275256468469287, 0.8656199110557885, 0.643655629464051, 0.8035219799714065]
2022-09-27 14:12:30,225 - INFO - MSP Metrics using max activations accumulated across all appropriate synsets:
	AUROC -0.0
	TNR 0.0
	AUOUT 0.5275256468469287
2022-09-27 14:12:30,225 - INFO - ODIN Metrics using max activations accumulated across all appropriate synsets:
	AUROC -0.0
	TNR 0.0
	AUOUT 0.5275256468469287
2022-09-27 14:12:30,225 - INFO - MSP Metrics using max entropy along path:
	AUROC 0.8518288857142856
	TNR 0.3489
	AUOUT 0.9313707376462362
2022-09-27 14:12:30,225 - INFO - ODIN Metrics using max entropy along path:
	AUROC 0.6872869428571429
	TNR 0.3224
	AUOUT 0.8656199110557885
2022-09-27 14:12:30,225 - INFO - MSP Metrics using predicted activations:
	AUROC 0.8654715428571428
	TNR 0.4072
	AUOUT 0.9366759578942851
2022-09-27 14:12:30,225 - INFO - ODIN Metrics using predicted activations:
	AUROC 0.39537065714285713
	TNR 0.0019000000000000128
	AUOUT 0.643655629464051
2022-09-27 14:12:30,225 - INFO - MSP Metrics using mean entropy along path:
	AUROC 0.8650716285714284
	TNR 0.35029999999999994
	AUOUT 0.9311799137728974
2022-09-27 14:12:30,225 - INFO - ODIN Metrics using mean entropy along path:
	AUROC 0.5714146571428571
	TNR 0.19320000000000004
	AUOUT 0.8035219799714065
2022-09-27 14:12:30,225 - INFO - MSP Metrics using min entropy along path:
	AUROC 0.7595676571428572
	TNR 0.0968
	AUOUT 0.8562414881005713
2022-09-27 14:12:30,226 - INFO - ODIN Metrics using min entropy along path:
	AUROC 0.6909912571428571
	TNR 0.05730000000000002
	AUOUT 0.8106936118021014
2022-09-27 14:12:30,226 - INFO - OOD Path entropy min idx (msp): [0. 1. 2. 3. 4.], [9006  128  269  518   79]
2022-09-27 14:12:30,227 - INFO - OOD Path entropy min idx (odin): [0. 3. 4.], [9518  412   70]
2022-09-27 14:12:30,227 - INFO - OOD Dataset: SUN
2022-09-27 14:12:30,227 - INFO - MSP AUROC Synset Performance
2022-09-27 14:12:30,227 - INFO - [-1, -1, -1, -1, -1, -1, -1, -1, -1, -1, -1, -1, -1, -1, -1, -1, -1, -1, -1, -1, -1, -1, -1, -1, -0.0, 0.8576112285714285, 0.8909913714285713, 0.8978657428571429]
2022-09-27 14:12:30,227 - INFO - MSP TNR Synset Performance
2022-09-27 14:12:30,227 - INFO - [-1, -1, -1, -1, -1, -1, -1, -1, -1, -1, -1, -1, -1, -1, -1, -1, -1, -1, -1, -1, -1, -1, -1, -1, 0.0, 0.32699999999999996, 0.44910000000000005, 0.4273]
2022-09-27 14:12:30,227 - INFO - MSP AUOUT Synset Performance
2022-09-27 14:12:30,227 - INFO - [-1, -1, -1, -1, -1, -1, -1, -1, -1, -1, -1, -1, -1, -1, -1, -1, -1, -1, -1, -1, -1, -1, -1, -1, 0.5275256468469287, 0.929314494321132, 0.9482206457804851, 0.9477253938335739]
2022-09-27 14:12:30,227 - INFO - ODIN AUROC Synset Performance
2022-09-27 14:12:30,227 - INFO - [-1, -1, -1, -1, -1, -1, -1, -1, -1, -1, -1, -1, -1, -1, -1, -1, -1, -1, -1, -1, -1, -1, -1, -1, -0.0, 0.7751385714285715, 0.25657271428571427, 0.6784477142857143]
2022-09-27 14:12:30,227 - INFO - ODIN TNR Synset Performance
2022-09-27 14:12:30,227 - INFO - [-1, -1, -1, -1, -1, -1, -1, -1, -1, -1, -1, -1, -1, -1, -1, -1, -1, -1, -1, -1, -1, -1, -1, -1, 0.0, 0.3657, 0.00019999999999997797, 0.2911]
2022-09-27 14:12:30,227 - INFO - ODIN AUOUT Synset Performance
2022-09-27 14:12:30,227 - INFO - [-1, -1, -1, -1, -1, -1, -1, -1, -1, -1, -1, -1, -1, -1, -1, -1, -1, -1, -1, -1, -1, -1, -1, -1, 0.5275256468469287, 0.9071940499378678, 0.5918240450881889, 0.8631882774478621]
2022-09-27 14:12:30,227 - INFO - MSP Metrics using max activations accumulated across all appropriate synsets:
	AUROC -0.0
	TNR 0.0
	AUOUT 0.5275256468469287
2022-09-27 14:12:30,227 - INFO - ODIN Metrics using max activations accumulated across all appropriate synsets:
	AUROC -0.0
	TNR 0.0
	AUOUT 0.5275256468469287
2022-09-27 14:12:30,227 - INFO - MSP Metrics using max entropy along path:
	AUROC 0.8576112285714285
	TNR 0.32699999999999996
	AUOUT 0.929314494321132
2022-09-27 14:12:30,227 - INFO - ODIN Metrics using max entropy along path:
	AUROC 0.7751385714285715
	TNR 0.3657
	AUOUT 0.9071940499378678
2022-09-27 14:12:30,227 - INFO - MSP Metrics using predicted activations:
	AUROC 0.8909913714285713
	TNR 0.44910000000000005
	AUOUT 0.9482206457804851
2022-09-27 14:12:30,227 - INFO - ODIN Metrics using predicted activations:
	AUROC 0.25657271428571427
	TNR 0.00019999999999997797
	AUOUT 0.5918240450881889
2022-09-27 14:12:30,228 - INFO - MSP Metrics using mean entropy along path:
	AUROC 0.8978657428571429
	TNR 0.4273
	AUOUT 0.9477253938335739
2022-09-27 14:12:30,228 - INFO - ODIN Metrics using mean entropy along path:
	AUROC 0.6784477142857143
	TNR 0.2911
	AUOUT 0.8631882774478621
2022-09-27 14:12:30,228 - INFO - MSP Metrics using min entropy along path:
	AUROC 0.8508103142857143
	TNR 0.34509999999999996
	AUOUT 0.9278168302508584
2022-09-27 14:12:30,228 - INFO - ODIN Metrics using min entropy along path:
	AUROC 0.812129
	TNR 0.23670000000000002
	AUOUT 0.8951446467690205
2022-09-27 14:12:30,228 - INFO - OOD Path entropy min idx (msp): [0. 1. 2. 3. 4.], [7744  470  779  403  604]
2022-09-27 14:12:30,229 - INFO - OOD Path entropy min idx (odin): [0. 3. 4.], [9345   96  559]
2022-09-27 14:12:30,229 - INFO - OOD Dataset: Places
2022-09-27 14:12:30,229 - INFO - MSP AUROC Synset Performance
2022-09-27 14:12:30,229 - INFO - [-1, -1, -1, -1, -1, -1, -1, -1, -1, -1, -1, -1, -1, -1, -1, -1, -1, -1, -1, -1, -1, -1, -1, -1, -0.0, 0.8459366285714285, 0.8772788285714286, 0.88629]
2022-09-27 14:12:30,229 - INFO - MSP TNR Synset Performance
2022-09-27 14:12:30,229 - INFO - [-1, -1, -1, -1, -1, -1, -1, -1, -1, -1, -1, -1, -1, -1, -1, -1, -1, -1, -1, -1, -1, -1, -1, -1, 0.0, 0.3066, 0.41690000000000005, 0.40669999999999995]
2022-09-27 14:12:30,229 - INFO - MSP AUOUT Synset Performance
2022-09-27 14:12:30,229 - INFO - [-1, -1, -1, -1, -1, -1, -1, -1, -1, -1, -1, -1, -1, -1, -1, -1, -1, -1, -1, -1, -1, -1, -1, -1, 0.5275256468469287, 0.9242710902001776, 0.9420096602596515, 0.943678418917731]
2022-09-27 14:12:30,229 - INFO - ODIN AUROC Synset Performance
2022-09-27 14:12:30,229 - INFO - [-1, -1, -1, -1, -1, -1, -1, -1, -1, -1, -1, -1, -1, -1, -1, -1, -1, -1, -1, -1, -1, -1, -1, -1, -0.0, 0.7572457714285714, 0.2589468285714286, 0.6605551714285715]
2022-09-27 14:12:30,229 - INFO - ODIN TNR Synset Performance
2022-09-27 14:12:30,229 - INFO - [-1, -1, -1, -1, -1, -1, -1, -1, -1, -1, -1, -1, -1, -1, -1, -1, -1, -1, -1, -1, -1, -1, -1, -1, 0.0, 0.34640000000000004, 0.00019999999999997797, 0.2893]
2022-09-27 14:12:30,229 - INFO - ODIN AUOUT Synset Performance
2022-09-27 14:12:30,229 - INFO - [-1, -1, -1, -1, -1, -1, -1, -1, -1, -1, -1, -1, -1, -1, -1, -1, -1, -1, -1, -1, -1, -1, -1, -1, 0.5275256468469287, 0.8994298235964664, 0.5933570823198379, 0.8568315368617825]
2022-09-27 14:12:30,229 - INFO - MSP Metrics using max activations accumulated across all appropriate synsets:
	AUROC -0.0
	TNR 0.0
	AUOUT 0.5275256468469287
2022-09-27 14:12:30,229 - INFO - ODIN Metrics using max activations accumulated across all appropriate synsets:
	AUROC -0.0
	TNR 0.0
	AUOUT 0.5275256468469287
2022-09-27 14:12:30,229 - INFO - MSP Metrics using max entropy along path:
	AUROC 0.8459366285714285
	TNR 0.3066
	AUOUT 0.9242710902001776
2022-09-27 14:12:30,229 - INFO - ODIN Metrics using max entropy along path:
	AUROC 0.7572457714285714
	TNR 0.34640000000000004
	AUOUT 0.8994298235964664
2022-09-27 14:12:30,229 - INFO - MSP Metrics using predicted activations:
	AUROC 0.8772788285714286
	TNR 0.41690000000000005
	AUOUT 0.9420096602596515
2022-09-27 14:12:30,229 - INFO - ODIN Metrics using predicted activations:
	AUROC 0.2589468285714286
	TNR 0.00019999999999997797
	AUOUT 0.5933570823198379
2022-09-27 14:12:30,229 - INFO - MSP Metrics using mean entropy along path:
	AUROC 0.88629
	TNR 0.40669999999999995
	AUOUT 0.943678418917731
2022-09-27 14:12:30,229 - INFO - ODIN Metrics using mean entropy along path:
	AUROC 0.6605551714285715
	TNR 0.2893
	AUOUT 0.8568315368617825
2022-09-27 14:12:30,230 - INFO - MSP Metrics using min entropy along path:
	AUROC 0.8405246857142857
	TNR 0.3415
	AUOUT 0.9249516609624546
2022-09-27 14:12:30,230 - INFO - ODIN Metrics using min entropy along path:
	AUROC 0.8006897999999999
	TNR 0.2378
	AUOUT 0.8913896744169372
2022-09-27 14:12:30,230 - INFO - OOD Path entropy min idx (msp): [0. 1. 2. 3. 4.], [7626  530  725  505  614]
2022-09-27 14:12:30,230 - INFO - OOD Path entropy min idx (odin): [0. 3. 4.], [9241  161  598]
2022-09-27 14:12:30,231 - INFO - OOD Dataset: Textures
2022-09-27 14:12:30,231 - INFO - MSP AUROC Synset Performance
2022-09-27 14:12:30,231 - INFO - [-1, -1, -1, -1, -1, -1, -1, -1, -1, -1, -1, -1, -1, -1, -1, -1, -1, -1, -1, -1, -1, -1, -1, -1, -0.0, 0.7879913880445795, 0.8381123100303951, 0.8560209726443768]
2022-09-27 14:12:30,231 - INFO - MSP TNR Synset Performance
2022-09-27 14:12:30,231 - INFO - [-1, -1, -1, -1, -1, -1, -1, -1, -1, -1, -1, -1, -1, -1, -1, -1, -1, -1, -1, -1, -1, -1, -1, -1, 0.0, 0.20070921985815604, 0.36258865248226946, 0.349290780141844]
2022-09-27 14:12:30,231 - INFO - MSP AUOUT Synset Performance
2022-09-27 14:12:30,231 - INFO - [-1, -1, -1, -1, -1, -1, -1, -1, -1, -1, -1, -1, -1, -1, -1, -1, -1, -1, -1, -1, -1, -1, -1, -1, 0.4043189752277335, 0.8276944119229407, 0.878768848792874, 0.8854304315043738]
2022-09-27 14:12:30,231 - INFO - ODIN AUROC Synset Performance
2022-09-27 14:12:30,231 - INFO - [-1, -1, -1, -1, -1, -1, -1, -1, -1, -1, -1, -1, -1, -1, -1, -1, -1, -1, -1, -1, -1, -1, -1, -1, -0.0, 0.5849113475177306, 0.23844468085106385, 0.5872794326241135]
2022-09-27 14:12:30,231 - INFO - ODIN TNR Synset Performance
2022-09-27 14:12:30,231 - INFO - [-1, -1, -1, -1, -1, -1, -1, -1, -1, -1, -1, -1, -1, -1, -1, -1, -1, -1, -1, -1, -1, -1, -1, -1, 0.0, 0.2092198581560284, 0.0005319148936170359, 0.15124113475177303]
2022-09-27 14:12:30,231 - INFO - ODIN AUOUT Synset Performance
2022-09-27 14:12:30,231 - INFO - [-1, -1, -1, -1, -1, -1, -1, -1, -1, -1, -1, -1, -1, -1, -1, -1, -1, -1, -1, -1, -1, -1, -1, -1, 0.4043189752277335, 0.7202015815748781, 0.4581060958163327, 0.6930225825143453]
2022-09-27 14:12:30,231 - INFO - MSP Metrics using max activations accumulated across all appropriate synsets:
	AUROC -0.0
	TNR 0.0
	AUOUT 0.4043189752277335
2022-09-27 14:12:30,231 - INFO - ODIN Metrics using max activations accumulated across all appropriate synsets:
	AUROC -0.0
	TNR 0.0
	AUOUT 0.4043189752277335
2022-09-27 14:12:30,231 - INFO - MSP Metrics using max entropy along path:
	AUROC 0.7879913880445795
	TNR 0.20070921985815604
	AUOUT 0.8276944119229407
2022-09-27 14:12:30,231 - INFO - ODIN Metrics using max entropy along path:
	AUROC 0.5849113475177306
	TNR 0.2092198581560284
	AUOUT 0.7202015815748781
2022-09-27 14:12:30,231 - INFO - MSP Metrics using predicted activations:
	AUROC 0.8381123100303951
	TNR 0.36258865248226946
	AUOUT 0.878768848792874
2022-09-27 14:12:30,231 - INFO - ODIN Metrics using predicted activations:
	AUROC 0.23844468085106385
	TNR 0.0005319148936170359
	AUOUT 0.4581060958163327
2022-09-27 14:12:30,231 - INFO - MSP Metrics using mean entropy along path:
	AUROC 0.8560209726443768
	TNR 0.349290780141844
	AUOUT 0.8854304315043738
2022-09-27 14:12:30,231 - INFO - ODIN Metrics using mean entropy along path:
	AUROC 0.5872794326241135
	TNR 0.15124113475177303
	AUOUT 0.6930225825143453
2022-09-27 14:12:30,231 - INFO - MSP Metrics using min entropy along path:
	AUROC 0.8555980749746708
	TNR 0.375709219858156
	AUOUT 0.8883269663697765
2022-09-27 14:12:30,231 - INFO - ODIN Metrics using min entropy along path:
	AUROC 0.8440428571428571
	TNR 0.3313829787234043
	AUOUT 0.8598580327610811
2022-09-27 14:12:30,232 - INFO - OOD Path entropy min idx (msp): [0. 1. 2. 3. 4.], [3374  562  993  492  219]
2022-09-27 14:12:30,232 - INFO - OOD Path entropy min idx (odin): [0. 3. 4.], [5202  249  189]
2022-09-27 14:12:30,232 - INFO - OOD Dataset: balanced100-coarseood
2022-09-27 14:12:30,232 - INFO - MSP AUROC Synset Performance
2022-09-27 14:12:30,232 - INFO - [-1, -1, -1, -1, -1, -1, -1, -1, -1, -1, -1, -1, -1, -1, -1, -1, -1, -1, -1, -1, -1, -1, -1, -1, -0.0, 0.8462921904761905, 0.8781306666666666, 0.9185630476190476]
2022-09-27 14:12:30,232 - INFO - MSP TNR Synset Performance
2022-09-27 14:12:30,233 - INFO - [-1, -1, -1, -1, -1, -1, -1, -1, -1, -1, -1, -1, -1, -1, -1, -1, -1, -1, -1, -1, -1, -1, -1, -1, 0.0, 0.24, 0.36, 0.5226666666666666]
2022-09-27 14:12:30,233 - INFO - MSP AUOUT Synset Performance
2022-09-27 14:12:30,233 - INFO - [-1, -1, -1, -1, -1, -1, -1, -1, -1, -1, -1, -1, -1, -1, -1, -1, -1, -1, -1, -1, -1, -1, -1, -1, 0.09393858905968093, 0.4552588230571531, 0.5516065562859064, 0.6777840810566625]
2022-09-27 14:12:30,233 - INFO - ODIN AUROC Synset Performance
2022-09-27 14:12:30,233 - INFO - [-1, -1, -1, -1, -1, -1, -1, -1, -1, -1, -1, -1, -1, -1, -1, -1, -1, -1, -1, -1, -1, -1, -1, -1, -0.0, 0.5046670476190476, 0.146, 0.5457238095238095]
2022-09-27 14:12:30,233 - INFO - ODIN TNR Synset Performance
2022-09-27 14:12:30,233 - INFO - [-1, -1, -1, -1, -1, -1, -1, -1, -1, -1, -1, -1, -1, -1, -1, -1, -1, -1, -1, -1, -1, -1, -1, -1, 0.0, 0.124, 0.0, 0.09199999999999997]
2022-09-27 14:12:30,233 - INFO - ODIN AUOUT Synset Performance
2022-09-27 14:12:30,233 - INFO - [-1, -1, -1, -1, -1, -1, -1, -1, -1, -1, -1, -1, -1, -1, -1, -1, -1, -1, -1, -1, -1, -1, -1, -1, 0.09393858905968093, 0.20166956608559355, 0.1038543807572031, 0.22509536213099351]
2022-09-27 14:12:30,233 - INFO - MSP Metrics using max activations accumulated across all appropriate synsets:
	AUROC -0.0
	TNR 0.0
	AUOUT 0.09393858905968093
2022-09-27 14:12:30,233 - INFO - ODIN Metrics using max activations accumulated across all appropriate synsets:
	AUROC -0.0
	TNR 0.0
	AUOUT 0.09393858905968093
2022-09-27 14:12:30,233 - INFO - MSP Metrics using max entropy along path:
	AUROC 0.8462921904761905
	TNR 0.24
	AUOUT 0.4552588230571531
2022-09-27 14:12:30,233 - INFO - ODIN Metrics using max entropy along path:
	AUROC 0.5046670476190476
	TNR 0.124
	AUOUT 0.20166956608559355
2022-09-27 14:12:30,233 - INFO - MSP Metrics using predicted activations:
	AUROC 0.8781306666666666
	TNR 0.36
	AUOUT 0.5516065562859064
2022-09-27 14:12:30,233 - INFO - ODIN Metrics using predicted activations:
	AUROC 0.146
	TNR 0.0
	AUOUT 0.1038543807572031
2022-09-27 14:12:30,233 - INFO - MSP Metrics using mean entropy along path:
	AUROC 0.9185630476190476
	TNR 0.5226666666666666
	AUOUT 0.6777840810566625
2022-09-27 14:12:30,233 - INFO - ODIN Metrics using mean entropy along path:
	AUROC 0.5457238095238095
	TNR 0.09199999999999997
	AUOUT 0.22509536213099351
2022-09-27 14:12:30,233 - INFO - MSP Metrics using min entropy along path:
	AUROC 0.9343874285714286
	TNR 0.6693333333333333
	AUOUT 0.7424133955191772
2022-09-27 14:12:30,233 - INFO - ODIN Metrics using min entropy along path:
	AUROC 0.9162979047619048
	TNR 0.5426666666666666
	AUOUT 0.6146516554219073
2022-09-27 14:12:30,234 - INFO - OOD Path entropy min idx (msp): [0. 1. 2. 3. 4.], [485 109 120  10  26]
2022-09-27 14:12:30,234 - INFO - OOD Path entropy min idx (odin): [0. 3. 4.], [723   1  26]
2022-09-27 14:12:30,234 - INFO - OOD Dataset: balanced100-mediumood
2022-09-27 14:12:30,234 - INFO - MSP AUROC Synset Performance
2022-09-27 14:12:30,234 - INFO - [-1, -1, -1, -1, -1, -1, -1, -1, -1, -1, -1, -1, -1, -1, -1, -1, -1, -1, -1, -1, -1, -1, -1, -1, -0.0, 0.6773748571428573, 0.6631542857142858, 0.6135314285714286]
2022-09-27 14:12:30,234 - INFO - MSP TNR Synset Performance
2022-09-27 14:12:30,234 - INFO - [-1, -1, -1, -1, -1, -1, -1, -1, -1, -1, -1, -1, -1, -1, -1, -1, -1, -1, -1, -1, -1, -1, -1, -1, 0.0, 0.124, 0.09199999999999997, 0.03200000000000003]
2022-09-27 14:12:30,234 - INFO - MSP AUOUT Synset Performance
2022-09-27 14:12:30,234 - INFO - [-1, -1, -1, -1, -1, -1, -1, -1, -1, -1, -1, -1, -1, -1, -1, -1, -1, -1, -1, -1, -1, -1, -1, -1, 0.03409978690754759, 0.12242247670474171, 0.1045092759317455, 0.08312361113668482]
2022-09-27 14:12:30,234 - INFO - ODIN AUROC Synset Performance
2022-09-27 14:12:30,234 - INFO - [-1, -1, -1, -1, -1, -1, -1, -1, -1, -1, -1, -1, -1, -1, -1, -1, -1, -1, -1, -1, -1, -1, -1, -1, -0.0, 0.8142137142857143, 0.59148, 0.4599828571428572]
2022-09-27 14:12:30,234 - INFO - ODIN TNR Synset Performance
2022-09-27 14:12:30,234 - INFO - [-1, -1, -1, -1, -1, -1, -1, -1, -1, -1, -1, -1, -1, -1, -1, -1, -1, -1, -1, -1, -1, -1, -1, -1, 0.0, 0.14, 0.03200000000000003, 0.06399999999999995]
2022-09-27 14:12:30,234 - INFO - ODIN AUOUT Synset Performance
2022-09-27 14:12:30,234 - INFO - [-1, -1, -1, -1, -1, -1, -1, -1, -1, -1, -1, -1, -1, -1, -1, -1, -1, -1, -1, -1, -1, -1, -1, -1, 0.03409978690754759, 0.17106838931264576, 0.07683829283750136, 0.06620516102383014]
2022-09-27 14:12:30,234 - INFO - MSP Metrics using max activations accumulated across all appropriate synsets:
	AUROC -0.0
	TNR 0.0
	AUOUT 0.03409978690754759
2022-09-27 14:12:30,234 - INFO - ODIN Metrics using max activations accumulated across all appropriate synsets:
	AUROC -0.0
	TNR 0.0
	AUOUT 0.03409978690754759
2022-09-27 14:12:30,235 - INFO - MSP Metrics using max entropy along path:
	AUROC 0.6773748571428573
	TNR 0.124
	AUOUT 0.12242247670474171
2022-09-27 14:12:30,235 - INFO - ODIN Metrics using max entropy along path:
	AUROC 0.8142137142857143
	TNR 0.14
	AUOUT 0.17106838931264576
2022-09-27 14:12:30,235 - INFO - MSP Metrics using predicted activations:
	AUROC 0.6631542857142858
	TNR 0.09199999999999997
	AUOUT 0.1045092759317455
2022-09-27 14:12:30,235 - INFO - ODIN Metrics using predicted activations:
	AUROC 0.59148
	TNR 0.03200000000000003
	AUOUT 0.07683829283750136
2022-09-27 14:12:30,235 - INFO - MSP Metrics using mean entropy along path:
	AUROC 0.6135314285714286
	TNR 0.03200000000000003
	AUOUT 0.08312361113668482
2022-09-27 14:12:30,235 - INFO - ODIN Metrics using mean entropy along path:
	AUROC 0.4599828571428572
	TNR 0.06399999999999995
	AUOUT 0.06620516102383014
2022-09-27 14:12:30,235 - INFO - MSP Metrics using min entropy along path:
	AUROC 0.2858022857142858
	TNR 0.016000000000000014
	AUOUT 0.045506736058222835
2022-09-27 14:12:30,235 - INFO - ODIN Metrics using min entropy along path:
	AUROC 0.2561874285714286
	TNR 0.01200000000000001
	AUOUT 0.042192387209992015
2022-09-27 14:12:30,235 - INFO - OOD Path entropy min idx (msp): [0. 1. 2. 3. 4.], [ 91   2   6   6 145]
2022-09-27 14:12:30,235 - INFO - OOD Path entropy min idx (odin): [0. 4.], [105 145]
2022-09-27 14:12:30,235 - INFO - OOD Dataset: balanced100-fineood
2022-09-27 14:12:30,235 - INFO - MSP AUROC Synset Performance
2022-09-27 14:12:30,235 - INFO - [-1, -1, -1, -1, -1, -1, -1, -1, -1, -1, -1, -1, -1, -1, -1, -1, -1, -1, -1, -1, -1, -1, -1, -1, -0.0, 0.7123108571428571, 0.7319205714285715, 0.733932]
2022-09-27 14:12:30,235 - INFO - MSP TNR Synset Performance
2022-09-27 14:12:30,235 - INFO - [-1, -1, -1, -1, -1, -1, -1, -1, -1, -1, -1, -1, -1, -1, -1, -1, -1, -1, -1, -1, -1, -1, -1, -1, 0.0, 0.128, 0.16200000000000003, 0.14]
2022-09-27 14:12:30,235 - INFO - MSP AUOUT Synset Performance
2022-09-27 14:12:30,235 - INFO - [-1, -1, -1, -1, -1, -1, -1, -1, -1, -1, -1, -1, -1, -1, -1, -1, -1, -1, -1, -1, -1, -1, -1, -1, 0.06528024046762752, 0.2351431747564277, 0.25050701957951765, 0.2488336157820008]
2022-09-27 14:12:30,236 - INFO - ODIN AUROC Synset Performance
2022-09-27 14:12:30,236 - INFO - [-1, -1, -1, -1, -1, -1, -1, -1, -1, -1, -1, -1, -1, -1, -1, -1, -1, -1, -1, -1, -1, -1, -1, -1, -0.0, 0.6276577142857143, 0.3205257142857143, 0.423608]
2022-09-27 14:12:30,236 - INFO - ODIN TNR Synset Performance
2022-09-27 14:12:30,236 - INFO - [-1, -1, -1, -1, -1, -1, -1, -1, -1, -1, -1, -1, -1, -1, -1, -1, -1, -1, -1, -1, -1, -1, -1, -1, 0.0, 0.14200000000000002, 0.0, 0.07399999999999995]
2022-09-27 14:12:30,236 - INFO - ODIN AUOUT Synset Performance
2022-09-27 14:12:30,236 - INFO - [-1, -1, -1, -1, -1, -1, -1, -1, -1, -1, -1, -1, -1, -1, -1, -1, -1, -1, -1, -1, -1, -1, -1, -1, 0.06528024046762752, 0.214922804131012, 0.08459951989199667, 0.11577599166566872]
2022-09-27 14:12:30,236 - INFO - MSP Metrics using max activations accumulated across all appropriate synsets:
	AUROC -0.0
	TNR 0.0
	AUOUT 0.06528024046762752
2022-09-27 14:12:30,236 - INFO - ODIN Metrics using max activations accumulated across all appropriate synsets:
	AUROC -0.0
	TNR 0.0
	AUOUT 0.06528024046762752
2022-09-27 14:12:30,236 - INFO - MSP Metrics using max entropy along path:
	AUROC 0.7123108571428571
	TNR 0.128
	AUOUT 0.2351431747564277
2022-09-27 14:12:30,236 - INFO - ODIN Metrics using max entropy along path:
	AUROC 0.6276577142857143
	TNR 0.14200000000000002
	AUOUT 0.214922804131012
2022-09-27 14:12:30,236 - INFO - MSP Metrics using predicted activations:
	AUROC 0.7319205714285715
	TNR 0.16200000000000003
	AUOUT 0.25050701957951765
2022-09-27 14:12:30,236 - INFO - ODIN Metrics using predicted activations:
	AUROC 0.3205257142857143
	TNR 0.0
	AUOUT 0.08459951989199667
2022-09-27 14:12:30,236 - INFO - MSP Metrics using mean entropy along path:
	AUROC 0.733932
	TNR 0.14
	AUOUT 0.2488336157820008
2022-09-27 14:12:30,236 - INFO - ODIN Metrics using mean entropy along path:
	AUROC 0.423608
	TNR 0.07399999999999995
	AUOUT 0.11577599166566872
2022-09-27 14:12:30,236 - INFO - MSP Metrics using min entropy along path:
	AUROC 0.6961331428571429
	TNR 0.16200000000000003
	AUOUT 0.24628831685503014
2022-09-27 14:12:30,236 - INFO - ODIN Metrics using min entropy along path:
	AUROC 0.6599445714285714
	TNR 0.14
	AUOUT 0.20929453820266833
2022-09-27 14:12:30,236 - INFO - OOD Path entropy min idx (msp): [0. 1. 2. 3. 4.], [282  43  63  36  76]
2022-09-27 14:12:30,236 - INFO - OOD Path entropy min idx (odin): [0. 3. 4.], [397  28  75]
2022-09-27 14:12:30,237 - INFO - OOD Dataset: balanced100-finemediumood
2022-09-27 14:12:30,237 - INFO - MSP AUROC Synset Performance
2022-09-27 14:12:30,237 - INFO - [-1, -1, -1, -1, -1, -1, -1, -1, -1, -1, -1, -1, -1, -1, -1, -1, -1, -1, -1, -1, -1, -1, -1, -1, -0.0, 0.7006655238095238, 0.7089984761904762, 0.6937984761904763]
2022-09-27 14:12:30,237 - INFO - MSP TNR Synset Performance
2022-09-27 14:12:30,237 - INFO - [-1, -1, -1, -1, -1, -1, -1, -1, -1, -1, -1, -1, -1, -1, -1, -1, -1, -1, -1, -1, -1, -1, -1, -1, 0.0, 0.1266666666666667, 0.13866666666666672, 0.10399999999999998]
2022-09-27 14:12:30,237 - INFO - MSP AUOUT Synset Performance
2022-09-27 14:12:30,237 - INFO - [-1, -1, -1, -1, -1, -1, -1, -1, -1, -1, -1, -1, -1, -1, -1, -1, -1, -1, -1, -1, -1, -1, -1, -1, 0.09393858905968093, 0.306220111687147, 0.30512479021111905, 0.2862198826352119]
2022-09-27 14:12:30,237 - INFO - ODIN AUROC Synset Performance
2022-09-27 14:12:30,237 - INFO - [-1, -1, -1, -1, -1, -1, -1, -1, -1, -1, -1, -1, -1, -1, -1, -1, -1, -1, -1, -1, -1, -1, -1, -1, -0.0, 0.6898430476190476, 0.4108438095238095, 0.43573295238095244]
2022-09-27 14:12:30,237 - INFO - ODIN TNR Synset Performance
2022-09-27 14:12:30,237 - INFO - [-1, -1, -1, -1, -1, -1, -1, -1, -1, -1, -1, -1, -1, -1, -1, -1, -1, -1, -1, -1, -1, -1, -1, -1, 0.0, 0.1413333333333333, 0.010666666666666713, 0.07066666666666666]
2022-09-27 14:12:30,237 - INFO - ODIN AUOUT Synset Performance
2022-09-27 14:12:30,237 - INFO - [-1, -1, -1, -1, -1, -1, -1, -1, -1, -1, -1, -1, -1, -1, -1, -1, -1, -1, -1, -1, -1, -1, -1, -1, 0.09393858905968093, 0.31700525305161753, 0.13972118278636894, 0.16610236338129192]
2022-09-27 14:12:30,237 - INFO - MSP Metrics using max activations accumulated across all appropriate synsets:
	AUROC -0.0
	TNR 0.0
	AUOUT 0.09393858905968093
2022-09-27 14:12:30,237 - INFO - ODIN Metrics using max activations accumulated across all appropriate synsets:
	AUROC -0.0
	TNR 0.0
	AUOUT 0.09393858905968093
2022-09-27 14:12:30,237 - INFO - MSP Metrics using max entropy along path:
	AUROC 0.7006655238095238
	TNR 0.1266666666666667
	AUOUT 0.306220111687147
2022-09-27 14:12:30,237 - INFO - ODIN Metrics using max entropy along path:
	AUROC 0.6898430476190476
	TNR 0.1413333333333333
	AUOUT 0.31700525305161753
2022-09-27 14:12:30,237 - INFO - MSP Metrics using predicted activations:
	AUROC 0.7089984761904762
	TNR 0.13866666666666672
	AUOUT 0.30512479021111905
2022-09-27 14:12:30,237 - INFO - ODIN Metrics using predicted activations:
	AUROC 0.4108438095238095
	TNR 0.010666666666666713
	AUOUT 0.13972118278636894
2022-09-27 14:12:30,237 - INFO - MSP Metrics using mean entropy along path:
	AUROC 0.6937984761904763
	TNR 0.10399999999999998
	AUOUT 0.2862198826352119
2022-09-27 14:12:30,237 - INFO - ODIN Metrics using mean entropy along path:
	AUROC 0.43573295238095244
	TNR 0.07066666666666666
	AUOUT 0.16610236338129192
2022-09-27 14:12:30,237 - INFO - MSP Metrics using min entropy along path:
	AUROC 0.5593561904761905
	TNR 0.11333333333333329
	AUOUT 0.24520116272148249
2022-09-27 14:12:30,237 - INFO - ODIN Metrics using min entropy along path:
	AUROC 0.5253588571428571
	TNR 0.09733333333333338
	AUOUT 0.21348478918884836
2022-09-27 14:12:30,238 - INFO - OOD Path entropy min idx (msp): [0. 1. 2. 3. 4.], [373  45  69  42 221]
2022-09-27 14:12:30,238 - INFO - OOD Path entropy min idx (odin): [0. 3. 4.], [502  28 220]
2022-09-27 14:12:39,900 - INFO - Computing OOD Statistics...
2022-09-27 14:12:57,371 - INFO - Computing OOD Statistics...
2022-09-27 14:13:29,679 - INFO - Computing OOD Statistics...
2022-09-27 14:13:43,542 - INFO - Computing OOD Statistics...
2022-09-27 14:13:52,992 - INFO - Computing OOD Statistics...
2022-09-27 14:13:56,649 - INFO - Computing OOD Statistics...
2022-09-27 14:13:59,814 - INFO - Computing OOD Statistics...
2022-09-27 14:14:02,789 - INFO - Computing OOD Statistics...
2022-09-27 14:14:06,668 - INFO - Computing OOD Statistics...
2022-09-27 14:14:06,685 - INFO - OOD Dataset: OOD
2022-09-27 14:14:06,685 - INFO - MSP AUROC [0.7940733333333334]
2022-09-27 14:14:06,686 - INFO - MSP TNR [0.3553333333333333]
2022-09-27 14:14:06,686 - INFO - MSP AUOUT [0.6430626073180027]
2022-09-27 14:14:06,686 - INFO - ODIN AUROC [0.806392380952381]
2022-09-27 14:14:06,686 - INFO - ODIN TNR [0.3593333333333333]
2022-09-27 14:14:06,686 - INFO - ODIN AUOUT [0.6545278352052705]
2022-09-27 14:14:06,686 - INFO - OOD Dataset: iNaturalist
2022-09-27 14:14:06,686 - INFO - MSP AUROC [0.8408244857142857]
2022-09-27 14:14:06,686 - INFO - MSP TNR [0.22019999999999995]
2022-09-27 14:14:06,686 - INFO - MSP AUOUT [0.9105570259434799]
2022-09-27 14:14:06,686 - INFO - ODIN AUROC [0.8579512571428571]
2022-09-27 14:14:06,686 - INFO - ODIN TNR [0.21740000000000004]
2022-09-27 14:14:06,686 - INFO - ODIN AUOUT [0.9170124630314672]
2022-09-27 14:14:06,686 - INFO - OOD Dataset: SUN
2022-09-27 14:14:06,686 - INFO - MSP AUROC [0.8769491428571428]
2022-09-27 14:14:06,686 - INFO - MSP TNR [0.4091]
2022-09-27 14:14:06,686 - INFO - MSP AUOUT [0.9399739339365069]
2022-09-27 14:14:06,686 - INFO - ODIN AUROC [0.8886931428571428]
2022-09-27 14:14:06,686 - INFO - ODIN TNR [0.39280000000000004]
2022-09-27 14:14:06,686 - INFO - ODIN AUOUT [0.9432607045456537]
2022-09-27 14:14:06,686 - INFO - OOD Dataset: Places
2022-09-27 14:14:06,687 - INFO - MSP AUROC [0.8677687142857142]
2022-09-27 14:14:06,687 - INFO - MSP TNR [0.3883]
2022-09-27 14:14:06,687 - INFO - MSP AUOUT [0.936742069534727]
2022-09-27 14:14:06,687 - INFO - ODIN AUROC [0.8795146]
2022-09-27 14:14:06,687 - INFO - ODIN TNR [0.3751]
2022-09-27 14:14:06,687 - INFO - ODIN AUOUT [0.9402201933126757]
2022-09-27 14:14:06,687 - INFO - OOD Dataset: Textures
2022-09-27 14:14:06,687 - INFO - MSP AUROC [0.8044154002026342]
2022-09-27 14:14:06,687 - INFO - MSP TNR [0.3101063829787234]
2022-09-27 14:14:06,687 - INFO - MSP AUOUT [0.8554903145526175]
2022-09-27 14:14:06,687 - INFO - ODIN AUROC [0.8287706180344478]
2022-09-27 14:14:06,687 - INFO - ODIN TNR [0.2937943262411348]
2022-09-27 14:14:06,687 - INFO - ODIN AUOUT [0.8643947276664984]
2022-09-27 14:14:06,687 - INFO - OOD Dataset: balanced100-coarseood
2022-09-27 14:14:06,687 - INFO - MSP AUROC [0.9198361904761905]
2022-09-27 14:14:06,687 - INFO - MSP TNR [0.5880000000000001]
2022-09-27 14:14:06,687 - INFO - MSP AUOUT [0.6911931596725882]
2022-09-27 14:14:06,687 - INFO - ODIN AUROC [0.9321287619047619]
2022-09-27 14:14:06,687 - INFO - ODIN TNR [0.6013333333333333]
2022-09-27 14:14:06,687 - INFO - ODIN AUOUT [0.7092077275633002]
2022-09-27 14:14:06,687 - INFO - OOD Dataset: balanced100-mediumood
2022-09-27 14:14:06,688 - INFO - MSP AUROC [0.5905188571428572]
2022-09-27 14:14:06,688 - INFO - MSP TNR [0.028000000000000025]
2022-09-27 14:14:06,688 - INFO - MSP AUOUT [0.07830712851381086]
2022-09-27 14:14:06,688 - INFO - ODIN AUROC [0.5612365714285714]
2022-09-27 14:14:06,688 - INFO - ODIN TNR [0.016000000000000014]
2022-09-27 14:14:06,688 - INFO - ODIN AUOUT [0.07303844060487504]
2022-09-27 14:14:06,688 - INFO - OOD Dataset: balanced100-fineood
2022-09-27 14:14:06,688 - INFO - MSP AUROC [0.7072091428571428]
2022-09-27 14:14:06,688 - INFO - MSP TNR [0.17000000000000004]
2022-09-27 14:14:06,688 - INFO - MSP AUOUT [0.2528428227859383]
2022-09-27 14:14:06,688 - INFO - ODIN AUROC [0.7403679999999999]
2022-09-27 14:14:06,688 - INFO - ODIN TNR [0.16800000000000004]
2022-09-27 14:14:06,688 - INFO - ODIN AUOUT [0.2648817856215333]
2022-09-27 14:14:06,688 - INFO - OOD Dataset: balanced100-finemediumood
2022-09-27 14:14:06,688 - INFO - MSP AUROC [0.668312380952381]
2022-09-27 14:14:06,688 - INFO - MSP TNR [0.1226666666666667]
2022-09-27 14:14:06,688 - INFO - MSP AUOUT [0.28415676530505657]
2022-09-27 14:14:06,688 - INFO - ODIN AUROC [0.6806575238095238]
2022-09-27 14:14:06,688 - INFO - ODIN TNR [0.11733333333333329]
2022-09-27 14:14:06,688 - INFO - ODIN AUOUT [0.288294223018437]
