2022-09-26 22:49:49,272 - INFO - ==> Preparing data..
2022-09-26 22:49:49,746 - INFO - # ID Train: 89972
2022-09-26 22:49:49,746 - INFO - # ID Test:  3500
2022-09-26 22:49:49,746 - INFO - # OOD Test: 1500
2022-09-26 22:49:49,746 - INFO - checkpoint filename: experiments/balanced100/cascade/pruned-wn/R0_oep2/checkpoint.pt
2022-09-26 22:49:49,746 - INFO - log filename: experiments/balanced100/cascade/pruned-wn/R0_oep2/train.log
2022-09-26 22:49:49,746 - INFO - ********************************************************
2022-09-26 22:49:49,746 - INFO - Starting Iter: 0 / 1
2022-09-26 22:49:49,746 - INFO - ********************************************************
2022-09-26 22:50:00,230 - INFO - cuda
2022-09-26 22:50:00,727 - INFO - 
Epoch: 0
2022-09-26 22:50:00,727 - INFO - 
Learning Rate: 0.0100
2022-09-26 22:50:00,727 - INFO - Synset CE Weight: 0.0
Soft prediction CE Weight: 1.0
Outlier Exposure Weight: 0.20000000298023224
2022-09-26 22:51:43,481 - INFO - [Step=250]	Loss=39.4250	311.4 examples/second
2022-09-26 22:53:14,525 - INFO - [Step=500]	Loss=35.0338	351.5 examples/second
2022-09-26 22:54:36,461 - INFO - Test Loss=11.1819, Test pred acc=0.0449, Test mean synset acc=0.4719
2022-09-26 22:54:36,462 - INFO - Error Depth: [  91.  299. 1147. 1097.  545.  200.  121.]
2022-09-26 22:54:36,462 - INFO - Saving...
2022-09-26 22:54:36,956 - INFO - Epoch time: 276.2286014556885
2022-09-26 22:54:36,956 - INFO - 
Epoch: 1
2022-09-26 22:54:36,956 - INFO - 
Learning Rate: 0.0280
2022-09-26 22:54:36,956 - INFO - Synset CE Weight: 0.0
Soft prediction CE Weight: 1.0
Outlier Exposure Weight: 0.20000000298023224
2022-09-26 22:54:56,634 - INFO - [Step=750]	Loss=34.3759	1626.3 examples/second
2022-09-26 22:56:28,212 - INFO - [Step=1000]	Loss=33.9795	349.4 examples/second
2022-09-26 22:57:59,936 - INFO - [Step=1250]	Loss=33.2199	348.9 examples/second
2022-09-26 22:59:05,089 - INFO - Test Loss=10.9553, Test pred acc=0.1003, Test mean synset acc=0.5330
2022-09-26 22:59:05,090 - INFO - Error Depth: [ 135.  347. 1118. 1017.  458.  162.  263.]
2022-09-26 22:59:05,090 - INFO - Saving...
2022-09-26 22:59:05,602 - INFO - Epoch time: 268.6460659503937
2022-09-26 22:59:05,602 - INFO - 
Epoch: 2
2022-09-26 22:59:05,603 - INFO - 
Learning Rate: 0.0460
2022-09-26 22:59:05,603 - INFO - Synset CE Weight: 0.0
Soft prediction CE Weight: 1.0
Outlier Exposure Weight: 0.20000000298023224
2022-09-26 22:59:42,297 - INFO - [Step=1500]	Loss=32.7593	872.1 examples/second
2022-09-26 23:01:14,321 - INFO - [Step=1750]	Loss=32.6385	347.7 examples/second
2022-09-26 23:02:46,018 - INFO - [Step=2000]	Loss=31.9784	349.0 examples/second
2022-09-26 23:03:33,889 - INFO - Test Loss=10.5688, Test pred acc=0.1354, Test mean synset acc=0.5605
2022-09-26 23:03:33,890 - INFO - Error Depth: [ 156.  370. 1072.  995.  430.  149.  328.]
2022-09-26 23:03:33,891 - INFO - Saving...
2022-09-26 23:03:34,397 - INFO - Epoch time: 268.7947299480438
2022-09-26 23:03:34,397 - INFO - 
Epoch: 3
2022-09-26 23:03:34,398 - INFO - 
Learning Rate: 0.0640
2022-09-26 23:03:34,398 - INFO - Synset CE Weight: 0.0
Soft prediction CE Weight: 1.0
Outlier Exposure Weight: 0.20000000298023224
2022-09-26 23:04:28,627 - INFO - [Step=2250]	Loss=31.5063	590.1 examples/second
2022-09-26 23:06:00,764 - INFO - [Step=2500]	Loss=31.5288	347.3 examples/second
2022-09-26 23:08:15,240 - INFO - [Step=2750]	Loss=31.1323	238.0 examples/second
2022-09-26 23:09:03,582 - INFO - Test Loss=10.7052, Test pred acc=0.1511, Test mean synset acc=0.5798
2022-09-26 23:09:03,583 - INFO - Error Depth: [ 181.  395. 1052.  927.  423.  148.  374.]
2022-09-26 23:09:03,585 - INFO - Saving...
2022-09-26 23:09:04,135 - INFO - Epoch time: 329.7372291088104
2022-09-26 23:09:04,135 - INFO - 
Epoch: 4
2022-09-26 23:09:04,135 - INFO - 
Learning Rate: 0.1000
2022-09-26 23:09:04,135 - INFO - Synset CE Weight: 0.0
Soft prediction CE Weight: 1.0
Outlier Exposure Weight: 0.20000000298023224
2022-09-26 23:10:56,287 - INFO - [Step=3000]	Loss=31.2550	285.3 examples/second
2022-09-26 23:13:18,094 - INFO - [Step=3250]	Loss=31.0361	225.7 examples/second
2022-09-26 23:15:44,160 - INFO - [Step=3500]	Loss=30.4654	219.1 examples/second
2022-09-26 23:16:02,894 - INFO - Test Loss=10.5637, Test pred acc=0.1894, Test mean synset acc=0.5783
2022-09-26 23:16:02,895 - INFO - Error Depth: [ 122.  359. 1030.  924.  410.  137.  518.]
2022-09-26 23:16:02,895 - INFO - Saving...
2022-09-26 23:16:03,408 - INFO - Epoch time: 419.27343940734863
2022-09-26 23:16:03,409 - INFO - 
Epoch: 5
2022-09-26 23:16:03,409 - INFO - 
Learning Rate: 0.1000
2022-09-26 23:16:03,409 - INFO - Synset CE Weight: 0.0
Soft prediction CE Weight: 1.0
Outlier Exposure Weight: 0.20000000298023224
2022-09-26 23:18:26,113 - INFO - [Step=3750]	Loss=29.9433	224.2 examples/second
2022-09-26 23:20:43,205 - INFO - [Step=4000]	Loss=29.6059	233.4 examples/second
2022-09-26 23:22:25,968 - INFO - Test Loss=10.6065, Test pred acc=0.2171, Test mean synset acc=0.6215
2022-09-26 23:22:25,969 - INFO - Error Depth: [154. 438. 909. 875. 353. 155. 616.]
2022-09-26 23:22:25,969 - INFO - Saving...
2022-09-26 23:22:26,455 - INFO - Epoch time: 383.04654026031494
2022-09-26 23:22:26,456 - INFO - 
Epoch: 6
2022-09-26 23:22:26,456 - INFO - 
Learning Rate: 0.1000
2022-09-26 23:22:26,456 - INFO - Synset CE Weight: 0.0
Soft prediction CE Weight: 1.0
Outlier Exposure Weight: 0.20000000298023224
2022-09-26 23:22:40,974 - INFO - [Step=4250]	Loss=28.8518	2204.4 examples/second
2022-09-26 23:24:13,338 - INFO - [Step=4500]	Loss=28.9346	346.5 examples/second
2022-09-26 23:25:45,150 - INFO - [Step=4750]	Loss=28.5745	348.5 examples/second
2022-09-26 23:27:19,850 - INFO - Test Loss=10.6049, Test pred acc=0.2429, Test mean synset acc=0.6297
2022-09-26 23:27:19,851 - INFO - Error Depth: [140. 377. 911. 807. 358. 147. 760.]
2022-09-26 23:27:19,851 - INFO - Saving...
2022-09-26 23:27:20,388 - INFO - Epoch time: 293.9319677352905
2022-09-26 23:27:20,388 - INFO - 
Epoch: 7
2022-09-26 23:27:20,388 - INFO - 
Learning Rate: 0.1000
2022-09-26 23:27:20,388 - INFO - Synset CE Weight: 0.0
Soft prediction CE Weight: 1.0
Outlier Exposure Weight: 0.20000000298023224
2022-09-26 23:27:51,870 - INFO - [Step=5000]	Loss=28.0741	1016.5 examples/second
2022-09-26 23:29:24,070 - INFO - [Step=5250]	Loss=27.9638	347.1 examples/second
2022-09-26 23:31:18,198 - INFO - [Step=5500]	Loss=27.6581	280.4 examples/second
2022-09-26 23:32:38,328 - INFO - Test Loss=10.3150, Test pred acc=0.2609, Test mean synset acc=0.6427
2022-09-26 23:32:38,329 - INFO - Error Depth: [154. 443. 835. 793. 366. 150. 759.]
2022-09-26 23:32:38,329 - INFO - Saving...
2022-09-26 23:32:38,881 - INFO - Epoch time: 318.4925420284271
2022-09-26 23:32:38,881 - INFO - 
Epoch: 8
2022-09-26 23:32:38,881 - INFO - 
Learning Rate: 0.1000
2022-09-26 23:32:38,881 - INFO - Synset CE Weight: 0.0
Soft prediction CE Weight: 1.0
Outlier Exposure Weight: 0.20000000298023224
2022-09-26 23:33:58,626 - INFO - [Step=5750]	Loss=27.4675	401.3 examples/second
2022-09-26 23:36:18,422 - INFO - [Step=6000]	Loss=27.0941	228.9 examples/second
2022-09-26 23:38:30,300 - INFO - [Step=6250]	Loss=27.1287	242.7 examples/second
2022-09-26 23:39:27,085 - INFO - Test Loss=10.2699, Test pred acc=0.2897, Test mean synset acc=0.6530
2022-09-26 23:39:27,086 - INFO - Error Depth: [173. 362. 826. 748. 362. 149. 880.]
2022-09-26 23:39:27,086 - INFO - Saving...
2022-09-26 23:39:27,662 - INFO - Epoch time: 408.7811396121979
2022-09-26 23:39:27,662 - INFO - 
Epoch: 9
2022-09-26 23:39:27,662 - INFO - 
Learning Rate: 0.1000
2022-09-26 23:39:27,663 - INFO - Synset CE Weight: 0.0
Soft prediction CE Weight: 1.0
Outlier Exposure Weight: 0.20000000298023224
2022-09-26 23:41:10,437 - INFO - [Step=6500]	Loss=26.6119	311.4 examples/second
2022-09-26 23:43:38,854 - INFO - [Step=6750]	Loss=26.5962	215.6 examples/second
2022-09-26 23:45:59,926 - INFO - [Step=7000]	Loss=26.3676	226.8 examples/second
2022-09-26 23:46:26,842 - INFO - Test Loss=10.0552, Test pred acc=0.3283, Test mean synset acc=0.6819
2022-09-26 23:46:26,843 - INFO - Error Depth: [ 153.  370.  777.  740.  306.  122. 1032.]
2022-09-26 23:46:26,843 - INFO - Saving...
2022-09-26 23:46:27,429 - INFO - Epoch time: 419.76681303977966
2022-09-26 23:46:27,429 - INFO - 
Epoch: 10
2022-09-26 23:46:27,430 - INFO - 
Learning Rate: 0.1000
2022-09-26 23:46:27,430 - INFO - Synset CE Weight: 0.0
Soft prediction CE Weight: 1.0
Outlier Exposure Weight: 0.20000000298023224
2022-09-26 23:48:35,141 - INFO - [Step=7250]	Loss=26.1009	250.6 examples/second
2022-09-26 23:51:00,994 - INFO - [Step=7500]	Loss=25.7345	219.4 examples/second
2022-09-26 23:53:27,321 - INFO - Test Loss=10.0577, Test pred acc=0.3183, Test mean synset acc=0.6771
2022-09-26 23:53:27,322 - INFO - Error Depth: [ 117.  349.  780.  732.  301.  142. 1079.]
2022-09-26 23:53:27,322 - INFO - Epoch time: 419.89274191856384
2022-09-26 23:53:27,322 - INFO - 
Epoch: 11
2022-09-26 23:53:27,322 - INFO - 
Learning Rate: 0.1000
2022-09-26 23:53:27,322 - INFO - Synset CE Weight: 0.0
Soft prediction CE Weight: 1.0
Outlier Exposure Weight: 0.20000000298023224
2022-09-26 23:53:40,390 - INFO - [Step=7750]	Loss=25.2363	2449.0 examples/second
2022-09-26 23:56:00,409 - INFO - [Step=8000]	Loss=25.4770	228.5 examples/second
2022-09-26 23:58:29,465 - INFO - [Step=8250]	Loss=25.1998	214.7 examples/second
2022-09-27 00:00:29,133 - INFO - Test Loss=10.0844, Test pred acc=0.3497, Test mean synset acc=0.6940
2022-09-27 00:00:29,134 - INFO - Error Depth: [ 132.  350.  740.  720.  291.  119. 1148.]
2022-09-27 00:00:29,135 - INFO - Saving...
2022-09-27 00:00:29,682 - INFO - Epoch time: 422.35975432395935
2022-09-27 00:00:29,682 - INFO - 
Epoch: 12
2022-09-27 00:00:29,682 - INFO - 
Learning Rate: 0.1000
2022-09-27 00:00:29,683 - INFO - Synset CE Weight: 0.0
Soft prediction CE Weight: 1.0
Outlier Exposure Weight: 0.20000000298023224
2022-09-27 00:01:02,060 - INFO - [Step=8500]	Loss=25.0525	988.4 examples/second
2022-09-27 00:03:27,291 - INFO - [Step=8750]	Loss=24.8744	220.3 examples/second
2022-09-27 00:05:53,358 - INFO - [Step=9000]	Loss=24.8852	219.1 examples/second
2022-09-27 00:07:31,617 - INFO - Test Loss=9.7042, Test pred acc=0.3926, Test mean synset acc=0.7054
2022-09-27 00:07:31,618 - INFO - Error Depth: [ 121.  302.  716.  683.  269.  131. 1278.]
2022-09-27 00:07:31,619 - INFO - Saving...
2022-09-27 00:07:32,085 - INFO - Epoch time: 422.40303659439087
2022-09-27 00:07:32,086 - INFO - 
Epoch: 13
2022-09-27 00:07:32,086 - INFO - 
Learning Rate: 0.1000
2022-09-27 00:07:32,086 - INFO - Synset CE Weight: 0.0
Soft prediction CE Weight: 1.0
Outlier Exposure Weight: 0.20000000298023224
2022-09-27 00:08:38,563 - INFO - [Step=9250]	Loss=24.1681	481.4 examples/second
2022-09-27 00:11:00,461 - INFO - [Step=9500]	Loss=24.2731	225.5 examples/second
2022-09-27 00:13:25,259 - INFO - [Step=9750]	Loss=24.4468	221.0 examples/second
2022-09-27 00:14:32,931 - INFO - Test Loss=9.6687, Test pred acc=0.3880, Test mean synset acc=0.7075
2022-09-27 00:14:32,932 - INFO - Error Depth: [  91.  348.  700.  657.  300.  151. 1253.]
2022-09-27 00:14:32,932 - INFO - Epoch time: 420.8463325500488
2022-09-27 00:14:32,932 - INFO - 
Epoch: 14
2022-09-27 00:14:32,932 - INFO - 
Learning Rate: 0.1000
2022-09-27 00:14:32,932 - INFO - Synset CE Weight: 0.0
Soft prediction CE Weight: 1.0
Outlier Exposure Weight: 0.20000000298023224
2022-09-27 00:16:04,047 - INFO - [Step=10000]	Loss=24.0211	351.2 examples/second
2022-09-27 00:18:29,167 - INFO - [Step=10250]	Loss=24.1470	220.5 examples/second
2022-09-27 00:20:55,142 - INFO - [Step=10500]	Loss=24.2782	219.2 examples/second
2022-09-27 00:21:34,826 - INFO - Test Loss=9.8473, Test pred acc=0.3763, Test mean synset acc=0.7099
2022-09-27 00:21:34,827 - INFO - Error Depth: [ 102.  366.  727.  649.  294.  132. 1230.]
2022-09-27 00:21:34,827 - INFO - Epoch time: 421.89481568336487
2022-09-27 00:21:34,827 - INFO - 
Epoch: 15
2022-09-27 00:21:34,827 - INFO - 
Learning Rate: 0.1000
2022-09-27 00:21:34,827 - INFO - Synset CE Weight: 0.0
Soft prediction CE Weight: 1.0
Outlier Exposure Weight: 0.20000000298023224
2022-09-27 00:23:38,018 - INFO - [Step=10750]	Loss=23.8368	259.8 examples/second
2022-09-27 00:25:57,761 - INFO - [Step=11000]	Loss=23.8586	229.0 examples/second
2022-09-27 00:28:26,573 - INFO - Test Loss=11.4524, Test pred acc=0.3646, Test mean synset acc=0.6909
2022-09-27 00:28:26,574 - INFO - Error Depth: [ 112.  372.  754.  666.  328.  129. 1139.]
2022-09-27 00:28:26,574 - INFO - Epoch time: 411.7469964027405
2022-09-27 00:28:26,574 - INFO - 
Epoch: 16
2022-09-27 00:28:26,574 - INFO - 
Learning Rate: 0.1000
2022-09-27 00:28:26,574 - INFO - Synset CE Weight: 0.0
Soft prediction CE Weight: 1.0
Outlier Exposure Weight: 0.20000000298023224
2022-09-27 00:28:31,049 - INFO - [Step=11250]	Loss=24.3482	7152.9 examples/second
2022-09-27 00:31:01,605 - INFO - [Step=11500]	Loss=23.6036	212.5 examples/second
2022-09-27 00:33:20,808 - INFO - [Step=11750]	Loss=23.3222	229.9 examples/second
2022-09-27 00:35:27,112 - INFO - Test Loss=10.2399, Test pred acc=0.3997, Test mean synset acc=0.7123
2022-09-27 00:35:27,113 - INFO - Error Depth: [ 103.  309.  685.  696.  274.  116. 1317.]
2022-09-27 00:35:27,113 - INFO - Saving...
2022-09-27 00:35:27,628 - INFO - Epoch time: 421.0534863471985
2022-09-27 00:35:27,628 - INFO - 
Epoch: 17
2022-09-27 00:35:27,628 - INFO - 
Learning Rate: 0.1000
2022-09-27 00:35:27,628 - INFO - Synset CE Weight: 0.0
Soft prediction CE Weight: 1.0
Outlier Exposure Weight: 0.20000000298023224
2022-09-27 00:36:04,169 - INFO - [Step=12000]	Loss=23.2526	875.8 examples/second
2022-09-27 00:38:29,112 - INFO - [Step=12250]	Loss=22.9457	220.8 examples/second
2022-09-27 00:40:56,474 - INFO - [Step=12500]	Loss=23.0463	217.2 examples/second
2022-09-27 00:42:28,698 - INFO - Test Loss=10.2678, Test pred acc=0.4394, Test mean synset acc=0.7374
2022-09-27 00:42:28,699 - INFO - Error Depth: [ 110.  309.  670.  595.  263.  104. 1449.]
2022-09-27 00:42:28,700 - INFO - Saving...
2022-09-27 00:42:29,255 - INFO - Epoch time: 421.62655329704285
2022-09-27 00:42:29,255 - INFO - 
Epoch: 18
2022-09-27 00:42:29,255 - INFO - 
Learning Rate: 0.1000
2022-09-27 00:42:29,255 - INFO - Synset CE Weight: 0.0
Soft prediction CE Weight: 1.0
Outlier Exposure Weight: 0.20000000298023224
2022-09-27 00:43:28,902 - INFO - [Step=12750]	Loss=22.6844	536.5 examples/second
2022-09-27 00:45:57,837 - INFO - [Step=13000]	Loss=22.6193	214.9 examples/second
2022-09-27 00:48:20,609 - INFO - [Step=13250]	Loss=22.6959	224.1 examples/second
2022-09-27 00:49:31,831 - INFO - Test Loss=9.6260, Test pred acc=0.4400, Test mean synset acc=0.7341
2022-09-27 00:49:31,832 - INFO - Error Depth: [  93.  288.  656.  638.  249.  123. 1453.]
2022-09-27 00:49:31,834 - INFO - Saving...
2022-09-27 00:49:32,383 - INFO - Epoch time: 423.12838554382324
2022-09-27 00:49:32,384 - INFO - 
Epoch: 19
2022-09-27 00:49:32,384 - INFO - 
Learning Rate: 0.1000
2022-09-27 00:49:32,384 - INFO - Synset CE Weight: 0.0
Soft prediction CE Weight: 1.0
Outlier Exposure Weight: 0.20000000298023224
2022-09-27 00:50:58,992 - INFO - [Step=13500]	Loss=22.5280	369.5 examples/second
2022-09-27 00:53:25,171 - INFO - [Step=13750]	Loss=22.3140	218.9 examples/second
2022-09-27 00:55:47,937 - INFO - [Step=14000]	Loss=22.5879	224.1 examples/second
2022-09-27 00:56:33,644 - INFO - Test Loss=9.6503, Test pred acc=0.4740, Test mean synset acc=0.7531
2022-09-27 00:56:33,645 - INFO - Error Depth: [  85.  260.  617.  604.  224.  120. 1590.]
2022-09-27 00:56:33,647 - INFO - Saving...
2022-09-27 00:56:34,249 - INFO - Epoch time: 421.8650987148285
2022-09-27 00:56:34,249 - INFO - 
Epoch: 20
2022-09-27 00:56:34,249 - INFO - 
Learning Rate: 0.1000
2022-09-27 00:56:34,249 - INFO - Synset CE Weight: 0.0
Soft prediction CE Weight: 1.0
Outlier Exposure Weight: 0.20000000298023224
2022-09-27 00:58:28,089 - INFO - [Step=14250]	Loss=22.0582	281.1 examples/second
2022-09-27 01:00:47,794 - INFO - [Step=14500]	Loss=22.1330	229.1 examples/second
2022-09-27 01:03:16,434 - INFO - [Step=14750]	Loss=22.1845	215.3 examples/second
2022-09-27 01:03:37,260 - INFO - Test Loss=9.8602, Test pred acc=0.4289, Test mean synset acc=0.7245
2022-09-27 01:03:37,261 - INFO - Error Depth: [  99.  260.  664.  668.  264.  120. 1425.]
2022-09-27 01:03:37,261 - INFO - Epoch time: 423.0121579170227
2022-09-27 01:03:37,261 - INFO - 
Epoch: 21
2022-09-27 01:03:37,261 - INFO - 
Learning Rate: 0.1000
2022-09-27 01:03:37,262 - INFO - Synset CE Weight: 0.0
Soft prediction CE Weight: 1.0
Outlier Exposure Weight: 0.20000000298023224
2022-09-27 01:05:57,124 - INFO - [Step=15000]	Loss=22.0209	228.8 examples/second
2022-09-27 01:08:17,137 - INFO - [Step=15250]	Loss=21.8484	228.6 examples/second
2022-09-27 01:10:38,435 - INFO - Test Loss=9.4907, Test pred acc=0.4283, Test mean synset acc=0.7309
2022-09-27 01:10:38,481 - INFO - Error Depth: [  90.  301.  641.  631.  271.  125. 1441.]
2022-09-27 01:10:38,481 - INFO - Epoch time: 421.2197992801666
2022-09-27 01:10:38,481 - INFO - 
Epoch: 22
2022-09-27 01:10:38,481 - INFO - 
Learning Rate: 0.1000
2022-09-27 01:10:38,482 - INFO - Synset CE Weight: 0.0
Soft prediction CE Weight: 1.0
Outlier Exposure Weight: 0.20000000298023224
2022-09-27 01:11:02,365 - INFO - [Step=15500]	Loss=22.2819	1339.9 examples/second
2022-09-27 01:13:26,340 - INFO - [Step=15750]	Loss=21.6939	222.3 examples/second
2022-09-27 01:15:47,898 - INFO - [Step=16000]	Loss=21.5798	226.1 examples/second
2022-09-27 01:17:39,559 - INFO - Test Loss=9.4674, Test pred acc=0.4474, Test mean synset acc=0.7452
2022-09-27 01:17:39,600 - INFO - Error Depth: [ 108.  354.  586.  613.  264.  109. 1466.]
2022-09-27 01:17:39,600 - INFO - Epoch time: 421.11911725997925
2022-09-27 01:17:39,601 - INFO - 
Epoch: 23
2022-09-27 01:17:39,601 - INFO - 
Learning Rate: 0.1000
2022-09-27 01:17:39,601 - INFO - Synset CE Weight: 0.0
Soft prediction CE Weight: 1.0
Outlier Exposure Weight: 0.20000000298023224
2022-09-27 01:18:30,022 - INFO - [Step=16250]	Loss=21.9152	634.7 examples/second
2022-09-27 01:20:52,145 - INFO - [Step=16500]	Loss=21.3869	225.2 examples/second
2022-09-27 01:23:15,800 - INFO - [Step=16750]	Loss=21.3686	222.8 examples/second
2022-09-27 01:24:40,937 - INFO - Test Loss=9.5496, Test pred acc=0.4560, Test mean synset acc=0.7389
2022-09-27 01:24:40,938 - INFO - Error Depth: [  78.  253.  624.  635.  265.  101. 1544.]
2022-09-27 01:24:40,938 - INFO - Epoch time: 421.3378186225891
2022-09-27 01:24:40,938 - INFO - 
Epoch: 24
2022-09-27 01:24:40,939 - INFO - 
Learning Rate: 0.1000
2022-09-27 01:24:40,939 - INFO - Synset CE Weight: 0.0
Soft prediction CE Weight: 1.0
Outlier Exposure Weight: 0.20000000298023224
2022-09-27 01:25:55,967 - INFO - [Step=17000]	Loss=20.9970	426.5 examples/second
2022-09-27 01:28:24,479 - INFO - [Step=17250]	Loss=21.2477	215.5 examples/second
2022-09-27 01:30:44,858 - INFO - [Step=17500]	Loss=21.5051	228.0 examples/second
2022-09-27 01:31:43,072 - INFO - Test Loss=9.1332, Test pred acc=0.5057, Test mean synset acc=0.7665
2022-09-27 01:31:43,073 - INFO - Error Depth: [  86.  264.  562.  567.  231.  112. 1678.]
2022-09-27 01:31:43,073 - INFO - Saving...
2022-09-27 01:31:43,692 - INFO - Epoch time: 422.7539813518524
2022-09-27 01:31:43,693 - INFO - 
Epoch: 25
2022-09-27 01:31:43,693 - INFO - 
Learning Rate: 0.1000
2022-09-27 01:31:43,693 - INFO - Synset CE Weight: 0.0
Soft prediction CE Weight: 1.0
Outlier Exposure Weight: 0.20000000298023224
2022-09-27 01:33:24,202 - INFO - [Step=17750]	Loss=20.9791	318.4 examples/second
2022-09-27 01:35:48,944 - INFO - [Step=18000]	Loss=21.2562	221.1 examples/second
2022-09-27 01:38:13,902 - INFO - [Step=18250]	Loss=21.2689	220.8 examples/second
2022-09-27 01:38:40,336 - INFO - Test Loss=9.0842, Test pred acc=0.4786, Test mean synset acc=0.7447
2022-09-27 01:38:40,337 - INFO - Error Depth: [  76.  251.  615.  614.  247.  111. 1586.]
2022-09-27 01:38:40,338 - INFO - Epoch time: 416.6448094844818
2022-09-27 01:38:40,338 - INFO - 
Epoch: 26
2022-09-27 01:38:40,338 - INFO - 
Learning Rate: 0.1000
2022-09-27 01:38:40,338 - INFO - Synset CE Weight: 0.0
Soft prediction CE Weight: 1.0
Outlier Exposure Weight: 0.20000000298023224
2022-09-27 01:40:50,193 - INFO - [Step=18500]	Loss=20.9060	246.4 examples/second
2022-09-27 01:43:12,479 - INFO - [Step=18750]	Loss=20.9619	224.9 examples/second
2022-09-27 01:45:38,828 - INFO - Test Loss=8.9770, Test pred acc=0.5157, Test mean synset acc=0.7711
2022-09-27 01:45:38,829 - INFO - Error Depth: [  77.  237.  556.  544.  227.   97. 1762.]
2022-09-27 01:45:38,830 - INFO - Saving...
2022-09-27 01:45:39,559 - INFO - Epoch time: 419.22112107276917
2022-09-27 01:45:39,559 - INFO - 
Epoch: 27
2022-09-27 01:45:39,559 - INFO - 
Learning Rate: 0.1000
2022-09-27 01:45:39,559 - INFO - Synset CE Weight: 0.0
Soft prediction CE Weight: 1.0
Outlier Exposure Weight: 0.20000000298023224
2022-09-27 01:45:52,915 - INFO - [Step=19000]	Loss=20.4224	2396.3 examples/second
2022-09-27 01:48:10,879 - INFO - [Step=19250]	Loss=20.6055	231.9 examples/second
2022-09-27 01:50:39,599 - INFO - [Step=19500]	Loss=20.8536	215.2 examples/second
2022-09-27 01:52:39,013 - INFO - Test Loss=10.8296, Test pred acc=0.3791, Test mean synset acc=0.7006
2022-09-27 01:52:39,014 - INFO - Error Depth: [ 114.  347.  677.  671.  291.  123. 1277.]
2022-09-27 01:52:39,014 - INFO - Epoch time: 419.4552466869354
2022-09-27 01:52:39,014 - INFO - 
Epoch: 28
2022-09-27 01:52:39,015 - INFO - 
Learning Rate: 0.1000
2022-09-27 01:52:39,015 - INFO - Synset CE Weight: 0.0
Soft prediction CE Weight: 1.0
Outlier Exposure Weight: 0.20000000298023224
2022-09-27 01:53:19,730 - INFO - [Step=19750]	Loss=20.4772	786.0 examples/second
2022-09-27 01:55:45,499 - INFO - [Step=20000]	Loss=20.5039	219.5 examples/second
2022-09-27 01:58:06,334 - INFO - [Step=20250]	Loss=20.5159	227.2 examples/second
2022-09-27 01:59:40,981 - INFO - Test Loss=8.9756, Test pred acc=0.4880, Test mean synset acc=0.7575
2022-09-27 01:59:40,982 - INFO - Error Depth: [  56.  256.  636.  553.  244.  127. 1628.]
2022-09-27 01:59:40,982 - INFO - Epoch time: 421.96803760528564
2022-09-27 01:59:40,983 - INFO - 
Epoch: 29
2022-09-27 01:59:40,983 - INFO - 
Learning Rate: 0.0100
2022-09-27 01:59:40,983 - INFO - Synset CE Weight: 0.0
Soft prediction CE Weight: 1.0
Outlier Exposure Weight: 0.20000000298023224
2022-09-27 02:00:48,332 - INFO - [Step=20500]	Loss=18.7305	475.1 examples/second
2022-09-27 02:02:49,519 - INFO - [Step=20750]	Loss=18.0677	264.1 examples/second
2022-09-27 02:04:21,442 - INFO - [Step=21000]	Loss=17.6188	348.1 examples/second
2022-09-27 02:05:02,790 - INFO - Test Loss=8.1574, Test pred acc=0.6383, Test mean synset acc=0.8304
2022-09-27 02:05:02,791 - INFO - Error Depth: [  58.  165.  433.  434.  153.   86. 2171.]
2022-09-27 02:05:02,791 - INFO - Saving...
2022-09-27 02:05:04,032 - INFO - Epoch time: 323.049195766449
2022-09-27 02:05:04,032 - INFO - 
Epoch: 30
2022-09-27 02:05:04,032 - INFO - 
Learning Rate: 0.0100
2022-09-27 02:05:04,033 - INFO - Synset CE Weight: 0.0
Soft prediction CE Weight: 1.0
Outlier Exposure Weight: 0.20000000298023224
2022-09-27 02:06:05,800 - INFO - [Step=21250]	Loss=17.4176	518.1 examples/second
2022-09-27 02:07:37,973 - INFO - [Step=21500]	Loss=17.2826	347.2 examples/second
2022-09-27 02:09:09,670 - INFO - [Step=21750]	Loss=17.2411	349.0 examples/second
2022-09-27 02:09:33,460 - INFO - Test Loss=8.2256, Test pred acc=0.6349, Test mean synset acc=0.8313
2022-09-27 02:09:33,461 - INFO - Error Depth: [  57.  162.  434.  436.  152.   89. 2170.]
2022-09-27 02:09:33,461 - INFO - Epoch time: 269.4288034439087
2022-09-27 02:09:33,461 - INFO - 
Epoch: 31
2022-09-27 02:09:33,461 - INFO - 
Learning Rate: 0.0100
2022-09-27 02:09:33,461 - INFO - Synset CE Weight: 0.0
Soft prediction CE Weight: 1.0
Outlier Exposure Weight: 0.20000000298023224
2022-09-27 02:10:52,032 - INFO - [Step=22000]	Loss=16.9909	407.3 examples/second
2022-09-27 02:12:24,315 - INFO - [Step=22250]	Loss=17.0701	346.8 examples/second
2022-09-27 02:14:02,521 - INFO - Test Loss=8.0839, Test pred acc=0.6526, Test mean synset acc=0.8373
2022-09-27 02:14:02,522 - INFO - Error Depth: [  59.  153.  421.  419.  146.   86. 2216.]
2022-09-27 02:14:02,522 - INFO - Saving...
2022-09-27 02:14:03,053 - INFO - Epoch time: 269.59141755104065
2022-09-27 02:14:03,053 - INFO - 
Epoch: 32
2022-09-27 02:14:03,053 - INFO - 
Learning Rate: 0.0100
2022-09-27 02:14:03,053 - INFO - Synset CE Weight: 0.0
Soft prediction CE Weight: 1.0
Outlier Exposure Weight: 0.20000000298023224
2022-09-27 02:14:07,009 - INFO - [Step=22500]	Loss=17.2792	8091.6 examples/second
2022-09-27 02:15:38,854 - INFO - [Step=22750]	Loss=16.7537	348.4 examples/second
2022-09-27 02:17:10,927 - INFO - [Step=23000]	Loss=16.7515	347.6 examples/second
2022-09-27 02:18:32,480 - INFO - Test Loss=8.0934, Test pred acc=0.6517, Test mean synset acc=0.8398
2022-09-27 02:18:32,481 - INFO - Error Depth: [  62.  156.  404.  417.  147.   84. 2230.]
2022-09-27 02:18:32,481 - INFO - Epoch time: 269.4280912876129
2022-09-27 02:18:32,481 - INFO - 
Epoch: 33
2022-09-27 02:18:32,481 - INFO - 
Learning Rate: 0.0100
2022-09-27 02:18:32,481 - INFO - Synset CE Weight: 0.0
Soft prediction CE Weight: 1.0
Outlier Exposure Weight: 0.20000000298023224
2022-09-27 02:18:53,540 - INFO - [Step=23250]	Loss=16.4071	1519.6 examples/second
2022-09-27 02:20:25,974 - INFO - [Step=23500]	Loss=16.4452	346.2 examples/second
2022-09-27 02:21:57,912 - INFO - [Step=23750]	Loss=16.6542	348.1 examples/second
2022-09-27 02:23:01,673 - INFO - Test Loss=8.0845, Test pred acc=0.6511, Test mean synset acc=0.8346
2022-09-27 02:23:01,674 - INFO - Error Depth: [  57.  143.  403.  426.  155.   89. 2227.]
2022-09-27 02:23:01,674 - INFO - Epoch time: 269.1929144859314
2022-09-27 02:23:01,674 - INFO - 
Epoch: 34
2022-09-27 02:23:01,674 - INFO - 
Learning Rate: 0.0100
2022-09-27 02:23:01,674 - INFO - Synset CE Weight: 0.0
Soft prediction CE Weight: 1.0
Outlier Exposure Weight: 0.20000000298023224
2022-09-27 02:23:40,460 - INFO - [Step=24000]	Loss=16.2454	825.1 examples/second
2022-09-27 02:25:12,803 - INFO - [Step=24250]	Loss=16.3365	346.5 examples/second
2022-09-27 02:26:44,398 - INFO - [Step=24500]	Loss=16.4348	349.4 examples/second
2022-09-27 02:27:31,077 - INFO - Test Loss=7.9778, Test pred acc=0.6609, Test mean synset acc=0.8413
2022-09-27 02:27:31,078 - INFO - Error Depth: [  55.  151.  396.  417.  140.   81. 2260.]
2022-09-27 02:27:31,079 - INFO - Saving...
2022-09-27 02:27:31,704 - INFO - Epoch time: 270.0302677154541
2022-09-27 02:27:31,705 - INFO - 
Epoch: 35
2022-09-27 02:27:31,705 - INFO - 
Learning Rate: 0.0100
2022-09-27 02:27:31,705 - INFO - Synset CE Weight: 0.0
Soft prediction CE Weight: 1.0
Outlier Exposure Weight: 0.20000000298023224
2022-09-27 02:28:27,354 - INFO - [Step=24750]	Loss=16.2097	575.0 examples/second
2022-09-27 02:29:59,257 - INFO - [Step=25000]	Loss=16.1898	348.2 examples/second
2022-09-27 02:31:30,779 - INFO - [Step=25250]	Loss=16.2595	349.6 examples/second
2022-09-27 02:31:59,955 - INFO - Test Loss=8.1150, Test pred acc=0.6600, Test mean synset acc=0.8403
2022-09-27 02:31:59,956 - INFO - Error Depth: [  49.  143.  395.  420.  136.   85. 2272.]
2022-09-27 02:31:59,956 - INFO - Epoch time: 268.25109577178955
2022-09-27 02:31:59,956 - INFO - 
Epoch: 36
2022-09-27 02:31:59,956 - INFO - 
Learning Rate: 0.0100
2022-09-27 02:31:59,956 - INFO - Synset CE Weight: 0.0
Soft prediction CE Weight: 1.0
Outlier Exposure Weight: 0.20000000298023224
2022-09-27 02:33:13,361 - INFO - [Step=25500]	Loss=16.1384	435.9 examples/second
2022-09-27 02:34:45,497 - INFO - [Step=25750]	Loss=16.0555	347.3 examples/second
2022-09-27 02:36:17,014 - INFO - [Step=26000]	Loss=16.0640	349.7 examples/second
2022-09-27 02:36:29,294 - INFO - Test Loss=8.0164, Test pred acc=0.6637, Test mean synset acc=0.8410
2022-09-27 02:36:29,295 - INFO - Error Depth: [  55.  138.  408.  407.  147.   80. 2265.]
2022-09-27 02:36:29,295 - INFO - Saving...
2022-09-27 02:36:31,117 - INFO - Epoch time: 271.1609754562378
2022-09-27 02:36:31,117 - INFO - 
Epoch: 37
2022-09-27 02:36:31,117 - INFO - 
Learning Rate: 0.0100
2022-09-27 02:36:31,118 - INFO - Synset CE Weight: 0.0
Soft prediction CE Weight: 1.0
Outlier Exposure Weight: 0.20000000298023224
2022-09-27 02:38:01,433 - INFO - [Step=26250]	Loss=15.9170	354.3 examples/second
2022-09-27 02:39:33,415 - INFO - [Step=26500]	Loss=15.9609	347.9 examples/second
2022-09-27 02:40:59,939 - INFO - Test Loss=7.9723, Test pred acc=0.6663, Test mean synset acc=0.8405
2022-09-27 02:40:59,940 - INFO - Error Depth: [  50.  146.  390.  409.  144.   83. 2278.]
2022-09-27 02:40:59,940 - INFO - Saving...
2022-09-27 02:41:00,508 - INFO - Epoch time: 269.39086627960205
2022-09-27 02:41:00,509 - INFO - 
Epoch: 38
2022-09-27 02:41:00,509 - INFO - 
Learning Rate: 0.0100
2022-09-27 02:41:00,509 - INFO - Synset CE Weight: 0.0
Soft prediction CE Weight: 1.0
Outlier Exposure Weight: 0.20000000298023224
2022-09-27 02:41:15,987 - INFO - [Step=26750]	Loss=15.9114	2067.6 examples/second
2022-09-27 02:42:48,228 - INFO - [Step=27000]	Loss=15.7219	346.9 examples/second
2022-09-27 02:44:20,254 - INFO - [Step=27250]	Loss=15.8635	347.7 examples/second
2022-09-27 02:45:29,391 - INFO - Test Loss=7.9917, Test pred acc=0.6703, Test mean synset acc=0.8430
2022-09-27 02:45:29,393 - INFO - Error Depth: [  59.  117.  378.  408.  150.   84. 2304.]
2022-09-27 02:45:29,393 - INFO - Saving...
2022-09-27 02:45:29,961 - INFO - Epoch time: 269.4521496295929
2022-09-27 02:45:29,961 - INFO - 
Epoch: 39
2022-09-27 02:45:29,961 - INFO - 
Learning Rate: 0.0100
2022-09-27 02:45:29,961 - INFO - Synset CE Weight: 0.0
Soft prediction CE Weight: 1.0
Outlier Exposure Weight: 0.20000000298023224
2022-09-27 02:46:03,241 - INFO - [Step=27500]	Loss=15.7728	961.6 examples/second
2022-09-27 02:47:35,447 - INFO - [Step=27750]	Loss=15.5931	347.1 examples/second
2022-09-27 02:49:07,079 - INFO - [Step=28000]	Loss=15.6526	349.2 examples/second
2022-09-27 02:49:59,118 - INFO - Test Loss=8.0898, Test pred acc=0.6743, Test mean synset acc=0.8429
2022-09-27 02:49:59,119 - INFO - Error Depth: [  42.  133.  368.  404.  152.   87. 2314.]
2022-09-27 02:49:59,119 - INFO - Saving...
2022-09-27 02:49:59,649 - INFO - Epoch time: 269.6882064342499
2022-09-27 02:49:59,650 - INFO - 
Epoch: 40
2022-09-27 02:49:59,650 - INFO - 
Learning Rate: 0.0100
2022-09-27 02:49:59,650 - INFO - Synset CE Weight: 0.0
Soft prediction CE Weight: 1.0
Outlier Exposure Weight: 0.20000000298023224
2022-09-27 02:50:49,938 - INFO - [Step=28250]	Loss=15.5126	636.4 examples/second
2022-09-27 02:52:22,346 - INFO - [Step=28500]	Loss=15.5380	346.3 examples/second
2022-09-27 02:53:53,953 - INFO - [Step=28750]	Loss=15.5995	349.3 examples/second
2022-09-27 02:54:28,716 - INFO - Test Loss=7.9323, Test pred acc=0.6794, Test mean synset acc=0.8460
2022-09-27 02:54:28,717 - INFO - Error Depth: [  49.  133.  364.  402.  138.   84. 2330.]
2022-09-27 02:54:28,718 - INFO - Saving...
2022-09-27 02:54:29,247 - INFO - Epoch time: 269.5967712402344
2022-09-27 02:54:29,247 - INFO - 
Epoch: 41
2022-09-27 02:54:29,247 - INFO - 
Learning Rate: 0.0100
2022-09-27 02:54:29,247 - INFO - Synset CE Weight: 0.0
Soft prediction CE Weight: 1.0
Outlier Exposure Weight: 0.20000000298023224
2022-09-27 02:55:36,700 - INFO - [Step=29000]	Loss=15.3965	474.4 examples/second
2022-09-27 02:57:08,953 - INFO - [Step=29250]	Loss=15.4599	346.9 examples/second
2022-09-27 02:58:40,545 - INFO - [Step=29500]	Loss=15.4842	349.4 examples/second
2022-09-27 02:58:58,069 - INFO - Test Loss=7.9896, Test pred acc=0.6769, Test mean synset acc=0.8469
2022-09-27 02:58:58,070 - INFO - Error Depth: [  42.  131.  359.  400.  147.   84. 2337.]
2022-09-27 02:58:58,070 - INFO - Epoch time: 268.8231534957886
2022-09-27 02:58:58,070 - INFO - 
Epoch: 42
2022-09-27 02:58:58,070 - INFO - 
Learning Rate: 0.0100
2022-09-27 02:58:58,070 - INFO - Synset CE Weight: 0.0
Soft prediction CE Weight: 1.0
Outlier Exposure Weight: 0.20000000298023224
2022-09-27 03:00:22,981 - INFO - [Step=29750]	Loss=15.2639	376.9 examples/second
2022-09-27 03:01:55,184 - INFO - [Step=30000]	Loss=15.3601	347.1 examples/second
2022-09-27 03:03:27,691 - INFO - Test Loss=8.0535, Test pred acc=0.6717, Test mean synset acc=0.8402
2022-09-27 03:03:27,692 - INFO - Error Depth: [  53.  118.  371.  416.  156.   81. 2305.]
2022-09-27 03:03:27,693 - INFO - Epoch time: 269.6224045753479
2022-09-27 03:03:27,693 - INFO - 
Epoch: 43
2022-09-27 03:03:27,693 - INFO - 
Learning Rate: 0.0100
2022-09-27 03:03:27,693 - INFO - Synset CE Weight: 0.0
Soft prediction CE Weight: 1.0
Outlier Exposure Weight: 0.20000000298023224
2022-09-27 03:03:38,258 - INFO - [Step=30250]	Loss=15.0271	3029.1 examples/second
2022-09-27 03:05:10,138 - INFO - [Step=30500]	Loss=15.3236	348.3 examples/second
2022-09-27 03:06:42,018 - INFO - [Step=30750]	Loss=15.2958	348.3 examples/second
2022-09-27 03:07:56,758 - INFO - Test Loss=8.0240, Test pred acc=0.6766, Test mean synset acc=0.8435
2022-09-27 03:07:56,759 - INFO - Error Depth: [  51.  126.  338.  419.  140.   89. 2337.]
2022-09-27 03:07:56,759 - INFO - Epoch time: 269.0666356086731
2022-09-27 03:07:56,759 - INFO - 
Epoch: 44
2022-09-27 03:07:56,759 - INFO - 
Learning Rate: 0.0100
2022-09-27 03:07:56,760 - INFO - Synset CE Weight: 0.0
Soft prediction CE Weight: 1.0
Outlier Exposure Weight: 0.20000000298023224
2022-09-27 03:08:24,127 - INFO - [Step=31000]	Loss=15.0460	1169.3 examples/second
2022-09-27 03:09:56,051 - INFO - [Step=31250]	Loss=15.1631	348.1 examples/second
2022-09-27 03:11:27,900 - INFO - [Step=31500]	Loss=15.2195	348.4 examples/second
2022-09-27 03:12:25,423 - INFO - Test Loss=8.2532, Test pred acc=0.6617, Test mean synset acc=0.8356
2022-09-27 03:12:25,424 - INFO - Error Depth: [  41.  136.  378.  415.  155.   90. 2285.]
2022-09-27 03:12:25,424 - INFO - Epoch time: 268.66503286361694
2022-09-27 03:12:25,425 - INFO - 
Epoch: 45
2022-09-27 03:12:25,425 - INFO - 
Learning Rate: 0.0100
2022-09-27 03:12:25,425 - INFO - Synset CE Weight: 0.0
Soft prediction CE Weight: 1.0
Outlier Exposure Weight: 0.20000000298023224
2022-09-27 03:13:10,306 - INFO - [Step=31750]	Loss=14.8919	713.0 examples/second
2022-09-27 03:14:42,402 - INFO - [Step=32000]	Loss=15.1359	347.5 examples/second
2022-09-27 03:16:14,191 - INFO - [Step=32250]	Loss=15.1025	348.6 examples/second
2022-09-27 03:16:54,560 - INFO - Test Loss=7.9678, Test pred acc=0.6746, Test mean synset acc=0.8420
2022-09-27 03:16:54,560 - INFO - Error Depth: [  45.  135.  366.  401.  155.   89. 2309.]
2022-09-27 03:16:54,561 - INFO - Epoch time: 269.13609075546265
2022-09-27 03:16:54,561 - INFO - 
Epoch: 46
2022-09-27 03:16:54,561 - INFO - 
Learning Rate: 0.0100
2022-09-27 03:16:54,561 - INFO - Synset CE Weight: 0.0
Soft prediction CE Weight: 1.0
Outlier Exposure Weight: 0.20000000298023224
2022-09-27 03:17:56,610 - INFO - [Step=32500]	Loss=14.9539	515.7 examples/second
2022-09-27 03:19:28,702 - INFO - [Step=32750]	Loss=15.0346	347.5 examples/second
2022-09-27 03:21:00,296 - INFO - [Step=33000]	Loss=15.1070	349.4 examples/second
2022-09-27 03:21:23,398 - INFO - Test Loss=7.8287, Test pred acc=0.6843, Test mean synset acc=0.8471
2022-09-27 03:21:23,399 - INFO - Error Depth: [  46.  120.  342.  402.  149.   85. 2356.]
2022-09-27 03:21:23,400 - INFO - Saving...
2022-09-27 03:21:23,957 - INFO - Epoch time: 269.3962161540985
2022-09-27 03:21:23,957 - INFO - 
Epoch: 47
2022-09-27 03:21:23,957 - INFO - 
Learning Rate: 0.0100
2022-09-27 03:21:23,957 - INFO - Synset CE Weight: 0.0
Soft prediction CE Weight: 1.0
Outlier Exposure Weight: 0.20000000298023224
2022-09-27 03:22:43,487 - INFO - [Step=33250]	Loss=14.8915	402.4 examples/second
2022-09-27 03:24:15,730 - INFO - [Step=33500]	Loss=14.8786	346.9 examples/second
2022-09-27 03:25:53,546 - INFO - Test Loss=8.1106, Test pred acc=0.6886, Test mean synset acc=0.8513
2022-09-27 03:25:53,547 - INFO - Error Depth: [  51.  133.  348.  385.  134.   79. 2370.]
2022-09-27 03:25:53,547 - INFO - Saving...
2022-09-27 03:25:54,052 - INFO - Epoch time: 270.0950059890747
2022-09-27 03:25:54,053 - INFO - 
Epoch: 48
2022-09-27 03:25:54,053 - INFO - 
Learning Rate: 0.0100
2022-09-27 03:25:54,053 - INFO - Synset CE Weight: 0.0
Soft prediction CE Weight: 1.0
Outlier Exposure Weight: 0.20000000298023224
2022-09-27 03:25:59,057 - INFO - [Step=33750]	Loss=15.3342	6396.5 examples/second
2022-09-27 03:27:30,849 - INFO - [Step=34000]	Loss=14.7333	348.6 examples/second
2022-09-27 03:29:03,165 - INFO - [Step=34250]	Loss=14.8094	346.6 examples/second
2022-09-27 03:30:23,239 - INFO - Test Loss=7.9885, Test pred acc=0.6854, Test mean synset acc=0.8462
2022-09-27 03:30:23,239 - INFO - Error Depth: [  42.  125.  351.  398.  141.   85. 2358.]
2022-09-27 03:30:23,239 - INFO - Epoch time: 269.1869535446167
2022-09-27 03:30:23,240 - INFO - 
Epoch: 49
2022-09-27 03:30:23,240 - INFO - 
Learning Rate: 0.0100
2022-09-27 03:30:23,240 - INFO - Synset CE Weight: 0.0
Soft prediction CE Weight: 1.0
Outlier Exposure Weight: 0.20000000298023224
2022-09-27 03:30:44,981 - INFO - [Step=34500]	Loss=14.6375	1471.9 examples/second
2022-09-27 03:32:17,305 - INFO - [Step=34750]	Loss=14.6683	346.6 examples/second
2022-09-27 03:33:49,335 - INFO - [Step=35000]	Loss=14.7948	347.7 examples/second
2022-09-27 03:34:52,669 - INFO - Test Loss=7.8949, Test pred acc=0.6837, Test mean synset acc=0.8453
2022-09-27 03:34:52,670 - INFO - Error Depth: [  43.  110.  360.  403.  141.   90. 2353.]
2022-09-27 03:34:52,670 - INFO - Epoch time: 269.43088936805725
2022-09-27 03:34:52,671 - INFO - 
Epoch: 50
2022-09-27 03:34:52,671 - INFO - 
Learning Rate: 0.0100
2022-09-27 03:34:52,671 - INFO - Synset CE Weight: 0.0
Soft prediction CE Weight: 1.0
Outlier Exposure Weight: 0.20000000298023224
2022-09-27 03:35:31,815 - INFO - [Step=35250]	Loss=14.3149	817.5 examples/second
2022-09-27 03:37:03,914 - INFO - [Step=35500]	Loss=14.6152	347.5 examples/second
2022-09-27 03:38:35,781 - INFO - [Step=35750]	Loss=14.9015	348.3 examples/second
2022-09-27 03:39:21,581 - INFO - Test Loss=7.8653, Test pred acc=0.6931, Test mean synset acc=0.8528
2022-09-27 03:39:21,582 - INFO - Error Depth: [  43.  121.  347.  382.  134.   82. 2391.]
2022-09-27 03:39:21,582 - INFO - Saving...
2022-09-27 03:39:22,076 - INFO - Epoch time: 269.40533447265625
2022-09-27 03:39:22,076 - INFO - 
Epoch: 51
2022-09-27 03:39:22,076 - INFO - 
Learning Rate: 0.0100
2022-09-27 03:39:22,076 - INFO - Synset CE Weight: 0.0
Soft prediction CE Weight: 1.0
Outlier Exposure Weight: 0.20000000298023224
2022-09-27 03:40:18,879 - INFO - [Step=36000]	Loss=14.5244	563.4 examples/second
2022-09-27 03:41:51,577 - INFO - [Step=36250]	Loss=14.5561	345.2 examples/second
2022-09-27 03:43:23,855 - INFO - [Step=36500]	Loss=14.5803	346.8 examples/second
2022-09-27 03:43:52,669 - INFO - Test Loss=7.8006, Test pred acc=0.6846, Test mean synset acc=0.8464
2022-09-27 03:43:52,670 - INFO - Error Depth: [  41.  123.  343.  398.  143.   90. 2362.]
2022-09-27 03:43:52,670 - INFO - Epoch time: 270.59412932395935
2022-09-27 03:43:52,670 - INFO - 
Epoch: 52
2022-09-27 03:43:52,670 - INFO - 
Learning Rate: 0.0100
2022-09-27 03:43:52,671 - INFO - Synset CE Weight: 0.0
Soft prediction CE Weight: 1.0
Outlier Exposure Weight: 0.20000000298023224
2022-09-27 03:45:06,361 - INFO - [Step=36750]	Loss=14.3574	434.3 examples/second
2022-09-27 03:46:38,513 - INFO - [Step=37000]	Loss=14.5797	347.3 examples/second
2022-09-27 03:48:10,139 - INFO - [Step=37250]	Loss=14.5401	349.2 examples/second
2022-09-27 03:48:21,511 - INFO - Test Loss=7.9076, Test pred acc=0.6874, Test mean synset acc=0.8500
2022-09-27 03:48:21,512 - INFO - Error Depth: [  38.  121.  345.  390.  134.   89. 2383.]
2022-09-27 03:48:21,512 - INFO - Epoch time: 268.8417327404022
2022-09-27 03:48:21,512 - INFO - 
Epoch: 53
2022-09-27 03:48:21,512 - INFO - 
Learning Rate: 0.0100
2022-09-27 03:48:21,512 - INFO - Synset CE Weight: 0.0
Soft prediction CE Weight: 1.0
Outlier Exposure Weight: 0.20000000298023224
2022-09-27 03:49:52,544 - INFO - [Step=37500]	Loss=14.2794	351.5 examples/second
2022-09-27 03:51:24,622 - INFO - [Step=37750]	Loss=14.4928	347.5 examples/second
2022-09-27 03:52:50,250 - INFO - Test Loss=7.9242, Test pred acc=0.6906, Test mean synset acc=0.8485
2022-09-27 03:52:50,251 - INFO - Error Depth: [  33.  120.  356.  392.  133.   83. 2383.]
2022-09-27 03:52:50,252 - INFO - Epoch time: 268.73928117752075
2022-09-27 03:52:50,252 - INFO - 
Epoch: 54
2022-09-27 03:52:50,252 - INFO - 
Learning Rate: 0.0100
2022-09-27 03:52:50,252 - INFO - Synset CE Weight: 0.0
Soft prediction CE Weight: 1.0
Outlier Exposure Weight: 0.20000000298023224
2022-09-27 03:53:06,786 - INFO - [Step=38000]	Loss=14.0867	1935.5 examples/second
2022-09-27 03:54:38,977 - INFO - [Step=38250]	Loss=14.3009	347.1 examples/second
2022-09-27 03:56:10,827 - INFO - [Step=38500]	Loss=14.3278	348.4 examples/second
2022-09-27 03:57:19,232 - INFO - Test Loss=7.9084, Test pred acc=0.6923, Test mean synset acc=0.8487
2022-09-27 03:57:19,233 - INFO - Error Depth: [  40.  122.  333.  387.  141.   90. 2387.]
2022-09-27 03:57:19,233 - INFO - Epoch time: 268.9817011356354
2022-09-27 03:57:19,233 - INFO - 
Epoch: 55
2022-09-27 03:57:19,234 - INFO - 
Learning Rate: 0.0100
2022-09-27 03:57:19,234 - INFO - Synset CE Weight: 0.0
Soft prediction CE Weight: 1.0
Outlier Exposure Weight: 0.20000000298023224
2022-09-27 03:57:52,829 - INFO - [Step=38750]	Loss=14.3000	952.6 examples/second
2022-09-27 03:59:24,856 - INFO - [Step=39000]	Loss=14.1731	347.7 examples/second
2022-09-27 04:00:56,919 - INFO - [Step=39250]	Loss=14.4152	347.6 examples/second
2022-09-27 04:01:48,407 - INFO - Test Loss=7.8782, Test pred acc=0.6834, Test mean synset acc=0.8460
2022-09-27 04:01:48,408 - INFO - Error Depth: [  35.  130.  344.  408.  144.   83. 2356.]
2022-09-27 04:01:48,409 - INFO - Epoch time: 269.17514657974243
2022-09-27 04:01:48,409 - INFO - 
Epoch: 56
2022-09-27 04:01:48,409 - INFO - 
Learning Rate: 0.0100
2022-09-27 04:01:48,409 - INFO - Synset CE Weight: 0.0
Soft prediction CE Weight: 1.0
Outlier Exposure Weight: 0.20000000298023224
2022-09-27 04:02:39,634 - INFO - [Step=39500]	Loss=13.9982	624.7 examples/second
2022-09-27 04:04:11,699 - INFO - [Step=39750]	Loss=14.2113	347.6 examples/second
2022-09-27 04:05:43,517 - INFO - [Step=40000]	Loss=14.1443	348.5 examples/second
2022-09-27 04:06:17,878 - INFO - Test Loss=7.8866, Test pred acc=0.6880, Test mean synset acc=0.8448
2022-09-27 04:06:17,879 - INFO - Error Depth: [  36.  116.  332.  404.  144.   91. 2377.]
2022-09-27 04:06:17,879 - INFO - Epoch time: 269.4702858924866
2022-09-27 04:06:17,879 - INFO - 
Epoch: 57
2022-09-27 04:06:17,879 - INFO - 
Learning Rate: 0.0100
2022-09-27 04:06:17,879 - INFO - Synset CE Weight: 0.0
Soft prediction CE Weight: 1.0
Outlier Exposure Weight: 0.20000000298023224
2022-09-27 04:07:26,370 - INFO - [Step=40250]	Loss=14.0630	467.2 examples/second
2022-09-27 04:08:58,596 - INFO - [Step=40500]	Loss=14.0581	347.0 examples/second
2022-09-27 04:10:30,385 - INFO - [Step=40750]	Loss=14.1988	348.6 examples/second
2022-09-27 04:10:47,525 - INFO - Test Loss=7.9089, Test pred acc=0.6909, Test mean synset acc=0.8519
2022-09-27 04:10:47,526 - INFO - Error Depth: [  39.  120.  342.  378.  135.   84. 2402.]
2022-09-27 04:10:47,527 - INFO - Epoch time: 269.6474869251251
2022-09-27 04:10:47,527 - INFO - 
Epoch: 58
2022-09-27 04:10:47,527 - INFO - 
Learning Rate: 0.0100
2022-09-27 04:10:47,527 - INFO - Synset CE Weight: 0.0
Soft prediction CE Weight: 1.0
Outlier Exposure Weight: 0.20000000298023224
2022-09-27 04:12:12,753 - INFO - [Step=41000]	Loss=13.9529	375.5 examples/second
2022-09-27 04:13:44,853 - INFO - [Step=41250]	Loss=14.0251	347.5 examples/second
2022-09-27 04:15:16,130 - INFO - Test Loss=7.8444, Test pred acc=0.6969, Test mean synset acc=0.8543
2022-09-27 04:15:16,132 - INFO - Error Depth: [  50.  113.  329.  368.  144.   86. 2410.]
2022-09-27 04:15:16,132 - INFO - Saving...
2022-09-27 04:15:16,650 - INFO - Epoch time: 269.1236197948456
2022-09-27 04:15:16,651 - INFO - 
Epoch: 59
2022-09-27 04:15:16,651 - INFO - 
Learning Rate: 0.0010
2022-09-27 04:15:16,651 - INFO - Synset CE Weight: 0.0
Soft prediction CE Weight: 1.0
Outlier Exposure Weight: 0.20000000298023224
2022-09-27 04:15:27,414 - INFO - [Step=41500]	Loss=13.7321	2973.3 examples/second
2022-09-27 04:16:59,244 - INFO - [Step=41750]	Loss=13.3179	348.5 examples/second
2022-09-27 04:18:31,267 - INFO - [Step=42000]	Loss=13.1696	347.7 examples/second
2022-09-27 04:19:45,317 - INFO - Test Loss=7.7131, Test pred acc=0.7149, Test mean synset acc=0.8605
2022-09-27 04:19:45,318 - INFO - Error Depth: [  36.  102.  321.  363.  130.   79. 2469.]
2022-09-27 04:19:45,319 - INFO - Saving...
2022-09-27 04:19:45,814 - INFO - Epoch time: 269.16373467445374
2022-09-27 04:19:45,815 - INFO - 
Epoch: 60
2022-09-27 04:19:45,815 - INFO - 
Learning Rate: 0.0010
2022-09-27 04:19:45,815 - INFO - Synset CE Weight: 0.0
Soft prediction CE Weight: 1.0
Outlier Exposure Weight: 0.20000000298023224
2022-09-27 04:20:13,838 - INFO - [Step=42250]	Loss=13.3246	1142.0 examples/second
2022-09-27 04:21:45,854 - INFO - [Step=42500]	Loss=13.0566	347.8 examples/second
2022-09-27 04:23:17,597 - INFO - [Step=42750]	Loss=13.0156	348.8 examples/second
2022-09-27 04:24:14,611 - INFO - Test Loss=7.8279, Test pred acc=0.7146, Test mean synset acc=0.8596
2022-09-27 04:24:14,612 - INFO - Error Depth: [  38.  104.  320.  368.  130.   80. 2460.]
2022-09-27 04:24:14,612 - INFO - Epoch time: 268.7972528934479
2022-09-27 04:24:14,612 - INFO - 
Epoch: 61
2022-09-27 04:24:14,612 - INFO - 
Learning Rate: 0.0010
2022-09-27 04:24:14,612 - INFO - Synset CE Weight: 0.0
Soft prediction CE Weight: 1.0
Outlier Exposure Weight: 0.20000000298023224
2022-09-27 04:25:00,105 - INFO - [Step=43000]	Loss=12.9268	703.4 examples/second
2022-09-27 04:26:32,259 - INFO - [Step=43250]	Loss=13.0105	347.2 examples/second
2022-09-27 04:28:04,250 - INFO - [Step=43500]	Loss=12.8877	347.9 examples/second
2022-09-27 04:28:44,199 - INFO - Test Loss=7.7438, Test pred acc=0.7131, Test mean synset acc=0.8588
2022-09-27 04:28:44,200 - INFO - Error Depth: [  35.  102.  314.  374.  129.   79. 2467.]
2022-09-27 04:28:44,200 - INFO - Epoch time: 269.58767080307007
2022-09-27 04:28:44,200 - INFO - 
Epoch: 62
2022-09-27 04:28:44,200 - INFO - 
Learning Rate: 0.0010
2022-09-27 04:28:44,200 - INFO - Synset CE Weight: 0.0
Soft prediction CE Weight: 1.0
Outlier Exposure Weight: 0.20000000298023224
2022-09-27 04:29:47,117 - INFO - [Step=43750]	Loss=12.9026	508.6 examples/second
2022-09-27 04:31:19,097 - INFO - [Step=44000]	Loss=12.8352	347.9 examples/second
2022-09-27 04:32:50,903 - INFO - [Step=44250]	Loss=12.9107	348.6 examples/second
2022-09-27 04:33:13,492 - INFO - Test Loss=7.7308, Test pred acc=0.7149, Test mean synset acc=0.8603
2022-09-27 04:33:13,493 - INFO - Error Depth: [  35.   94.  306.  369.  130.   83. 2483.]
2022-09-27 04:33:13,493 - INFO - Epoch time: 269.29336977005005
2022-09-27 04:33:13,493 - INFO - 
Epoch: 63
2022-09-27 04:33:13,494 - INFO - 
Learning Rate: 0.0010
2022-09-27 04:33:13,494 - INFO - Synset CE Weight: 0.0
Soft prediction CE Weight: 1.0
Outlier Exposure Weight: 0.20000000298023224
2022-09-27 04:34:33,518 - INFO - [Step=44500]	Loss=12.7901	399.9 examples/second
2022-09-27 04:36:05,515 - INFO - [Step=44750]	Loss=12.7127	347.8 examples/second
2022-09-27 04:37:42,142 - INFO - Test Loss=7.7894, Test pred acc=0.7151, Test mean synset acc=0.8576
2022-09-27 04:37:42,143 - INFO - Error Depth: [  32.   91.  305.  378.  138.   78. 2478.]
2022-09-27 04:37:42,144 - INFO - Saving...
2022-09-27 04:37:42,605 - INFO - Epoch time: 269.1113724708557
2022-09-27 04:37:42,605 - INFO - 
Epoch: 64
2022-09-27 04:37:42,605 - INFO - 
Learning Rate: 0.0010
2022-09-27 04:37:42,606 - INFO - Synset CE Weight: 0.0
Soft prediction CE Weight: 1.0
Outlier Exposure Weight: 0.20000000298023224
2022-09-27 04:37:48,019 - INFO - [Step=45000]	Loss=12.3563	5913.1 examples/second
2022-09-27 04:39:19,830 - INFO - [Step=45250]	Loss=12.7024	348.5 examples/second
2022-09-27 04:40:52,082 - INFO - [Step=45500]	Loss=12.7685	346.9 examples/second
2022-09-27 04:42:11,568 - INFO - Test Loss=7.7762, Test pred acc=0.7189, Test mean synset acc=0.8583
2022-09-27 04:42:11,569 - INFO - Error Depth: [  33.   98.  310.  371.  135.   79. 2474.]
2022-09-27 04:42:11,570 - INFO - Saving...
2022-09-27 04:42:12,071 - INFO - Epoch time: 269.4654574394226
2022-09-27 04:42:12,071 - INFO - 
Epoch: 65
2022-09-27 04:42:12,071 - INFO - 
Learning Rate: 0.0010
2022-09-27 04:42:12,071 - INFO - Synset CE Weight: 0.0
Soft prediction CE Weight: 1.0
Outlier Exposure Weight: 0.20000000298023224
2022-09-27 04:42:34,545 - INFO - [Step=45750]	Loss=12.6973	1423.9 examples/second
2022-09-27 04:44:06,786 - INFO - [Step=46000]	Loss=12.7586	346.9 examples/second
2022-09-27 04:45:38,752 - INFO - [Step=46250]	Loss=12.7313	348.0 examples/second
2022-09-27 04:46:41,116 - INFO - Test Loss=7.8081, Test pred acc=0.7160, Test mean synset acc=0.8584
2022-09-27 04:46:41,117 - INFO - Error Depth: [  34.   94.  314.  368.  131.   80. 2479.]
2022-09-27 04:46:41,118 - INFO - Epoch time: 269.0466251373291
2022-09-27 04:46:41,118 - INFO - 
Epoch: 66
2022-09-27 04:46:41,118 - INFO - 
Learning Rate: 0.0010
2022-09-27 04:46:41,118 - INFO - Synset CE Weight: 0.0
Soft prediction CE Weight: 1.0
Outlier Exposure Weight: 0.20000000298023224
2022-09-27 04:47:20,806 - INFO - [Step=46500]	Loss=12.7032	806.3 examples/second
2022-09-27 04:48:52,981 - INFO - [Step=46750]	Loss=12.6212	347.2 examples/second
2022-09-27 04:50:25,153 - INFO - [Step=47000]	Loss=12.6494	347.2 examples/second
2022-09-27 04:51:10,456 - INFO - Test Loss=7.7372, Test pred acc=0.7166, Test mean synset acc=0.8590
2022-09-27 04:51:10,457 - INFO - Error Depth: [  31.   98.  303.  368.  137.   83. 2480.]
2022-09-27 04:51:10,458 - INFO - Epoch time: 269.34016370773315
2022-09-27 04:51:10,458 - INFO - 
Epoch: 67
2022-09-27 04:51:10,458 - INFO - 
Learning Rate: 0.0010
2022-09-27 04:51:10,458 - INFO - Synset CE Weight: 0.0
Soft prediction CE Weight: 1.0
Outlier Exposure Weight: 0.20000000298023224
2022-09-27 04:52:07,702 - INFO - [Step=47250]	Loss=12.6124	559.0 examples/second
2022-09-27 04:53:39,893 - INFO - [Step=47500]	Loss=12.6658	347.1 examples/second
2022-09-27 04:55:12,029 - INFO - [Step=47750]	Loss=12.6110	347.3 examples/second
2022-09-27 04:55:39,931 - INFO - Test Loss=7.7502, Test pred acc=0.7143, Test mean synset acc=0.8565
2022-09-27 04:55:39,932 - INFO - Error Depth: [  33.   97.  302.  378.  133.   84. 2473.]
2022-09-27 04:55:39,932 - INFO - Epoch time: 269.47390508651733
2022-09-27 04:55:39,932 - INFO - 
Epoch: 68
2022-09-27 04:55:39,932 - INFO - 
Learning Rate: 0.0010
2022-09-27 04:55:39,932 - INFO - Synset CE Weight: 0.0
Soft prediction CE Weight: 1.0
Outlier Exposure Weight: 0.20000000298023224
2022-09-27 04:56:54,635 - INFO - [Step=48000]	Loss=12.4175	428.4 examples/second
2022-09-27 04:58:26,691 - INFO - [Step=48250]	Loss=12.6173	347.6 examples/second
2022-09-27 04:59:58,363 - INFO - [Step=48500]	Loss=12.6149	349.1 examples/second
2022-09-27 05:00:09,152 - INFO - Test Loss=7.9052, Test pred acc=0.7180, Test mean synset acc=0.8595
2022-09-27 05:00:09,153 - INFO - Error Depth: [  36.   99.  299.  369.  132.   80. 2485.]
2022-09-27 05:00:09,153 - INFO - Epoch time: 269.22092175483704
2022-09-27 05:00:09,153 - INFO - 
Epoch: 69
2022-09-27 05:00:09,153 - INFO - 
Learning Rate: 0.0010
2022-09-27 05:00:09,153 - INFO - Synset CE Weight: 0.0
Soft prediction CE Weight: 1.0
Outlier Exposure Weight: 0.20000000298023224
2022-09-27 05:01:40,990 - INFO - [Step=48750]	Loss=12.4903	348.4 examples/second
2022-09-27 05:03:13,023 - INFO - [Step=49000]	Loss=12.4791	347.7 examples/second
2022-09-27 05:04:38,117 - INFO - Test Loss=7.8629, Test pred acc=0.7169, Test mean synset acc=0.8590
2022-09-27 05:04:38,119 - INFO - Error Depth: [  33.  102.  297.  372.  132.   81. 2483.]
2022-09-27 05:04:38,119 - INFO - Epoch time: 268.96580362319946
2022-09-27 05:04:38,119 - INFO - 
Epoch: 70
2022-09-27 05:04:38,119 - INFO - 
Learning Rate: 0.0010
2022-09-27 05:04:38,119 - INFO - Synset CE Weight: 0.0
Soft prediction CE Weight: 1.0
Outlier Exposure Weight: 0.20000000298023224
2022-09-27 05:04:55,292 - INFO - [Step=49250]	Loss=12.3304	1863.5 examples/second
2022-09-27 05:06:27,301 - INFO - [Step=49500]	Loss=12.5926	347.8 examples/second
2022-09-27 05:07:59,594 - INFO - [Step=49750]	Loss=12.5035	346.7 examples/second
2022-09-27 05:09:07,588 - INFO - Test Loss=8.0739, Test pred acc=0.7154, Test mean synset acc=0.8583
2022-09-27 05:09:07,589 - INFO - Error Depth: [  35.   97.  307.  374.  130.   81. 2476.]
2022-09-27 05:09:07,589 - INFO - Epoch time: 269.4705560207367
2022-09-27 05:09:07,590 - INFO - 
Epoch: 71
2022-09-27 05:09:07,590 - INFO - 
Learning Rate: 0.0010
2022-09-27 05:09:07,590 - INFO - Synset CE Weight: 0.0
Soft prediction CE Weight: 1.0
Outlier Exposure Weight: 0.20000000298023224
2022-09-27 05:09:41,941 - INFO - [Step=50000]	Loss=12.3841	931.6 examples/second
2022-09-27 05:11:14,062 - INFO - [Step=50250]	Loss=12.5117	347.4 examples/second
2022-09-27 05:12:45,861 - INFO - [Step=50500]	Loss=12.4402	348.6 examples/second
2022-09-27 05:13:36,331 - INFO - Test Loss=7.8928, Test pred acc=0.7160, Test mean synset acc=0.8581
2022-09-27 05:13:36,332 - INFO - Error Depth: [  36.  100.  293.  378.  132.   85. 2476.]
2022-09-27 05:13:36,332 - INFO - Epoch time: 268.742472410202
2022-09-27 05:13:36,332 - INFO - 
Epoch: 72
2022-09-27 05:13:36,332 - INFO - 
Learning Rate: 0.0010
2022-09-27 05:13:36,332 - INFO - Synset CE Weight: 0.0
Soft prediction CE Weight: 1.0
Outlier Exposure Weight: 0.20000000298023224
2022-09-27 05:14:28,079 - INFO - [Step=50750]	Loss=12.3446	618.4 examples/second
2022-09-27 05:16:00,092 - INFO - [Step=51000]	Loss=12.2967	347.8 examples/second
2022-09-27 05:17:32,009 - INFO - [Step=51250]	Loss=12.4102	348.1 examples/second
2022-09-27 05:18:05,409 - INFO - Test Loss=7.9232, Test pred acc=0.7194, Test mean synset acc=0.8600
2022-09-27 05:18:05,410 - INFO - Error Depth: [  30.  105.  296.  368.  134.   81. 2486.]
2022-09-27 05:18:05,410 - INFO - Saving...
2022-09-27 05:18:05,934 - INFO - Epoch time: 269.60213804244995
2022-09-27 05:18:05,935 - INFO - 
Epoch: 73
2022-09-27 05:18:05,935 - INFO - 
Learning Rate: 0.0010
2022-09-27 05:18:05,935 - INFO - Synset CE Weight: 0.0
Soft prediction CE Weight: 1.0
Outlier Exposure Weight: 0.20000000298023224
2022-09-27 05:19:14,810 - INFO - [Step=51500]	Loss=12.3299	464.6 examples/second
2022-09-27 05:20:46,673 - INFO - [Step=51750]	Loss=12.3954	348.3 examples/second
2022-09-27 05:22:18,512 - INFO - [Step=52000]	Loss=12.4003	348.4 examples/second
2022-09-27 05:22:34,733 - INFO - Test Loss=7.8210, Test pred acc=0.7169, Test mean synset acc=0.8587
2022-09-27 05:22:34,734 - INFO - Error Depth: [  33.   96.  296.  372.  136.   79. 2488.]
2022-09-27 05:22:34,735 - INFO - Epoch time: 268.8001284599304
2022-09-27 05:22:34,735 - INFO - 
Epoch: 74
2022-09-27 05:22:34,735 - INFO - 
Learning Rate: 0.0010
2022-09-27 05:22:34,735 - INFO - Synset CE Weight: 0.0
Soft prediction CE Weight: 1.0
Outlier Exposure Weight: 0.20000000298023224
2022-09-27 05:24:00,937 - INFO - [Step=52250]	Loss=12.3369	371.2 examples/second
2022-09-27 05:25:32,679 - INFO - [Step=52500]	Loss=12.3969	348.8 examples/second
2022-09-27 05:27:03,564 - INFO - Test Loss=7.8945, Test pred acc=0.7166, Test mean synset acc=0.8597
2022-09-27 05:27:03,565 - INFO - Error Depth: [  33.  101.  291.  371.  137.   80. 2487.]
2022-09-27 05:27:03,565 - INFO - Epoch time: 268.830518245697
2022-09-27 05:27:03,565 - INFO - 
Epoch: 75
2022-09-27 05:27:03,565 - INFO - 
Learning Rate: 0.0010
2022-09-27 05:27:03,565 - INFO - Synset CE Weight: 0.0
Soft prediction CE Weight: 1.0
Outlier Exposure Weight: 0.20000000298023224
2022-09-27 05:27:15,051 - INFO - [Step=52750]	Loss=12.3891	2786.4 examples/second
2022-09-27 05:28:46,828 - INFO - [Step=53000]	Loss=12.3500	348.7 examples/second
2022-09-27 05:30:18,722 - INFO - [Step=53250]	Loss=12.3115	348.2 examples/second
2022-09-27 05:31:32,293 - INFO - Test Loss=7.8017, Test pred acc=0.7234, Test mean synset acc=0.8624
2022-09-27 05:31:32,294 - INFO - Error Depth: [  27.  106.  285.  367.  132.   79. 2504.]
2022-09-27 05:31:32,294 - INFO - Saving...
2022-09-27 05:31:32,814 - INFO - Epoch time: 269.2485845088959
2022-09-27 05:31:32,814 - INFO - 
Epoch: 76
2022-09-27 05:31:32,815 - INFO - 
Learning Rate: 0.0010
2022-09-27 05:31:32,815 - INFO - Synset CE Weight: 0.0
Soft prediction CE Weight: 1.0
Outlier Exposure Weight: 0.20000000298023224
2022-09-27 05:32:01,622 - INFO - [Step=53500]	Loss=12.2011	1110.9 examples/second
2022-09-27 05:33:34,081 - INFO - [Step=53750]	Loss=12.2822	346.1 examples/second
2022-09-27 05:35:06,450 - INFO - [Step=54000]	Loss=12.3461	346.4 examples/second
2022-09-27 05:36:02,751 - INFO - Test Loss=7.9280, Test pred acc=0.7189, Test mean synset acc=0.8610
2022-09-27 05:36:02,752 - INFO - Error Depth: [  35.   98.  293.  368.  131.   80. 2495.]
2022-09-27 05:36:02,752 - INFO - Epoch time: 269.9375567436218
2022-09-27 05:36:02,752 - INFO - 
Epoch: 77
2022-09-27 05:36:02,752 - INFO - 
Learning Rate: 0.0010
2022-09-27 05:36:02,752 - INFO - Synset CE Weight: 0.0
Soft prediction CE Weight: 1.0
Outlier Exposure Weight: 0.20000000298023224
2022-09-27 05:36:48,928 - INFO - [Step=54250]	Loss=12.2779	693.0 examples/second
2022-09-27 05:38:20,732 - INFO - [Step=54500]	Loss=12.2419	348.6 examples/second
2022-09-27 05:39:52,585 - INFO - [Step=54750]	Loss=12.2182	348.4 examples/second
2022-09-27 05:40:31,234 - INFO - Test Loss=8.0277, Test pred acc=0.7200, Test mean synset acc=0.8597
2022-09-27 05:40:31,235 - INFO - Error Depth: [  32.  103.  297.  365.  135.   84. 2484.]
2022-09-27 05:40:31,235 - INFO - Epoch time: 268.48334980010986
2022-09-27 05:40:31,235 - INFO - 
Epoch: 78
2022-09-27 05:40:31,236 - INFO - 
Learning Rate: 0.0010
2022-09-27 05:40:31,236 - INFO - Synset CE Weight: 0.0
Soft prediction CE Weight: 1.0
Outlier Exposure Weight: 0.20000000298023224
2022-09-27 05:41:34,209 - INFO - [Step=55000]	Loss=12.3268	508.2 examples/second
2022-09-27 05:43:05,129 - INFO - [Step=55250]	Loss=12.1450	352.0 examples/second
2022-09-27 05:44:36,233 - INFO - [Step=55500]	Loss=12.2393	351.2 examples/second
2022-09-27 05:44:57,251 - INFO - Test Loss=7.9065, Test pred acc=0.7160, Test mean synset acc=0.8567
2022-09-27 05:44:57,252 - INFO - Error Depth: [  28.   99.  297.  384.  132.   81. 2479.]
2022-09-27 05:44:57,252 - INFO - Epoch time: 266.01641273498535
2022-09-27 05:44:57,252 - INFO - 
Epoch: 79
2022-09-27 05:44:57,252 - INFO - 
Learning Rate: 0.0010
2022-09-27 05:44:57,252 - INFO - Synset CE Weight: 0.0
Soft prediction CE Weight: 1.0
Outlier Exposure Weight: 0.20000000298023224
2022-09-27 05:46:17,100 - INFO - [Step=55750]	Loss=12.1167	400.8 examples/second
2022-09-27 05:47:48,088 - INFO - [Step=56000]	Loss=12.2366	351.7 examples/second
2022-09-27 05:49:22,970 - INFO - Test Loss=8.1781, Test pred acc=0.7186, Test mean synset acc=0.8593
2022-09-27 05:49:22,972 - INFO - Error Depth: [  35.   93.  297.  370.  140.   80. 2485.]
2022-09-27 05:49:22,972 - INFO - Epoch time: 265.71971678733826
2022-09-27 05:49:22,972 - INFO - 
Epoch: 80
2022-09-27 05:49:22,972 - INFO - 
Learning Rate: 0.0010
2022-09-27 05:49:22,972 - INFO - Synset CE Weight: 0.0
Soft prediction CE Weight: 1.0
Outlier Exposure Weight: 0.20000000298023224
2022-09-27 05:49:28,860 - INFO - [Step=56250]	Loss=11.8698	5435.6 examples/second
2022-09-27 05:50:59,961 - INFO - [Step=56500]	Loss=12.1105	351.3 examples/second
2022-09-27 05:52:30,985 - INFO - [Step=56750]	Loss=12.1729	351.6 examples/second
2022-09-27 05:53:48,706 - INFO - Test Loss=7.9577, Test pred acc=0.7189, Test mean synset acc=0.8577
2022-09-27 05:53:48,707 - INFO - Error Depth: [  36.   99.  293.  374.  135.   82. 2481.]
2022-09-27 05:53:48,708 - INFO - Epoch time: 265.73571372032166
2022-09-27 05:53:48,708 - INFO - 
Epoch: 81
2022-09-27 05:53:48,708 - INFO - 
Learning Rate: 0.0010
2022-09-27 05:53:48,708 - INFO - Synset CE Weight: 0.0
Soft prediction CE Weight: 1.0
Outlier Exposure Weight: 0.20000000298023224
2022-09-27 05:54:11,984 - INFO - [Step=57000]	Loss=12.1850	1374.8 examples/second
2022-09-27 05:55:43,071 - INFO - [Step=57250]	Loss=12.0654	351.3 examples/second
2022-09-27 05:57:13,997 - INFO - [Step=57500]	Loss=12.1333	351.9 examples/second
2022-09-27 05:58:14,999 - INFO - Test Loss=7.9943, Test pred acc=0.7174, Test mean synset acc=0.8605
2022-09-27 05:58:15,000 - INFO - Error Depth: [  34.  104.  299.  371.  129.   79. 2484.]
2022-09-27 05:58:15,000 - INFO - Epoch time: 266.29240012168884
2022-09-27 05:58:15,000 - INFO - 
Epoch: 82
2022-09-27 05:58:15,000 - INFO - 
Learning Rate: 0.0010
2022-09-27 05:58:15,000 - INFO - Synset CE Weight: 0.0
Soft prediction CE Weight: 1.0
Outlier Exposure Weight: 0.20000000298023224
2022-09-27 05:58:55,109 - INFO - [Step=57750]	Loss=12.1676	797.8 examples/second
2022-09-27 06:00:26,303 - INFO - [Step=58000]	Loss=12.1737	350.9 examples/second
2022-09-27 06:01:57,458 - INFO - [Step=58250]	Loss=12.1371	351.1 examples/second
2022-09-27 06:02:41,362 - INFO - Test Loss=8.2116, Test pred acc=0.7163, Test mean synset acc=0.8579
2022-09-27 06:02:41,363 - INFO - Error Depth: [  36.  100.  301.  377.  129.   81. 2476.]
2022-09-27 06:02:41,363 - INFO - Epoch time: 266.36297702789307
2022-09-27 06:02:41,363 - INFO - 
Epoch: 83
2022-09-27 06:02:41,363 - INFO - 
Learning Rate: 0.0010
2022-09-27 06:02:41,363 - INFO - Synset CE Weight: 0.0
Soft prediction CE Weight: 1.0
Outlier Exposure Weight: 0.20000000298023224
2022-09-27 06:03:38,918 - INFO - [Step=58500]	Loss=12.0714	556.0 examples/second
2022-09-27 06:05:10,287 - INFO - [Step=58750]	Loss=12.0986	350.2 examples/second
2022-09-27 06:06:41,422 - INFO - [Step=59000]	Loss=12.0605	351.1 examples/second
2022-09-27 06:07:08,253 - INFO - Test Loss=8.5297, Test pred acc=0.7206, Test mean synset acc=0.8597
2022-09-27 06:07:08,254 - INFO - Error Depth: [  41.   98.  289.  378.  132.   78. 2484.]
2022-09-27 06:07:08,254 - INFO - Epoch time: 266.8911690711975
2022-09-27 06:07:08,254 - INFO - 
Epoch: 84
2022-09-27 06:07:08,255 - INFO - 
Learning Rate: 0.0010
2022-09-27 06:07:08,255 - INFO - Synset CE Weight: 0.0
Soft prediction CE Weight: 1.0
Outlier Exposure Weight: 0.20000000298023224
2022-09-27 06:08:22,606 - INFO - [Step=59250]	Loss=11.9864	430.4 examples/second
2022-09-27 06:09:53,471 - INFO - [Step=59500]	Loss=12.0939	352.2 examples/second
2022-09-27 06:11:23,853 - INFO - [Step=59750]	Loss=12.0948	354.1 examples/second
2022-09-27 06:11:33,280 - INFO - Test Loss=7.9577, Test pred acc=0.7163, Test mean synset acc=0.8573
2022-09-27 06:11:33,281 - INFO - Error Depth: [  32.  101.  297.  369.  138.   81. 2482.]
2022-09-27 06:11:33,281 - INFO - Epoch time: 265.0267598628998
2022-09-27 06:11:33,281 - INFO - 
Epoch: 85
2022-09-27 06:11:33,281 - INFO - 
Learning Rate: 0.0010
2022-09-27 06:11:33,281 - INFO - Synset CE Weight: 0.0
Soft prediction CE Weight: 1.0
Outlier Exposure Weight: 0.20000000298023224
2022-09-27 06:13:04,585 - INFO - [Step=60000]	Loss=11.9695	350.5 examples/second
2022-09-27 06:14:35,664 - INFO - [Step=60250]	Loss=12.0626	351.3 examples/second
2022-09-27 06:15:58,990 - INFO - Test Loss=7.9873, Test pred acc=0.7183, Test mean synset acc=0.8573
2022-09-27 06:15:58,991 - INFO - Error Depth: [  35.   97.  297.  375.  131.   83. 2482.]
2022-09-27 06:15:58,992 - INFO - Epoch time: 265.7103838920593
2022-09-27 06:15:58,992 - INFO - 
Epoch: 86
2022-09-27 06:15:58,992 - INFO - 
Learning Rate: 0.0010
2022-09-27 06:15:58,992 - INFO - Synset CE Weight: 0.0
Soft prediction CE Weight: 1.0
Outlier Exposure Weight: 0.20000000298023224
2022-09-27 06:16:16,516 - INFO - [Step=60500]	Loss=11.8767	1826.1 examples/second
2022-09-27 06:17:47,561 - INFO - [Step=60750]	Loss=11.9626	351.5 examples/second
2022-09-27 06:19:18,582 - INFO - [Step=61000]	Loss=12.0538	351.6 examples/second
2022-09-27 06:20:24,638 - INFO - Test Loss=8.0587, Test pred acc=0.7154, Test mean synset acc=0.8560
2022-09-27 06:20:24,640 - INFO - Error Depth: [  36.   93.  304.  381.  137.   79. 2470.]
2022-09-27 06:20:24,640 - INFO - Epoch time: 265.6481454372406
2022-09-27 06:20:24,640 - INFO - 
Epoch: 87
2022-09-27 06:20:24,640 - INFO - 
Learning Rate: 0.0010
2022-09-27 06:20:24,640 - INFO - Synset CE Weight: 0.0
Soft prediction CE Weight: 1.0
Outlier Exposure Weight: 0.20000000298023224
2022-09-27 06:20:59,313 - INFO - [Step=61250]	Loss=11.8676	923.0 examples/second
2022-09-27 06:22:30,412 - INFO - [Step=61500]	Loss=11.9068	351.3 examples/second
2022-09-27 06:24:01,469 - INFO - [Step=61750]	Loss=12.0684	351.4 examples/second
2022-09-27 06:24:50,550 - INFO - Test Loss=8.3748, Test pred acc=0.7137, Test mean synset acc=0.8560
2022-09-27 06:24:50,551 - INFO - Error Depth: [  37.  100.  299.  384.  134.   81. 2465.]
2022-09-27 06:24:50,551 - INFO - Epoch time: 265.91108536720276
2022-09-27 06:24:50,551 - INFO - 
Epoch: 88
2022-09-27 06:24:50,551 - INFO - 
Learning Rate: 0.0010
2022-09-27 06:24:50,551 - INFO - Synset CE Weight: 0.0
Soft prediction CE Weight: 1.0
Outlier Exposure Weight: 0.20000000298023224
2022-09-27 06:25:42,448 - INFO - [Step=62000]	Loss=11.8828	616.6 examples/second
2022-09-27 06:27:13,849 - INFO - [Step=62250]	Loss=11.8837	350.1 examples/second
2022-09-27 06:28:45,020 - INFO - [Step=62500]	Loss=11.9474	351.0 examples/second
2022-09-27 06:29:17,273 - INFO - Test Loss=8.2597, Test pred acc=0.7183, Test mean synset acc=0.8591
2022-09-27 06:29:17,274 - INFO - Error Depth: [  30.   99.  303.  372.  130.   80. 2486.]
2022-09-27 06:29:17,274 - INFO - Epoch time: 266.72319865226746
2022-09-27 06:29:17,275 - INFO - 
Epoch: 89
2022-09-27 06:29:17,275 - INFO - 
Learning Rate: 0.0010
2022-09-27 06:29:17,275 - INFO - Synset CE Weight: 0.0
Soft prediction CE Weight: 1.0
Outlier Exposure Weight: 0.20000000298023224
2022-09-27 06:30:26,453 - INFO - [Step=62750]	Loss=12.0030	462.6 examples/second
2022-09-27 06:31:58,074 - INFO - [Step=63000]	Loss=11.8789	349.3 examples/second
2022-09-27 06:33:29,583 - INFO - [Step=63250]	Loss=11.9949	349.7 examples/second
2022-09-27 06:33:44,718 - INFO - Test Loss=8.1175, Test pred acc=0.7146, Test mean synset acc=0.8567
2022-09-27 06:33:44,719 - INFO - Error Depth: [  34.  104.  305.  370.  139.   80. 2468.]
2022-09-27 06:33:44,719 - INFO - Epoch time: 267.4443724155426
2022-09-27 06:33:44,720 - INFO - Printing Final Accuracy + OOD Detection stats
2022-09-27 06:33:44,720 - INFO - Top 1 Accuracy:  Min: 0.7234; Max: 0.7234; Avg: 0.7234; Std: 0.0000; Len: 1
2022-09-27 06:33:44,720 - INFO - Top 5 Accuracy:  Min: 0.8624; Max: 0.8624; Avg: 0.8624; Std: 0.0000; Len: 1
