2022-01-26 23:26:07,506 - INFO - ==> Preparing data..
2022-01-26 23:26:08,507 - INFO - # ID Test: 4150
2022-01-26 23:26:08,507 - INFO - # OOD: 850
2022-01-26 23:26:08,563 - INFO - # iNaturalist: 10000
2022-01-26 23:26:08,627 - INFO - # SUN: 10000
2022-01-26 23:26:08,694 - INFO - # Places: 10000
2022-01-26 23:26:08,723 - INFO - # Textures: 5640
2022-01-26 23:26:08,728 - INFO - # coarseid-coarseood: 750
2022-01-26 23:26:08,729 - INFO - # coarseid-fineood: 100
2022-01-26 23:26:34,707 - INFO - Accuracy Results
2022-01-26 23:26:34,708 - INFO - Accuracy: 0.8183132410049438
2022-01-26 23:26:34,708 - INFO - Groupwise Accuracy: [0.84843373 0.9657831  0.99445784]
2022-01-26 23:26:34,708 - INFO - OOD Results
2022-01-26 23:26:57,136 - INFO - Computing OOD Statistics...
2022-01-26 23:27:34,210 - INFO - Computing OOD Statistics...
2022-01-26 23:28:24,055 - INFO - Computing OOD Statistics...
2022-01-26 23:28:45,804 - INFO - Computing OOD Statistics...
2022-01-26 23:28:59,518 - INFO - Computing OOD Statistics...
2022-01-26 23:29:05,612 - INFO - Computing OOD Statistics...
2022-01-26 23:29:09,828 - INFO - Computing OOD Statistics...
2022-01-26 23:29:09,836 - INFO - MOS OOD Metrics:
	OOD Dataset: OOD
		AUROC [0.9415041814316087]
		TNR [0.7611764705882353]
		AUOUT [0.740323884397014]
	OOD Dataset: iNaturalist
		AUROC [0.9404105542168674]
		TNR [0.6381]
		AUOUT [0.9607553753735614]
	OOD Dataset: SUN
		AUROC [0.9571747710843372]
		TNR [0.7185]
		AUOUT [0.9701649454349508]
	OOD Dataset: Places
		AUROC [0.946456265060241]
		TNR [0.681]
		AUOUT [0.9659155008675163]
	OOD Dataset: Textures
		AUROC [0.9474970093138511]
		TNR [0.7051418439716313]
		AUOUT [0.9445586154670365]
	OOD Dataset: coarseid-coarseood
		AUROC [0.9694746987951808]
		TNR [0.8426666666666667]
		AUOUT [0.7685651152592511]
	OOD Dataset: coarseid-fineood
		AUROC [0.7317253012048193]
		TNR [0.15000000000000002]
		AUOUT [0.056059402041052614]
