2022-01-27 00:21:39,362 - INFO - ==> Preparing data..
2022-01-27 00:21:39,916 - INFO - # ID Test: 4150
2022-01-27 00:21:39,917 - INFO - # OOD: 850
2022-01-27 00:21:39,998 - INFO - # iNaturalist: 10000
2022-01-27 00:21:40,038 - INFO - # SUN: 10000
2022-01-27 00:21:40,077 - INFO - # Places: 10000
2022-01-27 00:21:40,098 - INFO - # Textures: 5640
2022-01-27 00:21:40,101 - INFO - # coarseid-coarseood: 750
2022-01-27 00:21:40,102 - INFO - # coarseid-fineood: 100
2022-01-27 00:22:01,078 - INFO - Accuracy Results
2022-01-27 00:22:01,080 - INFO - Mean Synset Accuracy: 0.9024878740310669
2022-01-27 00:22:01,081 - INFO - Top-1 Accuracy: 0.833012044429779
2022-01-27 00:22:01,081 - INFO - Pred Accuracy: 0.8308433890342712
2022-01-27 00:22:01,081 - INFO - Synset Accuracies:
2022-01-27 00:22:01,083 - INFO - [0.9930121  0.97866666 0.9870588  0.788      0.94       0.872
 0.956      0.98       0.9665116  0.988      0.88       0.956
 0.804      0.792      0.97894734 0.964      0.956      0.724
 0.895      0.808      0.812      0.86       0.772      0.936
 0.975     ]
2022-01-27 00:22:01,083 - INFO - Error Depth:
2022-01-27 00:22:01,083 - INFO - 	Num. Errors at Depth 0 = 12.0
2022-01-27 00:22:01,083 - INFO - 	Num. Errors at Depth 1 = 29.0
2022-01-27 00:22:01,083 - INFO - 	Num. Errors at Depth 2 = 168.0
2022-01-27 00:22:01,083 - INFO - 	Num. Errors at Depth 3 = 276.0
2022-01-27 00:22:01,083 - INFO - 	Num. Errors at Depth 4 = 128.0
2022-01-27 00:22:01,083 - INFO - 	Num. Errors at Depth 5 = 80.0
2022-01-27 00:22:01,083 - INFO - 	Num. Errors at Depth -1 = 3457.0
2022-01-27 00:22:01,083 - INFO - OOD Results
2022-01-27 00:22:19,040 - INFO - Computing OOD Statistics...
2022-01-27 00:22:47,643 - INFO - Computing OOD Statistics...
2022-01-27 00:23:23,810 - INFO - Computing OOD Statistics...
2022-01-27 00:23:52,941 - INFO - Computing OOD Statistics...
2022-01-27 00:24:19,732 - INFO - Computing OOD Statistics...
2022-01-27 00:24:29,113 - INFO - Computing OOD Statistics...
2022-01-27 00:24:34,313 - INFO - Computing OOD Statistics...
2022-01-27 00:24:34,391 - INFO - OOD Dataset: OOD
2022-01-27 00:24:34,392 - INFO - MSP AUROC Synset Performance
2022-01-27 00:24:34,408 - INFO - [-1, -1, -1, -1, -1, -1, -1, -1, -1, -1, -1, -1, -1, -1, -1, -1, -1, -1, -1, -1, -1, -1, -1, -1, -1, -0.0, 0.9167464209780297, 0.9246188518781004, 0.9429933380581148]
2022-01-27 00:24:34,408 - INFO - MSP TNR Synset Performance
2022-01-27 00:24:34,408 - INFO - [-1, -1, -1, -1, -1, -1, -1, -1, -1, -1, -1, -1, -1, -1, -1, -1, -1, -1, -1, -1, -1, -1, -1, -1, -1, 0.0, 0.5952941176470588, 0.6447058823529412, 0.7670588235294118]
2022-01-27 00:24:34,408 - INFO - MSP AUOUT Synset Performance
2022-01-27 00:24:34,408 - INFO - [-1, -1, -1, -1, -1, -1, -1, -1, -1, -1, -1, -1, -1, -1, -1, -1, -1, -1, -1, -1, -1, -1, -1, -1, -1, 0.09027322853919331, 0.681178148896022, 0.7340086020836352, 0.8198667927005799]
2022-01-27 00:24:34,408 - INFO - ODIN AUROC Synset Performance
2022-01-27 00:24:34,408 - INFO - [-1, -1, -1, -1, -1, -1, -1, -1, -1, -1, -1, -1, -1, -1, -1, -1, -1, -1, -1, -1, -1, -1, -1, -1, -1, -0.0, 0.5567742026931254, 0.5798766832034019, 0.5213253012048193]
2022-01-27 00:24:34,408 - INFO - ODIN TNR Synset Performance
2022-01-27 00:24:34,408 - INFO - [-1, -1, -1, -1, -1, -1, -1, -1, -1, -1, -1, -1, -1, -1, -1, -1, -1, -1, -1, -1, -1, -1, -1, -1, -1, 0.0, 0.1164705882352941, 0.19882352941176473, 0.04823529411764704]
2022-01-27 00:24:34,409 - INFO - ODIN AUOUT Synset Performance
2022-01-27 00:24:34,409 - INFO - [-1, -1, -1, -1, -1, -1, -1, -1, -1, -1, -1, -1, -1, -1, -1, -1, -1, -1, -1, -1, -1, -1, -1, -1, -1, 0.09027322853919331, 0.21552306923217218, 0.28638033824165293, 0.18413579232442173]
2022-01-27 00:24:34,409 - INFO - MSP Metrics using max activations accumulated across all appropriate synsets:
	AUROC -0.0
	TNR 0.0
	AUOUT 0.09027322853919331
2022-01-27 00:24:34,409 - INFO - ODIN Metrics using max activations accumulated across all appropriate synsets:
	AUROC -0.0
	TNR 0.0
	AUOUT 0.09027322853919331
2022-01-27 00:24:34,409 - INFO - MSP Metrics using max entropy along path:
	AUROC 0.9167464209780297
	TNR 0.5952941176470588
	AUOUT 0.681178148896022
2022-01-27 00:24:34,409 - INFO - ODIN Metrics using max entropy along path:
	AUROC 0.5567742026931254
	TNR 0.1164705882352941
	AUOUT 0.21552306923217218
2022-01-27 00:24:34,409 - INFO - MSP Metrics using predicted activations:
	AUROC 0.9246188518781004
	TNR 0.6447058823529412
	AUOUT 0.7340086020836352
2022-01-27 00:24:34,409 - INFO - ODIN Metrics using predicted activations:
	AUROC 0.5798766832034019
	TNR 0.19882352941176473
	AUOUT 0.28638033824165293
2022-01-27 00:24:34,409 - INFO - MSP Metrics using mean entropy along path:
	AUROC 0.9429933380581148
	TNR 0.7670588235294118
	AUOUT 0.8198667927005799
2022-01-27 00:24:34,409 - INFO - ODIN Metrics using mean entropy along path:
	AUROC 0.5213253012048193
	TNR 0.04823529411764704
	AUOUT 0.18413579232442173
2022-01-27 00:24:34,409 - INFO - MSP Metrics using min entropy along path:
	AUROC 0.946712402551382
	TNR 0.8458823529411765
	AUOUT 0.8384673185312946
2022-01-27 00:24:34,409 - INFO - ODIN Metrics using min entropy along path:
	AUROC 0.9437777462792347
	TNR 0.8458823529411765
	AUOUT 0.7886431584012648
2022-01-27 00:24:34,410 - INFO - OOD Path entropy min idx (msp): [0. 1. 2. 3. 4.], [798  21  14   6  11]
2022-01-27 00:24:34,410 - INFO - OOD Path entropy min idx (odin): [0. 3. 4.], [839   2   9]
2022-01-27 00:24:34,410 - INFO - OOD Dataset: iNaturalist
2022-01-27 00:24:34,410 - INFO - MSP AUROC Synset Performance
2022-01-27 00:24:34,410 - INFO - [-1, -1, -1, -1, -1, -1, -1, -1, -1, -1, -1, -1, -1, -1, -1, -1, -1, -1, -1, -1, -1, -1, -1, -1, -1, -0.0, 0.9342396867469879, 0.9390022168674699, 0.9435755903614458]
2022-01-27 00:24:34,411 - INFO - MSP TNR Synset Performance
2022-01-27 00:24:34,411 - INFO - [-1, -1, -1, -1, -1, -1, -1, -1, -1, -1, -1, -1, -1, -1, -1, -1, -1, -1, -1, -1, -1, -1, -1, -1, -1, 0.0, 0.6433, 0.6787000000000001, 0.6845]
2022-01-27 00:24:34,411 - INFO - MSP AUOUT Synset Performance
2022-01-27 00:24:34,411 - INFO - [-1, -1, -1, -1, -1, -1, -1, -1, -1, -1, -1, -1, -1, -1, -1, -1, -1, -1, -1, -1, -1, -1, -1, -1, -1, 0.4909583878783369, 0.9651902199876785, 0.9679943257131216, 0.965763514640213]
2022-01-27 00:24:34,411 - INFO - ODIN AUROC Synset Performance
2022-01-27 00:24:34,411 - INFO - [-1, -1, -1, -1, -1, -1, -1, -1, -1, -1, -1, -1, -1, -1, -1, -1, -1, -1, -1, -1, -1, -1, -1, -1, -1, -0.0, 0.6561982409638554, 0.5896058795180723, 0.4925624819277109]
2022-01-27 00:24:34,411 - INFO - ODIN TNR Synset Performance
2022-01-27 00:24:34,411 - INFO - [-1, -1, -1, -1, -1, -1, -1, -1, -1, -1, -1, -1, -1, -1, -1, -1, -1, -1, -1, -1, -1, -1, -1, -1, -1, 0.0, 0.37160000000000004, 0.17220000000000002, 0.1401]
2022-01-27 00:24:34,411 - INFO - ODIN AUOUT Synset Performance
2022-01-27 00:24:34,411 - INFO - [-1, -1, -1, -1, -1, -1, -1, -1, -1, -1, -1, -1, -1, -1, -1, -1, -1, -1, -1, -1, -1, -1, -1, -1, -1, 0.4909583878783369, 0.8315438929425409, 0.7816377875984536, 0.7304140403492406]
2022-01-27 00:24:34,411 - INFO - MSP Metrics using max activations accumulated across all appropriate synsets:
	AUROC -0.0
	TNR 0.0
	AUOUT 0.4909583878783369
2022-01-27 00:24:34,411 - INFO - ODIN Metrics using max activations accumulated across all appropriate synsets:
	AUROC -0.0
	TNR 0.0
	AUOUT 0.4909583878783369
2022-01-27 00:24:34,411 - INFO - MSP Metrics using max entropy along path:
	AUROC 0.9342396867469879
	TNR 0.6433
	AUOUT 0.9651902199876785
2022-01-27 00:24:34,411 - INFO - ODIN Metrics using max entropy along path:
	AUROC 0.6561982409638554
	TNR 0.37160000000000004
	AUOUT 0.8315438929425409
2022-01-27 00:24:34,411 - INFO - MSP Metrics using predicted activations:
	AUROC 0.9390022168674699
	TNR 0.6787000000000001
	AUOUT 0.9679943257131216
2022-01-27 00:24:34,411 - INFO - ODIN Metrics using predicted activations:
	AUROC 0.5896058795180723
	TNR 0.17220000000000002
	AUOUT 0.7816377875984536
2022-01-27 00:24:34,411 - INFO - MSP Metrics using mean entropy along path:
	AUROC 0.9435755903614458
	TNR 0.6845
	AUOUT 0.965763514640213
2022-01-27 00:24:34,411 - INFO - ODIN Metrics using mean entropy along path:
	AUROC 0.4925624819277109
	TNR 0.1401
	AUOUT 0.7304140403492406
2022-01-27 00:24:34,411 - INFO - MSP Metrics using min entropy along path:
	AUROC 0.9053155903614458
	TNR 0.4143
	AUOUT 0.9355855660293871
2022-01-27 00:24:34,411 - INFO - ODIN Metrics using min entropy along path:
	AUROC 0.9012365060240964
	TNR 0.4021
	AUOUT 0.928371959656332
2022-01-27 00:24:34,412 - INFO - OOD Path entropy min idx (msp): [0. 1. 2. 3. 4.], [9864   91   16   26    3]
2022-01-27 00:24:34,412 - INFO - OOD Path entropy min idx (odin): [0. 3. 4.], [9977   22    1]
2022-01-27 00:24:34,412 - INFO - OOD Dataset: SUN
2022-01-27 00:24:34,412 - INFO - MSP AUROC Synset Performance
2022-01-27 00:24:34,413 - INFO - [-1, -1, -1, -1, -1, -1, -1, -1, -1, -1, -1, -1, -1, -1, -1, -1, -1, -1, -1, -1, -1, -1, -1, -1, -1, -0.0, 0.9408499277108433, 0.9555611084337349, 0.961728265060241]
2022-01-27 00:24:34,413 - INFO - MSP TNR Synset Performance
2022-01-27 00:24:34,413 - INFO - [-1, -1, -1, -1, -1, -1, -1, -1, -1, -1, -1, -1, -1, -1, -1, -1, -1, -1, -1, -1, -1, -1, -1, -1, -1, 0.0, 0.6588, 0.7618, 0.7893]
2022-01-27 00:24:34,413 - INFO - MSP AUOUT Synset Performance
2022-01-27 00:24:34,413 - INFO - [-1, -1, -1, -1, -1, -1, -1, -1, -1, -1, -1, -1, -1, -1, -1, -1, -1, -1, -1, -1, -1, -1, -1, -1, -1, 0.4909583878783369, 0.96676544497257, 0.9769615356076122, 0.978025452406502]
2022-01-27 00:24:34,413 - INFO - ODIN AUROC Synset Performance
2022-01-27 00:24:34,413 - INFO - [-1, -1, -1, -1, -1, -1, -1, -1, -1, -1, -1, -1, -1, -1, -1, -1, -1, -1, -1, -1, -1, -1, -1, -1, -1, -0.0, 0.8213481204819276, 0.8096106265060241, 0.7173521204819276]
2022-01-27 00:24:34,413 - INFO - ODIN TNR Synset Performance
2022-01-27 00:24:34,413 - INFO - [-1, -1, -1, -1, -1, -1, -1, -1, -1, -1, -1, -1, -1, -1, -1, -1, -1, -1, -1, -1, -1, -1, -1, -1, -1, 0.0, 0.6504, 0.5367999999999999, 0.31620000000000004]
2022-01-27 00:24:34,413 - INFO - ODIN AUOUT Synset Performance
2022-01-27 00:24:34,413 - INFO - [-1, -1, -1, -1, -1, -1, -1, -1, -1, -1, -1, -1, -1, -1, -1, -1, -1, -1, -1, -1, -1, -1, -1, -1, -1, 0.4909583878783369, 0.9193862131357367, 0.9157624484244276, 0.8538904716248162]
2022-01-27 00:24:34,413 - INFO - MSP Metrics using max activations accumulated across all appropriate synsets:
	AUROC -0.0
	TNR 0.0
	AUOUT 0.4909583878783369
2022-01-27 00:24:34,413 - INFO - ODIN Metrics using max activations accumulated across all appropriate synsets:
	AUROC -0.0
	TNR 0.0
	AUOUT 0.4909583878783369
2022-01-27 00:24:34,413 - INFO - MSP Metrics using max entropy along path:
	AUROC 0.9408499277108433
	TNR 0.6588
	AUOUT 0.96676544497257
2022-01-27 00:24:34,413 - INFO - ODIN Metrics using max entropy along path:
	AUROC 0.8213481204819276
	TNR 0.6504
	AUOUT 0.9193862131357367
2022-01-27 00:24:34,413 - INFO - MSP Metrics using predicted activations:
	AUROC 0.9555611084337349
	TNR 0.7618
	AUOUT 0.9769615356076122
2022-01-27 00:24:34,414 - INFO - ODIN Metrics using predicted activations:
	AUROC 0.8096106265060241
	TNR 0.5367999999999999
	AUOUT 0.9157624484244276
2022-01-27 00:24:34,414 - INFO - MSP Metrics using mean entropy along path:
	AUROC 0.961728265060241
	TNR 0.7893
	AUOUT 0.978025452406502
2022-01-27 00:24:34,414 - INFO - ODIN Metrics using mean entropy along path:
	AUROC 0.7173521204819276
	TNR 0.31620000000000004
	AUOUT 0.8538904716248162
2022-01-27 00:24:34,414 - INFO - MSP Metrics using min entropy along path:
	AUROC 0.9604576385542168
	TNR 0.7684
	AUOUT 0.9757799120806625
2022-01-27 00:24:34,414 - INFO - ODIN Metrics using min entropy along path:
	AUROC 0.9575024578313253
	TNR 0.7592
	AUOUT 0.9677678519650053
2022-01-27 00:24:34,414 - INFO - OOD Path entropy min idx (msp): [0. 1. 2. 3. 4.], [9445  403   70   49   33]
2022-01-27 00:24:34,415 - INFO - OOD Path entropy min idx (odin): [0. 3. 4.], [9955   11   34]
2022-01-27 00:24:34,415 - INFO - OOD Dataset: Places
2022-01-27 00:24:34,415 - INFO - MSP AUROC Synset Performance
2022-01-27 00:24:34,415 - INFO - [-1, -1, -1, -1, -1, -1, -1, -1, -1, -1, -1, -1, -1, -1, -1, -1, -1, -1, -1, -1, -1, -1, -1, -1, -1, -0.0, 0.9308624819277108, 0.9457021927710842, 0.9542456144578314]
2022-01-27 00:24:34,415 - INFO - MSP TNR Synset Performance
2022-01-27 00:24:34,415 - INFO - [-1, -1, -1, -1, -1, -1, -1, -1, -1, -1, -1, -1, -1, -1, -1, -1, -1, -1, -1, -1, -1, -1, -1, -1, -1, 0.0, 0.6084, 0.71, 0.7463]
2022-01-27 00:24:34,415 - INFO - MSP AUOUT Synset Performance
2022-01-27 00:24:34,415 - INFO - [-1, -1, -1, -1, -1, -1, -1, -1, -1, -1, -1, -1, -1, -1, -1, -1, -1, -1, -1, -1, -1, -1, -1, -1, -1, 0.4909583878783369, 0.9615650082037289, 0.9720349218684285, 0.9750666715058538]
2022-01-27 00:24:34,415 - INFO - ODIN AUROC Synset Performance
2022-01-27 00:24:34,415 - INFO - [-1, -1, -1, -1, -1, -1, -1, -1, -1, -1, -1, -1, -1, -1, -1, -1, -1, -1, -1, -1, -1, -1, -1, -1, -1, -0.0, 0.7874695903614457, 0.7837561445783132, 0.6938226987951808]
2022-01-27 00:24:34,415 - INFO - ODIN TNR Synset Performance
2022-01-27 00:24:34,415 - INFO - [-1, -1, -1, -1, -1, -1, -1, -1, -1, -1, -1, -1, -1, -1, -1, -1, -1, -1, -1, -1, -1, -1, -1, -1, -1, 0.0, 0.5749, 0.502, 0.31579999999999997]
2022-01-27 00:24:34,415 - INFO - ODIN AUOUT Synset Performance
2022-01-27 00:24:34,415 - INFO - [-1, -1, -1, -1, -1, -1, -1, -1, -1, -1, -1, -1, -1, -1, -1, -1, -1, -1, -1, -1, -1, -1, -1, -1, -1, 0.4909583878783369, 0.9035420348729628, 0.9051669197373258, 0.8456977478969492]
2022-01-27 00:24:34,415 - INFO - MSP Metrics using max activations accumulated across all appropriate synsets:
	AUROC -0.0
	TNR 0.0
	AUOUT 0.4909583878783369
2022-01-27 00:24:34,415 - INFO - ODIN Metrics using max activations accumulated across all appropriate synsets:
	AUROC -0.0
	TNR 0.0
	AUOUT 0.4909583878783369
2022-01-27 00:24:34,415 - INFO - MSP Metrics using max entropy along path:
	AUROC 0.9308624819277108
	TNR 0.6084
	AUOUT 0.9615650082037289
2022-01-27 00:24:34,416 - INFO - ODIN Metrics using max entropy along path:
	AUROC 0.7874695903614457
	TNR 0.5749
	AUOUT 0.9035420348729628
2022-01-27 00:24:34,416 - INFO - MSP Metrics using predicted activations:
	AUROC 0.9457021927710842
	TNR 0.71
	AUOUT 0.9720349218684285
2022-01-27 00:24:34,416 - INFO - ODIN Metrics using predicted activations:
	AUROC 0.7837561445783132
	TNR 0.502
	AUOUT 0.9051669197373258
2022-01-27 00:24:34,416 - INFO - MSP Metrics using mean entropy along path:
	AUROC 0.9542456144578314
	TNR 0.7463
	AUOUT 0.9750666715058538
2022-01-27 00:24:34,416 - INFO - ODIN Metrics using mean entropy along path:
	AUROC 0.6938226987951808
	TNR 0.31579999999999997
	AUOUT 0.8456977478969492
2022-01-27 00:24:34,416 - INFO - MSP Metrics using min entropy along path:
	AUROC 0.9482638554216867
	TNR 0.7287
	AUOUT 0.9713089750064164
2022-01-27 00:24:34,416 - INFO - ODIN Metrics using min entropy along path:
	AUROC 0.9452203614457831
	TNR 0.7199
	AUOUT 0.9633685272922821
2022-01-27 00:24:34,416 - INFO - OOD Path entropy min idx (msp): [0. 1. 2. 3. 4.], [9328  497   95   49   31]
2022-01-27 00:24:34,417 - INFO - OOD Path entropy min idx (odin): [0. 3. 4.], [9960   10   30]
2022-01-27 00:24:34,417 - INFO - OOD Dataset: Textures
2022-01-27 00:24:34,417 - INFO - MSP AUROC Synset Performance
2022-01-27 00:24:34,417 - INFO - [-1, -1, -1, -1, -1, -1, -1, -1, -1, -1, -1, -1, -1, -1, -1, -1, -1, -1, -1, -1, -1, -1, -1, -1, -1, -0.0, 0.8982198154319405, 0.9168753311116807, 0.936302016576946]
2022-01-27 00:24:34,417 - INFO - MSP TNR Synset Performance
2022-01-27 00:24:34,417 - INFO - [-1, -1, -1, -1, -1, -1, -1, -1, -1, -1, -1, -1, -1, -1, -1, -1, -1, -1, -1, -1, -1, -1, -1, -1, -1, 0.0, 0.5570921985815602, 0.6459219858156029, 0.7221631205673759]
2022-01-27 00:24:34,417 - INFO - MSP AUOUT Synset Performance
2022-01-27 00:24:34,417 - INFO - [-1, -1, -1, -1, -1, -1, -1, -1, -1, -1, -1, -1, -1, -1, -1, -1, -1, -1, -1, -1, -1, -1, -1, -1, -1, 0.36848395850775695, 0.9176516852462173, 0.935939835835375, 0.9504005551875186]
2022-01-27 00:24:34,417 - INFO - ODIN AUROC Synset Performance
2022-01-27 00:24:34,417 - INFO - [-1, -1, -1, -1, -1, -1, -1, -1, -1, -1, -1, -1, -1, -1, -1, -1, -1, -1, -1, -1, -1, -1, -1, -1, -1, -0.0, 0.6253317098179954, 0.6815256344527044, 0.5723970349483039]
2022-01-27 00:24:34,417 - INFO - ODIN TNR Synset Performance
2022-01-27 00:24:34,417 - INFO - [-1, -1, -1, -1, -1, -1, -1, -1, -1, -1, -1, -1, -1, -1, -1, -1, -1, -1, -1, -1, -1, -1, -1, -1, -1, 0.0, 0.3161347517730496, 0.39379432624113475, 0.26010638297872335]
2022-01-27 00:24:34,417 - INFO - ODIN AUOUT Synset Performance
2022-01-27 00:24:34,418 - INFO - [-1, -1, -1, -1, -1, -1, -1, -1, -1, -1, -1, -1, -1, -1, -1, -1, -1, -1, -1, -1, -1, -1, -1, -1, -1, 0.36848395850775695, 0.7246440769217776, 0.7914588611130926, 0.6879726563851211]
2022-01-27 00:24:34,418 - INFO - MSP Metrics using max activations accumulated across all appropriate synsets:
	AUROC -0.0
	TNR 0.0
	AUOUT 0.36848395850775695
2022-01-27 00:24:34,418 - INFO - ODIN Metrics using max activations accumulated across all appropriate synsets:
	AUROC -0.0
	TNR 0.0
	AUOUT 0.36848395850775695
2022-01-27 00:24:34,418 - INFO - MSP Metrics using max entropy along path:
	AUROC 0.8982198154319405
	TNR 0.5570921985815602
	AUOUT 0.9176516852462173
2022-01-27 00:24:34,418 - INFO - ODIN Metrics using max entropy along path:
	AUROC 0.6253317098179954
	TNR 0.3161347517730496
	AUOUT 0.7246440769217776
2022-01-27 00:24:34,418 - INFO - MSP Metrics using predicted activations:
	AUROC 0.9168753311116807
	TNR 0.6459219858156029
	AUOUT 0.935939835835375
2022-01-27 00:24:34,418 - INFO - ODIN Metrics using predicted activations:
	AUROC 0.6815256344527044
	TNR 0.39379432624113475
	AUOUT 0.7914588611130926
2022-01-27 00:24:34,418 - INFO - MSP Metrics using mean entropy along path:
	AUROC 0.936302016576946
	TNR 0.7221631205673759
	AUOUT 0.9504005551875186
2022-01-27 00:24:34,418 - INFO - ODIN Metrics using mean entropy along path:
	AUROC 0.5723970349483039
	TNR 0.26010638297872335
	AUOUT 0.6879726563851211
2022-01-27 00:24:34,418 - INFO - MSP Metrics using min entropy along path:
	AUROC 0.95389216440229
	TNR 0.7652482269503547
	AUOUT 0.9584833159647124
2022-01-27 00:24:34,418 - INFO - ODIN Metrics using min entropy along path:
	AUROC 0.9512504913270102
	TNR 0.7593971631205674
	AUOUT 0.9460140753562435
2022-01-27 00:24:34,418 - INFO - OOD Path entropy min idx (msp): [0. 1. 2. 3. 4.], [5105  287  169   56   23]
2022-01-27 00:24:34,419 - INFO - OOD Path entropy min idx (odin): [0. 3. 4.], [5592   29   19]
2022-01-27 00:24:34,419 - INFO - OOD Dataset: coarseid-coarseood
2022-01-27 00:24:34,419 - INFO - MSP AUROC Synset Performance
2022-01-27 00:24:34,419 - INFO - [-1, -1, -1, -1, -1, -1, -1, -1, -1, -1, -1, -1, -1, -1, -1, -1, -1, -1, -1, -1, -1, -1, -1, -1, -1, -0.0, 0.9413288353413655, 0.9497799196787149, 0.9720102811244979]
2022-01-27 00:24:34,419 - INFO - MSP TNR Synset Performance
2022-01-27 00:24:34,419 - INFO - [-1, -1, -1, -1, -1, -1, -1, -1, -1, -1, -1, -1, -1, -1, -1, -1, -1, -1, -1, -1, -1, -1, -1, -1, -1, 0.0, 0.6706666666666667, 0.7213333333333334, 0.8613333333333333]
2022-01-27 00:24:34,419 - INFO - MSP AUOUT Synset Performance
2022-01-27 00:24:34,419 - INFO - [-1, -1, -1, -1, -1, -1, -1, -1, -1, -1, -1, -1, -1, -1, -1, -1, -1, -1, -1, -1, -1, -1, -1, -1, -1, 0.08076464026187649, 0.7074917720542617, 0.7651436173532024, 0.8648738263979765]
2022-01-27 00:24:34,419 - INFO - ODIN AUROC Synset Performance
2022-01-27 00:24:34,419 - INFO - [-1, -1, -1, -1, -1, -1, -1, -1, -1, -1, -1, -1, -1, -1, -1, -1, -1, -1, -1, -1, -1, -1, -1, -1, -1, -0.0, 0.522300080321285, 0.5607627309236948, 0.5030714859437752]
2022-01-27 00:24:34,419 - INFO - ODIN TNR Synset Performance
2022-01-27 00:24:34,419 - INFO - [-1, -1, -1, -1, -1, -1, -1, -1, -1, -1, -1, -1, -1, -1, -1, -1, -1, -1, -1, -1, -1, -1, -1, -1, -1, 0.0, 0.11066666666666669, 0.20666666666666667, 0.052000000000000046]
2022-01-27 00:24:34,419 - INFO - ODIN AUOUT Synset Performance
2022-01-27 00:24:34,419 - INFO - [-1, -1, -1, -1, -1, -1, -1, -1, -1, -1, -1, -1, -1, -1, -1, -1, -1, -1, -1, -1, -1, -1, -1, -1, -1, 0.08076464026187649, 0.18659975064204684, 0.264404075850107, 0.16868250525594075]
2022-01-27 00:24:34,419 - INFO - MSP Metrics using max activations accumulated across all appropriate synsets:
	AUROC -0.0
	TNR 0.0
	AUOUT 0.08076464026187649
2022-01-27 00:24:34,420 - INFO - ODIN Metrics using max activations accumulated across all appropriate synsets:
	AUROC -0.0
	TNR 0.0
	AUOUT 0.08076464026187649
2022-01-27 00:24:34,420 - INFO - MSP Metrics using max entropy along path:
	AUROC 0.9413288353413655
	TNR 0.6706666666666667
	AUOUT 0.7074917720542617
2022-01-27 00:24:34,420 - INFO - ODIN Metrics using max entropy along path:
	AUROC 0.522300080321285
	TNR 0.11066666666666669
	AUOUT 0.18659975064204684
2022-01-27 00:24:34,420 - INFO - MSP Metrics using predicted activations:
	AUROC 0.9497799196787149
	TNR 0.7213333333333334
	AUOUT 0.7651436173532024
2022-01-27 00:24:34,420 - INFO - ODIN Metrics using predicted activations:
	AUROC 0.5607627309236948
	TNR 0.20666666666666667
	AUOUT 0.264404075850107
2022-01-27 00:24:34,420 - INFO - MSP Metrics using mean entropy along path:
	AUROC 0.9720102811244979
	TNR 0.8613333333333333
	AUOUT 0.8648738263979765
2022-01-27 00:24:34,420 - INFO - ODIN Metrics using mean entropy along path:
	AUROC 0.5030714859437752
	TNR 0.052000000000000046
	AUOUT 0.16868250525594075
2022-01-27 00:24:34,420 - INFO - MSP Metrics using min entropy along path:
	AUROC 0.9834409638554216
	TNR 0.9493333333333334
	AUOUT 0.8910622115315805
2022-01-27 00:24:34,420 - INFO - ODIN Metrics using min entropy along path:
	AUROC 0.9805368674698794
	TNR 0.9493333333333334
	AUOUT 0.8347959162099472
2022-01-27 00:24:34,420 - INFO - OOD Path entropy min idx (msp): [0. 1. 2. 3. 4.], [711  18   8   2  11]
2022-01-27 00:24:34,420 - INFO - OOD Path entropy min idx (odin): [0. 3. 4.], [739   2   9]
2022-01-27 00:24:34,421 - INFO - OOD Dataset: coarseid-fineood
2022-01-27 00:24:34,421 - INFO - MSP AUROC Synset Performance
2022-01-27 00:24:34,421 - INFO - [-1, -1, -1, -1, -1, -1, -1, -1, -1, -1, -1, -1, -1, -1, -1, -1, -1, -1, -1, -1, -1, -1, -1, -1, -1, -0.0, 0.7323783132530121, 0.735910843373494, 0.7253662650602408]
2022-01-27 00:24:34,421 - INFO - MSP TNR Synset Performance
2022-01-27 00:24:34,421 - INFO - [-1, -1, -1, -1, -1, -1, -1, -1, -1, -1, -1, -1, -1, -1, -1, -1, -1, -1, -1, -1, -1, -1, -1, -1, -1, 0.0, 0.030000000000000027, 0.06999999999999995, 0.06000000000000005]
2022-01-27 00:24:34,421 - INFO - MSP AUOUT Synset Performance
2022-01-27 00:24:34,421 - INFO - [-1, -1, -1, -1, -1, -1, -1, -1, -1, -1, -1, -1, -1, -1, -1, -1, -1, -1, -1, -1, -1, -1, -1, -1, -1, 0.011858069872289425, 0.04311830949931182, 0.046410138329399754, 0.0428778840954115]
2022-01-27 00:24:34,421 - INFO - ODIN AUROC Synset Performance
2022-01-27 00:24:34,421 - INFO - [-1, -1, -1, -1, -1, -1, -1, -1, -1, -1, -1, -1, -1, -1, -1, -1, -1, -1, -1, -1, -1, -1, -1, -1, -1, -0.0, 0.8153927710843374, 0.7232289156626506, 0.6582578313253012]
2022-01-27 00:24:34,421 - INFO - ODIN TNR Synset Performance
2022-01-27 00:24:34,421 - INFO - [-1, -1, -1, -1, -1, -1, -1, -1, -1, -1, -1, -1, -1, -1, -1, -1, -1, -1, -1, -1, -1, -1, -1, -1, -1, 0.0, 0.16000000000000003, 0.14, 0.020000000000000018]
2022-01-27 00:24:34,421 - INFO - ODIN AUOUT Synset Performance
2022-01-27 00:24:34,421 - INFO - [-1, -1, -1, -1, -1, -1, -1, -1, -1, -1, -1, -1, -1, -1, -1, -1, -1, -1, -1, -1, -1, -1, -1, -1, -1, 0.011858069872289425, 0.06663376820269443, 0.048245001643712225, 0.032142900357496576]
2022-01-27 00:24:34,421 - INFO - MSP Metrics using max activations accumulated across all appropriate synsets:
	AUROC -0.0
	TNR 0.0
	AUOUT 0.011858069872289425
2022-01-27 00:24:34,421 - INFO - ODIN Metrics using max activations accumulated across all appropriate synsets:
	AUROC -0.0
	TNR 0.0
	AUOUT 0.011858069872289425
2022-01-27 00:24:34,421 - INFO - MSP Metrics using max entropy along path:
	AUROC 0.7323783132530121
	TNR 0.030000000000000027
	AUOUT 0.04311830949931182
2022-01-27 00:24:34,421 - INFO - ODIN Metrics using max entropy along path:
	AUROC 0.8153927710843374
	TNR 0.16000000000000003
	AUOUT 0.06663376820269443
2022-01-27 00:24:34,421 - INFO - MSP Metrics using predicted activations:
	AUROC 0.735910843373494
	TNR 0.06999999999999995
	AUOUT 0.046410138329399754
2022-01-27 00:24:34,421 - INFO - ODIN Metrics using predicted activations:
	AUROC 0.7232289156626506
	TNR 0.14
	AUOUT 0.048245001643712225
2022-01-27 00:24:34,422 - INFO - MSP Metrics using mean entropy along path:
	AUROC 0.7253662650602408
	TNR 0.06000000000000005
	AUOUT 0.0428778840954115
2022-01-27 00:24:34,422 - INFO - ODIN Metrics using mean entropy along path:
	AUROC 0.6582578313253012
	TNR 0.020000000000000018
	AUOUT 0.032142900357496576
2022-01-27 00:24:34,422 - INFO - MSP Metrics using min entropy along path:
	AUROC 0.6712481927710843
	TNR 0.06999999999999995
	AUOUT 0.03645781509375712
2022-01-27 00:24:34,422 - INFO - ODIN Metrics using min entropy along path:
	AUROC 0.6679590361445783
	TNR 0.06999999999999995
	AUOUT 0.03615292900879554
2022-01-27 00:24:34,422 - INFO - OOD Path entropy min idx (msp): [0. 1. 2. 3.], [87  3  6  4]
2022-01-27 00:24:34,422 - INFO - OOD Path entropy min idx (odin): [0.], [100]
2022-01-27 00:24:59,442 - INFO - Computing OOD Statistics...
2022-01-27 00:25:34,968 - INFO - Computing OOD Statistics...
2022-01-27 00:26:22,209 - INFO - Computing OOD Statistics...
2022-01-27 00:26:44,499 - INFO - Computing OOD Statistics...
2022-01-27 00:26:58,648 - INFO - Computing OOD Statistics...
2022-01-27 00:27:03,885 - INFO - Computing OOD Statistics...
2022-01-27 00:27:08,192 - INFO - Computing OOD Statistics...
2022-01-27 00:27:08,202 - INFO - OOD Dataset: OOD
2022-01-27 00:27:08,202 - INFO - MSP AUROC [0.9179946137491142]
2022-01-27 00:27:08,202 - INFO - MSP TNR [0.8223529411764706]
2022-01-27 00:27:08,202 - INFO - MSP AUOUT [0.823031548855363]
2022-01-27 00:27:08,202 - INFO - ODIN AUROC [0.9321783132530121]
2022-01-27 00:27:08,202 - INFO - ODIN TNR [0.8329411764705883]
2022-01-27 00:27:08,202 - INFO - ODIN AUOUT [0.8328416482456961]
2022-01-27 00:27:08,202 - INFO - OOD Dataset: iNaturalist
2022-01-27 00:27:08,202 - INFO - MSP AUROC [0.9437435180722891]
2022-01-27 00:27:08,202 - INFO - MSP TNR [0.6268]
2022-01-27 00:27:08,203 - INFO - MSP AUOUT [0.9598428405985606]
2022-01-27 00:27:08,203 - INFO - ODIN AUROC [0.9489757590361446]
2022-01-27 00:27:08,203 - INFO - ODIN TNR [0.652]
2022-01-27 00:27:08,203 - INFO - ODIN AUOUT [0.9620862388160024]
2022-01-27 00:27:08,203 - INFO - OOD Dataset: SUN
2022-01-27 00:27:08,203 - INFO - MSP AUROC [0.9471476385542169]
2022-01-27 00:27:08,203 - INFO - MSP TNR [0.7562]
2022-01-27 00:27:08,203 - INFO - MSP AUOUT [0.9697795736877626]
2022-01-27 00:27:08,203 - INFO - ODIN AUROC [0.9568514457831326]
2022-01-27 00:27:08,203 - INFO - ODIN TNR [0.765]
2022-01-27 00:27:08,203 - INFO - ODIN AUOUT [0.973017940855726]
2022-01-27 00:27:08,203 - INFO - OOD Dataset: Places
2022-01-27 00:27:08,203 - INFO - MSP AUROC [0.934811156626506]
2022-01-27 00:27:08,203 - INFO - MSP TNR [0.7333000000000001]
2022-01-27 00:27:08,203 - INFO - MSP AUOUT [0.9663426125172702]
2022-01-27 00:27:08,203 - INFO - ODIN AUROC [0.9472394457831326]
2022-01-27 00:27:08,203 - INFO - ODIN TNR [0.7404]
2022-01-27 00:27:08,203 - INFO - ODIN AUOUT [0.9704097778771099]
2022-01-27 00:27:08,203 - INFO - OOD Dataset: Textures
2022-01-27 00:27:08,203 - INFO - MSP AUROC [0.939596257369905]
2022-01-27 00:27:08,203 - INFO - MSP TNR [0.7710992907801418]
2022-01-27 00:27:08,203 - INFO - MSP AUOUT [0.9539417872567407]
2022-01-27 00:27:08,203 - INFO - ODIN AUROC [0.9525478509783816]
2022-01-27 00:27:08,203 - INFO - ODIN TNR [0.7808510638297872]
2022-01-27 00:27:08,204 - INFO - ODIN AUOUT [0.9602768738562515]
2022-01-27 00:27:08,204 - INFO - OOD Dataset: coarseid-coarseood
2022-01-27 00:27:08,204 - INFO - MSP AUROC [0.9793991967871487]
2022-01-27 00:27:08,204 - INFO - MSP TNR [0.9226666666666666]
2022-01-27 00:27:08,204 - INFO - MSP AUOUT [0.8872098052009378]
2022-01-27 00:27:08,204 - INFO - ODIN AUROC [0.9825538955823294]
2022-01-27 00:27:08,204 - INFO - ODIN TNR [0.9359999999999999]
2022-01-27 00:27:08,204 - INFO - ODIN AUOUT [0.8930594074845571]
2022-01-27 00:27:08,204 - INFO - OOD Dataset: coarseid-fineood
2022-01-27 00:27:08,204 - INFO - MSP AUROC [0.45746024096385546]
2022-01-27 00:27:08,204 - INFO - MSP TNR [0.06999999999999995]
2022-01-27 00:27:08,204 - INFO - MSP AUOUT [0.02266181925214452]
2022-01-27 00:27:08,204 - INFO - ODIN AUROC [0.5543614457831326]
2022-01-27 00:27:08,204 - INFO - ODIN TNR [0.06000000000000005]
2022-01-27 00:27:08,204 - INFO - ODIN AUOUT [0.02717331468226358]
