2022-09-27 14:08:39,980 - INFO - ==> Preparing data..
2022-09-27 14:08:40,444 - INFO - # ID Test: 3500
2022-09-27 14:08:40,444 - INFO - # OOD: 1500
2022-09-27 14:08:40,475 - INFO - # iNaturalist: 10000
2022-09-27 14:08:40,502 - INFO - # SUN: 10000
2022-09-27 14:08:40,528 - INFO - # Places: 10000
2022-09-27 14:08:40,576 - INFO - # Textures: 5640
2022-09-27 14:08:40,589 - INFO - # balanced100-coarseood: 750
2022-09-27 14:08:40,594 - INFO - # balanced100-mediumood: 250
2022-09-27 14:08:40,603 - INFO - # balanced100-fineood: 500
2022-09-27 14:08:40,616 - INFO - # balanced100-finemediumood: 750
2022-09-27 14:09:08,514 - INFO - Accuracy Results
2022-09-27 14:09:08,516 - INFO - Mean Synset Accuracy: 0.8905326724052429
2022-09-27 14:09:08,516 - INFO - Top-1 Accuracy: 0.7945713996887207
2022-09-27 14:09:08,516 - INFO - Pred Accuracy: 0.7954285740852356
2022-09-27 14:09:08,516 - INFO - Synset Accuracies:
2022-09-27 14:09:08,517 - INFO - [0.9885714  0.9523077  0.9814035  0.732      0.9066667  0.832
 0.94       0.97       0.9425     0.99       0.832      0.956
 0.82       0.808      0.98333335 1.         0.688      0.98
 0.804      0.74       0.848      0.728      0.96       0.99      ]
2022-09-27 14:09:08,517 - INFO - Error Depth:
2022-09-27 14:09:08,517 - INFO - 	Num. Errors at Depth 0 = 15.0
2022-09-27 14:09:08,517 - INFO - 	Num. Errors at Depth 1 = 33.0
2022-09-27 14:09:08,517 - INFO - 	Num. Errors at Depth 2 = 211.0
2022-09-27 14:09:08,518 - INFO - 	Num. Errors at Depth 3 = 278.0
2022-09-27 14:09:08,518 - INFO - 	Num. Errors at Depth 4 = 104.0
2022-09-27 14:09:08,518 - INFO - 	Num. Errors at Depth 5 = 78.0
2022-09-27 14:09:08,518 - INFO - 	Num. Errors at Depth -1 = 2781.0
2022-09-27 14:09:08,518 - INFO - OOD Results
2022-09-27 14:09:19,453 - INFO - Computing OOD Statistics...
2022-09-27 14:09:36,321 - INFO - Computing OOD Statistics...
2022-09-27 14:10:00,517 - INFO - Computing OOD Statistics...
2022-09-27 14:10:16,024 - INFO - Computing OOD Statistics...
2022-09-27 14:10:26,301 - INFO - Computing OOD Statistics...
2022-09-27 14:10:29,339 - INFO - Computing OOD Statistics...
2022-09-27 14:10:32,035 - INFO - Computing OOD Statistics...
2022-09-27 14:10:35,203 - INFO - Computing OOD Statistics...
2022-09-27 14:10:38,680 - INFO - Computing OOD Statistics...
2022-09-27 14:10:38,732 - INFO - OOD Dataset: OOD
2022-09-27 14:10:38,732 - INFO - MSP AUROC Synset Performance
2022-09-27 14:10:38,733 - INFO - [-1, -1, -1, -1, -1, -1, -1, -1, -1, -1, -1, -1, -1, -1, -1, -1, -1, -1, -1, -1, -1, -1, -1, -1, -0.0, 0.8043689523809523, 0.8320438095238095, 0.8339007619047619]
2022-09-27 14:10:38,733 - INFO - MSP TNR Synset Performance
2022-09-27 14:10:38,733 - INFO - [-1, -1, -1, -1, -1, -1, -1, -1, -1, -1, -1, -1, -1, -1, -1, -1, -1, -1, -1, -1, -1, -1, -1, -1, 0.0, 0.3493333333333334, 0.42066666666666663, 0.46399999999999997]
2022-09-27 14:10:38,733 - INFO - MSP AUOUT Synset Performance
2022-09-27 14:10:38,733 - INFO - [-1, -1, -1, -1, -1, -1, -1, -1, -1, -1, -1, -1, -1, -1, -1, -1, -1, -1, -1, -1, -1, -1, -1, -1, 0.16775845604771977, 0.6425826467411706, 0.7002045067687654, 0.7136926084795303]
2022-09-27 14:10:38,733 - INFO - ODIN AUROC Synset Performance
2022-09-27 14:10:38,733 - INFO - [-1, -1, -1, -1, -1, -1, -1, -1, -1, -1, -1, -1, -1, -1, -1, -1, -1, -1, -1, -1, -1, -1, -1, -1, -0.0, 0.5782413333333334, 0.25189390476190476, 0.44874514285714284]
2022-09-27 14:10:38,733 - INFO - ODIN TNR Synset Performance
2022-09-27 14:10:38,733 - INFO - [-1, -1, -1, -1, -1, -1, -1, -1, -1, -1, -1, -1, -1, -1, -1, -1, -1, -1, -1, -1, -1, -1, -1, -1, 0.0, 0.15200000000000002, 0.004666666666666708, 0.058666666666666645]
2022-09-27 14:10:38,733 - INFO - ODIN AUOUT Synset Performance
2022-09-27 14:10:38,733 - INFO - [-1, -1, -1, -1, -1, -1, -1, -1, -1, -1, -1, -1, -1, -1, -1, -1, -1, -1, -1, -1, -1, -1, -1, -1, 0.16775845604771977, 0.3988866487044257, 0.19901096550114822, 0.28119697483670764]
2022-09-27 14:10:38,733 - INFO - MSP Metrics using max activations accumulated across all appropriate synsets:
	AUROC -0.0
	TNR 0.0
	AUOUT 0.16775845604771977
2022-09-27 14:10:38,733 - INFO - ODIN Metrics using max activations accumulated across all appropriate synsets:
	AUROC -0.0
	TNR 0.0
	AUOUT 0.16775845604771977
2022-09-27 14:10:38,733 - INFO - MSP Metrics using max entropy along path:
	AUROC 0.8043689523809523
	TNR 0.3493333333333334
	AUOUT 0.6425826467411706
2022-09-27 14:10:38,733 - INFO - ODIN Metrics using max entropy along path:
	AUROC 0.5782413333333334
	TNR 0.15200000000000002
	AUOUT 0.3988866487044257
2022-09-27 14:10:38,733 - INFO - MSP Metrics using predicted activations:
	AUROC 0.8320438095238095
	TNR 0.42066666666666663
	AUOUT 0.7002045067687654
2022-09-27 14:10:38,733 - INFO - ODIN Metrics using predicted activations:
	AUROC 0.25189390476190476
	TNR 0.004666666666666708
	AUOUT 0.19901096550114822
2022-09-27 14:10:38,733 - INFO - MSP Metrics using mean entropy along path:
	AUROC 0.8339007619047619
	TNR 0.46399999999999997
	AUOUT 0.7136926084795303
2022-09-27 14:10:38,733 - INFO - ODIN Metrics using mean entropy along path:
	AUROC 0.44874514285714284
	TNR 0.058666666666666645
	AUOUT 0.28119697483670764
2022-09-27 14:10:38,733 - INFO - MSP Metrics using min entropy along path:
	AUROC 0.7683299047619047
	TNR 0.5333333333333333
	AUOUT 0.6955444327889029
2022-09-27 14:10:38,733 - INFO - ODIN Metrics using min entropy along path:
	AUROC 0.7670641904761906
	TNR 0.5333333333333333
	AUOUT 0.6730993479263816
2022-09-27 14:10:38,734 - INFO - OOD Path entropy min idx (msp): [0. 1. 4.], [1306    3  191]
2022-09-27 14:10:38,734 - INFO - OOD Path entropy min idx (odin): [0. 4.], [1310  190]
2022-09-27 14:10:38,734 - INFO - OOD Dataset: iNaturalist
2022-09-27 14:10:38,734 - INFO - MSP AUROC Synset Performance
2022-09-27 14:10:38,734 - INFO - [-1, -1, -1, -1, -1, -1, -1, -1, -1, -1, -1, -1, -1, -1, -1, -1, -1, -1, -1, -1, -1, -1, -1, -1, -0.0, 0.9311279428571428, 0.9300624285714285, 0.9242326285714285]
2022-09-27 14:10:38,734 - INFO - MSP TNR Synset Performance
2022-09-27 14:10:38,734 - INFO - [-1, -1, -1, -1, -1, -1, -1, -1, -1, -1, -1, -1, -1, -1, -1, -1, -1, -1, -1, -1, -1, -1, -1, -1, 0.0, 0.6258, 0.6207, 0.5606]
2022-09-27 14:10:38,734 - INFO - MSP AUOUT Synset Performance
2022-09-27 14:10:38,734 - INFO - [-1, -1, -1, -1, -1, -1, -1, -1, -1, -1, -1, -1, -1, -1, -1, -1, -1, -1, -1, -1, -1, -1, -1, -1, 0.5275256468469287, 0.9699734784679295, 0.9684302679048846, 0.9550404693592188]
2022-09-27 14:10:38,734 - INFO - ODIN AUROC Synset Performance
2022-09-27 14:10:38,734 - INFO - [-1, -1, -1, -1, -1, -1, -1, -1, -1, -1, -1, -1, -1, -1, -1, -1, -1, -1, -1, -1, -1, -1, -1, -1, -0.0, 0.6654948285714286, 0.24662714285714285, 0.5086760857142857]
2022-09-27 14:10:38,734 - INFO - ODIN TNR Synset Performance
2022-09-27 14:10:38,734 - INFO - [-1, -1, -1, -1, -1, -1, -1, -1, -1, -1, -1, -1, -1, -1, -1, -1, -1, -1, -1, -1, -1, -1, -1, -1, 0.0, 0.33899999999999997, 0.00029999999999996696, 0.11729999999999996]
2022-09-27 14:10:38,734 - INFO - ODIN AUOUT Synset Performance
2022-09-27 14:10:38,734 - INFO - [-1, -1, -1, -1, -1, -1, -1, -1, -1, -1, -1, -1, -1, -1, -1, -1, -1, -1, -1, -1, -1, -1, -1, -1, 0.5275256468469287, 0.8514939231371762, 0.5855359362593999, 0.7586349554503933]
2022-09-27 14:10:38,734 - INFO - MSP Metrics using max activations accumulated across all appropriate synsets:
	AUROC -0.0
	TNR 0.0
	AUOUT 0.5275256468469287
2022-09-27 14:10:38,734 - INFO - ODIN Metrics using max activations accumulated across all appropriate synsets:
	AUROC -0.0
	TNR 0.0
	AUOUT 0.5275256468469287
2022-09-27 14:10:38,734 - INFO - MSP Metrics using max entropy along path:
	AUROC 0.9311279428571428
	TNR 0.6258
	AUOUT 0.9699734784679295
2022-09-27 14:10:38,734 - INFO - ODIN Metrics using max entropy along path:
	AUROC 0.6654948285714286
	TNR 0.33899999999999997
	AUOUT 0.8514939231371762
2022-09-27 14:10:38,734 - INFO - MSP Metrics using predicted activations:
	AUROC 0.9300624285714285
	TNR 0.6207
	AUOUT 0.9684302679048846
2022-09-27 14:10:38,734 - INFO - ODIN Metrics using predicted activations:
	AUROC 0.24662714285714285
	TNR 0.00029999999999996696
	AUOUT 0.5855359362593999
2022-09-27 14:10:38,734 - INFO - MSP Metrics using mean entropy along path:
	AUROC 0.9242326285714285
	TNR 0.5606
	AUOUT 0.9550404693592188
2022-09-27 14:10:38,735 - INFO - ODIN Metrics using mean entropy along path:
	AUROC 0.5086760857142857
	TNR 0.11729999999999996
	AUOUT 0.7586349554503933
2022-09-27 14:10:38,735 - INFO - MSP Metrics using min entropy along path:
	AUROC 0.8818696857142856
	TNR 0.2529
	AUOUT 0.9247601116179285
2022-09-27 14:10:38,735 - INFO - ODIN Metrics using min entropy along path:
	AUROC 0.8807887142857143
	TNR 0.2522
	AUOUT 0.9208284546492341
2022-09-27 14:10:38,735 - INFO - OOD Path entropy min idx (msp): [0. 1. 3. 4.], [9984    1    2   13]
2022-09-27 14:10:38,735 - INFO - OOD Path entropy min idx (odin): [0. 3. 4.], [9985    2   13]
2022-09-27 14:10:38,735 - INFO - OOD Dataset: SUN
2022-09-27 14:10:38,735 - INFO - MSP AUROC Synset Performance
2022-09-27 14:10:38,735 - INFO - [-1, -1, -1, -1, -1, -1, -1, -1, -1, -1, -1, -1, -1, -1, -1, -1, -1, -1, -1, -1, -1, -1, -1, -1, -0.0, 0.9222619714285716, 0.9537090857142858, 0.9552114857142856]
2022-09-27 14:10:38,735 - INFO - MSP TNR Synset Performance
2022-09-27 14:10:38,735 - INFO - [-1, -1, -1, -1, -1, -1, -1, -1, -1, -1, -1, -1, -1, -1, -1, -1, -1, -1, -1, -1, -1, -1, -1, -1, 0.0, 0.5593, 0.743, 0.7342]
2022-09-27 14:10:38,735 - INFO - MSP AUOUT Synset Performance
2022-09-27 14:10:38,736 - INFO - [-1, -1, -1, -1, -1, -1, -1, -1, -1, -1, -1, -1, -1, -1, -1, -1, -1, -1, -1, -1, -1, -1, -1, -1, 0.5275256468469287, 0.9636338101674095, 0.9796448479687286, 0.9763250161329576]
2022-09-27 14:10:38,736 - INFO - ODIN AUROC Synset Performance
2022-09-27 14:10:38,736 - INFO - [-1, -1, -1, -1, -1, -1, -1, -1, -1, -1, -1, -1, -1, -1, -1, -1, -1, -1, -1, -1, -1, -1, -1, -1, -0.0, 0.7231588857142858, 0.19870508571428572, 0.6305118]
2022-09-27 14:10:38,736 - INFO - ODIN TNR Synset Performance
2022-09-27 14:10:38,736 - INFO - [-1, -1, -1, -1, -1, -1, -1, -1, -1, -1, -1, -1, -1, -1, -1, -1, -1, -1, -1, -1, -1, -1, -1, -1, 0.0, 0.5321, 9.999999999998899e-05, 0.26549999999999996]
2022-09-27 14:10:38,736 - INFO - ODIN AUOUT Synset Performance
2022-09-27 14:10:38,736 - INFO - [-1, -1, -1, -1, -1, -1, -1, -1, -1, -1, -1, -1, -1, -1, -1, -1, -1, -1, -1, -1, -1, -1, -1, -1, 0.5275256468469287, 0.8950925281360349, 0.5734162502351414, 0.8439359896483953]
2022-09-27 14:10:38,736 - INFO - MSP Metrics using max activations accumulated across all appropriate synsets:
	AUROC -0.0
	TNR 0.0
	AUOUT 0.5275256468469287
2022-09-27 14:10:38,736 - INFO - ODIN Metrics using max activations accumulated across all appropriate synsets:
	AUROC -0.0
	TNR 0.0
	AUOUT 0.5275256468469287
2022-09-27 14:10:38,736 - INFO - MSP Metrics using max entropy along path:
	AUROC 0.9222619714285716
	TNR 0.5593
	AUOUT 0.9636338101674095
2022-09-27 14:10:38,736 - INFO - ODIN Metrics using max entropy along path:
	AUROC 0.7231588857142858
	TNR 0.5321
	AUOUT 0.8950925281360349
2022-09-27 14:10:38,736 - INFO - MSP Metrics using predicted activations:
	AUROC 0.9537090857142858
	TNR 0.743
	AUOUT 0.9796448479687286
2022-09-27 14:10:38,736 - INFO - ODIN Metrics using predicted activations:
	AUROC 0.19870508571428572
	TNR 9.999999999998899e-05
	AUOUT 0.5734162502351414
2022-09-27 14:10:38,736 - INFO - MSP Metrics using mean entropy along path:
	AUROC 0.9552114857142856
	TNR 0.7342
	AUOUT 0.9763250161329576
2022-09-27 14:10:38,736 - INFO - ODIN Metrics using mean entropy along path:
	AUROC 0.6305118
	TNR 0.26549999999999996
	AUOUT 0.8439359896483953
2022-09-27 14:10:38,736 - INFO - MSP Metrics using min entropy along path:
	AUROC 0.9424133142857144
	TNR 0.6968
	AUOUT 0.9705156415677737
2022-09-27 14:10:38,736 - INFO - ODIN Metrics using min entropy along path:
	AUROC 0.941089142857143
	TNR 0.696
	AUOUT 0.9625814322819284
2022-09-27 14:10:38,737 - INFO - OOD Path entropy min idx (msp): [0. 1. 2. 3. 4.], [9851    7    1   14  127]
2022-09-27 14:10:38,737 - INFO - OOD Path entropy min idx (odin): [0. 3. 4.], [9860   13  127]
2022-09-27 14:10:38,737 - INFO - OOD Dataset: Places
2022-09-27 14:10:38,737 - INFO - MSP AUROC Synset Performance
2022-09-27 14:10:38,737 - INFO - [-1, -1, -1, -1, -1, -1, -1, -1, -1, -1, -1, -1, -1, -1, -1, -1, -1, -1, -1, -1, -1, -1, -1, -1, -0.0, 0.9083710857142857, 0.9403216000000001, 0.9435376571428572]
2022-09-27 14:10:38,737 - INFO - MSP TNR Synset Performance
2022-09-27 14:10:38,737 - INFO - [-1, -1, -1, -1, -1, -1, -1, -1, -1, -1, -1, -1, -1, -1, -1, -1, -1, -1, -1, -1, -1, -1, -1, -1, 0.0, 0.5192, 0.6824, 0.6798]
2022-09-27 14:10:38,737 - INFO - MSP AUOUT Synset Performance
2022-09-27 14:10:38,737 - INFO - [-1, -1, -1, -1, -1, -1, -1, -1, -1, -1, -1, -1, -1, -1, -1, -1, -1, -1, -1, -1, -1, -1, -1, -1, 0.5275256468469287, 0.9577039145807602, 0.974198447124023, 0.971975451040519]
2022-09-27 14:10:38,737 - INFO - ODIN AUROC Synset Performance
2022-09-27 14:10:38,737 - INFO - [-1, -1, -1, -1, -1, -1, -1, -1, -1, -1, -1, -1, -1, -1, -1, -1, -1, -1, -1, -1, -1, -1, -1, -1, -0.0, 0.6942341999999999, 0.20540494285714284, 0.6043050571428572]
2022-09-27 14:10:38,737 - INFO - ODIN TNR Synset Performance
2022-09-27 14:10:38,737 - INFO - [-1, -1, -1, -1, -1, -1, -1, -1, -1, -1, -1, -1, -1, -1, -1, -1, -1, -1, -1, -1, -1, -1, -1, -1, 0.0, 0.476, 0.0004999999999999449, 0.2562]
2022-09-27 14:10:38,737 - INFO - ODIN AUOUT Synset Performance
2022-09-27 14:10:38,737 - INFO - [-1, -1, -1, -1, -1, -1, -1, -1, -1, -1, -1, -1, -1, -1, -1, -1, -1, -1, -1, -1, -1, -1, -1, -1, 0.5275256468469287, 0.8826433654969852, 0.5743459422002796, 0.8332269379223896]
2022-09-27 14:10:38,737 - INFO - MSP Metrics using max activations accumulated across all appropriate synsets:
	AUROC -0.0
	TNR 0.0
	AUOUT 0.5275256468469287
2022-09-27 14:10:38,737 - INFO - ODIN Metrics using max activations accumulated across all appropriate synsets:
	AUROC -0.0
	TNR 0.0
	AUOUT 0.5275256468469287
2022-09-27 14:10:38,737 - INFO - MSP Metrics using max entropy along path:
	AUROC 0.9083710857142857
	TNR 0.5192
	AUOUT 0.9577039145807602
2022-09-27 14:10:38,737 - INFO - ODIN Metrics using max entropy along path:
	AUROC 0.6942341999999999
	TNR 0.476
	AUOUT 0.8826433654969852
2022-09-27 14:10:38,737 - INFO - MSP Metrics using predicted activations:
	AUROC 0.9403216000000001
	TNR 0.6824
	AUOUT 0.974198447124023
2022-09-27 14:10:38,737 - INFO - ODIN Metrics using predicted activations:
	AUROC 0.20540494285714284
	TNR 0.0004999999999999449
	AUOUT 0.5743459422002796
2022-09-27 14:10:38,737 - INFO - MSP Metrics using mean entropy along path:
	AUROC 0.9435376571428572
	TNR 0.6798
	AUOUT 0.971975451040519
2022-09-27 14:10:38,737 - INFO - ODIN Metrics using mean entropy along path:
	AUROC 0.6043050571428572
	TNR 0.2562
	AUOUT 0.8332269379223896
2022-09-27 14:10:38,737 - INFO - MSP Metrics using min entropy along path:
	AUROC 0.9258613714285714
	TNR 0.6527000000000001
	AUOUT 0.9651017550724398
2022-09-27 14:10:38,737 - INFO - ODIN Metrics using min entropy along path:
	AUROC 0.9245139714285715
	TNR 0.6517
	AUOUT 0.9571414802028495
2022-09-27 14:10:38,738 - INFO - OOD Path entropy min idx (msp): [0. 1. 2. 3. 4.], [9816   13    1   10  160]
2022-09-27 14:10:38,738 - INFO - OOD Path entropy min idx (odin): [0. 3. 4.], [9837    6  157]
2022-09-27 14:10:38,738 - INFO - OOD Dataset: Textures
2022-09-27 14:10:38,738 - INFO - MSP AUROC Synset Performance
2022-09-27 14:10:38,738 - INFO - [-1, -1, -1, -1, -1, -1, -1, -1, -1, -1, -1, -1, -1, -1, -1, -1, -1, -1, -1, -1, -1, -1, -1, -1, -0.0, 0.8884054204660587, 0.9100825734549138, 0.9276682370820669]
2022-09-27 14:10:38,738 - INFO - MSP TNR Synset Performance
2022-09-27 14:10:38,738 - INFO - [-1, -1, -1, -1, -1, -1, -1, -1, -1, -1, -1, -1, -1, -1, -1, -1, -1, -1, -1, -1, -1, -1, -1, -1, 0.0, 0.5156028368794326, 0.6131205673758866, 0.676595744680851]
2022-09-27 14:10:38,738 - INFO - MSP AUOUT Synset Performance
2022-09-27 14:10:38,738 - INFO - [-1, -1, -1, -1, -1, -1, -1, -1, -1, -1, -1, -1, -1, -1, -1, -1, -1, -1, -1, -1, -1, -1, -1, -1, 0.4043189752277335, 0.9211934829137935, 0.9399900261570652, 0.9459196656028165]
2022-09-27 14:10:38,738 - INFO - ODIN AUROC Synset Performance
2022-09-27 14:10:38,738 - INFO - [-1, -1, -1, -1, -1, -1, -1, -1, -1, -1, -1, -1, -1, -1, -1, -1, -1, -1, -1, -1, -1, -1, -1, -1, -0.0, 0.584903242147923, 0.1998934650455927, 0.5941765450861195]
2022-09-27 14:10:38,739 - INFO - ODIN TNR Synset Performance
2022-09-27 14:10:38,739 - INFO - [-1, -1, -1, -1, -1, -1, -1, -1, -1, -1, -1, -1, -1, -1, -1, -1, -1, -1, -1, -1, -1, -1, -1, -1, 0.0, 0.24574468085106382, 0.0024822695035461306, 0.1443262411347518]
2022-09-27 14:10:38,739 - INFO - ODIN AUOUT Synset Performance
2022-09-27 14:10:38,739 - INFO - [-1, -1, -1, -1, -1, -1, -1, -1, -1, -1, -1, -1, -1, -1, -1, -1, -1, -1, -1, -1, -1, -1, -1, -1, 0.4043189752277335, 0.7170526000843293, 0.4507807407185898, 0.6950235325270997]
2022-09-27 14:10:38,739 - INFO - MSP Metrics using max activations accumulated across all appropriate synsets:
	AUROC -0.0
	TNR 0.0
	AUOUT 0.4043189752277335
2022-09-27 14:10:38,739 - INFO - ODIN Metrics using max activations accumulated across all appropriate synsets:
	AUROC -0.0
	TNR 0.0
	AUOUT 0.4043189752277335
2022-09-27 14:10:38,739 - INFO - MSP Metrics using max entropy along path:
	AUROC 0.8884054204660587
	TNR 0.5156028368794326
	AUOUT 0.9211934829137935
2022-09-27 14:10:38,739 - INFO - ODIN Metrics using max entropy along path:
	AUROC 0.584903242147923
	TNR 0.24574468085106382
	AUOUT 0.7170526000843293
2022-09-27 14:10:38,739 - INFO - MSP Metrics using predicted activations:
	AUROC 0.9100825734549138
	TNR 0.6131205673758866
	AUOUT 0.9399900261570652
2022-09-27 14:10:38,739 - INFO - ODIN Metrics using predicted activations:
	AUROC 0.1998934650455927
	TNR 0.0024822695035461306
	AUOUT 0.4507807407185898
2022-09-27 14:10:38,739 - INFO - MSP Metrics using mean entropy along path:
	AUROC 0.9276682370820669
	TNR 0.676595744680851
	AUOUT 0.9459196656028165
2022-09-27 14:10:38,739 - INFO - ODIN Metrics using mean entropy along path:
	AUROC 0.5941765450861195
	TNR 0.1443262411347518
	AUOUT 0.6950235325270997
2022-09-27 14:10:38,739 - INFO - MSP Metrics using min entropy along path:
	AUROC 0.9294394630192503
	TNR 0.6863475177304965
	AUOUT 0.9464775085109016
2022-09-27 14:10:38,739 - INFO - ODIN Metrics using min entropy along path:
	AUROC 0.9280603343465046
	TNR 0.6863475177304965
	AUOUT 0.9339397194247804
2022-09-27 14:10:38,739 - INFO - OOD Path entropy min idx (msp): [0. 1. 2. 3. 4.], [5502   27    7    7   97]
2022-09-27 14:10:38,739 - INFO - OOD Path entropy min idx (odin): [0. 3. 4.], [5541    2   97]
2022-09-27 14:10:38,740 - INFO - OOD Dataset: balanced100-coarseood
2022-09-27 14:10:38,740 - INFO - MSP AUROC Synset Performance
2022-09-27 14:10:38,740 - INFO - [-1, -1, -1, -1, -1, -1, -1, -1, -1, -1, -1, -1, -1, -1, -1, -1, -1, -1, -1, -1, -1, -1, -1, -1, -0.0, 0.9135314285714285, 0.944137523809524, 0.9627424761904761]
2022-09-27 14:10:38,740 - INFO - MSP TNR Synset Performance
2022-09-27 14:10:38,740 - INFO - [-1, -1, -1, -1, -1, -1, -1, -1, -1, -1, -1, -1, -1, -1, -1, -1, -1, -1, -1, -1, -1, -1, -1, -1, 0.0, 0.528, 0.6453333333333333, 0.7586666666666666]
2022-09-27 14:10:38,740 - INFO - MSP AUOUT Synset Performance
2022-09-27 14:10:38,740 - INFO - [-1, -1, -1, -1, -1, -1, -1, -1, -1, -1, -1, -1, -1, -1, -1, -1, -1, -1, -1, -1, -1, -1, -1, -1, 0.09393858905968093, 0.6455961181955083, 0.7436377727945388, 0.7995870069469254]
2022-09-27 14:10:38,740 - INFO - ODIN AUROC Synset Performance
2022-09-27 14:10:38,740 - INFO - [-1, -1, -1, -1, -1, -1, -1, -1, -1, -1, -1, -1, -1, -1, -1, -1, -1, -1, -1, -1, -1, -1, -1, -1, -0.0, 0.42200266666666664, 0.15455885714285714, 0.4898662857142857]
2022-09-27 14:10:38,740 - INFO - ODIN TNR Synset Performance
2022-09-27 14:10:38,740 - INFO - [-1, -1, -1, -1, -1, -1, -1, -1, -1, -1, -1, -1, -1, -1, -1, -1, -1, -1, -1, -1, -1, -1, -1, -1, 0.0, 0.06133333333333335, 0.0013333333333332975, 0.021333333333333315]
2022-09-27 14:10:38,740 - INFO - ODIN AUOUT Synset Performance
2022-09-27 14:10:38,740 - INFO - [-1, -1, -1, -1, -1, -1, -1, -1, -1, -1, -1, -1, -1, -1, -1, -1, -1, -1, -1, -1, -1, -1, -1, -1, 0.09393858905968093, 0.15716461350136357, 0.10668261735987736, 0.17521874545010138]
2022-09-27 14:10:38,740 - INFO - MSP Metrics using max activations accumulated across all appropriate synsets:
	AUROC -0.0
	TNR 0.0
	AUOUT 0.09393858905968093
2022-09-27 14:10:38,740 - INFO - ODIN Metrics using max activations accumulated across all appropriate synsets:
	AUROC -0.0
	TNR 0.0
	AUOUT 0.09393858905968093
2022-09-27 14:10:38,740 - INFO - MSP Metrics using max entropy along path:
	AUROC 0.9135314285714285
	TNR 0.528
	AUOUT 0.6455961181955083
2022-09-27 14:10:38,740 - INFO - ODIN Metrics using max entropy along path:
	AUROC 0.42200266666666664
	TNR 0.06133333333333335
	AUOUT 0.15716461350136357
2022-09-27 14:10:38,740 - INFO - MSP Metrics using predicted activations:
	AUROC 0.944137523809524
	TNR 0.6453333333333333
	AUOUT 0.7436377727945388
2022-09-27 14:10:38,740 - INFO - ODIN Metrics using predicted activations:
	AUROC 0.15455885714285714
	TNR 0.0013333333333332975
	AUOUT 0.10668261735987736
2022-09-27 14:10:38,740 - INFO - MSP Metrics using mean entropy along path:
	AUROC 0.9627424761904761
	TNR 0.7586666666666666
	AUOUT 0.7995870069469254
2022-09-27 14:10:38,740 - INFO - ODIN Metrics using mean entropy along path:
	AUROC 0.4898662857142857
	TNR 0.021333333333333315
	AUOUT 0.17521874545010138
2022-09-27 14:10:38,740 - INFO - MSP Metrics using min entropy along path:
	AUROC 0.96524
	TNR 0.9093333333333333
	AUOUT 0.8334993063207481
2022-09-27 14:10:38,740 - INFO - ODIN Metrics using min entropy along path:
	AUROC 0.9636281904761905
	TNR 0.9093333333333333
	AUOUT 0.7913260138098788
2022-09-27 14:10:38,740 - INFO - OOD Path entropy min idx (msp): [0. 1. 4.], [740   1   9]
2022-09-27 14:10:38,741 - INFO - OOD Path entropy min idx (odin): [0. 4.], [742   8]
2022-09-27 14:10:38,741 - INFO - OOD Dataset: balanced100-mediumood
2022-09-27 14:10:38,741 - INFO - MSP AUROC Synset Performance
2022-09-27 14:10:38,741 - INFO - [-1, -1, -1, -1, -1, -1, -1, -1, -1, -1, -1, -1, -1, -1, -1, -1, -1, -1, -1, -1, -1, -1, -1, -1, -0.0, 0.7308068571428572, 0.7337908571428572, 0.6905405714285715]
2022-09-27 14:10:38,741 - INFO - MSP TNR Synset Performance
2022-09-27 14:10:38,741 - INFO - [-1, -1, -1, -1, -1, -1, -1, -1, -1, -1, -1, -1, -1, -1, -1, -1, -1, -1, -1, -1, -1, -1, -1, -1, 0.0, 0.124, 0.10399999999999998, 0.06799999999999995]
2022-09-27 14:10:38,741 - INFO - MSP AUOUT Synset Performance
2022-09-27 14:10:38,741 - INFO - [-1, -1, -1, -1, -1, -1, -1, -1, -1, -1, -1, -1, -1, -1, -1, -1, -1, -1, -1, -1, -1, -1, -1, -1, 0.03409978690754759, 0.13644922345812416, 0.13732047805420017, 0.107700649036005]
2022-09-27 14:10:38,741 - INFO - ODIN AUROC Synset Performance
2022-09-27 14:10:38,741 - INFO - [-1, -1, -1, -1, -1, -1, -1, -1, -1, -1, -1, -1, -1, -1, -1, -1, -1, -1, -1, -1, -1, -1, -1, -1, -0.0, 0.8483885714285715, 0.4171988571428571, 0.4307314285714286]
2022-09-27 14:10:38,741 - INFO - ODIN TNR Synset Performance
2022-09-27 14:10:38,741 - INFO - [-1, -1, -1, -1, -1, -1, -1, -1, -1, -1, -1, -1, -1, -1, -1, -1, -1, -1, -1, -1, -1, -1, -1, -1, 0.0, 0.272, 0.01200000000000001, 0.08799999999999997]
2022-09-27 14:10:38,741 - INFO - ODIN AUOUT Synset Performance
2022-09-27 14:10:38,741 - INFO - [-1, -1, -1, -1, -1, -1, -1, -1, -1, -1, -1, -1, -1, -1, -1, -1, -1, -1, -1, -1, -1, -1, -1, -1, 0.03409978690754759, 0.2183570016372189, 0.05162097147898221, 0.06424085255779016]
2022-09-27 14:10:38,741 - INFO - MSP Metrics using max activations accumulated across all appropriate synsets:
	AUROC -0.0
	TNR 0.0
	AUOUT 0.03409978690754759
2022-09-27 14:10:38,741 - INFO - ODIN Metrics using max activations accumulated across all appropriate synsets:
	AUROC -0.0
	TNR 0.0
	AUOUT 0.03409978690754759
2022-09-27 14:10:38,741 - INFO - MSP Metrics using max entropy along path:
	AUROC 0.7308068571428572
	TNR 0.124
	AUOUT 0.13644922345812416
2022-09-27 14:10:38,741 - INFO - ODIN Metrics using max entropy along path:
	AUROC 0.8483885714285715
	TNR 0.272
	AUOUT 0.2183570016372189
2022-09-27 14:10:38,741 - INFO - MSP Metrics using predicted activations:
	AUROC 0.7337908571428572
	TNR 0.10399999999999998
	AUOUT 0.13732047805420017
2022-09-27 14:10:38,741 - INFO - ODIN Metrics using predicted activations:
	AUROC 0.4171988571428571
	TNR 0.01200000000000001
	AUOUT 0.05162097147898221
2022-09-27 14:10:38,741 - INFO - MSP Metrics using mean entropy along path:
	AUROC 0.6905405714285715
	TNR 0.06799999999999995
	AUOUT 0.107700649036005
2022-09-27 14:10:38,741 - INFO - ODIN Metrics using mean entropy along path:
	AUROC 0.4307314285714286
	TNR 0.08799999999999997
	AUOUT 0.06424085255779016
2022-09-27 14:10:38,741 - INFO - MSP Metrics using min entropy along path:
	AUROC 0.28468
	TNR 0.02400000000000002
	AUOUT 0.04980448062710323
2022-09-27 14:10:38,741 - INFO - ODIN Metrics using min entropy along path:
	AUROC 0.28426285714285715
	TNR 0.02400000000000002
	AUOUT 0.049609251635237286
2022-09-27 14:10:38,742 - INFO - OOD Path entropy min idx (msp): [0. 4.], [ 94 156]
2022-09-27 14:10:38,742 - INFO - OOD Path entropy min idx (odin): [0. 4.], [ 94 156]
2022-09-27 14:10:38,742 - INFO - OOD Dataset: balanced100-fineood
2022-09-27 14:10:38,742 - INFO - MSP AUROC Synset Performance
2022-09-27 14:10:38,742 - INFO - [-1, -1, -1, -1, -1, -1, -1, -1, -1, -1, -1, -1, -1, -1, -1, -1, -1, -1, -1, -1, -1, -1, -1, -1, -0.0, 0.6774085714285714, 0.7130291428571429, 0.7123177142857142]
2022-09-27 14:10:38,742 - INFO - MSP TNR Synset Performance
2022-09-27 14:10:38,742 - INFO - [-1, -1, -1, -1, -1, -1, -1, -1, -1, -1, -1, -1, -1, -1, -1, -1, -1, -1, -1, -1, -1, -1, -1, -1, 0.0, 0.19399999999999995, 0.242, 0.21999999999999997]
2022-09-27 14:10:38,742 - INFO - MSP AUOUT Synset Performance
2022-09-27 14:10:38,742 - INFO - [-1, -1, -1, -1, -1, -1, -1, -1, -1, -1, -1, -1, -1, -1, -1, -1, -1, -1, -1, -1, -1, -1, -1, -1, 0.06528024046762752, 0.2581036831911741, 0.29883620185713056, 0.28022409362910583]
2022-09-27 14:10:38,742 - INFO - ODIN AUROC Synset Performance
2022-09-27 14:10:38,742 - INFO - [-1, -1, -1, -1, -1, -1, -1, -1, -1, -1, -1, -1, -1, -1, -1, -1, -1, -1, -1, -1, -1, -1, -1, -1, -0.0, 0.6775205714285715, 0.315244, 0.3960542857142857]
2022-09-27 14:10:38,742 - INFO - ODIN TNR Synset Performance
2022-09-27 14:10:38,742 - INFO - [-1, -1, -1, -1, -1, -1, -1, -1, -1, -1, -1, -1, -1, -1, -1, -1, -1, -1, -1, -1, -1, -1, -1, -1, 0.0, 0.22799999999999998, 0.006000000000000005, 0.09999999999999998]
2022-09-27 14:10:38,742 - INFO - ODIN AUOUT Synset Performance
2022-09-27 14:10:38,742 - INFO - [-1, -1, -1, -1, -1, -1, -1, -1, -1, -1, -1, -1, -1, -1, -1, -1, -1, -1, -1, -1, -1, -1, -1, -1, 0.06528024046762752, 0.2858065428004868, 0.08430584058558865, 0.12074083173400664]
2022-09-27 14:10:38,742 - INFO - MSP Metrics using max activations accumulated across all appropriate synsets:
	AUROC -0.0
	TNR 0.0
	AUOUT 0.06528024046762752
2022-09-27 14:10:38,742 - INFO - ODIN Metrics using max activations accumulated across all appropriate synsets:
	AUROC -0.0
	TNR 0.0
	AUOUT 0.06528024046762752
2022-09-27 14:10:38,742 - INFO - MSP Metrics using max entropy along path:
	AUROC 0.6774085714285714
	TNR 0.19399999999999995
	AUOUT 0.2581036831911741
2022-09-27 14:10:38,742 - INFO - ODIN Metrics using max entropy along path:
	AUROC 0.6775205714285715
	TNR 0.22799999999999998
	AUOUT 0.2858065428004868
2022-09-27 14:10:38,742 - INFO - MSP Metrics using predicted activations:
	AUROC 0.7130291428571429
	TNR 0.242
	AUOUT 0.29883620185713056
2022-09-27 14:10:38,742 - INFO - ODIN Metrics using predicted activations:
	AUROC 0.315244
	TNR 0.006000000000000005
	AUOUT 0.08430584058558865
2022-09-27 14:10:38,742 - INFO - MSP Metrics using mean entropy along path:
	AUROC 0.7123177142857142
	TNR 0.21999999999999997
	AUOUT 0.28022409362910583
2022-09-27 14:10:38,742 - INFO - ODIN Metrics using mean entropy along path:
	AUROC 0.3960542857142857
	TNR 0.09999999999999998
	AUOUT 0.12074083173400664
2022-09-27 14:10:38,742 - INFO - MSP Metrics using min entropy along path:
	AUROC 0.7147897142857144
	TNR 0.22399999999999998
	AUOUT 0.27637386841051076
2022-09-27 14:10:38,742 - INFO - ODIN Metrics using min entropy along path:
	AUROC 0.7136245714285715
	TNR 0.22399999999999998
	AUOUT 0.27077113523146223
2022-09-27 14:10:38,743 - INFO - OOD Path entropy min idx (msp): [0. 1. 4.], [472   2  26]
2022-09-27 14:10:38,743 - INFO - OOD Path entropy min idx (odin): [0. 4.], [474  26]
2022-09-27 14:10:38,743 - INFO - OOD Dataset: balanced100-finemediumood
2022-09-27 14:10:38,743 - INFO - MSP AUROC Synset Performance
2022-09-27 14:10:38,743 - INFO - [-1, -1, -1, -1, -1, -1, -1, -1, -1, -1, -1, -1, -1, -1, -1, -1, -1, -1, -1, -1, -1, -1, -1, -1, -0.0, 0.695208, 0.7199497142857144, 0.7050586666666667]
2022-09-27 14:10:38,743 - INFO - MSP TNR Synset Performance
2022-09-27 14:10:38,743 - INFO - [-1, -1, -1, -1, -1, -1, -1, -1, -1, -1, -1, -1, -1, -1, -1, -1, -1, -1, -1, -1, -1, -1, -1, -1, 0.0, 0.17066666666666663, 0.19599999999999995, 0.16933333333333334]
2022-09-27 14:10:38,743 - INFO - MSP AUOUT Synset Performance
2022-09-27 14:10:38,743 - INFO - [-1, -1, -1, -1, -1, -1, -1, -1, -1, -1, -1, -1, -1, -1, -1, -1, -1, -1, -1, -1, -1, -1, -1, -1, 0.09393858905968093, 0.33001762805800966, 0.3605660236968537, 0.32701092898021183]
2022-09-27 14:10:38,743 - INFO - ODIN AUROC Synset Performance
2022-09-27 14:10:38,743 - INFO - [-1, -1, -1, -1, -1, -1, -1, -1, -1, -1, -1, -1, -1, -1, -1, -1, -1, -1, -1, -1, -1, -1, -1, -1, -0.0, 0.7344765714285715, 0.3492289523809524, 0.4076133333333334]
2022-09-27 14:10:38,743 - INFO - ODIN TNR Synset Performance
2022-09-27 14:10:38,743 - INFO - [-1, -1, -1, -1, -1, -1, -1, -1, -1, -1, -1, -1, -1, -1, -1, -1, -1, -1, -1, -1, -1, -1, -1, -1, 0.0, 0.2426666666666667, 0.008000000000000007, 0.09599999999999997]
2022-09-27 14:10:38,743 - INFO - ODIN AUOUT Synset Performance
2022-09-27 14:10:38,743 - INFO - [-1, -1, -1, -1, -1, -1, -1, -1, -1, -1, -1, -1, -1, -1, -1, -1, -1, -1, -1, -1, -1, -1, -1, -1, 0.09393858905968093, 0.3939723104319425, 0.12618146699471938, 0.16772749827267575]
2022-09-27 14:10:38,743 - INFO - MSP Metrics using max activations accumulated across all appropriate synsets:
	AUROC -0.0
	TNR 0.0
	AUOUT 0.09393858905968093
2022-09-27 14:10:38,743 - INFO - ODIN Metrics using max activations accumulated across all appropriate synsets:
	AUROC -0.0
	TNR 0.0
	AUOUT 0.09393858905968093
2022-09-27 14:10:38,743 - INFO - MSP Metrics using max entropy along path:
	AUROC 0.695208
	TNR 0.17066666666666663
	AUOUT 0.33001762805800966
2022-09-27 14:10:38,743 - INFO - ODIN Metrics using max entropy along path:
	AUROC 0.7344765714285715
	TNR 0.2426666666666667
	AUOUT 0.3939723104319425
2022-09-27 14:10:38,743 - INFO - MSP Metrics using predicted activations:
	AUROC 0.7199497142857144
	TNR 0.19599999999999995
	AUOUT 0.3605660236968537
2022-09-27 14:10:38,743 - INFO - ODIN Metrics using predicted activations:
	AUROC 0.3492289523809524
	TNR 0.008000000000000007
	AUOUT 0.12618146699471938
2022-09-27 14:10:38,743 - INFO - MSP Metrics using mean entropy along path:
	AUROC 0.7050586666666667
	TNR 0.16933333333333334
	AUOUT 0.32701092898021183
2022-09-27 14:10:38,743 - INFO - ODIN Metrics using mean entropy along path:
	AUROC 0.4076133333333334
	TNR 0.09599999999999997
	AUOUT 0.16772749827267575
2022-09-27 14:10:38,744 - INFO - MSP Metrics using min entropy along path:
	AUROC 0.5714198095238094
	TNR 0.15733333333333333
	AUOUT 0.2726186254871429
2022-09-27 14:10:38,744 - INFO - ODIN Metrics using min entropy along path:
	AUROC 0.5705039999999999
	TNR 0.15733333333333333
	AUOUT 0.2684456584497374
2022-09-27 14:10:38,744 - INFO - OOD Path entropy min idx (msp): [0. 1. 4.], [566   2 182]
2022-09-27 14:10:38,744 - INFO - OOD Path entropy min idx (odin): [0. 4.], [568 182]
2022-09-27 14:10:49,049 - INFO - Computing OOD Statistics...
2022-09-27 14:11:08,993 - INFO - Computing OOD Statistics...
2022-09-27 14:11:46,595 - INFO - Computing OOD Statistics...
2022-09-27 14:12:01,720 - INFO - Computing OOD Statistics...
2022-09-27 14:12:10,295 - INFO - Computing OOD Statistics...
2022-09-27 14:12:13,446 - INFO - Computing OOD Statistics...
2022-09-27 14:12:16,593 - INFO - Computing OOD Statistics...
2022-09-27 14:12:19,967 - INFO - Computing OOD Statistics...
2022-09-27 14:12:23,350 - INFO - Computing OOD Statistics...
2022-09-27 14:12:23,365 - INFO - OOD Dataset: OOD
2022-09-27 14:12:23,365 - INFO - MSP AUROC [0.7920695238095239]
2022-09-27 14:12:23,365 - INFO - MSP TNR [0.5273333333333333]
2022-09-27 14:12:23,365 - INFO - MSP AUOUT [0.7234551381010551]
2022-09-27 14:12:23,366 - INFO - ODIN AUROC [0.8258028571428571]
2022-09-27 14:12:23,366 - INFO - ODIN TNR [0.53]
2022-09-27 14:12:23,366 - INFO - ODIN AUOUT [0.7394079760470488]
2022-09-27 14:12:23,366 - INFO - OOD Dataset: iNaturalist
2022-09-27 14:12:23,366 - INFO - MSP AUROC [0.8903718]
2022-09-27 14:12:23,366 - INFO - MSP TNR [0.27390000000000003]
2022-09-27 14:12:23,366 - INFO - MSP AUOUT [0.933211724707176]
2022-09-27 14:12:23,366 - INFO - ODIN AUROC [0.9074070285714285]
2022-09-27 14:12:23,366 - INFO - ODIN TNR [0.2855]
2022-09-27 14:12:23,366 - INFO - ODIN AUOUT [0.9394339531330185]
2022-09-27 14:12:23,366 - INFO - OOD Dataset: SUN
2022-09-27 14:12:23,366 - INFO - MSP AUROC [0.9471367142857143]
2022-09-27 14:12:23,366 - INFO - MSP TNR [0.6843]
2022-09-27 14:12:23,366 - INFO - MSP AUOUT [0.9732298013482907]
2022-09-27 14:12:23,366 - INFO - ODIN AUROC [0.9527702]
2022-09-27 14:12:23,366 - INFO - ODIN TNR [0.6856]
2022-09-27 14:12:23,366 - INFO - ODIN AUOUT [0.9747968285339972]
2022-09-27 14:12:23,366 - INFO - OOD Dataset: Places
2022-09-27 14:12:23,366 - INFO - MSP AUROC [0.9310245142857144]
2022-09-27 14:12:23,366 - INFO - MSP TNR [0.638]
2022-09-27 14:12:23,367 - INFO - MSP AUOUT [0.9683550226944453]
2022-09-27 14:12:23,367 - INFO - ODIN AUROC [0.9396620571428572]
2022-09-27 14:12:23,367 - INFO - ODIN TNR [0.6413]
2022-09-27 14:12:23,367 - INFO - ODIN AUOUT [0.9707655615426312]
2022-09-27 14:12:23,367 - INFO - OOD Dataset: Textures
2022-09-27 14:12:23,367 - INFO - MSP AUROC [0.9328505572441743]
2022-09-27 14:12:23,367 - INFO - MSP TNR [0.6668439716312057]
2022-09-27 14:12:23,367 - INFO - MSP AUOUT [0.9509184678108178]
2022-09-27 14:12:23,367 - INFO - ODIN AUROC [0.9421219351570416]
2022-09-27 14:12:23,367 - INFO - ODIN TNR [0.672340425531915]
2022-09-27 14:12:23,367 - INFO - ODIN AUOUT [0.9548357110743159]
2022-09-27 14:12:23,367 - INFO - OOD Dataset: balanced100-coarseood
2022-09-27 14:12:23,367 - INFO - MSP AUROC [0.9777257142857143]
2022-09-27 14:12:23,367 - INFO - MSP TNR [0.9013333333333333]
2022-09-27 14:12:23,367 - INFO - MSP AUOUT [0.87517465391399]
2022-09-27 14:12:23,367 - INFO - ODIN AUROC [0.9789706666666668]
2022-09-27 14:12:23,367 - INFO - ODIN TNR [0.9026666666666667]
2022-09-27 14:12:23,367 - INFO - ODIN AUOUT [0.8760587912167984]
2022-09-27 14:12:23,367 - INFO - OOD Dataset: balanced100-mediumood
2022-09-27 14:12:23,367 - INFO - MSP AUROC [0.5269771428571428]
2022-09-27 14:12:23,367 - INFO - MSP TNR [0.02400000000000002]
2022-09-27 14:12:23,367 - INFO - MSP AUOUT [0.0758607165596099]
2022-09-27 14:12:23,368 - INFO - ODIN AUROC [0.5842400000000001]
2022-09-27 14:12:23,368 - INFO - ODIN TNR [0.020000000000000018]
2022-09-27 14:12:23,368 - INFO - ODIN AUOUT [0.08284766600377177]
2022-09-27 14:12:23,368 - INFO - OOD Dataset: balanced100-fineood
2022-09-27 14:12:23,368 - INFO - MSP AUROC [0.6461308571428571]
2022-09-27 14:12:23,368 - INFO - MSP TNR [0.21799999999999997]
2022-09-27 14:12:23,368 - INFO - MSP AUOUT [0.2690307119140899]
2022-09-27 14:12:23,368 - INFO - ODIN AUROC [0.716832]
2022-09-27 14:12:23,368 - INFO - ODIN TNR [0.22599999999999998]
2022-09-27 14:12:23,368 - INFO - ODIN AUOUT [0.29096435038079904]
2022-09-27 14:12:23,368 - INFO - OOD Dataset: balanced100-finemediumood
2022-09-27 14:12:23,368 - INFO - MSP AUROC [0.6064129523809524]
2022-09-27 14:12:23,368 - INFO - MSP TNR [0.15333333333333332]
2022-09-27 14:12:23,368 - INFO - MSP AUOUT [0.29114104220167]
2022-09-27 14:12:23,368 - INFO - ODIN AUROC [0.6726346666666667]
2022-09-27 14:12:23,368 - INFO - ODIN TNR [0.15733333333333333]
2022-09-27 14:12:23,368 - INFO - ODIN AUOUT [0.3142821614619787]
