2022-01-19 05:20:22,210 - INFO - ==> Preparing data..
2022-01-19 05:20:22,737 - INFO - # ID Test: 4150
2022-01-19 05:20:22,737 - INFO - # OOD: 850
2022-01-19 05:20:22,821 - INFO - # iNaturalist: 10000
2022-01-19 05:20:22,886 - INFO - # SUN: 10000
2022-01-19 05:20:22,924 - INFO - # Places: 10000
2022-01-19 05:20:22,946 - INFO - # Textures: 5640
2022-01-19 05:20:42,319 - INFO - Accuracy Results
2022-01-19 05:20:42,320 - INFO - Accuracy: 0.8139759302139282
2022-01-19 05:20:42,321 - INFO - Groupwise Accuracy: [0.98240966 0.9920482  0.9860241  0.993253   0.98433733 0.9946988
 0.98313254 0.9826506  0.99036145 0.9773494  0.99156624 0.9855422
 0.9775904  0.98024094 0.9785542  0.9881928  0.9963855 ]
2022-01-19 05:20:42,321 - INFO - OOD Results
2022-01-19 05:20:58,868 - INFO - Computing OOD Statistics...
2022-01-19 05:21:25,205 - INFO - Computing OOD Statistics...
2022-01-19 05:22:10,326 - INFO - Computing OOD Statistics...
2022-01-19 05:22:32,983 - INFO - Computing OOD Statistics...
2022-01-19 05:22:47,246 - INFO - Computing OOD Statistics...
2022-01-19 05:22:47,258 - INFO - MOS OOD Metrics:
	OOD Dataset: OOD
		AUROC [0.9144442239546421]
		TNR [0.5929411764705883]
		AUOUT [0.6358352507828496]
	OOD Dataset: iNaturalist
		AUROC [0.9386605060240965]
		TNR [0.6229]
		AUOUT [0.9577716730732667]
	OOD Dataset: SUN
		AUROC [0.9580661445783132]
		TNR [0.7373000000000001]
		AUOUT [0.9693921369164699]
	OOD Dataset: Places
		AUROC [0.9480841686746988]
		TNR [0.6798]
		AUOUT [0.9645991142518574]
	OOD Dataset: Textures
		AUROC [0.9344459967529695]
		TNR [0.624645390070922]
		AUOUT [0.9293936299637952]
