2022-05-18 01:01:33,467 - INFO - ==> Preparing data..
2022-05-18 01:01:33,920 - INFO - # ID Test: 4150
2022-05-18 01:01:33,921 - INFO - # OOD: 850
2022-05-18 01:01:33,953 - INFO - # iNaturalist: 10000
2022-05-18 01:01:33,983 - INFO - # SUN: 10000
2022-05-18 01:01:34,010 - INFO - # Places: 10000
2022-05-18 01:01:34,060 - INFO - # Textures: 5640
2022-05-18 01:01:34,072 - INFO - # coarseid-coarseood: 700
2022-05-18 01:01:34,075 - INFO - # coarseid-fineood: 150
2022-05-18 01:02:21,347 - INFO - Accuracy Results
2022-05-18 01:02:21,348 - INFO - Mean Synset Accuracy: 0.8952293395996094
2022-05-18 01:02:21,348 - INFO - Top-1 Accuracy: 0.8240963816642761
2022-05-18 01:02:21,348 - INFO - Pred Accuracy: 0.8245782852172852
2022-05-18 01:02:21,349 - INFO - Synset Accuracies:
2022-05-18 01:02:21,349 - INFO - [0.99493974 0.964      0.9861765  0.78       0.936      0.852
 0.944      0.977      0.9665116  0.996      0.824      0.96
 0.804      0.796      0.98210526 0.954      0.94       0.724
 0.9        0.8        0.776      0.856      0.768      0.92
 0.98      ]
2022-05-18 01:02:21,350 - INFO - Error Depth:
2022-05-18 01:02:21,350 - INFO - 	Num. Errors at Depth 0 = 8.0
2022-05-18 01:02:21,350 - INFO - 	Num. Errors at Depth 1 = 34.0
2022-05-18 01:02:21,350 - INFO - 	Num. Errors at Depth 2 = 177.0
2022-05-18 01:02:21,350 - INFO - 	Num. Errors at Depth 3 = 284.0
2022-05-18 01:02:21,350 - INFO - 	Num. Errors at Depth 4 = 143.0
2022-05-18 01:02:21,350 - INFO - 	Num. Errors at Depth 5 = 84.0
2022-05-18 01:02:21,350 - INFO - 	Num. Errors at Depth -1 = 3420.0
2022-05-18 01:02:21,350 - INFO - OOD Results
2022-05-18 01:02:32,795 - INFO - Computing OOD Statistics...
2022-05-18 01:02:51,876 - INFO - Computing OOD Statistics...
2022-05-18 01:03:19,952 - INFO - Computing OOD Statistics...
2022-05-18 01:03:37,417 - INFO - Computing OOD Statistics...
2022-05-18 01:03:48,315 - INFO - Computing OOD Statistics...
2022-05-18 01:03:51,895 - INFO - Computing OOD Statistics...
2022-05-18 01:03:55,008 - INFO - Computing OOD Statistics...
2022-05-18 01:03:55,059 - INFO - OOD Dataset: OOD
2022-05-18 01:03:55,059 - INFO - MSP AUROC Synset Performance
2022-05-18 01:03:55,059 - INFO - [-1, -1, -1, -1, -1, -1, -1, -1, -1, -1, -1, -1, -1, -1, -1, -1, -1, -1, -1, -1, -1, -1, -1, -1, -1, -0.0, 0.8979659815733522, 0.9172490432317506, 0.9416167257264352]
2022-05-18 01:03:55,059 - INFO - MSP TNR Synset Performance
2022-05-18 01:03:55,059 - INFO - [-1, -1, -1, -1, -1, -1, -1, -1, -1, -1, -1, -1, -1, -1, -1, -1, -1, -1, -1, -1, -1, -1, -1, -1, -1, 0.0, 0.4576470588235294, 0.5988235294117648, 0.7517647058823529]
2022-05-18 01:03:55,059 - INFO - MSP AUOUT Synset Performance
2022-05-18 01:03:55,060 - INFO - [-1, -1, -1, -1, -1, -1, -1, -1, -1, -1, -1, -1, -1, -1, -1, -1, -1, -1, -1, -1, -1, -1, -1, -1, -1, 0.09027322853919331, 0.6154431006413802, 0.716732229026287, 0.817552712888039]
2022-05-18 01:03:55,060 - INFO - ODIN AUROC Synset Performance
2022-05-18 01:03:55,060 - INFO - [-1, -1, -1, -1, -1, -1, -1, -1, -1, -1, -1, -1, -1, -1, -1, -1, -1, -1, -1, -1, -1, -1, -1, -1, -1, -0.0, 0.5705105598866052, 0.5812598157335224, 0.5321309709425939]
2022-05-18 01:03:55,060 - INFO - ODIN TNR Synset Performance
2022-05-18 01:03:55,060 - INFO - [-1, -1, -1, -1, -1, -1, -1, -1, -1, -1, -1, -1, -1, -1, -1, -1, -1, -1, -1, -1, -1, -1, -1, -1, -1, 0.0, 0.14117647058823535, 0.02117647058823524, 0.06000000000000005]
2022-05-18 01:03:55,060 - INFO - ODIN AUOUT Synset Performance
2022-05-18 01:03:55,060 - INFO - [-1, -1, -1, -1, -1, -1, -1, -1, -1, -1, -1, -1, -1, -1, -1, -1, -1, -1, -1, -1, -1, -1, -1, -1, -1, 0.09027322853919331, 0.23008005185756447, 0.1818842566162299, 0.18465711843421476]
2022-05-18 01:03:55,060 - INFO - MSP Metrics using max activations accumulated across all appropriate synsets:
	AUROC -0.0
	TNR 0.0
	AUOUT 0.09027322853919331
2022-05-18 01:03:55,060 - INFO - ODIN Metrics using max activations accumulated across all appropriate synsets:
	AUROC -0.0
	TNR 0.0
	AUOUT 0.09027322853919331
2022-05-18 01:03:55,060 - INFO - MSP Metrics using max entropy along path:
	AUROC 0.8979659815733522
	TNR 0.4576470588235294
	AUOUT 0.6154431006413802
2022-05-18 01:03:55,060 - INFO - ODIN Metrics using max entropy along path:
	AUROC 0.5705105598866052
	TNR 0.14117647058823535
	AUOUT 0.23008005185756447
2022-05-18 01:03:55,060 - INFO - MSP Metrics using predicted activations:
	AUROC 0.9172490432317506
	TNR 0.5988235294117648
	AUOUT 0.716732229026287
2022-05-18 01:03:55,060 - INFO - ODIN Metrics using predicted activations:
	AUROC 0.5812598157335224
	TNR 0.02117647058823524
	AUOUT 0.1818842566162299
2022-05-18 01:03:55,060 - INFO - MSP Metrics using mean entropy along path:
	AUROC 0.9416167257264352
	TNR 0.7517647058823529
	AUOUT 0.817552712888039
2022-05-18 01:03:55,060 - INFO - ODIN Metrics using mean entropy along path:
	AUROC 0.5321309709425939
	TNR 0.06000000000000005
	AUOUT 0.18465711843421476
2022-05-18 01:03:55,060 - INFO - MSP Metrics using min entropy along path:
	AUROC 0.936602693125443
	TNR 0.8152941176470588
	AUOUT 0.8300285536415507
2022-05-18 01:03:55,060 - INFO - ODIN Metrics using min entropy along path:
	AUROC 0.934112827781715
	TNR 0.7964705882352942
	AUOUT 0.7533952079913834
2022-05-18 01:03:55,061 - INFO - OOD Path entropy min idx (msp): [0. 1. 2. 3. 4.], [530 198  95  15  12]
2022-05-18 01:03:55,061 - INFO - OOD Path entropy min idx (odin): [0. 3. 4.], [826   3  21]
2022-05-18 01:03:55,061 - INFO - OOD Dataset: iNaturalist
2022-05-18 01:03:55,061 - INFO - MSP AUROC Synset Performance
2022-05-18 01:03:55,061 - INFO - [-1, -1, -1, -1, -1, -1, -1, -1, -1, -1, -1, -1, -1, -1, -1, -1, -1, -1, -1, -1, -1, -1, -1, -1, -1, -0.0, 0.9266236626506024, 0.9417737590361446, 0.948420265060241]
2022-05-18 01:03:55,061 - INFO - MSP TNR Synset Performance
2022-05-18 01:03:55,061 - INFO - [-1, -1, -1, -1, -1, -1, -1, -1, -1, -1, -1, -1, -1, -1, -1, -1, -1, -1, -1, -1, -1, -1, -1, -1, -1, 0.0, 0.5651999999999999, 0.6861999999999999, 0.7147]
2022-05-18 01:03:55,061 - INFO - MSP AUOUT Synset Performance
2022-05-18 01:03:55,061 - INFO - [-1, -1, -1, -1, -1, -1, -1, -1, -1, -1, -1, -1, -1, -1, -1, -1, -1, -1, -1, -1, -1, -1, -1, -1, -1, 0.4909583878783369, 0.9602903539821933, 0.9716380456221891, 0.9724746586742029]
2022-05-18 01:03:55,061 - INFO - ODIN AUROC Synset Performance
2022-05-18 01:03:55,061 - INFO - [-1, -1, -1, -1, -1, -1, -1, -1, -1, -1, -1, -1, -1, -1, -1, -1, -1, -1, -1, -1, -1, -1, -1, -1, -1, -0.0, 0.6897227951807229, 0.5721356144578313, 0.5225401927710844]
2022-05-18 01:03:55,061 - INFO - ODIN TNR Synset Performance
2022-05-18 01:03:55,061 - INFO - [-1, -1, -1, -1, -1, -1, -1, -1, -1, -1, -1, -1, -1, -1, -1, -1, -1, -1, -1, -1, -1, -1, -1, -1, -1, 0.0, 0.4314, 0.006399999999999961, 0.1886]
2022-05-18 01:03:55,061 - INFO - ODIN AUOUT Synset Performance
2022-05-18 01:03:55,061 - INFO - [-1, -1, -1, -1, -1, -1, -1, -1, -1, -1, -1, -1, -1, -1, -1, -1, -1, -1, -1, -1, -1, -1, -1, -1, -1, 0.4909583878783369, 0.8557262276545391, 0.7039413733560792, 0.7617307236943511]
2022-05-18 01:03:55,061 - INFO - MSP Metrics using max activations accumulated across all appropriate synsets:
	AUROC -0.0
	TNR 0.0
	AUOUT 0.4909583878783369
2022-05-18 01:03:55,061 - INFO - ODIN Metrics using max activations accumulated across all appropriate synsets:
	AUROC -0.0
	TNR 0.0
	AUOUT 0.4909583878783369
2022-05-18 01:03:55,061 - INFO - MSP Metrics using max entropy along path:
	AUROC 0.9266236626506024
	TNR 0.5651999999999999
	AUOUT 0.9602903539821933
2022-05-18 01:03:55,061 - INFO - ODIN Metrics using max entropy along path:
	AUROC 0.6897227951807229
	TNR 0.4314
	AUOUT 0.8557262276545391
2022-05-18 01:03:55,061 - INFO - MSP Metrics using predicted activations:
	AUROC 0.9417737590361446
	TNR 0.6861999999999999
	AUOUT 0.9716380456221891
2022-05-18 01:03:55,061 - INFO - ODIN Metrics using predicted activations:
	AUROC 0.5721356144578313
	TNR 0.006399999999999961
	AUOUT 0.7039413733560792
2022-05-18 01:03:55,061 - INFO - MSP Metrics using mean entropy along path:
	AUROC 0.948420265060241
	TNR 0.7147
	AUOUT 0.9724746586742029
2022-05-18 01:03:55,061 - INFO - ODIN Metrics using mean entropy along path:
	AUROC 0.5225401927710844
	TNR 0.1886
	AUOUT 0.7617307236943511
2022-05-18 01:03:55,061 - INFO - MSP Metrics using min entropy along path:
	AUROC 0.9047858795180723
	TNR 0.4655
	AUOUT 0.9418665931162342
2022-05-18 01:03:55,061 - INFO - ODIN Metrics using min entropy along path:
	AUROC 0.8566335662650602
	TNR 0.2843
	AUOUT 0.9055574414002711
2022-05-18 01:03:55,062 - INFO - OOD Path entropy min idx (msp): [0. 1. 2. 3. 4.], [8624  582  410  336   48]
2022-05-18 01:03:55,062 - INFO - OOD Path entropy min idx (odin): [0. 3. 4.], [9610  319   71]
2022-05-18 01:03:55,062 - INFO - OOD Dataset: SUN
2022-05-18 01:03:55,062 - INFO - MSP AUROC Synset Performance
2022-05-18 01:03:55,062 - INFO - [-1, -1, -1, -1, -1, -1, -1, -1, -1, -1, -1, -1, -1, -1, -1, -1, -1, -1, -1, -1, -1, -1, -1, -1, -1, -0.0, 0.9226803614457831, 0.9550823373493975, 0.9621176626506025]
2022-05-18 01:03:55,062 - INFO - MSP TNR Synset Performance
2022-05-18 01:03:55,062 - INFO - [-1, -1, -1, -1, -1, -1, -1, -1, -1, -1, -1, -1, -1, -1, -1, -1, -1, -1, -1, -1, -1, -1, -1, -1, -1, 0.0, 0.5021, 0.7424999999999999, 0.7897000000000001]
2022-05-18 01:03:55,062 - INFO - MSP AUOUT Synset Performance
2022-05-18 01:03:55,062 - INFO - [-1, -1, -1, -1, -1, -1, -1, -1, -1, -1, -1, -1, -1, -1, -1, -1, -1, -1, -1, -1, -1, -1, -1, -1, -1, 0.4909583878783369, 0.9535156163845238, 0.9778782590005519, 0.979235380477786]
2022-05-18 01:03:55,063 - INFO - ODIN AUROC Synset Performance
2022-05-18 01:03:55,063 - INFO - [-1, -1, -1, -1, -1, -1, -1, -1, -1, -1, -1, -1, -1, -1, -1, -1, -1, -1, -1, -1, -1, -1, -1, -1, -1, -0.0, 0.8231712530120482, 0.7092389879518072, 0.6959489879518072]
2022-05-18 01:03:55,063 - INFO - ODIN TNR Synset Performance
2022-05-18 01:03:55,063 - INFO - [-1, -1, -1, -1, -1, -1, -1, -1, -1, -1, -1, -1, -1, -1, -1, -1, -1, -1, -1, -1, -1, -1, -1, -1, -1, 0.0, 0.65, 0.05149999999999999, 0.27070000000000005]
2022-05-18 01:03:55,063 - INFO - ODIN AUOUT Synset Performance
2022-05-18 01:03:55,063 - INFO - [-1, -1, -1, -1, -1, -1, -1, -1, -1, -1, -1, -1, -1, -1, -1, -1, -1, -1, -1, -1, -1, -1, -1, -1, -1, 0.4909583878783369, 0.923642413654624, 0.7976202653704217, 0.8376558280352768]
2022-05-18 01:03:55,063 - INFO - MSP Metrics using max activations accumulated across all appropriate synsets:
	AUROC -0.0
	TNR 0.0
	AUOUT 0.4909583878783369
2022-05-18 01:03:55,063 - INFO - ODIN Metrics using max activations accumulated across all appropriate synsets:
	AUROC -0.0
	TNR 0.0
	AUOUT 0.4909583878783369
2022-05-18 01:03:55,063 - INFO - MSP Metrics using max entropy along path:
	AUROC 0.9226803614457831
	TNR 0.5021
	AUOUT 0.9535156163845238
2022-05-18 01:03:55,063 - INFO - ODIN Metrics using max entropy along path:
	AUROC 0.8231712530120482
	TNR 0.65
	AUOUT 0.923642413654624
2022-05-18 01:03:55,063 - INFO - MSP Metrics using predicted activations:
	AUROC 0.9550823373493975
	TNR 0.7424999999999999
	AUOUT 0.9778782590005519
2022-05-18 01:03:55,063 - INFO - ODIN Metrics using predicted activations:
	AUROC 0.7092389879518072
	TNR 0.05149999999999999
	AUOUT 0.7976202653704217
2022-05-18 01:03:55,063 - INFO - MSP Metrics using mean entropy along path:
	AUROC 0.9621176626506025
	TNR 0.7897000000000001
	AUOUT 0.979235380477786
2022-05-18 01:03:55,063 - INFO - ODIN Metrics using mean entropy along path:
	AUROC 0.6959489879518072
	TNR 0.27070000000000005
	AUOUT 0.8376558280352768
2022-05-18 01:03:55,063 - INFO - MSP Metrics using min entropy along path:
	AUROC 0.9697620240963856
	TNR 0.8351
	AUOUT 0.9819059903054169
2022-05-18 01:03:55,063 - INFO - ODIN Metrics using min entropy along path:
	AUROC 0.9603385060240964
	TNR 0.7666
	AUOUT 0.9709821857681731
2022-05-18 01:03:55,064 - INFO - OOD Path entropy min idx (msp): [0. 1. 2. 3. 4. 5.], [4472 4335  758  250  180    5]
2022-05-18 01:03:55,064 - INFO - OOD Path entropy min idx (odin): [0. 3. 4.], [9604   41  355]
2022-05-18 01:03:55,064 - INFO - OOD Dataset: Places
2022-05-18 01:03:55,064 - INFO - MSP AUROC Synset Performance
2022-05-18 01:03:55,064 - INFO - [-1, -1, -1, -1, -1, -1, -1, -1, -1, -1, -1, -1, -1, -1, -1, -1, -1, -1, -1, -1, -1, -1, -1, -1, -1, -0.0, 0.9088995662650603, 0.9412626024096385, 0.9519534939759036]
2022-05-18 01:03:55,064 - INFO - MSP TNR Synset Performance
2022-05-18 01:03:55,064 - INFO - [-1, -1, -1, -1, -1, -1, -1, -1, -1, -1, -1, -1, -1, -1, -1, -1, -1, -1, -1, -1, -1, -1, -1, -1, -1, 0.0, 0.44830000000000003, 0.6779999999999999, 0.7414000000000001]
2022-05-18 01:03:55,064 - INFO - MSP AUOUT Synset Performance
2022-05-18 01:03:55,064 - INFO - [-1, -1, -1, -1, -1, -1, -1, -1, -1, -1, -1, -1, -1, -1, -1, -1, -1, -1, -1, -1, -1, -1, -1, -1, -1, 0.4909583878783369, 0.9454972196127434, 0.9709152661903566, 0.9747310949464216]
2022-05-18 01:03:55,064 - INFO - ODIN AUROC Synset Performance
2022-05-18 01:03:55,064 - INFO - [-1, -1, -1, -1, -1, -1, -1, -1, -1, -1, -1, -1, -1, -1, -1, -1, -1, -1, -1, -1, -1, -1, -1, -1, -1, -0.0, 0.7912226024096386, 0.6833825301204819, 0.686677518072289]
2022-05-18 01:03:55,064 - INFO - ODIN TNR Synset Performance
2022-05-18 01:03:55,064 - INFO - [-1, -1, -1, -1, -1, -1, -1, -1, -1, -1, -1, -1, -1, -1, -1, -1, -1, -1, -1, -1, -1, -1, -1, -1, -1, 0.0, 0.573, 0.04720000000000002, 0.2842]
2022-05-18 01:03:55,064 - INFO - ODIN AUOUT Synset Performance
2022-05-18 01:03:55,064 - INFO - [-1, -1, -1, -1, -1, -1, -1, -1, -1, -1, -1, -1, -1, -1, -1, -1, -1, -1, -1, -1, -1, -1, -1, -1, -1, 0.4909583878783369, 0.9081376869306755, 0.7839779942784638, 0.8374287915022349]
2022-05-18 01:03:55,064 - INFO - MSP Metrics using max activations accumulated across all appropriate synsets:
	AUROC -0.0
	TNR 0.0
	AUOUT 0.4909583878783369
2022-05-18 01:03:55,064 - INFO - ODIN Metrics using max activations accumulated across all appropriate synsets:
	AUROC -0.0
	TNR 0.0
	AUOUT 0.4909583878783369
2022-05-18 01:03:55,064 - INFO - MSP Metrics using max entropy along path:
	AUROC 0.9088995662650603
	TNR 0.44830000000000003
	AUOUT 0.9454972196127434
2022-05-18 01:03:55,064 - INFO - ODIN Metrics using max entropy along path:
	AUROC 0.7912226024096386
	TNR 0.573
	AUOUT 0.9081376869306755
2022-05-18 01:03:55,064 - INFO - MSP Metrics using predicted activations:
	AUROC 0.9412626024096385
	TNR 0.6779999999999999
	AUOUT 0.9709152661903566
2022-05-18 01:03:55,064 - INFO - ODIN Metrics using predicted activations:
	AUROC 0.6833825301204819
	TNR 0.04720000000000002
	AUOUT 0.7839779942784638
2022-05-18 01:03:55,064 - INFO - MSP Metrics using mean entropy along path:
	AUROC 0.9519534939759036
	TNR 0.7414000000000001
	AUOUT 0.9747310949464216
2022-05-18 01:03:55,064 - INFO - ODIN Metrics using mean entropy along path:
	AUROC 0.686677518072289
	TNR 0.2842
	AUOUT 0.8374287915022349
2022-05-18 01:03:55,064 - INFO - MSP Metrics using min entropy along path:
	AUROC 0.9561643855421688
	TNR 0.7857000000000001
	AUOUT 0.9767661857539512
2022-05-18 01:03:55,064 - INFO - ODIN Metrics using min entropy along path:
	AUROC 0.9475030602409638
	TNR 0.7363
	AUOUT 0.9666481032902497
2022-05-18 01:03:55,065 - INFO - OOD Path entropy min idx (msp): [0. 1. 2. 3. 4. 5.], [4507 4225  792  338  137    1]
2022-05-18 01:03:55,065 - INFO - OOD Path entropy min idx (odin): [0. 3. 4.], [9658   71  271]
2022-05-18 01:03:55,065 - INFO - OOD Dataset: Textures
2022-05-18 01:03:55,065 - INFO - MSP AUROC Synset Performance
2022-05-18 01:03:55,065 - INFO - [-1, -1, -1, -1, -1, -1, -1, -1, -1, -1, -1, -1, -1, -1, -1, -1, -1, -1, -1, -1, -1, -1, -1, -1, -1, -0.0, 0.8736240280270017, 0.9049678287618559, 0.9245646842689907]
2022-05-18 01:03:55,065 - INFO - MSP TNR Synset Performance
2022-05-18 01:03:55,065 - INFO - [-1, -1, -1, -1, -1, -1, -1, -1, -1, -1, -1, -1, -1, -1, -1, -1, -1, -1, -1, -1, -1, -1, -1, -1, -1, 0.0, 0.3946808510638298, 0.5780141843971631, 0.6590425531914894]
2022-05-18 01:03:55,065 - INFO - MSP AUOUT Synset Performance
2022-05-18 01:03:55,066 - INFO - [-1, -1, -1, -1, -1, -1, -1, -1, -1, -1, -1, -1, -1, -1, -1, -1, -1, -1, -1, -1, -1, -1, -1, -1, -1, 0.36848395850775695, 0.8877385746756717, 0.9268938794798379, 0.9412563361194939]
2022-05-18 01:03:55,066 - INFO - ODIN AUROC Synset Performance
2022-05-18 01:03:55,066 - INFO - [-1, -1, -1, -1, -1, -1, -1, -1, -1, -1, -1, -1, -1, -1, -1, -1, -1, -1, -1, -1, -1, -1, -1, -1, -1, -0.0, 0.6554696231735453, 0.6012160129881227, 0.6065410578484149]
2022-05-18 01:03:55,066 - INFO - ODIN TNR Synset Performance
2022-05-18 01:03:55,066 - INFO - [-1, -1, -1, -1, -1, -1, -1, -1, -1, -1, -1, -1, -1, -1, -1, -1, -1, -1, -1, -1, -1, -1, -1, -1, -1, 0.0, 0.3948581560283688, 0.061170212765957466, 0.31028368794326244]
2022-05-18 01:03:55,066 - INFO - ODIN AUOUT Synset Performance
2022-05-18 01:03:55,066 - INFO - [-1, -1, -1, -1, -1, -1, -1, -1, -1, -1, -1, -1, -1, -1, -1, -1, -1, -1, -1, -1, -1, -1, -1, -1, -1, 0.36848395850775695, 0.7654209236027696, 0.6357141818187582, 0.7242079953532394]
2022-05-18 01:03:55,066 - INFO - MSP Metrics using max activations accumulated across all appropriate synsets:
	AUROC -0.0
	TNR 0.0
	AUOUT 0.36848395850775695
2022-05-18 01:03:55,066 - INFO - ODIN Metrics using max activations accumulated across all appropriate synsets:
	AUROC -0.0
	TNR 0.0
	AUOUT 0.36848395850775695
2022-05-18 01:03:55,066 - INFO - MSP Metrics using max entropy along path:
	AUROC 0.8736240280270017
	TNR 0.3946808510638298
	AUOUT 0.8877385746756717
2022-05-18 01:03:55,066 - INFO - ODIN Metrics using max entropy along path:
	AUROC 0.6554696231735453
	TNR 0.3948581560283688
	AUOUT 0.7654209236027696
2022-05-18 01:03:55,066 - INFO - MSP Metrics using predicted activations:
	AUROC 0.9049678287618559
	TNR 0.5780141843971631
	AUOUT 0.9268938794798379
2022-05-18 01:03:55,066 - INFO - ODIN Metrics using predicted activations:
	AUROC 0.6012160129881227
	TNR 0.061170212765957466
	AUOUT 0.6357141818187582
2022-05-18 01:03:55,066 - INFO - MSP Metrics using mean entropy along path:
	AUROC 0.9245646842689907
	TNR 0.6590425531914894
	AUOUT 0.9412563361194939
2022-05-18 01:03:55,066 - INFO - ODIN Metrics using mean entropy along path:
	AUROC 0.6065410578484149
	TNR 0.31028368794326244
	AUOUT 0.7242079953532394
2022-05-18 01:03:55,066 - INFO - MSP Metrics using min entropy along path:
	AUROC 0.950396436811074
	TNR 0.7567375886524823
	AUOUT 0.9567515559851575
2022-05-18 01:03:55,066 - INFO - ODIN Metrics using min entropy along path:
	AUROC 0.942354866273605
	TNR 0.700709219858156
	AUOUT 0.9390706496737187
2022-05-18 01:03:55,067 - INFO - OOD Path entropy min idx (msp): [0. 1. 2. 3. 4. 5.], [2906 1254  929  440   94   17]
2022-05-18 01:03:55,067 - INFO - OOD Path entropy min idx (odin): [0. 3. 4.], [5354  173  113]
2022-05-18 01:03:55,067 - INFO - OOD Dataset: coarseid-coarseood
2022-05-18 01:03:55,067 - INFO - MSP AUROC Synset Performance
2022-05-18 01:03:55,067 - INFO - [-1, -1, -1, -1, -1, -1, -1, -1, -1, -1, -1, -1, -1, -1, -1, -1, -1, -1, -1, -1, -1, -1, -1, -1, -1, -0.0, 0.9207328743545611, 0.9422719449225474, 0.9704240963855422]
2022-05-18 01:03:55,067 - INFO - MSP TNR Synset Performance
2022-05-18 01:03:55,067 - INFO - [-1, -1, -1, -1, -1, -1, -1, -1, -1, -1, -1, -1, -1, -1, -1, -1, -1, -1, -1, -1, -1, -1, -1, -1, -1, 0.0, 0.5142857142857142, 0.6614285714285715, 0.8428571428571429]
2022-05-18 01:03:55,067 - INFO - MSP AUOUT Synset Performance
2022-05-18 01:03:55,067 - INFO - [-1, -1, -1, -1, -1, -1, -1, -1, -1, -1, -1, -1, -1, -1, -1, -1, -1, -1, -1, -1, -1, -1, -1, -1, -1, 0.07591136598393841, 0.61897213255213, 0.7365508023131501, 0.8547115717855175]
2022-05-18 01:03:55,067 - INFO - ODIN AUROC Synset Performance
2022-05-18 01:03:55,067 - INFO - [-1, -1, -1, -1, -1, -1, -1, -1, -1, -1, -1, -1, -1, -1, -1, -1, -1, -1, -1, -1, -1, -1, -1, -1, -1, -0.0, 0.5462182444061963, 0.5730729776247849, 0.5189831325301205]
2022-05-18 01:03:55,067 - INFO - ODIN TNR Synset Performance
2022-05-18 01:03:55,067 - INFO - [-1, -1, -1, -1, -1, -1, -1, -1, -1, -1, -1, -1, -1, -1, -1, -1, -1, -1, -1, -1, -1, -1, -1, -1, -1, 0.0, 0.1557142857142857, 0.0128571428571429, 0.06999999999999995]
2022-05-18 01:03:55,067 - INFO - ODIN AUOUT Synset Performance
2022-05-18 01:03:55,067 - INFO - [-1, -1, -1, -1, -1, -1, -1, -1, -1, -1, -1, -1, -1, -1, -1, -1, -1, -1, -1, -1, -1, -1, -1, -1, -1, 0.07591136598393841, 0.19972357183338982, 0.15064157216791768, 0.16289311120609853]
2022-05-18 01:03:55,067 - INFO - MSP Metrics using max activations accumulated across all appropriate synsets:
	AUROC -0.0
	TNR 0.0
	AUOUT 0.07591136598393841
2022-05-18 01:03:55,067 - INFO - ODIN Metrics using max activations accumulated across all appropriate synsets:
	AUROC -0.0
	TNR 0.0
	AUOUT 0.07591136598393841
2022-05-18 01:03:55,067 - INFO - MSP Metrics using max entropy along path:
	AUROC 0.9207328743545611
	TNR 0.5142857142857142
	AUOUT 0.61897213255213
2022-05-18 01:03:55,067 - INFO - ODIN Metrics using max entropy along path:
	AUROC 0.5462182444061963
	TNR 0.1557142857142857
	AUOUT 0.19972357183338982
2022-05-18 01:03:55,067 - INFO - MSP Metrics using predicted activations:
	AUROC 0.9422719449225474
	TNR 0.6614285714285715
	AUOUT 0.7365508023131501
2022-05-18 01:03:55,067 - INFO - ODIN Metrics using predicted activations:
	AUROC 0.5730729776247849
	TNR 0.0128571428571429
	AUOUT 0.15064157216791768
2022-05-18 01:03:55,067 - INFO - MSP Metrics using mean entropy along path:
	AUROC 0.9704240963855422
	TNR 0.8428571428571429
	AUOUT 0.8547115717855175
2022-05-18 01:03:55,067 - INFO - ODIN Metrics using mean entropy along path:
	AUROC 0.5189831325301205
	TNR 0.06999999999999995
	AUOUT 0.16289311120609853
2022-05-18 01:03:55,067 - INFO - MSP Metrics using min entropy along path:
	AUROC 0.9805146299483649
	TNR 0.9157142857142857
	AUOUT 0.878191413827061
2022-05-18 01:03:55,067 - INFO - ODIN Metrics using min entropy along path:
	AUROC 0.9734588640275388
	TNR 0.8814285714285715
	AUOUT 0.7809747810963584
2022-05-18 01:03:55,068 - INFO - OOD Path entropy min idx (msp): [0. 1. 2. 3. 4.], [457 153  66  12  12]
2022-05-18 01:03:55,068 - INFO - OOD Path entropy min idx (odin): [0. 3. 4.], [676   3  21]
2022-05-18 01:03:55,068 - INFO - OOD Dataset: coarseid-fineood
2022-05-18 01:03:55,068 - INFO - MSP AUROC Synset Performance
2022-05-18 01:03:55,068 - INFO - [-1, -1, -1, -1, -1, -1, -1, -1, -1, -1, -1, -1, -1, -1, -1, -1, -1, -1, -1, -1, -1, -1, -1, -1, -1, -0.0, 0.7917204819277108, 0.8004722891566266, 0.8071775100401606]
2022-05-18 01:03:55,068 - INFO - MSP TNR Synset Performance
2022-05-18 01:03:55,068 - INFO - [-1, -1, -1, -1, -1, -1, -1, -1, -1, -1, -1, -1, -1, -1, -1, -1, -1, -1, -1, -1, -1, -1, -1, -1, -1, 0.0, 0.19333333333333336, 0.30666666666666664, 0.32666666666666666]
2022-05-18 01:03:55,068 - INFO - MSP AUOUT Synset Performance
2022-05-18 01:03:55,068 - INFO - [-1, -1, -1, -1, -1, -1, -1, -1, -1, -1, -1, -1, -1, -1, -1, -1, -1, -1, -1, -1, -1, -1, -1, -1, -1, 0.01764827684871253, 0.10348992082122883, 0.13111334081964887, 0.20687067887196042]
2022-05-18 01:03:55,068 - INFO - ODIN AUROC Synset Performance
2022-05-18 01:03:55,068 - INFO - [-1, -1, -1, -1, -1, -1, -1, -1, -1, -1, -1, -1, -1, -1, -1, -1, -1, -1, -1, -1, -1, -1, -1, -1, -1, -0.0, 0.6837718875502008, 0.6194666666666667, 0.5935004016064257]
2022-05-18 01:03:55,068 - INFO - ODIN TNR Synset Performance
2022-05-18 01:03:55,068 - INFO - [-1, -1, -1, -1, -1, -1, -1, -1, -1, -1, -1, -1, -1, -1, -1, -1, -1, -1, -1, -1, -1, -1, -1, -1, -1, 0.0, 0.07333333333333336, 0.06000000000000005, 0.013333333333333308]
2022-05-18 01:03:55,068 - INFO - ODIN AUOUT Synset Performance
2022-05-18 01:03:55,068 - INFO - [-1, -1, -1, -1, -1, -1, -1, -1, -1, -1, -1, -1, -1, -1, -1, -1, -1, -1, -1, -1, -1, -1, -1, -1, -1, 0.01764827684871253, 0.05786045085439067, 0.04672713397944902, 0.03918251765554391]
2022-05-18 01:03:55,068 - INFO - MSP Metrics using max activations accumulated across all appropriate synsets:
	AUROC -0.0
	TNR 0.0
	AUOUT 0.01764827684871253
2022-05-18 01:03:55,068 - INFO - ODIN Metrics using max activations accumulated across all appropriate synsets:
	AUROC -0.0
	TNR 0.0
	AUOUT 0.01764827684871253
2022-05-18 01:03:55,068 - INFO - MSP Metrics using max entropy along path:
	AUROC 0.7917204819277108
	TNR 0.19333333333333336
	AUOUT 0.10348992082122883
2022-05-18 01:03:55,068 - INFO - ODIN Metrics using max entropy along path:
	AUROC 0.6837718875502008
	TNR 0.07333333333333336
	AUOUT 0.05786045085439067
2022-05-18 01:03:55,068 - INFO - MSP Metrics using predicted activations:
	AUROC 0.8004722891566266
	TNR 0.30666666666666664
	AUOUT 0.13111334081964887
2022-05-18 01:03:55,068 - INFO - ODIN Metrics using predicted activations:
	AUROC 0.6194666666666667
	TNR 0.06000000000000005
	AUOUT 0.04672713397944902
2022-05-18 01:03:55,068 - INFO - MSP Metrics using mean entropy along path:
	AUROC 0.8071775100401606
	TNR 0.32666666666666666
	AUOUT 0.20687067887196042
2022-05-18 01:03:55,069 - INFO - ODIN Metrics using mean entropy along path:
	AUROC 0.5935004016064257
	TNR 0.013333333333333308
	AUOUT 0.03918251765554391
2022-05-18 01:03:55,069 - INFO - MSP Metrics using min entropy along path:
	AUROC 0.7316803212851406
	TNR 0.3466666666666667
	AUOUT 0.2041289858961637
2022-05-18 01:03:55,069 - INFO - ODIN Metrics using min entropy along path:
	AUROC 0.7504738955823294
	TNR 0.4
	AUOUT 0.15704567474031048
2022-05-18 01:03:55,069 - INFO - OOD Path entropy min idx (msp): [0. 1. 2. 3.], [73 45 29  3]
2022-05-18 01:03:55,069 - INFO - OOD Path entropy min idx (odin): [0.], [150]
2022-05-18 01:04:06,484 - INFO - Computing OOD Statistics...
2022-05-18 01:04:25,281 - INFO - Computing OOD Statistics...
2022-05-18 01:04:50,089 - INFO - Computing OOD Statistics...
2022-05-18 01:05:02,057 - INFO - Computing OOD Statistics...
2022-05-18 01:05:09,830 - INFO - Computing OOD Statistics...
2022-05-18 01:05:13,108 - INFO - Computing OOD Statistics...
2022-05-18 01:05:15,954 - INFO - Computing OOD Statistics...
2022-05-18 01:05:15,968 - INFO - OOD Dataset: OOD
2022-05-18 01:05:15,968 - INFO - MSP AUROC [0.8879855421686748]
2022-05-18 01:05:15,968 - INFO - MSP TNR [0.7058823529411764]
2022-05-18 01:05:15,969 - INFO - MSP AUOUT [0.7351276677205256]
2022-05-18 01:05:15,969 - INFO - ODIN AUROC [0.919710843373494]
2022-05-18 01:05:15,969 - INFO - ODIN TNR [0.7564705882352941]
2022-05-18 01:05:15,969 - INFO - ODIN AUOUT [0.7897955726369452]
2022-05-18 01:05:15,969 - INFO - OOD Dataset: iNaturalist
2022-05-18 01:05:15,969 - INFO - MSP AUROC [0.9201179518072289]
2022-05-18 01:05:15,969 - INFO - MSP TNR [0.6272]
2022-05-18 01:05:15,969 - INFO - MSP AUOUT [0.9609518051051769]
2022-05-18 01:05:15,969 - INFO - ODIN AUROC [0.9555478554216866]
2022-05-18 01:05:15,969 - INFO - ODIN TNR [0.719]
2022-05-18 01:05:15,969 - INFO - ODIN AUOUT [0.9766330144396554]
2022-05-18 01:05:15,969 - INFO - OOD Dataset: SUN
2022-05-18 01:05:15,969 - INFO - MSP AUROC [0.9307847710843373]
2022-05-18 01:05:15,969 - INFO - MSP TNR [0.6871]
2022-05-18 01:05:15,969 - INFO - MSP AUOUT [0.9657916655155254]
2022-05-18 01:05:15,969 - INFO - ODIN AUROC [0.9610878072289156]
2022-05-18 01:05:15,969 - INFO - ODIN TNR [0.7732]
2022-05-18 01:05:15,969 - INFO - ODIN AUOUT [0.9792319695162556]
2022-05-18 01:05:15,969 - INFO - OOD Dataset: Places
2022-05-18 01:05:15,969 - INFO - MSP AUROC [0.9121329879518073]
2022-05-18 01:05:15,969 - INFO - MSP TNR [0.6529]
2022-05-18 01:05:15,969 - INFO - MSP AUOUT [0.9587706895014902]
2022-05-18 01:05:15,969 - INFO - ODIN AUROC [0.945459421686747]
2022-05-18 01:05:15,969 - INFO - ODIN TNR [0.7213]
2022-05-18 01:05:15,969 - INFO - ODIN AUOUT [0.9727996214964287]
2022-05-18 01:05:15,969 - INFO - OOD Dataset: Textures
2022-05-18 01:05:15,969 - INFO - MSP AUROC [0.8845475519097667]
2022-05-18 01:05:15,969 - INFO - MSP TNR [0.6157801418439717]
2022-05-18 01:05:15,969 - INFO - MSP AUOUT [0.9199558260146601]
2022-05-18 01:05:15,969 - INFO - ODIN AUROC [0.9364712466888832]
2022-05-18 01:05:15,969 - INFO - ODIN TNR [0.6948581560283689]
2022-05-18 01:05:15,969 - INFO - ODIN AUOUT [0.9512398020423759]
2022-05-18 01:05:15,969 - INFO - OOD Dataset: coarseid-coarseood
2022-05-18 01:05:15,969 - INFO - MSP AUROC [0.9443452667814114]
2022-05-18 01:05:15,970 - INFO - MSP TNR [0.7942857142857143]
2022-05-18 01:05:15,970 - INFO - MSP AUOUT [0.7786989702876932]
2022-05-18 01:05:15,970 - INFO - ODIN AUROC [0.9712230636833046]
2022-05-18 01:05:15,970 - INFO - ODIN TNR [0.85]
2022-05-18 01:05:15,970 - INFO - ODIN AUOUT [0.8389224195978288]
2022-05-18 01:05:15,970 - INFO - OOD Dataset: coarseid-fineood
2022-05-18 01:05:15,970 - INFO - MSP AUROC [0.6249734939759036]
2022-05-18 01:05:15,970 - INFO - MSP TNR [0.29333333333333333]
2022-05-18 01:05:15,970 - INFO - MSP AUOUT [0.1324182205121133]
2022-05-18 01:05:15,970 - INFO - ODIN AUROC [0.6793220883534136]
2022-05-18 01:05:15,970 - INFO - ODIN TNR [0.31999999999999995]
2022-05-18 01:05:15,970 - INFO - ODIN AUOUT [0.14375687799319767]
