2022-05-17 17:18:07,516 - INFO - ==> Preparing data..
2022-05-17 17:18:13,525 - INFO - # ID Train: 106872
2022-05-17 17:18:13,525 - INFO - # ID Test:  4150
2022-05-17 17:18:13,526 - INFO - # OOD Test: 850
2022-05-17 17:18:13,526 - INFO - checkpoint filename: experiments/coarse/cascade/pruned-wn/softpred_R0_depthweight/checkpoint.pt
2022-05-17 17:18:13,526 - INFO - log filename: experiments/coarse/cascade/pruned-wn/softpred_R0_depthweight/train.log
2022-05-17 17:18:13,526 - INFO - ********************************************************
2022-05-17 17:18:13,526 - INFO - Starting Iter: 0 / 1
2022-05-17 17:18:13,526 - INFO - ********************************************************
2022-05-17 17:18:58,523 - INFO - cuda
2022-05-17 17:18:58,911 - INFO - 
Epoch: 0
2022-05-17 17:18:58,912 - INFO - 
Learning Rate: 0.0100
2022-05-17 17:18:58,912 - INFO - Synset CE Weight: 0.0
Soft prediction CE Weight: 1.0
Outlier Exposure Weight: 0.0
2022-05-17 17:20:50,140 - INFO - [Step=250]	Loss=4.3434	287.7 examples/second
2022-05-17 17:22:18,421 - INFO - [Step=500]	Loss=3.7171	362.5 examples/second
2022-05-17 17:23:46,685 - INFO - [Step=750]	Loss=3.5046	362.6 examples/second
2022-05-17 17:24:26,085 - INFO - Test Loss=1.4293, Test top-1 acc=0.1128, Test mean synset acc=0.5116
2022-05-17 17:24:26,085 - INFO - Error Depth: [ 120.  374. 1137. 1191.  587.  273.  468.]
2022-05-17 17:24:26,086 - INFO - Saving...
2022-05-17 17:24:26,639 - INFO - Epoch time: 327.7277488708496
2022-05-17 17:24:26,640 - INFO - 
Epoch: 1
2022-05-17 17:24:26,640 - INFO - 
Learning Rate: 0.0280
2022-05-17 17:24:26,640 - INFO - Synset CE Weight: 0.0
Soft prediction CE Weight: 1.0
Outlier Exposure Weight: 0.0
2022-05-17 17:25:27,574 - INFO - [Step=1000]	Loss=3.4361	317.2 examples/second
2022-05-17 17:26:55,853 - INFO - [Step=1250]	Loss=3.2599	362.5 examples/second
2022-05-17 17:28:24,063 - INFO - [Step=1500]	Loss=3.1274	362.8 examples/second
2022-05-17 17:29:33,130 - INFO - Test Loss=1.2114, Test top-1 acc=0.2084, Test mean synset acc=0.5661
2022-05-17 17:29:33,131 - INFO - Error Depth: [ 115.  330. 1020. 1048.  531.  241.  865.]
2022-05-17 17:29:33,132 - INFO - Saving...
2022-05-17 17:29:33,798 - INFO - Epoch time: 307.1579439640045
2022-05-17 17:29:33,798 - INFO - 
Epoch: 2
2022-05-17 17:29:33,798 - INFO - 
Learning Rate: 0.0460
2022-05-17 17:29:33,798 - INFO - Synset CE Weight: 0.0
Soft prediction CE Weight: 1.0
Outlier Exposure Weight: 0.0
2022-05-17 17:30:04,818 - INFO - [Step=1750]	Loss=2.9934	317.6 examples/second
2022-05-17 17:31:33,457 - INFO - [Step=2000]	Loss=2.9633	361.0 examples/second
2022-05-17 17:33:01,886 - INFO - [Step=2250]	Loss=2.7698	361.9 examples/second
2022-05-17 17:34:30,323 - INFO - [Step=2500]	Loss=2.6288	361.8 examples/second
2022-05-17 17:34:41,298 - INFO - Test Loss=1.0093, Test top-1 acc=0.2945, Test mean synset acc=0.6229
2022-05-17 17:34:41,299 - INFO - Error Depth: [ 117.  283.  909.  913.  488.  218. 1222.]
2022-05-17 17:34:41,299 - INFO - Saving...
2022-05-17 17:34:42,324 - INFO - Epoch time: 308.52636909484863
2022-05-17 17:34:42,325 - INFO - 
Epoch: 3
2022-05-17 17:34:42,325 - INFO - 
Learning Rate: 0.0640
2022-05-17 17:34:42,325 - INFO - Synset CE Weight: 0.0
Soft prediction CE Weight: 1.0
Outlier Exposure Weight: 0.0
2022-05-17 17:36:12,209 - INFO - [Step=2750]	Loss=2.5929	314.1 examples/second
2022-05-17 17:37:40,599 - INFO - [Step=3000]	Loss=2.4963	362.0 examples/second
2022-05-17 17:39:09,113 - INFO - [Step=3250]	Loss=2.3663	361.5 examples/second
2022-05-17 17:39:50,425 - INFO - Test Loss=1.0057, Test top-1 acc=0.3137, Test mean synset acc=0.6415
2022-05-17 17:39:50,426 - INFO - Error Depth: [ 116.  312.  891.  886.  448.  195. 1302.]
2022-05-17 17:39:50,426 - INFO - Saving...
2022-05-17 17:39:51,765 - INFO - Epoch time: 309.43999552726746
2022-05-17 17:39:51,765 - INFO - 
Epoch: 4
2022-05-17 17:39:51,765 - INFO - 
Learning Rate: 0.1000
2022-05-17 17:39:51,765 - INFO - Synset CE Weight: 0.0
Soft prediction CE Weight: 1.0
Outlier Exposure Weight: 0.0
2022-05-17 17:40:51,606 - INFO - [Step=3500]	Loss=2.3728	312.2 examples/second
2022-05-17 17:42:20,134 - INFO - [Step=3750]	Loss=2.3156	361.5 examples/second
2022-05-17 17:43:48,575 - INFO - [Step=4000]	Loss=2.2074	361.8 examples/second
2022-05-17 17:44:59,684 - INFO - Test Loss=0.8769, Test top-1 acc=0.3706, Test mean synset acc=0.6720
2022-05-17 17:44:59,685 - INFO - Error Depth: [  89.  289.  828.  800.  414.  192. 1538.]
2022-05-17 17:44:59,686 - INFO - Saving...
2022-05-17 17:45:00,627 - INFO - Epoch time: 308.8623778820038
2022-05-17 17:45:00,628 - INFO - 
Epoch: 5
2022-05-17 17:45:00,628 - INFO - 
Learning Rate: 0.1000
2022-05-17 17:45:00,628 - INFO - Synset CE Weight: 0.0
Soft prediction CE Weight: 1.0
Outlier Exposure Weight: 0.0
2022-05-17 17:45:29,611 - INFO - [Step=4250]	Loss=2.0988	316.7 examples/second
2022-05-17 17:46:58,725 - INFO - [Step=4500]	Loss=2.0419	359.1 examples/second
2022-05-17 17:48:27,580 - INFO - [Step=4750]	Loss=1.9816	360.1 examples/second
2022-05-17 17:49:56,455 - INFO - [Step=5000]	Loss=1.9120	360.1 examples/second
2022-05-17 17:50:09,005 - INFO - Test Loss=0.6549, Test top-1 acc=0.4451, Test mean synset acc=0.7110
2022-05-17 17:50:09,005 - INFO - Error Depth: [  92.  245.  697.  754.  363.  152. 1847.]
2022-05-17 17:50:09,005 - INFO - Saving...
2022-05-17 17:50:09,770 - INFO - Epoch time: 309.1422052383423
2022-05-17 17:50:09,770 - INFO - 
Epoch: 6
2022-05-17 17:50:09,771 - INFO - 
Learning Rate: 0.1000
2022-05-17 17:50:09,771 - INFO - Synset CE Weight: 0.0
Soft prediction CE Weight: 1.0
Outlier Exposure Weight: 0.0
2022-05-17 17:51:37,839 - INFO - [Step=5250]	Loss=1.8416	315.6 examples/second
2022-05-17 17:53:06,307 - INFO - [Step=5500]	Loss=1.8128	361.7 examples/second
2022-05-17 17:54:34,897 - INFO - [Step=5750]	Loss=1.7599	361.2 examples/second
2022-05-17 17:55:17,385 - INFO - Test Loss=0.7206, Test top-1 acc=0.4619, Test mean synset acc=0.7218
2022-05-17 17:55:17,385 - INFO - Error Depth: [  66.  279.  688.  712.  325.  163. 1917.]
2022-05-17 17:55:17,386 - INFO - Saving...
2022-05-17 17:55:19,148 - INFO - Epoch time: 309.3773763179779
2022-05-17 17:55:19,148 - INFO - 
Epoch: 7
2022-05-17 17:55:19,148 - INFO - 
Learning Rate: 0.1000
2022-05-17 17:55:19,148 - INFO - Synset CE Weight: 0.0
Soft prediction CE Weight: 1.0
Outlier Exposure Weight: 0.0
2022-05-17 17:56:16,231 - INFO - [Step=6000]	Loss=1.7112	315.8 examples/second
2022-05-17 17:57:45,128 - INFO - [Step=6250]	Loss=1.6587	360.0 examples/second
2022-05-17 17:59:13,750 - INFO - [Step=6500]	Loss=1.6407	361.1 examples/second
2022-05-17 18:00:26,715 - INFO - Test Loss=0.5935, Test top-1 acc=0.5188, Test mean synset acc=0.7503
2022-05-17 18:00:26,717 - INFO - Error Depth: [  63.  194.  664.  638.  292.  146. 2153.]
2022-05-17 18:00:26,717 - INFO - Saving...
2022-05-17 18:00:27,579 - INFO - Epoch time: 308.43065643310547
2022-05-17 18:00:27,579 - INFO - 
Epoch: 8
2022-05-17 18:00:27,579 - INFO - 
Learning Rate: 0.1000
2022-05-17 18:00:27,580 - INFO - Synset CE Weight: 0.0
Soft prediction CE Weight: 1.0
Outlier Exposure Weight: 0.0
2022-05-17 18:00:54,679 - INFO - [Step=6750]	Loss=1.6020	317.1 examples/second
2022-05-17 18:02:23,749 - INFO - [Step=7000]	Loss=1.5451	359.3 examples/second
2022-05-17 18:03:52,301 - INFO - [Step=7250]	Loss=1.5468	361.4 examples/second
2022-05-17 18:05:20,870 - INFO - [Step=7500]	Loss=1.5331	361.3 examples/second
2022-05-17 18:05:35,100 - INFO - Test Loss=0.6846, Test top-1 acc=0.4475, Test mean synset acc=0.7156
2022-05-17 18:05:35,101 - INFO - Error Depth: [ 112.  196.  757.  681.  379.  168. 1857.]
2022-05-17 18:05:35,101 - INFO - Epoch time: 307.5218324661255
2022-05-17 18:05:35,101 - INFO - 
Epoch: 9
2022-05-17 18:05:35,101 - INFO - 
Learning Rate: 0.1000
2022-05-17 18:05:35,101 - INFO - Synset CE Weight: 0.0
Soft prediction CE Weight: 1.0
Outlier Exposure Weight: 0.0
2022-05-17 18:07:00,591 - INFO - [Step=7750]	Loss=1.5372	320.9 examples/second
2022-05-17 18:08:29,783 - INFO - [Step=8000]	Loss=1.4747	358.8 examples/second
2022-05-17 18:09:58,600 - INFO - [Step=8250]	Loss=1.4428	360.3 examples/second
2022-05-17 18:10:43,164 - INFO - Test Loss=0.4854, Test top-1 acc=0.5627, Test mean synset acc=0.7678
2022-05-17 18:10:43,165 - INFO - Error Depth: [  47.  179.  529.  612.  306.  142. 2335.]
2022-05-17 18:10:43,165 - INFO - Saving...
2022-05-17 18:10:44,103 - INFO - Epoch time: 309.00158500671387
2022-05-17 18:10:44,103 - INFO - 
Epoch: 10
2022-05-17 18:10:44,103 - INFO - 
Learning Rate: 0.1000
2022-05-17 18:10:44,104 - INFO - Synset CE Weight: 0.0
Soft prediction CE Weight: 1.0
Outlier Exposure Weight: 0.0
2022-05-17 18:11:39,272 - INFO - [Step=8500]	Loss=1.3961	317.9 examples/second
2022-05-17 18:13:08,251 - INFO - [Step=8750]	Loss=1.3998	359.6 examples/second
2022-05-17 18:14:36,779 - INFO - [Step=9000]	Loss=1.3628	361.5 examples/second
2022-05-17 18:15:50,941 - INFO - Test Loss=0.5220, Test top-1 acc=0.5653, Test mean synset acc=0.7786
2022-05-17 18:15:50,941 - INFO - Error Depth: [ 105.  172.  529.  554.  295.  149. 2346.]
2022-05-17 18:15:50,942 - INFO - Saving...
2022-05-17 18:15:51,337 - INFO - Epoch time: 307.2339723110199
2022-05-17 18:15:51,337 - INFO - 
Epoch: 11
2022-05-17 18:15:51,338 - INFO - 
Learning Rate: 0.1000
2022-05-17 18:15:51,338 - INFO - Synset CE Weight: 0.0
Soft prediction CE Weight: 1.0
Outlier Exposure Weight: 0.0
2022-05-17 18:16:16,436 - INFO - [Step=9250]	Loss=1.3617	321.1 examples/second
2022-05-17 18:17:44,924 - INFO - [Step=9500]	Loss=1.3407	361.6 examples/second
2022-05-17 18:19:14,041 - INFO - [Step=9750]	Loss=1.3243	359.1 examples/second
2022-05-17 18:20:42,817 - INFO - [Step=10000]	Loss=1.3181	360.5 examples/second
2022-05-17 18:20:58,470 - INFO - Test Loss=0.4657, Test top-1 acc=0.5935, Test mean synset acc=0.7850
2022-05-17 18:20:58,471 - INFO - Error Depth: [  58.  163.  481.  615.  244.  126. 2463.]
2022-05-17 18:20:58,471 - INFO - Saving...
2022-05-17 18:20:59,323 - INFO - Epoch time: 307.98521399497986
2022-05-17 18:20:59,323 - INFO - 
Epoch: 12
2022-05-17 18:20:59,323 - INFO - 
Learning Rate: 0.1000
2022-05-17 18:20:59,323 - INFO - Synset CE Weight: 0.0
Soft prediction CE Weight: 1.0
Outlier Exposure Weight: 0.0
2022-05-17 18:22:22,917 - INFO - [Step=10250]	Loss=1.2776	319.7 examples/second
2022-05-17 18:23:51,962 - INFO - [Step=10500]	Loss=1.2798	359.4 examples/second
2022-05-17 18:25:20,712 - INFO - [Step=10750]	Loss=1.2773	360.6 examples/second
2022-05-17 18:26:06,826 - INFO - Test Loss=0.4629, Test top-1 acc=0.5892, Test mean synset acc=0.7875
2022-05-17 18:26:06,827 - INFO - Error Depth: [  47.  196.  524.  565.  265.  108. 2445.]
2022-05-17 18:26:06,827 - INFO - Epoch time: 307.504296541214
2022-05-17 18:26:06,827 - INFO - 
Epoch: 13
2022-05-17 18:26:06,827 - INFO - 
Learning Rate: 0.1000
2022-05-17 18:26:06,828 - INFO - Synset CE Weight: 0.0
Soft prediction CE Weight: 1.0
Outlier Exposure Weight: 0.0
2022-05-17 18:27:00,491 - INFO - [Step=11000]	Loss=1.2638	320.7 examples/second
2022-05-17 18:28:29,025 - INFO - [Step=11250]	Loss=1.2295	361.4 examples/second
2022-05-17 18:29:57,860 - INFO - [Step=11500]	Loss=1.2215	360.2 examples/second
2022-05-17 18:31:13,973 - INFO - Test Loss=0.4013, Test top-1 acc=0.6292, Test mean synset acc=0.8041
2022-05-17 18:31:13,974 - INFO - Error Depth: [  67.  122.  460.  526.  256.  108. 2611.]
2022-05-17 18:31:13,974 - INFO - Saving...
2022-05-17 18:31:14,592 - INFO - Epoch time: 307.7647325992584
2022-05-17 18:31:14,593 - INFO - 
Epoch: 14
2022-05-17 18:31:14,593 - INFO - 
Learning Rate: 0.1000
2022-05-17 18:31:14,593 - INFO - Synset CE Weight: 0.0
Soft prediction CE Weight: 1.0
Outlier Exposure Weight: 0.0
2022-05-17 18:31:38,103 - INFO - [Step=11750]	Loss=1.2190	319.2 examples/second
2022-05-17 18:33:06,792 - INFO - [Step=12000]	Loss=1.1972	360.8 examples/second
2022-05-17 18:34:35,806 - INFO - [Step=12250]	Loss=1.2115	359.5 examples/second
2022-05-17 18:36:04,473 - INFO - [Step=12500]	Loss=1.2134	360.9 examples/second
2022-05-17 18:36:21,926 - INFO - Test Loss=0.4276, Test top-1 acc=0.6133, Test mean synset acc=0.7918
2022-05-17 18:36:21,927 - INFO - Error Depth: [  40.  145.  507.  523.  257.  133. 2545.]
2022-05-17 18:36:21,927 - INFO - Epoch time: 307.3345937728882
2022-05-17 18:36:21,927 - INFO - 
Epoch: 15
2022-05-17 18:36:21,927 - INFO - 
Learning Rate: 0.1000
2022-05-17 18:36:21,927 - INFO - Synset CE Weight: 0.0
Soft prediction CE Weight: 1.0
Outlier Exposure Weight: 0.0
2022-05-17 18:37:43,802 - INFO - [Step=12750]	Loss=1.1615	322.2 examples/second
2022-05-17 18:39:12,616 - INFO - [Step=13000]	Loss=1.1706	360.3 examples/second
2022-05-17 18:40:41,293 - INFO - [Step=13250]	Loss=1.1866	360.9 examples/second
2022-05-17 18:41:29,096 - INFO - Test Loss=0.4151, Test top-1 acc=0.6217, Test mean synset acc=0.7970
2022-05-17 18:41:29,097 - INFO - Error Depth: [  50.  108.  500.  518.  277.  117. 2580.]
2022-05-17 18:41:29,097 - INFO - Epoch time: 307.16966247558594
2022-05-17 18:41:29,097 - INFO - 
Epoch: 16
2022-05-17 18:41:29,097 - INFO - 
Learning Rate: 0.1000
2022-05-17 18:41:29,097 - INFO - Synset CE Weight: 0.0
Soft prediction CE Weight: 1.0
Outlier Exposure Weight: 0.0
2022-05-17 18:42:21,034 - INFO - [Step=13500]	Loss=1.1532	320.8 examples/second
2022-05-17 18:43:49,659 - INFO - [Step=13750]	Loss=1.1558	361.1 examples/second
2022-05-17 18:45:18,632 - INFO - [Step=14000]	Loss=1.1449	359.7 examples/second
2022-05-17 18:46:36,366 - INFO - Test Loss=0.4008, Test top-1 acc=0.6084, Test mean synset acc=0.7885
2022-05-17 18:46:36,367 - INFO - Error Depth: [  40.  133.  503.  543.  274.  132. 2525.]
2022-05-17 18:46:36,367 - INFO - Epoch time: 307.2700834274292
2022-05-17 18:46:36,367 - INFO - 
Epoch: 17
2022-05-17 18:46:36,367 - INFO - 
Learning Rate: 0.1000
2022-05-17 18:46:36,367 - INFO - Synset CE Weight: 0.0
Soft prediction CE Weight: 1.0
Outlier Exposure Weight: 0.0
2022-05-17 18:46:58,313 - INFO - [Step=14250]	Loss=1.1425	321.0 examples/second
2022-05-17 18:48:26,808 - INFO - [Step=14500]	Loss=1.1285	361.6 examples/second
2022-05-17 18:49:55,755 - INFO - [Step=14750]	Loss=1.1153	359.8 examples/second
2022-05-17 18:51:24,261 - INFO - [Step=15000]	Loss=1.1326	361.6 examples/second
2022-05-17 18:51:43,795 - INFO - Test Loss=0.3517, Test top-1 acc=0.6542, Test mean synset acc=0.8145
2022-05-17 18:51:43,796 - INFO - Error Depth: [  44.  119.  425.  487.  237.  123. 2715.]
2022-05-17 18:51:43,797 - INFO - Saving...
2022-05-17 18:51:44,605 - INFO - Epoch time: 308.23755836486816
2022-05-17 18:51:44,605 - INFO - 
Epoch: 18
2022-05-17 18:51:44,605 - INFO - 
Learning Rate: 0.1000
2022-05-17 18:51:44,606 - INFO - Synset CE Weight: 0.0
Soft prediction CE Weight: 1.0
Outlier Exposure Weight: 0.0
2022-05-17 18:53:04,521 - INFO - [Step=15250]	Loss=1.1005	319.2 examples/second
2022-05-17 18:54:33,025 - INFO - [Step=15500]	Loss=1.1036	361.6 examples/second
2022-05-17 18:56:02,189 - INFO - [Step=15750]	Loss=1.1107	358.9 examples/second
2022-05-17 18:56:51,734 - INFO - Test Loss=0.3561, Test top-1 acc=0.6643, Test mean synset acc=0.8184
2022-05-17 18:56:51,735 - INFO - Error Depth: [  38.  119.  388.  468.  243.  137. 2757.]
2022-05-17 18:56:51,735 - INFO - Saving...
2022-05-17 18:56:52,378 - INFO - Epoch time: 307.77239298820496
2022-05-17 18:56:52,378 - INFO - 
Epoch: 19
2022-05-17 18:56:52,378 - INFO - 
Learning Rate: 0.1000
2022-05-17 18:56:52,378 - INFO - Synset CE Weight: 0.0
Soft prediction CE Weight: 1.0
Outlier Exposure Weight: 0.0
2022-05-17 18:57:42,385 - INFO - [Step=16000]	Loss=1.0872	319.4 examples/second
2022-05-17 18:59:11,079 - INFO - [Step=16250]	Loss=1.0691	360.8 examples/second
2022-05-17 19:00:40,212 - INFO - [Step=16500]	Loss=1.1073	359.0 examples/second
2022-05-17 19:01:59,810 - INFO - Test Loss=0.3812, Test top-1 acc=0.6460, Test mean synset acc=0.8142
2022-05-17 19:01:59,811 - INFO - Error Depth: [  48.  152.  425.  474.  250.  120. 2681.]
2022-05-17 19:01:59,811 - INFO - Epoch time: 307.43341517448425
2022-05-17 19:01:59,811 - INFO - 
Epoch: 20
2022-05-17 19:01:59,811 - INFO - 
Learning Rate: 0.1000
2022-05-17 19:01:59,812 - INFO - Synset CE Weight: 0.0
Soft prediction CE Weight: 1.0
Outlier Exposure Weight: 0.0
2022-05-17 19:02:20,293 - INFO - [Step=16750]	Loss=1.0816	319.7 examples/second
2022-05-17 19:03:48,753 - INFO - [Step=17000]	Loss=1.0494	361.7 examples/second
2022-05-17 19:05:17,228 - INFO - [Step=17250]	Loss=1.0568	361.7 examples/second
2022-05-17 19:06:46,494 - INFO - [Step=17500]	Loss=1.0574	358.5 examples/second
2022-05-17 19:07:07,527 - INFO - Test Loss=0.3849, Test top-1 acc=0.6395, Test mean synset acc=0.8101
2022-05-17 19:07:07,527 - INFO - Error Depth: [  53.  143.  397.  507.  274.  122. 2654.]
2022-05-17 19:07:07,528 - INFO - Epoch time: 307.71628427505493
2022-05-17 19:07:07,528 - INFO - 
Epoch: 21
2022-05-17 19:07:07,528 - INFO - 
Learning Rate: 0.1000
2022-05-17 19:07:07,528 - INFO - Synset CE Weight: 0.0
Soft prediction CE Weight: 1.0
Outlier Exposure Weight: 0.0
2022-05-17 19:08:25,915 - INFO - [Step=17750]	Loss=1.0520	321.9 examples/second
2022-05-17 19:09:54,432 - INFO - [Step=18000]	Loss=1.0425	361.5 examples/second
2022-05-17 19:11:23,532 - INFO - [Step=18250]	Loss=1.0470	359.2 examples/second
2022-05-17 19:12:14,915 - INFO - Test Loss=0.3542, Test top-1 acc=0.6564, Test mean synset acc=0.8201
2022-05-17 19:12:14,916 - INFO - Error Depth: [  32.  131.  445.  483.  228.  107. 2724.]
2022-05-17 19:12:14,917 - INFO - Epoch time: 307.3887689113617
2022-05-17 19:12:14,917 - INFO - 
Epoch: 22
2022-05-17 19:12:14,917 - INFO - 
Learning Rate: 0.1000
2022-05-17 19:12:14,917 - INFO - Synset CE Weight: 0.0
Soft prediction CE Weight: 1.0
Outlier Exposure Weight: 0.0
2022-05-17 19:13:03,146 - INFO - [Step=18500]	Loss=1.0489	321.2 examples/second
2022-05-17 19:14:31,556 - INFO - [Step=18750]	Loss=1.0350	361.9 examples/second
2022-05-17 19:16:00,068 - INFO - [Step=19000]	Loss=1.0331	361.5 examples/second
2022-05-17 19:17:21,939 - INFO - Test Loss=0.3407, Test top-1 acc=0.6569, Test mean synset acc=0.8085
2022-05-17 19:17:21,941 - INFO - Error Depth: [  35.   89.  441.  493.  250.  116. 2726.]
2022-05-17 19:17:21,941 - INFO - Epoch time: 307.0241131782532
2022-05-17 19:17:21,941 - INFO - 
Epoch: 23
2022-05-17 19:17:21,941 - INFO - 
Learning Rate: 0.1000
2022-05-17 19:17:21,941 - INFO - Synset CE Weight: 0.0
Soft prediction CE Weight: 1.0
Outlier Exposure Weight: 0.0
2022-05-17 19:17:40,176 - INFO - [Step=19250]	Loss=1.0398	319.7 examples/second
2022-05-17 19:19:08,718 - INFO - [Step=19500]	Loss=1.0048	361.4 examples/second
2022-05-17 19:20:37,150 - INFO - [Step=19750]	Loss=1.0221	361.9 examples/second
2022-05-17 19:22:06,187 - INFO - [Step=20000]	Loss=1.0204	359.4 examples/second
2022-05-17 19:22:28,956 - INFO - Test Loss=0.3426, Test top-1 acc=0.6655, Test mean synset acc=0.8205
2022-05-17 19:22:28,957 - INFO - Error Depth: [  36.  112.  425.  472.  227.  116. 2762.]
2022-05-17 19:22:28,958 - INFO - Saving...
2022-05-17 19:22:29,630 - INFO - Epoch time: 307.6893846988678
2022-05-17 19:22:29,631 - INFO - 
Epoch: 24
2022-05-17 19:22:29,631 - INFO - 
Learning Rate: 0.1000
2022-05-17 19:22:29,631 - INFO - Synset CE Weight: 0.0
Soft prediction CE Weight: 1.0
Outlier Exposure Weight: 0.0
2022-05-17 19:23:46,360 - INFO - [Step=20250]	Loss=0.9962	319.4 examples/second
2022-05-17 19:25:15,039 - INFO - [Step=20500]	Loss=0.9907	360.9 examples/second
2022-05-17 19:26:43,749 - INFO - [Step=20750]	Loss=1.0051	360.7 examples/second
2022-05-17 19:27:37,516 - INFO - Test Loss=0.3318, Test top-1 acc=0.6704, Test mean synset acc=0.8215
2022-05-17 19:27:37,517 - INFO - Error Depth: [  37.  110.  395.  469.  234.  123. 2782.]
2022-05-17 19:27:37,517 - INFO - Saving...
2022-05-17 19:27:38,212 - INFO - Epoch time: 308.5815460681915
2022-05-17 19:27:38,213 - INFO - 
Epoch: 25
2022-05-17 19:27:38,213 - INFO - 
Learning Rate: 0.1000
2022-05-17 19:27:38,213 - INFO - Synset CE Weight: 0.0
Soft prediction CE Weight: 1.0
Outlier Exposure Weight: 0.0
2022-05-17 19:28:24,656 - INFO - [Step=21000]	Loss=1.0057	317.1 examples/second
2022-05-17 19:29:53,092 - INFO - [Step=21250]	Loss=0.9994	361.8 examples/second
2022-05-17 19:31:21,617 - INFO - [Step=21500]	Loss=0.9908	361.5 examples/second
2022-05-17 19:32:45,452 - INFO - Test Loss=0.3039, Test top-1 acc=0.6829, Test mean synset acc=0.8274
2022-05-17 19:32:45,453 - INFO - Error Depth: [  22.  112.  399.  457.  217.  109. 2834.]
2022-05-17 19:32:45,453 - INFO - Saving...
2022-05-17 19:32:46,030 - INFO - Epoch time: 307.8171274662018
2022-05-17 19:32:46,030 - INFO - 
Epoch: 26
2022-05-17 19:32:46,030 - INFO - 
Learning Rate: 0.1000
2022-05-17 19:32:46,030 - INFO - Synset CE Weight: 0.0
Soft prediction CE Weight: 1.0
Outlier Exposure Weight: 0.0
2022-05-17 19:33:02,478 - INFO - [Step=21750]	Loss=1.0106	317.3 examples/second
2022-05-17 19:34:30,997 - INFO - [Step=22000]	Loss=0.9794	361.5 examples/second
2022-05-17 19:35:59,545 - INFO - [Step=22250]	Loss=0.9970	361.4 examples/second
2022-05-17 19:37:28,282 - INFO - [Step=22500]	Loss=0.9959	360.6 examples/second
2022-05-17 19:37:53,221 - INFO - Test Loss=0.3355, Test top-1 acc=0.6660, Test mean synset acc=0.8136
2022-05-17 19:37:53,222 - INFO - Error Depth: [  42.   93.  394.  494.  235.  128. 2764.]
2022-05-17 19:37:53,222 - INFO - Epoch time: 307.19196915626526
2022-05-17 19:37:53,222 - INFO - 
Epoch: 27
2022-05-17 19:37:53,222 - INFO - 
Learning Rate: 0.1000
2022-05-17 19:37:53,222 - INFO - Synset CE Weight: 0.0
Soft prediction CE Weight: 1.0
Outlier Exposure Weight: 0.0
2022-05-17 19:39:07,800 - INFO - [Step=22750]	Loss=0.9704	321.6 examples/second
2022-05-17 19:40:36,190 - INFO - [Step=23000]	Loss=0.9789	362.0 examples/second
2022-05-17 19:42:04,542 - INFO - [Step=23250]	Loss=0.9842	362.2 examples/second
2022-05-17 19:43:00,126 - INFO - Test Loss=0.3453, Test top-1 acc=0.6516, Test mean synset acc=0.8172
2022-05-17 19:43:00,127 - INFO - Error Depth: [  43.  127.  407.  470.  261.  138. 2704.]
2022-05-17 19:43:00,127 - INFO - Epoch time: 306.9048159122467
2022-05-17 19:43:00,127 - INFO - 
Epoch: 28
2022-05-17 19:43:00,127 - INFO - 
Learning Rate: 0.1000
2022-05-17 19:43:00,127 - INFO - Synset CE Weight: 0.0
Soft prediction CE Weight: 1.0
Outlier Exposure Weight: 0.0
2022-05-17 19:43:45,063 - INFO - [Step=23500]	Loss=0.9644	318.3 examples/second
2022-05-17 19:45:13,555 - INFO - [Step=23750]	Loss=0.9697	361.6 examples/second
2022-05-17 19:46:41,893 - INFO - [Step=24000]	Loss=0.9792	362.2 examples/second
2022-05-17 19:48:06,228 - INFO - Test Loss=0.3330, Test top-1 acc=0.6863, Test mean synset acc=0.8292
2022-05-17 19:48:06,229 - INFO - Error Depth: [  29.  114.  358.  440.  243.  118. 2848.]
2022-05-17 19:48:06,229 - INFO - Saving...
2022-05-17 19:48:06,955 - INFO - Epoch time: 306.82754135131836
2022-05-17 19:48:06,955 - INFO - 
Epoch: 29
2022-05-17 19:48:06,955 - INFO - 
Learning Rate: 0.0100
2022-05-17 19:48:06,955 - INFO - Synset CE Weight: 0.0
Soft prediction CE Weight: 1.0
Outlier Exposure Weight: 0.0
2022-05-17 19:48:22,605 - INFO - [Step=24250]	Loss=0.9583	317.7 examples/second
2022-05-17 19:49:51,046 - INFO - [Step=24500]	Loss=0.7430	361.8 examples/second
2022-05-17 19:51:19,530 - INFO - [Step=24750]	Loss=0.7144	361.6 examples/second
2022-05-17 19:52:48,260 - INFO - [Step=25000]	Loss=0.6889	360.6 examples/second
2022-05-17 19:53:14,461 - INFO - Test Loss=0.1692, Test top-1 acc=0.7812, Test mean synset acc=0.8757
2022-05-17 19:53:14,462 - INFO - Error Depth: [  18.   56.  239.  345.  153.   97. 3242.]
2022-05-17 19:53:14,462 - INFO - Saving...
2022-05-17 19:53:15,631 - INFO - Epoch time: 308.67544960975647
2022-05-17 19:53:15,631 - INFO - 
Epoch: 30
2022-05-17 19:53:15,631 - INFO - 
Learning Rate: 0.0100
2022-05-17 19:53:15,631 - INFO - Synset CE Weight: 0.0
Soft prediction CE Weight: 1.0
Outlier Exposure Weight: 0.0
2022-05-17 19:54:29,134 - INFO - [Step=25250]	Loss=0.6602	317.2 examples/second
2022-05-17 19:55:57,580 - INFO - [Step=25500]	Loss=0.6514	361.8 examples/second
2022-05-17 19:57:26,012 - INFO - [Step=25750]	Loss=0.6523	361.9 examples/second
2022-05-17 19:58:22,500 - INFO - Test Loss=0.1604, Test top-1 acc=0.7872, Test mean synset acc=0.8751
2022-05-17 19:58:22,501 - INFO - Error Depth: [  14.   44.  236.  339.  155.   95. 3267.]
2022-05-17 19:58:22,501 - INFO - Saving...
2022-05-17 19:58:23,254 - INFO - Epoch time: 307.623587846756
2022-05-17 19:58:23,255 - INFO - 
Epoch: 31
2022-05-17 19:58:23,255 - INFO - 
Learning Rate: 0.0100
2022-05-17 19:58:23,255 - INFO - Synset CE Weight: 0.0
Soft prediction CE Weight: 1.0
Outlier Exposure Weight: 0.0
2022-05-17 19:59:06,681 - INFO - [Step=26000]	Loss=0.6360	317.9 examples/second
2022-05-17 20:00:35,151 - INFO - [Step=26250]	Loss=0.6292	361.7 examples/second
2022-05-17 20:02:03,574 - INFO - [Step=26500]	Loss=0.6328	361.9 examples/second
2022-05-17 20:03:30,452 - INFO - Test Loss=0.1574, Test top-1 acc=0.7923, Test mean synset acc=0.8783
2022-05-17 20:03:30,454 - INFO - Error Depth: [  19.   37.  222.  343.  148.   93. 3288.]
2022-05-17 20:03:30,454 - INFO - Saving...
2022-05-17 20:03:31,086 - INFO - Epoch time: 307.83163189888
2022-05-17 20:03:31,087 - INFO - 
Epoch: 32
2022-05-17 20:03:31,087 - INFO - 
Learning Rate: 0.0100
2022-05-17 20:03:31,087 - INFO - Synset CE Weight: 0.0
Soft prediction CE Weight: 1.0
Outlier Exposure Weight: 0.0
2022-05-17 20:03:43,943 - INFO - [Step=26750]	Loss=0.6257	318.8 examples/second
2022-05-17 20:05:12,886 - INFO - [Step=27000]	Loss=0.6058	359.8 examples/second
2022-05-17 20:06:41,227 - INFO - [Step=27250]	Loss=0.6172	362.2 examples/second
2022-05-17 20:08:09,879 - INFO - [Step=27500]	Loss=0.6056	361.0 examples/second
2022-05-17 20:08:37,748 - INFO - Test Loss=0.1562, Test top-1 acc=0.7957, Test mean synset acc=0.8818
2022-05-17 20:08:37,749 - INFO - Error Depth: [  13.   43.  225.  327.  151.   89. 3302.]
2022-05-17 20:08:37,749 - INFO - Saving...
2022-05-17 20:08:38,261 - INFO - Epoch time: 307.1739959716797
2022-05-17 20:08:38,261 - INFO - 
Epoch: 33
2022-05-17 20:08:38,261 - INFO - 
Learning Rate: 0.0100
2022-05-17 20:08:38,261 - INFO - Synset CE Weight: 0.0
Soft prediction CE Weight: 1.0
Outlier Exposure Weight: 0.0
2022-05-17 20:09:50,054 - INFO - [Step=27750]	Loss=0.5903	319.4 examples/second
2022-05-17 20:11:18,586 - INFO - [Step=28000]	Loss=0.5987	361.5 examples/second
2022-05-17 20:12:47,095 - INFO - [Step=28250]	Loss=0.5985	361.5 examples/second
2022-05-17 20:13:45,424 - INFO - Test Loss=0.1546, Test top-1 acc=0.7983, Test mean synset acc=0.8831
2022-05-17 20:13:45,425 - INFO - Error Depth: [  16.   45.  221.  318.  146.   91. 3313.]
2022-05-17 20:13:45,425 - INFO - Saving...
2022-05-17 20:13:46,097 - INFO - Epoch time: 307.8360164165497
2022-05-17 20:13:46,097 - INFO - 
Epoch: 34
2022-05-17 20:13:46,097 - INFO - 
Learning Rate: 0.0100
2022-05-17 20:13:46,098 - INFO - Synset CE Weight: 0.0
Soft prediction CE Weight: 1.0
Outlier Exposure Weight: 0.0
2022-05-17 20:14:27,448 - INFO - [Step=28500]	Loss=0.5896	318.9 examples/second
2022-05-17 20:15:56,437 - INFO - [Step=28750]	Loss=0.5872	359.6 examples/second
2022-05-17 20:17:24,946 - INFO - [Step=29000]	Loss=0.5943	361.5 examples/second
2022-05-17 20:18:53,264 - INFO - Test Loss=0.1520, Test top-1 acc=0.7993, Test mean synset acc=0.8820
2022-05-17 20:18:53,265 - INFO - Error Depth: [  12.   47.  225.  315.  142.   92. 3317.]
2022-05-17 20:18:53,265 - INFO - Saving...
2022-05-17 20:18:53,896 - INFO - Epoch time: 307.79896688461304
2022-05-17 20:18:53,897 - INFO - 
Epoch: 35
2022-05-17 20:18:53,897 - INFO - 
Learning Rate: 0.0100
2022-05-17 20:18:53,897 - INFO - Synset CE Weight: 0.0
Soft prediction CE Weight: 1.0
Outlier Exposure Weight: 0.0
2022-05-17 20:19:05,116 - INFO - [Step=29250]	Loss=0.5883	319.5 examples/second
2022-05-17 20:20:34,146 - INFO - [Step=29500]	Loss=0.5713	359.4 examples/second
2022-05-17 20:22:02,554 - INFO - [Step=29750]	Loss=0.5749	362.0 examples/second
2022-05-17 20:23:31,308 - INFO - [Step=30000]	Loss=0.5657	360.6 examples/second
2022-05-17 20:24:00,897 - INFO - Test Loss=0.1522, Test top-1 acc=0.8010, Test mean synset acc=0.8842
2022-05-17 20:24:00,897 - INFO - Error Depth: [  15.   39.  219.  315.  147.   91. 3324.]
2022-05-17 20:24:00,897 - INFO - Saving...
2022-05-17 20:24:01,495 - INFO - Epoch time: 307.59850430488586
2022-05-17 20:24:01,496 - INFO - 
Epoch: 36
2022-05-17 20:24:01,496 - INFO - 
Learning Rate: 0.0100
2022-05-17 20:24:01,496 - INFO - Synset CE Weight: 0.0
Soft prediction CE Weight: 1.0
Outlier Exposure Weight: 0.0
2022-05-17 20:25:10,976 - INFO - [Step=30250]	Loss=0.5674	321.1 examples/second
2022-05-17 20:26:39,880 - INFO - [Step=30500]	Loss=0.5706	359.9 examples/second
2022-05-17 20:28:08,311 - INFO - [Step=30750]	Loss=0.5680	361.9 examples/second
2022-05-17 20:29:08,509 - INFO - Test Loss=0.1516, Test top-1 acc=0.7988, Test mean synset acc=0.8833
2022-05-17 20:29:08,510 - INFO - Error Depth: [  15.   47.  220.  323.  139.   91. 3315.]
2022-05-17 20:29:08,510 - INFO - Epoch time: 307.0144212245941
2022-05-17 20:29:08,510 - INFO - 
Epoch: 37
2022-05-17 20:29:08,510 - INFO - 
Learning Rate: 0.0100
2022-05-17 20:29:08,510 - INFO - Synset CE Weight: 0.0
Soft prediction CE Weight: 1.0
Outlier Exposure Weight: 0.0
2022-05-17 20:29:47,705 - INFO - [Step=31000]	Loss=0.5597	322.0 examples/second
2022-05-17 20:31:16,463 - INFO - [Step=31250]	Loss=0.5542	360.5 examples/second
2022-05-17 20:32:45,025 - INFO - [Step=31500]	Loss=0.5552	361.3 examples/second
2022-05-17 20:34:14,996 - INFO - Test Loss=0.1490, Test top-1 acc=0.8034, Test mean synset acc=0.8852
2022-05-17 20:34:14,997 - INFO - Error Depth: [  11.   42.  222.  314.  138.   89. 3334.]
2022-05-17 20:34:14,997 - INFO - Saving...
2022-05-17 20:34:15,613 - INFO - Epoch time: 307.1027584075928
2022-05-17 20:34:15,613 - INFO - 
Epoch: 38
2022-05-17 20:34:15,613 - INFO - 
Learning Rate: 0.0100
2022-05-17 20:34:15,614 - INFO - Synset CE Weight: 0.0
Soft prediction CE Weight: 1.0
Outlier Exposure Weight: 0.0
2022-05-17 20:34:24,932 - INFO - [Step=31750]	Loss=0.5641	320.3 examples/second
2022-05-17 20:35:53,387 - INFO - [Step=32000]	Loss=0.5501	361.8 examples/second
2022-05-17 20:37:22,191 - INFO - [Step=32250]	Loss=0.5545	360.3 examples/second
2022-05-17 20:38:50,882 - INFO - [Step=32500]	Loss=0.5509	360.8 examples/second
2022-05-17 20:39:22,541 - INFO - Test Loss=0.1448, Test top-1 acc=0.8072, Test mean synset acc=0.8867
2022-05-17 20:39:22,542 - INFO - Error Depth: [  12.   35.  215.  309.  137.   92. 3350.]
2022-05-17 20:39:22,542 - INFO - Saving...
2022-05-17 20:39:23,041 - INFO - Epoch time: 307.4279479980469
2022-05-17 20:39:23,042 - INFO - 
Epoch: 39
2022-05-17 20:39:23,042 - INFO - 
Learning Rate: 0.0100
2022-05-17 20:39:23,042 - INFO - Synset CE Weight: 0.0
Soft prediction CE Weight: 1.0
Outlier Exposure Weight: 0.0
2022-05-17 20:40:30,700 - INFO - [Step=32750]	Loss=0.5381	320.6 examples/second
2022-05-17 20:41:59,693 - INFO - [Step=33000]	Loss=0.5420	359.6 examples/second
2022-05-17 20:43:28,277 - INFO - [Step=33250]	Loss=0.5471	361.2 examples/second
2022-05-17 20:44:30,615 - INFO - Test Loss=0.1462, Test top-1 acc=0.8029, Test mean synset acc=0.8829
2022-05-17 20:44:30,616 - INFO - Error Depth: [  12.   42.  207.  316.  147.   94. 3332.]
2022-05-17 20:44:30,616 - INFO - Epoch time: 307.574462890625
2022-05-17 20:44:30,616 - INFO - 
Epoch: 40
2022-05-17 20:44:30,616 - INFO - 
Learning Rate: 0.0100
2022-05-17 20:44:30,616 - INFO - Synset CE Weight: 0.0
Soft prediction CE Weight: 1.0
Outlier Exposure Weight: 0.0
2022-05-17 20:45:08,113 - INFO - [Step=33500]	Loss=0.5501	320.5 examples/second
2022-05-17 20:46:36,752 - INFO - [Step=33750]	Loss=0.5415	361.0 examples/second
2022-05-17 20:48:05,753 - INFO - [Step=34000]	Loss=0.5348	359.6 examples/second
2022-05-17 20:49:37,915 - INFO - Test Loss=0.1454, Test top-1 acc=0.8036, Test mean synset acc=0.8853
2022-05-17 20:49:37,917 - INFO - Error Depth: [  11.   42.  212.  314.  147.   89. 3335.]
2022-05-17 20:49:37,917 - INFO - Epoch time: 307.30095982551575
2022-05-17 20:49:37,917 - INFO - 
Epoch: 41
2022-05-17 20:49:37,917 - INFO - 
Learning Rate: 0.0100
2022-05-17 20:49:37,917 - INFO - Synset CE Weight: 0.0
Soft prediction CE Weight: 1.0
Outlier Exposure Weight: 0.0
2022-05-17 20:49:45,508 - INFO - [Step=34250]	Loss=0.5409	320.8 examples/second
2022-05-17 20:51:14,068 - INFO - [Step=34500]	Loss=0.5344	361.3 examples/second
2022-05-17 20:52:43,198 - INFO - [Step=34750]	Loss=0.5241	359.0 examples/second
2022-05-17 20:54:11,771 - INFO - [Step=35000]	Loss=0.5425	361.3 examples/second
2022-05-17 20:54:45,166 - INFO - Test Loss=0.1476, Test top-1 acc=0.8051, Test mean synset acc=0.8868
2022-05-17 20:54:45,167 - INFO - Error Depth: [  18.   41.  212.  307.  147.   84. 3341.]
2022-05-17 20:54:45,168 - INFO - Epoch time: 307.2503831386566
2022-05-17 20:54:45,168 - INFO - 
Epoch: 42
2022-05-17 20:54:45,168 - INFO - 
Learning Rate: 0.0100
2022-05-17 20:54:45,168 - INFO - Synset CE Weight: 0.0
Soft prediction CE Weight: 1.0
Outlier Exposure Weight: 0.0
2022-05-17 20:55:51,111 - INFO - [Step=35250]	Loss=0.5159	322.1 examples/second
2022-05-17 20:57:19,841 - INFO - [Step=35500]	Loss=0.5293	360.6 examples/second
2022-05-17 20:58:48,379 - INFO - [Step=35750]	Loss=0.5384	361.4 examples/second
2022-05-17 20:59:51,836 - INFO - Test Loss=0.1446, Test top-1 acc=0.8094, Test mean synset acc=0.8887
2022-05-17 20:59:51,837 - INFO - Error Depth: [   8.   44.  204.  303.  143.   89. 3359.]
2022-05-17 20:59:51,837 - INFO - Saving...
2022-05-17 20:59:52,507 - INFO - Epoch time: 307.3390383720398
2022-05-17 20:59:52,507 - INFO - 
Epoch: 43
2022-05-17 20:59:52,507 - INFO - 
Learning Rate: 0.0100
2022-05-17 20:59:52,508 - INFO - Synset CE Weight: 0.0
Soft prediction CE Weight: 1.0
Outlier Exposure Weight: 0.0
2022-05-17 21:00:28,567 - INFO - [Step=36000]	Loss=0.5147	319.4 examples/second
2022-05-17 21:01:57,213 - INFO - [Step=36250]	Loss=0.5247	361.0 examples/second
2022-05-17 21:03:26,362 - INFO - [Step=36500]	Loss=0.5055	359.0 examples/second
2022-05-17 21:05:00,381 - INFO - Test Loss=0.1475, Test top-1 acc=0.8043, Test mean synset acc=0.8868
2022-05-17 21:05:00,382 - INFO - Error Depth: [   7.   48.  214.  313.  147.   83. 3338.]
2022-05-17 21:05:00,382 - INFO - Epoch time: 307.87521529197693
2022-05-17 21:05:00,383 - INFO - 
Epoch: 44
2022-05-17 21:05:00,383 - INFO - 
Learning Rate: 0.0100
2022-05-17 21:05:00,383 - INFO - Synset CE Weight: 0.0
Soft prediction CE Weight: 1.0
Outlier Exposure Weight: 0.0
2022-05-17 21:05:06,338 - INFO - [Step=36750]	Loss=0.5350	320.1 examples/second
2022-05-17 21:06:34,749 - INFO - [Step=37000]	Loss=0.5060	362.0 examples/second
2022-05-17 21:08:03,538 - INFO - [Step=37250]	Loss=0.5135	360.4 examples/second
2022-05-17 21:09:32,284 - INFO - [Step=37500]	Loss=0.5228	360.6 examples/second
2022-05-17 21:10:07,199 - INFO - Test Loss=0.1438, Test top-1 acc=0.8063, Test mean synset acc=0.8853
2022-05-17 21:10:07,200 - INFO - Error Depth: [  13.   41.  205.  306.  141.   98. 3346.]
2022-05-17 21:10:07,200 - INFO - Epoch time: 306.81734442710876
2022-05-17 21:10:07,200 - INFO - 
Epoch: 45
2022-05-17 21:10:07,200 - INFO - 
Learning Rate: 0.0100
2022-05-17 21:10:07,200 - INFO - Synset CE Weight: 0.0
Soft prediction CE Weight: 1.0
Outlier Exposure Weight: 0.0
2022-05-17 21:11:11,521 - INFO - [Step=37750]	Loss=0.5094	322.5 examples/second
2022-05-17 21:12:39,897 - INFO - [Step=38000]	Loss=0.5049	362.1 examples/second
2022-05-17 21:14:08,851 - INFO - [Step=38250]	Loss=0.5080	359.7 examples/second
2022-05-17 21:15:14,222 - INFO - Test Loss=0.1431, Test top-1 acc=0.8065, Test mean synset acc=0.8855
2022-05-17 21:15:14,223 - INFO - Error Depth: [   4.   37.  224.  304.  140.   94. 3347.]
2022-05-17 21:15:14,223 - INFO - Epoch time: 307.02337074279785
2022-05-17 21:15:14,224 - INFO - 
Epoch: 46
2022-05-17 21:15:14,224 - INFO - 
Learning Rate: 0.0100
2022-05-17 21:15:14,224 - INFO - Synset CE Weight: 0.0
Soft prediction CE Weight: 1.0
Outlier Exposure Weight: 0.0
2022-05-17 21:15:48,419 - INFO - [Step=38500]	Loss=0.5092	321.4 examples/second
2022-05-17 21:17:16,950 - INFO - [Step=38750]	Loss=0.5013	361.5 examples/second
2022-05-17 21:18:45,927 - INFO - [Step=39000]	Loss=0.5033	359.6 examples/second
2022-05-17 21:20:21,173 - INFO - Test Loss=0.1399, Test top-1 acc=0.8067, Test mean synset acc=0.8876
2022-05-17 21:20:21,174 - INFO - Error Depth: [  13.   48.  207.  307.  139.   88. 3348.]
2022-05-17 21:20:21,174 - INFO - Epoch time: 306.95040249824524
2022-05-17 21:20:21,174 - INFO - 
Epoch: 47
2022-05-17 21:20:21,174 - INFO - 
Learning Rate: 0.0100
2022-05-17 21:20:21,174 - INFO - Synset CE Weight: 0.0
Soft prediction CE Weight: 1.0
Outlier Exposure Weight: 0.0
2022-05-17 21:20:25,229 - INFO - [Step=39250]	Loss=0.5032	322.2 examples/second
2022-05-17 21:21:53,680 - INFO - [Step=39500]	Loss=0.4971	361.8 examples/second
2022-05-17 21:23:22,132 - INFO - [Step=39750]	Loss=0.5015	361.8 examples/second
2022-05-17 21:24:51,120 - INFO - [Step=40000]	Loss=0.5051	359.6 examples/second
2022-05-17 21:25:28,084 - INFO - Test Loss=0.1418, Test top-1 acc=0.8029, Test mean synset acc=0.8834
2022-05-17 21:25:28,085 - INFO - Error Depth: [  11.   34.  221.  314.  152.   86. 3332.]
2022-05-17 21:25:28,085 - INFO - Epoch time: 306.91104316711426
2022-05-17 21:25:28,085 - INFO - 
Epoch: 48
2022-05-17 21:25:28,085 - INFO - 
Learning Rate: 0.0100
2022-05-17 21:25:28,085 - INFO - Synset CE Weight: 0.0
Soft prediction CE Weight: 1.0
Outlier Exposure Weight: 0.0
2022-05-17 21:26:30,591 - INFO - [Step=40250]	Loss=0.4873	321.7 examples/second
2022-05-17 21:27:59,060 - INFO - [Step=40500]	Loss=0.4940	361.7 examples/second
2022-05-17 21:29:27,966 - INFO - [Step=40750]	Loss=0.4973	359.9 examples/second
2022-05-17 21:30:35,098 - INFO - Test Loss=0.1471, Test top-1 acc=0.8065, Test mean synset acc=0.8864
2022-05-17 21:30:35,099 - INFO - Error Depth: [  11.   42.  208.  308.  144.   90. 3347.]
2022-05-17 21:30:35,100 - INFO - Epoch time: 307.01488494873047
2022-05-17 21:30:35,100 - INFO - 
Epoch: 49
2022-05-17 21:30:35,100 - INFO - 
Learning Rate: 0.0100
2022-05-17 21:30:35,100 - INFO - Synset CE Weight: 0.0
Soft prediction CE Weight: 1.0
Outlier Exposure Weight: 0.0
2022-05-17 21:31:07,544 - INFO - [Step=41000]	Loss=0.4868	321.4 examples/second
2022-05-17 21:32:36,029 - INFO - [Step=41250]	Loss=0.4897	361.6 examples/second
2022-05-17 21:34:04,472 - INFO - [Step=41500]	Loss=0.4931	361.8 examples/second
2022-05-17 21:35:33,607 - INFO - [Step=41750]	Loss=0.4949	359.0 examples/second
2022-05-17 21:35:42,371 - INFO - Test Loss=0.1470, Test top-1 acc=0.8087, Test mean synset acc=0.8887
2022-05-17 21:35:42,372 - INFO - Error Depth: [  13.   39.  210.  301.  139.   92. 3356.]
2022-05-17 21:35:42,372 - INFO - Epoch time: 307.2720034122467
2022-05-17 21:35:42,372 - INFO - 
Epoch: 50
2022-05-17 21:35:42,372 - INFO - 
Learning Rate: 0.0100
2022-05-17 21:35:42,372 - INFO - Synset CE Weight: 0.0
Soft prediction CE Weight: 1.0
Outlier Exposure Weight: 0.0
2022-05-17 21:37:13,058 - INFO - [Step=42000]	Loss=0.4808	321.8 examples/second
2022-05-17 21:38:41,624 - INFO - [Step=42250]	Loss=0.4867	361.3 examples/second
2022-05-17 21:40:10,728 - INFO - [Step=42500]	Loss=0.5022	359.1 examples/second
2022-05-17 21:40:49,383 - INFO - Test Loss=0.1496, Test top-1 acc=0.8108, Test mean synset acc=0.8895
2022-05-17 21:40:49,384 - INFO - Error Depth: [   9.   47.  206.  295.  136.   92. 3365.]
2022-05-17 21:40:49,384 - INFO - Saving...
2022-05-17 21:40:50,100 - INFO - Epoch time: 307.7281746864319
2022-05-17 21:40:50,101 - INFO - 
Epoch: 51
2022-05-17 21:40:50,101 - INFO - 
Learning Rate: 0.0100
2022-05-17 21:40:50,101 - INFO - Synset CE Weight: 0.0
Soft prediction CE Weight: 1.0
Outlier Exposure Weight: 0.0
2022-05-17 21:41:51,029 - INFO - [Step=42750]	Loss=0.4857	319.0 examples/second
2022-05-17 21:43:19,487 - INFO - [Step=43000]	Loss=0.4752	361.8 examples/second
2022-05-17 21:44:48,238 - INFO - [Step=43250]	Loss=0.4866	360.6 examples/second
2022-05-17 21:45:57,399 - INFO - Test Loss=0.1502, Test top-1 acc=0.8070, Test mean synset acc=0.8880
2022-05-17 21:45:57,400 - INFO - Error Depth: [  17.   39.  218.  297.  137.   93. 3349.]
2022-05-17 21:45:57,401 - INFO - Epoch time: 307.2998833656311
2022-05-17 21:45:57,401 - INFO - 
Epoch: 52
2022-05-17 21:45:57,401 - INFO - 
Learning Rate: 0.0100
2022-05-17 21:45:57,401 - INFO - Synset CE Weight: 0.0
Soft prediction CE Weight: 1.0
Outlier Exposure Weight: 0.0
2022-05-17 21:46:28,191 - INFO - [Step=43500]	Loss=0.4811	320.2 examples/second
2022-05-17 21:47:56,724 - INFO - [Step=43750]	Loss=0.4731	361.4 examples/second
2022-05-17 21:49:25,169 - INFO - [Step=44000]	Loss=0.4800	361.8 examples/second
2022-05-17 21:50:54,294 - INFO - [Step=44250]	Loss=0.4971	359.0 examples/second
2022-05-17 21:51:04,598 - INFO - Test Loss=0.1519, Test top-1 acc=0.8080, Test mean synset acc=0.8863
2022-05-17 21:51:04,599 - INFO - Error Depth: [   8.   41.  205.  301.  150.   92. 3353.]
2022-05-17 21:51:04,599 - INFO - Epoch time: 307.1986894607544
2022-05-17 21:51:04,600 - INFO - 
Epoch: 53
2022-05-17 21:51:04,600 - INFO - 
Learning Rate: 0.0100
2022-05-17 21:51:04,600 - INFO - Synset CE Weight: 0.0
Soft prediction CE Weight: 1.0
Outlier Exposure Weight: 0.0
2022-05-17 21:52:33,691 - INFO - [Step=44500]	Loss=0.4717	321.9 examples/second
2022-05-17 21:54:02,218 - INFO - [Step=44750]	Loss=0.4733	361.5 examples/second
2022-05-17 21:55:30,810 - INFO - [Step=45000]	Loss=0.4906	361.2 examples/second
2022-05-17 21:56:11,136 - INFO - Test Loss=0.1429, Test top-1 acc=0.8087, Test mean synset acc=0.8884
2022-05-17 21:56:11,137 - INFO - Error Depth: [  20.   40.  204.  309.  131.   90. 3356.]
2022-05-17 21:56:11,137 - INFO - Epoch time: 306.5373442173004
2022-05-17 21:56:11,137 - INFO - 
Epoch: 54
2022-05-17 21:56:11,137 - INFO - 
Learning Rate: 0.0100
2022-05-17 21:56:11,137 - INFO - Synset CE Weight: 0.0
Soft prediction CE Weight: 1.0
Outlier Exposure Weight: 0.0
2022-05-17 21:57:10,016 - INFO - [Step=45250]	Loss=0.4653	322.6 examples/second
2022-05-17 21:58:38,430 - INFO - [Step=45500]	Loss=0.4779	361.9 examples/second
2022-05-17 22:00:06,990 - INFO - [Step=45750]	Loss=0.4822	361.3 examples/second
2022-05-17 22:01:18,324 - INFO - Test Loss=0.1476, Test top-1 acc=0.8058, Test mean synset acc=0.8883
2022-05-17 22:01:18,325 - INFO - Error Depth: [  17.   41.  212.  297.  145.   94. 3344.]
2022-05-17 22:01:18,325 - INFO - Epoch time: 307.1882975101471
2022-05-17 22:01:18,325 - INFO - 
Epoch: 55
2022-05-17 22:01:18,325 - INFO - 
Learning Rate: 0.0100
2022-05-17 22:01:18,326 - INFO - Synset CE Weight: 0.0
Soft prediction CE Weight: 1.0
Outlier Exposure Weight: 0.0
2022-05-17 22:01:47,150 - INFO - [Step=46000]	Loss=0.4715	319.5 examples/second
2022-05-17 22:03:15,592 - INFO - [Step=46250]	Loss=0.4698	361.8 examples/second
2022-05-17 22:04:44,173 - INFO - [Step=46500]	Loss=0.4596	361.3 examples/second
2022-05-17 22:06:13,205 - INFO - [Step=46750]	Loss=0.4733	359.4 examples/second
2022-05-17 22:06:26,011 - INFO - Test Loss=0.1520, Test top-1 acc=0.8024, Test mean synset acc=0.8852
2022-05-17 22:06:26,012 - INFO - Error Depth: [  12.   46.  203.  309.  158.   92. 3330.]
2022-05-17 22:06:26,012 - INFO - Epoch time: 307.6870503425598
2022-05-17 22:06:26,013 - INFO - 
Epoch: 56
2022-05-17 22:06:26,013 - INFO - 
Learning Rate: 0.0100
2022-05-17 22:06:26,013 - INFO - Synset CE Weight: 0.0
Soft prediction CE Weight: 1.0
Outlier Exposure Weight: 0.0
2022-05-17 22:07:53,108 - INFO - [Step=47000]	Loss=0.4626	320.3 examples/second
2022-05-17 22:09:21,647 - INFO - [Step=47250]	Loss=0.4707	361.4 examples/second
2022-05-17 22:10:50,429 - INFO - [Step=47500]	Loss=0.4689	360.4 examples/second
2022-05-17 22:11:32,721 - INFO - Test Loss=0.1453, Test top-1 acc=0.8080, Test mean synset acc=0.8873
2022-05-17 22:11:32,722 - INFO - Error Depth: [  13.   36.  198.  313.  152.   85. 3353.]
2022-05-17 22:11:32,723 - INFO - Epoch time: 306.7100009918213
2022-05-17 22:11:32,723 - INFO - 
Epoch: 57
2022-05-17 22:11:32,723 - INFO - 
Learning Rate: 0.0100
2022-05-17 22:11:32,723 - INFO - Synset CE Weight: 0.0
Soft prediction CE Weight: 1.0
Outlier Exposure Weight: 0.0
2022-05-17 22:12:30,159 - INFO - [Step=47750]	Loss=0.4512	320.9 examples/second
2022-05-17 22:13:58,619 - INFO - [Step=48000]	Loss=0.4720	361.7 examples/second
2022-05-17 22:15:27,094 - INFO - [Step=48250]	Loss=0.4631	361.7 examples/second
2022-05-17 22:16:40,492 - INFO - Test Loss=0.1545, Test top-1 acc=0.8053, Test mean synset acc=0.8846
2022-05-17 22:16:40,493 - INFO - Error Depth: [  12.   40.  204.  310.  150.   92. 3342.]
2022-05-17 22:16:40,493 - INFO - Epoch time: 307.7704176902771
2022-05-17 22:16:40,493 - INFO - 
Epoch: 58
2022-05-17 22:16:40,493 - INFO - 
Learning Rate: 0.0100
2022-05-17 22:16:40,493 - INFO - Synset CE Weight: 0.0
Soft prediction CE Weight: 1.0
Outlier Exposure Weight: 0.0
2022-05-17 22:17:07,997 - INFO - [Step=48500]	Loss=0.4746	317.1 examples/second
2022-05-17 22:18:36,779 - INFO - [Step=48750]	Loss=0.4534	360.4 examples/second
2022-05-17 22:20:05,566 - INFO - [Step=49000]	Loss=0.4625	360.4 examples/second
2022-05-17 22:21:34,752 - INFO - [Step=49250]	Loss=0.4677	358.8 examples/second
2022-05-17 22:21:48,483 - INFO - Test Loss=0.1507, Test top-1 acc=0.8053, Test mean synset acc=0.8860
2022-05-17 22:21:48,484 - INFO - Error Depth: [  13.   46.  204.  306.  148.   91. 3342.]
2022-05-17 22:21:48,484 - INFO - Epoch time: 307.9908215999603
2022-05-17 22:21:48,484 - INFO - 
Epoch: 59
2022-05-17 22:21:48,484 - INFO - 
Learning Rate: 0.0010
2022-05-17 22:21:48,484 - INFO - Synset CE Weight: 0.0
Soft prediction CE Weight: 1.0
Outlier Exposure Weight: 0.0
2022-05-17 22:23:14,957 - INFO - [Step=49500]	Loss=0.4357	319.3 examples/second
2022-05-17 22:24:43,490 - INFO - [Step=49750]	Loss=0.4130	361.5 examples/second
2022-05-17 22:26:12,338 - INFO - [Step=50000]	Loss=0.4134	360.2 examples/second
2022-05-17 22:26:56,243 - INFO - Test Loss=0.1376, Test top-1 acc=0.8161, Test mean synset acc=0.8929
2022-05-17 22:26:56,244 - INFO - Error Depth: [  11.   43.  199.  283.  144.   83. 3387.]
2022-05-17 22:26:56,244 - INFO - Saving...
2022-05-17 22:26:57,265 - INFO - Epoch time: 308.78112983703613
2022-05-17 22:26:57,266 - INFO - 
Epoch: 60
2022-05-17 22:26:57,266 - INFO - 
Learning Rate: 0.0010
2022-05-17 22:26:57,266 - INFO - Synset CE Weight: 0.0
Soft prediction CE Weight: 1.0
Outlier Exposure Weight: 0.0
2022-05-17 22:27:52,908 - INFO - [Step=50250]	Loss=0.4048	318.2 examples/second
2022-05-17 22:29:21,381 - INFO - [Step=50500]	Loss=0.3902	361.7 examples/second
2022-05-17 22:30:49,796 - INFO - [Step=50750]	Loss=0.4039	361.9 examples/second
2022-05-17 22:32:03,893 - INFO - Test Loss=0.1338, Test top-1 acc=0.8178, Test mean synset acc=0.8926
2022-05-17 22:32:03,894 - INFO - Error Depth: [   9.   37.  194.  295.  135.   86. 3394.]
2022-05-17 22:32:03,894 - INFO - Saving...
2022-05-17 22:32:04,526 - INFO - Epoch time: 307.26051139831543
2022-05-17 22:32:04,526 - INFO - 
Epoch: 61
2022-05-17 22:32:04,526 - INFO - 
Learning Rate: 0.0010
2022-05-17 22:32:04,527 - INFO - Synset CE Weight: 0.0
Soft prediction CE Weight: 1.0
Outlier Exposure Weight: 0.0
2022-05-17 22:32:29,790 - INFO - [Step=51000]	Loss=0.3952	320.0 examples/second
2022-05-17 22:33:58,650 - INFO - [Step=51250]	Loss=0.3835	360.1 examples/second
2022-05-17 22:35:27,120 - INFO - [Step=51500]	Loss=0.3893	361.7 examples/second
2022-05-17 22:36:55,857 - INFO - [Step=51750]	Loss=0.3929	360.6 examples/second
2022-05-17 22:37:11,326 - INFO - Test Loss=0.1320, Test top-1 acc=0.8198, Test mean synset acc=0.8959
2022-05-17 22:37:11,327 - INFO - Error Depth: [  10.   38.  195.  291.  130.   84. 3402.]
2022-05-17 22:37:11,327 - INFO - Saving...
2022-05-17 22:37:12,139 - INFO - Epoch time: 307.6122360229492
2022-05-17 22:37:12,139 - INFO - 
Epoch: 62
2022-05-17 22:37:12,139 - INFO - 
Learning Rate: 0.0010
2022-05-17 22:37:12,139 - INFO - Synset CE Weight: 0.0
Soft prediction CE Weight: 1.0
Outlier Exposure Weight: 0.0
2022-05-17 22:38:36,295 - INFO - [Step=52000]	Loss=0.3861	318.6 examples/second
2022-05-17 22:40:04,792 - INFO - [Step=52250]	Loss=0.3898	361.6 examples/second
2022-05-17 22:41:33,414 - INFO - [Step=52500]	Loss=0.3823	361.1 examples/second
2022-05-17 22:42:18,987 - INFO - Test Loss=0.1292, Test top-1 acc=0.8210, Test mean synset acc=0.8952
2022-05-17 22:42:18,988 - INFO - Error Depth: [   8.   33.  197.  288.  135.   82. 3407.]
2022-05-17 22:42:18,988 - INFO - Saving...
2022-05-17 22:42:19,621 - INFO - Epoch time: 307.4823622703552
2022-05-17 22:42:19,622 - INFO - 
Epoch: 63
2022-05-17 22:42:19,622 - INFO - 
Learning Rate: 0.0010
2022-05-17 22:42:19,622 - INFO - Synset CE Weight: 0.0
Soft prediction CE Weight: 1.0
Outlier Exposure Weight: 0.0
2022-05-17 22:43:13,179 - INFO - [Step=52750]	Loss=0.3773	320.8 examples/second
2022-05-17 22:44:42,098 - INFO - [Step=53000]	Loss=0.3845	359.9 examples/second
2022-05-17 22:46:10,496 - INFO - [Step=53250]	Loss=0.3831	362.0 examples/second
2022-05-17 22:47:26,388 - INFO - Test Loss=0.1297, Test top-1 acc=0.8214, Test mean synset acc=0.8945
2022-05-17 22:47:26,390 - INFO - Error Depth: [  10.   33.  189.  288.  137.   84. 3409.]
2022-05-17 22:47:26,390 - INFO - Saving...
2022-05-17 22:47:27,091 - INFO - Epoch time: 307.46910190582275
2022-05-17 22:47:27,091 - INFO - 
Epoch: 64
2022-05-17 22:47:27,091 - INFO - 
Learning Rate: 0.0010
2022-05-17 22:47:27,091 - INFO - Synset CE Weight: 0.0
Soft prediction CE Weight: 1.0
Outlier Exposure Weight: 0.0
2022-05-17 22:47:50,228 - INFO - [Step=53500]	Loss=0.3760	320.9 examples/second
2022-05-17 22:49:19,277 - INFO - [Step=53750]	Loss=0.3833	359.4 examples/second
2022-05-17 22:50:47,889 - INFO - [Step=54000]	Loss=0.3788	361.1 examples/second
2022-05-17 22:52:16,806 - INFO - [Step=54250]	Loss=0.3785	359.9 examples/second
2022-05-17 22:52:34,238 - INFO - Test Loss=0.1290, Test top-1 acc=0.8169, Test mean synset acc=0.8914
2022-05-17 22:52:34,239 - INFO - Error Depth: [   8.   32.  198.  293.  142.   87. 3390.]
2022-05-17 22:52:34,240 - INFO - Epoch time: 307.14838910102844
2022-05-17 22:52:34,240 - INFO - 
Epoch: 65
2022-05-17 22:52:34,240 - INFO - 
Learning Rate: 0.0010
2022-05-17 22:52:34,240 - INFO - Synset CE Weight: 0.0
Soft prediction CE Weight: 1.0
Outlier Exposure Weight: 0.0
2022-05-17 22:53:56,581 - INFO - [Step=54500]	Loss=0.3769	320.7 examples/second
2022-05-17 22:55:25,353 - INFO - [Step=54750]	Loss=0.3702	360.5 examples/second
2022-05-17 22:56:54,121 - INFO - [Step=55000]	Loss=0.3679	360.5 examples/second
2022-05-17 22:57:41,545 - INFO - Test Loss=0.1267, Test top-1 acc=0.8193, Test mean synset acc=0.8925
2022-05-17 22:57:41,545 - INFO - Error Depth: [  10.   30.  189.  295.  142.   84. 3400.]
2022-05-17 22:57:41,545 - INFO - Epoch time: 307.30583453178406
2022-05-17 22:57:41,546 - INFO - 
Epoch: 66
2022-05-17 22:57:41,546 - INFO - 
Learning Rate: 0.0010
2022-05-17 22:57:41,546 - INFO - Synset CE Weight: 0.0
Soft prediction CE Weight: 1.0
Outlier Exposure Weight: 0.0
2022-05-17 22:58:33,494 - INFO - [Step=55250]	Loss=0.3737	322.0 examples/second
2022-05-17 23:00:02,445 - INFO - [Step=55500]	Loss=0.3613	359.7 examples/second
2022-05-17 23:01:30,949 - INFO - [Step=55750]	Loss=0.3795	361.6 examples/second
2022-05-17 23:02:48,891 - INFO - Test Loss=0.1279, Test top-1 acc=0.8205, Test mean synset acc=0.8942
2022-05-17 23:02:48,893 - INFO - Error Depth: [   8.   35.  188.  293.  137.   84. 3405.]
2022-05-17 23:02:48,893 - INFO - Epoch time: 307.3471529483795
2022-05-17 23:02:48,893 - INFO - 
Epoch: 67
2022-05-17 23:02:48,893 - INFO - 
Learning Rate: 0.0010
2022-05-17 23:02:48,893 - INFO - Synset CE Weight: 0.0
Soft prediction CE Weight: 1.0
Outlier Exposure Weight: 0.0
2022-05-17 23:03:10,591 - INFO - [Step=56000]	Loss=0.3776	321.2 examples/second
2022-05-17 23:04:39,258 - INFO - [Step=56250]	Loss=0.3666	360.9 examples/second
2022-05-17 23:06:08,266 - INFO - [Step=56500]	Loss=0.3688	359.5 examples/second
2022-05-17 23:07:37,209 - INFO - [Step=56750]	Loss=0.3716	359.8 examples/second
2022-05-17 23:07:56,797 - INFO - Test Loss=0.1306, Test top-1 acc=0.8219, Test mean synset acc=0.8950
2022-05-17 23:07:56,798 - INFO - Error Depth: [   9.   34.  189.  282.  139.   86. 3411.]
2022-05-17 23:07:56,798 - INFO - Saving...
2022-05-17 23:07:57,492 - INFO - Epoch time: 308.59900522232056
2022-05-17 23:07:57,492 - INFO - 
Epoch: 68
2022-05-17 23:07:57,492 - INFO - 
Learning Rate: 0.0010
2022-05-17 23:07:57,493 - INFO - Synset CE Weight: 0.0
Soft prediction CE Weight: 1.0
Outlier Exposure Weight: 0.0
2022-05-17 23:09:17,627 - INFO - [Step=57000]	Loss=0.3656	318.7 examples/second
2022-05-17 23:10:46,817 - INFO - [Step=57250]	Loss=0.3693	358.8 examples/second
2022-05-17 23:12:15,745 - INFO - [Step=57500]	Loss=0.3737	359.8 examples/second
2022-05-17 23:13:04,931 - INFO - Test Loss=0.1303, Test top-1 acc=0.8186, Test mean synset acc=0.8928
2022-05-17 23:13:04,933 - INFO - Error Depth: [  10.   36.  189.  285.  146.   87. 3397.]
2022-05-17 23:13:04,933 - INFO - Epoch time: 307.440630197525
2022-05-17 23:13:04,933 - INFO - 
Epoch: 69
2022-05-17 23:13:04,933 - INFO - 
Learning Rate: 0.0010
2022-05-17 23:13:04,933 - INFO - Synset CE Weight: 0.0
Soft prediction CE Weight: 1.0
Outlier Exposure Weight: 0.0
2022-05-17 23:13:54,951 - INFO - [Step=57750]	Loss=0.3668	322.6 examples/second
2022-05-17 23:15:23,717 - INFO - [Step=58000]	Loss=0.3611	360.5 examples/second
2022-05-17 23:16:52,607 - INFO - [Step=58250]	Loss=0.3627	360.0 examples/second
2022-05-17 23:18:12,102 - INFO - Test Loss=0.1319, Test top-1 acc=0.8202, Test mean synset acc=0.8946
2022-05-17 23:18:12,103 - INFO - Error Depth: [  11.   33.  186.  292.  138.   86. 3404.]
2022-05-17 23:18:12,104 - INFO - Epoch time: 307.1707332134247
2022-05-17 23:18:12,104 - INFO - 
Epoch: 70
2022-05-17 23:18:12,104 - INFO - 
Learning Rate: 0.0010
2022-05-17 23:18:12,104 - INFO - Synset CE Weight: 0.0
Soft prediction CE Weight: 1.0
Outlier Exposure Weight: 0.0
2022-05-17 23:18:32,207 - INFO - [Step=58500]	Loss=0.3602	321.3 examples/second
2022-05-17 23:20:00,755 - INFO - [Step=58750]	Loss=0.3617	361.4 examples/second
2022-05-17 23:21:29,652 - INFO - [Step=59000]	Loss=0.3622	360.0 examples/second
2022-05-17 23:22:58,460 - INFO - [Step=59250]	Loss=0.3643	360.3 examples/second
2022-05-17 23:23:19,506 - INFO - Test Loss=0.1298, Test top-1 acc=0.8188, Test mean synset acc=0.8943
2022-05-17 23:23:19,507 - INFO - Error Depth: [  10.   37.  192.  295.  134.   84. 3398.]
2022-05-17 23:23:19,507 - INFO - Epoch time: 307.4031219482422
2022-05-17 23:23:19,507 - INFO - 
Epoch: 71
2022-05-17 23:23:19,507 - INFO - 
Learning Rate: 0.0010
2022-05-17 23:23:19,507 - INFO - Synset CE Weight: 0.0
Soft prediction CE Weight: 1.0
Outlier Exposure Weight: 0.0
2022-05-17 23:24:38,159 - INFO - [Step=59500]	Loss=0.3583	321.0 examples/second
2022-05-17 23:26:06,824 - INFO - [Step=59750]	Loss=0.3641	360.9 examples/second
2022-05-17 23:27:35,673 - INFO - [Step=60000]	Loss=0.3671	360.2 examples/second
2022-05-17 23:28:26,507 - INFO - Test Loss=0.1317, Test top-1 acc=0.8222, Test mean synset acc=0.8945
2022-05-17 23:28:26,508 - INFO - Error Depth: [  10.   31.  188.  291.  131.   87. 3412.]
2022-05-17 23:28:26,508 - INFO - Saving...
2022-05-17 23:28:27,192 - INFO - Epoch time: 307.6845214366913
2022-05-17 23:28:27,192 - INFO - 
Epoch: 72
2022-05-17 23:28:27,192 - INFO - 
Learning Rate: 0.0010
2022-05-17 23:28:27,192 - INFO - Synset CE Weight: 0.0
Soft prediction CE Weight: 1.0
Outlier Exposure Weight: 0.0
2022-05-17 23:29:15,378 - INFO - [Step=60250]	Loss=0.3581	320.9 examples/second
2022-05-17 23:30:43,979 - INFO - [Step=60500]	Loss=0.3547	361.2 examples/second
2022-05-17 23:32:13,137 - INFO - [Step=60750]	Loss=0.3543	358.9 examples/second
2022-05-17 23:33:34,450 - INFO - Test Loss=0.1305, Test top-1 acc=0.8234, Test mean synset acc=0.8953
2022-05-17 23:33:34,451 - INFO - Error Depth: [  12.   34.  178.  288.  138.   83. 3417.]
2022-05-17 23:33:34,451 - INFO - Saving...
2022-05-17 23:33:35,161 - INFO - Epoch time: 307.96900701522827
2022-05-17 23:33:35,161 - INFO - 
Epoch: 73
2022-05-17 23:33:35,161 - INFO - 
Learning Rate: 0.0010
2022-05-17 23:33:35,161 - INFO - Synset CE Weight: 0.0
Soft prediction CE Weight: 1.0
Outlier Exposure Weight: 0.0
2022-05-17 23:33:53,362 - INFO - [Step=61000]	Loss=0.3578	319.3 examples/second
2022-05-17 23:35:22,014 - INFO - [Step=61250]	Loss=0.3551	361.0 examples/second
2022-05-17 23:36:51,095 - INFO - [Step=61500]	Loss=0.3583	359.2 examples/second
2022-05-17 23:38:19,967 - INFO - [Step=61750]	Loss=0.3585	360.1 examples/second
2022-05-17 23:38:42,845 - INFO - Test Loss=0.1297, Test top-1 acc=0.8227, Test mean synset acc=0.8938
2022-05-17 23:38:42,846 - INFO - Error Depth: [  10.   29.  182.  290.  137.   88. 3414.]
2022-05-17 23:38:42,846 - INFO - Epoch time: 307.68482851982117
2022-05-17 23:38:42,846 - INFO - 
Epoch: 74
2022-05-17 23:38:42,846 - INFO - 
Learning Rate: 0.0010
2022-05-17 23:38:42,846 - INFO - Synset CE Weight: 0.0
Soft prediction CE Weight: 1.0
Outlier Exposure Weight: 0.0
2022-05-17 23:39:59,605 - INFO - [Step=62000]	Loss=0.3560	321.2 examples/second
2022-05-17 23:41:28,150 - INFO - [Step=62250]	Loss=0.3581	361.4 examples/second
2022-05-17 23:42:57,387 - INFO - [Step=62500]	Loss=0.3467	358.6 examples/second
2022-05-17 23:43:50,080 - INFO - Test Loss=0.1314, Test top-1 acc=0.8207, Test mean synset acc=0.8944
2022-05-17 23:43:50,081 - INFO - Error Depth: [  13.   40.  180.  287.  138.   86. 3406.]
2022-05-17 23:43:50,081 - INFO - Epoch time: 307.2350001335144
2022-05-17 23:43:50,081 - INFO - 
Epoch: 75
2022-05-17 23:43:50,081 - INFO - 
Learning Rate: 0.0010
2022-05-17 23:43:50,081 - INFO - Synset CE Weight: 0.0
Soft prediction CE Weight: 1.0
Outlier Exposure Weight: 0.0
2022-05-17 23:44:36,793 - INFO - [Step=62750]	Loss=0.3467	321.9 examples/second
2022-05-17 23:46:05,291 - INFO - [Step=63000]	Loss=0.3524	361.6 examples/second
2022-05-17 23:47:34,344 - INFO - [Step=63250]	Loss=0.3521	359.3 examples/second
2022-05-17 23:48:57,376 - INFO - Test Loss=0.1325, Test top-1 acc=0.8183, Test mean synset acc=0.8939
2022-05-17 23:48:57,378 - INFO - Error Depth: [  13.   42.  183.  289.  140.   87. 3396.]
2022-05-17 23:48:57,378 - INFO - Epoch time: 307.29671573638916
2022-05-17 23:48:57,378 - INFO - 
Epoch: 76
2022-05-17 23:48:57,378 - INFO - 
Learning Rate: 0.0010
2022-05-17 23:48:57,378 - INFO - Synset CE Weight: 0.0
Soft prediction CE Weight: 1.0
Outlier Exposure Weight: 0.0
2022-05-17 23:49:13,811 - INFO - [Step=63500]	Loss=0.3559	321.7 examples/second
2022-05-17 23:50:42,267 - INFO - [Step=63750]	Loss=0.3586	361.8 examples/second
2022-05-17 23:52:10,856 - INFO - [Step=64000]	Loss=0.3487	361.2 examples/second
2022-05-17 23:53:39,858 - INFO - [Step=64250]	Loss=0.3457	359.5 examples/second
2022-05-17 23:54:04,561 - INFO - Test Loss=0.1307, Test top-1 acc=0.8207, Test mean synset acc=0.8944
2022-05-17 23:54:04,561 - INFO - Error Depth: [  10.   33.  189.  291.  136.   85. 3406.]
2022-05-17 23:54:04,562 - INFO - Epoch time: 307.18362498283386
2022-05-17 23:54:04,562 - INFO - 
Epoch: 77
2022-05-17 23:54:04,562 - INFO - 
Learning Rate: 0.0010
2022-05-17 23:54:04,562 - INFO - Synset CE Weight: 0.0
Soft prediction CE Weight: 1.0
Outlier Exposure Weight: 0.0
2022-05-17 23:55:19,468 - INFO - [Step=64500]	Loss=0.3521	321.5 examples/second
2022-05-17 23:56:47,860 - INFO - [Step=64750]	Loss=0.3438	362.0 examples/second
2022-05-17 23:58:16,933 - INFO - [Step=65000]	Loss=0.3416	359.3 examples/second
2022-05-17 23:59:11,475 - INFO - Test Loss=0.1311, Test top-1 acc=0.8222, Test mean synset acc=0.8950
2022-05-17 23:59:11,476 - INFO - Error Depth: [  10.   32.  186.  289.  133.   88. 3412.]
2022-05-17 23:59:11,476 - INFO - Epoch time: 306.9144742488861
2022-05-17 23:59:11,476 - INFO - 
Epoch: 78
2022-05-17 23:59:11,476 - INFO - 
Learning Rate: 0.0010
2022-05-17 23:59:11,477 - INFO - Synset CE Weight: 0.0
Soft prediction CE Weight: 1.0
Outlier Exposure Weight: 0.0
2022-05-17 23:59:56,239 - INFO - [Step=65250]	Loss=0.3526	322.2 examples/second
2022-05-18 00:01:24,753 - INFO - [Step=65500]	Loss=0.3445	361.5 examples/second
2022-05-18 00:02:53,562 - INFO - [Step=65750]	Loss=0.3451	360.3 examples/second
2022-05-18 00:04:18,719 - INFO - Test Loss=0.1300, Test top-1 acc=0.8241, Test mean synset acc=0.8952
2022-05-18 00:04:18,720 - INFO - Error Depth: [   8.   34.  177.  284.  143.   84. 3420.]
2022-05-18 00:04:18,720 - INFO - Saving...
2022-05-18 00:04:19,843 - INFO - Epoch time: 308.3665521144867
2022-05-18 00:04:19,843 - INFO - 
Epoch: 79
2022-05-18 00:04:19,843 - INFO - 
Learning Rate: 0.0010
2022-05-18 00:04:19,844 - INFO - Synset CE Weight: 0.0
Soft prediction CE Weight: 1.0
Outlier Exposure Weight: 0.0
2022-05-18 00:04:34,492 - INFO - [Step=66000]	Loss=0.3504	317.1 examples/second
2022-05-18 00:06:02,965 - INFO - [Step=66250]	Loss=0.3394	361.7 examples/second
2022-05-18 00:07:31,474 - INFO - [Step=66500]	Loss=0.3471	361.5 examples/second
2022-05-18 00:09:00,663 - INFO - [Step=66750]	Loss=0.3416	358.8 examples/second
2022-05-18 00:09:27,118 - INFO - Test Loss=0.1331, Test top-1 acc=0.8212, Test mean synset acc=0.8937
2022-05-18 00:09:27,118 - INFO - Error Depth: [  10.   30.  181.  297.  137.   87. 3408.]
2022-05-18 00:09:27,119 - INFO - Epoch time: 307.27539014816284
2022-05-18 00:09:27,119 - INFO - 
Epoch: 80
2022-05-18 00:09:27,119 - INFO - 
Learning Rate: 0.0010
2022-05-18 00:09:27,119 - INFO - Synset CE Weight: 0.0
Soft prediction CE Weight: 1.0
Outlier Exposure Weight: 0.0
2022-05-18 00:10:40,224 - INFO - [Step=67000]	Loss=0.3473	321.4 examples/second
2022-05-18 00:12:08,816 - INFO - [Step=67250]	Loss=0.3381	361.2 examples/second
2022-05-18 00:13:37,837 - INFO - [Step=67500]	Loss=0.3449	359.5 examples/second
2022-05-18 00:14:34,498 - INFO - Test Loss=0.1316, Test top-1 acc=0.8202, Test mean synset acc=0.8941
2022-05-18 00:14:34,499 - INFO - Error Depth: [  11.   37.  178.  290.  143.   87. 3404.]
2022-05-18 00:14:34,500 - INFO - Epoch time: 307.3807156085968
2022-05-18 00:14:34,500 - INFO - 
Epoch: 81
2022-05-18 00:14:34,500 - INFO - 
Learning Rate: 0.0010
2022-05-18 00:14:34,500 - INFO - Synset CE Weight: 0.0
Soft prediction CE Weight: 1.0
Outlier Exposure Weight: 0.0
2022-05-18 00:15:17,505 - INFO - [Step=67750]	Loss=0.3445	321.1 examples/second
2022-05-18 00:16:45,899 - INFO - [Step=68000]	Loss=0.3405	362.0 examples/second
2022-05-18 00:18:14,642 - INFO - [Step=68250]	Loss=0.3476	360.6 examples/second
2022-05-18 00:19:41,568 - INFO - Test Loss=0.1320, Test top-1 acc=0.8202, Test mean synset acc=0.8937
2022-05-18 00:19:41,569 - INFO - Error Depth: [   9.   35.  182.  299.  138.   83. 3404.]
2022-05-18 00:19:41,569 - INFO - Epoch time: 307.0696232318878
2022-05-18 00:19:41,569 - INFO - 
Epoch: 82
2022-05-18 00:19:41,569 - INFO - 
Learning Rate: 0.0010
2022-05-18 00:19:41,570 - INFO - Synset CE Weight: 0.0
Soft prediction CE Weight: 1.0
Outlier Exposure Weight: 0.0
2022-05-18 00:19:54,255 - INFO - [Step=68500]	Loss=0.3391	321.2 examples/second
2022-05-18 00:21:22,666 - INFO - [Step=68750]	Loss=0.3423	361.9 examples/second
2022-05-18 00:22:51,066 - INFO - [Step=69000]	Loss=0.3478	362.0 examples/second
2022-05-18 00:24:19,933 - INFO - [Step=69250]	Loss=0.3396	360.1 examples/second
2022-05-18 00:24:48,030 - INFO - Test Loss=0.1312, Test top-1 acc=0.8210, Test mean synset acc=0.8942
2022-05-18 00:24:48,031 - INFO - Error Depth: [   9.   36.  178.  297.  135.   88. 3407.]
2022-05-18 00:24:48,031 - INFO - Epoch time: 306.4620769023895
2022-05-18 00:24:48,032 - INFO - 
Epoch: 83
2022-05-18 00:24:48,032 - INFO - 
Learning Rate: 0.0010
2022-05-18 00:24:48,032 - INFO - Synset CE Weight: 0.0
Soft prediction CE Weight: 1.0
Outlier Exposure Weight: 0.0
2022-05-18 00:25:59,186 - INFO - [Step=69500]	Loss=0.3396	322.4 examples/second
2022-05-18 00:27:27,581 - INFO - [Step=69750]	Loss=0.3383	362.0 examples/second
2022-05-18 00:28:56,235 - INFO - [Step=70000]	Loss=0.3336	361.0 examples/second
2022-05-18 00:29:54,760 - INFO - Test Loss=0.1324, Test top-1 acc=0.8210, Test mean synset acc=0.8940
2022-05-18 00:29:54,761 - INFO - Error Depth: [   9.   39.  178.  289.  140.   88. 3407.]
2022-05-18 00:29:54,761 - INFO - Epoch time: 306.72912645339966
2022-05-18 00:29:54,761 - INFO - 
Epoch: 84
2022-05-18 00:29:54,761 - INFO - 
Learning Rate: 0.0010
2022-05-18 00:29:54,761 - INFO - Synset CE Weight: 0.0
Soft prediction CE Weight: 1.0
Outlier Exposure Weight: 0.0
2022-05-18 00:30:36,052 - INFO - [Step=70250]	Loss=0.3409	320.6 examples/second
2022-05-18 00:32:04,661 - INFO - [Step=70500]	Loss=0.3460	361.1 examples/second
2022-05-18 00:33:33,238 - INFO - [Step=70750]	Loss=0.3364	361.3 examples/second
2022-05-18 00:35:01,250 - INFO - Test Loss=0.1298, Test top-1 acc=0.8210, Test mean synset acc=0.8936
2022-05-18 00:35:01,251 - INFO - Error Depth: [   9.   35.  178.  298.  136.   87. 3407.]
2022-05-18 00:35:01,252 - INFO - Epoch time: 306.49072265625
2022-05-18 00:35:01,252 - INFO - 
Epoch: 85
2022-05-18 00:35:01,252 - INFO - 
Learning Rate: 0.0010
2022-05-18 00:35:01,252 - INFO - Synset CE Weight: 0.0
Soft prediction CE Weight: 1.0
Outlier Exposure Weight: 0.0
2022-05-18 00:35:12,556 - INFO - [Step=71000]	Loss=0.3379	322.2 examples/second
2022-05-18 00:36:41,137 - INFO - [Step=71250]	Loss=0.3396	361.3 examples/second
2022-05-18 00:38:09,685 - INFO - [Step=71500]	Loss=0.3384	361.4 examples/second
2022-05-18 00:39:38,621 - INFO - [Step=71750]	Loss=0.3373	359.8 examples/second
2022-05-18 00:40:08,653 - INFO - Test Loss=0.1305, Test top-1 acc=0.8207, Test mean synset acc=0.8938
2022-05-18 00:40:08,654 - INFO - Error Depth: [  11.   34.  179.  289.  143.   88. 3406.]
2022-05-18 00:40:08,654 - INFO - Epoch time: 307.40235590934753
2022-05-18 00:40:08,654 - INFO - 
Epoch: 86
2022-05-18 00:40:08,654 - INFO - 
Learning Rate: 0.0010
2022-05-18 00:40:08,654 - INFO - Synset CE Weight: 0.0
Soft prediction CE Weight: 1.0
Outlier Exposure Weight: 0.0
2022-05-18 00:41:18,131 - INFO - [Step=72000]	Loss=0.3403	321.6 examples/second
2022-05-18 00:42:46,654 - INFO - [Step=72250]	Loss=0.3446	361.5 examples/second
2022-05-18 00:44:15,461 - INFO - [Step=72500]	Loss=0.3342	360.3 examples/second
2022-05-18 00:45:15,671 - INFO - Test Loss=0.1326, Test top-1 acc=0.8188, Test mean synset acc=0.8923
2022-05-18 00:45:15,672 - INFO - Error Depth: [   8.   34.  184.  294.  143.   89. 3398.]
2022-05-18 00:45:15,672 - INFO - Epoch time: 307.01777625083923
2022-05-18 00:45:15,672 - INFO - 
Epoch: 87
2022-05-18 00:45:15,672 - INFO - 
Learning Rate: 0.0010
2022-05-18 00:45:15,672 - INFO - Synset CE Weight: 0.0
Soft prediction CE Weight: 1.0
Outlier Exposure Weight: 0.0
2022-05-18 00:45:55,207 - INFO - [Step=72750]	Loss=0.3404	320.8 examples/second
2022-05-18 00:47:23,805 - INFO - [Step=73000]	Loss=0.3317	361.2 examples/second
2022-05-18 00:48:52,621 - INFO - [Step=73250]	Loss=0.3343	360.3 examples/second
2022-05-18 00:50:23,356 - INFO - Test Loss=0.1332, Test top-1 acc=0.8205, Test mean synset acc=0.8937
2022-05-18 00:50:23,357 - INFO - Error Depth: [  10.   32.  182.  290.  144.   87. 3405.]
2022-05-18 00:50:23,357 - INFO - Epoch time: 307.68527698516846
2022-05-18 00:50:23,357 - INFO - 
Epoch: 88
2022-05-18 00:50:23,357 - INFO - 
Learning Rate: 0.0010
2022-05-18 00:50:23,358 - INFO - Synset CE Weight: 0.0
Soft prediction CE Weight: 1.0
Outlier Exposure Weight: 0.0
2022-05-18 00:50:32,862 - INFO - [Step=73500]	Loss=0.3342	319.2 examples/second
2022-05-18 00:52:01,504 - INFO - [Step=73750]	Loss=0.3372	361.0 examples/second
2022-05-18 00:53:30,075 - INFO - [Step=74000]	Loss=0.3374	361.3 examples/second
2022-05-18 00:54:58,783 - INFO - [Step=74250]	Loss=0.3336	360.7 examples/second
2022-05-18 00:55:30,247 - INFO - Test Loss=0.1332, Test top-1 acc=0.8186, Test mean synset acc=0.8934
2022-05-18 00:55:30,250 - INFO - Error Depth: [  13.   34.  183.  296.  138.   89. 3397.]
2022-05-18 00:55:30,251 - INFO - Epoch time: 306.8940169811249
2022-05-18 00:55:30,252 - INFO - 
Epoch: 89
2022-05-18 00:55:30,252 - INFO - 
Learning Rate: 0.0010
2022-05-18 00:55:30,252 - INFO - Synset CE Weight: 0.0
Soft prediction CE Weight: 1.0
Outlier Exposure Weight: 0.0
2022-05-18 00:56:38,874 - INFO - [Step=74500]	Loss=0.3418	319.7 examples/second
2022-05-18 00:58:07,504 - INFO - [Step=74750]	Loss=0.3312	361.1 examples/second
2022-05-18 00:59:36,156 - INFO - [Step=75000]	Loss=0.3392	361.0 examples/second
2022-05-18 01:00:37,606 - INFO - Test Loss=0.1307, Test top-1 acc=0.8214, Test mean synset acc=0.8945
2022-05-18 01:00:37,607 - INFO - Error Depth: [  10.   30.  180.  300.  136.   85. 3409.]
2022-05-18 01:00:37,608 - INFO - Epoch time: 307.3559732437134
2022-05-18 01:00:37,608 - INFO - Printing Final Accuracy + OOD Detection stats
2022-05-18 01:00:37,609 - INFO - Top 1 Accuracy:  Min: 0.8241; Max: 0.8241; Avg: 0.8241; Std: 0.0000; Len: 1
2022-05-18 01:00:37,609 - INFO - Top 5 Accuracy:  Min: 0.8952; Max: 0.8952; Avg: 0.8952; Std: 0.0000; Len: 1
