2022-05-19 12:41:05,092 - INFO - ==> Preparing data..
2022-05-19 12:41:05,415 - INFO - # ID Test: 4150
2022-05-19 12:41:05,415 - INFO - # OOD: 850
2022-05-19 12:41:05,447 - INFO - # iNaturalist: 10000
2022-05-19 12:41:05,478 - INFO - # SUN: 10000
2022-05-19 12:41:05,509 - INFO - # Places: 10000
2022-05-19 12:41:05,526 - INFO - # Textures: 5640
2022-05-19 12:41:05,528 - INFO - # coarseid-coarseood: 750
2022-05-19 12:41:05,529 - INFO - # coarseid-fineood: 100
2022-05-19 12:41:05,529 - INFO - No distribution strategy
2022-05-19 12:41:09,779 - INFO - Model R0 Results
2022-05-19 12:41:19,031 - INFO - Model R0 Accuracy Results
2022-05-19 12:41:19,031 - INFO - Top-1 Accuracy: 0.8166264891624451
2022-05-19 12:41:19,032 - INFO - Top-5 Accuracy: 0.9703614711761475
2022-05-19 12:41:19,032 - INFO - OOD Results
2022-05-19 12:42:43,954 - INFO - Model R1 Results
2022-05-19 12:42:52,789 - INFO - Model R1 Accuracy Results
2022-05-19 12:42:52,790 - INFO - Top-1 Accuracy: 0.8050602674484253
2022-05-19 12:42:52,790 - INFO - Top-5 Accuracy: 0.9679518342018127
2022-05-19 12:42:52,790 - INFO - OOD Results
2022-05-19 12:44:20,980 - INFO - Model R2 Results
2022-05-19 12:44:29,726 - INFO - Model R2 Accuracy Results
2022-05-19 12:44:29,726 - INFO - Top-1 Accuracy: 0.816144585609436
2022-05-19 12:44:29,726 - INFO - Top-5 Accuracy: 0.9710843563079834
2022-05-19 12:44:29,726 - INFO - OOD Results
2022-05-19 12:45:50,932 - INFO - Ensemble: Model: softmax, M: 3
2022-05-19 12:45:50,932 - INFO - Ensemble Accuracy: 0.8274698853492737
2022-05-19 12:45:50,938 - INFO - Computing OOD Statistics...
2022-05-19 12:45:50,953 - INFO - Ensemble MSP AUROC: 0.9193805811481217
2022-05-19 12:45:50,953 - INFO - Ensemble MSP TNR: 0.6058823529411765
2022-05-19 12:45:50,953 - INFO - Ensemble MSP AUOUT: 0.7086975427865684
2022-05-19 12:45:50,953 - INFO - Ensemble ODIN AUROC: 0.9407671155209072
2022-05-19 12:45:50,953 - INFO - Ensemble ODIN TNR: 0.7329411764705882
2022-05-19 12:45:50,953 - INFO - Ensemble ODIN AUOUT: 0.7367665626579066
2022-05-19 12:45:50,953 - INFO - --------------------------------------------------
2022-05-19 12:45:50,953 - INFO - Ensemble: iNaturalist
2022-05-19 12:45:50,953 - INFO - --------------------------------------------------
2022-05-19 12:45:50,960 - INFO - Computing OOD Statistics...
2022-05-19 12:45:51,001 - INFO - Ensemble MSP AUROC: 0.9337833012048193
2022-05-19 12:45:51,001 - INFO - Ensemble MSP TNR: 0.6441
2022-05-19 12:45:51,001 - INFO - Ensemble MSP AUOUT: 0.9666908645986095
2022-05-19 12:45:51,001 - INFO - Ensemble ODIN AUROC: 0.9620413493975903
2022-05-19 12:45:51,001 - INFO - Ensemble ODIN TNR: 0.778
2022-05-19 12:45:51,001 - INFO - Ensemble ODIN AUOUT: 0.980515831119387
2022-05-19 12:45:51,001 - INFO - --------------------------------------------------
2022-05-19 12:45:51,001 - INFO - Ensemble: SUN
2022-05-19 12:45:51,001 - INFO - --------------------------------------------------
2022-05-19 12:45:51,008 - INFO - Computing OOD Statistics...
2022-05-19 12:45:51,049 - INFO - Ensemble MSP AUROC: 0.9515326024096386
2022-05-19 12:45:51,049 - INFO - Ensemble MSP TNR: 0.7241
2022-05-19 12:45:51,049 - INFO - Ensemble MSP AUOUT: 0.9752118305181278
2022-05-19 12:45:51,049 - INFO - Ensemble ODIN AUROC: 0.9786436867469879
2022-05-19 12:45:51,049 - INFO - Ensemble ODIN TNR: 0.8886000000000001
2022-05-19 12:45:51,049 - INFO - Ensemble ODIN AUOUT: 0.9880855642661177
2022-05-19 12:45:51,049 - INFO - --------------------------------------------------
2022-05-19 12:45:51,049 - INFO - Ensemble: Places
2022-05-19 12:45:51,050 - INFO - --------------------------------------------------
2022-05-19 12:45:51,053 - INFO - Computing OOD Statistics...
2022-05-19 12:45:51,097 - INFO - Ensemble MSP AUROC: 0.9386420240963856
2022-05-19 12:45:51,097 - INFO - Ensemble MSP TNR: 0.6638
2022-05-19 12:45:51,097 - INFO - Ensemble MSP AUOUT: 0.9685907813758712
2022-05-19 12:45:51,097 - INFO - Ensemble ODIN AUROC: 0.9677180481927711
2022-05-19 12:45:51,097 - INFO - Ensemble ODIN TNR: 0.8215
2022-05-19 12:45:51,097 - INFO - Ensemble ODIN AUOUT: 0.9828778945411245
2022-05-19 12:45:51,097 - INFO - --------------------------------------------------
2022-05-19 12:45:51,097 - INFO - Ensemble: Textures
2022-05-19 12:45:51,097 - INFO - --------------------------------------------------
2022-05-19 12:45:51,102 - INFO - Computing OOD Statistics...
2022-05-19 12:45:51,126 - INFO - Ensemble MSP AUROC: 0.9107464752627532
2022-05-19 12:45:51,127 - INFO - Ensemble MSP TNR: 0.5898936170212765
2022-05-19 12:45:51,127 - INFO - Ensemble MSP AUOUT: 0.9274124594568212
2022-05-19 12:45:51,127 - INFO - Ensemble ODIN AUROC: 0.9582999230966418
2022-05-19 12:45:51,127 - INFO - Ensemble ODIN TNR: 0.7824468085106383
2022-05-19 12:45:51,127 - INFO - Ensemble ODIN AUOUT: 0.9654409463088274
2022-05-19 12:45:51,127 - INFO - --------------------------------------------------
2022-05-19 12:45:51,127 - INFO - Ensemble: coarseid-coarseood
2022-05-19 12:45:51,127 - INFO - --------------------------------------------------
2022-05-19 12:45:51,128 - INFO - Computing OOD Statistics...
2022-05-19 12:45:51,137 - INFO - Ensemble MSP AUROC: 0.9438011244979919
2022-05-19 12:45:51,137 - INFO - Ensemble MSP TNR: 0.6679999999999999
2022-05-19 12:45:51,137 - INFO - Ensemble MSP AUOUT: 0.734128902251374
2022-05-19 12:45:51,137 - INFO - Ensemble ODIN AUROC: 0.9670608835341366
2022-05-19 12:45:51,137 - INFO - Ensemble ODIN TNR: 0.808
2022-05-19 12:45:51,137 - INFO - Ensemble ODIN AUOUT: 0.7644292070600464
2022-05-19 12:45:51,137 - INFO - --------------------------------------------------
2022-05-19 12:45:51,137 - INFO - Ensemble: coarseid-fineood
2022-05-19 12:45:51,137 - INFO - --------------------------------------------------
2022-05-19 12:45:51,138 - INFO - Computing OOD Statistics...
2022-05-19 12:45:51,148 - INFO - Ensemble MSP AUROC: 0.7362265060240963
2022-05-19 12:45:51,148 - INFO - Ensemble MSP TNR: 0.14
2022-05-19 12:45:51,148 - INFO - Ensemble MSP AUOUT: 0.05231419789354453
2022-05-19 12:45:51,148 - INFO - Ensemble ODIN AUROC: 0.7435614457831325
2022-05-19 12:45:51,148 - INFO - Ensemble ODIN TNR: 0.17000000000000004
2022-05-19 12:45:51,148 - INFO - Ensemble ODIN AUOUT: 0.05368005166726509
