2022-09-26 22:20:53,134 - INFO - ==> Preparing data..
2022-09-26 22:20:53,605 - INFO - # ID Test: 3500
2022-09-26 22:20:53,605 - INFO - # OOD: 1500
2022-09-26 22:20:53,635 - INFO - # iNaturalist: 10000
2022-09-26 22:20:53,663 - INFO - # SUN: 10000
2022-09-26 22:20:53,689 - INFO - # Places: 10000
2022-09-26 22:20:53,739 - INFO - # Textures: 5640
2022-09-26 22:20:53,752 - INFO - # balanced100-coarseood: 750
2022-09-26 22:20:53,757 - INFO - # balanced100-mediumood: 250
2022-09-26 22:20:53,766 - INFO - # balanced100-fineood: 500
2022-09-26 22:20:53,780 - INFO - # balanced100-finemediumood: 750
2022-09-26 22:21:20,696 - INFO - Accuracy Results
2022-09-26 22:21:20,697 - INFO - Mean Synset Accuracy: 0.9026265144348145
2022-09-26 22:21:20,697 - INFO - Top-1 Accuracy: 0.8171428442001343
2022-09-26 22:21:20,697 - INFO - Pred Accuracy: 0.8185714483261108
2022-09-26 22:21:20,697 - INFO - Synset Accuracies:
2022-09-26 22:21:20,698 - INFO - [0.9957143  0.9723077  0.98280704 0.8        0.9533333  0.844
 0.94       0.978      0.966875   0.986      0.824      0.952
 0.82       0.792      0.9866667  1.         0.716      0.96
 0.836      0.764      0.864      0.756      0.97333336 1.        ]
2022-09-26 22:21:20,698 - INFO - Error Depth:
2022-09-26 22:21:20,698 - INFO - 	Num. Errors at Depth 0 = 6.0
2022-09-26 22:21:20,698 - INFO - 	Num. Errors at Depth 1 = 35.0
2022-09-26 22:21:20,698 - INFO - 	Num. Errors at Depth 2 = 163.0
2022-09-26 22:21:20,698 - INFO - 	Num. Errors at Depth 3 = 264.0
2022-09-26 22:21:20,698 - INFO - 	Num. Errors at Depth 4 = 101.0
2022-09-26 22:21:20,698 - INFO - 	Num. Errors at Depth 5 = 71.0
2022-09-26 22:21:20,698 - INFO - 	Num. Errors at Depth -1 = 2860.0
2022-09-26 22:21:20,698 - INFO - OOD Results
2022-09-26 22:21:31,989 - INFO - Computing OOD Statistics...
2022-09-26 22:21:48,590 - INFO - Computing OOD Statistics...
2022-09-26 22:22:11,512 - INFO - Computing OOD Statistics...
2022-09-26 22:22:27,008 - INFO - Computing OOD Statistics...
2022-09-26 22:22:36,689 - INFO - Computing OOD Statistics...
2022-09-26 22:22:40,061 - INFO - Computing OOD Statistics...
2022-09-26 22:22:42,988 - INFO - Computing OOD Statistics...
2022-09-26 22:22:45,998 - INFO - Computing OOD Statistics...
2022-09-26 22:22:49,568 - INFO - Computing OOD Statistics...
2022-09-26 22:22:49,618 - INFO - OOD Dataset: OOD
2022-09-26 22:22:49,618 - INFO - MSP AUROC Synset Performance
2022-09-26 22:22:49,618 - INFO - [-1, -1, -1, -1, -1, -1, -1, -1, -1, -1, -1, -1, -1, -1, -1, -1, -1, -1, -1, -1, -1, -1, -1, -1, -0.0, 0.8174782857142857, 0.8375319999999999, 0.8447449523809524]
2022-09-26 22:22:49,618 - INFO - MSP TNR Synset Performance
2022-09-26 22:22:49,618 - INFO - [-1, -1, -1, -1, -1, -1, -1, -1, -1, -1, -1, -1, -1, -1, -1, -1, -1, -1, -1, -1, -1, -1, -1, -1, 0.0, 0.3726666666666667, 0.4613333333333334, 0.5206666666666666]
2022-09-26 22:22:49,618 - INFO - MSP AUOUT Synset Performance
2022-09-26 22:22:49,618 - INFO - [-1, -1, -1, -1, -1, -1, -1, -1, -1, -1, -1, -1, -1, -1, -1, -1, -1, -1, -1, -1, -1, -1, -1, -1, 0.16775845604771977, 0.6674974772681205, 0.7111992311198885, 0.7462939355464006]
2022-09-26 22:22:49,618 - INFO - ODIN AUROC Synset Performance
2022-09-26 22:22:49,618 - INFO - [-1, -1, -1, -1, -1, -1, -1, -1, -1, -1, -1, -1, -1, -1, -1, -1, -1, -1, -1, -1, -1, -1, -1, -1, -0.0, 0.6241761904761906, 0.2389380952380952, 0.47287885714285716]
2022-09-26 22:22:49,618 - INFO - ODIN TNR Synset Performance
2022-09-26 22:22:49,618 - INFO - [-1, -1, -1, -1, -1, -1, -1, -1, -1, -1, -1, -1, -1, -1, -1, -1, -1, -1, -1, -1, -1, -1, -1, -1, 0.0, 0.21133333333333337, 0.0040000000000000036, 0.05666666666666664]
2022-09-26 22:22:49,618 - INFO - ODIN AUOUT Synset Performance
2022-09-26 22:22:49,619 - INFO - [-1, -1, -1, -1, -1, -1, -1, -1, -1, -1, -1, -1, -1, -1, -1, -1, -1, -1, -1, -1, -1, -1, -1, -1, 0.16775845604771977, 0.45799349291833036, 0.19652645436277572, 0.2953748082129264]
2022-09-26 22:22:49,619 - INFO - MSP Metrics using max activations accumulated across all appropriate synsets:
	AUROC -0.0
	TNR 0.0
	AUOUT 0.16775845604771977
2022-09-26 22:22:49,619 - INFO - ODIN Metrics using max activations accumulated across all appropriate synsets:
	AUROC -0.0
	TNR 0.0
	AUOUT 0.16775845604771977
2022-09-26 22:22:49,619 - INFO - MSP Metrics using max entropy along path:
	AUROC 0.8174782857142857
	TNR 0.3726666666666667
	AUOUT 0.6674974772681205
2022-09-26 22:22:49,619 - INFO - ODIN Metrics using max entropy along path:
	AUROC 0.6241761904761906
	TNR 0.21133333333333337
	AUOUT 0.45799349291833036
2022-09-26 22:22:49,619 - INFO - MSP Metrics using predicted activations:
	AUROC 0.8375319999999999
	TNR 0.4613333333333334
	AUOUT 0.7111992311198885
2022-09-26 22:22:49,619 - INFO - ODIN Metrics using predicted activations:
	AUROC 0.2389380952380952
	TNR 0.0040000000000000036
	AUOUT 0.19652645436277572
2022-09-26 22:22:49,619 - INFO - MSP Metrics using mean entropy along path:
	AUROC 0.8447449523809524
	TNR 0.5206666666666666
	AUOUT 0.7462939355464006
2022-09-26 22:22:49,619 - INFO - ODIN Metrics using mean entropy along path:
	AUROC 0.47287885714285716
	TNR 0.05666666666666664
	AUOUT 0.2953748082129264
2022-09-26 22:22:49,619 - INFO - MSP Metrics using min entropy along path:
	AUROC 0.760896380952381
	TNR 0.5386666666666666
	AUOUT 0.7056196104356873
2022-09-26 22:22:49,619 - INFO - ODIN Metrics using min entropy along path:
	AUROC 0.7590173333333333
	TNR 0.5373333333333333
	AUOUT 0.6830084169289015
2022-09-26 22:22:49,619 - INFO - OOD Path entropy min idx (msp): [0. 1. 2. 3. 4.], [1223   41    8    7  221]
2022-09-26 22:22:49,619 - INFO - OOD Path entropy min idx (odin): [0. 3. 4.], [1272    6  222]
2022-09-26 22:22:49,619 - INFO - OOD Dataset: iNaturalist
2022-09-26 22:22:49,620 - INFO - MSP AUROC Synset Performance
2022-09-26 22:22:49,620 - INFO - [-1, -1, -1, -1, -1, -1, -1, -1, -1, -1, -1, -1, -1, -1, -1, -1, -1, -1, -1, -1, -1, -1, -1, -1, -0.0, 0.9313271428571428, 0.9343975142857144, 0.9350393714285713]
2022-09-26 22:22:49,620 - INFO - MSP TNR Synset Performance
2022-09-26 22:22:49,620 - INFO - [-1, -1, -1, -1, -1, -1, -1, -1, -1, -1, -1, -1, -1, -1, -1, -1, -1, -1, -1, -1, -1, -1, -1, -1, 0.0, 0.6365000000000001, 0.6669, 0.6571]
2022-09-26 22:22:49,620 - INFO - MSP AUOUT Synset Performance
2022-09-26 22:22:49,620 - INFO - [-1, -1, -1, -1, -1, -1, -1, -1, -1, -1, -1, -1, -1, -1, -1, -1, -1, -1, -1, -1, -1, -1, -1, -1, 0.5275256468469287, 0.9703205845098817, 0.9712975212696238, 0.9669643205296399]
2022-09-26 22:22:49,620 - INFO - ODIN AUROC Synset Performance
2022-09-26 22:22:49,620 - INFO - [-1, -1, -1, -1, -1, -1, -1, -1, -1, -1, -1, -1, -1, -1, -1, -1, -1, -1, -1, -1, -1, -1, -1, -1, -0.0, 0.6727375142857144, 0.2521436285714286, 0.5140415714285714]
2022-09-26 22:22:49,620 - INFO - ODIN TNR Synset Performance
2022-09-26 22:22:49,620 - INFO - [-1, -1, -1, -1, -1, -1, -1, -1, -1, -1, -1, -1, -1, -1, -1, -1, -1, -1, -1, -1, -1, -1, -1, -1, 0.0, 0.3438, 9.999999999998899e-05, 0.13739999999999997]
2022-09-26 22:22:49,620 - INFO - ODIN AUOUT Synset Performance
2022-09-26 22:22:49,620 - INFO - [-1, -1, -1, -1, -1, -1, -1, -1, -1, -1, -1, -1, -1, -1, -1, -1, -1, -1, -1, -1, -1, -1, -1, -1, 0.5275256468469287, 0.8553904530006438, 0.5867736071218428, 0.7708954281127212]
2022-09-26 22:22:49,620 - INFO - MSP Metrics using max activations accumulated across all appropriate synsets:
	AUROC -0.0
	TNR 0.0
	AUOUT 0.5275256468469287
2022-09-26 22:22:49,620 - INFO - ODIN Metrics using max activations accumulated across all appropriate synsets:
	AUROC -0.0
	TNR 0.0
	AUOUT 0.5275256468469287
2022-09-26 22:22:49,620 - INFO - MSP Metrics using max entropy along path:
	AUROC 0.9313271428571428
	TNR 0.6365000000000001
	AUOUT 0.9703205845098817
2022-09-26 22:22:49,620 - INFO - ODIN Metrics using max entropy along path:
	AUROC 0.6727375142857144
	TNR 0.3438
	AUOUT 0.8553904530006438
2022-09-26 22:22:49,620 - INFO - MSP Metrics using predicted activations:
	AUROC 0.9343975142857144
	TNR 0.6669
	AUOUT 0.9712975212696238
2022-09-26 22:22:49,620 - INFO - ODIN Metrics using predicted activations:
	AUROC 0.2521436285714286
	TNR 9.999999999998899e-05
	AUOUT 0.5867736071218428
2022-09-26 22:22:49,620 - INFO - MSP Metrics using mean entropy along path:
	AUROC 0.9350393714285713
	TNR 0.6571
	AUOUT 0.9669643205296399
2022-09-26 22:22:49,620 - INFO - ODIN Metrics using mean entropy along path:
	AUROC 0.5140415714285714
	TNR 0.13739999999999997
	AUOUT 0.7708954281127212
2022-09-26 22:22:49,620 - INFO - MSP Metrics using min entropy along path:
	AUROC 0.8805279142857143
	TNR 0.3196
	AUOUT 0.9304285100660779
2022-09-26 22:22:49,620 - INFO - ODIN Metrics using min entropy along path:
	AUROC 0.8783537428571428
	TNR 0.3113
	AUOUT 0.9255199582892283
2022-09-26 22:22:49,621 - INFO - OOD Path entropy min idx (msp): [0. 1. 2. 3. 4.], [9895   41   10   15   39]
2022-09-26 22:22:49,621 - INFO - OOD Path entropy min idx (odin): [0. 3. 4.], [9950   11   39]
2022-09-26 22:22:49,621 - INFO - OOD Dataset: SUN
2022-09-26 22:22:49,621 - INFO - MSP AUROC Synset Performance
2022-09-26 22:22:49,621 - INFO - [-1, -1, -1, -1, -1, -1, -1, -1, -1, -1, -1, -1, -1, -1, -1, -1, -1, -1, -1, -1, -1, -1, -1, -1, -0.0, 0.9223297142857143, 0.9507549428571429, 0.9577622]
2022-09-26 22:22:49,621 - INFO - MSP TNR Synset Performance
2022-09-26 22:22:49,621 - INFO - [-1, -1, -1, -1, -1, -1, -1, -1, -1, -1, -1, -1, -1, -1, -1, -1, -1, -1, -1, -1, -1, -1, -1, -1, 0.0, 0.5483, 0.7565999999999999, 0.7855]
2022-09-26 22:22:49,621 - INFO - MSP AUOUT Synset Performance
2022-09-26 22:22:49,621 - INFO - [-1, -1, -1, -1, -1, -1, -1, -1, -1, -1, -1, -1, -1, -1, -1, -1, -1, -1, -1, -1, -1, -1, -1, -1, 0.5275256468469287, 0.9644732813518773, 0.9790409767846093, 0.9802848587605152]
2022-09-26 22:22:49,621 - INFO - ODIN AUROC Synset Performance
2022-09-26 22:22:49,621 - INFO - [-1, -1, -1, -1, -1, -1, -1, -1, -1, -1, -1, -1, -1, -1, -1, -1, -1, -1, -1, -1, -1, -1, -1, -1, -0.0, 0.7557909714285713, 0.18918837142857142, 0.6361153714285714]
2022-09-26 22:22:49,621 - INFO - ODIN TNR Synset Performance
2022-09-26 22:22:49,621 - INFO - [-1, -1, -1, -1, -1, -1, -1, -1, -1, -1, -1, -1, -1, -1, -1, -1, -1, -1, -1, -1, -1, -1, -1, -1, 0.0, 0.5941000000000001, 0.0, 0.26739999999999997]
2022-09-26 22:22:49,621 - INFO - ODIN AUOUT Synset Performance
2022-09-26 22:22:49,621 - INFO - [-1, -1, -1, -1, -1, -1, -1, -1, -1, -1, -1, -1, -1, -1, -1, -1, -1, -1, -1, -1, -1, -1, -1, -1, 0.5275256468469287, 0.9126006769776639, 0.5713264933891882, 0.8483487842921412]
2022-09-26 22:22:49,621 - INFO - MSP Metrics using max activations accumulated across all appropriate synsets:
	AUROC -0.0
	TNR 0.0
	AUOUT 0.5275256468469287
2022-09-26 22:22:49,621 - INFO - ODIN Metrics using max activations accumulated across all appropriate synsets:
	AUROC -0.0
	TNR 0.0
	AUOUT 0.5275256468469287
2022-09-26 22:22:49,621 - INFO - MSP Metrics using max entropy along path:
	AUROC 0.9223297142857143
	TNR 0.5483
	AUOUT 0.9644732813518773
2022-09-26 22:22:49,621 - INFO - ODIN Metrics using max entropy along path:
	AUROC 0.7557909714285713
	TNR 0.5941000000000001
	AUOUT 0.9126006769776639
2022-09-26 22:22:49,621 - INFO - MSP Metrics using predicted activations:
	AUROC 0.9507549428571429
	TNR 0.7565999999999999
	AUOUT 0.9790409767846093
2022-09-26 22:22:49,621 - INFO - ODIN Metrics using predicted activations:
	AUROC 0.18918837142857142
	TNR 0.0
	AUOUT 0.5713264933891882
2022-09-26 22:22:49,621 - INFO - MSP Metrics using mean entropy along path:
	AUROC 0.9577622
	TNR 0.7855
	AUOUT 0.9802848587605152
2022-09-26 22:22:49,621 - INFO - ODIN Metrics using mean entropy along path:
	AUROC 0.6361153714285714
	TNR 0.26739999999999997
	AUOUT 0.8483487842921412
2022-09-26 22:22:49,621 - INFO - MSP Metrics using min entropy along path:
	AUROC 0.9415792
	TNR 0.7719
	AUOUT 0.9743580796487085
2022-09-26 22:22:49,622 - INFO - ODIN Metrics using min entropy along path:
	AUROC 0.9394816285714286
	TNR 0.7656000000000001
	AUOUT 0.9675008137933633
2022-09-26 22:22:49,622 - INFO - OOD Path entropy min idx (msp): [0. 1. 2. 3. 4.], [9451  143   81   40  285]
2022-09-26 22:22:49,622 - INFO - OOD Path entropy min idx (odin): [0. 3. 4.], [9703   20  277]
2022-09-26 22:22:49,622 - INFO - OOD Dataset: Places
2022-09-26 22:22:49,622 - INFO - MSP AUROC Synset Performance
2022-09-26 22:22:49,622 - INFO - [-1, -1, -1, -1, -1, -1, -1, -1, -1, -1, -1, -1, -1, -1, -1, -1, -1, -1, -1, -1, -1, -1, -1, -1, -0.0, 0.9087522, 0.9379012, 0.9464248]
2022-09-26 22:22:49,622 - INFO - MSP TNR Synset Performance
2022-09-26 22:22:49,622 - INFO - [-1, -1, -1, -1, -1, -1, -1, -1, -1, -1, -1, -1, -1, -1, -1, -1, -1, -1, -1, -1, -1, -1, -1, -1, 0.0, 0.5087999999999999, 0.7078, 0.7404999999999999]
2022-09-26 22:22:49,622 - INFO - MSP AUOUT Synset Performance
2022-09-26 22:22:49,622 - INFO - [-1, -1, -1, -1, -1, -1, -1, -1, -1, -1, -1, -1, -1, -1, -1, -1, -1, -1, -1, -1, -1, -1, -1, -1, 0.5275256468469287, 0.9582603577652887, 0.9738866752437151, 0.9761137399632541]
2022-09-26 22:22:49,623 - INFO - ODIN AUROC Synset Performance
2022-09-26 22:22:49,623 - INFO - [-1, -1, -1, -1, -1, -1, -1, -1, -1, -1, -1, -1, -1, -1, -1, -1, -1, -1, -1, -1, -1, -1, -1, -1, -0.0, 0.7142147999999999, 0.19426754285714287, 0.6011860285714286]
2022-09-26 22:22:49,623 - INFO - ODIN TNR Synset Performance
2022-09-26 22:22:49,623 - INFO - [-1, -1, -1, -1, -1, -1, -1, -1, -1, -1, -1, -1, -1, -1, -1, -1, -1, -1, -1, -1, -1, -1, -1, -1, 0.0, 0.5149, 0.0006000000000000449, 0.24409999999999998]
2022-09-26 22:22:49,623 - INFO - ODIN AUOUT Synset Performance
2022-09-26 22:22:49,623 - INFO - [-1, -1, -1, -1, -1, -1, -1, -1, -1, -1, -1, -1, -1, -1, -1, -1, -1, -1, -1, -1, -1, -1, -1, -1, 0.5275256468469287, 0.8948156905686031, 0.571796530783234, 0.8322315738653729]
2022-09-26 22:22:49,623 - INFO - MSP Metrics using max activations accumulated across all appropriate synsets:
	AUROC -0.0
	TNR 0.0
	AUOUT 0.5275256468469287
2022-09-26 22:22:49,623 - INFO - ODIN Metrics using max activations accumulated across all appropriate synsets:
	AUROC -0.0
	TNR 0.0
	AUOUT 0.5275256468469287
2022-09-26 22:22:49,623 - INFO - MSP Metrics using max entropy along path:
	AUROC 0.9087522
	TNR 0.5087999999999999
	AUOUT 0.9582603577652887
2022-09-26 22:22:49,623 - INFO - ODIN Metrics using max entropy along path:
	AUROC 0.7142147999999999
	TNR 0.5149
	AUOUT 0.8948156905686031
2022-09-26 22:22:49,623 - INFO - MSP Metrics using predicted activations:
	AUROC 0.9379012
	TNR 0.7078
	AUOUT 0.9738866752437151
2022-09-26 22:22:49,623 - INFO - ODIN Metrics using predicted activations:
	AUROC 0.19426754285714287
	TNR 0.0006000000000000449
	AUOUT 0.571796530783234
2022-09-26 22:22:49,623 - INFO - MSP Metrics using mean entropy along path:
	AUROC 0.9464248
	TNR 0.7404999999999999
	AUOUT 0.9761137399632541
2022-09-26 22:22:49,623 - INFO - ODIN Metrics using mean entropy along path:
	AUROC 0.6011860285714286
	TNR 0.24409999999999998
	AUOUT 0.8322315738653729
2022-09-26 22:22:49,623 - INFO - MSP Metrics using min entropy along path:
	AUROC 0.9267545428571428
	TNR 0.7259
	AUOUT 0.9695477754610301
2022-09-26 22:22:49,623 - INFO - ODIN Metrics using min entropy along path:
	AUROC 0.9247156857142856
	TNR 0.7218
	AUOUT 0.9627659772708683
2022-09-26 22:22:49,624 - INFO - OOD Path entropy min idx (msp): [0. 1. 2. 3. 4.], [9330  212   81   59  318]
2022-09-26 22:22:49,624 - INFO - OOD Path entropy min idx (odin): [0. 3. 4.], [9665   26  309]
2022-09-26 22:22:49,624 - INFO - OOD Dataset: Textures
2022-09-26 22:22:49,624 - INFO - MSP AUROC Synset Performance
2022-09-26 22:22:49,624 - INFO - [-1, -1, -1, -1, -1, -1, -1, -1, -1, -1, -1, -1, -1, -1, -1, -1, -1, -1, -1, -1, -1, -1, -1, -1, -0.0, 0.882449493414387, 0.9065741134751774, 0.9261623100303951]
2022-09-26 22:22:49,624 - INFO - MSP TNR Synset Performance
2022-09-26 22:22:49,624 - INFO - [-1, -1, -1, -1, -1, -1, -1, -1, -1, -1, -1, -1, -1, -1, -1, -1, -1, -1, -1, -1, -1, -1, -1, -1, 0.0, 0.49734042553191493, 0.6269503546099291, 0.7014184397163121]
2022-09-26 22:22:49,624 - INFO - MSP AUOUT Synset Performance
2022-09-26 22:22:49,624 - INFO - [-1, -1, -1, -1, -1, -1, -1, -1, -1, -1, -1, -1, -1, -1, -1, -1, -1, -1, -1, -1, -1, -1, -1, -1, 0.4043189752277335, 0.9176153283631068, 0.9384852444174807, 0.9501645276683014]
2022-09-26 22:22:49,624 - INFO - ODIN AUROC Synset Performance
2022-09-26 22:22:49,624 - INFO - [-1, -1, -1, -1, -1, -1, -1, -1, -1, -1, -1, -1, -1, -1, -1, -1, -1, -1, -1, -1, -1, -1, -1, -1, -0.0, 0.6382521783181357, 0.19888313069908814, 0.6142761904761905]
2022-09-26 22:22:49,624 - INFO - ODIN TNR Synset Performance
2022-09-26 22:22:49,624 - INFO - [-1, -1, -1, -1, -1, -1, -1, -1, -1, -1, -1, -1, -1, -1, -1, -1, -1, -1, -1, -1, -1, -1, -1, -1, 0.0, 0.3274822695035461, 0.0015957446808511078, 0.1867021276595745]
2022-09-26 22:22:49,624 - INFO - ODIN AUOUT Synset Performance
2022-09-26 22:22:49,624 - INFO - [-1, -1, -1, -1, -1, -1, -1, -1, -1, -1, -1, -1, -1, -1, -1, -1, -1, -1, -1, -1, -1, -1, -1, -1, 0.4043189752277335, 0.7671415787269928, 0.44960965785017626, 0.7241856790547277]
2022-09-26 22:22:49,624 - INFO - MSP Metrics using max activations accumulated across all appropriate synsets:
	AUROC -0.0
	TNR 0.0
	AUOUT 0.4043189752277335
2022-09-26 22:22:49,624 - INFO - ODIN Metrics using max activations accumulated across all appropriate synsets:
	AUROC -0.0
	TNR 0.0
	AUOUT 0.4043189752277335
2022-09-26 22:22:49,624 - INFO - MSP Metrics using max entropy along path:
	AUROC 0.882449493414387
	TNR 0.49734042553191493
	AUOUT 0.9176153283631068
2022-09-26 22:22:49,624 - INFO - ODIN Metrics using max entropy along path:
	AUROC 0.6382521783181357
	TNR 0.3274822695035461
	AUOUT 0.7671415787269928
2022-09-26 22:22:49,624 - INFO - MSP Metrics using predicted activations:
	AUROC 0.9065741134751774
	TNR 0.6269503546099291
	AUOUT 0.9384852444174807
2022-09-26 22:22:49,624 - INFO - ODIN Metrics using predicted activations:
	AUROC 0.19888313069908814
	TNR 0.0015957446808511078
	AUOUT 0.44960965785017626
2022-09-26 22:22:49,624 - INFO - MSP Metrics using mean entropy along path:
	AUROC 0.9261623100303951
	TNR 0.7014184397163121
	AUOUT 0.9501645276683014
2022-09-26 22:22:49,624 - INFO - ODIN Metrics using mean entropy along path:
	AUROC 0.6142761904761905
	TNR 0.1867021276595745
	AUOUT 0.7241856790547277
2022-09-26 22:22:49,624 - INFO - MSP Metrics using min entropy along path:
	AUROC 0.92408789260385
	TNR 0.7095744680851064
	AUOUT 0.9481417889293268
2022-09-26 22:22:49,624 - INFO - ODIN Metrics using min entropy along path:
	AUROC 0.9225783687943263
	TNR 0.7090425531914893
	AUOUT 0.9380517878915655
2022-09-26 22:22:49,625 - INFO - OOD Path entropy min idx (msp): [0. 1. 2. 3. 4.], [4994  330  116   50  150]
2022-09-26 22:22:49,625 - INFO - OOD Path entropy min idx (odin): [0. 3. 4.], [5475   16  149]
2022-09-26 22:22:49,625 - INFO - OOD Dataset: balanced100-coarseood
2022-09-26 22:22:49,625 - INFO - MSP AUROC Synset Performance
2022-09-26 22:22:49,625 - INFO - [-1, -1, -1, -1, -1, -1, -1, -1, -1, -1, -1, -1, -1, -1, -1, -1, -1, -1, -1, -1, -1, -1, -1, -1, -0.0, 0.9255078095238095, 0.9429356190476191, 0.9671984761904762]
2022-09-26 22:22:49,625 - INFO - MSP TNR Synset Performance
2022-09-26 22:22:49,625 - INFO - [-1, -1, -1, -1, -1, -1, -1, -1, -1, -1, -1, -1, -1, -1, -1, -1, -1, -1, -1, -1, -1, -1, -1, -1, 0.0, 0.5666666666666667, 0.6866666666666666, 0.84]
2022-09-26 22:22:49,625 - INFO - MSP AUOUT Synset Performance
2022-09-26 22:22:49,625 - INFO - [-1, -1, -1, -1, -1, -1, -1, -1, -1, -1, -1, -1, -1, -1, -1, -1, -1, -1, -1, -1, -1, -1, -1, -1, 0.09393858905968093, 0.6862824905261351, 0.752961859889899, 0.8470485792143899]
2022-09-26 22:22:49,625 - INFO - ODIN AUROC Synset Performance
2022-09-26 22:22:49,625 - INFO - [-1, -1, -1, -1, -1, -1, -1, -1, -1, -1, -1, -1, -1, -1, -1, -1, -1, -1, -1, -1, -1, -1, -1, -1, -0.0, 0.493744380952381, 0.14506361904761905, 0.5507481904761904]
2022-09-26 22:22:49,625 - INFO - ODIN TNR Synset Performance
2022-09-26 22:22:49,625 - INFO - [-1, -1, -1, -1, -1, -1, -1, -1, -1, -1, -1, -1, -1, -1, -1, -1, -1, -1, -1, -1, -1, -1, -1, -1, 0.0, 0.09866666666666668, 0.0, 0.029333333333333322]
2022-09-26 22:22:49,625 - INFO - ODIN AUOUT Synset Performance
2022-09-26 22:22:49,625 - INFO - [-1, -1, -1, -1, -1, -1, -1, -1, -1, -1, -1, -1, -1, -1, -1, -1, -1, -1, -1, -1, -1, -1, -1, -1, 0.09393858905968093, 0.2041228274655823, 0.1055072854600921, 0.19973965926691248]
2022-09-26 22:22:49,625 - INFO - MSP Metrics using max activations accumulated across all appropriate synsets:
	AUROC -0.0
	TNR 0.0
	AUOUT 0.09393858905968093
2022-09-26 22:22:49,625 - INFO - ODIN Metrics using max activations accumulated across all appropriate synsets:
	AUROC -0.0
	TNR 0.0
	AUOUT 0.09393858905968093
2022-09-26 22:22:49,625 - INFO - MSP Metrics using max entropy along path:
	AUROC 0.9255078095238095
	TNR 0.5666666666666667
	AUOUT 0.6862824905261351
2022-09-26 22:22:49,626 - INFO - ODIN Metrics using max entropy along path:
	AUROC 0.493744380952381
	TNR 0.09866666666666668
	AUOUT 0.2041228274655823
2022-09-26 22:22:49,626 - INFO - MSP Metrics using predicted activations:
	AUROC 0.9429356190476191
	TNR 0.6866666666666666
	AUOUT 0.752961859889899
2022-09-26 22:22:49,626 - INFO - ODIN Metrics using predicted activations:
	AUROC 0.14506361904761905
	TNR 0.0
	AUOUT 0.1055072854600921
2022-09-26 22:22:49,626 - INFO - MSP Metrics using mean entropy along path:
	AUROC 0.9671984761904762
	TNR 0.84
	AUOUT 0.8470485792143899
2022-09-26 22:22:49,626 - INFO - ODIN Metrics using mean entropy along path:
	AUROC 0.5507481904761904
	TNR 0.029333333333333322
	AUOUT 0.19973965926691248
2022-09-26 22:22:49,626 - INFO - MSP Metrics using min entropy along path:
	AUROC 0.9452986666666666
	TNR 0.9106666666666666
	AUOUT 0.8413966623949434
2022-09-26 22:22:49,626 - INFO - ODIN Metrics using min entropy along path:
	AUROC 0.9430784761904761
	TNR 0.9066666666666666
	AUOUT 0.7984040842395594
2022-09-26 22:22:49,626 - INFO - OOD Path entropy min idx (msp): [0. 1. 2. 3. 4.], [696  17   6   3  28]
2022-09-26 22:22:49,626 - INFO - OOD Path entropy min idx (odin): [0. 3. 4.], [719   3  28]
2022-09-26 22:22:49,626 - INFO - OOD Dataset: balanced100-mediumood
2022-09-26 22:22:49,626 - INFO - MSP AUROC Synset Performance
2022-09-26 22:22:49,626 - INFO - [-1, -1, -1, -1, -1, -1, -1, -1, -1, -1, -1, -1, -1, -1, -1, -1, -1, -1, -1, -1, -1, -1, -1, -1, -0.0, 0.7385028571428571, 0.7428937142857143, 0.7060754285714287]
2022-09-26 22:22:49,626 - INFO - MSP TNR Synset Performance
2022-09-26 22:22:49,626 - INFO - [-1, -1, -1, -1, -1, -1, -1, -1, -1, -1, -1, -1, -1, -1, -1, -1, -1, -1, -1, -1, -1, -1, -1, -1, 0.0, 0.17200000000000004, 0.19199999999999995, 0.10399999999999998]
2022-09-26 22:22:49,626 - INFO - MSP AUOUT Synset Performance
2022-09-26 22:22:49,626 - INFO - [-1, -1, -1, -1, -1, -1, -1, -1, -1, -1, -1, -1, -1, -1, -1, -1, -1, -1, -1, -1, -1, -1, -1, -1, 0.03409978690754759, 0.15962387125673191, 0.1638820943824783, 0.1261458568630884]
2022-09-26 22:22:49,626 - INFO - ODIN AUROC Synset Performance
2022-09-26 22:22:49,626 - INFO - [-1, -1, -1, -1, -1, -1, -1, -1, -1, -1, -1, -1, -1, -1, -1, -1, -1, -1, -1, -1, -1, -1, -1, -1, -0.0, 0.8666925714285714, 0.4088937142857143, 0.4168571428571428]
2022-09-26 22:22:49,626 - INFO - ODIN TNR Synset Performance
2022-09-26 22:22:49,626 - INFO - [-1, -1, -1, -1, -1, -1, -1, -1, -1, -1, -1, -1, -1, -1, -1, -1, -1, -1, -1, -1, -1, -1, -1, -1, 0.0, 0.348, 0.0040000000000000036, 0.06799999999999995]
2022-09-26 22:22:49,627 - INFO - ODIN AUOUT Synset Performance
2022-09-26 22:22:49,627 - INFO - [-1, -1, -1, -1, -1, -1, -1, -1, -1, -1, -1, -1, -1, -1, -1, -1, -1, -1, -1, -1, -1, -1, -1, -1, 0.03409978690754759, 0.265412008727797, 0.05078985214195875, 0.06341318354078404]
2022-09-26 22:22:49,627 - INFO - MSP Metrics using max activations accumulated across all appropriate synsets:
	AUROC -0.0
	TNR 0.0
	AUOUT 0.03409978690754759
2022-09-26 22:22:49,627 - INFO - ODIN Metrics using max activations accumulated across all appropriate synsets:
	AUROC -0.0
	TNR 0.0
	AUOUT 0.03409978690754759
2022-09-26 22:22:49,627 - INFO - MSP Metrics using max entropy along path:
	AUROC 0.7385028571428571
	TNR 0.17200000000000004
	AUOUT 0.15962387125673191
2022-09-26 22:22:49,627 - INFO - ODIN Metrics using max entropy along path:
	AUROC 0.8666925714285714
	TNR 0.348
	AUOUT 0.265412008727797
2022-09-26 22:22:49,627 - INFO - MSP Metrics using predicted activations:
	AUROC 0.7428937142857143
	TNR 0.19199999999999995
	AUOUT 0.1638820943824783
2022-09-26 22:22:49,627 - INFO - ODIN Metrics using predicted activations:
	AUROC 0.4088937142857143
	TNR 0.0040000000000000036
	AUOUT 0.05078985214195875
2022-09-26 22:22:49,627 - INFO - MSP Metrics using mean entropy along path:
	AUROC 0.7060754285714287
	TNR 0.10399999999999998
	AUOUT 0.1261458568630884
2022-09-26 22:22:49,627 - INFO - ODIN Metrics using mean entropy along path:
	AUROC 0.4168571428571428
	TNR 0.06799999999999995
	AUOUT 0.06341318354078404
2022-09-26 22:22:49,627 - INFO - MSP Metrics using min entropy along path:
	AUROC 0.26178857142857137
	TNR 0.028000000000000025
	AUOUT 0.04821623040965983
2022-09-26 22:22:49,627 - INFO - ODIN Metrics using min entropy along path:
	AUROC 0.26117599999999996
	TNR 0.03200000000000003
	AUOUT 0.048154016046630575
2022-09-26 22:22:49,627 - INFO - OOD Path entropy min idx (msp): [0. 1. 4.], [ 84   1 165]
2022-09-26 22:22:49,627 - INFO - OOD Path entropy min idx (odin): [0. 4.], [ 85 165]
2022-09-26 22:22:49,627 - INFO - OOD Dataset: balanced100-fineood
2022-09-26 22:22:49,627 - INFO - MSP AUROC Synset Performance
2022-09-26 22:22:49,627 - INFO - [-1, -1, -1, -1, -1, -1, -1, -1, -1, -1, -1, -1, -1, -1, -1, -1, -1, -1, -1, -1, -1, -1, -1, -1, -0.0, 0.6949211428571429, 0.7267457142857143, 0.7304005714285715]
2022-09-26 22:22:49,627 - INFO - MSP TNR Synset Performance
2022-09-26 22:22:49,627 - INFO - [-1, -1, -1, -1, -1, -1, -1, -1, -1, -1, -1, -1, -1, -1, -1, -1, -1, -1, -1, -1, -1, -1, -1, -1, 0.0, 0.18200000000000005, 0.258, 0.25]
2022-09-26 22:22:49,627 - INFO - MSP AUOUT Synset Performance
2022-09-26 22:22:49,627 - INFO - [-1, -1, -1, -1, -1, -1, -1, -1, -1, -1, -1, -1, -1, -1, -1, -1, -1, -1, -1, -1, -1, -1, -1, -1, 0.06528024046762752, 0.2605462697751013, 0.3007993166597019, 0.30555830744460705]
2022-09-26 22:22:49,627 - INFO - ODIN AUROC Synset Performance
2022-09-26 22:22:49,627 - INFO - [-1, -1, -1, -1, -1, -1, -1, -1, -1, -1, -1, -1, -1, -1, -1, -1, -1, -1, -1, -1, -1, -1, -1, -1, -0.0, 0.6984994285714285, 0.29477085714285717, 0.3840634285714286]
2022-09-26 22:22:49,628 - INFO - ODIN TNR Synset Performance
2022-09-26 22:22:49,628 - INFO - [-1, -1, -1, -1, -1, -1, -1, -1, -1, -1, -1, -1, -1, -1, -1, -1, -1, -1, -1, -1, -1, -1, -1, -1, 0.0, 0.31200000000000006, 0.010000000000000009, 0.09199999999999997]
2022-09-26 22:22:49,628 - INFO - ODIN AUOUT Synset Performance
2022-09-26 22:22:49,628 - INFO - [-1, -1, -1, -1, -1, -1, -1, -1, -1, -1, -1, -1, -1, -1, -1, -1, -1, -1, -1, -1, -1, -1, -1, -1, 0.06528024046762752, 0.3377070917088062, 0.08226587819483169, 0.12147879077419553]
2022-09-26 22:22:49,628 - INFO - MSP Metrics using max activations accumulated across all appropriate synsets:
	AUROC -0.0
	TNR 0.0
	AUOUT 0.06528024046762752
2022-09-26 22:22:49,628 - INFO - ODIN Metrics using max activations accumulated across all appropriate synsets:
	AUROC -0.0
	TNR 0.0
	AUOUT 0.06528024046762752
2022-09-26 22:22:49,628 - INFO - MSP Metrics using max entropy along path:
	AUROC 0.6949211428571429
	TNR 0.18200000000000005
	AUOUT 0.2605462697751013
2022-09-26 22:22:49,628 - INFO - ODIN Metrics using max entropy along path:
	AUROC 0.6984994285714285
	TNR 0.31200000000000006
	AUOUT 0.3377070917088062
2022-09-26 22:22:49,628 - INFO - MSP Metrics using predicted activations:
	AUROC 0.7267457142857143
	TNR 0.258
	AUOUT 0.3007993166597019
2022-09-26 22:22:49,628 - INFO - ODIN Metrics using predicted activations:
	AUROC 0.29477085714285717
	TNR 0.010000000000000009
	AUOUT 0.08226587819483169
2022-09-26 22:22:49,628 - INFO - MSP Metrics using mean entropy along path:
	AUROC 0.7304005714285715
	TNR 0.25
	AUOUT 0.30555830744460705
2022-09-26 22:22:49,628 - INFO - ODIN Metrics using mean entropy along path:
	AUROC 0.3840634285714286
	TNR 0.09199999999999997
	AUOUT 0.12147879077419553
2022-09-26 22:22:49,628 - INFO - MSP Metrics using min entropy along path:
	AUROC 0.7338468571428571
	TNR 0.236
	AUOUT 0.3056046699895331
2022-09-26 22:22:49,628 - INFO - ODIN Metrics using min entropy along path:
	AUROC 0.7318337142857142
	TNR 0.236
	AUOUT 0.2973486414558896
2022-09-26 22:22:49,628 - INFO - OOD Path entropy min idx (msp): [0. 1. 2. 3. 4.], [443  23   2   4  28]
2022-09-26 22:22:49,628 - INFO - OOD Path entropy min idx (odin): [0. 3. 4.], [468   3  29]
2022-09-26 22:22:49,628 - INFO - OOD Dataset: balanced100-finemediumood
2022-09-26 22:22:49,628 - INFO - MSP AUROC Synset Performance
2022-09-26 22:22:49,628 - INFO - [-1, -1, -1, -1, -1, -1, -1, -1, -1, -1, -1, -1, -1, -1, -1, -1, -1, -1, -1, -1, -1, -1, -1, -1, -0.0, 0.709448380952381, 0.732128380952381, 0.7222921904761905]
2022-09-26 22:22:49,628 - INFO - MSP TNR Synset Performance
2022-09-26 22:22:49,628 - INFO - [-1, -1, -1, -1, -1, -1, -1, -1, -1, -1, -1, -1, -1, -1, -1, -1, -1, -1, -1, -1, -1, -1, -1, -1, 0.0, 0.17866666666666664, 0.236, 0.20133333333333336]
2022-09-26 22:22:49,629 - INFO - MSP AUOUT Synset Performance
2022-09-26 22:22:49,629 - INFO - [-1, -1, -1, -1, -1, -1, -1, -1, -1, -1, -1, -1, -1, -1, -1, -1, -1, -1, -1, -1, -1, -1, -1, -1, 0.09393858905968093, 0.34496088636536015, 0.3777781582724867, 0.35884879194846564]
2022-09-26 22:22:49,629 - INFO - ODIN AUROC Synset Performance
2022-09-26 22:22:49,629 - INFO - [-1, -1, -1, -1, -1, -1, -1, -1, -1, -1, -1, -1, -1, -1, -1, -1, -1, -1, -1, -1, -1, -1, -1, -1, -0.0, 0.7545638095238095, 0.3328118095238095, 0.3949946666666667]
2022-09-26 22:22:49,629 - INFO - ODIN TNR Synset Performance
2022-09-26 22:22:49,629 - INFO - [-1, -1, -1, -1, -1, -1, -1, -1, -1, -1, -1, -1, -1, -1, -1, -1, -1, -1, -1, -1, -1, -1, -1, -1, 0.0, 0.32399999999999995, 0.008000000000000007, 0.08399999999999996]
2022-09-26 22:22:49,629 - INFO - ODIN AUOUT Synset Performance
2022-09-26 22:22:49,629 - INFO - [-1, -1, -1, -1, -1, -1, -1, -1, -1, -1, -1, -1, -1, -1, -1, -1, -1, -1, -1, -1, -1, -1, -1, -1, 0.09393858905968093, 0.4505536958339246, 0.12344122594932243, 0.16695238195145318]
2022-09-26 22:22:49,629 - INFO - MSP Metrics using max activations accumulated across all appropriate synsets:
	AUROC -0.0
	TNR 0.0
	AUOUT 0.09393858905968093
2022-09-26 22:22:49,629 - INFO - ODIN Metrics using max activations accumulated across all appropriate synsets:
	AUROC -0.0
	TNR 0.0
	AUOUT 0.09393858905968093
2022-09-26 22:22:49,629 - INFO - MSP Metrics using max entropy along path:
	AUROC 0.709448380952381
	TNR 0.17866666666666664
	AUOUT 0.34496088636536015
2022-09-26 22:22:49,629 - INFO - ODIN Metrics using max entropy along path:
	AUROC 0.7545638095238095
	TNR 0.32399999999999995
	AUOUT 0.4505536958339246
2022-09-26 22:22:49,629 - INFO - MSP Metrics using predicted activations:
	AUROC 0.732128380952381
	TNR 0.236
	AUOUT 0.3777781582724867
2022-09-26 22:22:49,629 - INFO - ODIN Metrics using predicted activations:
	AUROC 0.3328118095238095
	TNR 0.008000000000000007
	AUOUT 0.12344122594932243
2022-09-26 22:22:49,629 - INFO - MSP Metrics using mean entropy along path:
	AUROC 0.7222921904761905
	TNR 0.20133333333333336
	AUOUT 0.35884879194846564
2022-09-26 22:22:49,629 - INFO - ODIN Metrics using mean entropy along path:
	AUROC 0.3949946666666667
	TNR 0.08399999999999996
	AUOUT 0.16695238195145318
2022-09-26 22:22:49,629 - INFO - MSP Metrics using min entropy along path:
	AUROC 0.5764940952380952
	TNR 0.16666666666666663
	AUOUT 0.2907276544414755
2022-09-26 22:22:49,629 - INFO - ODIN Metrics using min entropy along path:
	AUROC 0.5749478095238094
	TNR 0.16800000000000004
	AUOUT 0.285008941203396
2022-09-26 22:22:49,629 - INFO - OOD Path entropy min idx (msp): [0. 1. 2. 3. 4.], [527  24   2   4 193]
2022-09-26 22:22:49,629 - INFO - OOD Path entropy min idx (odin): [0. 3. 4.], [553   3 194]
2022-09-26 22:22:59,138 - INFO - Computing OOD Statistics...
2022-09-26 22:23:13,011 - INFO - Computing OOD Statistics...
2022-09-26 22:23:35,505 - INFO - Computing OOD Statistics...
2022-09-26 22:23:47,198 - INFO - Computing OOD Statistics...
2022-09-26 22:23:55,044 - INFO - Computing OOD Statistics...
2022-09-26 22:23:58,213 - INFO - Computing OOD Statistics...
2022-09-26 22:24:01,217 - INFO - Computing OOD Statistics...
2022-09-26 22:24:04,066 - INFO - Computing OOD Statistics...
2022-09-26 22:24:07,019 - INFO - Computing OOD Statistics...
2022-09-26 22:24:07,035 - INFO - OOD Dataset: OOD
2022-09-26 22:24:07,035 - INFO - MSP AUROC [0.7945695238095238]
2022-09-26 22:24:07,035 - INFO - MSP TNR [0.5526666666666666]
2022-09-26 22:24:07,035 - INFO - MSP AUOUT [0.7329861321810219]
2022-09-26 22:24:07,035 - INFO - ODIN AUROC [0.834195238095238]
2022-09-26 22:24:07,035 - INFO - ODIN TNR [0.5493333333333333]
2022-09-26 22:24:07,035 - INFO - ODIN AUOUT [0.7570629989055094]
2022-09-26 22:24:07,035 - INFO - OOD Dataset: iNaturalist
2022-09-26 22:24:07,035 - INFO - MSP AUROC [0.9205177714285715]
2022-09-26 22:24:07,035 - INFO - MSP TNR [0.4941]
2022-09-26 22:24:07,035 - INFO - MSP AUOUT [0.9539201042435365]
2022-09-26 22:24:07,035 - INFO - ODIN AUROC [0.9303417142857143]
2022-09-26 22:24:07,035 - INFO - ODIN TNR [0.5166999999999999]
2022-09-26 22:24:07,035 - INFO - ODIN AUOUT [0.9575138806993688]
2022-09-26 22:24:07,035 - INFO - OOD Dataset: SUN
2022-09-26 22:24:07,035 - INFO - MSP AUROC [0.9438881428571428]
2022-09-26 22:24:07,035 - INFO - MSP TNR [0.7737]
2022-09-26 22:24:07,035 - INFO - MSP AUOUT [0.9746561958554175]
2022-09-26 22:24:07,035 - INFO - ODIN AUROC [0.956254342857143]
2022-09-26 22:24:07,035 - INFO - ODIN TNR [0.7751]
2022-09-26 22:24:07,035 - INFO - ODIN AUOUT [0.9781625274464755]
2022-09-26 22:24:07,035 - INFO - OOD Dataset: Places
2022-09-26 22:24:07,035 - INFO - MSP AUROC [0.9299937428571429]
2022-09-26 22:24:07,035 - INFO - MSP TNR [0.7438]
2022-09-26 22:24:07,036 - INFO - MSP AUOUT [0.9706619504079573]
2022-09-26 22:24:07,036 - INFO - ODIN AUROC [0.9445472]
2022-09-26 22:24:07,036 - INFO - ODIN TNR [0.746]
2022-09-26 22:24:07,036 - INFO - ODIN AUOUT [0.974765019751302]
2022-09-26 22:24:07,036 - INFO - OOD Dataset: Textures
2022-09-26 22:24:07,036 - INFO - MSP AUROC [0.9265290273556231]
2022-09-26 22:24:07,036 - INFO - MSP TNR [0.7361702127659575]
2022-09-26 22:24:07,036 - INFO - MSP AUOUT [0.9514391829691252]
2022-09-26 22:24:07,036 - INFO - ODIN AUROC [0.942024924012158]
2022-09-26 22:24:07,036 - INFO - ODIN TNR [0.7402482269503546]
2022-09-26 22:24:07,036 - INFO - ODIN AUOUT [0.9579795547064047]
2022-09-26 22:24:07,036 - INFO - OOD Dataset: balanced100-coarseood
2022-09-26 22:24:07,036 - INFO - MSP AUROC [0.9790316190476192]
2022-09-26 22:24:07,036 - INFO - MSP TNR [0.928]
2022-09-26 22:24:07,036 - INFO - MSP AUOUT [0.8933679669006029]
2022-09-26 22:24:07,036 - INFO - ODIN AUROC [0.9821188571428572]
2022-09-26 22:24:07,036 - INFO - ODIN TNR [0.9266666666666666]
2022-09-26 22:24:07,036 - INFO - ODIN AUOUT [0.8966401742392637]
2022-09-26 22:24:07,036 - INFO - OOD Dataset: balanced100-mediumood
2022-09-26 22:24:07,036 - INFO - MSP AUROC [0.5290891428571429]
2022-09-26 22:24:07,036 - INFO - MSP TNR [0.06799999999999995]
2022-09-26 22:24:07,036 - INFO - MSP AUOUT [0.07497494238300335]
2022-09-26 22:24:07,036 - INFO - ODIN AUROC [0.5965817142857143]
2022-09-26 22:24:07,036 - INFO - ODIN TNR [0.06000000000000005]
2022-09-26 22:24:07,036 - INFO - ODIN AUOUT [0.08734189197507716]
2022-09-26 22:24:07,036 - INFO - OOD Dataset: balanced100-fineood
2022-09-26 22:24:07,036 - INFO - MSP AUROC [0.6506165714285714]
2022-09-26 22:24:07,036 - INFO - MSP TNR [0.23199999999999998]
2022-09-26 22:24:07,036 - INFO - MSP AUOUT [0.28426504464595664]
2022-09-26 22:24:07,036 - INFO - ODIN AUROC [0.7311165714285714]
2022-09-26 22:24:07,036 - INFO - ODIN TNR [0.22799999999999998]
2022-09-26 22:24:07,036 - INFO - ODIN AUOUT [0.3171701832602109]
2022-09-26 22:24:07,036 - INFO - OOD Dataset: balanced100-finemediumood
2022-09-26 22:24:07,036 - INFO - MSP AUROC [0.6101074285714285]
2022-09-26 22:24:07,036 - INFO - MSP TNR [0.17733333333333334]
2022-09-26 22:24:07,036 - INFO - MSP AUOUT [0.3021018717831554]
2022-09-26 22:24:07,036 - INFO - ODIN AUROC [0.686271619047619]
2022-09-26 22:24:07,037 - INFO - ODIN TNR [0.17200000000000004]
2022-09-26 22:24:07,037 - INFO - ODIN AUOUT [0.33782029465743946]
