2022-01-20 01:08:59,129 - INFO - ==> Preparing data..
2022-01-20 01:08:59,479 - INFO - # ID Test: 4150
2022-01-20 01:08:59,479 - INFO - # OOD: 850
2022-01-20 01:08:59,515 - INFO - # iNaturalist: 10000
2022-01-20 01:08:59,546 - INFO - # SUN: 10000
2022-01-20 01:08:59,578 - INFO - # Places: 10000
2022-01-20 01:08:59,594 - INFO - # Textures: 5640
2022-01-20 01:09:11,734 - INFO - Accuracy Results
2022-01-20 01:09:11,735 - INFO - Accuracy: 0.8127710819244385
2022-01-20 01:09:11,736 - INFO - Groupwise Accuracy: [0.9809638  0.9925301  0.98626506 0.9930121  0.9848193  0.9951807
 0.98240966 0.98313254 0.9898795  0.9780723  0.99156624 0.9853012
 0.9773494  0.9826506  0.9773494  0.9889157  0.9966265 ]
2022-01-20 01:09:11,736 - INFO - OOD Results
2022-01-20 01:09:22,856 - INFO - Computing OOD Statistics...
2022-01-20 01:09:39,469 - INFO - Computing OOD Statistics...
2022-01-20 01:10:01,278 - INFO - Computing OOD Statistics...
2022-01-20 01:10:15,711 - INFO - Computing OOD Statistics...
2022-01-20 01:10:24,780 - INFO - Computing OOD Statistics...
2022-01-20 01:10:24,795 - INFO - MOS OOD Metrics:
	OOD Dataset: OOD
		AUROC [0.912965556343019]
		TNR [0.5211764705882354]
		AUOUT [0.6152563864568394]
	OOD Dataset: iNaturalist
		AUROC [0.9352775903614456]
		TNR [0.583]
		AUOUT [0.9549655770737655]
	OOD Dataset: SUN
		AUROC [0.954108313253012]
		TNR [0.6876]
		AUOUT [0.9666459403286726]
	OOD Dataset: Places
		AUROC [0.9459497831325301]
		TNR [0.6494]
		AUOUT [0.96336859284579]
	OOD Dataset: Textures
		AUROC [0.9302146885413995]
		TNR [0.6040780141843971]
		AUOUT [0.924492141482512]
