2022-04-11 11:25:28,544 - INFO - ==> Preparing data..
2022-04-11 11:25:29,018 - INFO - # ID Test: 4150
2022-04-11 11:25:29,019 - INFO - # OOD: 850
2022-04-11 11:25:29,049 - INFO - # iNaturalist: 10000
2022-04-11 11:25:29,075 - INFO - # SUN: 10000
2022-04-11 11:25:29,101 - INFO - # Places: 10000
2022-04-11 11:25:29,138 - INFO - # Textures: 5640
2022-04-11 11:25:29,150 - INFO - # coarseid-coarseood: 700
2022-04-11 11:25:29,154 - INFO - # coarseid-fineood: 150
2022-04-11 11:27:09,676 - INFO - Accuracy Results
2022-04-11 11:27:09,705 - INFO - Mean Synset Accuracy: 0.8471638560295105
2022-04-11 11:27:09,705 - INFO - Top-1 Accuracy: 0.6954216957092285
2022-04-11 11:27:09,705 - INFO - Pred Accuracy: 0.7048192620277405
2022-04-11 11:27:09,706 - INFO - Synset Accuracies:
2022-04-11 11:27:09,707 - INFO - [0.97156626 0.91866666 0.935      0.724      0.864      0.78
 0.92       0.932      0.8702326  0.99       0.792      0.916
 0.744      0.744      0.9526316  0.946      0.916      0.696
 0.83       0.744      0.68       0.8        0.68       0.868
 0.965     ]
2022-04-11 11:27:09,707 - INFO - Error Depth:
2022-04-11 11:27:09,707 - INFO - 	Num. Errors at Depth 0 = 50.0
2022-04-11 11:27:09,707 - INFO - 	Num. Errors at Depth 1 = 147.0
2022-04-11 11:27:09,707 - INFO - 	Num. Errors at Depth 2 = 379.0
2022-04-11 11:27:09,707 - INFO - 	Num. Errors at Depth 3 = 401.0
2022-04-11 11:27:09,707 - INFO - 	Num. Errors at Depth 4 = 190.0
2022-04-11 11:27:09,707 - INFO - 	Num. Errors at Depth 5 = 97.0
2022-04-11 11:27:09,707 - INFO - 	Num. Errors at Depth -1 = 2886.0
2022-04-11 11:27:09,707 - INFO - OOD Results
2022-04-11 11:27:23,789 - INFO - Computing OOD Statistics...
2022-04-11 11:27:43,693 - INFO - Computing OOD Statistics...
2022-04-11 11:28:15,305 - INFO - Computing OOD Statistics...
2022-04-11 11:28:33,132 - INFO - Computing OOD Statistics...
2022-04-11 11:28:44,124 - INFO - Computing OOD Statistics...
2022-04-11 11:28:47,572 - INFO - Computing OOD Statistics...
2022-04-11 11:28:50,784 - INFO - Computing OOD Statistics...
2022-04-11 11:28:50,835 - INFO - OOD Dataset: OOD
2022-04-11 11:28:50,835 - INFO - MSP AUROC Synset Performance
2022-04-11 11:28:50,835 - INFO - [-1, -1, -1, -1, -1, -1, -1, -1, -1, -1, -1, -1, -1, -1, -1, -1, -1, -1, -1, -1, -1, -1, -1, -1, -1, -0.0, 0.7976629340892984, 0.8350131821403262, 0.8711518072289157]
2022-04-11 11:28:50,835 - INFO - MSP TNR Synset Performance
2022-04-11 11:28:50,835 - INFO - [-1, -1, -1, -1, -1, -1, -1, -1, -1, -1, -1, -1, -1, -1, -1, -1, -1, -1, -1, -1, -1, -1, -1, -1, -1, 0.0, 0.15647058823529414, 0.28470588235294114, 0.4070588235294118]
2022-04-11 11:28:50,835 - INFO - MSP AUOUT Synset Performance
2022-04-11 11:28:50,835 - INFO - [-1, -1, -1, -1, -1, -1, -1, -1, -1, -1, -1, -1, -1, -1, -1, -1, -1, -1, -1, -1, -1, -1, -1, -1, -1, 0.09027322853919331, 0.3758959004304511, 0.4691376804805741, 0.5644748964236178]
2022-04-11 11:28:50,835 - INFO - ODIN AUROC Synset Performance
2022-04-11 11:28:50,835 - INFO - [-1, -1, -1, -1, -1, -1, -1, -1, -1, -1, -1, -1, -1, -1, -1, -1, -1, -1, -1, -1, -1, -1, -1, -1, -1, -0.0, 0.5946367115520907, 0.5839455705173635, 0.5615586109142452]
2022-04-11 11:28:50,835 - INFO - ODIN TNR Synset Performance
2022-04-11 11:28:50,835 - INFO - [-1, -1, -1, -1, -1, -1, -1, -1, -1, -1, -1, -1, -1, -1, -1, -1, -1, -1, -1, -1, -1, -1, -1, -1, -1, 0.0, 0.10941176470588232, 0.040000000000000036, 0.0929411764705882]
2022-04-11 11:28:50,835 - INFO - ODIN AUOUT Synset Performance
2022-04-11 11:28:50,835 - INFO - [-1, -1, -1, -1, -1, -1, -1, -1, -1, -1, -1, -1, -1, -1, -1, -1, -1, -1, -1, -1, -1, -1, -1, -1, -1, 0.09027322853919331, 0.23421037517311089, 0.1911676849712911, 0.1960075107639293]
2022-04-11 11:28:50,835 - INFO - MSP Metrics using max activations accumulated across all appropriate synsets:
	AUROC -0.0
	TNR 0.0
	AUOUT 0.09027322853919331
2022-04-11 11:28:50,835 - INFO - ODIN Metrics using max activations accumulated across all appropriate synsets:
	AUROC -0.0
	TNR 0.0
	AUOUT 0.09027322853919331
2022-04-11 11:28:50,835 - INFO - MSP Metrics using max entropy along path:
	AUROC 0.7976629340892984
	TNR 0.15647058823529414
	AUOUT 0.3758959004304511
2022-04-11 11:28:50,835 - INFO - ODIN Metrics using max entropy along path:
	AUROC 0.5946367115520907
	TNR 0.10941176470588232
	AUOUT 0.23421037517311089
2022-04-11 11:28:50,836 - INFO - MSP Metrics using predicted activations:
	AUROC 0.8350131821403262
	TNR 0.28470588235294114
	AUOUT 0.4691376804805741
2022-04-11 11:28:50,836 - INFO - ODIN Metrics using predicted activations:
	AUROC 0.5839455705173635
	TNR 0.040000000000000036
	AUOUT 0.1911676849712911
2022-04-11 11:28:50,836 - INFO - MSP Metrics using mean entropy along path:
	AUROC 0.8711518072289157
	TNR 0.4070588235294118
	AUOUT 0.5644748964236178
2022-04-11 11:28:50,836 - INFO - ODIN Metrics using mean entropy along path:
	AUROC 0.5615586109142452
	TNR 0.0929411764705882
	AUOUT 0.1960075107639293
2022-04-11 11:28:50,836 - INFO - MSP Metrics using min entropy along path:
	AUROC 0.8905785967399007
	TNR 0.49882352941176467
	AUOUT 0.6300179253836068
2022-04-11 11:28:50,836 - INFO - ODIN Metrics using min entropy along path:
	AUROC 0.8617391920623672
	TNR 0.2952941176470588
	AUOUT 0.47852168354779806
2022-04-11 11:28:50,836 - INFO - OOD Path entropy min idx (msp): [0. 1. 2. 3. 4. 5.], [377 270 140  51  11   1]
2022-04-11 11:28:50,836 - INFO - OOD Path entropy min idx (odin): [0. 3. 4.], [827  10  13]
2022-04-11 11:28:50,836 - INFO - OOD Dataset: iNaturalist
2022-04-11 11:28:50,836 - INFO - MSP AUROC Synset Performance
2022-04-11 11:28:50,836 - INFO - [-1, -1, -1, -1, -1, -1, -1, -1, -1, -1, -1, -1, -1, -1, -1, -1, -1, -1, -1, -1, -1, -1, -1, -1, -1, -0.0, 0.8500798795180724, 0.8735857349397591, 0.8717470361445783]
2022-04-11 11:28:50,836 - INFO - MSP TNR Synset Performance
2022-04-11 11:28:50,837 - INFO - [-1, -1, -1, -1, -1, -1, -1, -1, -1, -1, -1, -1, -1, -1, -1, -1, -1, -1, -1, -1, -1, -1, -1, -1, -1, 0.0, 0.3065, 0.4052, 0.361]
2022-04-11 11:28:50,837 - INFO - MSP AUOUT Synset Performance
2022-04-11 11:28:50,837 - INFO - [-1, -1, -1, -1, -1, -1, -1, -1, -1, -1, -1, -1, -1, -1, -1, -1, -1, -1, -1, -1, -1, -1, -1, -1, -1, 0.4909583878783369, 0.914492410716937, 0.9322676213594637, 0.9246423469118699]
2022-04-11 11:28:50,837 - INFO - ODIN AUROC Synset Performance
2022-04-11 11:28:50,837 - INFO - [-1, -1, -1, -1, -1, -1, -1, -1, -1, -1, -1, -1, -1, -1, -1, -1, -1, -1, -1, -1, -1, -1, -1, -1, -1, -0.0, 0.683768795180723, 0.6022419759036144, 0.5614001686746988]
2022-04-11 11:28:50,837 - INFO - ODIN TNR Synset Performance
2022-04-11 11:28:50,837 - INFO - [-1, -1, -1, -1, -1, -1, -1, -1, -1, -1, -1, -1, -1, -1, -1, -1, -1, -1, -1, -1, -1, -1, -1, -1, -1, 0.0, 0.29969999999999997, 0.025800000000000045, 0.21819999999999995]
2022-04-11 11:28:50,837 - INFO - ODIN AUOUT Synset Performance
2022-04-11 11:28:50,837 - INFO - [-1, -1, -1, -1, -1, -1, -1, -1, -1, -1, -1, -1, -1, -1, -1, -1, -1, -1, -1, -1, -1, -1, -1, -1, -1, 0.4909583878783369, 0.8481282969687998, 0.7318945437633673, 0.7877780274809159]
2022-04-11 11:28:50,837 - INFO - MSP Metrics using max activations accumulated across all appropriate synsets:
	AUROC -0.0
	TNR 0.0
	AUOUT 0.4909583878783369
2022-04-11 11:28:50,837 - INFO - ODIN Metrics using max activations accumulated across all appropriate synsets:
	AUROC -0.0
	TNR 0.0
	AUOUT 0.4909583878783369
2022-04-11 11:28:50,837 - INFO - MSP Metrics using max entropy along path:
	AUROC 0.8500798795180724
	TNR 0.3065
	AUOUT 0.914492410716937
2022-04-11 11:28:50,837 - INFO - ODIN Metrics using max entropy along path:
	AUROC 0.683768795180723
	TNR 0.29969999999999997
	AUOUT 0.8481282969687998
2022-04-11 11:28:50,837 - INFO - MSP Metrics using predicted activations:
	AUROC 0.8735857349397591
	TNR 0.4052
	AUOUT 0.9322676213594637
2022-04-11 11:28:50,837 - INFO - ODIN Metrics using predicted activations:
	AUROC 0.6022419759036144
	TNR 0.025800000000000045
	AUOUT 0.7318945437633673
2022-04-11 11:28:50,837 - INFO - MSP Metrics using mean entropy along path:
	AUROC 0.8717470361445783
	TNR 0.361
	AUOUT 0.9246423469118699
2022-04-11 11:28:50,837 - INFO - ODIN Metrics using mean entropy along path:
	AUROC 0.5614001686746988
	TNR 0.21819999999999995
	AUOUT 0.7877780274809159
2022-04-11 11:28:50,837 - INFO - MSP Metrics using min entropy along path:
	AUROC 0.7849314698795181
	TNR 0.13759999999999994
	AUOUT 0.8566175796458082
2022-04-11 11:28:50,837 - INFO - ODIN Metrics using min entropy along path:
	AUROC 0.6699158313253012
	TNR 0.05179999999999996
	AUOUT 0.7740922733553921
2022-04-11 11:28:50,838 - INFO - OOD Path entropy min idx (msp): [0. 1. 2. 3. 4. 5.], [7500  695  739  940  121    5]
2022-04-11 11:28:50,838 - INFO - OOD Path entropy min idx (odin): [0. 3. 4.], [9238  675   87]
2022-04-11 11:28:50,838 - INFO - OOD Dataset: SUN
2022-04-11 11:28:50,838 - INFO - MSP AUROC Synset Performance
2022-04-11 11:28:50,838 - INFO - [-1, -1, -1, -1, -1, -1, -1, -1, -1, -1, -1, -1, -1, -1, -1, -1, -1, -1, -1, -1, -1, -1, -1, -1, -1, -0.0, 0.8551293975903616, 0.887232265060241, 0.8901233734939759]
2022-04-11 11:28:50,838 - INFO - MSP TNR Synset Performance
2022-04-11 11:28:50,838 - INFO - [-1, -1, -1, -1, -1, -1, -1, -1, -1, -1, -1, -1, -1, -1, -1, -1, -1, -1, -1, -1, -1, -1, -1, -1, -1, 0.0, 0.29590000000000005, 0.42369999999999997, 0.37239999999999995]
2022-04-11 11:28:50,838 - INFO - MSP AUOUT Synset Performance
2022-04-11 11:28:50,838 - INFO - [-1, -1, -1, -1, -1, -1, -1, -1, -1, -1, -1, -1, -1, -1, -1, -1, -1, -1, -1, -1, -1, -1, -1, -1, -1, 0.4909583878783369, 0.9142389529180863, 0.9383426158469794, 0.9325117561228151]
2022-04-11 11:28:50,838 - INFO - ODIN AUROC Synset Performance
2022-04-11 11:28:50,838 - INFO - [-1, -1, -1, -1, -1, -1, -1, -1, -1, -1, -1, -1, -1, -1, -1, -1, -1, -1, -1, -1, -1, -1, -1, -1, -1, -0.0, 0.8245162409638556, 0.7039196626506025, 0.7326719759036144]
2022-04-11 11:28:50,838 - INFO - ODIN TNR Synset Performance
2022-04-11 11:28:50,838 - INFO - [-1, -1, -1, -1, -1, -1, -1, -1, -1, -1, -1, -1, -1, -1, -1, -1, -1, -1, -1, -1, -1, -1, -1, -1, -1, 0.0, 0.3839, 0.09830000000000005, 0.24819999999999998]
2022-04-11 11:28:50,838 - INFO - ODIN AUOUT Synset Performance
2022-04-11 11:28:50,838 - INFO - [-1, -1, -1, -1, -1, -1, -1, -1, -1, -1, -1, -1, -1, -1, -1, -1, -1, -1, -1, -1, -1, -1, -1, -1, -1, 0.4909583878783369, 0.9123363552400372, 0.8118728387342553, 0.8576424072638003]
2022-04-11 11:28:50,838 - INFO - MSP Metrics using max activations accumulated across all appropriate synsets:
	AUROC -0.0
	TNR 0.0
	AUOUT 0.4909583878783369
2022-04-11 11:28:50,838 - INFO - ODIN Metrics using max activations accumulated across all appropriate synsets:
	AUROC -0.0
	TNR 0.0
	AUOUT 0.4909583878783369
2022-04-11 11:28:50,838 - INFO - MSP Metrics using max entropy along path:
	AUROC 0.8551293975903616
	TNR 0.29590000000000005
	AUOUT 0.9142389529180863
2022-04-11 11:28:50,838 - INFO - ODIN Metrics using max entropy along path:
	AUROC 0.8245162409638556
	TNR 0.3839
	AUOUT 0.9123363552400372
2022-04-11 11:28:50,839 - INFO - MSP Metrics using predicted activations:
	AUROC 0.887232265060241
	TNR 0.42369999999999997
	AUOUT 0.9383426158469794
2022-04-11 11:28:50,839 - INFO - ODIN Metrics using predicted activations:
	AUROC 0.7039196626506025
	TNR 0.09830000000000005
	AUOUT 0.8118728387342553
2022-04-11 11:28:50,839 - INFO - MSP Metrics using mean entropy along path:
	AUROC 0.8901233734939759
	TNR 0.37239999999999995
	AUOUT 0.9325117561228151
2022-04-11 11:28:50,839 - INFO - ODIN Metrics using mean entropy along path:
	AUROC 0.7326719759036144
	TNR 0.24819999999999998
	AUOUT 0.8576424072638003
2022-04-11 11:28:50,839 - INFO - MSP Metrics using min entropy along path:
	AUROC 0.8860866987951808
	TNR 0.33199999999999996
	AUOUT 0.9263723855309086
2022-04-11 11:28:50,839 - INFO - ODIN Metrics using min entropy along path:
	AUROC 0.8289990120481928
	TNR 0.17020000000000002
	AUOUT 0.8741567932671422
2022-04-11 11:28:50,839 - INFO - OOD Path entropy min idx (msp): [0. 1. 2. 3. 4. 5.], [4905 3376  823  617  239   40]
2022-04-11 11:28:50,839 - INFO - OOD Path entropy min idx (odin): [0. 3. 4.], [9623  113  264]
2022-04-11 11:28:50,840 - INFO - OOD Dataset: Places
2022-04-11 11:28:50,840 - INFO - MSP AUROC Synset Performance
2022-04-11 11:28:50,840 - INFO - [-1, -1, -1, -1, -1, -1, -1, -1, -1, -1, -1, -1, -1, -1, -1, -1, -1, -1, -1, -1, -1, -1, -1, -1, -1, -0.0, 0.8377121204819277, 0.8688376385542168, 0.8750858795180723]
2022-04-11 11:28:50,840 - INFO - MSP TNR Synset Performance
2022-04-11 11:28:50,840 - INFO - [-1, -1, -1, -1, -1, -1, -1, -1, -1, -1, -1, -1, -1, -1, -1, -1, -1, -1, -1, -1, -1, -1, -1, -1, -1, 0.0, 0.2649, 0.37429999999999997, 0.33440000000000003]
2022-04-11 11:28:50,840 - INFO - MSP AUOUT Synset Performance
2022-04-11 11:28:50,840 - INFO - [-1, -1, -1, -1, -1, -1, -1, -1, -1, -1, -1, -1, -1, -1, -1, -1, -1, -1, -1, -1, -1, -1, -1, -1, -1, 0.4909583878783369, 0.9032100125620578, 0.9273020501040876, 0.9236307505174888]
2022-04-11 11:28:50,840 - INFO - ODIN AUROC Synset Performance
2022-04-11 11:28:50,840 - INFO - [-1, -1, -1, -1, -1, -1, -1, -1, -1, -1, -1, -1, -1, -1, -1, -1, -1, -1, -1, -1, -1, -1, -1, -1, -1, -0.0, 0.7974512530120482, 0.6908293493975903, 0.7125670361445783]
2022-04-11 11:28:50,840 - INFO - ODIN TNR Synset Performance
2022-04-11 11:28:50,840 - INFO - [-1, -1, -1, -1, -1, -1, -1, -1, -1, -1, -1, -1, -1, -1, -1, -1, -1, -1, -1, -1, -1, -1, -1, -1, -1, 0.0, 0.3477, 0.10509999999999997, 0.23029999999999995]
2022-04-11 11:28:50,840 - INFO - ODIN AUOUT Synset Performance
2022-04-11 11:28:50,840 - INFO - [-1, -1, -1, -1, -1, -1, -1, -1, -1, -1, -1, -1, -1, -1, -1, -1, -1, -1, -1, -1, -1, -1, -1, -1, -1, 0.4909583878783369, 0.8991384663597572, 0.8079611402050719, 0.8482101786340478]
2022-04-11 11:28:50,840 - INFO - MSP Metrics using max activations accumulated across all appropriate synsets:
	AUROC -0.0
	TNR 0.0
	AUOUT 0.4909583878783369
2022-04-11 11:28:50,840 - INFO - ODIN Metrics using max activations accumulated across all appropriate synsets:
	AUROC -0.0
	TNR 0.0
	AUOUT 0.4909583878783369
2022-04-11 11:28:50,840 - INFO - MSP Metrics using max entropy along path:
	AUROC 0.8377121204819277
	TNR 0.2649
	AUOUT 0.9032100125620578
2022-04-11 11:28:50,840 - INFO - ODIN Metrics using max entropy along path:
	AUROC 0.7974512530120482
	TNR 0.3477
	AUOUT 0.8991384663597572
2022-04-11 11:28:50,840 - INFO - MSP Metrics using predicted activations:
	AUROC 0.8688376385542168
	TNR 0.37429999999999997
	AUOUT 0.9273020501040876
2022-04-11 11:28:50,840 - INFO - ODIN Metrics using predicted activations:
	AUROC 0.6908293493975903
	TNR 0.10509999999999997
	AUOUT 0.8079611402050719
2022-04-11 11:28:50,840 - INFO - MSP Metrics using mean entropy along path:
	AUROC 0.8750858795180723
	TNR 0.33440000000000003
	AUOUT 0.9236307505174888
2022-04-11 11:28:50,840 - INFO - ODIN Metrics using mean entropy along path:
	AUROC 0.7125670361445783
	TNR 0.23029999999999995
	AUOUT 0.8482101786340478
2022-04-11 11:28:50,840 - INFO - MSP Metrics using min entropy along path:
	AUROC 0.8709733253012047
	TNR 0.3075
	AUOUT 0.9194222594808581
2022-04-11 11:28:50,840 - INFO - ODIN Metrics using min entropy along path:
	AUROC 0.8134154939759035
	TNR 0.17400000000000004
	AUOUT 0.8684277096717058
2022-04-11 11:28:50,841 - INFO - OOD Path entropy min idx (msp): [0. 1. 2. 3. 4. 5.], [4921 3195  862  788  206   28]
2022-04-11 11:28:50,841 - INFO - OOD Path entropy min idx (odin): [0. 3. 4.], [9608  180  212]
2022-04-11 11:28:50,841 - INFO - OOD Dataset: Textures
2022-04-11 11:28:50,841 - INFO - MSP AUROC Synset Performance
2022-04-11 11:28:50,841 - INFO - [-1, -1, -1, -1, -1, -1, -1, -1, -1, -1, -1, -1, -1, -1, -1, -1, -1, -1, -1, -1, -1, -1, -1, -1, -1, -0.0, 0.7665049987182774, 0.8150900623771682, 0.8309886781167222]
2022-04-11 11:28:50,841 - INFO - MSP TNR Synset Performance
2022-04-11 11:28:50,841 - INFO - [-1, -1, -1, -1, -1, -1, -1, -1, -1, -1, -1, -1, -1, -1, -1, -1, -1, -1, -1, -1, -1, -1, -1, -1, -1, 0.0, 0.15851063829787237, 0.30053191489361697, 0.298581560283688]
2022-04-11 11:28:50,841 - INFO - MSP AUOUT Synset Performance
2022-04-11 11:28:50,841 - INFO - [-1, -1, -1, -1, -1, -1, -1, -1, -1, -1, -1, -1, -1, -1, -1, -1, -1, -1, -1, -1, -1, -1, -1, -1, -1, 0.36848395850775695, 0.7752465575870797, 0.8409605798786328, 0.8463287576527923]
2022-04-11 11:28:50,841 - INFO - ODIN AUROC Synset Performance
2022-04-11 11:28:50,841 - INFO - [-1, -1, -1, -1, -1, -1, -1, -1, -1, -1, -1, -1, -1, -1, -1, -1, -1, -1, -1, -1, -1, -1, -1, -1, -1, -0.0, 0.5747854823549517, 0.4780611381697001, 0.5425813039391609]
2022-04-11 11:28:50,841 - INFO - ODIN TNR Synset Performance
2022-04-11 11:28:50,841 - INFO - [-1, -1, -1, -1, -1, -1, -1, -1, -1, -1, -1, -1, -1, -1, -1, -1, -1, -1, -1, -1, -1, -1, -1, -1, -1, 0.0, 0.1847517730496454, 0.026241134751773032, 0.17500000000000004]
2022-04-11 11:28:50,841 - INFO - ODIN AUOUT Synset Performance
2022-04-11 11:28:50,842 - INFO - [-1, -1, -1, -1, -1, -1, -1, -1, -1, -1, -1, -1, -1, -1, -1, -1, -1, -1, -1, -1, -1, -1, -1, -1, -1, 0.36848395850775695, 0.6814179257179805, 0.5419913843335672, 0.6535541620103205]
2022-04-11 11:28:50,842 - INFO - MSP Metrics using max activations accumulated across all appropriate synsets:
	AUROC -0.0
	TNR 0.0
	AUOUT 0.36848395850775695
2022-04-11 11:28:50,842 - INFO - ODIN Metrics using max activations accumulated across all appropriate synsets:
	AUROC -0.0
	TNR 0.0
	AUOUT 0.36848395850775695
2022-04-11 11:28:50,842 - INFO - MSP Metrics using max entropy along path:
	AUROC 0.7665049987182774
	TNR 0.15851063829787237
	AUOUT 0.7752465575870797
2022-04-11 11:28:50,842 - INFO - ODIN Metrics using max entropy along path:
	AUROC 0.5747854823549517
	TNR 0.1847517730496454
	AUOUT 0.6814179257179805
2022-04-11 11:28:50,842 - INFO - MSP Metrics using predicted activations:
	AUROC 0.8150900623771682
	TNR 0.30053191489361697
	AUOUT 0.8409605798786328
2022-04-11 11:28:50,842 - INFO - ODIN Metrics using predicted activations:
	AUROC 0.4780611381697001
	TNR 0.026241134751773032
	AUOUT 0.5419913843335672
2022-04-11 11:28:50,842 - INFO - MSP Metrics using mean entropy along path:
	AUROC 0.8309886781167222
	TNR 0.298581560283688
	AUOUT 0.8463287576527923
2022-04-11 11:28:50,842 - INFO - ODIN Metrics using mean entropy along path:
	AUROC 0.5425813039391609
	TNR 0.17500000000000004
	AUOUT 0.6535541620103205
2022-04-11 11:28:50,842 - INFO - MSP Metrics using min entropy along path:
	AUROC 0.831383320516107
	TNR 0.33758865248226955
	AUOUT 0.8518908841455359
2022-04-11 11:28:50,842 - INFO - ODIN Metrics using min entropy along path:
	AUROC 0.8222466034350167
	TNR 0.24042553191489358
	AUOUT 0.8091608131168763
2022-04-11 11:28:50,842 - INFO - OOD Path entropy min idx (msp): [0. 1. 2. 3. 4. 5.], [2369 1073 1219  799  159   21]
2022-04-11 11:28:50,842 - INFO - OOD Path entropy min idx (odin): [0. 3. 4.], [5190  294  156]
2022-04-11 11:28:50,842 - INFO - OOD Dataset: coarseid-coarseood
2022-04-11 11:28:50,843 - INFO - MSP AUROC Synset Performance
2022-04-11 11:28:50,843 - INFO - [-1, -1, -1, -1, -1, -1, -1, -1, -1, -1, -1, -1, -1, -1, -1, -1, -1, -1, -1, -1, -1, -1, -1, -1, -1, -0.0, 0.8180192771084337, 0.8598688468158349, 0.901702925989673]
2022-04-11 11:28:50,843 - INFO - MSP TNR Synset Performance
2022-04-11 11:28:50,843 - INFO - [-1, -1, -1, -1, -1, -1, -1, -1, -1, -1, -1, -1, -1, -1, -1, -1, -1, -1, -1, -1, -1, -1, -1, -1, -1, 0.0, 0.18000000000000005, 0.3142857142857143, 0.4585714285714285]
2022-04-11 11:28:50,843 - INFO - MSP AUOUT Synset Performance
2022-04-11 11:28:50,843 - INFO - [-1, -1, -1, -1, -1, -1, -1, -1, -1, -1, -1, -1, -1, -1, -1, -1, -1, -1, -1, -1, -1, -1, -1, -1, -1, 0.07591136598393841, 0.3563558417542808, 0.460477305011828, 0.5701331839293615]
2022-04-11 11:28:50,843 - INFO - ODIN AUROC Synset Performance
2022-04-11 11:28:50,843 - INFO - [-1, -1, -1, -1, -1, -1, -1, -1, -1, -1, -1, -1, -1, -1, -1, -1, -1, -1, -1, -1, -1, -1, -1, -1, -1, -0.0, 0.5812261617900172, 0.5921005163511188, 0.558336660929432]
2022-04-11 11:28:50,843 - INFO - ODIN TNR Synset Performance
2022-04-11 11:28:50,843 - INFO - [-1, -1, -1, -1, -1, -1, -1, -1, -1, -1, -1, -1, -1, -1, -1, -1, -1, -1, -1, -1, -1, -1, -1, -1, -1, 0.0, 0.12142857142857144, 0.040000000000000036, 0.1071428571428571]
2022-04-11 11:28:50,843 - INFO - ODIN AUOUT Synset Performance
2022-04-11 11:28:50,843 - INFO - [-1, -1, -1, -1, -1, -1, -1, -1, -1, -1, -1, -1, -1, -1, -1, -1, -1, -1, -1, -1, -1, -1, -1, -1, -1, 0.07591136598393841, 0.20299716060989287, 0.16545608592866626, 0.17405980221548778]
2022-04-11 11:28:50,843 - INFO - MSP Metrics using max activations accumulated across all appropriate synsets:
	AUROC -0.0
	TNR 0.0
	AUOUT 0.07591136598393841
2022-04-11 11:28:50,843 - INFO - ODIN Metrics using max activations accumulated across all appropriate synsets:
	AUROC -0.0
	TNR 0.0
	AUOUT 0.07591136598393841
2022-04-11 11:28:50,843 - INFO - MSP Metrics using max entropy along path:
	AUROC 0.8180192771084337
	TNR 0.18000000000000005
	AUOUT 0.3563558417542808
2022-04-11 11:28:50,843 - INFO - ODIN Metrics using max entropy along path:
	AUROC 0.5812261617900172
	TNR 0.12142857142857144
	AUOUT 0.20299716060989287
2022-04-11 11:28:50,843 - INFO - MSP Metrics using predicted activations:
	AUROC 0.8598688468158349
	TNR 0.3142857142857143
	AUOUT 0.460477305011828
2022-04-11 11:28:50,843 - INFO - ODIN Metrics using predicted activations:
	AUROC 0.5921005163511188
	TNR 0.040000000000000036
	AUOUT 0.16545608592866626
2022-04-11 11:28:50,843 - INFO - MSP Metrics using mean entropy along path:
	AUROC 0.901702925989673
	TNR 0.4585714285714285
	AUOUT 0.5701331839293615
2022-04-11 11:28:50,843 - INFO - ODIN Metrics using mean entropy along path:
	AUROC 0.558336660929432
	TNR 0.1071428571428571
	AUOUT 0.17405980221548778
2022-04-11 11:28:50,843 - INFO - MSP Metrics using min entropy along path:
	AUROC 0.9254244406196215
	TNR 0.5657142857142857
	AUOUT 0.6470072259918207
2022-04-11 11:28:50,843 - INFO - ODIN Metrics using min entropy along path:
	AUROC 0.9007893287435456
	TNR 0.3371428571428572
	AUOUT 0.4788823701807908
2022-04-11 11:28:50,843 - INFO - OOD Path entropy min idx (msp): [0. 1. 2. 3. 4. 5.], [297 238 112  44   8   1]
2022-04-11 11:28:50,844 - INFO - OOD Path entropy min idx (odin): [0. 3. 4.], [682   7  11]
2022-04-11 11:28:50,844 - INFO - OOD Dataset: coarseid-fineood
2022-04-11 11:28:50,844 - INFO - MSP AUROC Synset Performance
2022-04-11 11:28:50,844 - INFO - [-1, -1, -1, -1, -1, -1, -1, -1, -1, -1, -1, -1, -1, -1, -1, -1, -1, -1, -1, -1, -1, -1, -1, -1, -1, -0.0, 0.7026618473895583, 0.7190168674698796, 0.7285799196787148]
2022-04-11 11:28:50,844 - INFO - MSP TNR Synset Performance
2022-04-11 11:28:50,844 - INFO - [-1, -1, -1, -1, -1, -1, -1, -1, -1, -1, -1, -1, -1, -1, -1, -1, -1, -1, -1, -1, -1, -1, -1, -1, -1, 0.0, 0.046666666666666634, 0.1466666666666666, 0.16666666666666663]
2022-04-11 11:28:50,844 - INFO - MSP AUOUT Synset Performance
2022-04-11 11:28:50,844 - INFO - [-1, -1, -1, -1, -1, -1, -1, -1, -1, -1, -1, -1, -1, -1, -1, -1, -1, -1, -1, -1, -1, -1, -1, -1, -1, 0.01764827684871253, 0.0607094898446277, 0.07069422845736635, 0.0850707556091824]
2022-04-11 11:28:50,844 - INFO - ODIN AUROC Synset Performance
2022-04-11 11:28:50,844 - INFO - [-1, -1, -1, -1, -1, -1, -1, -1, -1, -1, -1, -1, -1, -1, -1, -1, -1, -1, -1, -1, -1, -1, -1, -1, -1, -0.0, 0.6572289156626505, 0.54589718875502, 0.5765590361445783]
2022-04-11 11:28:50,844 - INFO - ODIN TNR Synset Performance
2022-04-11 11:28:50,844 - INFO - [-1, -1, -1, -1, -1, -1, -1, -1, -1, -1, -1, -1, -1, -1, -1, -1, -1, -1, -1, -1, -1, -1, -1, -1, -1, 0.0, 0.053333333333333344, 0.040000000000000036, 0.026666666666666616]
2022-04-11 11:28:50,844 - INFO - ODIN AUOUT Synset Performance
2022-04-11 11:28:50,844 - INFO - [-1, -1, -1, -1, -1, -1, -1, -1, -1, -1, -1, -1, -1, -1, -1, -1, -1, -1, -1, -1, -1, -1, -1, -1, -1, 0.01764827684871253, 0.05250968525213845, 0.037945084159799816, 0.037570214616552564]
2022-04-11 11:28:50,844 - INFO - MSP Metrics using max activations accumulated across all appropriate synsets:
	AUROC -0.0
	TNR 0.0
	AUOUT 0.01764827684871253
2022-04-11 11:28:50,844 - INFO - ODIN Metrics using max activations accumulated across all appropriate synsets:
	AUROC -0.0
	TNR 0.0
	AUOUT 0.01764827684871253
2022-04-11 11:28:50,844 - INFO - MSP Metrics using max entropy along path:
	AUROC 0.7026618473895583
	TNR 0.046666666666666634
	AUOUT 0.0607094898446277
2022-04-11 11:28:50,844 - INFO - ODIN Metrics using max entropy along path:
	AUROC 0.6572289156626505
	TNR 0.053333333333333344
	AUOUT 0.05250968525213845
2022-04-11 11:28:50,844 - INFO - MSP Metrics using predicted activations:
	AUROC 0.7190168674698796
	TNR 0.1466666666666666
	AUOUT 0.07069422845736635
2022-04-11 11:28:50,844 - INFO - ODIN Metrics using predicted activations:
	AUROC 0.54589718875502
	TNR 0.040000000000000036
	AUOUT 0.037945084159799816
2022-04-11 11:28:50,844 - INFO - MSP Metrics using mean entropy along path:
	AUROC 0.7285799196787148
	TNR 0.16666666666666663
	AUOUT 0.0850707556091824
2022-04-11 11:28:50,844 - INFO - ODIN Metrics using mean entropy along path:
	AUROC 0.5765590361445783
	TNR 0.026666666666666616
	AUOUT 0.037570214616552564
2022-04-11 11:28:50,844 - INFO - MSP Metrics using min entropy along path:
	AUROC 0.7279598393574297
	TNR 0.18666666666666665
	AUOUT 0.10022615030693258
2022-04-11 11:28:50,844 - INFO - ODIN Metrics using min entropy along path:
	AUROC 0.6796417670682731
	TNR 0.09999999999999998
	AUOUT 0.061897254295059226
2022-04-11 11:28:50,845 - INFO - OOD Path entropy min idx (msp): [0. 1. 2. 3. 4.], [80 32 28  7  3]
2022-04-11 11:28:50,845 - INFO - OOD Path entropy min idx (odin): [0. 3. 4.], [145   3   2]
2022-04-11 11:29:01,940 - INFO - Computing OOD Statistics...
2022-04-11 11:29:19,734 - INFO - Computing OOD Statistics...
2022-04-11 11:29:50,223 - INFO - Computing OOD Statistics...
2022-04-11 11:30:02,797 - INFO - Computing OOD Statistics...
2022-04-11 11:30:11,284 - INFO - Computing OOD Statistics...
2022-04-11 11:30:14,980 - INFO - Computing OOD Statistics...
2022-04-11 11:30:17,641 - INFO - Computing OOD Statistics...
2022-04-11 11:30:17,656 - INFO - OOD Dataset: OOD
2022-04-11 11:30:17,656 - INFO - MSP AUROC [0.6792955350815024]
2022-04-11 11:30:17,656 - INFO - MSP TNR [0.12470588235294122]
2022-04-11 11:30:17,656 - INFO - MSP AUOUT [0.2768157058499993]
2022-04-11 11:30:17,656 - INFO - ODIN AUROC [0.7587308291991496]
2022-04-11 11:30:17,656 - INFO - ODIN TNR [0.1517647058823529]
2022-04-11 11:30:17,656 - INFO - ODIN AUOUT [0.33844386765964213]
2022-04-11 11:30:17,656 - INFO - OOD Dataset: iNaturalist
2022-04-11 11:30:17,656 - INFO - MSP AUROC [0.7926205783132529]
2022-04-11 11:30:17,656 - INFO - MSP TNR [0.27680000000000005]
2022-04-11 11:30:17,656 - INFO - MSP AUOUT [0.889358360787531]
2022-04-11 11:30:17,656 - INFO - ODIN AUROC [0.8602473975903615]
2022-04-11 11:30:17,656 - INFO - ODIN TNR [0.3871]
2022-04-11 11:30:17,657 - INFO - ODIN AUOUT [0.9257464869285315]
2022-04-11 11:30:17,657 - INFO - OOD Dataset: SUN
2022-04-11 11:30:17,657 - INFO - MSP AUROC [0.7571363373493977]
2022-04-11 11:30:17,657 - INFO - MSP TNR [0.24219999999999997]
2022-04-11 11:30:17,657 - INFO - MSP AUOUT [0.8709949653661574]
2022-04-11 11:30:17,657 - INFO - ODIN AUROC [0.8462007469879518]
2022-04-11 11:30:17,657 - INFO - ODIN TNR [0.36]
2022-04-11 11:30:17,657 - INFO - ODIN AUOUT [0.9184697873332781]
2022-04-11 11:30:17,657 - INFO - OOD Dataset: Places
2022-04-11 11:30:17,657 - INFO - MSP AUROC [0.7377686024096385]
2022-04-11 11:30:17,657 - INFO - MSP TNR [0.21289999999999998]
2022-04-11 11:30:17,657 - INFO - MSP AUOUT [0.8583531775269504]
2022-04-11 11:30:17,657 - INFO - ODIN AUROC [0.8243958313253011]
2022-04-11 11:30:17,657 - INFO - ODIN TNR [0.31010000000000004]
2022-04-11 11:30:17,657 - INFO - ODIN AUOUT [0.9052394763141929]
2022-04-11 11:30:17,657 - INFO - OOD Dataset: Textures
2022-04-11 11:30:17,657 - INFO - MSP AUROC [0.6816451337263949]
2022-04-11 11:30:17,657 - INFO - MSP TNR [0.200531914893617]
2022-04-11 11:30:17,657 - INFO - MSP AUOUT [0.7490423759477661]
2022-04-11 11:30:17,657 - INFO - ODIN AUROC [0.752141886695719]
2022-04-11 11:30:17,657 - INFO - ODIN TNR [0.2831560283687943]
2022-04-11 11:30:17,657 - INFO - ODIN AUOUT [0.8072566195464639]
2022-04-11 11:30:17,657 - INFO - OOD Dataset: coarseid-coarseood
2022-04-11 11:30:17,657 - INFO - MSP AUROC [0.6979080895008606]
2022-04-11 11:30:17,658 - INFO - MSP TNR [0.13428571428571423]
2022-04-11 11:30:17,658 - INFO - MSP AUOUT [0.25593069842974764]
2022-04-11 11:30:17,658 - INFO - ODIN AUROC [0.7804450946643717]
2022-04-11 11:30:17,658 - INFO - ODIN TNR [0.17428571428571427]
2022-04-11 11:30:17,658 - INFO - ODIN AUOUT [0.3227312173731917]
2022-04-11 11:30:17,658 - INFO - OOD Dataset: coarseid-fineood
2022-04-11 11:30:17,658 - INFO - MSP AUROC [0.5924449799196787]
2022-04-11 11:30:17,658 - INFO - MSP TNR [0.07999999999999996]
2022-04-11 11:30:17,658 - INFO - MSP AUOUT [0.04370566602542118]
2022-04-11 11:30:17,658 - INFO - ODIN AUROC [0.6574024096385541]
2022-04-11 11:30:17,658 - INFO - ODIN TNR [0.046666666666666634]
2022-04-11 11:30:17,658 - INFO - ODIN AUOUT [0.0492345145652879]
