2022-01-26 22:50:11,144 - INFO - ==> Preparing data..
2022-01-26 22:50:11,897 - INFO - # ID Test: 4150
2022-01-26 22:50:11,897 - INFO - # OOD: 850
2022-01-26 22:50:11,998 - INFO - # iNaturalist: 10000
2022-01-26 22:50:12,059 - INFO - # SUN: 10000
2022-01-26 22:50:12,113 - INFO - # Places: 10000
2022-01-26 22:50:12,144 - INFO - # Textures: 5640
2022-01-26 22:50:12,149 - INFO - # coarseid-coarseood: 750
2022-01-26 22:50:12,151 - INFO - # coarseid-fineood: 100
2022-01-26 22:50:44,588 - INFO - Accuracy Results
2022-01-26 22:50:44,589 - INFO - Accuracy: 0.824337363243103
2022-01-26 22:50:44,589 - INFO - Groupwise Accuracy: [0.85493976 0.96771085 0.99373496]
2022-01-26 22:50:44,590 - INFO - OOD Results
2022-01-26 22:51:10,859 - INFO - Computing OOD Statistics...
2022-01-26 22:51:54,095 - INFO - Computing OOD Statistics...
2022-01-26 22:53:02,774 - INFO - Computing OOD Statistics...
2022-01-26 22:53:30,585 - INFO - Computing OOD Statistics...
2022-01-26 22:53:50,690 - INFO - Computing OOD Statistics...
2022-01-26 22:53:57,873 - INFO - Computing OOD Statistics...
2022-01-26 22:54:04,054 - INFO - Computing OOD Statistics...
2022-01-26 22:54:04,060 - INFO - MOS OOD Metrics:
	OOD Dataset: OOD
		AUROC [0.9343603118355777]
		TNR [0.7247058823529412]
		AUOUT [0.7231952814030823]
	OOD Dataset: iNaturalist
		AUROC [0.9350884096385542]
		TNR [0.6402]
		AUOUT [0.9587689902691974]
	OOD Dataset: SUN
		AUROC [0.958962578313253]
		TNR [0.7529]
		AUOUT [0.9714903683966977]
	OOD Dataset: Places
		AUROC [0.9487417590361447]
		TNR [0.7176]
		AUOUT [0.9674283481381236]
	OOD Dataset: Textures
		AUROC [0.9536134324532172]
		TNR [0.7593971631205674]
		AUOUT [0.9515263911749763]
	OOD Dataset: coarseid-coarseood
		AUROC [0.9650573493975904]
		TNR [0.7946666666666666]
		AUOUT [0.7511602971769171]
	OOD Dataset: coarseid-fineood
		AUROC [0.7041325301204819]
		TNR [0.19999999999999996]
		AUOUT [0.051243424850234316]
