2022-04-11 15:26:48,213 - INFO - ==> Preparing data..
2022-04-11 15:26:48,540 - INFO - # ID Test: 4150
2022-04-11 15:26:48,540 - INFO - # OOD: 850
2022-04-11 15:26:48,572 - INFO - # iNaturalist: 10000
2022-04-11 15:26:48,600 - INFO - # SUN: 10000
2022-04-11 15:26:48,629 - INFO - # Places: 10000
2022-04-11 15:26:48,646 - INFO - # Textures: 5640
2022-04-11 15:26:48,648 - INFO - # coarseid-coarseood: 750
2022-04-11 15:26:48,649 - INFO - # coarseid-fineood: 100
2022-04-11 15:26:48,649 - INFO - No distribution strategy
2022-04-11 15:26:52,038 - INFO - Model R0 Results
2022-04-11 15:26:59,971 - INFO - Model R0 Accuracy Results
2022-04-11 15:26:59,971 - INFO - Top-1 Accuracy: 0.8166264891624451
2022-04-11 15:26:59,971 - INFO - Top-5 Accuracy: 0.9703614711761475
2022-04-11 15:26:59,971 - INFO - Model R1 Results
2022-04-11 15:27:07,319 - INFO - Model R1 Accuracy Results
2022-04-11 15:27:07,319 - INFO - Top-1 Accuracy: 0.8108433485031128
2022-04-11 15:27:07,319 - INFO - Top-5 Accuracy: 0.9691566228866577
2022-04-11 15:27:07,320 - INFO - Model R2 Results
2022-04-11 15:27:14,605 - INFO - Model R2 Accuracy Results
2022-04-11 15:27:14,605 - INFO - Top-1 Accuracy: 0.8126104474067688
2022-04-11 15:27:14,605 - INFO - Top-5 Accuracy: 0.9697992205619812
2022-04-11 15:27:14,610 - INFO - Ensemble: Model: softmax, M: 3
2022-04-11 15:27:14,610 - INFO - Ensemble Accuracy: 0.8274698853492737
