2022-01-14 21:01:14,238 - INFO - ==> Preparing data..
2022-01-14 21:01:14,538 - INFO - # ID Test: 4150
2022-01-14 21:01:14,538 - INFO - # OOD: 850
2022-01-14 21:01:14,567 - INFO - # iNaturalist: 10000
2022-01-14 21:01:14,594 - INFO - # SUN: 10000
2022-01-14 21:01:14,622 - INFO - # Places: 10000
2022-01-14 21:01:14,637 - INFO - # Textures: 5640
2022-01-14 21:01:25,500 - INFO - Accuracy Results
2022-01-14 21:01:25,500 - INFO - Accuracy: 0.8166264891624451
2022-01-14 21:01:25,501 - INFO - Groupwise Accuracy: [0.98240966 0.9922892  0.9853012  0.9930121  0.98578316 0.9951807
 0.9826506  0.9816868  0.99084336 0.97614455 0.99084336 0.98674697
 0.98       0.9826506  0.97951806 0.9891566  0.9966265 ]
2022-01-14 21:01:25,501 - INFO - OOD Results
2022-01-14 21:01:35,683 - INFO - Computing OOD Statistics...
2022-01-14 21:01:50,846 - INFO - Computing OOD Statistics...
2022-01-14 21:02:11,917 - INFO - Computing OOD Statistics...
2022-01-14 21:02:26,304 - INFO - Computing OOD Statistics...
2022-01-14 21:02:35,243 - INFO - Computing OOD Statistics...
2022-01-14 21:02:35,258 - INFO - MOS OOD Metrics:
	OOD Dataset: OOD
		AUROC [0.919896527285613]
		TNR [0.6105882352941177]
		AUOUT [0.6476787622000277]
	OOD Dataset: iNaturalist
		AUROC [0.9395398554216868]
		TNR [0.6391]
		AUOUT [0.9577643337124466]
	OOD Dataset: SUN
		AUROC [0.9601055903614458]
		TNR [0.7665]
		AUOUT [0.9700940255820714]
	OOD Dataset: Places
		AUROC [0.9503769156626506]
		TNR [0.7119]
		AUOUT [0.9657363587536401]
	OOD Dataset: Textures
		AUROC [0.9383771682474579]
		TNR [0.6652482269503546]
		AUOUT [0.9326892232912716]
