2022-09-28 16:38:27,631 - INFO - ==> Preparing data..
2022-09-28 16:38:28,098 - INFO - # ID Test: 3500
2022-09-28 16:38:28,098 - INFO - # OOD: 1500
2022-09-28 16:38:28,128 - INFO - # iNaturalist: 10000
2022-09-28 16:38:28,154 - INFO - # SUN: 10000
2022-09-28 16:38:28,183 - INFO - # Places: 10000
2022-09-28 16:38:28,230 - INFO - # Textures: 5640
2022-09-28 16:38:28,244 - INFO - # balanced100-coarseood: 750
2022-09-28 16:38:28,250 - INFO - # balanced100-mediumood: 250
2022-09-28 16:38:28,259 - INFO - # balanced100-fineood: 500
2022-09-28 16:38:28,274 - INFO - # balanced100-finemediumood: 750
2022-09-28 16:38:28,274 - INFO - No distribution strategy
2022-09-28 16:38:39,624 - INFO - Model R0 Results
2022-09-28 16:38:55,546 - INFO - Model R0 Accuracy Results
2022-09-28 16:38:55,546 - INFO - Top-1 Accuracy: 0.8091428279876709
2022-09-28 16:38:55,546 - INFO - Top-5 Accuracy: 0.9731428623199463
2022-09-28 16:38:55,546 - INFO - OOD Results
2022-09-28 16:40:26,380 - INFO - Model R1 Results
2022-09-28 16:40:33,318 - INFO - Model R1 Accuracy Results
2022-09-28 16:40:33,319 - INFO - Top-1 Accuracy: 0.8054285645484924
2022-09-28 16:40:33,319 - INFO - Top-5 Accuracy: 0.9742857217788696
2022-09-28 16:40:33,319 - INFO - OOD Results
2022-09-28 16:41:52,491 - INFO - Model R2 Results
2022-09-28 16:41:58,895 - INFO - Model R2 Accuracy Results
2022-09-28 16:41:58,895 - INFO - Top-1 Accuracy: 0.8108571171760559
2022-09-28 16:41:58,895 - INFO - Top-5 Accuracy: 0.9739999771118164
2022-09-28 16:41:58,895 - INFO - OOD Results
2022-09-28 16:43:17,995 - INFO - Ensemble: Model: softmax, M: 3
2022-09-28 16:43:17,995 - INFO - Ensemble Accuracy: 0.821142852306366
2022-09-28 16:43:18,001 - INFO - Computing OOD Statistics...
2022-09-28 16:43:18,018 - INFO - Ensemble MSP AUROC: 0.8371902857142857
2022-09-28 16:43:18,018 - INFO - Ensemble MSP TNR: 0.42533333333333334
2022-09-28 16:43:18,018 - INFO - Ensemble MSP AUOUT: 0.7041659248300707
2022-09-28 16:43:18,018 - INFO - Ensemble ODIN AUROC: 0.8782102857142857
2022-09-28 16:43:18,018 - INFO - Ensemble ODIN TNR: 0.5366666666666666
2022-09-28 16:43:18,018 - INFO - Ensemble ODIN AUOUT: 0.7592647646196266
2022-09-28 16:43:18,018 - INFO - --------------------------------------------------
2022-09-28 16:43:18,018 - INFO - Ensemble: iNaturalist
2022-09-28 16:43:18,018 - INFO - --------------------------------------------------
2022-09-28 16:43:18,022 - INFO - Computing OOD Statistics...
2022-09-28 16:43:18,052 - INFO - Ensemble MSP AUROC: 0.9270699428571427
2022-09-28 16:43:18,052 - INFO - Ensemble MSP TNR: 0.6183000000000001
2022-09-28 16:43:18,052 - INFO - Ensemble MSP AUOUT: 0.9686085742568233
2022-09-28 16:43:18,052 - INFO - Ensemble ODIN AUROC: 0.9645443714285715
2022-09-28 16:43:18,052 - INFO - Ensemble ODIN TNR: 0.79
2022-09-28 16:43:18,052 - INFO - Ensemble ODIN AUOUT: 0.9842357733098075
2022-09-28 16:43:18,052 - INFO - --------------------------------------------------
2022-09-28 16:43:18,052 - INFO - Ensemble: SUN
2022-09-28 16:43:18,052 - INFO - --------------------------------------------------
2022-09-28 16:43:18,055 - INFO - Computing OOD Statistics...
2022-09-28 16:43:18,084 - INFO - Ensemble MSP AUROC: 0.9453395142857142
2022-09-28 16:43:18,084 - INFO - Ensemble MSP TNR: 0.6938
2022-09-28 16:43:18,084 - INFO - Ensemble MSP AUOUT: 0.9763159049035929
2022-09-28 16:43:18,084 - INFO - Ensemble ODIN AUROC: 0.9797948857142857
2022-09-28 16:43:18,084 - INFO - Ensemble ODIN TNR: 0.8988
2022-09-28 16:43:18,084 - INFO - Ensemble ODIN AUOUT: 0.9907060454351276
2022-09-28 16:43:18,084 - INFO - --------------------------------------------------
2022-09-28 16:43:18,084 - INFO - Ensemble: Places
2022-09-28 16:43:18,084 - INFO - --------------------------------------------------
2022-09-28 16:43:18,086 - INFO - Computing OOD Statistics...
2022-09-28 16:43:18,117 - INFO - Ensemble MSP AUROC: 0.9316385142857143
2022-09-28 16:43:18,117 - INFO - Ensemble MSP TNR: 0.6354
2022-09-28 16:43:18,117 - INFO - Ensemble MSP AUOUT: 0.970688082127344
2022-09-28 16:43:18,117 - INFO - Ensemble ODIN AUROC: 0.9692369428571428
2022-09-28 16:43:18,117 - INFO - Ensemble ODIN TNR: 0.8384
2022-09-28 16:43:18,117 - INFO - Ensemble ODIN AUOUT: 0.9866406703338646
2022-09-28 16:43:18,118 - INFO - --------------------------------------------------
2022-09-28 16:43:18,118 - INFO - Ensemble: Textures
2022-09-28 16:43:18,118 - INFO - --------------------------------------------------
2022-09-28 16:43:18,120 - INFO - Computing OOD Statistics...
2022-09-28 16:43:18,141 - INFO - Ensemble MSP AUROC: 0.9098281155015198
2022-09-28 16:43:18,141 - INFO - Ensemble MSP TNR: 0.5907801418439717
2022-09-28 16:43:18,141 - INFO - Ensemble MSP AUOUT: 0.93753593384922
2022-09-28 16:43:18,141 - INFO - Ensemble ODIN AUROC: 0.9644045086119554
2022-09-28 16:43:18,141 - INFO - Ensemble ODIN TNR: 0.8095744680851064
2022-09-28 16:43:18,141 - INFO - Ensemble ODIN AUOUT: 0.9748775618981131
2022-09-28 16:43:18,141 - INFO - --------------------------------------------------
2022-09-28 16:43:18,141 - INFO - Ensemble: balanced100-coarseood
2022-09-28 16:43:18,141 - INFO - --------------------------------------------------
2022-09-28 16:43:18,143 - INFO - Computing OOD Statistics...
2022-09-28 16:43:18,148 - INFO - Ensemble MSP AUROC: 0.9366019047619046
2022-09-28 16:43:18,148 - INFO - Ensemble MSP TNR: 0.6293333333333333
2022-09-28 16:43:18,148 - INFO - Ensemble MSP AUOUT: 0.7406529849297376
2022-09-28 16:43:18,148 - INFO - Ensemble ODIN AUROC: 0.9678445714285715
2022-09-28 16:43:18,148 - INFO - Ensemble ODIN TNR: 0.8133333333333334
2022-09-28 16:43:18,148 - INFO - Ensemble ODIN AUOUT: 0.8072114944568316
2022-09-28 16:43:18,148 - INFO - --------------------------------------------------
2022-09-28 16:43:18,148 - INFO - Ensemble: balanced100-mediumood
2022-09-28 16:43:18,148 - INFO - --------------------------------------------------
2022-09-28 16:43:18,150 - INFO - Computing OOD Statistics...
2022-09-28 16:43:18,158 - INFO - Ensemble MSP AUROC: 0.7351005714285714
2022-09-28 16:43:18,158 - INFO - Ensemble MSP TNR: 0.20799999999999996
2022-09-28 16:43:18,158 - INFO - Ensemble MSP AUOUT: 0.16295822578475844
2022-09-28 16:43:18,158 - INFO - Ensemble ODIN AUROC: 0.7584205714285714
2022-09-28 16:43:18,159 - INFO - Ensemble ODIN TNR: 0.24
2022-09-28 16:43:18,159 - INFO - Ensemble ODIN AUOUT: 0.17918852866850732
2022-09-28 16:43:18,159 - INFO - --------------------------------------------------
2022-09-28 16:43:18,159 - INFO - Ensemble: balanced100-fineood
2022-09-28 16:43:18,159 - INFO - --------------------------------------------------
2022-09-28 16:43:18,160 - INFO - Computing OOD Statistics...
2022-09-28 16:43:18,169 - INFO - Ensemble MSP AUROC: 0.7391182857142856
2022-09-28 16:43:18,169 - INFO - Ensemble MSP TNR: 0.22799999999999998
2022-09-28 16:43:18,169 - INFO - Ensemble MSP AUOUT: 0.300215201960316
2022-09-28 16:43:18,169 - INFO - Ensemble ODIN AUROC: 0.8036542857142857
2022-09-28 16:43:18,169 - INFO - Ensemble ODIN TNR: 0.27
2022-09-28 16:43:18,169 - INFO - Ensemble ODIN AUOUT: 0.35722935597500427
2022-09-28 16:43:18,169 - INFO - --------------------------------------------------
2022-09-28 16:43:18,169 - INFO - Ensemble: balanced100-finemediumood
2022-09-28 16:43:18,169 - INFO - --------------------------------------------------
2022-09-28 16:43:18,171 - INFO - Computing OOD Statistics...
2022-09-28 16:43:18,180 - INFO - Ensemble MSP AUROC: 0.7377790476190476
2022-09-28 16:43:18,180 - INFO - Ensemble MSP TNR: 0.22133333333333338
2022-09-28 16:43:18,181 - INFO - Ensemble MSP AUOUT: 0.37556143113372353
2022-09-28 16:43:18,181 - INFO - Ensemble ODIN AUROC: 0.7885763809523809
2022-09-28 16:43:18,181 - INFO - Ensemble ODIN TNR: 0.26
2022-09-28 16:43:18,181 - INFO - Ensemble ODIN AUOUT: 0.42833817586752193
