2022-01-27 00:15:47,837 - INFO - ==> Preparing data..
2022-01-27 00:15:48,688 - INFO - # ID Test: 4150
2022-01-27 00:15:48,688 - INFO - # OOD: 850
2022-01-27 00:15:49,325 - INFO - # iNaturalist: 10000
2022-01-27 00:15:49,938 - INFO - # SUN: 10000
2022-01-27 00:15:50,562 - INFO - # Places: 10000
2022-01-27 00:15:50,753 - INFO - # Textures: 5640
2022-01-27 00:15:50,778 - INFO - # coarseid-coarseood: 750
2022-01-27 00:15:50,782 - INFO - # coarseid-fineood: 100
2022-01-27 00:16:29,649 - INFO - Accuracy Results
2022-01-27 00:16:29,650 - INFO - Mean Synset Accuracy: 0.9014291167259216
2022-01-27 00:16:29,650 - INFO - Top-1 Accuracy: 0.8303614258766174
2022-01-27 00:16:29,650 - INFO - Pred Accuracy: 0.8289156556129456
2022-01-27 00:16:29,650 - INFO - Synset Accuracies:
2022-01-27 00:16:29,659 - INFO - [0.993494   0.97333336 0.98735297 0.788      0.924      0.864
 0.952      0.983      0.96744186 0.994      0.84       0.952
 0.808      0.812      0.98210526 0.962      0.964      0.72
 0.92       0.84       0.78       0.852      0.764      0.948
 0.965     ]
2022-01-27 00:16:29,659 - INFO - Error Depth:
2022-01-27 00:16:29,659 - INFO - 	Num. Errors at Depth 0 = 12.0
2022-01-27 00:16:29,659 - INFO - 	Num. Errors at Depth 1 = 35.0
2022-01-27 00:16:29,659 - INFO - 	Num. Errors at Depth 2 = 174.0
2022-01-27 00:16:29,659 - INFO - 	Num. Errors at Depth 3 = 279.0
2022-01-27 00:16:29,659 - INFO - 	Num. Errors at Depth 4 = 125.0
2022-01-27 00:16:29,659 - INFO - 	Num. Errors at Depth 5 = 79.0
2022-01-27 00:16:29,659 - INFO - 	Num. Errors at Depth -1 = 3446.0
2022-01-27 00:16:29,659 - INFO - OOD Results
2022-01-27 00:16:51,737 - INFO - Computing OOD Statistics...
2022-01-27 00:17:52,317 - INFO - Computing OOD Statistics...
2022-01-27 00:18:52,840 - INFO - Computing OOD Statistics...
2022-01-27 00:19:23,055 - INFO - Computing OOD Statistics...
2022-01-27 00:19:42,182 - INFO - Computing OOD Statistics...
2022-01-27 00:19:47,553 - INFO - Computing OOD Statistics...
2022-01-27 00:19:50,514 - INFO - Computing OOD Statistics...
2022-01-27 00:19:50,555 - INFO - OOD Dataset: OOD
2022-01-27 00:19:50,555 - INFO - MSP AUROC Synset Performance
2022-01-27 00:19:50,555 - INFO - [-1, -1, -1, -1, -1, -1, -1, -1, -1, -1, -1, -1, -1, -1, -1, -1, -1, -1, -1, -1, -1, -1, -1, -1, -1, -0.0, 0.9141610205527995, 0.9217822820694543, 0.9381097094259392]
2022-01-27 00:19:50,555 - INFO - MSP TNR Synset Performance
2022-01-27 00:19:50,555 - INFO - [-1, -1, -1, -1, -1, -1, -1, -1, -1, -1, -1, -1, -1, -1, -1, -1, -1, -1, -1, -1, -1, -1, -1, -1, -1, 0.0, 0.611764705882353, 0.6647058823529413, 0.7517647058823529]
2022-01-27 00:19:50,555 - INFO - MSP AUOUT Synset Performance
2022-01-27 00:19:50,555 - INFO - [-1, -1, -1, -1, -1, -1, -1, -1, -1, -1, -1, -1, -1, -1, -1, -1, -1, -1, -1, -1, -1, -1, -1, -1, -1, 0.09027322853919331, 0.6866998952848844, 0.7250971614285475, 0.8059983987939046]
2022-01-27 00:19:50,555 - INFO - ODIN AUROC Synset Performance
2022-01-27 00:19:50,555 - INFO - [-1, -1, -1, -1, -1, -1, -1, -1, -1, -1, -1, -1, -1, -1, -1, -1, -1, -1, -1, -1, -1, -1, -1, -1, -1, -0.0, 0.5513221828490432, 0.5369074415308293, 0.5181312544294827]
2022-01-27 00:19:50,556 - INFO - ODIN TNR Synset Performance
2022-01-27 00:19:50,556 - INFO - [-1, -1, -1, -1, -1, -1, -1, -1, -1, -1, -1, -1, -1, -1, -1, -1, -1, -1, -1, -1, -1, -1, -1, -1, -1, 0.0, 0.11176470588235299, 0.1588235294117647, 0.03529411764705881]
2022-01-27 00:19:50,556 - INFO - ODIN AUOUT Synset Performance
2022-01-27 00:19:50,556 - INFO - [-1, -1, -1, -1, -1, -1, -1, -1, -1, -1, -1, -1, -1, -1, -1, -1, -1, -1, -1, -1, -1, -1, -1, -1, -1, 0.09027322853919331, 0.2075888547539777, 0.23765691028866098, 0.17499990986343567]
2022-01-27 00:19:50,556 - INFO - MSP Metrics using max activations accumulated across all appropriate synsets:
	AUROC -0.0
	TNR 0.0
	AUOUT 0.09027322853919331
2022-01-27 00:19:50,556 - INFO - ODIN Metrics using max activations accumulated across all appropriate synsets:
	AUROC -0.0
	TNR 0.0
	AUOUT 0.09027322853919331
2022-01-27 00:19:50,556 - INFO - MSP Metrics using max entropy along path:
	AUROC 0.9141610205527995
	TNR 0.611764705882353
	AUOUT 0.6866998952848844
2022-01-27 00:19:50,556 - INFO - ODIN Metrics using max entropy along path:
	AUROC 0.5513221828490432
	TNR 0.11176470588235299
	AUOUT 0.2075888547539777
2022-01-27 00:19:50,556 - INFO - MSP Metrics using predicted activations:
	AUROC 0.9217822820694543
	TNR 0.6647058823529413
	AUOUT 0.7250971614285475
2022-01-27 00:19:50,556 - INFO - ODIN Metrics using predicted activations:
	AUROC 0.5369074415308293
	TNR 0.1588235294117647
	AUOUT 0.23765691028866098
2022-01-27 00:19:50,556 - INFO - MSP Metrics using mean entropy along path:
	AUROC 0.9381097094259392
	TNR 0.7517647058823529
	AUOUT 0.8059983987939046
2022-01-27 00:19:50,556 - INFO - ODIN Metrics using mean entropy along path:
	AUROC 0.5181312544294827
	TNR 0.03529411764705881
	AUOUT 0.17499990986343567
2022-01-27 00:19:50,556 - INFO - MSP Metrics using min entropy along path:
	AUROC 0.9416669029057406
	TNR 0.831764705882353
	AUOUT 0.8216809966975147
2022-01-27 00:19:50,556 - INFO - ODIN Metrics using min entropy along path:
	AUROC 0.9385394755492559
	TNR 0.831764705882353
	AUOUT 0.7660296060149521
2022-01-27 00:19:50,557 - INFO - OOD Path entropy min idx (msp): [0. 1. 2. 3. 4.], [788  28  22   3   9]
2022-01-27 00:19:50,557 - INFO - OOD Path entropy min idx (odin): [0. 4.], [841   9]
2022-01-27 00:19:50,557 - INFO - OOD Dataset: iNaturalist
2022-01-27 00:19:50,558 - INFO - MSP AUROC Synset Performance
2022-01-27 00:19:50,558 - INFO - [-1, -1, -1, -1, -1, -1, -1, -1, -1, -1, -1, -1, -1, -1, -1, -1, -1, -1, -1, -1, -1, -1, -1, -1, -1, -0.0, 0.9407031084337348, 0.9459980481927711, 0.9474275903614456]
2022-01-27 00:19:50,558 - INFO - MSP TNR Synset Performance
2022-01-27 00:19:50,558 - INFO - [-1, -1, -1, -1, -1, -1, -1, -1, -1, -1, -1, -1, -1, -1, -1, -1, -1, -1, -1, -1, -1, -1, -1, -1, -1, 0.0, 0.6808000000000001, 0.7229, 0.683]
2022-01-27 00:19:50,558 - INFO - MSP AUOUT Synset Performance
2022-01-27 00:19:50,558 - INFO - [-1, -1, -1, -1, -1, -1, -1, -1, -1, -1, -1, -1, -1, -1, -1, -1, -1, -1, -1, -1, -1, -1, -1, -1, -1, 0.4909583878783369, 0.9695636943362032, 0.9720347668717813, 0.9678797068937074]
2022-01-27 00:19:50,558 - INFO - ODIN AUROC Synset Performance
2022-01-27 00:19:50,558 - INFO - [-1, -1, -1, -1, -1, -1, -1, -1, -1, -1, -1, -1, -1, -1, -1, -1, -1, -1, -1, -1, -1, -1, -1, -1, -1, -0.0, 0.6788463373493976, 0.6199500481927711, 0.504294843373494]
2022-01-27 00:19:50,558 - INFO - ODIN TNR Synset Performance
2022-01-27 00:19:50,558 - INFO - [-1, -1, -1, -1, -1, -1, -1, -1, -1, -1, -1, -1, -1, -1, -1, -1, -1, -1, -1, -1, -1, -1, -1, -1, -1, 0.0, 0.4072, 0.12629999999999997, 0.17600000000000005]
2022-01-27 00:19:50,558 - INFO - ODIN AUOUT Synset Performance
2022-01-27 00:19:50,558 - INFO - [-1, -1, -1, -1, -1, -1, -1, -1, -1, -1, -1, -1, -1, -1, -1, -1, -1, -1, -1, -1, -1, -1, -1, -1, -1, 0.4909583878783369, 0.8473301110054856, 0.78891784333884, 0.7483217094781474]
2022-01-27 00:19:50,558 - INFO - MSP Metrics using max activations accumulated across all appropriate synsets:
	AUROC -0.0
	TNR 0.0
	AUOUT 0.4909583878783369
2022-01-27 00:19:50,558 - INFO - ODIN Metrics using max activations accumulated across all appropriate synsets:
	AUROC -0.0
	TNR 0.0
	AUOUT 0.4909583878783369
2022-01-27 00:19:50,559 - INFO - MSP Metrics using max entropy along path:
	AUROC 0.9407031084337348
	TNR 0.6808000000000001
	AUOUT 0.9695636943362032
2022-01-27 00:19:50,559 - INFO - ODIN Metrics using max entropy along path:
	AUROC 0.6788463373493976
	TNR 0.4072
	AUOUT 0.8473301110054856
2022-01-27 00:19:50,559 - INFO - MSP Metrics using predicted activations:
	AUROC 0.9459980481927711
	TNR 0.7229
	AUOUT 0.9720347668717813
2022-01-27 00:19:50,559 - INFO - ODIN Metrics using predicted activations:
	AUROC 0.6199500481927711
	TNR 0.12629999999999997
	AUOUT 0.78891784333884
2022-01-27 00:19:50,559 - INFO - MSP Metrics using mean entropy along path:
	AUROC 0.9474275903614456
	TNR 0.683
	AUOUT 0.9678797068937074
2022-01-27 00:19:50,559 - INFO - ODIN Metrics using mean entropy along path:
	AUROC 0.504294843373494
	TNR 0.17600000000000005
	AUOUT 0.7483217094781474
2022-01-27 00:19:50,559 - INFO - MSP Metrics using min entropy along path:
	AUROC 0.9127471566265061
	TNR 0.3871
	AUOUT 0.9363748025406149
2022-01-27 00:19:50,559 - INFO - ODIN Metrics using min entropy along path:
	AUROC 0.9075491807228916
	TNR 0.3611
	AUOUT 0.9277617564464677
2022-01-27 00:19:50,560 - INFO - OOD Path entropy min idx (msp): [0. 1. 2. 3. 4.], [9879   83   20   14    4]
2022-01-27 00:19:50,560 - INFO - OOD Path entropy min idx (odin): [0. 3. 4.], [9983   11    6]
2022-01-27 00:19:50,560 - INFO - OOD Dataset: SUN
2022-01-27 00:19:50,560 - INFO - MSP AUROC Synset Performance
2022-01-27 00:19:50,560 - INFO - [-1, -1, -1, -1, -1, -1, -1, -1, -1, -1, -1, -1, -1, -1, -1, -1, -1, -1, -1, -1, -1, -1, -1, -1, -1, -0.0, 0.939984, 0.9565632289156626, 0.9619281204819278]
2022-01-27 00:19:50,560 - INFO - MSP TNR Synset Performance
2022-01-27 00:19:50,560 - INFO - [-1, -1, -1, -1, -1, -1, -1, -1, -1, -1, -1, -1, -1, -1, -1, -1, -1, -1, -1, -1, -1, -1, -1, -1, -1, 0.0, 0.6628000000000001, 0.7797000000000001, 0.7799]
2022-01-27 00:19:50,560 - INFO - MSP AUOUT Synset Performance
2022-01-27 00:19:50,560 - INFO - [-1, -1, -1, -1, -1, -1, -1, -1, -1, -1, -1, -1, -1, -1, -1, -1, -1, -1, -1, -1, -1, -1, -1, -1, -1, 0.4909583878783369, 0.9670810364790584, 0.9777236255874822, 0.9783459050655873]
2022-01-27 00:19:50,560 - INFO - ODIN AUROC Synset Performance
2022-01-27 00:19:50,561 - INFO - [-1, -1, -1, -1, -1, -1, -1, -1, -1, -1, -1, -1, -1, -1, -1, -1, -1, -1, -1, -1, -1, -1, -1, -1, -1, -0.0, 0.8159837590361446, 0.8027957108433734, 0.6997973012048193]
2022-01-27 00:19:50,561 - INFO - ODIN TNR Synset Performance
2022-01-27 00:19:50,561 - INFO - [-1, -1, -1, -1, -1, -1, -1, -1, -1, -1, -1, -1, -1, -1, -1, -1, -1, -1, -1, -1, -1, -1, -1, -1, -1, 0.0, 0.6422, 0.4707, 0.27480000000000004]
2022-01-27 00:19:50,561 - INFO - ODIN AUOUT Synset Performance
2022-01-27 00:19:50,561 - INFO - [-1, -1, -1, -1, -1, -1, -1, -1, -1, -1, -1, -1, -1, -1, -1, -1, -1, -1, -1, -1, -1, -1, -1, -1, -1, 0.4909583878783369, 0.9179007426313549, 0.9091405610254841, 0.8406200458727616]
2022-01-27 00:19:50,561 - INFO - MSP Metrics using max activations accumulated across all appropriate synsets:
	AUROC -0.0
	TNR 0.0
	AUOUT 0.4909583878783369
2022-01-27 00:19:50,561 - INFO - ODIN Metrics using max activations accumulated across all appropriate synsets:
	AUROC -0.0
	TNR 0.0
	AUOUT 0.4909583878783369
2022-01-27 00:19:50,561 - INFO - MSP Metrics using max entropy along path:
	AUROC 0.939984
	TNR 0.6628000000000001
	AUOUT 0.9670810364790584
2022-01-27 00:19:50,561 - INFO - ODIN Metrics using max entropy along path:
	AUROC 0.8159837590361446
	TNR 0.6422
	AUOUT 0.9179007426313549
2022-01-27 00:19:50,561 - INFO - MSP Metrics using predicted activations:
	AUROC 0.9565632289156626
	TNR 0.7797000000000001
	AUOUT 0.9777236255874822
2022-01-27 00:19:50,561 - INFO - ODIN Metrics using predicted activations:
	AUROC 0.8027957108433734
	TNR 0.4707
	AUOUT 0.9091405610254841
2022-01-27 00:19:50,561 - INFO - MSP Metrics using mean entropy along path:
	AUROC 0.9619281204819278
	TNR 0.7799
	AUOUT 0.9783459050655873
2022-01-27 00:19:50,561 - INFO - ODIN Metrics using mean entropy along path:
	AUROC 0.6997973012048193
	TNR 0.27480000000000004
	AUOUT 0.8406200458727616
2022-01-27 00:19:50,561 - INFO - MSP Metrics using min entropy along path:
	AUROC 0.9635666024096385
	TNR 0.7772
	AUOUT 0.9773379964959465
2022-01-27 00:19:50,561 - INFO - ODIN Metrics using min entropy along path:
	AUROC 0.9600036385542169
	TNR 0.7602
	AUOUT 0.9672874496652453
2022-01-27 00:19:50,562 - INFO - OOD Path entropy min idx (msp): [0. 1. 2. 3. 4.], [9336  444  104   33   83]
2022-01-27 00:19:50,562 - INFO - OOD Path entropy min idx (odin): [0. 3. 4.], [9925    4   71]
2022-01-27 00:19:50,562 - INFO - OOD Dataset: Places
2022-01-27 00:19:50,562 - INFO - MSP AUROC Synset Performance
2022-01-27 00:19:50,563 - INFO - [-1, -1, -1, -1, -1, -1, -1, -1, -1, -1, -1, -1, -1, -1, -1, -1, -1, -1, -1, -1, -1, -1, -1, -1, -1, -0.0, 0.9303850361445783, 0.9463527469879518, 0.9546298313253012]
2022-01-27 00:19:50,563 - INFO - MSP TNR Synset Performance
2022-01-27 00:19:50,563 - INFO - [-1, -1, -1, -1, -1, -1, -1, -1, -1, -1, -1, -1, -1, -1, -1, -1, -1, -1, -1, -1, -1, -1, -1, -1, -1, 0.0, 0.6198, 0.7341, 0.7415]
2022-01-27 00:19:50,563 - INFO - MSP AUOUT Synset Performance
2022-01-27 00:19:50,563 - INFO - [-1, -1, -1, -1, -1, -1, -1, -1, -1, -1, -1, -1, -1, -1, -1, -1, -1, -1, -1, -1, -1, -1, -1, -1, -1, 0.4909583878783369, 0.9620295732798291, 0.9725932674830418, 0.9753765951674228]
2022-01-27 00:19:50,563 - INFO - ODIN AUROC Synset Performance
2022-01-27 00:19:50,563 - INFO - [-1, -1, -1, -1, -1, -1, -1, -1, -1, -1, -1, -1, -1, -1, -1, -1, -1, -1, -1, -1, -1, -1, -1, -1, -1, -0.0, 0.7789060722891565, 0.7734575421686747, 0.6777693975903614]
2022-01-27 00:19:50,563 - INFO - ODIN TNR Synset Performance
2022-01-27 00:19:50,563 - INFO - [-1, -1, -1, -1, -1, -1, -1, -1, -1, -1, -1, -1, -1, -1, -1, -1, -1, -1, -1, -1, -1, -1, -1, -1, -1, 0.0, 0.562, 0.4417, 0.27980000000000005]
2022-01-27 00:19:50,563 - INFO - ODIN AUOUT Synset Performance
2022-01-27 00:19:50,563 - INFO - [-1, -1, -1, -1, -1, -1, -1, -1, -1, -1, -1, -1, -1, -1, -1, -1, -1, -1, -1, -1, -1, -1, -1, -1, -1, 0.4909583878783369, 0.9001155411208825, 0.898011071037814, 0.8337472991041712]
2022-01-27 00:19:50,563 - INFO - MSP Metrics using max activations accumulated across all appropriate synsets:
	AUROC -0.0
	TNR 0.0
	AUOUT 0.4909583878783369
2022-01-27 00:19:50,563 - INFO - ODIN Metrics using max activations accumulated across all appropriate synsets:
	AUROC -0.0
	TNR 0.0
	AUOUT 0.4909583878783369
2022-01-27 00:19:50,563 - INFO - MSP Metrics using max entropy along path:
	AUROC 0.9303850361445783
	TNR 0.6198
	AUOUT 0.9620295732798291
2022-01-27 00:19:50,563 - INFO - ODIN Metrics using max entropy along path:
	AUROC 0.7789060722891565
	TNR 0.562
	AUOUT 0.9001155411208825
2022-01-27 00:19:50,564 - INFO - MSP Metrics using predicted activations:
	AUROC 0.9463527469879518
	TNR 0.7341
	AUOUT 0.9725932674830418
2022-01-27 00:19:50,564 - INFO - ODIN Metrics using predicted activations:
	AUROC 0.7734575421686747
	TNR 0.4417
	AUOUT 0.898011071037814
2022-01-27 00:19:50,564 - INFO - MSP Metrics using mean entropy along path:
	AUROC 0.9546298313253012
	TNR 0.7415
	AUOUT 0.9753765951674228
2022-01-27 00:19:50,564 - INFO - ODIN Metrics using mean entropy along path:
	AUROC 0.6777693975903614
	TNR 0.27980000000000005
	AUOUT 0.8337472991041712
2022-01-27 00:19:50,564 - INFO - MSP Metrics using min entropy along path:
	AUROC 0.9528210843373494
	TNR 0.7468
	AUOUT 0.9734618060388057
2022-01-27 00:19:50,564 - INFO - ODIN Metrics using min entropy along path:
	AUROC 0.949210265060241
	TNR 0.7307
	AUOUT 0.9634836584544276
2022-01-27 00:19:50,564 - INFO - OOD Path entropy min idx (msp): [0. 1. 2. 3. 4.], [9236  529  113   59   63]
2022-01-27 00:19:50,565 - INFO - OOD Path entropy min idx (odin): [0. 3. 4.], [9938    9   53]
2022-01-27 00:19:50,565 - INFO - OOD Dataset: Textures
2022-01-27 00:19:50,565 - INFO - MSP AUROC Synset Performance
2022-01-27 00:19:50,565 - INFO - [-1, -1, -1, -1, -1, -1, -1, -1, -1, -1, -1, -1, -1, -1, -1, -1, -1, -1, -1, -1, -1, -1, -1, -1, -1, -0.0, 0.8950149961548322, 0.9132152439545416, 0.9331146714517646]
2022-01-27 00:19:50,565 - INFO - MSP TNR Synset Performance
2022-01-27 00:19:50,565 - INFO - [-1, -1, -1, -1, -1, -1, -1, -1, -1, -1, -1, -1, -1, -1, -1, -1, -1, -1, -1, -1, -1, -1, -1, -1, -1, 0.0, 0.5638297872340425, 0.6468085106382979, 0.7106382978723405]
2022-01-27 00:19:50,565 - INFO - MSP AUOUT Synset Performance
2022-01-27 00:19:50,565 - INFO - [-1, -1, -1, -1, -1, -1, -1, -1, -1, -1, -1, -1, -1, -1, -1, -1, -1, -1, -1, -1, -1, -1, -1, -1, -1, 0.36848395850775695, 0.9165821693517667, 0.9329700946977391, 0.9479743823325684]
2022-01-27 00:19:50,565 - INFO - ODIN AUROC Synset Performance
2022-01-27 00:19:50,565 - INFO - [-1, -1, -1, -1, -1, -1, -1, -1, -1, -1, -1, -1, -1, -1, -1, -1, -1, -1, -1, -1, -1, -1, -1, -1, -1, -0.0, 0.625253482013159, 0.6499774416816201, 0.5789004101512433]
2022-01-27 00:19:50,566 - INFO - ODIN TNR Synset Performance
2022-01-27 00:19:50,566 - INFO - [-1, -1, -1, -1, -1, -1, -1, -1, -1, -1, -1, -1, -1, -1, -1, -1, -1, -1, -1, -1, -1, -1, -1, -1, -1, 0.0, 0.31790780141843966, 0.32978723404255317, 0.25691489361702124]
2022-01-27 00:19:50,566 - INFO - ODIN AUOUT Synset Performance
2022-01-27 00:19:50,566 - INFO - [-1, -1, -1, -1, -1, -1, -1, -1, -1, -1, -1, -1, -1, -1, -1, -1, -1, -1, -1, -1, -1, -1, -1, -1, -1, 0.36848395850775695, 0.7272559709101767, 0.7641070116180367, 0.6900209045785046]
2022-01-27 00:19:50,566 - INFO - MSP Metrics using max activations accumulated across all appropriate synsets:
	AUROC -0.0
	TNR 0.0
	AUOUT 0.36848395850775695
2022-01-27 00:19:50,566 - INFO - ODIN Metrics using max activations accumulated across all appropriate synsets:
	AUROC -0.0
	TNR 0.0
	AUOUT 0.36848395850775695
2022-01-27 00:19:50,566 - INFO - MSP Metrics using max entropy along path:
	AUROC 0.8950149961548322
	TNR 0.5638297872340425
	AUOUT 0.9165821693517667
2022-01-27 00:19:50,566 - INFO - ODIN Metrics using max entropy along path:
	AUROC 0.625253482013159
	TNR 0.31790780141843966
	AUOUT 0.7272559709101767
2022-01-27 00:19:50,566 - INFO - MSP Metrics using predicted activations:
	AUROC 0.9132152439545416
	TNR 0.6468085106382979
	AUOUT 0.9329700946977391
2022-01-27 00:19:50,566 - INFO - ODIN Metrics using predicted activations:
	AUROC 0.6499774416816201
	TNR 0.32978723404255317
	AUOUT 0.7641070116180367
2022-01-27 00:19:50,566 - INFO - MSP Metrics using mean entropy along path:
	AUROC 0.9331146714517646
	TNR 0.7106382978723405
	AUOUT 0.9479743823325684
2022-01-27 00:19:50,566 - INFO - ODIN Metrics using mean entropy along path:
	AUROC 0.5789004101512433
	TNR 0.25691489361702124
	AUOUT 0.6900209045785046
2022-01-27 00:19:50,566 - INFO - MSP Metrics using min entropy along path:
	AUROC 0.9535602836879432
	TNR 0.7583333333333333
	AUOUT 0.957577342768986
2022-01-27 00:19:50,566 - INFO - ODIN Metrics using min entropy along path:
	AUROC 0.9505737844997009
	TNR 0.7464539007092199
	AUOUT 0.9422572943039969
2022-01-27 00:19:50,567 - INFO - OOD Path entropy min idx (msp): [0. 1. 2. 3. 4.], [4977  444  136   57   26]
2022-01-27 00:19:50,567 - INFO - OOD Path entropy min idx (odin): [0. 3. 4.], [5601   18   21]
2022-01-27 00:19:50,567 - INFO - OOD Dataset: coarseid-coarseood
2022-01-27 00:19:50,567 - INFO - MSP AUROC Synset Performance
2022-01-27 00:19:50,567 - INFO - [-1, -1, -1, -1, -1, -1, -1, -1, -1, -1, -1, -1, -1, -1, -1, -1, -1, -1, -1, -1, -1, -1, -1, -1, -1, -0.0, 0.9416269879518073, 0.9500292369477911, 0.9703312449799197]
2022-01-27 00:19:50,567 - INFO - MSP TNR Synset Performance
2022-01-27 00:19:50,568 - INFO - [-1, -1, -1, -1, -1, -1, -1, -1, -1, -1, -1, -1, -1, -1, -1, -1, -1, -1, -1, -1, -1, -1, -1, -1, -1, 0.0, 0.688, 0.7413333333333334, 0.8466666666666667]
2022-01-27 00:19:50,568 - INFO - MSP AUOUT Synset Performance
2022-01-27 00:19:50,568 - INFO - [-1, -1, -1, -1, -1, -1, -1, -1, -1, -1, -1, -1, -1, -1, -1, -1, -1, -1, -1, -1, -1, -1, -1, -1, -1, 0.08076464026187649, 0.7161042205838037, 0.7584385757003457, 0.8530950042562118]
2022-01-27 00:19:50,568 - INFO - ODIN AUROC Synset Performance
2022-01-27 00:19:50,568 - INFO - [-1, -1, -1, -1, -1, -1, -1, -1, -1, -1, -1, -1, -1, -1, -1, -1, -1, -1, -1, -1, -1, -1, -1, -1, -1, -0.0, 0.5178808032128513, 0.5147183935742972, 0.5008562248995985]
2022-01-27 00:19:50,568 - INFO - ODIN TNR Synset Performance
2022-01-27 00:19:50,568 - INFO - [-1, -1, -1, -1, -1, -1, -1, -1, -1, -1, -1, -1, -1, -1, -1, -1, -1, -1, -1, -1, -1, -1, -1, -1, -1, 0.0, 0.10399999999999998, 0.16800000000000004, 0.040000000000000036]
2022-01-27 00:19:50,568 - INFO - ODIN AUOUT Synset Performance
2022-01-27 00:19:50,568 - INFO - [-1, -1, -1, -1, -1, -1, -1, -1, -1, -1, -1, -1, -1, -1, -1, -1, -1, -1, -1, -1, -1, -1, -1, -1, -1, 0.08076464026187649, 0.18107943154750805, 0.2161138436497113, 0.15957843692839704]
2022-01-27 00:19:50,568 - INFO - MSP Metrics using max activations accumulated across all appropriate synsets:
	AUROC -0.0
	TNR 0.0
	AUOUT 0.08076464026187649
2022-01-27 00:19:50,568 - INFO - ODIN Metrics using max activations accumulated across all appropriate synsets:
	AUROC -0.0
	TNR 0.0
	AUOUT 0.08076464026187649
2022-01-27 00:19:50,568 - INFO - MSP Metrics using max entropy along path:
	AUROC 0.9416269879518073
	TNR 0.688
	AUOUT 0.7161042205838037
2022-01-27 00:19:50,568 - INFO - ODIN Metrics using max entropy along path:
	AUROC 0.5178808032128513
	TNR 0.10399999999999998
	AUOUT 0.18107943154750805
2022-01-27 00:19:50,568 - INFO - MSP Metrics using predicted activations:
	AUROC 0.9500292369477911
	TNR 0.7413333333333334
	AUOUT 0.7584385757003457
2022-01-27 00:19:50,568 - INFO - ODIN Metrics using predicted activations:
	AUROC 0.5147183935742972
	TNR 0.16800000000000004
	AUOUT 0.2161138436497113
2022-01-27 00:19:50,569 - INFO - MSP Metrics using mean entropy along path:
	AUROC 0.9703312449799197
	TNR 0.8466666666666667
	AUOUT 0.8530950042562118
2022-01-27 00:19:50,569 - INFO - ODIN Metrics using mean entropy along path:
	AUROC 0.5008562248995985
	TNR 0.040000000000000036
	AUOUT 0.15957843692839704
2022-01-27 00:19:50,569 - INFO - MSP Metrics using min entropy along path:
	AUROC 0.9815492369477911
	TNR 0.9333333333333333
	AUOUT 0.8742889043943005
2022-01-27 00:19:50,569 - INFO - ODIN Metrics using min entropy along path:
	AUROC 0.9785699598393576
	TNR 0.9319999999999999
	AUOUT 0.8114847161291536
2022-01-27 00:19:50,569 - INFO - OOD Path entropy min idx (msp): [0. 1. 2. 4.], [707  25   9   9]
2022-01-27 00:19:50,569 - INFO - OOD Path entropy min idx (odin): [0. 4.], [741   9]
2022-01-27 00:19:50,569 - INFO - OOD Dataset: coarseid-fineood
2022-01-27 00:19:50,570 - INFO - MSP AUROC Synset Performance
2022-01-27 00:19:50,570 - INFO - [-1, -1, -1, -1, -1, -1, -1, -1, -1, -1, -1, -1, -1, -1, -1, -1, -1, -1, -1, -1, -1, -1, -1, -1, -1, -0.0, 0.7081662650602409, 0.7099301204819277, 0.6964481927710843]
2022-01-27 00:19:50,570 - INFO - MSP TNR Synset Performance
2022-01-27 00:19:50,570 - INFO - [-1, -1, -1, -1, -1, -1, -1, -1, -1, -1, -1, -1, -1, -1, -1, -1, -1, -1, -1, -1, -1, -1, -1, -1, -1, 0.0, 0.040000000000000036, 0.08999999999999997, 0.040000000000000036]
2022-01-27 00:19:50,570 - INFO - MSP AUOUT Synset Performance
2022-01-27 00:19:50,570 - INFO - [-1, -1, -1, -1, -1, -1, -1, -1, -1, -1, -1, -1, -1, -1, -1, -1, -1, -1, -1, -1, -1, -1, -1, -1, -1, 0.011858069872289425, 0.03964553996741877, 0.04092259724122691, 0.03768291677811912]
2022-01-27 00:19:50,570 - INFO - ODIN AUROC Synset Performance
2022-01-27 00:19:50,570 - INFO - [-1, -1, -1, -1, -1, -1, -1, -1, -1, -1, -1, -1, -1, -1, -1, -1, -1, -1, -1, -1, -1, -1, -1, -1, -1, -0.0, 0.8021975903614458, 0.703322891566265, 0.6476939759036144]
2022-01-27 00:19:50,570 - INFO - ODIN TNR Synset Performance
2022-01-27 00:19:50,570 - INFO - [-1, -1, -1, -1, -1, -1, -1, -1, -1, -1, -1, -1, -1, -1, -1, -1, -1, -1, -1, -1, -1, -1, -1, -1, -1, 0.0, 0.17000000000000004, 0.08999999999999997, 0.0]
2022-01-27 00:19:50,570 - INFO - ODIN AUOUT Synset Performance
2022-01-27 00:19:50,570 - INFO - [-1, -1, -1, -1, -1, -1, -1, -1, -1, -1, -1, -1, -1, -1, -1, -1, -1, -1, -1, -1, -1, -1, -1, -1, -1, 0.011858069872289425, 0.05998663504141408, 0.040849257476788296, 0.03159985949056787]
2022-01-27 00:19:50,570 - INFO - MSP Metrics using max activations accumulated across all appropriate synsets:
	AUROC -0.0
	TNR 0.0
	AUOUT 0.011858069872289425
2022-01-27 00:19:50,570 - INFO - ODIN Metrics using max activations accumulated across all appropriate synsets:
	AUROC -0.0
	TNR 0.0
	AUOUT 0.011858069872289425
2022-01-27 00:19:50,571 - INFO - MSP Metrics using max entropy along path:
	AUROC 0.7081662650602409
	TNR 0.040000000000000036
	AUOUT 0.03964553996741877
2022-01-27 00:19:50,571 - INFO - ODIN Metrics using max entropy along path:
	AUROC 0.8021975903614458
	TNR 0.17000000000000004
	AUOUT 0.05998663504141408
2022-01-27 00:19:50,571 - INFO - MSP Metrics using predicted activations:
	AUROC 0.7099301204819277
	TNR 0.08999999999999997
	AUOUT 0.04092259724122691
2022-01-27 00:19:50,571 - INFO - ODIN Metrics using predicted activations:
	AUROC 0.703322891566265
	TNR 0.08999999999999997
	AUOUT 0.040849257476788296
2022-01-27 00:19:50,571 - INFO - MSP Metrics using mean entropy along path:
	AUROC 0.6964481927710843
	TNR 0.040000000000000036
	AUOUT 0.03768291677811912
2022-01-27 00:19:50,571 - INFO - ODIN Metrics using mean entropy along path:
	AUROC 0.6476939759036144
	TNR 0.0
	AUOUT 0.03159985949056787
2022-01-27 00:19:50,571 - INFO - MSP Metrics using min entropy along path:
	AUROC 0.6425493975903614
	TNR 0.06999999999999995
	AUOUT 0.03378650118560992
2022-01-27 00:19:50,571 - INFO - ODIN Metrics using min entropy along path:
	AUROC 0.638255421686747
	TNR 0.07999999999999996
	AUOUT 0.033404966164225836
2022-01-27 00:19:50,571 - INFO - OOD Path entropy min idx (msp): [0. 1. 2. 3.], [81  3 13  3]
2022-01-27 00:19:50,571 - INFO - OOD Path entropy min idx (odin): [0.], [100]
2022-01-27 00:20:02,138 - INFO - Computing OOD Statistics...
2022-01-27 00:20:19,967 - INFO - Computing OOD Statistics...
2022-01-27 00:20:51,013 - INFO - Computing OOD Statistics...
2022-01-27 00:21:11,851 - INFO - Computing OOD Statistics...
2022-01-27 00:21:23,896 - INFO - Computing OOD Statistics...
2022-01-27 00:21:28,579 - INFO - Computing OOD Statistics...
2022-01-27 00:21:31,860 - INFO - Computing OOD Statistics...
2022-01-27 00:21:31,878 - INFO - OOD Dataset: OOD
2022-01-27 00:21:31,878 - INFO - MSP AUROC [0.9123271438695961]
2022-01-27 00:21:31,878 - INFO - MSP TNR [0.808235294117647]
2022-01-27 00:21:31,879 - INFO - MSP AUOUT [0.8089830767673079]
2022-01-27 00:21:31,879 - INFO - ODIN AUROC [0.9265238837703758]
2022-01-27 00:21:31,879 - INFO - ODIN TNR [0.8176470588235294]
2022-01-27 00:21:31,879 - INFO - ODIN AUOUT [0.8181332468477586]
2022-01-27 00:21:31,879 - INFO - OOD Dataset: iNaturalist
2022-01-27 00:21:31,879 - INFO - MSP AUROC [0.9439276144578314]
2022-01-27 00:21:31,879 - INFO - MSP TNR [0.5876]
2022-01-27 00:21:31,879 - INFO - MSP AUOUT [0.9591338359544922]
2022-01-27 00:21:31,879 - INFO - ODIN AUROC [0.9482762409638553]
2022-01-27 00:21:31,879 - INFO - ODIN TNR [0.6209]
2022-01-27 00:21:31,879 - INFO - ODIN AUOUT [0.9610216471906737]
2022-01-27 00:21:31,879 - INFO - OOD Dataset: SUN
2022-01-27 00:21:31,879 - INFO - MSP AUROC [0.9446336867469879]
2022-01-27 00:21:31,879 - INFO - MSP TNR [0.7079]
2022-01-27 00:21:31,879 - INFO - MSP AUOUT [0.9677846945498166]
2022-01-27 00:21:31,880 - INFO - ODIN AUROC [0.9551726265060241]
2022-01-27 00:21:31,880 - INFO - ODIN TNR [0.7211000000000001]
2022-01-27 00:21:31,880 - INFO - ODIN AUOUT [0.9714303204451764]
2022-01-27 00:21:31,880 - INFO - OOD Dataset: Places
2022-01-27 00:21:31,880 - INFO - MSP AUROC [0.935320578313253]
2022-01-27 00:21:31,880 - INFO - MSP TNR [0.7054]
2022-01-27 00:21:31,880 - INFO - MSP AUOUT [0.9656095441521513]
2022-01-27 00:21:31,880 - INFO - ODIN AUROC [0.9477187469879518]
2022-01-27 00:21:31,880 - INFO - ODIN TNR [0.7162]
2022-01-27 00:21:31,880 - INFO - ODIN AUOUT [0.969755315409113]
2022-01-27 00:21:31,880 - INFO - OOD Dataset: Textures
2022-01-27 00:21:31,880 - INFO - MSP AUROC [0.9360182859095959]
2022-01-27 00:21:31,880 - INFO - MSP TNR [0.7404255319148936]
2022-01-27 00:21:31,881 - INFO - MSP AUOUT [0.9496476856675409]
2022-01-27 00:21:31,881 - INFO - ODIN AUROC [0.9492618559343757]
2022-01-27 00:21:31,881 - INFO - ODIN TNR [0.7480496453900709]
2022-01-27 00:21:31,881 - INFO - ODIN AUOUT [0.9561330570183655]
2022-01-27 00:21:31,881 - INFO - OOD Dataset: coarseid-coarseood
2022-01-27 00:21:31,881 - INFO - MSP AUROC [0.9764019277108433]
2022-01-27 00:21:31,881 - INFO - MSP TNR [0.9106666666666666]
2022-01-27 00:21:31,881 - INFO - MSP AUOUT [0.8737074844674856]
2022-01-27 00:21:31,881 - INFO - ODIN AUROC [0.9801220883534139]
2022-01-27 00:21:31,881 - INFO - ODIN TNR [0.9213333333333333]
2022-01-27 00:21:31,881 - INFO - ODIN AUOUT [0.8795170774666199]
2022-01-27 00:21:31,881 - INFO - OOD Dataset: coarseid-fineood
2022-01-27 00:21:31,881 - INFO - MSP AUROC [0.43176385542168677]
2022-01-27 00:21:31,881 - INFO - MSP TNR [0.040000000000000036]
2022-01-27 00:21:31,882 - INFO - MSP AUOUT [0.020528085701719715]
2022-01-27 00:21:31,882 - INFO - ODIN AUROC [0.5245373493975903]
2022-01-27 00:21:31,882 - INFO - ODIN TNR [0.040000000000000036]
2022-01-27 00:21:31,882 - INFO - ODIN AUOUT [0.024313398417438476]
