2022-05-19 13:14:59,632 - INFO - ==> Preparing data..
2022-05-19 13:15:00,202 - INFO - # ID Test: 4150
2022-05-19 13:15:00,202 - INFO - # OOD: 850
2022-05-19 13:15:00,234 - INFO - # iNaturalist: 10000
2022-05-19 13:15:00,263 - INFO - # SUN: 10000
2022-05-19 13:15:00,292 - INFO - # Places: 10000
2022-05-19 13:15:00,345 - INFO - # Textures: 5640
2022-05-19 13:15:00,356 - INFO - # coarseid-coarseood: 700
2022-05-19 13:15:00,360 - INFO - # coarseid-fineood: 150
2022-05-19 13:15:25,824 - INFO - No distribution strategy
2022-05-19 13:15:27,583 - INFO - Model R0 Results
2022-05-19 13:15:48,110 - INFO - Model R0 Accuracy Results
2022-05-19 13:15:48,111 - INFO - Mean Synset Accuracy: 0.8952293395996094
2022-05-19 13:15:48,111 - INFO - Top-1 Accuracy: 0.8240963816642761
2022-05-19 13:15:48,112 - INFO - Pred Accuracy: 0.8245782852172852
2022-05-19 13:15:48,112 - INFO - Synset Accuracies:
2022-05-19 13:15:48,112 - INFO - [0.99493974 0.964      0.9861765  0.78       0.936      0.852
 0.944      0.977      0.9665116  0.996      0.824      0.96
 0.804      0.796      0.98210526 0.954      0.94       0.724
 0.9        0.8        0.776      0.856      0.768      0.92
 0.98      ]
2022-05-19 13:15:48,112 - INFO - Error Depth:
2022-05-19 13:15:48,112 - INFO - 	Num. Errors at Depth 0 = 8.0
2022-05-19 13:15:48,112 - INFO - 	Num. Errors at Depth 1 = 34.0
2022-05-19 13:15:48,112 - INFO - 	Num. Errors at Depth 2 = 177.0
2022-05-19 13:15:48,112 - INFO - 	Num. Errors at Depth 3 = 284.0
2022-05-19 13:15:48,113 - INFO - 	Num. Errors at Depth 4 = 143.0
2022-05-19 13:15:48,113 - INFO - 	Num. Errors at Depth 5 = 84.0
2022-05-19 13:15:48,113 - INFO - 	Num. Errors at Depth -1 = 3420.0
2022-05-19 13:15:48,113 - INFO - OOD Results
2022-05-19 13:17:01,913 - INFO - Model R1 Results
2022-05-19 13:17:11,086 - INFO - Model R1 Accuracy Results
2022-05-19 13:17:11,087 - INFO - Mean Synset Accuracy: 0.8962200284004211
2022-05-19 13:17:11,087 - INFO - Top-1 Accuracy: 0.8236144781112671
2022-05-19 13:17:11,087 - INFO - Pred Accuracy: 0.8233734965324402
2022-05-19 13:17:11,087 - INFO - Synset Accuracies:
2022-05-19 13:17:11,088 - INFO - [0.993494   0.97466666 0.98735297 0.796      0.928      0.86
 0.952      0.976      0.9693023  0.994      0.832      0.96
 0.8        0.78       0.9736842  0.956      0.952      0.724
 0.9        0.844      0.788      0.856      0.732      0.912
 0.965     ]
2022-05-19 13:17:11,088 - INFO - Error Depth:
2022-05-19 13:17:11,088 - INFO - 	Num. Errors at Depth 0 = 12.0
2022-05-19 13:17:11,088 - INFO - 	Num. Errors at Depth 1 = 30.0
2022-05-19 13:17:11,088 - INFO - 	Num. Errors at Depth 2 = 173.0
2022-05-19 13:17:11,088 - INFO - 	Num. Errors at Depth 3 = 306.0
2022-05-19 13:17:11,088 - INFO - 	Num. Errors at Depth 4 = 130.0
2022-05-19 13:17:11,088 - INFO - 	Num. Errors at Depth 5 = 81.0
2022-05-19 13:17:11,088 - INFO - 	Num. Errors at Depth -1 = 3418.0
2022-05-19 13:17:11,088 - INFO - OOD Results
2022-05-19 13:18:26,717 - INFO - Model R2 Results
2022-05-19 13:18:36,083 - INFO - Model R2 Accuracy Results
2022-05-19 13:18:36,083 - INFO - Mean Synset Accuracy: 0.8949173092842102
2022-05-19 13:18:36,083 - INFO - Top-1 Accuracy: 0.8226506114006042
2022-05-19 13:18:36,083 - INFO - Pred Accuracy: 0.8236144781112671
2022-05-19 13:18:36,083 - INFO - Synset Accuracies:
2022-05-19 13:18:36,084 - INFO - [0.99493974 0.9773333  0.9867647  0.752      0.92       0.86
 0.96       0.979      0.96279067 0.994      0.852      0.964
 0.808      0.776      0.98210526 0.964      0.944      0.744
 0.88       0.816      0.78       0.844      0.74       0.932
 0.96      ]
2022-05-19 13:18:36,084 - INFO - Error Depth:
2022-05-19 13:18:36,084 - INFO - 	Num. Errors at Depth 0 = 11.0
2022-05-19 13:18:36,084 - INFO - 	Num. Errors at Depth 1 = 30.0
2022-05-19 13:18:36,084 - INFO - 	Num. Errors at Depth 2 = 182.0
2022-05-19 13:18:36,084 - INFO - 	Num. Errors at Depth 3 = 302.0
2022-05-19 13:18:36,084 - INFO - 	Num. Errors at Depth 4 = 133.0
2022-05-19 13:18:36,084 - INFO - 	Num. Errors at Depth 5 = 78.0
2022-05-19 13:18:36,085 - INFO - 	Num. Errors at Depth -1 = 3414.0
2022-05-19 13:18:36,085 - INFO - OOD Results
2022-05-19 13:19:54,842 - INFO - Ensemble: Model: cascade, M: 3
2022-05-19 13:19:54,843 - INFO - Ensemble Accuracy: 0.83253014087677
2022-05-19 13:19:58,061 - INFO - Computing OOD Statistics...
2022-05-19 13:19:58,161 - INFO - Ensemble PP AUROC: 0.9238018426647767
2022-05-19 13:19:58,161 - INFO - Ensemble PP TNR: 0.6211764705882352
2022-05-19 13:19:58,161 - INFO - Ensemble PP AUOUT: 0.7159728679066185
2022-05-19 13:19:58,161 - INFO - Ensemble PP Temp Scaled AUROC: 0.5803234585400425
2022-05-19 13:19:58,161 - INFO - Ensemble PP Temp Scaled TNR: 0.02352941176470591
2022-05-19 13:19:58,161 - INFO - Ensemble PP Temp Scaled AUOUT: 0.18052072650735695
2022-05-19 13:19:58,162 - INFO - Ensemble HMEAN AUROC: 0.9316904323175053
2022-05-19 13:19:58,162 - INFO - Ensemble HMEAN TNR: 0.7447058823529411
2022-05-19 13:19:58,162 - INFO - Ensemble HMEAN AUOUT: 0.778053289569578
2022-05-19 13:19:58,162 - INFO - Ensemble HMEAN Temp Scaled AUROC: 0.4106857547838413
2022-05-19 13:19:58,162 - INFO - Ensemble HMEAN Temp Scaled TNR: 0.00588235294117645
2022-05-19 13:19:58,162 - INFO - Ensemble HMEAN Temp Scaled AUOUT: 0.13457320204374038
2022-05-19 13:19:58,162 - INFO - Ensemble HMIN AUROC: 0.9314273564847626
2022-05-19 13:19:58,162 - INFO - Ensemble HMIN TNR: 0.72
2022-05-19 13:19:58,162 - INFO - Ensemble HMIN AUOUT: 0.7669165603759117
2022-05-19 13:19:58,162 - INFO - Ensemble HMIN Temp Scaled AUROC: 0.2526075124025514
2022-05-19 13:19:58,162 - INFO - Ensemble HMIN Temp Scaled TNR: 0.024705882352941133
2022-05-19 13:19:58,162 - INFO - Ensemble HMIN Temp Scaled AUOUT: 0.11189236910734461
2022-05-19 13:19:58,162 - INFO - Ensemble HMEAN MEAN AUROC: 0.8872822111977321
2022-05-19 13:19:58,162 - INFO - Ensemble HMEAN MEAN TNR: 0.7682352941176471
2022-05-19 13:19:58,162 - INFO - Ensemble HMEAN MEAN AUOUT: 0.8011641739335337
2022-05-19 13:19:58,162 - INFO - Ensemble HMEAN MEAN TS AUROC: 0.5235350815024805
2022-05-19 13:19:58,162 - INFO - Ensemble HMEAN MEAN TS TNR: 0.008235294117647007
2022-05-19 13:19:58,162 - INFO - Ensemble HMEAN MEAN TS AUOUT: 0.1631276449264863
2022-05-19 13:19:58,162 - INFO - Ensemble HMIN MEAN AUROC: 0.9397802976612333
2022-05-19 13:19:58,162 - INFO - Ensemble HMIN MEAN TNR: 0.8270588235294117
2022-05-19 13:19:58,162 - INFO - Ensemble HMIN MEAN AUOUT: 0.8370144164403082
2022-05-19 13:19:58,162 - INFO - Ensemble HMIN MEAN TS AUROC: 0.9412609496810772
2022-05-19 13:19:58,162 - INFO - Ensemble HMIN MEAN TS TNR: 0.8141176470588235
2022-05-19 13:19:58,162 - INFO - Ensemble HMIN MEAN TS AUOUT: 0.8038556446186894
2022-05-19 13:19:58,162 - INFO - Ensemble HMEAN MIN AUROC: 0.8721644223954641
2022-05-19 13:19:58,162 - INFO - Ensemble HMEAN MIN TNR: 0.7188235294117646
2022-05-19 13:19:58,162 - INFO - Ensemble HMEAN MIN AUOUT: 0.7728850997127246
2022-05-19 13:19:58,162 - INFO - Ensemble HMEAN MIN TS AUROC: 0.5234919914953934
2022-05-19 13:19:58,162 - INFO - Ensemble HMEAN MIN TS TNR: 0.008235294117647007
2022-05-19 13:19:58,162 - INFO - Ensemble HMEAN MIN TS AUOUT: 0.16262667182455098
2022-05-19 13:19:58,162 - INFO - Ensemble HMIN MIN AUROC: 0.9379194897236003
2022-05-19 13:19:58,163 - INFO - Ensemble HMIN MIN TNR: 0.8329411764705883
2022-05-19 13:19:58,163 - INFO - Ensemble HMIN MIN AUOUT: 0.8393269474764589
2022-05-19 13:19:58,163 - INFO - Ensemble HMIN MIN TS AUROC: 0.9399515237420271
2022-05-19 13:19:58,163 - INFO - Ensemble HMIN MIN TS TNR: 0.8011764705882353
2022-05-19 13:19:58,163 - INFO - Ensemble HMIN MIN TS AUOUT: 0.8107696276661199
2022-05-19 13:19:58,163 - INFO - --------------------------------------------------
2022-05-19 13:19:58,163 - INFO - Ensemble: iNaturalist
2022-05-19 13:19:58,163 - INFO - --------------------------------------------------
2022-05-19 13:20:10,249 - INFO - Computing OOD Statistics...
2022-05-19 13:20:10,483 - INFO - Ensemble PP AUROC: 0.945762843373494
2022-05-19 13:20:10,483 - INFO - Ensemble PP TNR: 0.704
2022-05-19 13:20:10,483 - INFO - Ensemble PP AUOUT: 0.9722613640507166
2022-05-19 13:20:10,483 - INFO - Ensemble PP Temp Scaled AUROC: 0.565423156626506
2022-05-19 13:20:10,483 - INFO - Ensemble PP Temp Scaled TNR: 0.006399999999999961
2022-05-19 13:20:10,483 - INFO - Ensemble PP Temp Scaled AUOUT: 0.6988143096117696
2022-05-19 13:20:10,483 - INFO - Ensemble HMEAN AUROC: 0.951407204819277
2022-05-19 13:20:10,483 - INFO - Ensemble HMEAN TNR: 0.7308
2022-05-19 13:20:10,483 - INFO - Ensemble HMEAN AUOUT: 0.9703555595237855
2022-05-19 13:20:10,483 - INFO - Ensemble HMEAN Temp Scaled AUROC: 0.4286803373493976
2022-05-19 13:20:10,483 - INFO - Ensemble HMEAN Temp Scaled TNR: 0.0010999999999999899
2022-05-19 13:20:10,483 - INFO - Ensemble HMEAN Temp Scaled AUOUT: 0.6505481412817837
2022-05-19 13:20:10,483 - INFO - Ensemble HMIN AUROC: 0.9053973253012046
2022-05-19 13:20:10,483 - INFO - Ensemble HMIN TNR: 0.4758
2022-05-19 13:20:10,483 - INFO - Ensemble HMIN AUOUT: 0.9407711901075397
2022-05-19 13:20:10,483 - INFO - Ensemble HMIN Temp Scaled AUROC: 0.5457970602409639
2022-05-19 13:20:10,483 - INFO - Ensemble HMIN Temp Scaled TNR: 0.00019999999999997797
2022-05-19 13:20:10,483 - INFO - Ensemble HMIN Temp Scaled AUOUT: 0.7013691911349262
2022-05-19 13:20:10,483 - INFO - Ensemble HMEAN MEAN AUROC: 0.9029827951807228
2022-05-19 13:20:10,483 - INFO - Ensemble HMEAN MEAN TNR: 0.6365000000000001
2022-05-19 13:20:10,483 - INFO - Ensemble HMEAN MEAN AUOUT: 0.9531714030340608
2022-05-19 13:20:10,483 - INFO - Ensemble HMEAN MEAN TS AUROC: 0.5282695180722892
2022-05-19 13:20:10,483 - INFO - Ensemble HMEAN MEAN TS TNR: 0.14570000000000005
2022-05-19 13:20:10,483 - INFO - Ensemble HMEAN MEAN TS AUOUT: 0.7573340339497526
2022-05-19 13:20:10,483 - INFO - Ensemble HMIN MEAN AUROC: 0.9037221686746988
2022-05-19 13:20:10,483 - INFO - Ensemble HMIN MEAN TNR: 0.4123
2022-05-19 13:20:10,483 - INFO - Ensemble HMIN MEAN AUOUT: 0.9377696178286061
2022-05-19 13:20:10,483 - INFO - Ensemble HMIN MEAN TS AUROC: 0.8682541927710843
2022-05-19 13:20:10,483 - INFO - Ensemble HMIN MEAN TS TNR: 0.3035
2022-05-19 13:20:10,483 - INFO - Ensemble HMIN MEAN TS AUOUT: 0.914018865748552
2022-05-19 13:20:10,483 - INFO - Ensemble HMEAN MIN AUROC: 0.8845159518072291
2022-05-19 13:20:10,483 - INFO - Ensemble HMEAN MIN TNR: 0.5610999999999999
2022-05-19 13:20:10,484 - INFO - Ensemble HMEAN MIN AUOUT: 0.9452781217485091
2022-05-19 13:20:10,484 - INFO - Ensemble HMEAN MIN TS AUROC: 0.5285112771084337
2022-05-19 13:20:10,484 - INFO - Ensemble HMEAN MIN TS TNR: 0.14539999999999997
2022-05-19 13:20:10,484 - INFO - Ensemble HMEAN MIN TS AUOUT: 0.7573459474100384
2022-05-19 13:20:10,484 - INFO - Ensemble HMIN MIN AUROC: 0.9113284337349398
2022-05-19 13:20:10,484 - INFO - Ensemble HMIN MIN TNR: 0.48719999999999997
2022-05-19 13:20:10,484 - INFO - Ensemble HMIN MIN AUOUT: 0.9454312912752378
2022-05-19 13:20:10,484 - INFO - Ensemble HMIN MIN TS AUROC: 0.8725823855421687
2022-05-19 13:20:10,484 - INFO - Ensemble HMIN MIN TS TNR: 0.33709999999999996
2022-05-19 13:20:10,484 - INFO - Ensemble HMIN MIN TS AUOUT: 0.918967578100706
2022-05-19 13:20:10,484 - INFO - --------------------------------------------------
2022-05-19 13:20:10,484 - INFO - Ensemble: SUN
2022-05-19 13:20:10,484 - INFO - --------------------------------------------------
2022-05-19 13:20:21,524 - INFO - Computing OOD Statistics...
2022-05-19 13:20:21,759 - INFO - Ensemble PP AUROC: 0.960405469879518
2022-05-19 13:20:21,759 - INFO - Ensemble PP TNR: 0.7816
2022-05-19 13:20:21,759 - INFO - Ensemble PP AUOUT: 0.9789402273526959
2022-05-19 13:20:21,759 - INFO - Ensemble PP Temp Scaled AUROC: 0.7182895903614459
2022-05-19 13:20:21,759 - INFO - Ensemble PP Temp Scaled TNR: 0.0726
2022-05-19 13:20:21,759 - INFO - Ensemble PP Temp Scaled AUOUT: 0.8072454191786811
2022-05-19 13:20:21,759 - INFO - Ensemble HMEAN AUROC: 0.9747326506024095
2022-05-19 13:20:21,759 - INFO - Ensemble HMEAN TNR: 0.8723
2022-05-19 13:20:21,759 - INFO - Ensemble HMEAN AUOUT: 0.9845295414184856
2022-05-19 13:20:21,759 - INFO - Ensemble HMEAN Temp Scaled AUROC: 0.48222214457831325
2022-05-19 13:20:21,759 - INFO - Ensemble HMEAN Temp Scaled TNR: 0.00880000000000003
2022-05-19 13:20:21,760 - INFO - Ensemble HMEAN Temp Scaled AUOUT: 0.6883410322537804
2022-05-19 13:20:21,760 - INFO - Ensemble HMIN AUROC: 0.9694244578313252
2022-05-19 13:20:21,760 - INFO - Ensemble HMIN TNR: 0.8255
2022-05-19 13:20:21,760 - INFO - Ensemble HMIN AUOUT: 0.9815323593170793
2022-05-19 13:20:21,760 - INFO - Ensemble HMIN Temp Scaled AUROC: 0.42450421686746986
2022-05-19 13:20:21,760 - INFO - Ensemble HMIN Temp Scaled TNR: 0.00019999999999997797
2022-05-19 13:20:21,760 - INFO - Ensemble HMIN Temp Scaled AUOUT: 0.6575703759373137
2022-05-19 13:20:21,760 - INFO - Ensemble HMEAN MEAN AUROC: 0.8818752530120482
2022-05-19 13:20:21,760 - INFO - Ensemble HMEAN MEAN TNR: 0.5740000000000001
2022-05-19 13:20:21,760 - INFO - Ensemble HMEAN MEAN AUOUT: 0.9446682857320535
2022-05-19 13:20:21,760 - INFO - Ensemble HMEAN MEAN TS AUROC: 0.6723529156626507
2022-05-19 13:20:21,760 - INFO - Ensemble HMEAN MEAN TS TNR: 0.04959999999999998
2022-05-19 13:20:21,760 - INFO - Ensemble HMEAN MEAN TS AUOUT: 0.780857245283941
2022-05-19 13:20:21,760 - INFO - Ensemble HMIN MEAN AUROC: 0.9681847951807229
2022-05-19 13:20:21,760 - INFO - Ensemble HMIN MEAN TNR: 0.812
2022-05-19 13:20:21,760 - INFO - Ensemble HMIN MEAN AUOUT: 0.979653480780006
2022-05-19 13:20:21,760 - INFO - Ensemble HMIN MEAN TS AUROC: 0.9639792530120482
2022-05-19 13:20:21,760 - INFO - Ensemble HMIN MEAN TS TNR: 0.7848999999999999
2022-05-19 13:20:21,760 - INFO - Ensemble HMIN MEAN TS AUOUT: 0.9769252702302613
2022-05-19 13:20:21,760 - INFO - Ensemble HMEAN MIN AUROC: 0.8444709879518073
2022-05-19 13:20:21,760 - INFO - Ensemble HMEAN MIN TNR: 0.48
2022-05-19 13:20:21,760 - INFO - Ensemble HMEAN MIN AUOUT: 0.9282610753955057
2022-05-19 13:20:21,760 - INFO - Ensemble HMEAN MIN TS AUROC: 0.6723184578313253
2022-05-19 13:20:21,760 - INFO - Ensemble HMEAN MIN TS TNR: 0.04959999999999998
2022-05-19 13:20:21,760 - INFO - Ensemble HMEAN MIN TS AUOUT: 0.7806401306792565
2022-05-19 13:20:21,760 - INFO - Ensemble HMIN MIN AUROC: 0.9705078554216867
2022-05-19 13:20:21,760 - INFO - Ensemble HMIN MIN TNR: 0.8392
2022-05-19 13:20:21,760 - INFO - Ensemble HMIN MIN AUOUT: 0.9819816548873159
2022-05-19 13:20:21,760 - INFO - Ensemble HMIN MIN TS AUROC: 0.964043469879518
2022-05-19 13:20:21,760 - INFO - Ensemble HMIN MIN TS TNR: 0.7927
2022-05-19 13:20:21,760 - INFO - Ensemble HMIN MIN TS AUOUT: 0.9782182281385736
2022-05-19 13:20:21,760 - INFO - --------------------------------------------------
2022-05-19 13:20:21,760 - INFO - Ensemble: Places
2022-05-19 13:20:21,760 - INFO - --------------------------------------------------
2022-05-19 13:20:28,298 - INFO - Computing OOD Statistics...
2022-05-19 13:20:28,538 - INFO - Ensemble PP AUROC: 0.9479657831325301
2022-05-19 13:20:28,538 - INFO - Ensemble PP TNR: 0.7138
2022-05-19 13:20:28,538 - INFO - Ensemble PP AUOUT: 0.9726245198772248
2022-05-19 13:20:28,538 - INFO - Ensemble PP Temp Scaled AUROC: 0.6957787469879517
2022-05-19 13:20:28,538 - INFO - Ensemble PP Temp Scaled TNR: 0.07020000000000004
2022-05-19 13:20:28,539 - INFO - Ensemble PP Temp Scaled AUOUT: 0.7969108617696676
2022-05-19 13:20:28,539 - INFO - Ensemble HMEAN AUROC: 0.965565108433735
2022-05-19 13:20:28,539 - INFO - Ensemble HMEAN TNR: 0.8223
2022-05-19 13:20:28,539 - INFO - Ensemble HMEAN AUOUT: 0.9805840903170306
2022-05-19 13:20:28,539 - INFO - Ensemble HMEAN Temp Scaled AUROC: 0.5034149397590362
2022-05-19 13:20:28,539 - INFO - Ensemble HMEAN Temp Scaled TNR: 0.01200000000000001
2022-05-19 13:20:28,539 - INFO - Ensemble HMEAN Temp Scaled AUOUT: 0.6999088414409225
2022-05-19 13:20:28,539 - INFO - Ensemble HMIN AUROC: 0.9565683373493976
2022-05-19 13:20:28,539 - INFO - Ensemble HMIN TNR: 0.7765
2022-05-19 13:20:28,539 - INFO - Ensemble HMIN AUOUT: 0.97636097003266
2022-05-19 13:20:28,539 - INFO - Ensemble HMIN Temp Scaled AUROC: 0.4375510120481928
2022-05-19 13:20:28,539 - INFO - Ensemble HMIN Temp Scaled TNR: 0.0024999999999999467
2022-05-19 13:20:28,539 - INFO - Ensemble HMIN Temp Scaled AUOUT: 0.6666677935424196
2022-05-19 13:20:28,539 - INFO - Ensemble HMEAN MEAN AUROC: 0.8608892530120482
2022-05-19 13:20:28,539 - INFO - Ensemble HMEAN MEAN TNR: 0.5452
2022-05-19 13:20:28,539 - INFO - Ensemble HMEAN MEAN AUOUT: 0.9362523893390545
2022-05-19 13:20:28,539 - INFO - Ensemble HMEAN MEAN TS AUROC: 0.6441305301204818
2022-05-19 13:20:28,539 - INFO - Ensemble HMEAN MEAN TS TNR: 0.046599999999999975
2022-05-19 13:20:28,539 - INFO - Ensemble HMEAN MEAN TS AUOUT: 0.7657047153818145
2022-05-19 13:20:28,539 - INFO - Ensemble HMIN MEAN AUROC: 0.955542481927711
2022-05-19 13:20:28,539 - INFO - Ensemble HMIN MEAN TNR: 0.7636000000000001
2022-05-19 13:20:28,539 - INFO - Ensemble HMIN MEAN AUOUT: 0.9749444525285084
2022-05-19 13:20:28,539 - INFO - Ensemble HMIN MEAN TS AUROC: 0.9509046506024097
2022-05-19 13:20:28,539 - INFO - Ensemble HMIN MEAN TS TNR: 0.7445999999999999
2022-05-19 13:20:28,539 - INFO - Ensemble HMIN MEAN TS AUOUT: 0.9722548851982641
2022-05-19 13:20:28,539 - INFO - Ensemble HMEAN MIN AUROC: 0.8199083855421687
2022-05-19 13:20:28,539 - INFO - Ensemble HMEAN MIN TNR: 0.4578
2022-05-19 13:20:28,539 - INFO - Ensemble HMEAN MIN AUOUT: 0.9182046799926878
2022-05-19 13:20:28,539 - INFO - Ensemble HMEAN MIN TS AUROC: 0.6440476385542169
2022-05-19 13:20:28,539 - INFO - Ensemble HMEAN MIN TS TNR: 0.046699999999999964
2022-05-19 13:20:28,539 - INFO - Ensemble HMEAN MIN TS AUOUT: 0.7654113504943084
2022-05-19 13:20:28,539 - INFO - Ensemble HMIN MIN AUROC: 0.9566323373493976
2022-05-19 13:20:28,539 - INFO - Ensemble HMIN MIN TNR: 0.7868999999999999
2022-05-19 13:20:28,539 - INFO - Ensemble HMIN MIN AUOUT: 0.976610440958811
2022-05-19 13:20:28,539 - INFO - Ensemble HMIN MIN TS AUROC: 0.9501632289156626
2022-05-19 13:20:28,539 - INFO - Ensemble HMIN MIN TS TNR: 0.7477
2022-05-19 13:20:28,539 - INFO - Ensemble HMIN MIN TS AUOUT: 0.9731349135310012
2022-05-19 13:20:28,540 - INFO - --------------------------------------------------
2022-05-19 13:20:28,540 - INFO - Ensemble: Textures
2022-05-19 13:20:28,540 - INFO - --------------------------------------------------
2022-05-19 13:20:32,947 - INFO - Computing OOD Statistics...
2022-05-19 13:20:33,127 - INFO - Ensemble PP AUROC: 0.9199668461078356
2022-05-19 13:20:33,127 - INFO - Ensemble PP TNR: 0.6283687943262412
2022-05-19 13:20:33,127 - INFO - Ensemble PP AUOUT: 0.9347249339066096
2022-05-19 13:20:33,127 - INFO - Ensemble PP Temp Scaled AUROC: 0.5913338887464753
2022-05-19 13:20:33,127 - INFO - Ensemble PP Temp Scaled TNR: 0.04716312056737593
2022-05-19 13:20:33,127 - INFO - Ensemble PP Temp Scaled AUOUT: 0.619997130079078
2022-05-19 13:20:33,127 - INFO - Ensemble HMEAN AUROC: 0.9575193540117919
2022-05-19 13:20:33,127 - INFO - Ensemble HMEAN TNR: 0.7893617021276595
2022-05-19 13:20:33,127 - INFO - Ensemble HMEAN AUOUT: 0.9606394984123606
2022-05-19 13:20:33,127 - INFO - Ensemble HMEAN Temp Scaled AUROC: 0.4902950098265402
2022-05-19 13:20:33,127 - INFO - Ensemble HMEAN Temp Scaled TNR: 0.0021276595744680327
2022-05-19 13:20:33,127 - INFO - Ensemble HMEAN Temp Scaled AUOUT: 0.5425697361441666
2022-05-19 13:20:33,127 - INFO - Ensemble HMIN AUROC: 0.9487920191403915
2022-05-19 13:20:33,127 - INFO - Ensemble HMIN TNR: 0.7452127659574468
2022-05-19 13:20:33,127 - INFO - Ensemble HMIN AUOUT: 0.9520655802415221
2022-05-19 13:20:33,128 - INFO - Ensemble HMIN Temp Scaled AUROC: 0.4359261300521234
2022-05-19 13:20:33,128 - INFO - Ensemble HMIN Temp Scaled TNR: 0.0
2022-05-19 13:20:33,128 - INFO - Ensemble HMIN Temp Scaled AUOUT: 0.5374280855998517
2022-05-19 13:20:33,128 - INFO - Ensemble HMEAN MEAN AUROC: 0.9223308126121507
2022-05-19 13:20:33,128 - INFO - Ensemble HMEAN MEAN TNR: 0.7106382978723405
2022-05-19 13:20:33,128 - INFO - Ensemble HMEAN MEAN AUOUT: 0.9412882032310163
2022-05-19 13:20:33,128 - INFO - Ensemble HMEAN MEAN TS AUROC: 0.5369554387763821
2022-05-19 13:20:33,128 - INFO - Ensemble HMEAN MEAN TS TNR: 0.15709219858156032
2022-05-19 13:20:33,128 - INFO - Ensemble HMEAN MEAN TS AUOUT: 0.6446397432404978
2022-05-19 13:20:33,128 - INFO - Ensemble HMIN MEAN AUROC: 0.9598193198325216
2022-05-19 13:20:33,128 - INFO - Ensemble HMIN MEAN TNR: 0.7815602836879433
2022-05-19 13:20:33,128 - INFO - Ensemble HMIN MEAN AUOUT: 0.9629696794356217
2022-05-19 13:20:33,128 - INFO - Ensemble HMIN MEAN TS AUROC: 0.9495090575066223
2022-05-19 13:20:33,128 - INFO - Ensemble HMIN MEAN TS TNR: 0.7317375886524823
2022-05-19 13:20:33,128 - INFO - Ensemble HMIN MEAN TS AUOUT: 0.95063573049319
2022-05-19 13:20:33,128 - INFO - Ensemble HMEAN MIN AUROC: 0.8866086473553789
2022-05-19 13:20:33,128 - INFO - Ensemble HMEAN MIN TNR: 0.6039007092198582
2022-05-19 13:20:33,128 - INFO - Ensemble HMEAN MIN AUOUT: 0.9178603574542309
2022-05-19 13:20:33,128 - INFO - Ensemble HMEAN MIN TS AUROC: 0.5363971203964796
2022-05-19 13:20:33,128 - INFO - Ensemble HMEAN MIN TS TNR: 0.15638297872340423
2022-05-19 13:20:33,128 - INFO - Ensemble HMEAN MIN TS AUOUT: 0.6438136548060588
2022-05-19 13:20:33,128 - INFO - Ensemble HMIN MIN AUROC: 0.9549248056054004
2022-05-19 13:20:33,128 - INFO - Ensemble HMIN MIN TNR: 0.7657801418439716
2022-05-19 13:20:33,128 - INFO - Ensemble HMIN MIN AUOUT: 0.9602534258445511
2022-05-19 13:20:33,128 - INFO - Ensemble HMIN MIN TS AUROC: 0.9466957617704862
2022-05-19 13:20:33,128 - INFO - Ensemble HMIN MIN TS TNR: 0.726418439716312
2022-05-19 13:20:33,128 - INFO - Ensemble HMIN MIN TS AUOUT: 0.9504993602181663
2022-05-19 13:20:33,128 - INFO - --------------------------------------------------
2022-05-19 13:20:33,128 - INFO - Ensemble: coarseid-coarseood
2022-05-19 13:20:33,128 - INFO - --------------------------------------------------
2022-05-19 13:20:35,355 - INFO - Computing OOD Statistics...
2022-05-19 13:20:35,437 - INFO - Ensemble PP AUROC: 0.9507566265060242
2022-05-19 13:20:35,437 - INFO - Ensemble PP TNR: 0.6971428571428571
2022-05-19 13:20:35,437 - INFO - Ensemble PP AUOUT: 0.7397254282761689
2022-05-19 13:20:35,437 - INFO - Ensemble PP Temp Scaled AUROC: 0.5754605851979346
2022-05-19 13:20:35,437 - INFO - Ensemble PP Temp Scaled TNR: 0.01571428571428568
2022-05-19 13:20:35,437 - INFO - Ensemble PP Temp Scaled AUOUT: 0.15109100515045099
2022-05-19 13:20:35,437 - INFO - Ensemble HMEAN AUROC: 0.9687845094664371
2022-05-19 13:20:35,438 - INFO - Ensemble HMEAN TNR: 0.8285714285714285
2022-05-19 13:20:35,438 - INFO - Ensemble HMEAN AUOUT: 0.811067593340037
2022-05-19 13:20:35,438 - INFO - Ensemble HMEAN Temp Scaled AUROC: 0.3714571428571429
2022-05-19 13:20:35,438 - INFO - Ensemble HMEAN Temp Scaled TNR: 0.0
2022-05-19 13:20:35,438 - INFO - Ensemble HMEAN Temp Scaled AUOUT: 0.10745631196185909
2022-05-19 13:20:35,438 - INFO - Ensemble HMIN AUROC: 0.9636378657487092
2022-05-19 13:20:35,438 - INFO - Ensemble HMIN TNR: 0.7985714285714286
2022-05-19 13:20:35,438 - INFO - Ensemble HMIN AUOUT: 0.7925280693750714
2022-05-19 13:20:35,438 - INFO - Ensemble HMIN Temp Scaled AUROC: 0.20099345955249567
2022-05-19 13:20:35,438 - INFO - Ensemble HMIN Temp Scaled TNR: 0.0
2022-05-19 13:20:35,438 - INFO - Ensemble HMIN Temp Scaled AUOUT: 0.08700169175776895
2022-05-19 13:20:35,438 - INFO - Ensemble HMEAN MEAN AUROC: 0.9615328743545611
2022-05-19 13:20:35,438 - INFO - Ensemble HMEAN MEAN TNR: 0.8585714285714285
2022-05-19 13:20:35,438 - INFO - Ensemble HMEAN MEAN AUOUT: 0.8629952763312175
2022-05-19 13:20:35,438 - INFO - Ensemble HMEAN MEAN TS AUROC: 0.5258392426850258
2022-05-19 13:20:35,438 - INFO - Ensemble HMEAN MEAN TS TNR: 0.008571428571428563
2022-05-19 13:20:35,438 - INFO - Ensemble HMEAN MEAN TS AUOUT: 0.14047825771510367
2022-05-19 13:20:35,438 - INFO - Ensemble HMIN MEAN AUROC: 0.982667125645439
2022-05-19 13:20:35,438 - INFO - Ensemble HMIN MEAN TNR: 0.9271428571428572
2022-05-19 13:20:35,438 - INFO - Ensemble HMIN MEAN AUOUT: 0.8862008836760414
2022-05-19 13:20:35,438 - INFO - Ensemble HMIN MEAN TS AUROC: 0.9787473321858865
2022-05-19 13:20:35,438 - INFO - Ensemble HMIN MEAN TS TNR: 0.9085714285714286
2022-05-19 13:20:35,438 - INFO - Ensemble HMIN MEAN TS AUOUT: 0.8394700046433086
2022-05-19 13:20:35,438 - INFO - Ensemble HMEAN MIN AUROC: 0.9460316695352841
2022-05-19 13:20:35,438 - INFO - Ensemble HMEAN MIN TNR: 0.8057142857142857
2022-05-19 13:20:35,438 - INFO - Ensemble HMEAN MIN AUOUT: 0.8315185400234782
2022-05-19 13:20:35,438 - INFO - Ensemble HMEAN MIN TS AUROC: 0.525853700516351
2022-05-19 13:20:35,438 - INFO - Ensemble HMEAN MIN TS TNR: 0.008571428571428563
2022-05-19 13:20:35,438 - INFO - Ensemble HMEAN MIN TS AUOUT: 0.13981359462958245
2022-05-19 13:20:35,438 - INFO - Ensemble HMIN MIN AUROC: 0.982639586919105
2022-05-19 13:20:35,439 - INFO - Ensemble HMIN MIN TNR: 0.9328571428571428
2022-05-19 13:20:35,439 - INFO - Ensemble HMIN MIN AUOUT: 0.8897962504402745
2022-05-19 13:20:35,439 - INFO - Ensemble HMIN MIN TS AUROC: 0.9782895008605853
2022-05-19 13:20:35,439 - INFO - Ensemble HMIN MIN TS TNR: 0.8928571428571429
2022-05-19 13:20:35,439 - INFO - Ensemble HMIN MIN TS AUOUT: 0.8474853503889153
2022-05-19 13:20:35,439 - INFO - --------------------------------------------------
2022-05-19 13:20:35,439 - INFO - Ensemble: coarseid-fineood
2022-05-19 13:20:35,439 - INFO - --------------------------------------------------
2022-05-19 13:20:37,432 - INFO - Computing OOD Statistics...
2022-05-19 13:20:37,511 - INFO - Ensemble PP AUROC: 0.7980128514056224
2022-05-19 13:20:37,511 - INFO - Ensemble PP TNR: 0.2666666666666667
2022-05-19 13:20:37,511 - INFO - Ensemble PP AUOUT: 0.11749341933213334
2022-05-19 13:20:37,511 - INFO - Ensemble PP Temp Scaled AUROC: 0.6030152610441768
2022-05-19 13:20:37,511 - INFO - Ensemble PP Temp Scaled TNR: 0.06000000000000005
2022-05-19 13:20:37,511 - INFO - Ensemble PP Temp Scaled AUOUT: 0.042521190668185195
2022-05-19 13:20:37,511 - INFO - Ensemble HMEAN AUROC: 0.7585847389558233
2022-05-19 13:20:37,511 - INFO - Ensemble HMEAN TNR: 0.3533333333333334
2022-05-19 13:20:37,511 - INFO - Ensemble HMEAN AUOUT: 0.16209983008626114
2022-05-19 13:20:37,511 - INFO - Ensemble HMEAN Temp Scaled AUROC: 0.593752610441767
2022-05-19 13:20:37,511 - INFO - Ensemble HMEAN Temp Scaled TNR: 0.033333333333333326
2022-05-19 13:20:37,511 - INFO - Ensemble HMEAN Temp Scaled AUOUT: 0.046933500770509916
2022-05-19 13:20:37,511 - INFO - Ensemble HMIN AUROC: 0.7811116465863454
2022-05-19 13:20:37,511 - INFO - Ensemble HMIN TNR: 0.3533333333333334
2022-05-19 13:20:37,511 - INFO - Ensemble HMIN AUOUT: 0.1850650345958718
2022-05-19 13:20:37,511 - INFO - Ensemble HMIN Temp Scaled AUROC: 0.4934730923694779
2022-05-19 13:20:37,511 - INFO - Ensemble HMIN Temp Scaled TNR: 0.14
2022-05-19 13:20:37,511 - INFO - Ensemble HMIN Temp Scaled AUOUT: 0.048300546018240784
2022-05-19 13:20:37,511 - INFO - Ensemble HMEAN MEAN AUROC: 0.5407775100401606
2022-05-19 13:20:37,511 - INFO - Ensemble HMEAN MEAN TNR: 0.3466666666666667
2022-05-19 13:20:37,512 - INFO - Ensemble HMEAN MEAN AUOUT: 0.21536463036729497
2022-05-19 13:20:37,512 - INFO - Ensemble HMEAN MEAN TS AUROC: 0.5127759036144578
2022-05-19 13:20:37,512 - INFO - Ensemble HMEAN MEAN TS TNR: 0.00666666666666671
2022-05-19 13:20:37,512 - INFO - Ensemble HMEAN MEAN TS AUOUT: 0.0326854154616621
2022-05-19 13:20:37,512 - INFO - Ensemble HMIN MEAN AUROC: 0.7396417670682731
2022-05-19 13:20:37,512 - INFO - Ensemble HMIN MEAN TNR: 0.36
2022-05-19 13:20:37,512 - INFO - Ensemble HMIN MEAN AUOUT: 0.20809190469032976
2022-05-19 13:20:37,512 - INFO - Ensemble HMIN MEAN TS AUROC: 0.7663180722891565
2022-05-19 13:20:37,512 - INFO - Ensemble HMIN MEAN TS TNR: 0.3733333333333333
2022-05-19 13:20:37,512 - INFO - Ensemble HMIN MEAN TS AUOUT: 0.1871381572812097
2022-05-19 13:20:37,512 - INFO - Ensemble HMEAN MIN AUROC: 0.5274522088353413
2022-05-19 13:20:37,512 - INFO - Ensemble HMEAN MIN TNR: 0.31333333333333335
2022-05-19 13:20:37,512 - INFO - Ensemble HMEAN MIN AUOUT: 0.19260162522669733
2022-05-19 13:20:37,512 - INFO - Ensemble HMEAN MIN TS AUROC: 0.5124658634538153
2022-05-19 13:20:37,512 - INFO - Ensemble HMEAN MIN TS TNR: 0.00666666666666671
2022-05-19 13:20:37,512 - INFO - Ensemble HMEAN MIN TS AUOUT: 0.032707901427824516
2022-05-19 13:20:37,512 - INFO - Ensemble HMIN MIN AUROC: 0.7292224899598394
2022-05-19 13:20:37,512 - INFO - Ensemble HMIN MIN TNR: 0.3666666666666667
2022-05-19 13:20:37,512 - INFO - Ensemble HMIN MIN AUOUT: 0.21307274250681837
2022-05-19 13:20:37,512 - INFO - Ensemble HMIN MIN TS AUROC: 0.7610682730923695
2022-05-19 13:20:37,512 - INFO - Ensemble HMIN MIN TS TNR: 0.3733333333333333
2022-05-19 13:20:37,512 - INFO - Ensemble HMIN MIN TS AUOUT: 0.2071733813968218
