2022-09-28 09:53:24,021 - INFO - ==> Preparing data..
2022-09-28 09:53:24,539 - INFO - # ID Test: 3500
2022-09-28 09:53:24,539 - INFO - # OOD: 1500
2022-09-28 09:53:24,573 - INFO - # iNaturalist: 10000
2022-09-28 09:53:24,602 - INFO - # SUN: 10000
2022-09-28 09:53:24,631 - INFO - # Places: 10000
2022-09-28 09:53:24,681 - INFO - # Textures: 5640
2022-09-28 09:53:24,694 - INFO - # balanced100-coarseood: 750
2022-09-28 09:53:24,699 - INFO - # balanced100-mediumood: 250
2022-09-28 09:53:24,708 - INFO - # balanced100-fineood: 500
2022-09-28 09:53:24,721 - INFO - # balanced100-finemediumood: 750
2022-09-28 09:53:52,878 - INFO - Accuracy Results
2022-09-28 09:53:52,879 - INFO - Mean Synset Accuracy: 0.8432202935218811
2022-09-28 09:53:52,879 - INFO - Top-1 Accuracy: 0.725428581237793
2022-09-28 09:53:52,879 - INFO - Pred Accuracy: 0.727142870426178
2022-09-28 09:53:52,880 - INFO - Synset Accuracies:
2022-09-28 09:53:52,880 - INFO - [0.99057144 0.95692307 0.98421055 0.648      0.74       0.756
 0.912      0.965      0.95625    0.988      0.74       0.904
 0.668      0.792      0.9816667  1.         0.596      0.9
 0.7        0.66       0.796      0.656      0.94666666 1.        ]
2022-09-28 09:53:52,880 - INFO - Error Depth:
2022-09-28 09:53:52,880 - INFO - 	Num. Errors at Depth 0 = 9.0
2022-09-28 09:53:52,880 - INFO - 	Num. Errors at Depth 1 = 28.0
2022-09-28 09:53:52,880 - INFO - 	Num. Errors at Depth 2 = 276.0
2022-09-28 09:53:52,881 - INFO - 	Num. Errors at Depth 3 = 373.0
2022-09-28 09:53:52,881 - INFO - 	Num. Errors at Depth 4 = 174.0
2022-09-28 09:53:52,881 - INFO - 	Num. Errors at Depth 5 = 101.0
2022-09-28 09:53:52,881 - INFO - 	Num. Errors at Depth -1 = 2539.0
2022-09-28 09:53:52,881 - INFO - OOD Results
2022-09-28 09:54:04,943 - INFO - Computing OOD Statistics...
2022-09-28 09:54:22,551 - INFO - Computing OOD Statistics...
2022-09-28 09:54:52,990 - INFO - Computing OOD Statistics...
2022-09-28 09:55:13,231 - INFO - Computing OOD Statistics...
2022-09-28 09:55:25,638 - INFO - Computing OOD Statistics...
2022-09-28 09:55:30,522 - INFO - Computing OOD Statistics...
2022-09-28 09:55:34,358 - INFO - Computing OOD Statistics...
2022-09-28 09:55:38,532 - INFO - Computing OOD Statistics...
2022-09-28 09:55:42,486 - INFO - Computing OOD Statistics...
2022-09-28 09:55:42,538 - INFO - OOD Dataset: OOD
2022-09-28 09:55:42,538 - INFO - MSP AUROC Synset Performance
2022-09-28 09:55:42,538 - INFO - [-1, -1, -1, -1, -1, -1, -1, -1, -1, -1, -1, -1, -1, -1, -1, -1, -1, -1, -1, -1, -1, -1, -1, -1, -0.0, 0.7241420952380953, 0.8040076190476191, 0.8020083809523809]
2022-09-28 09:55:42,538 - INFO - MSP TNR Synset Performance
2022-09-28 09:55:42,538 - INFO - [-1, -1, -1, -1, -1, -1, -1, -1, -1, -1, -1, -1, -1, -1, -1, -1, -1, -1, -1, -1, -1, -1, -1, -1, 0.0, 0.19866666666666666, 0.3773333333333333, 0.45266666666666666]
2022-09-28 09:55:42,538 - INFO - MSP AUOUT Synset Performance
2022-09-28 09:55:42,538 - INFO - [-1, -1, -1, -1, -1, -1, -1, -1, -1, -1, -1, -1, -1, -1, -1, -1, -1, -1, -1, -1, -1, -1, -1, -1, 0.16775845604771977, 0.49882915175540044, 0.6648437858479489, 0.7035175424160147]
2022-09-28 09:55:42,538 - INFO - ODIN AUROC Synset Performance
2022-09-28 09:55:42,538 - INFO - [-1, -1, -1, -1, -1, -1, -1, -1, -1, -1, -1, -1, -1, -1, -1, -1, -1, -1, -1, -1, -1, -1, -1, -1, -0.0, 0.6118664761904762, 0.2460752380952381, 0.47323790476190475]
2022-09-28 09:55:42,538 - INFO - ODIN TNR Synset Performance
2022-09-28 09:55:42,538 - INFO - [-1, -1, -1, -1, -1, -1, -1, -1, -1, -1, -1, -1, -1, -1, -1, -1, -1, -1, -1, -1, -1, -1, -1, -1, 0.0, 0.18400000000000005, 0.0020000000000000018, 0.06333333333333335]
2022-09-28 09:55:42,538 - INFO - ODIN AUOUT Synset Performance
2022-09-28 09:55:42,539 - INFO - [-1, -1, -1, -1, -1, -1, -1, -1, -1, -1, -1, -1, -1, -1, -1, -1, -1, -1, -1, -1, -1, -1, -1, -1, 0.16775845604771977, 0.44616533684973164, 0.1978140000131404, 0.2952535198882361]
2022-09-28 09:55:42,539 - INFO - MSP Metrics using max activations accumulated across all appropriate synsets:
	AUROC -0.0
	TNR 0.0
	AUOUT 0.16775845604771977
2022-09-28 09:55:42,539 - INFO - ODIN Metrics using max activations accumulated across all appropriate synsets:
	AUROC -0.0
	TNR 0.0
	AUOUT 0.16775845604771977
2022-09-28 09:55:42,539 - INFO - MSP Metrics using max entropy along path:
	AUROC 0.7241420952380953
	TNR 0.19866666666666666
	AUOUT 0.49882915175540044
2022-09-28 09:55:42,539 - INFO - ODIN Metrics using max entropy along path:
	AUROC 0.6118664761904762
	TNR 0.18400000000000005
	AUOUT 0.44616533684973164
2022-09-28 09:55:42,539 - INFO - MSP Metrics using predicted activations:
	AUROC 0.8040076190476191
	TNR 0.3773333333333333
	AUOUT 0.6648437858479489
2022-09-28 09:55:42,539 - INFO - ODIN Metrics using predicted activations:
	AUROC 0.2460752380952381
	TNR 0.0020000000000000018
	AUOUT 0.1978140000131404
2022-09-28 09:55:42,539 - INFO - MSP Metrics using mean entropy along path:
	AUROC 0.8020083809523809
	TNR 0.45266666666666666
	AUOUT 0.7035175424160147
2022-09-28 09:55:42,539 - INFO - ODIN Metrics using mean entropy along path:
	AUROC 0.47323790476190475
	TNR 0.06333333333333335
	AUOUT 0.2952535198882361
2022-09-28 09:55:42,539 - INFO - MSP Metrics using min entropy along path:
	AUROC 0.7441933333333334
	TNR 0.494
	AUOUT 0.6868768813214241
2022-09-28 09:55:42,539 - INFO - ODIN Metrics using min entropy along path:
	AUROC 0.7488474285714286
	TNR 0.4726666666666667
	AUOUT 0.6536148082496269
2022-09-28 09:55:42,539 - INFO - OOD Path entropy min idx (msp): [0. 1. 2. 3. 4.], [977 249  48   7 219]
2022-09-28 09:55:42,540 - INFO - OOD Path entropy min idx (odin): [0. 3. 4.], [1257    8  235]
2022-09-28 09:55:42,540 - INFO - OOD Dataset: iNaturalist
2022-09-28 09:55:42,540 - INFO - MSP AUROC Synset Performance
2022-09-28 09:55:42,540 - INFO - [-1, -1, -1, -1, -1, -1, -1, -1, -1, -1, -1, -1, -1, -1, -1, -1, -1, -1, -1, -1, -1, -1, -1, -1, -0.0, 0.8430728571428571, 0.8976832285714286, 0.9044056571428571]
2022-09-28 09:55:42,540 - INFO - MSP TNR Synset Performance
2022-09-28 09:55:42,540 - INFO - [-1, -1, -1, -1, -1, -1, -1, -1, -1, -1, -1, -1, -1, -1, -1, -1, -1, -1, -1, -1, -1, -1, -1, -1, 0.0, 0.3983, 0.6173, 0.5603]
2022-09-28 09:55:42,540 - INFO - MSP AUOUT Synset Performance
2022-09-28 09:55:42,540 - INFO - [-1, -1, -1, -1, -1, -1, -1, -1, -1, -1, -1, -1, -1, -1, -1, -1, -1, -1, -1, -1, -1, -1, -1, -1, 0.5275256468469287, 0.9306570129644056, 0.9599398722363994, 0.9574380366693354]
2022-09-28 09:55:42,540 - INFO - ODIN AUROC Synset Performance
2022-09-28 09:55:42,540 - INFO - [-1, -1, -1, -1, -1, -1, -1, -1, -1, -1, -1, -1, -1, -1, -1, -1, -1, -1, -1, -1, -1, -1, -1, -1, -0.0, 0.6733649714285714, 0.2988666, 0.5308487428571428]
2022-09-28 09:55:42,540 - INFO - ODIN TNR Synset Performance
2022-09-28 09:55:42,540 - INFO - [-1, -1, -1, -1, -1, -1, -1, -1, -1, -1, -1, -1, -1, -1, -1, -1, -1, -1, -1, -1, -1, -1, -1, -1, 0.0, 0.3862, 9.999999999998899e-05, 0.14549999999999996]
2022-09-28 09:55:42,540 - INFO - ODIN AUOUT Synset Performance
2022-09-28 09:55:42,540 - INFO - [-1, -1, -1, -1, -1, -1, -1, -1, -1, -1, -1, -1, -1, -1, -1, -1, -1, -1, -1, -1, -1, -1, -1, -1, 0.5275256468469287, 0.865217197796198, 0.6025012957422886, 0.7843944449101355]
2022-09-28 09:55:42,540 - INFO - MSP Metrics using max activations accumulated across all appropriate synsets:
	AUROC -0.0
	TNR 0.0
	AUOUT 0.5275256468469287
2022-09-28 09:55:42,540 - INFO - ODIN Metrics using max activations accumulated across all appropriate synsets:
	AUROC -0.0
	TNR 0.0
	AUOUT 0.5275256468469287
2022-09-28 09:55:42,540 - INFO - MSP Metrics using max entropy along path:
	AUROC 0.8430728571428571
	TNR 0.3983
	AUOUT 0.9306570129644056
2022-09-28 09:55:42,540 - INFO - ODIN Metrics using max entropy along path:
	AUROC 0.6733649714285714
	TNR 0.3862
	AUOUT 0.865217197796198
2022-09-28 09:55:42,540 - INFO - MSP Metrics using predicted activations:
	AUROC 0.8976832285714286
	TNR 0.6173
	AUOUT 0.9599398722363994
2022-09-28 09:55:42,540 - INFO - ODIN Metrics using predicted activations:
	AUROC 0.2988666
	TNR 9.999999999998899e-05
	AUOUT 0.6025012957422886
2022-09-28 09:55:42,540 - INFO - MSP Metrics using mean entropy along path:
	AUROC 0.9044056571428571
	TNR 0.5603
	AUOUT 0.9574380366693354
2022-09-28 09:55:42,540 - INFO - ODIN Metrics using mean entropy along path:
	AUROC 0.5308487428571428
	TNR 0.14549999999999996
	AUOUT 0.7843944449101355
2022-09-28 09:55:42,540 - INFO - MSP Metrics using min entropy along path:
	AUROC 0.8669431142857144
	TNR 0.3318
	AUOUT 0.9295508003631068
2022-09-28 09:55:42,540 - INFO - ODIN Metrics using min entropy along path:
	AUROC 0.8511425142857143
	TNR 0.2622
	AUOUT 0.9140076311194794
2022-09-28 09:55:42,541 - INFO - OOD Path entropy min idx (msp): [0. 1. 2. 3. 4.], [9164  425  168  156   87]
2022-09-28 09:55:42,541 - INFO - OOD Path entropy min idx (odin): [0. 3. 4.], [9822   91   87]
2022-09-28 09:55:42,541 - INFO - OOD Dataset: SUN
2022-09-28 09:55:42,541 - INFO - MSP AUROC Synset Performance
2022-09-28 09:55:42,541 - INFO - [-1, -1, -1, -1, -1, -1, -1, -1, -1, -1, -1, -1, -1, -1, -1, -1, -1, -1, -1, -1, -1, -1, -1, -1, -0.0, 0.8238588857142857, 0.9375348571428572, 0.9447157714285714]
2022-09-28 09:55:42,541 - INFO - MSP TNR Synset Performance
2022-09-28 09:55:42,541 - INFO - [-1, -1, -1, -1, -1, -1, -1, -1, -1, -1, -1, -1, -1, -1, -1, -1, -1, -1, -1, -1, -1, -1, -1, -1, 0.0, 0.362, 0.7332000000000001, 0.685]
2022-09-28 09:55:42,541 - INFO - MSP AUOUT Synset Performance
2022-09-28 09:55:42,541 - INFO - [-1, -1, -1, -1, -1, -1, -1, -1, -1, -1, -1, -1, -1, -1, -1, -1, -1, -1, -1, -1, -1, -1, -1, -1, 0.5275256468469287, 0.9201372581411158, 0.9751367860746574, 0.973908933019505]
2022-09-28 09:55:42,541 - INFO - ODIN AUROC Synset Performance
2022-09-28 09:55:42,541 - INFO - [-1, -1, -1, -1, -1, -1, -1, -1, -1, -1, -1, -1, -1, -1, -1, -1, -1, -1, -1, -1, -1, -1, -1, -1, -0.0, 0.7883924, 0.2119787714285714, 0.6185388285714285]
2022-09-28 09:55:42,541 - INFO - ODIN TNR Synset Performance
2022-09-28 09:55:42,541 - INFO - [-1, -1, -1, -1, -1, -1, -1, -1, -1, -1, -1, -1, -1, -1, -1, -1, -1, -1, -1, -1, -1, -1, -1, -1, 0.0, 0.6524, 0.0, 0.23140000000000005]
2022-09-28 09:55:42,541 - INFO - ODIN AUOUT Synset Performance
2022-09-28 09:55:42,541 - INFO - [-1, -1, -1, -1, -1, -1, -1, -1, -1, -1, -1, -1, -1, -1, -1, -1, -1, -1, -1, -1, -1, -1, -1, -1, 0.5275256468469287, 0.928661361849812, 0.5768075692923429, 0.8362442728607429]
2022-09-28 09:55:42,541 - INFO - MSP Metrics using max activations accumulated across all appropriate synsets:
	AUROC -0.0
	TNR 0.0
	AUOUT 0.5275256468469287
2022-09-28 09:55:42,542 - INFO - ODIN Metrics using max activations accumulated across all appropriate synsets:
	AUROC -0.0
	TNR 0.0
	AUOUT 0.5275256468469287
2022-09-28 09:55:42,542 - INFO - MSP Metrics using max entropy along path:
	AUROC 0.8238588857142857
	TNR 0.362
	AUOUT 0.9201372581411158
2022-09-28 09:55:42,542 - INFO - ODIN Metrics using max entropy along path:
	AUROC 0.7883924
	TNR 0.6524
	AUOUT 0.928661361849812
2022-09-28 09:55:42,542 - INFO - MSP Metrics using predicted activations:
	AUROC 0.9375348571428572
	TNR 0.7332000000000001
	AUOUT 0.9751367860746574
2022-09-28 09:55:42,542 - INFO - ODIN Metrics using predicted activations:
	AUROC 0.2119787714285714
	TNR 0.0
	AUOUT 0.5768075692923429
2022-09-28 09:55:42,542 - INFO - MSP Metrics using mean entropy along path:
	AUROC 0.9447157714285714
	TNR 0.685
	AUOUT 0.973908933019505
2022-09-28 09:55:42,542 - INFO - ODIN Metrics using mean entropy along path:
	AUROC 0.6185388285714285
	TNR 0.23140000000000005
	AUOUT 0.8362442728607429
2022-09-28 09:55:42,542 - INFO - MSP Metrics using min entropy along path:
	AUROC 0.9229311714285714
	TNR 0.7436
	AUOUT 0.9703227942184736
2022-09-28 09:55:42,542 - INFO - ODIN Metrics using min entropy along path:
	AUROC 0.9180375428571429
	TNR 0.7049000000000001
	AUOUT 0.9596594159392832
2022-09-28 09:55:42,542 - INFO - OOD Path entropy min idx (msp): [0. 1. 2. 3. 4.], [6445 2724  289  100  442]
2022-09-28 09:55:42,543 - INFO - OOD Path entropy min idx (odin): [0. 3. 4.], [9372   47  581]
2022-09-28 09:55:42,543 - INFO - OOD Dataset: Places
2022-09-28 09:55:42,543 - INFO - MSP AUROC Synset Performance
2022-09-28 09:55:42,543 - INFO - [-1, -1, -1, -1, -1, -1, -1, -1, -1, -1, -1, -1, -1, -1, -1, -1, -1, -1, -1, -1, -1, -1, -1, -1, -0.0, 0.8059111428571429, 0.9183849142857143, 0.9284463714285714]
2022-09-28 09:55:42,543 - INFO - MSP TNR Synset Performance
2022-09-28 09:55:42,543 - INFO - [-1, -1, -1, -1, -1, -1, -1, -1, -1, -1, -1, -1, -1, -1, -1, -1, -1, -1, -1, -1, -1, -1, -1, -1, 0.0, 0.3207, 0.6702, 0.6375]
2022-09-28 09:55:42,543 - INFO - MSP AUOUT Synset Performance
2022-09-28 09:55:42,543 - INFO - [-1, -1, -1, -1, -1, -1, -1, -1, -1, -1, -1, -1, -1, -1, -1, -1, -1, -1, -1, -1, -1, -1, -1, -1, 0.5275256468469287, 0.9099398868862525, 0.9678157733241788, 0.9683087935675916]
2022-09-28 09:55:42,543 - INFO - ODIN AUROC Synset Performance
2022-09-28 09:55:42,543 - INFO - [-1, -1, -1, -1, -1, -1, -1, -1, -1, -1, -1, -1, -1, -1, -1, -1, -1, -1, -1, -1, -1, -1, -1, -1, -0.0, 0.7534949714285715, 0.22007179999999998, 0.5956098571428572]
2022-09-28 09:55:42,543 - INFO - ODIN TNR Synset Performance
2022-09-28 09:55:42,543 - INFO - [-1, -1, -1, -1, -1, -1, -1, -1, -1, -1, -1, -1, -1, -1, -1, -1, -1, -1, -1, -1, -1, -1, -1, -1, 0.0, 0.575, 0.00029999999999996696, 0.23839999999999995]
2022-09-28 09:55:42,543 - INFO - ODIN AUOUT Synset Performance
2022-09-28 09:55:42,543 - INFO - [-1, -1, -1, -1, -1, -1, -1, -1, -1, -1, -1, -1, -1, -1, -1, -1, -1, -1, -1, -1, -1, -1, -1, -1, 0.5275256468469287, 0.9141970763298417, 0.5784283792718543, 0.8290613317756632]
2022-09-28 09:55:42,543 - INFO - MSP Metrics using max activations accumulated across all appropriate synsets:
	AUROC -0.0
	TNR 0.0
	AUOUT 0.5275256468469287
2022-09-28 09:55:42,543 - INFO - ODIN Metrics using max activations accumulated across all appropriate synsets:
	AUROC -0.0
	TNR 0.0
	AUOUT 0.5275256468469287
2022-09-28 09:55:42,543 - INFO - MSP Metrics using max entropy along path:
	AUROC 0.8059111428571429
	TNR 0.3207
	AUOUT 0.9099398868862525
2022-09-28 09:55:42,543 - INFO - ODIN Metrics using max entropy along path:
	AUROC 0.7534949714285715
	TNR 0.575
	AUOUT 0.9141970763298417
2022-09-28 09:55:42,543 - INFO - MSP Metrics using predicted activations:
	AUROC 0.9183849142857143
	TNR 0.6702
	AUOUT 0.9678157733241788
2022-09-28 09:55:42,543 - INFO - ODIN Metrics using predicted activations:
	AUROC 0.22007179999999998
	TNR 0.00029999999999996696
	AUOUT 0.5784283792718543
2022-09-28 09:55:42,543 - INFO - MSP Metrics using mean entropy along path:
	AUROC 0.9284463714285714
	TNR 0.6375
	AUOUT 0.9683087935675916
2022-09-28 09:55:42,543 - INFO - ODIN Metrics using mean entropy along path:
	AUROC 0.5956098571428572
	TNR 0.23839999999999995
	AUOUT 0.8290613317756632
2022-09-28 09:55:42,543 - INFO - MSP Metrics using min entropy along path:
	AUROC 0.9080580285714287
	TNR 0.6985
	AUOUT 0.9650848304830874
2022-09-28 09:55:42,543 - INFO - ODIN Metrics using min entropy along path:
	AUROC 0.9030739428571428
	TNR 0.665
	AUOUT 0.9544817855908231
2022-09-28 09:55:42,544 - INFO - OOD Path entropy min idx (msp): [0. 1. 2. 3. 4.], [6532 2585  303  113  467]
2022-09-28 09:55:42,544 - INFO - OOD Path entropy min idx (odin): [0. 3. 4.], [9335   84  581]
2022-09-28 09:55:42,544 - INFO - OOD Dataset: Textures
2022-09-28 09:55:42,544 - INFO - MSP AUROC Synset Performance
2022-09-28 09:55:42,544 - INFO - [-1, -1, -1, -1, -1, -1, -1, -1, -1, -1, -1, -1, -1, -1, -1, -1, -1, -1, -1, -1, -1, -1, -1, -1, -0.0, 0.7453804964539007, 0.8525248733535968, 0.8949083080040527]
2022-09-28 09:55:42,544 - INFO - MSP TNR Synset Performance
2022-09-28 09:55:42,544 - INFO - [-1, -1, -1, -1, -1, -1, -1, -1, -1, -1, -1, -1, -1, -1, -1, -1, -1, -1, -1, -1, -1, -1, -1, -1, 0.0, 0.2262411347517731, 0.5294326241134752, 0.5790780141843972]
2022-09-28 09:55:42,544 - INFO - MSP AUOUT Synset Performance
2022-09-28 09:55:42,544 - INFO - [-1, -1, -1, -1, -1, -1, -1, -1, -1, -1, -1, -1, -1, -1, -1, -1, -1, -1, -1, -1, -1, -1, -1, -1, 0.4043189752277335, 0.8072899126529247, 0.9082936742568766, 0.9305340952769272]
2022-09-28 09:55:42,544 - INFO - ODIN AUROC Synset Performance
2022-09-28 09:55:42,544 - INFO - [-1, -1, -1, -1, -1, -1, -1, -1, -1, -1, -1, -1, -1, -1, -1, -1, -1, -1, -1, -1, -1, -1, -1, -1, -0.0, 0.619331914893617, 0.21831757852076997, 0.6194122087132725]
2022-09-28 09:55:42,544 - INFO - ODIN TNR Synset Performance
2022-09-28 09:55:42,544 - INFO - [-1, -1, -1, -1, -1, -1, -1, -1, -1, -1, -1, -1, -1, -1, -1, -1, -1, -1, -1, -1, -1, -1, -1, -1, 0.0, 0.35815602836879434, 0.0, 0.20283687943262407]
2022-09-28 09:55:42,544 - INFO - ODIN AUOUT Synset Performance
2022-09-28 09:55:42,545 - INFO - [-1, -1, -1, -1, -1, -1, -1, -1, -1, -1, -1, -1, -1, -1, -1, -1, -1, -1, -1, -1, -1, -1, -1, -1, 0.4043189752277335, 0.7731977978085605, 0.45290807080135326, 0.7337117723477125]
2022-09-28 09:55:42,545 - INFO - MSP Metrics using max activations accumulated across all appropriate synsets:
	AUROC -0.0
	TNR 0.0
	AUOUT 0.4043189752277335
2022-09-28 09:55:42,545 - INFO - ODIN Metrics using max activations accumulated across all appropriate synsets:
	AUROC -0.0
	TNR 0.0
	AUOUT 0.4043189752277335
2022-09-28 09:55:42,545 - INFO - MSP Metrics using max entropy along path:
	AUROC 0.7453804964539007
	TNR 0.2262411347517731
	AUOUT 0.8072899126529247
2022-09-28 09:55:42,545 - INFO - ODIN Metrics using max entropy along path:
	AUROC 0.619331914893617
	TNR 0.35815602836879434
	AUOUT 0.7731977978085605
2022-09-28 09:55:42,545 - INFO - MSP Metrics using predicted activations:
	AUROC 0.8525248733535968
	TNR 0.5294326241134752
	AUOUT 0.9082936742568766
2022-09-28 09:55:42,545 - INFO - ODIN Metrics using predicted activations:
	AUROC 0.21831757852076997
	TNR 0.0
	AUOUT 0.45290807080135326
2022-09-28 09:55:42,545 - INFO - MSP Metrics using mean entropy along path:
	AUROC 0.8949083080040527
	TNR 0.5790780141843972
	AUOUT 0.9305340952769272
2022-09-28 09:55:42,545 - INFO - ODIN Metrics using mean entropy along path:
	AUROC 0.6194122087132725
	TNR 0.20283687943262407
	AUOUT 0.7337117723477125
2022-09-28 09:55:42,545 - INFO - MSP Metrics using min entropy along path:
	AUROC 0.9227496960486322
	TNR 0.7051418439716313
	AUOUT 0.9500419589122345
2022-09-28 09:55:42,545 - INFO - ODIN Metrics using min entropy along path:
	AUROC 0.9175660081053698
	TNR 0.6716312056737589
	AUOUT 0.9328344955315462
2022-09-28 09:55:42,545 - INFO - OOD Path entropy min idx (msp): [0. 1. 2. 3. 4.], [3859 1185  261  155  180]
2022-09-28 09:55:42,545 - INFO - OOD Path entropy min idx (odin): [0. 3. 4.], [5313  141  186]
2022-09-28 09:55:42,545 - INFO - OOD Dataset: balanced100-coarseood
2022-09-28 09:55:42,545 - INFO - MSP AUROC Synset Performance
2022-09-28 09:55:42,545 - INFO - [-1, -1, -1, -1, -1, -1, -1, -1, -1, -1, -1, -1, -1, -1, -1, -1, -1, -1, -1, -1, -1, -1, -1, -1, -0.0, 0.8394788571428572, 0.9203653333333333, 0.9656049523809523]
2022-09-28 09:55:42,546 - INFO - MSP TNR Synset Performance
2022-09-28 09:55:42,546 - INFO - [-1, -1, -1, -1, -1, -1, -1, -1, -1, -1, -1, -1, -1, -1, -1, -1, -1, -1, -1, -1, -1, -1, -1, -1, 0.0, 0.33066666666666666, 0.6026666666666667, 0.7786666666666666]
2022-09-28 09:55:42,546 - INFO - MSP AUOUT Synset Performance
2022-09-28 09:55:42,546 - INFO - [-1, -1, -1, -1, -1, -1, -1, -1, -1, -1, -1, -1, -1, -1, -1, -1, -1, -1, -1, -1, -1, -1, -1, -1, 0.09393858905968093, 0.47902415332591103, 0.7164951349735983, 0.8452841561638039]
2022-09-28 09:55:42,546 - INFO - ODIN AUROC Synset Performance
2022-09-28 09:55:42,546 - INFO - [-1, -1, -1, -1, -1, -1, -1, -1, -1, -1, -1, -1, -1, -1, -1, -1, -1, -1, -1, -1, -1, -1, -1, -1, -0.0, 0.48283047619047614, 0.15127999999999997, 0.5439093333333334]
2022-09-28 09:55:42,546 - INFO - ODIN TNR Synset Performance
2022-09-28 09:55:42,546 - INFO - [-1, -1, -1, -1, -1, -1, -1, -1, -1, -1, -1, -1, -1, -1, -1, -1, -1, -1, -1, -1, -1, -1, -1, -1, 0.0, 0.124, 0.0, 0.03600000000000003]
2022-09-28 09:55:42,546 - INFO - ODIN AUOUT Synset Performance
2022-09-28 09:55:42,546 - INFO - [-1, -1, -1, -1, -1, -1, -1, -1, -1, -1, -1, -1, -1, -1, -1, -1, -1, -1, -1, -1, -1, -1, -1, -1, 0.09393858905968093, 0.21628934842383762, 0.1061854272334047, 0.19782366172239435]
2022-09-28 09:55:42,546 - INFO - MSP Metrics using max activations accumulated across all appropriate synsets:
	AUROC -0.0
	TNR 0.0
	AUOUT 0.09393858905968093
2022-09-28 09:55:42,546 - INFO - ODIN Metrics using max activations accumulated across all appropriate synsets:
	AUROC -0.0
	TNR 0.0
	AUOUT 0.09393858905968093
2022-09-28 09:55:42,546 - INFO - MSP Metrics using max entropy along path:
	AUROC 0.8394788571428572
	TNR 0.33066666666666666
	AUOUT 0.47902415332591103
2022-09-28 09:55:42,546 - INFO - ODIN Metrics using max entropy along path:
	AUROC 0.48283047619047614
	TNR 0.124
	AUOUT 0.21628934842383762
2022-09-28 09:55:42,546 - INFO - MSP Metrics using predicted activations:
	AUROC 0.9203653333333333
	TNR 0.6026666666666667
	AUOUT 0.7164951349735983
2022-09-28 09:55:42,546 - INFO - ODIN Metrics using predicted activations:
	AUROC 0.15127999999999997
	TNR 0.0
	AUOUT 0.1061854272334047
2022-09-28 09:55:42,546 - INFO - MSP Metrics using mean entropy along path:
	AUROC 0.9656049523809523
	TNR 0.7786666666666666
	AUOUT 0.8452841561638039
2022-09-28 09:55:42,546 - INFO - ODIN Metrics using mean entropy along path:
	AUROC 0.5439093333333334
	TNR 0.03600000000000003
	AUOUT 0.19782366172239435
2022-09-28 09:55:42,546 - INFO - MSP Metrics using min entropy along path:
	AUROC 0.945552
	TNR 0.84
	AUOUT 0.8384528114274163
2022-09-28 09:55:42,546 - INFO - ODIN Metrics using min entropy along path:
	AUROC 0.9391752380952381
	TNR 0.796
	AUOUT 0.7579256499565339
2022-09-28 09:55:42,546 - INFO - OOD Path entropy min idx (msp): [0. 1. 2. 3. 4.], [613  83  25   4  25]
2022-09-28 09:55:42,547 - INFO - OOD Path entropy min idx (odin): [0. 3. 4.], [709   5  36]
2022-09-28 09:55:42,547 - INFO - OOD Dataset: balanced100-mediumood
2022-09-28 09:55:42,547 - INFO - MSP AUROC Synset Performance
2022-09-28 09:55:42,547 - INFO - [-1, -1, -1, -1, -1, -1, -1, -1, -1, -1, -1, -1, -1, -1, -1, -1, -1, -1, -1, -1, -1, -1, -1, -1, -0.0, 0.7130068571428572, 0.7590982857142858, 0.6265737142857143]
2022-09-28 09:55:42,547 - INFO - MSP TNR Synset Performance
2022-09-28 09:55:42,547 - INFO - [-1, -1, -1, -1, -1, -1, -1, -1, -1, -1, -1, -1, -1, -1, -1, -1, -1, -1, -1, -1, -1, -1, -1, -1, 0.0, 0.040000000000000036, 0.11599999999999999, 0.040000000000000036]
2022-09-28 09:55:42,547 - INFO - MSP AUOUT Synset Performance
2022-09-28 09:55:42,547 - INFO - [-1, -1, -1, -1, -1, -1, -1, -1, -1, -1, -1, -1, -1, -1, -1, -1, -1, -1, -1, -1, -1, -1, -1, -1, 0.03409978690754759, 0.10313467359732804, 0.1364362237238438, 0.08251693420623085]
2022-09-28 09:55:42,547 - INFO - ODIN AUROC Synset Performance
2022-09-28 09:55:42,547 - INFO - [-1, -1, -1, -1, -1, -1, -1, -1, -1, -1, -1, -1, -1, -1, -1, -1, -1, -1, -1, -1, -1, -1, -1, -1, -0.0, 0.8759085714285715, 0.3625977142857143, 0.4117954285714286]
2022-09-28 09:55:42,547 - INFO - ODIN TNR Synset Performance
2022-09-28 09:55:42,547 - INFO - [-1, -1, -1, -1, -1, -1, -1, -1, -1, -1, -1, -1, -1, -1, -1, -1, -1, -1, -1, -1, -1, -1, -1, -1, 0.0, 0.31599999999999995, 0.0, 0.08799999999999997]
2022-09-28 09:55:42,547 - INFO - ODIN AUOUT Synset Performance
2022-09-28 09:55:42,547 - INFO - [-1, -1, -1, -1, -1, -1, -1, -1, -1, -1, -1, -1, -1, -1, -1, -1, -1, -1, -1, -1, -1, -1, -1, -1, 0.03409978690754759, 0.2614558387321571, 0.04796232318947939, 0.06208671457431551]
2022-09-28 09:55:42,547 - INFO - MSP Metrics using max activations accumulated across all appropriate synsets:
	AUROC -0.0
	TNR 0.0
	AUOUT 0.03409978690754759
2022-09-28 09:55:42,547 - INFO - ODIN Metrics using max activations accumulated across all appropriate synsets:
	AUROC -0.0
	TNR 0.0
	AUOUT 0.03409978690754759
2022-09-28 09:55:42,547 - INFO - MSP Metrics using max entropy along path:
	AUROC 0.7130068571428572
	TNR 0.040000000000000036
	AUOUT 0.10313467359732804
2022-09-28 09:55:42,547 - INFO - ODIN Metrics using max entropy along path:
	AUROC 0.8759085714285715
	TNR 0.31599999999999995
	AUOUT 0.2614558387321571
2022-09-28 09:55:42,547 - INFO - MSP Metrics using predicted activations:
	AUROC 0.7590982857142858
	TNR 0.11599999999999999
	AUOUT 0.1364362237238438
2022-09-28 09:55:42,547 - INFO - ODIN Metrics using predicted activations:
	AUROC 0.3625977142857143
	TNR 0.0
	AUOUT 0.04796232318947939
2022-09-28 09:55:42,547 - INFO - MSP Metrics using mean entropy along path:
	AUROC 0.6265737142857143
	TNR 0.040000000000000036
	AUOUT 0.08251693420623085
2022-09-28 09:55:42,547 - INFO - ODIN Metrics using mean entropy along path:
	AUROC 0.4117954285714286
	TNR 0.08799999999999997
	AUOUT 0.06208671457431551
2022-09-28 09:55:42,547 - INFO - MSP Metrics using min entropy along path:
	AUROC 0.240384
	TNR 0.020000000000000018
	AUOUT 0.04329423113021449
2022-09-28 09:55:42,547 - INFO - ODIN Metrics using min entropy along path:
	AUROC 0.2479085714285714
	TNR 0.02400000000000002
	AUOUT 0.0446614216910733
2022-09-28 09:55:42,548 - INFO - OOD Path entropy min idx (msp): [0. 1. 2. 3. 4.], [ 50  22  11   1 166]
2022-09-28 09:55:42,548 - INFO - OOD Path entropy min idx (odin): [0. 3. 4.], [ 83   1 166]
2022-09-28 09:55:42,548 - INFO - OOD Dataset: balanced100-fineood
2022-09-28 09:55:42,548 - INFO - MSP AUROC Synset Performance
2022-09-28 09:55:42,548 - INFO - [-1, -1, -1, -1, -1, -1, -1, -1, -1, -1, -1, -1, -1, -1, -1, -1, -1, -1, -1, -1, -1, -1, -1, -1, -0.0, 0.5567045714285714, 0.6519245714285714, 0.6443302857142857]
2022-09-28 09:55:42,548 - INFO - MSP TNR Synset Performance
2022-09-28 09:55:42,548 - INFO - [-1, -1, -1, -1, -1, -1, -1, -1, -1, -1, -1, -1, -1, -1, -1, -1, -1, -1, -1, -1, -1, -1, -1, -1, 0.0, 0.07999999999999996, 0.17000000000000004, 0.17000000000000004]
2022-09-28 09:55:42,548 - INFO - MSP AUOUT Synset Performance
2022-09-28 09:55:42,548 - INFO - [-1, -1, -1, -1, -1, -1, -1, -1, -1, -1, -1, -1, -1, -1, -1, -1, -1, -1, -1, -1, -1, -1, -1, -1, 0.06528024046762752, 0.1411123786553174, 0.23180877758303153, 0.2416553463252452]
2022-09-28 09:55:42,548 - INFO - ODIN AUROC Synset Performance
2022-09-28 09:55:42,548 - INFO - [-1, -1, -1, -1, -1, -1, -1, -1, -1, -1, -1, -1, -1, -1, -1, -1, -1, -1, -1, -1, -1, -1, -1, -1, -0.0, 0.6733662857142857, 0.33000628571428575, 0.3979628571428572]
2022-09-28 09:55:42,548 - INFO - ODIN TNR Synset Performance
2022-09-28 09:55:42,548 - INFO - [-1, -1, -1, -1, -1, -1, -1, -1, -1, -1, -1, -1, -1, -1, -1, -1, -1, -1, -1, -1, -1, -1, -1, -1, 0.0, 0.20799999999999996, 0.006000000000000005, 0.09199999999999997]
2022-09-28 09:55:42,548 - INFO - ODIN AUOUT Synset Performance
2022-09-28 09:55:42,548 - INFO - [-1, -1, -1, -1, -1, -1, -1, -1, -1, -1, -1, -1, -1, -1, -1, -1, -1, -1, -1, -1, -1, -1, -1, -1, 0.06528024046762752, 0.2832881451952552, 0.08581118014835015, 0.11936868566650388]
2022-09-28 09:55:42,548 - INFO - MSP Metrics using max activations accumulated across all appropriate synsets:
	AUROC -0.0
	TNR 0.0
	AUOUT 0.06528024046762752
2022-09-28 09:55:42,548 - INFO - ODIN Metrics using max activations accumulated across all appropriate synsets:
	AUROC -0.0
	TNR 0.0
	AUOUT 0.06528024046762752
2022-09-28 09:55:42,548 - INFO - MSP Metrics using max entropy along path:
	AUROC 0.5567045714285714
	TNR 0.07999999999999996
	AUOUT 0.1411123786553174
2022-09-28 09:55:42,548 - INFO - ODIN Metrics using max entropy along path:
	AUROC 0.6733662857142857
	TNR 0.20799999999999996
	AUOUT 0.2832881451952552
2022-09-28 09:55:42,549 - INFO - MSP Metrics using predicted activations:
	AUROC 0.6519245714285714
	TNR 0.17000000000000004
	AUOUT 0.23180877758303153
2022-09-28 09:55:42,549 - INFO - ODIN Metrics using predicted activations:
	AUROC 0.33000628571428575
	TNR 0.006000000000000005
	AUOUT 0.08581118014835015
2022-09-28 09:55:42,549 - INFO - MSP Metrics using mean entropy along path:
	AUROC 0.6443302857142857
	TNR 0.17000000000000004
	AUOUT 0.2416553463252452
2022-09-28 09:55:42,549 - INFO - ODIN Metrics using mean entropy along path:
	AUROC 0.3979628571428572
	TNR 0.09199999999999997
	AUOUT 0.11936868566650388
2022-09-28 09:55:42,549 - INFO - MSP Metrics using min entropy along path:
	AUROC 0.69406
	TNR 0.21199999999999997
	AUOUT 0.276946556782228
2022-09-28 09:55:42,549 - INFO - ODIN Metrics using min entropy along path:
	AUROC 0.7138371428571428
	TNR 0.21199999999999997
	AUOUT 0.2731488644126048
2022-09-28 09:55:42,549 - INFO - OOD Path entropy min idx (msp): [0. 1. 2. 3. 4.], [314 144  12   2  28]
2022-09-28 09:55:42,549 - INFO - OOD Path entropy min idx (odin): [0. 3. 4.], [465   2  33]
2022-09-28 09:55:42,549 - INFO - OOD Dataset: balanced100-finemediumood
2022-09-28 09:55:42,549 - INFO - MSP AUROC Synset Performance
2022-09-28 09:55:42,549 - INFO - [-1, -1, -1, -1, -1, -1, -1, -1, -1, -1, -1, -1, -1, -1, -1, -1, -1, -1, -1, -1, -1, -1, -1, -1, -0.0, 0.6088053333333334, 0.6876491428571428, 0.6384114285714286]
2022-09-28 09:55:42,549 - INFO - MSP TNR Synset Performance
2022-09-28 09:55:42,549 - INFO - [-1, -1, -1, -1, -1, -1, -1, -1, -1, -1, -1, -1, -1, -1, -1, -1, -1, -1, -1, -1, -1, -1, -1, -1, 0.0, 0.06666666666666665, 0.15200000000000002, 0.1266666666666667]
2022-09-28 09:55:42,549 - INFO - MSP AUOUT Synset Performance
2022-09-28 09:55:42,549 - INFO - [-1, -1, -1, -1, -1, -1, -1, -1, -1, -1, -1, -1, -1, -1, -1, -1, -1, -1, -1, -1, -1, -1, -1, -1, 0.09393858905968093, 0.21369768438595876, 0.30973757031586235, 0.2767439226707119]
2022-09-28 09:55:42,549 - INFO - ODIN AUROC Synset Performance
2022-09-28 09:55:42,549 - INFO - [-1, -1, -1, -1, -1, -1, -1, -1, -1, -1, -1, -1, -1, -1, -1, -1, -1, -1, -1, -1, -1, -1, -1, -1, -0.0, 0.740880380952381, 0.34087009523809525, 0.4025737142857143]
2022-09-28 09:55:42,549 - INFO - ODIN TNR Synset Performance
2022-09-28 09:55:42,549 - INFO - [-1, -1, -1, -1, -1, -1, -1, -1, -1, -1, -1, -1, -1, -1, -1, -1, -1, -1, -1, -1, -1, -1, -1, -1, 0.0, 0.244, 0.0040000000000000036, 0.09066666666666667]
2022-09-28 09:55:42,550 - INFO - ODIN AUOUT Synset Performance
2022-09-28 09:55:42,550 - INFO - [-1, -1, -1, -1, -1, -1, -1, -1, -1, -1, -1, -1, -1, -1, -1, -1, -1, -1, -1, -1, -1, -1, -1, -1, 0.09393858905968093, 0.41146236865403657, 0.12463500136099567, 0.1652688925149196]
2022-09-28 09:55:42,550 - INFO - MSP Metrics using max activations accumulated across all appropriate synsets:
	AUROC -0.0
	TNR 0.0
	AUOUT 0.09393858905968093
2022-09-28 09:55:42,550 - INFO - ODIN Metrics using max activations accumulated across all appropriate synsets:
	AUROC -0.0
	TNR 0.0
	AUOUT 0.09393858905968093
2022-09-28 09:55:42,550 - INFO - MSP Metrics using max entropy along path:
	AUROC 0.6088053333333334
	TNR 0.06666666666666665
	AUOUT 0.21369768438595876
2022-09-28 09:55:42,550 - INFO - ODIN Metrics using max entropy along path:
	AUROC 0.740880380952381
	TNR 0.244
	AUOUT 0.41146236865403657
2022-09-28 09:55:42,550 - INFO - MSP Metrics using predicted activations:
	AUROC 0.6876491428571428
	TNR 0.15200000000000002
	AUOUT 0.30973757031586235
2022-09-28 09:55:42,550 - INFO - ODIN Metrics using predicted activations:
	AUROC 0.34087009523809525
	TNR 0.0040000000000000036
	AUOUT 0.12463500136099567
2022-09-28 09:55:42,550 - INFO - MSP Metrics using mean entropy along path:
	AUROC 0.6384114285714286
	TNR 0.1266666666666667
	AUOUT 0.2767439226707119
2022-09-28 09:55:42,550 - INFO - ODIN Metrics using mean entropy along path:
	AUROC 0.4025737142857143
	TNR 0.09066666666666667
	AUOUT 0.1652688925149196
2022-09-28 09:55:42,550 - INFO - MSP Metrics using min entropy along path:
	AUROC 0.5428346666666667
	TNR 0.14800000000000002
	AUOUT 0.26274468192814127
2022-09-28 09:55:42,550 - INFO - ODIN Metrics using min entropy along path:
	AUROC 0.5585276190476192
	TNR 0.14933333333333332
	AUOUT 0.26317910546682416
2022-09-28 09:55:42,550 - INFO - OOD Path entropy min idx (msp): [0. 1. 2. 3. 4.], [364 166  23   3 194]
2022-09-28 09:55:42,550 - INFO - OOD Path entropy min idx (odin): [0. 3. 4.], [548   3 199]
2022-09-28 09:55:54,047 - INFO - Computing OOD Statistics...
2022-09-28 09:56:12,140 - INFO - Computing OOD Statistics...
2022-09-28 09:56:44,198 - INFO - Computing OOD Statistics...
2022-09-28 09:56:59,829 - INFO - Computing OOD Statistics...
2022-09-28 09:57:10,019 - INFO - Computing OOD Statistics...
2022-09-28 09:57:13,874 - INFO - Computing OOD Statistics...
2022-09-28 09:57:18,448 - INFO - Computing OOD Statistics...
2022-09-28 09:57:23,371 - INFO - Computing OOD Statistics...
2022-09-28 09:57:29,013 - INFO - Computing OOD Statistics...
2022-09-28 09:57:29,026 - INFO - OOD Dataset: OOD
2022-09-28 09:57:29,027 - INFO - MSP AUROC [0.7644449523809523]
2022-09-28 09:57:29,027 - INFO - MSP TNR [0.3586666666666667]
2022-09-28 09:57:29,027 - INFO - MSP AUOUT [0.6186459386047305]
2022-09-28 09:57:29,027 - INFO - ODIN AUROC [0.7937040000000001]
2022-09-28 09:57:29,027 - INFO - ODIN TNR [0.42466666666666664]
2022-09-28 09:57:29,027 - INFO - ODIN AUOUT [0.6592813310985095]
2022-09-28 09:57:29,028 - INFO - OOD Dataset: iNaturalist
2022-09-28 09:57:29,028 - INFO - MSP AUROC [0.8731017428571428]
2022-09-28 09:57:29,028 - INFO - MSP TNR [0.42969999999999997]
2022-09-28 09:57:29,028 - INFO - MSP AUOUT [0.9431089550925227]
2022-09-28 09:57:29,028 - INFO - ODIN AUROC [0.9191312857142857]
2022-09-28 09:57:29,028 - INFO - ODIN TNR [0.503]
2022-09-28 09:57:29,028 - INFO - ODIN AUOUT [0.9601964642081027]
2022-09-28 09:57:29,028 - INFO - OOD Dataset: SUN
2022-09-28 09:57:29,028 - INFO - MSP AUROC [0.9187615714285715]
2022-09-28 09:57:29,028 - INFO - MSP TNR [0.5413]
2022-09-28 09:57:29,028 - INFO - MSP AUOUT [0.9605311725421163]
2022-09-28 09:57:29,028 - INFO - ODIN AUROC [0.9472242285714285]
2022-09-28 09:57:29,028 - INFO - ODIN TNR [0.6608]
2022-09-28 09:57:29,028 - INFO - ODIN AUOUT [0.9728007091663341]
2022-09-28 09:57:29,028 - INFO - OOD Dataset: Places
2022-09-28 09:57:29,028 - INFO - MSP AUROC [0.9009048000000001]
2022-09-28 09:57:29,028 - INFO - MSP TNR [0.5181]
2022-09-28 09:57:29,028 - INFO - MSP AUOUT [0.9551604571180066]
2022-09-28 09:57:29,028 - INFO - ODIN AUROC [0.9310044571428572]
2022-09-28 09:57:29,028 - INFO - ODIN TNR [0.6112]
2022-09-28 09:57:29,028 - INFO - ODIN AUOUT [0.9675209857681035]
2022-09-28 09:57:29,029 - INFO - OOD Dataset: Textures
2022-09-28 09:57:29,029 - INFO - MSP AUROC [0.9105931610942248]
2022-09-28 09:57:29,029 - INFO - MSP TNR [0.6290780141843972]
2022-09-28 09:57:29,029 - INFO - MSP AUOUT [0.9408962384022078]
2022-09-28 09:57:29,029 - INFO - ODIN AUROC [0.9378629179331307]
2022-09-28 09:57:29,029 - INFO - ODIN TNR [0.6703900709219859]
2022-09-28 09:57:29,029 - INFO - ODIN AUOUT [0.954669100036945]
2022-09-28 09:57:29,029 - INFO - OOD Dataset: balanced100-coarseood
2022-09-28 09:57:29,029 - INFO - MSP AUROC [0.9365512380952381]
2022-09-28 09:57:29,029 - INFO - MSP TNR [0.608]
2022-09-28 09:57:29,029 - INFO - MSP AUOUT [0.695654523742517]
2022-09-28 09:57:29,029 - INFO - ODIN AUROC [0.9585497142857143]
2022-09-28 09:57:29,029 - INFO - ODIN TNR [0.7333333333333334]
2022-09-28 09:57:29,029 - INFO - ODIN AUOUT [0.7601577210804833]
2022-09-28 09:57:29,029 - INFO - OOD Dataset: balanced100-mediumood
2022-09-28 09:57:29,029 - INFO - MSP AUROC [0.5360605714285714]
2022-09-28 09:57:29,029 - INFO - MSP TNR [0.04800000000000004]
2022-09-28 09:57:29,029 - INFO - MSP AUOUT [0.07226910444475983]
2022-09-28 09:57:29,029 - INFO - ODIN AUROC [0.5724548571428572]
2022-09-28 09:57:29,029 - INFO - ODIN TNR [0.03200000000000003]
2022-09-28 09:57:29,029 - INFO - ODIN AUOUT [0.07430872327332555]
2022-09-28 09:57:29,029 - INFO - OOD Dataset: balanced100-fineood
2022-09-28 09:57:29,029 - INFO - MSP AUROC [0.6204771428571428]
2022-09-28 09:57:29,030 - INFO - MSP TNR [0.14]
2022-09-28 09:57:29,030 - INFO - MSP AUOUT [0.19998892816023034]
2022-09-28 09:57:29,030 - INFO - ODIN AUROC [0.6570605714285714]
2022-09-28 09:57:29,030 - INFO - ODIN TNR [0.15800000000000003]
2022-09-28 09:57:29,030 - INFO - ODIN AUOUT [0.2198195797433803]
2022-09-28 09:57:29,030 - INFO - OOD Dataset: balanced100-finemediumood
2022-09-28 09:57:29,030 - INFO - MSP AUROC [0.5923382857142857]
2022-09-28 09:57:29,030 - INFO - MSP TNR [0.10933333333333328]
2022-09-28 09:57:29,030 - INFO - MSP AUOUT [0.24058696753355793]
2022-09-28 09:57:29,030 - INFO - ODIN AUROC [0.6288586666666666]
2022-09-28 09:57:29,030 - INFO - ODIN TNR [0.11599999999999999]
2022-09-28 09:57:29,030 - INFO - ODIN AUOUT [0.2564364927365966]
