2022-01-19 02:51:10,812 - INFO - ==> Preparing data..
2022-01-19 02:51:11,116 - INFO - # ID Test: 4150
2022-01-19 02:51:11,116 - INFO - # OOD: 850
2022-01-19 02:51:11,145 - INFO - # iNaturalist: 10000
2022-01-19 02:51:11,173 - INFO - # SUN: 10000
2022-01-19 02:51:11,201 - INFO - # Places: 10000
2022-01-19 02:51:11,216 - INFO - # Textures: 5640
2022-01-19 02:51:22,383 - INFO - Accuracy Results
2022-01-19 02:51:22,384 - INFO - Accuracy: 0.8012048006057739
2022-01-19 02:51:22,385 - INFO - Groupwise Accuracy: [0.97927713 0.9898795  0.9848193  0.99493974 0.9833735  0.9946988
 0.98289156 0.98313254 0.99060243 0.9778313  0.9881928  0.98650604
 0.9771084  0.9809638  0.97445786 0.98771083 0.99493974]
2022-01-19 02:51:22,385 - INFO - OOD Results
2022-01-19 02:51:33,049 - INFO - Computing OOD Statistics...
2022-01-19 02:51:48,524 - INFO - Computing OOD Statistics...
2022-01-19 02:52:10,536 - INFO - Computing OOD Statistics...
2022-01-19 02:52:25,168 - INFO - Computing OOD Statistics...
2022-01-19 02:52:34,101 - INFO - Computing OOD Statistics...
2022-01-19 02:52:34,111 - INFO - MOS OOD Metrics:
	OOD Dataset: OOD
		AUROC [0.9013184975194897]
		TNR [0.4564705882352941]
		AUOUT [0.5735237036864058]
	OOD Dataset: iNaturalist
		AUROC [0.9296789397590359]
		TNR [0.5472]
		AUOUT [0.9504348927608159]
	OOD Dataset: SUN
		AUROC [0.946136578313253]
		TNR [0.629]
		AUOUT [0.9598812126044863]
	OOD Dataset: Places
		AUROC [0.9371575421686746]
		TNR [0.5908]
		AUOUT [0.956596813993059]
	OOD Dataset: Textures
		AUROC [0.9181156541057849]
		TNR [0.5310283687943262]
		AUOUT [0.909303030116737]
