2022-05-18 12:07:30,261 - INFO - ==> Preparing data..
2022-05-18 12:07:30,806 - INFO - # ID Train: 106872
2022-05-18 12:07:30,807 - INFO - # ID Test:  4150
2022-05-18 12:07:30,807 - INFO - # OOD Test: 850
2022-05-18 12:07:30,807 - INFO - checkpoint filename: experiments/coarse/cascade/two-lvl-wn/softpred_R0_depthweight/checkpoint.pt
2022-05-18 12:07:30,807 - INFO - log filename: experiments/coarse/cascade/two-lvl-wn/softpred_R0_depthweight/train.log
2022-05-18 12:07:30,807 - INFO - ********************************************************
2022-05-18 12:07:30,807 - INFO - Starting Iter: 0 / 1
2022-05-18 12:07:30,807 - INFO - ********************************************************
2022-05-18 12:07:55,264 - INFO - cuda
2022-05-18 12:07:55,817 - INFO - 
Epoch: 0
2022-05-18 12:07:55,817 - INFO - 
Learning Rate: 0.0100
2022-05-18 12:07:55,817 - INFO - Synset CE Weight: 0.0
Soft prediction CE Weight: 1.0
Outlier Exposure Weight: 0.0
2022-05-18 12:09:43,979 - INFO - [Step=250]	Loss=4.3001	295.9 examples/second
2022-05-18 12:11:11,169 - INFO - [Step=500]	Loss=3.7490	367.0 examples/second
2022-05-18 12:12:38,627 - INFO - [Step=750]	Loss=3.5201	365.9 examples/second
2022-05-18 12:13:17,179 - INFO - Test Loss=2.3130, Test top-1 acc=0.1564, Test mean synset acc=0.4396
2022-05-18 12:13:17,180 - INFO - Error Depth: [1193. 2308.  649.]
2022-05-18 12:13:17,180 - INFO - Saving...
2022-05-18 12:13:18,026 - INFO - Epoch time: 322.2091042995453
2022-05-18 12:13:18,026 - INFO - 
Epoch: 1
2022-05-18 12:13:18,026 - INFO - 
Learning Rate: 0.0280
2022-05-18 12:13:18,027 - INFO - Synset CE Weight: 0.0
Soft prediction CE Weight: 1.0
Outlier Exposure Weight: 0.0
2022-05-18 12:14:18,170 - INFO - [Step=1000]	Loss=3.4414	321.5 examples/second
2022-05-18 12:15:45,855 - INFO - [Step=1250]	Loss=3.2640	364.9 examples/second
2022-05-18 12:17:13,595 - INFO - [Step=1500]	Loss=3.0494	364.7 examples/second
2022-05-18 12:18:22,975 - INFO - Test Loss=2.0910, Test top-1 acc=0.2077, Test mean synset acc=0.4517
2022-05-18 12:18:22,976 - INFO - Error Depth: [1017. 2271.  862.]
2022-05-18 12:18:22,976 - INFO - Saving...
2022-05-18 12:18:23,745 - INFO - Epoch time: 305.7181758880615
2022-05-18 12:18:23,745 - INFO - 
Epoch: 2
2022-05-18 12:18:23,745 - INFO - 
Learning Rate: 0.0460
2022-05-18 12:18:23,745 - INFO - Synset CE Weight: 0.0
Soft prediction CE Weight: 1.0
Outlier Exposure Weight: 0.0
2022-05-18 12:18:54,246 - INFO - [Step=1750]	Loss=2.9339	317.9 examples/second
2022-05-18 12:20:21,934 - INFO - [Step=2000]	Loss=2.8375	364.9 examples/second
2022-05-18 12:21:49,805 - INFO - [Step=2250]	Loss=2.7633	364.2 examples/second
2022-05-18 12:23:17,697 - INFO - [Step=2500]	Loss=2.5981	364.1 examples/second
2022-05-18 12:23:28,449 - INFO - Test Loss=1.7052, Test top-1 acc=0.3017, Test mean synset acc=0.5509
2022-05-18 12:23:28,450 - INFO - Error Depth: [1031. 1867. 1252.]
2022-05-18 12:23:28,450 - INFO - Saving...
2022-05-18 12:23:29,323 - INFO - Epoch time: 305.57758498191833
2022-05-18 12:23:29,323 - INFO - 
Epoch: 3
2022-05-18 12:23:29,323 - INFO - 
Learning Rate: 0.0640
2022-05-18 12:23:29,323 - INFO - Synset CE Weight: 0.0
Soft prediction CE Weight: 1.0
Outlier Exposure Weight: 0.0
2022-05-18 12:24:57,849 - INFO - [Step=2750]	Loss=2.5267	319.5 examples/second
2022-05-18 12:26:25,447 - INFO - [Step=3000]	Loss=2.4272	365.3 examples/second
2022-05-18 12:27:53,002 - INFO - [Step=3250]	Loss=2.3000	365.5 examples/second
2022-05-18 12:28:33,048 - INFO - Test Loss=1.5313, Test top-1 acc=0.3402, Test mean synset acc=0.5704
2022-05-18 12:28:33,049 - INFO - Error Depth: [ 946. 1792. 1412.]
2022-05-18 12:28:33,049 - INFO - Saving...
2022-05-18 12:28:34,168 - INFO - Epoch time: 304.84548568725586
2022-05-18 12:28:34,169 - INFO - 
Epoch: 4
2022-05-18 12:28:34,169 - INFO - 
Learning Rate: 0.1000
2022-05-18 12:28:34,169 - INFO - Synset CE Weight: 0.0
Soft prediction CE Weight: 1.0
Outlier Exposure Weight: 0.0
2022-05-18 12:29:32,466 - INFO - [Step=3500]	Loss=2.3161	321.7 examples/second
2022-05-18 12:30:59,883 - INFO - [Step=3750]	Loss=2.2208	366.1 examples/second
2022-05-18 12:32:27,287 - INFO - [Step=4000]	Loss=2.1476	366.1 examples/second
2022-05-18 12:33:36,777 - INFO - Test Loss=1.3214, Test top-1 acc=0.3913, Test mean synset acc=0.6010
2022-05-18 12:33:36,778 - INFO - Error Depth: [ 857. 1669. 1624.]
2022-05-18 12:33:36,778 - INFO - Saving...
2022-05-18 12:33:37,518 - INFO - Epoch time: 303.3497016429901
2022-05-18 12:33:37,519 - INFO - 
Epoch: 5
2022-05-18 12:33:37,519 - INFO - 
Learning Rate: 0.1000
2022-05-18 12:33:37,519 - INFO - Synset CE Weight: 0.0
Soft prediction CE Weight: 1.0
Outlier Exposure Weight: 0.0
2022-05-18 12:34:05,827 - INFO - [Step=4250]	Loss=2.0502	324.7 examples/second
2022-05-18 12:35:33,119 - INFO - [Step=4500]	Loss=1.9896	366.6 examples/second
2022-05-18 12:37:00,471 - INFO - [Step=4750]	Loss=1.9734	366.3 examples/second
2022-05-18 12:38:28,013 - INFO - [Step=5000]	Loss=1.9143	365.5 examples/second
2022-05-18 12:38:39,852 - INFO - Test Loss=1.1670, Test top-1 acc=0.4412, Test mean synset acc=0.6382
2022-05-18 12:38:39,854 - INFO - Error Depth: [ 799. 1520. 1831.]
2022-05-18 12:38:39,854 - INFO - Saving...
2022-05-18 12:38:40,523 - INFO - Epoch time: 303.00401616096497
2022-05-18 12:38:40,523 - INFO - 
Epoch: 6
2022-05-18 12:38:40,523 - INFO - 
Learning Rate: 0.1000
2022-05-18 12:38:40,523 - INFO - Synset CE Weight: 0.0
Soft prediction CE Weight: 1.0
Outlier Exposure Weight: 0.0
2022-05-18 12:40:06,678 - INFO - [Step=5250]	Loss=1.8105	324.3 examples/second
2022-05-18 12:41:34,234 - INFO - [Step=5500]	Loss=1.7720	365.5 examples/second
2022-05-18 12:43:01,954 - INFO - [Step=5750]	Loss=1.7281	364.8 examples/second
2022-05-18 12:43:44,508 - INFO - Test Loss=0.9651, Test top-1 acc=0.4957, Test mean synset acc=0.6624
2022-05-18 12:43:44,509 - INFO - Error Depth: [ 666. 1427. 2057.]
2022-05-18 12:43:44,509 - INFO - Saving...
2022-05-18 12:43:45,420 - INFO - Epoch time: 304.89710783958435
2022-05-18 12:43:45,421 - INFO - 
Epoch: 7
2022-05-18 12:43:45,421 - INFO - 
Learning Rate: 0.1000
2022-05-18 12:43:45,421 - INFO - Synset CE Weight: 0.0
Soft prediction CE Weight: 1.0
Outlier Exposure Weight: 0.0
2022-05-18 12:44:42,125 - INFO - [Step=6000]	Loss=1.6601	319.5 examples/second
2022-05-18 12:46:09,734 - INFO - [Step=6250]	Loss=1.6284	365.3 examples/second
2022-05-18 12:47:37,171 - INFO - [Step=6500]	Loss=1.5819	366.0 examples/second
2022-05-18 12:48:49,536 - INFO - Test Loss=0.9452, Test top-1 acc=0.5253, Test mean synset acc=0.6798
2022-05-18 12:48:49,537 - INFO - Error Depth: [ 618. 1352. 2180.]
2022-05-18 12:48:49,537 - INFO - Saving...
2022-05-18 12:48:50,078 - INFO - Epoch time: 304.65717124938965
2022-05-18 12:48:50,078 - INFO - 
Epoch: 8
2022-05-18 12:48:50,078 - INFO - 
Learning Rate: 0.1000
2022-05-18 12:48:50,078 - INFO - Synset CE Weight: 0.0
Soft prediction CE Weight: 1.0
Outlier Exposure Weight: 0.0
2022-05-18 12:49:16,837 - INFO - [Step=6750]	Loss=1.5415	321.1 examples/second
2022-05-18 12:50:44,114 - INFO - [Step=7000]	Loss=1.5049	366.7 examples/second
2022-05-18 12:52:11,477 - INFO - [Step=7250]	Loss=1.4788	366.3 examples/second
2022-05-18 12:53:39,004 - INFO - [Step=7500]	Loss=1.4772	365.6 examples/second
2022-05-18 12:53:53,208 - INFO - Test Loss=1.5327, Test top-1 acc=0.5251, Test mean synset acc=0.6906
2022-05-18 12:53:53,208 - INFO - Error Depth: [ 672. 1299. 2179.]
2022-05-18 12:53:53,209 - INFO - Epoch time: 303.1305751800537
2022-05-18 12:53:53,209 - INFO - 
Epoch: 9
2022-05-18 12:53:53,209 - INFO - 
Learning Rate: 0.1000
2022-05-18 12:53:53,209 - INFO - Synset CE Weight: 0.0
Soft prediction CE Weight: 1.0
Outlier Exposure Weight: 0.0
2022-05-18 12:55:17,649 - INFO - [Step=7750]	Loss=1.4344	324.4 examples/second
2022-05-18 12:56:44,997 - INFO - [Step=8000]	Loss=1.4168	366.4 examples/second
2022-05-18 12:58:12,517 - INFO - [Step=8250]	Loss=1.3918	365.6 examples/second
2022-05-18 12:58:56,304 - INFO - Test Loss=0.7242, Test top-1 acc=0.5933, Test mean synset acc=0.7207
2022-05-18 12:58:56,305 - INFO - Error Depth: [ 504. 1184. 2462.]
2022-05-18 12:58:56,305 - INFO - Saving...
2022-05-18 12:58:56,990 - INFO - Epoch time: 303.78168201446533
2022-05-18 12:58:56,991 - INFO - 
Epoch: 10
2022-05-18 12:58:56,991 - INFO - 
Learning Rate: 0.1000
2022-05-18 12:58:56,991 - INFO - Synset CE Weight: 0.0
Soft prediction CE Weight: 1.0
Outlier Exposure Weight: 0.0
2022-05-18 12:59:51,766 - INFO - [Step=8500]	Loss=1.3696	322.4 examples/second
2022-05-18 13:01:19,195 - INFO - [Step=8750]	Loss=1.3556	366.0 examples/second
2022-05-18 13:02:46,639 - INFO - [Step=9000]	Loss=1.3262	366.0 examples/second
2022-05-18 13:03:59,796 - INFO - Test Loss=1.0857, Test top-1 acc=0.5422, Test mean synset acc=0.6870
2022-05-18 13:03:59,797 - INFO - Error Depth: [ 582. 1318. 2250.]
2022-05-18 13:03:59,798 - INFO - Epoch time: 302.8069899082184
2022-05-18 13:03:59,798 - INFO - 
Epoch: 11
2022-05-18 13:03:59,798 - INFO - 
Learning Rate: 0.1000
2022-05-18 13:03:59,798 - INFO - Synset CE Weight: 0.0
Soft prediction CE Weight: 1.0
Outlier Exposure Weight: 0.0
2022-05-18 13:04:24,704 - INFO - [Step=9250]	Loss=1.3253	326.3 examples/second
2022-05-18 13:05:52,308 - INFO - [Step=9500]	Loss=1.2835	365.3 examples/second
2022-05-18 13:07:19,879 - INFO - [Step=9750]	Loss=1.3043	365.4 examples/second
2022-05-18 13:08:47,736 - INFO - [Step=10000]	Loss=1.2684	364.2 examples/second
2022-05-18 13:09:02,811 - INFO - Test Loss=0.7280, Test top-1 acc=0.6036, Test mean synset acc=0.7243
2022-05-18 13:09:02,812 - INFO - Error Depth: [ 473. 1172. 2505.]
2022-05-18 13:09:02,812 - INFO - Saving...
2022-05-18 13:09:03,426 - INFO - Epoch time: 303.62816190719604
2022-05-18 13:09:03,426 - INFO - 
Epoch: 12
2022-05-18 13:09:03,426 - INFO - 
Learning Rate: 0.1000
2022-05-18 13:09:03,427 - INFO - Synset CE Weight: 0.0
Soft prediction CE Weight: 1.0
Outlier Exposure Weight: 0.0
2022-05-18 13:10:26,302 - INFO - [Step=10250]	Loss=1.2478	324.7 examples/second
2022-05-18 13:11:53,867 - INFO - [Step=10500]	Loss=1.2472	365.4 examples/second
2022-05-18 13:13:21,361 - INFO - [Step=10750]	Loss=1.2418	365.7 examples/second
2022-05-18 13:14:06,710 - INFO - Test Loss=0.9096, Test top-1 acc=0.6041, Test mean synset acc=0.7288
2022-05-18 13:14:06,711 - INFO - Error Depth: [ 493. 1150. 2507.]
2022-05-18 13:14:06,711 - INFO - Saving...
2022-05-18 13:14:07,228 - INFO - Epoch time: 303.8019149303436
2022-05-18 13:14:07,229 - INFO - 
Epoch: 13
2022-05-18 13:14:07,229 - INFO - 
Learning Rate: 0.1000
2022-05-18 13:14:07,229 - INFO - Synset CE Weight: 0.0
Soft prediction CE Weight: 1.0
Outlier Exposure Weight: 0.0
2022-05-18 13:15:00,321 - INFO - [Step=11000]	Loss=1.2115	323.4 examples/second
2022-05-18 13:16:27,975 - INFO - [Step=11250]	Loss=1.2073	365.1 examples/second
2022-05-18 13:17:55,576 - INFO - [Step=11500]	Loss=1.2234	365.3 examples/second
2022-05-18 13:19:10,630 - INFO - Test Loss=0.6942, Test top-1 acc=0.6128, Test mean synset acc=0.7392
2022-05-18 13:19:10,631 - INFO - Error Depth: [ 500. 1107. 2543.]
2022-05-18 13:19:10,631 - INFO - Saving...
2022-05-18 13:19:11,401 - INFO - Epoch time: 304.1721704006195
2022-05-18 13:19:11,401 - INFO - 
Epoch: 14
2022-05-18 13:19:11,401 - INFO - 
Learning Rate: 0.1000
2022-05-18 13:19:11,401 - INFO - Synset CE Weight: 0.0
Soft prediction CE Weight: 1.0
Outlier Exposure Weight: 0.0
2022-05-18 13:19:34,787 - INFO - [Step=11750]	Loss=1.1981	322.5 examples/second
2022-05-18 13:21:02,076 - INFO - [Step=12000]	Loss=1.1802	366.6 examples/second
2022-05-18 13:22:29,375 - INFO - [Step=12250]	Loss=1.1661	366.6 examples/second
2022-05-18 13:23:57,060 - INFO - [Step=12500]	Loss=1.1675	364.9 examples/second
2022-05-18 13:24:14,071 - INFO - Test Loss=1.0209, Test top-1 acc=0.5745, Test mean synset acc=0.7034
2022-05-18 13:24:14,072 - INFO - Error Depth: [ 512. 1254. 2384.]
2022-05-18 13:24:14,072 - INFO - Epoch time: 302.67097425460815
2022-05-18 13:24:14,072 - INFO - 
Epoch: 15
2022-05-18 13:24:14,072 - INFO - 
Learning Rate: 0.1000
2022-05-18 13:24:14,072 - INFO - Synset CE Weight: 0.0
Soft prediction CE Weight: 1.0
Outlier Exposure Weight: 0.0
2022-05-18 13:25:34,998 - INFO - [Step=12750]	Loss=1.1362	326.7 examples/second
2022-05-18 13:27:02,296 - INFO - [Step=13000]	Loss=1.1751	366.6 examples/second
2022-05-18 13:28:29,675 - INFO - [Step=13250]	Loss=1.1477	366.2 examples/second
2022-05-18 13:29:16,748 - INFO - Test Loss=0.7021, Test top-1 acc=0.6222, Test mean synset acc=0.7454
2022-05-18 13:29:16,749 - INFO - Error Depth: [ 491. 1077. 2582.]
2022-05-18 13:29:16,749 - INFO - Saving...
2022-05-18 13:29:17,502 - INFO - Epoch time: 303.4300022125244
2022-05-18 13:29:17,503 - INFO - 
Epoch: 16
2022-05-18 13:29:17,503 - INFO - 
Learning Rate: 0.1000
2022-05-18 13:29:17,503 - INFO - Synset CE Weight: 0.0
Soft prediction CE Weight: 1.0
Outlier Exposure Weight: 0.0
2022-05-18 13:30:08,840 - INFO - [Step=13500]	Loss=1.1283	322.7 examples/second
2022-05-18 13:31:36,291 - INFO - [Step=13750]	Loss=1.1202	365.9 examples/second
2022-05-18 13:33:03,661 - INFO - [Step=14000]	Loss=1.1200	366.3 examples/second
2022-05-18 13:34:20,564 - INFO - Test Loss=0.6125, Test top-1 acc=0.6275, Test mean synset acc=0.7415
2022-05-18 13:34:20,565 - INFO - Error Depth: [ 443. 1103. 2604.]
2022-05-18 13:34:20,565 - INFO - Saving...
2022-05-18 13:34:21,241 - INFO - Epoch time: 303.7380921840668
2022-05-18 13:34:21,241 - INFO - 
Epoch: 17
2022-05-18 13:34:21,241 - INFO - 
Learning Rate: 0.1000
2022-05-18 13:34:21,241 - INFO - Synset CE Weight: 0.0
Soft prediction CE Weight: 1.0
Outlier Exposure Weight: 0.0
2022-05-18 13:34:42,944 - INFO - [Step=14250]	Loss=1.1113	322.3 examples/second
2022-05-18 13:36:10,467 - INFO - [Step=14500]	Loss=1.0939	365.6 examples/second
2022-05-18 13:37:38,134 - INFO - [Step=14750]	Loss=1.0724	365.0 examples/second
2022-05-18 13:39:05,942 - INFO - [Step=15000]	Loss=1.0965	364.4 examples/second
2022-05-18 13:39:24,538 - INFO - Test Loss=0.6350, Test top-1 acc=0.6277, Test mean synset acc=0.7449
2022-05-18 13:39:24,539 - INFO - Error Depth: [ 460. 1085. 2605.]
2022-05-18 13:39:24,539 - INFO - Saving...
2022-05-18 13:39:25,229 - INFO - Epoch time: 303.98817014694214
2022-05-18 13:39:25,230 - INFO - 
Epoch: 18
2022-05-18 13:39:25,230 - INFO - 
Learning Rate: 0.1000
2022-05-18 13:39:25,230 - INFO - Synset CE Weight: 0.0
Soft prediction CE Weight: 1.0
Outlier Exposure Weight: 0.0
2022-05-18 13:40:44,841 - INFO - [Step=15250]	Loss=1.0783	323.6 examples/second
2022-05-18 13:42:12,431 - INFO - [Step=15500]	Loss=1.0692	365.3 examples/second
2022-05-18 13:43:40,008 - INFO - [Step=15750]	Loss=1.0699	365.4 examples/second
2022-05-18 13:44:29,045 - INFO - Test Loss=0.5985, Test top-1 acc=0.6455, Test mean synset acc=0.7525
2022-05-18 13:44:29,046 - INFO - Error Depth: [ 418. 1053. 2679.]
2022-05-18 13:44:29,046 - INFO - Saving...
2022-05-18 13:44:29,727 - INFO - Epoch time: 304.49734330177307
2022-05-18 13:44:29,727 - INFO - 
Epoch: 19
2022-05-18 13:44:29,727 - INFO - 
Learning Rate: 0.1000
2022-05-18 13:44:29,728 - INFO - Synset CE Weight: 0.0
Soft prediction CE Weight: 1.0
Outlier Exposure Weight: 0.0
2022-05-18 13:45:19,287 - INFO - [Step=16000]	Loss=1.0492	322.3 examples/second
2022-05-18 13:46:47,009 - INFO - [Step=16250]	Loss=1.0507	364.8 examples/second
2022-05-18 13:48:14,724 - INFO - [Step=16500]	Loss=1.0695	364.8 examples/second
2022-05-18 13:49:33,593 - INFO - Test Loss=0.5356, Test top-1 acc=0.6588, Test mean synset acc=0.7511
2022-05-18 13:49:33,594 - INFO - Error Depth: [ 349. 1067. 2734.]
2022-05-18 13:49:33,594 - INFO - Saving...
2022-05-18 13:49:34,205 - INFO - Epoch time: 304.47768926620483
2022-05-18 13:49:34,205 - INFO - 
Epoch: 20
2022-05-18 13:49:34,205 - INFO - 
Learning Rate: 0.1000
2022-05-18 13:49:34,206 - INFO - Synset CE Weight: 0.0
Soft prediction CE Weight: 1.0
Outlier Exposure Weight: 0.0
2022-05-18 13:49:54,268 - INFO - [Step=16750]	Loss=1.0517	321.5 examples/second
2022-05-18 13:51:21,966 - INFO - [Step=17000]	Loss=1.0304	364.9 examples/second
2022-05-18 13:52:49,573 - INFO - [Step=17250]	Loss=1.0559	365.3 examples/second
2022-05-18 13:54:17,469 - INFO - [Step=17500]	Loss=1.0425	364.1 examples/second
2022-05-18 13:54:37,862 - INFO - Test Loss=0.6244, Test top-1 acc=0.6402, Test mean synset acc=0.7609
2022-05-18 13:54:37,863 - INFO - Error Depth: [ 476. 1017. 2657.]
2022-05-18 13:54:37,863 - INFO - Epoch time: 303.65758299827576
2022-05-18 13:54:37,863 - INFO - 
Epoch: 21
2022-05-18 13:54:37,863 - INFO - 
Learning Rate: 0.1000
2022-05-18 13:54:37,863 - INFO - Synset CE Weight: 0.0
Soft prediction CE Weight: 1.0
Outlier Exposure Weight: 0.0
2022-05-18 13:55:55,541 - INFO - [Step=17750]	Loss=1.0171	326.3 examples/second
2022-05-18 13:57:22,953 - INFO - [Step=18000]	Loss=1.0235	366.1 examples/second
2022-05-18 13:58:50,523 - INFO - [Step=18250]	Loss=1.0319	365.4 examples/second
2022-05-18 13:59:40,858 - INFO - Test Loss=0.6181, Test top-1 acc=0.6436, Test mean synset acc=0.7640
2022-05-18 13:59:40,859 - INFO - Error Depth: [ 477. 1002. 2671.]
2022-05-18 13:59:40,859 - INFO - Epoch time: 302.9959673881531
2022-05-18 13:59:40,859 - INFO - 
Epoch: 22
2022-05-18 13:59:40,859 - INFO - 
Learning Rate: 0.1000
2022-05-18 13:59:40,859 - INFO - Synset CE Weight: 0.0
Soft prediction CE Weight: 1.0
Outlier Exposure Weight: 0.0
2022-05-18 14:00:28,888 - INFO - [Step=18500]	Loss=1.0251	325.3 examples/second
2022-05-18 14:01:56,388 - INFO - [Step=18750]	Loss=1.0049	365.7 examples/second
2022-05-18 14:03:23,976 - INFO - [Step=19000]	Loss=1.0231	365.4 examples/second
2022-05-18 14:04:44,185 - INFO - Test Loss=0.5764, Test top-1 acc=0.6651, Test mean synset acc=0.7726
2022-05-18 14:04:44,186 - INFO - Error Depth: [ 422.  968. 2760.]
2022-05-18 14:04:44,187 - INFO - Saving...
2022-05-18 14:04:45,250 - INFO - Epoch time: 304.390504360199
2022-05-18 14:04:45,250 - INFO - 
Epoch: 23
2022-05-18 14:04:45,250 - INFO - 
Learning Rate: 0.1000
2022-05-18 14:04:45,250 - INFO - Synset CE Weight: 0.0
Soft prediction CE Weight: 1.0
Outlier Exposure Weight: 0.0
2022-05-18 14:05:03,113 - INFO - [Step=19250]	Loss=1.0179	322.8 examples/second
2022-05-18 14:06:30,432 - INFO - [Step=19500]	Loss=0.9957	366.5 examples/second
2022-05-18 14:07:57,758 - INFO - [Step=19750]	Loss=0.9865	366.4 examples/second
2022-05-18 14:09:25,553 - INFO - [Step=20000]	Loss=1.0214	364.5 examples/second
2022-05-18 14:09:47,750 - INFO - Test Loss=0.5733, Test top-1 acc=0.6670, Test mean synset acc=0.7657
2022-05-18 14:09:47,751 - INFO - Error Depth: [ 381. 1001. 2768.]
2022-05-18 14:09:47,751 - INFO - Saving...
2022-05-18 14:09:48,452 - INFO - Epoch time: 303.20210886001587
2022-05-18 14:09:48,452 - INFO - 
Epoch: 24
2022-05-18 14:09:48,453 - INFO - 
Learning Rate: 0.1000
2022-05-18 14:09:48,453 - INFO - Synset CE Weight: 0.0
Soft prediction CE Weight: 1.0
Outlier Exposure Weight: 0.0
2022-05-18 14:11:04,179 - INFO - [Step=20250]	Loss=0.9542	324.5 examples/second
2022-05-18 14:12:31,661 - INFO - [Step=20500]	Loss=0.9727	365.8 examples/second
2022-05-18 14:13:59,145 - INFO - [Step=20750]	Loss=1.0117	365.8 examples/second
2022-05-18 14:14:51,564 - INFO - Test Loss=0.5381, Test top-1 acc=0.6689, Test mean synset acc=0.7658
2022-05-18 14:14:51,565 - INFO - Error Depth: [ 373. 1001. 2776.]
2022-05-18 14:14:51,565 - INFO - Saving...
2022-05-18 14:14:52,203 - INFO - Epoch time: 303.7500886917114
2022-05-18 14:14:52,203 - INFO - 
Epoch: 25
2022-05-18 14:14:52,203 - INFO - 
Learning Rate: 0.1000
2022-05-18 14:14:52,203 - INFO - Synset CE Weight: 0.0
Soft prediction CE Weight: 1.0
Outlier Exposure Weight: 0.0
2022-05-18 14:15:38,383 - INFO - [Step=21000]	Loss=0.9903	322.5 examples/second
2022-05-18 14:17:06,148 - INFO - [Step=21250]	Loss=0.9802	364.6 examples/second
2022-05-18 14:18:34,015 - INFO - [Step=21500]	Loss=0.9738	364.2 examples/second
2022-05-18 14:19:56,024 - INFO - Test Loss=0.5902, Test top-1 acc=0.6590, Test mean synset acc=0.7672
2022-05-18 14:19:56,025 - INFO - Error Depth: [ 426.  989. 2735.]
2022-05-18 14:19:56,025 - INFO - Epoch time: 303.82243156433105
2022-05-18 14:19:56,025 - INFO - 
Epoch: 26
2022-05-18 14:19:56,025 - INFO - 
Learning Rate: 0.1000
2022-05-18 14:19:56,026 - INFO - Synset CE Weight: 0.0
Soft prediction CE Weight: 1.0
Outlier Exposure Weight: 0.0
2022-05-18 14:20:12,210 - INFO - [Step=21750]	Loss=0.9643	325.9 examples/second
2022-05-18 14:21:39,622 - INFO - [Step=22000]	Loss=0.9612	366.1 examples/second
2022-05-18 14:23:07,105 - INFO - [Step=22250]	Loss=0.9699	365.8 examples/second
2022-05-18 14:24:34,885 - INFO - [Step=22500]	Loss=0.9841	364.5 examples/second
2022-05-18 14:24:59,039 - INFO - Test Loss=0.5860, Test top-1 acc=0.6692, Test mean synset acc=0.7729
2022-05-18 14:24:59,039 - INFO - Error Depth: [ 411.  962. 2777.]
2022-05-18 14:24:59,040 - INFO - Saving...
2022-05-18 14:24:59,895 - INFO - Epoch time: 303.8699071407318
2022-05-18 14:24:59,896 - INFO - 
Epoch: 27
2022-05-18 14:24:59,896 - INFO - 
Learning Rate: 0.1000
2022-05-18 14:24:59,896 - INFO - Synset CE Weight: 0.0
Soft prediction CE Weight: 1.0
Outlier Exposure Weight: 0.0
2022-05-18 14:26:13,777 - INFO - [Step=22750]	Loss=0.9762	323.6 examples/second
2022-05-18 14:27:41,202 - INFO - [Step=23000]	Loss=0.9624	366.0 examples/second
2022-05-18 14:29:08,660 - INFO - [Step=23250]	Loss=0.9601	365.9 examples/second
2022-05-18 14:30:02,624 - INFO - Test Loss=0.6619, Test top-1 acc=0.6292, Test mean synset acc=0.7444
2022-05-18 14:30:02,625 - INFO - Error Depth: [ 449. 1090. 2611.]
2022-05-18 14:30:02,625 - INFO - Epoch time: 302.7296199798584
2022-05-18 14:30:02,625 - INFO - 
Epoch: 28
2022-05-18 14:30:02,625 - INFO - 
Learning Rate: 0.1000
2022-05-18 14:30:02,626 - INFO - Synset CE Weight: 0.0
Soft prediction CE Weight: 1.0
Outlier Exposure Weight: 0.0
2022-05-18 14:30:47,159 - INFO - [Step=23500]	Loss=0.9526	324.9 examples/second
2022-05-18 14:32:14,863 - INFO - [Step=23750]	Loss=0.9343	364.9 examples/second
2022-05-18 14:33:42,542 - INFO - [Step=24000]	Loss=0.9647	365.0 examples/second
2022-05-18 14:35:06,674 - INFO - Test Loss=0.4990, Test top-1 acc=0.6913, Test mean synset acc=0.7873
2022-05-18 14:35:06,676 - INFO - Error Depth: [ 375.  906. 2869.]
2022-05-18 14:35:06,676 - INFO - Saving...
2022-05-18 14:35:07,211 - INFO - Epoch time: 304.5856568813324
2022-05-18 14:35:07,211 - INFO - 
Epoch: 29
2022-05-18 14:35:07,211 - INFO - 
Learning Rate: 0.0100
2022-05-18 14:35:07,212 - INFO - Synset CE Weight: 0.0
Soft prediction CE Weight: 1.0
Outlier Exposure Weight: 0.0
2022-05-18 14:35:22,021 - INFO - [Step=24250]	Loss=0.9539	321.7 examples/second
2022-05-18 14:36:49,600 - INFO - [Step=24500]	Loss=0.7439	365.4 examples/second
2022-05-18 14:38:17,237 - INFO - [Step=24750]	Loss=0.6976	365.1 examples/second
2022-05-18 14:39:45,240 - INFO - [Step=25000]	Loss=0.6820	363.6 examples/second
2022-05-18 14:40:10,924 - INFO - Test Loss=0.2618, Test top-1 acc=0.7867, Test mean synset acc=0.8420
2022-05-18 14:40:10,924 - INFO - Error Depth: [ 200.  685. 3265.]
2022-05-18 14:40:10,925 - INFO - Saving...
2022-05-18 14:40:11,550 - INFO - Epoch time: 304.33832263946533
2022-05-18 14:40:11,550 - INFO - 
Epoch: 30
2022-05-18 14:40:11,550 - INFO - 
Learning Rate: 0.0100
2022-05-18 14:40:11,550 - INFO - Synset CE Weight: 0.0
Soft prediction CE Weight: 1.0
Outlier Exposure Weight: 0.0
2022-05-18 14:41:23,767 - INFO - [Step=25250]	Loss=0.6450	324.8 examples/second
2022-05-18 14:42:51,279 - INFO - [Step=25500]	Loss=0.6391	365.7 examples/second
2022-05-18 14:44:18,636 - INFO - [Step=25750]	Loss=0.6319	366.3 examples/second
2022-05-18 14:45:14,257 - INFO - Test Loss=0.2561, Test top-1 acc=0.7904, Test mean synset acc=0.8436
2022-05-18 14:45:14,258 - INFO - Error Depth: [ 191.  679. 3280.]
2022-05-18 14:45:14,258 - INFO - Saving...
2022-05-18 14:45:14,791 - INFO - Epoch time: 303.24059796333313
2022-05-18 14:45:14,791 - INFO - 
Epoch: 31
2022-05-18 14:45:14,791 - INFO - 
Learning Rate: 0.0100
2022-05-18 14:45:14,791 - INFO - Synset CE Weight: 0.0
Soft prediction CE Weight: 1.0
Outlier Exposure Weight: 0.0
2022-05-18 14:45:57,311 - INFO - [Step=26000]	Loss=0.6277	324.3 examples/second
2022-05-18 14:47:24,813 - INFO - [Step=26250]	Loss=0.6058	365.7 examples/second
2022-05-18 14:48:52,153 - INFO - [Step=26500]	Loss=0.6138	366.4 examples/second
2022-05-18 14:50:17,786 - INFO - Test Loss=0.2490, Test top-1 acc=0.7966, Test mean synset acc=0.8454
2022-05-18 14:50:17,787 - INFO - Error Depth: [ 172.  672. 3306.]
2022-05-18 14:50:17,787 - INFO - Saving...
2022-05-18 14:50:18,532 - INFO - Epoch time: 303.7405149936676
2022-05-18 14:50:18,532 - INFO - 
Epoch: 32
2022-05-18 14:50:18,532 - INFO - 
Learning Rate: 0.0100
2022-05-18 14:50:18,532 - INFO - Synset CE Weight: 0.0
Soft prediction CE Weight: 1.0
Outlier Exposure Weight: 0.0
2022-05-18 14:50:31,430 - INFO - [Step=26750]	Loss=0.6133	322.3 examples/second
2022-05-18 14:51:58,973 - INFO - [Step=27000]	Loss=0.6011	365.5 examples/second
2022-05-18 14:53:26,429 - INFO - [Step=27250]	Loss=0.5941	365.9 examples/second
2022-05-18 14:54:54,272 - INFO - [Step=27500]	Loss=0.5999	364.3 examples/second
2022-05-18 14:55:21,634 - INFO - Test Loss=0.2422, Test top-1 acc=0.8017, Test mean synset acc=0.8518
2022-05-18 14:55:21,635 - INFO - Error Depth: [ 179.  644. 3327.]
2022-05-18 14:55:21,635 - INFO - Saving...
2022-05-18 14:55:22,716 - INFO - Epoch time: 304.18361353874207
2022-05-18 14:55:22,716 - INFO - 
Epoch: 33
2022-05-18 14:55:22,716 - INFO - 
Learning Rate: 0.0100
2022-05-18 14:55:22,716 - INFO - Synset CE Weight: 0.0
Soft prediction CE Weight: 1.0
Outlier Exposure Weight: 0.0
2022-05-18 14:56:33,032 - INFO - [Step=27750]	Loss=0.5916	324.0 examples/second
2022-05-18 14:58:00,505 - INFO - [Step=28000]	Loss=0.5734	365.8 examples/second
2022-05-18 14:59:28,064 - INFO - [Step=28250]	Loss=0.5807	365.5 examples/second
2022-05-18 15:00:25,470 - INFO - Test Loss=0.2418, Test top-1 acc=0.8014, Test mean synset acc=0.8519
2022-05-18 15:00:25,471 - INFO - Error Depth: [ 181.  643. 3326.]
2022-05-18 15:00:25,471 - INFO - Epoch time: 302.755197763443
2022-05-18 15:00:25,471 - INFO - 
Epoch: 34
2022-05-18 15:00:25,471 - INFO - 
Learning Rate: 0.0100
2022-05-18 15:00:25,471 - INFO - Synset CE Weight: 0.0
Soft prediction CE Weight: 1.0
Outlier Exposure Weight: 0.0
2022-05-18 15:01:06,534 - INFO - [Step=28500]	Loss=0.5898	325.0 examples/second
2022-05-18 15:02:34,250 - INFO - [Step=28750]	Loss=0.5765	364.8 examples/second
2022-05-18 15:04:01,958 - INFO - [Step=29000]	Loss=0.5756	364.9 examples/second
2022-05-18 15:05:29,325 - INFO - Test Loss=0.2326, Test top-1 acc=0.8034, Test mean synset acc=0.8527
2022-05-18 15:05:29,326 - INFO - Error Depth: [ 177.  639. 3334.]
2022-05-18 15:05:29,326 - INFO - Saving...
2022-05-18 15:05:30,037 - INFO - Epoch time: 304.5659589767456
2022-05-18 15:05:30,038 - INFO - 
Epoch: 35
2022-05-18 15:05:30,038 - INFO - 
Learning Rate: 0.0100
2022-05-18 15:05:30,038 - INFO - Synset CE Weight: 0.0
Soft prediction CE Weight: 1.0
Outlier Exposure Weight: 0.0
2022-05-18 15:05:41,092 - INFO - [Step=29250]	Loss=0.5837	322.8 examples/second
2022-05-18 15:07:08,681 - INFO - [Step=29500]	Loss=0.5616	365.3 examples/second
2022-05-18 15:08:36,300 - INFO - [Step=29750]	Loss=0.5563	365.2 examples/second
2022-05-18 15:10:04,083 - INFO - [Step=30000]	Loss=0.5643	364.5 examples/second
2022-05-18 15:10:33,211 - INFO - Test Loss=0.2276, Test top-1 acc=0.8051, Test mean synset acc=0.8534
2022-05-18 15:10:33,212 - INFO - Error Depth: [ 172.  637. 3341.]
2022-05-18 15:10:33,212 - INFO - Saving...
2022-05-18 15:10:34,811 - INFO - Epoch time: 304.772855758667
2022-05-18 15:10:34,811 - INFO - 
Epoch: 36
2022-05-18 15:10:34,811 - INFO - 
Learning Rate: 0.0100
2022-05-18 15:10:34,811 - INFO - Synset CE Weight: 0.0
Soft prediction CE Weight: 1.0
Outlier Exposure Weight: 0.0
2022-05-18 15:11:43,407 - INFO - [Step=30250]	Loss=0.5463	322.2 examples/second
2022-05-18 15:13:10,871 - INFO - [Step=30500]	Loss=0.5476	365.9 examples/second
2022-05-18 15:14:38,564 - INFO - [Step=30750]	Loss=0.5602	364.9 examples/second
2022-05-18 15:15:37,642 - INFO - Test Loss=0.2311, Test top-1 acc=0.8058, Test mean synset acc=0.8533
2022-05-18 15:15:37,643 - INFO - Error Depth: [ 169.  637. 3344.]
2022-05-18 15:15:37,643 - INFO - Saving...
2022-05-18 15:15:39,219 - INFO - Epoch time: 304.40771985054016
2022-05-18 15:15:39,219 - INFO - 
Epoch: 37
2022-05-18 15:15:39,219 - INFO - 
Learning Rate: 0.0100
2022-05-18 15:15:39,219 - INFO - Synset CE Weight: 0.0
Soft prediction CE Weight: 1.0
Outlier Exposure Weight: 0.0
2022-05-18 15:16:18,155 - INFO - [Step=31000]	Loss=0.5580	321.3 examples/second
2022-05-18 15:17:45,531 - INFO - [Step=31250]	Loss=0.5362	366.2 examples/second
2022-05-18 15:19:13,138 - INFO - [Step=31500]	Loss=0.5466	365.3 examples/second
2022-05-18 15:20:42,207 - INFO - Test Loss=0.2279, Test top-1 acc=0.8010, Test mean synset acc=0.8512
2022-05-18 15:20:42,209 - INFO - Error Depth: [ 180.  646. 3324.]
2022-05-18 15:20:42,209 - INFO - Epoch time: 302.99018001556396
2022-05-18 15:20:42,209 - INFO - 
Epoch: 38
2022-05-18 15:20:42,209 - INFO - 
Learning Rate: 0.0100
2022-05-18 15:20:42,209 - INFO - Synset CE Weight: 0.0
Soft prediction CE Weight: 1.0
Outlier Exposure Weight: 0.0
2022-05-18 15:20:51,619 - INFO - [Step=31750]	Loss=0.5474	324.9 examples/second
2022-05-18 15:22:18,946 - INFO - [Step=32000]	Loss=0.5356	366.4 examples/second
2022-05-18 15:23:46,339 - INFO - [Step=32250]	Loss=0.5383	366.2 examples/second
2022-05-18 15:25:14,068 - INFO - [Step=32500]	Loss=0.5420	364.8 examples/second
2022-05-18 15:25:44,824 - INFO - Test Loss=0.2291, Test top-1 acc=0.8058, Test mean synset acc=0.8545
2022-05-18 15:25:44,824 - INFO - Error Depth: [ 174.  632. 3344.]
2022-05-18 15:25:44,825 - INFO - Epoch time: 302.6154065132141
2022-05-18 15:25:44,825 - INFO - 
Epoch: 39
2022-05-18 15:25:44,825 - INFO - 
Learning Rate: 0.0100
2022-05-18 15:25:44,825 - INFO - Synset CE Weight: 0.0
Soft prediction CE Weight: 1.0
Outlier Exposure Weight: 0.0
2022-05-18 15:26:51,773 - INFO - [Step=32750]	Loss=0.5339	327.5 examples/second
2022-05-18 15:28:19,272 - INFO - [Step=33000]	Loss=0.5190	365.7 examples/second
2022-05-18 15:29:46,870 - INFO - [Step=33250]	Loss=0.5379	365.3 examples/second
2022-05-18 15:30:47,682 - INFO - Test Loss=0.2350, Test top-1 acc=0.8000, Test mean synset acc=0.8479
2022-05-18 15:30:47,682 - INFO - Error Depth: [ 171.  659. 3320.]
2022-05-18 15:30:47,683 - INFO - Epoch time: 302.8580656051636
2022-05-18 15:30:47,683 - INFO - 
Epoch: 40
2022-05-18 15:30:47,683 - INFO - 
Learning Rate: 0.0100
2022-05-18 15:30:47,683 - INFO - Synset CE Weight: 0.0
Soft prediction CE Weight: 1.0
Outlier Exposure Weight: 0.0
2022-05-18 15:31:24,965 - INFO - [Step=33500]	Loss=0.5252	326.2 examples/second
2022-05-18 15:32:52,429 - INFO - [Step=33750]	Loss=0.5323	365.9 examples/second
2022-05-18 15:34:19,981 - INFO - [Step=34000]	Loss=0.5206	365.5 examples/second
2022-05-18 15:35:50,594 - INFO - Test Loss=0.2280, Test top-1 acc=0.8017, Test mean synset acc=0.8497
2022-05-18 15:35:50,595 - INFO - Error Depth: [ 169.  654. 3327.]
2022-05-18 15:35:50,595 - INFO - Epoch time: 302.9126317501068
2022-05-18 15:35:50,595 - INFO - 
Epoch: 41
2022-05-18 15:35:50,596 - INFO - 
Learning Rate: 0.0100
2022-05-18 15:35:50,596 - INFO - Synset CE Weight: 0.0
Soft prediction CE Weight: 1.0
Outlier Exposure Weight: 0.0
2022-05-18 15:35:58,111 - INFO - [Step=34250]	Loss=0.5303	326.1 examples/second
2022-05-18 15:37:25,535 - INFO - [Step=34500]	Loss=0.5191	366.0 examples/second
2022-05-18 15:38:53,088 - INFO - [Step=34750]	Loss=0.5136	365.5 examples/second
2022-05-18 15:40:21,096 - INFO - [Step=35000]	Loss=0.5229	363.6 examples/second
2022-05-18 15:40:53,710 - INFO - Test Loss=0.2285, Test top-1 acc=0.8067, Test mean synset acc=0.8527
2022-05-18 15:40:53,710 - INFO - Error Depth: [ 161.  641. 3348.]
2022-05-18 15:40:53,711 - INFO - Saving...
2022-05-18 15:40:54,209 - INFO - Epoch time: 303.6132552623749
2022-05-18 15:40:54,209 - INFO - 
Epoch: 42
2022-05-18 15:40:54,209 - INFO - 
Learning Rate: 0.0100
2022-05-18 15:40:54,210 - INFO - Synset CE Weight: 0.0
Soft prediction CE Weight: 1.0
Outlier Exposure Weight: 0.0
2022-05-18 15:41:59,680 - INFO - [Step=35250]	Loss=0.5119	324.6 examples/second
2022-05-18 15:43:27,381 - INFO - [Step=35500]	Loss=0.5108	364.9 examples/second
2022-05-18 15:44:55,174 - INFO - [Step=35750]	Loss=0.5126	364.5 examples/second
2022-05-18 15:45:57,876 - INFO - Test Loss=0.2260, Test top-1 acc=0.8063, Test mean synset acc=0.8547
2022-05-18 15:45:57,877 - INFO - Error Depth: [ 172.  632. 3346.]
2022-05-18 15:45:57,877 - INFO - Epoch time: 303.6680061817169
2022-05-18 15:45:57,877 - INFO - 
Epoch: 43
2022-05-18 15:45:57,877 - INFO - 
Learning Rate: 0.0100
2022-05-18 15:45:57,878 - INFO - Synset CE Weight: 0.0
Soft prediction CE Weight: 1.0
Outlier Exposure Weight: 0.0
2022-05-18 15:46:33,505 - INFO - [Step=36000]	Loss=0.5035	325.4 examples/second
2022-05-18 15:48:00,841 - INFO - [Step=36250]	Loss=0.4952	366.4 examples/second
2022-05-18 15:49:28,308 - INFO - [Step=36500]	Loss=0.5088	365.9 examples/second
2022-05-18 15:51:01,101 - INFO - Test Loss=0.2256, Test top-1 acc=0.8012, Test mean synset acc=0.8489
2022-05-18 15:51:01,102 - INFO - Error Depth: [ 168.  657. 3325.]
2022-05-18 15:51:01,102 - INFO - Epoch time: 303.2249562740326
2022-05-18 15:51:01,102 - INFO - 
Epoch: 44
2022-05-18 15:51:01,102 - INFO - 
Learning Rate: 0.0100
2022-05-18 15:51:01,103 - INFO - Synset CE Weight: 0.0
Soft prediction CE Weight: 1.0
Outlier Exposure Weight: 0.0
2022-05-18 15:51:06,900 - INFO - [Step=36750]	Loss=0.5147	324.6 examples/second
2022-05-18 15:52:34,670 - INFO - [Step=37000]	Loss=0.4976	364.6 examples/second
2022-05-18 15:54:02,396 - INFO - [Step=37250]	Loss=0.5040	364.8 examples/second
2022-05-18 15:55:30,389 - INFO - [Step=37500]	Loss=0.4947	363.7 examples/second
2022-05-18 15:56:04,827 - INFO - Test Loss=0.2273, Test top-1 acc=0.8041, Test mean synset acc=0.8507
2022-05-18 15:56:04,828 - INFO - Error Depth: [ 163.  650. 3337.]
2022-05-18 15:56:04,829 - INFO - Epoch time: 303.72637033462524
2022-05-18 15:56:04,829 - INFO - 
Epoch: 45
2022-05-18 15:56:04,829 - INFO - 
Learning Rate: 0.0100
2022-05-18 15:56:04,829 - INFO - Synset CE Weight: 0.0
Soft prediction CE Weight: 1.0
Outlier Exposure Weight: 0.0
2022-05-18 15:57:08,456 - INFO - [Step=37750]	Loss=0.5001	326.3 examples/second
2022-05-18 15:58:35,977 - INFO - [Step=38000]	Loss=0.5013	365.6 examples/second
2022-05-18 16:00:03,523 - INFO - [Step=38250]	Loss=0.4882	365.5 examples/second
2022-05-18 16:01:08,049 - INFO - Test Loss=0.2317, Test top-1 acc=0.8051, Test mean synset acc=0.8511
2022-05-18 16:01:08,050 - INFO - Error Depth: [ 162.  647. 3341.]
2022-05-18 16:01:08,050 - INFO - Epoch time: 303.2211172580719
2022-05-18 16:01:08,050 - INFO - 
Epoch: 46
2022-05-18 16:01:08,050 - INFO - 
Learning Rate: 0.0100
2022-05-18 16:01:08,050 - INFO - Synset CE Weight: 0.0
Soft prediction CE Weight: 1.0
Outlier Exposure Weight: 0.0
2022-05-18 16:01:41,924 - INFO - [Step=38500]	Loss=0.4950	325.2 examples/second
2022-05-18 16:03:09,715 - INFO - [Step=38750]	Loss=0.4852	364.5 examples/second
2022-05-18 16:04:37,402 - INFO - [Step=39000]	Loss=0.4984	364.9 examples/second
2022-05-18 16:06:11,893 - INFO - Test Loss=0.2290, Test top-1 acc=0.8043, Test mean synset acc=0.8526
2022-05-18 16:06:11,894 - INFO - Error Depth: [ 172.  640. 3338.]
2022-05-18 16:06:11,894 - INFO - Epoch time: 303.84433937072754
2022-05-18 16:06:11,895 - INFO - 
Epoch: 47
2022-05-18 16:06:11,895 - INFO - 
Learning Rate: 0.0100
2022-05-18 16:06:11,895 - INFO - Synset CE Weight: 0.0
Soft prediction CE Weight: 1.0
Outlier Exposure Weight: 0.0
2022-05-18 16:06:16,112 - INFO - [Step=39250]	Loss=0.4913	324.2 examples/second
2022-05-18 16:07:43,647 - INFO - [Step=39500]	Loss=0.4748	365.6 examples/second
2022-05-18 16:09:11,431 - INFO - [Step=39750]	Loss=0.4759	364.5 examples/second
2022-05-18 16:10:39,515 - INFO - [Step=40000]	Loss=0.4954	363.3 examples/second
2022-05-18 16:11:15,567 - INFO - Test Loss=0.2336, Test top-1 acc=0.7990, Test mean synset acc=0.8455
2022-05-18 16:11:15,568 - INFO - Error Depth: [ 161.  673. 3316.]
2022-05-18 16:11:15,568 - INFO - Epoch time: 303.6734142303467
2022-05-18 16:11:15,568 - INFO - 
Epoch: 48
2022-05-18 16:11:15,568 - INFO - 
Learning Rate: 0.0100
2022-05-18 16:11:15,568 - INFO - Synset CE Weight: 0.0
Soft prediction CE Weight: 1.0
Outlier Exposure Weight: 0.0
2022-05-18 16:12:17,311 - INFO - [Step=40250]	Loss=0.4809	327.2 examples/second
2022-05-18 16:13:44,997 - INFO - [Step=40500]	Loss=0.4797	364.9 examples/second
2022-05-18 16:15:12,862 - INFO - [Step=40750]	Loss=0.4796	364.2 examples/second
2022-05-18 16:16:18,882 - INFO - Test Loss=0.2394, Test top-1 acc=0.8048, Test mean synset acc=0.8544
2022-05-18 16:16:18,883 - INFO - Error Depth: [ 177.  633. 3340.]
2022-05-18 16:16:18,884 - INFO - Epoch time: 303.3154230117798
2022-05-18 16:16:18,884 - INFO - 
Epoch: 49
2022-05-18 16:16:18,884 - INFO - 
Learning Rate: 0.0100
2022-05-18 16:16:18,884 - INFO - Synset CE Weight: 0.0
Soft prediction CE Weight: 1.0
Outlier Exposure Weight: 0.0
2022-05-18 16:16:51,169 - INFO - [Step=41000]	Loss=0.4941	325.5 examples/second
2022-05-18 16:18:18,564 - INFO - [Step=41250]	Loss=0.4844	366.2 examples/second
2022-05-18 16:19:46,001 - INFO - [Step=41500]	Loss=0.4838	366.0 examples/second
2022-05-18 16:21:13,854 - INFO - [Step=41750]	Loss=0.4729	364.2 examples/second
2022-05-18 16:21:21,955 - INFO - Test Loss=0.2348, Test top-1 acc=0.8058, Test mean synset acc=0.8522
2022-05-18 16:21:21,956 - INFO - Error Depth: [ 161.  645. 3344.]
2022-05-18 16:21:21,956 - INFO - Epoch time: 303.07252407073975
2022-05-18 16:21:21,956 - INFO - 
Epoch: 50
2022-05-18 16:21:21,956 - INFO - 
Learning Rate: 0.0100
2022-05-18 16:21:21,957 - INFO - Synset CE Weight: 0.0
Soft prediction CE Weight: 1.0
Outlier Exposure Weight: 0.0
2022-05-18 16:22:51,805 - INFO - [Step=42000]	Loss=0.4778	326.7 examples/second
2022-05-18 16:24:19,323 - INFO - [Step=42250]	Loss=0.4807	365.6 examples/second
2022-05-18 16:25:47,308 - INFO - [Step=42500]	Loss=0.4801	363.7 examples/second
2022-05-18 16:26:25,288 - INFO - Test Loss=0.2400, Test top-1 acc=0.7998, Test mean synset acc=0.8493
2022-05-18 16:26:25,288 - INFO - Error Depth: [ 176.  655. 3319.]
2022-05-18 16:26:25,289 - INFO - Epoch time: 303.33220887184143
2022-05-18 16:26:25,289 - INFO - 
Epoch: 51
2022-05-18 16:26:25,289 - INFO - 
Learning Rate: 0.0100
2022-05-18 16:26:25,289 - INFO - Synset CE Weight: 0.0
Soft prediction CE Weight: 1.0
Outlier Exposure Weight: 0.0
2022-05-18 16:27:25,320 - INFO - [Step=42750]	Loss=0.4683	326.5 examples/second
2022-05-18 16:28:53,044 - INFO - [Step=43000]	Loss=0.4699	364.8 examples/second
2022-05-18 16:30:20,716 - INFO - [Step=43250]	Loss=0.4701	365.0 examples/second
2022-05-18 16:31:28,514 - INFO - Test Loss=0.2348, Test top-1 acc=0.8027, Test mean synset acc=0.8497
2022-05-18 16:31:28,515 - INFO - Error Depth: [ 165.  654. 3331.]
2022-05-18 16:31:28,515 - INFO - Epoch time: 303.226806640625
2022-05-18 16:31:28,516 - INFO - 
Epoch: 52
2022-05-18 16:31:28,516 - INFO - 
Learning Rate: 0.0100
2022-05-18 16:31:28,516 - INFO - Synset CE Weight: 0.0
Soft prediction CE Weight: 1.0
Outlier Exposure Weight: 0.0
2022-05-18 16:31:58,742 - INFO - [Step=43500]	Loss=0.4626	326.4 examples/second
2022-05-18 16:33:26,320 - INFO - [Step=43750]	Loss=0.4697	365.4 examples/second
2022-05-18 16:34:53,963 - INFO - [Step=44000]	Loss=0.4753	365.1 examples/second
2022-05-18 16:36:21,931 - INFO - [Step=44250]	Loss=0.4739	363.8 examples/second
2022-05-18 16:36:31,994 - INFO - Test Loss=0.2297, Test top-1 acc=0.8039, Test mean synset acc=0.8523
2022-05-18 16:36:31,995 - INFO - Error Depth: [ 171.  643. 3336.]
2022-05-18 16:36:31,995 - INFO - Epoch time: 303.47960925102234
2022-05-18 16:36:31,995 - INFO - 
Epoch: 53
2022-05-18 16:36:31,995 - INFO - 
Learning Rate: 0.0100
2022-05-18 16:36:31,995 - INFO - Synset CE Weight: 0.0
Soft prediction CE Weight: 1.0
Outlier Exposure Weight: 0.0
2022-05-18 16:38:00,192 - INFO - [Step=44500]	Loss=0.4666	325.7 examples/second
2022-05-18 16:39:27,804 - INFO - [Step=44750]	Loss=0.4631	365.3 examples/second
2022-05-18 16:40:55,731 - INFO - [Step=45000]	Loss=0.4658	363.9 examples/second
2022-05-18 16:41:35,409 - INFO - Test Loss=0.2373, Test top-1 acc=0.8036, Test mean synset acc=0.8506
2022-05-18 16:41:35,409 - INFO - Error Depth: [ 165.  650. 3335.]
2022-05-18 16:41:35,410 - INFO - Epoch time: 303.41445803642273
2022-05-18 16:41:35,410 - INFO - 
Epoch: 54
2022-05-18 16:41:35,410 - INFO - 
Learning Rate: 0.0100
2022-05-18 16:41:35,410 - INFO - Synset CE Weight: 0.0
Soft prediction CE Weight: 1.0
Outlier Exposure Weight: 0.0
2022-05-18 16:42:33,991 - INFO - [Step=45250]	Loss=0.4634	325.7 examples/second
2022-05-18 16:44:01,657 - INFO - [Step=45500]	Loss=0.4607	365.0 examples/second
2022-05-18 16:45:29,586 - INFO - [Step=45750]	Loss=0.4646	363.9 examples/second
2022-05-18 16:46:39,672 - INFO - Test Loss=0.2300, Test top-1 acc=0.8027, Test mean synset acc=0.8489
2022-05-18 16:46:39,673 - INFO - Error Depth: [ 161.  658. 3331.]
2022-05-18 16:46:39,673 - INFO - Epoch time: 304.26357436180115
2022-05-18 16:46:39,673 - INFO - 
Epoch: 55
2022-05-18 16:46:39,674 - INFO - 
Learning Rate: 0.0100
2022-05-18 16:46:39,674 - INFO - Synset CE Weight: 0.0
Soft prediction CE Weight: 1.0
Outlier Exposure Weight: 0.0
2022-05-18 16:47:08,404 - INFO - [Step=46000]	Loss=0.4505	323.8 examples/second
2022-05-18 16:48:35,863 - INFO - [Step=46250]	Loss=0.4616	365.9 examples/second
2022-05-18 16:50:03,493 - INFO - [Step=46500]	Loss=0.4539	365.2 examples/second
2022-05-18 16:51:31,430 - INFO - [Step=46750]	Loss=0.4559	363.9 examples/second
2022-05-18 16:51:42,999 - INFO - Test Loss=0.2465, Test top-1 acc=0.8058, Test mean synset acc=0.8529
2022-05-18 16:51:43,000 - INFO - Error Depth: [ 166.  640. 3344.]
2022-05-18 16:51:43,000 - INFO - Epoch time: 303.32645416259766
2022-05-18 16:51:43,000 - INFO - 
Epoch: 56
2022-05-18 16:51:43,000 - INFO - 
Learning Rate: 0.0100
2022-05-18 16:51:43,000 - INFO - Synset CE Weight: 0.0
Soft prediction CE Weight: 1.0
Outlier Exposure Weight: 0.0
2022-05-18 16:53:09,246 - INFO - [Step=47000]	Loss=0.4497	327.1 examples/second
2022-05-18 16:54:36,972 - INFO - [Step=47250]	Loss=0.4564	364.8 examples/second
2022-05-18 16:56:05,023 - INFO - [Step=47500]	Loss=0.4617	363.4 examples/second
2022-05-18 16:56:46,636 - INFO - Test Loss=0.2569, Test top-1 acc=0.8022, Test mean synset acc=0.8536
2022-05-18 16:56:46,637 - INFO - Error Depth: [ 184.  637. 3329.]
2022-05-18 16:56:46,637 - INFO - Epoch time: 303.63723373413086
2022-05-18 16:56:46,637 - INFO - 
Epoch: 57
2022-05-18 16:56:46,637 - INFO - 
Learning Rate: 0.0100
2022-05-18 16:56:46,638 - INFO - Synset CE Weight: 0.0
Soft prediction CE Weight: 1.0
Outlier Exposure Weight: 0.0
2022-05-18 16:57:43,170 - INFO - [Step=47750]	Loss=0.4472	326.0 examples/second
2022-05-18 16:59:10,793 - INFO - [Step=48000]	Loss=0.4435	365.2 examples/second
2022-05-18 17:00:38,599 - INFO - [Step=48250]	Loss=0.4476	364.4 examples/second
2022-05-18 17:01:49,921 - INFO - Test Loss=0.2438, Test top-1 acc=0.8034, Test mean synset acc=0.8501
2022-05-18 17:01:49,922 - INFO - Error Depth: [ 165.  651. 3334.]
2022-05-18 17:01:49,922 - INFO - Epoch time: 303.2848675251007
2022-05-18 17:01:49,922 - INFO - 
Epoch: 58
2022-05-18 17:01:49,922 - INFO - 
Learning Rate: 0.0100
2022-05-18 17:01:49,923 - INFO - Synset CE Weight: 0.0
Soft prediction CE Weight: 1.0
Outlier Exposure Weight: 0.0
2022-05-18 17:02:16,854 - INFO - [Step=48500]	Loss=0.4592	325.7 examples/second
2022-05-18 17:03:44,449 - INFO - [Step=48750]	Loss=0.4515	365.3 examples/second
2022-05-18 17:05:12,285 - INFO - [Step=49000]	Loss=0.4473	364.3 examples/second
2022-05-18 17:06:40,269 - INFO - [Step=49250]	Loss=0.4546	363.7 examples/second
2022-05-18 17:06:53,625 - INFO - Test Loss=0.2311, Test top-1 acc=0.8084, Test mean synset acc=0.8567
2022-05-18 17:06:53,626 - INFO - Error Depth: [ 172.  623. 3355.]
2022-05-18 17:06:53,626 - INFO - Saving...
2022-05-18 17:06:54,258 - INFO - Epoch time: 304.33581161499023
2022-05-18 17:06:54,259 - INFO - 
Epoch: 59
2022-05-18 17:06:54,259 - INFO - 
Learning Rate: 0.0010
2022-05-18 17:06:54,259 - INFO - Synset CE Weight: 0.0
Soft prediction CE Weight: 1.0
Outlier Exposure Weight: 0.0
2022-05-18 17:08:18,978 - INFO - [Step=49500]	Loss=0.4167	324.2 examples/second
2022-05-18 17:09:46,626 - INFO - [Step=49750]	Loss=0.4037	365.1 examples/second
2022-05-18 17:11:14,648 - INFO - [Step=50000]	Loss=0.3960	363.6 examples/second
2022-05-18 17:11:57,930 - INFO - Test Loss=0.2172, Test top-1 acc=0.8183, Test mean synset acc=0.8603
2022-05-18 17:11:57,930 - INFO - Error Depth: [ 146.  608. 3396.]
2022-05-18 17:11:57,931 - INFO - Saving...
2022-05-18 17:11:58,509 - INFO - Epoch time: 304.2499556541443
2022-05-18 17:11:58,509 - INFO - 
Epoch: 60
2022-05-18 17:11:58,509 - INFO - 
Learning Rate: 0.0010
2022-05-18 17:11:58,509 - INFO - Synset CE Weight: 0.0
Soft prediction CE Weight: 1.0
Outlier Exposure Weight: 0.0
2022-05-18 17:12:53,258 - INFO - [Step=50250]	Loss=0.3857	324.5 examples/second
2022-05-18 17:14:20,783 - INFO - [Step=50500]	Loss=0.3846	365.6 examples/second
2022-05-18 17:15:48,546 - INFO - [Step=50750]	Loss=0.3825	364.6 examples/second
2022-05-18 17:17:01,550 - INFO - Test Loss=0.2165, Test top-1 acc=0.8166, Test mean synset acc=0.8594
2022-05-18 17:17:01,551 - INFO - Error Depth: [ 148.  613. 3389.]
2022-05-18 17:17:01,551 - INFO - Epoch time: 303.04228496551514
2022-05-18 17:17:01,551 - INFO - 
Epoch: 61
2022-05-18 17:17:01,551 - INFO - 
Learning Rate: 0.0010
2022-05-18 17:17:01,552 - INFO - Synset CE Weight: 0.0
Soft prediction CE Weight: 1.0
Outlier Exposure Weight: 0.0
2022-05-18 17:17:26,604 - INFO - [Step=51000]	Loss=0.3791	326.3 examples/second
2022-05-18 17:18:54,096 - INFO - [Step=51250]	Loss=0.3718	365.8 examples/second
2022-05-18 17:20:21,745 - INFO - [Step=51500]	Loss=0.3776	365.1 examples/second
2022-05-18 17:21:49,506 - INFO - [Step=51750]	Loss=0.3673	364.6 examples/second
2022-05-18 17:22:04,612 - INFO - Test Loss=0.2137, Test top-1 acc=0.8161, Test mean synset acc=0.8582
2022-05-18 17:22:04,612 - INFO - Error Depth: [ 145.  618. 3387.]
2022-05-18 17:22:04,613 - INFO - Epoch time: 303.061377286911
2022-05-18 17:22:04,613 - INFO - 
Epoch: 62
2022-05-18 17:22:04,613 - INFO - 
Learning Rate: 0.0010
2022-05-18 17:22:04,613 - INFO - Synset CE Weight: 0.0
Soft prediction CE Weight: 1.0
Outlier Exposure Weight: 0.0
2022-05-18 17:23:27,454 - INFO - [Step=52000]	Loss=0.3642	326.7 examples/second
2022-05-18 17:24:54,842 - INFO - [Step=52250]	Loss=0.3762	366.2 examples/second
2022-05-18 17:26:22,696 - INFO - [Step=52500]	Loss=0.3710	364.2 examples/second
2022-05-18 17:27:07,804 - INFO - Test Loss=0.2119, Test top-1 acc=0.8183, Test mean synset acc=0.8611
2022-05-18 17:27:07,805 - INFO - Error Depth: [ 149.  605. 3396.]
2022-05-18 17:27:07,805 - INFO - Epoch time: 303.1926441192627
2022-05-18 17:27:07,806 - INFO - 
Epoch: 63
2022-05-18 17:27:07,806 - INFO - 
Learning Rate: 0.0010
2022-05-18 17:27:07,806 - INFO - Synset CE Weight: 0.0
Soft prediction CE Weight: 1.0
Outlier Exposure Weight: 0.0
2022-05-18 17:28:00,680 - INFO - [Step=52750]	Loss=0.3641	326.6 examples/second
2022-05-18 17:29:28,089 - INFO - [Step=53000]	Loss=0.3650	366.1 examples/second
2022-05-18 17:30:55,955 - INFO - [Step=53250]	Loss=0.3666	364.2 examples/second
2022-05-18 17:32:10,597 - INFO - Test Loss=0.2124, Test top-1 acc=0.8161, Test mean synset acc=0.8588
2022-05-18 17:32:10,598 - INFO - Error Depth: [ 147.  616. 3387.]
2022-05-18 17:32:10,598 - INFO - Epoch time: 302.7922351360321
2022-05-18 17:32:10,598 - INFO - 
Epoch: 64
2022-05-18 17:32:10,598 - INFO - 
Learning Rate: 0.0010
2022-05-18 17:32:10,598 - INFO - Synset CE Weight: 0.0
Soft prediction CE Weight: 1.0
Outlier Exposure Weight: 0.0
2022-05-18 17:32:33,698 - INFO - [Step=53500]	Loss=0.3660	327.4 examples/second
2022-05-18 17:34:01,263 - INFO - [Step=53750]	Loss=0.3758	365.4 examples/second
2022-05-18 17:35:28,930 - INFO - [Step=54000]	Loss=0.3649	365.0 examples/second
2022-05-18 17:36:56,797 - INFO - [Step=54250]	Loss=0.3677	364.2 examples/second
2022-05-18 17:37:13,625 - INFO - Test Loss=0.2138, Test top-1 acc=0.8152, Test mean synset acc=0.8587
2022-05-18 17:37:13,625 - INFO - Error Depth: [ 151.  616. 3383.]
2022-05-18 17:37:13,626 - INFO - Epoch time: 303.02778482437134
2022-05-18 17:37:13,626 - INFO - 
Epoch: 65
2022-05-18 17:37:13,626 - INFO - 
Learning Rate: 0.0010
2022-05-18 17:37:13,626 - INFO - Synset CE Weight: 0.0
Soft prediction CE Weight: 1.0
Outlier Exposure Weight: 0.0
2022-05-18 17:38:34,743 - INFO - [Step=54500]	Loss=0.3618	326.7 examples/second
2022-05-18 17:40:02,295 - INFO - [Step=54750]	Loss=0.3728	365.5 examples/second
2022-05-18 17:41:30,225 - INFO - [Step=55000]	Loss=0.3646	363.9 examples/second
2022-05-18 17:42:16,868 - INFO - Test Loss=0.2124, Test top-1 acc=0.8157, Test mean synset acc=0.8583
2022-05-18 17:42:16,869 - INFO - Error Depth: [ 147.  618. 3385.]
2022-05-18 17:42:16,869 - INFO - Epoch time: 303.2430856227875
2022-05-18 17:42:16,869 - INFO - 
Epoch: 66
2022-05-18 17:42:16,869 - INFO - 
Learning Rate: 0.0010
2022-05-18 17:42:16,869 - INFO - Synset CE Weight: 0.0
Soft prediction CE Weight: 1.0
Outlier Exposure Weight: 0.0
2022-05-18 17:43:08,312 - INFO - [Step=55250]	Loss=0.3601	326.2 examples/second
2022-05-18 17:44:35,841 - INFO - [Step=55500]	Loss=0.3498	365.6 examples/second
2022-05-18 17:46:03,607 - INFO - [Step=55750]	Loss=0.3543	364.6 examples/second
2022-05-18 17:47:20,163 - INFO - Test Loss=0.2139, Test top-1 acc=0.8173, Test mean synset acc=0.8590
2022-05-18 17:47:20,164 - INFO - Error Depth: [ 143.  615. 3392.]
2022-05-18 17:47:20,165 - INFO - Epoch time: 303.29581594467163
2022-05-18 17:47:20,165 - INFO - 
Epoch: 67
2022-05-18 17:47:20,165 - INFO - 
Learning Rate: 0.0010
2022-05-18 17:47:20,165 - INFO - Synset CE Weight: 0.0
Soft prediction CE Weight: 1.0
Outlier Exposure Weight: 0.0
2022-05-18 17:47:41,581 - INFO - [Step=56000]	Loss=0.3549	326.6 examples/second
2022-05-18 17:49:09,123 - INFO - [Step=56250]	Loss=0.3549	365.5 examples/second
2022-05-18 17:50:36,880 - INFO - [Step=56500]	Loss=0.3587	364.6 examples/second
2022-05-18 17:52:04,656 - INFO - [Step=56750]	Loss=0.3497	364.6 examples/second
2022-05-18 17:52:23,315 - INFO - Test Loss=0.2149, Test top-1 acc=0.8205, Test mean synset acc=0.8616
2022-05-18 17:52:23,316 - INFO - Error Depth: [ 142.  603. 3405.]
2022-05-18 17:52:23,316 - INFO - Saving...
2022-05-18 17:52:24,197 - INFO - Epoch time: 304.0316197872162
2022-05-18 17:52:24,197 - INFO - 
Epoch: 68
2022-05-18 17:52:24,197 - INFO - 
Learning Rate: 0.0010
2022-05-18 17:52:24,197 - INFO - Synset CE Weight: 0.0
Soft prediction CE Weight: 1.0
Outlier Exposure Weight: 0.0
2022-05-18 17:53:43,524 - INFO - [Step=57000]	Loss=0.3554	323.7 examples/second
2022-05-18 17:55:11,105 - INFO - [Step=57250]	Loss=0.3436	365.4 examples/second
2022-05-18 17:56:39,041 - INFO - [Step=57500]	Loss=0.3569	363.9 examples/second
2022-05-18 17:57:27,368 - INFO - Test Loss=0.2151, Test top-1 acc=0.8183, Test mean synset acc=0.8607
2022-05-18 17:57:27,369 - INFO - Error Depth: [ 146.  608. 3396.]
2022-05-18 17:57:27,369 - INFO - Epoch time: 303.1724283695221
2022-05-18 17:57:27,369 - INFO - 
Epoch: 69
2022-05-18 17:57:27,369 - INFO - 
Learning Rate: 0.0010
2022-05-18 17:57:27,370 - INFO - Synset CE Weight: 0.0
Soft prediction CE Weight: 1.0
Outlier Exposure Weight: 0.0
2022-05-18 17:58:16,931 - INFO - [Step=57750]	Loss=0.3519	326.9 examples/second
2022-05-18 17:59:44,404 - INFO - [Step=58000]	Loss=0.3539	365.8 examples/second
2022-05-18 18:01:12,246 - INFO - [Step=58250]	Loss=0.3527	364.3 examples/second
2022-05-18 18:02:30,517 - INFO - Test Loss=0.2170, Test top-1 acc=0.8183, Test mean synset acc=0.8595
2022-05-18 18:02:30,518 - INFO - Error Depth: [ 142.  612. 3396.]
2022-05-18 18:02:30,519 - INFO - Epoch time: 303.14918756484985
2022-05-18 18:02:30,519 - INFO - 
Epoch: 70
2022-05-18 18:02:30,519 - INFO - 
Learning Rate: 0.0010
2022-05-18 18:02:30,519 - INFO - Synset CE Weight: 0.0
Soft prediction CE Weight: 1.0
Outlier Exposure Weight: 0.0
2022-05-18 18:02:50,363 - INFO - [Step=58500]	Loss=0.3523	326.1 examples/second
2022-05-18 18:04:17,800 - INFO - [Step=58750]	Loss=0.3494	366.0 examples/second
2022-05-18 18:05:45,457 - INFO - [Step=59000]	Loss=0.3517	365.1 examples/second
2022-05-18 18:07:13,187 - INFO - [Step=59250]	Loss=0.3428	364.8 examples/second
2022-05-18 18:07:33,506 - INFO - Test Loss=0.2147, Test top-1 acc=0.8202, Test mean synset acc=0.8613
2022-05-18 18:07:33,506 - INFO - Error Depth: [ 141.  605. 3404.]
2022-05-18 18:07:33,506 - INFO - Epoch time: 302.98767948150635
2022-05-18 18:07:33,506 - INFO - 
Epoch: 71
2022-05-18 18:07:33,507 - INFO - 
Learning Rate: 0.0010
2022-05-18 18:07:33,507 - INFO - Synset CE Weight: 0.0
Soft prediction CE Weight: 1.0
Outlier Exposure Weight: 0.0
2022-05-18 18:08:51,076 - INFO - [Step=59500]	Loss=0.3544	326.9 examples/second
2022-05-18 18:10:18,667 - INFO - [Step=59750]	Loss=0.3490	365.3 examples/second
2022-05-18 18:11:46,563 - INFO - [Step=60000]	Loss=0.3478	364.1 examples/second
2022-05-18 18:12:36,658 - INFO - Test Loss=0.2152, Test top-1 acc=0.8186, Test mean synset acc=0.8594
2022-05-18 18:12:36,658 - INFO - Error Depth: [ 139.  614. 3397.]
2022-05-18 18:12:36,659 - INFO - Epoch time: 303.15227222442627
2022-05-18 18:12:36,659 - INFO - 
Epoch: 72
2022-05-18 18:12:36,659 - INFO - 
Learning Rate: 0.0010
2022-05-18 18:12:36,659 - INFO - Synset CE Weight: 0.0
Soft prediction CE Weight: 1.0
Outlier Exposure Weight: 0.0
2022-05-18 18:13:24,453 - INFO - [Step=60250]	Loss=0.3405	326.9 examples/second
2022-05-18 18:14:52,040 - INFO - [Step=60500]	Loss=0.3460	365.4 examples/second
2022-05-18 18:16:19,725 - INFO - [Step=60750]	Loss=0.3407	364.9 examples/second
2022-05-18 18:17:40,153 - INFO - Test Loss=0.2165, Test top-1 acc=0.8171, Test mean synset acc=0.8590
2022-05-18 18:17:40,153 - INFO - Error Depth: [ 143.  616. 3391.]
2022-05-18 18:17:40,154 - INFO - Epoch time: 303.49486088752747
2022-05-18 18:17:40,154 - INFO - 
Epoch: 73
2022-05-18 18:17:40,154 - INFO - 
Learning Rate: 0.0010
2022-05-18 18:17:40,154 - INFO - Synset CE Weight: 0.0
Soft prediction CE Weight: 1.0
Outlier Exposure Weight: 0.0
2022-05-18 18:17:58,409 - INFO - [Step=61000]	Loss=0.3440	324.3 examples/second
2022-05-18 18:19:25,900 - INFO - [Step=61250]	Loss=0.3404	365.8 examples/second
2022-05-18 18:20:53,528 - INFO - [Step=61500]	Loss=0.3511	365.2 examples/second
2022-05-18 18:22:21,343 - INFO - [Step=61750]	Loss=0.3467	364.4 examples/second
2022-05-18 18:22:43,527 - INFO - Test Loss=0.2186, Test top-1 acc=0.8173, Test mean synset acc=0.8597
2022-05-18 18:22:43,528 - INFO - Error Depth: [ 146.  612. 3392.]
2022-05-18 18:22:43,528 - INFO - Epoch time: 303.37414956092834
2022-05-18 18:22:43,528 - INFO - 
Epoch: 74
2022-05-18 18:22:43,528 - INFO - 
Learning Rate: 0.0010
2022-05-18 18:22:43,528 - INFO - Synset CE Weight: 0.0
Soft prediction CE Weight: 1.0
Outlier Exposure Weight: 0.0
2022-05-18 18:23:59,476 - INFO - [Step=62000]	Loss=0.3500	326.1 examples/second
2022-05-18 18:25:27,136 - INFO - [Step=62250]	Loss=0.3448	365.1 examples/second
2022-05-18 18:26:54,992 - INFO - [Step=62500]	Loss=0.3431	364.2 examples/second
2022-05-18 18:27:46,921 - INFO - Test Loss=0.2167, Test top-1 acc=0.8188, Test mean synset acc=0.8607
2022-05-18 18:27:46,922 - INFO - Error Depth: [ 145.  607. 3398.]
2022-05-18 18:27:46,922 - INFO - Epoch time: 303.39372396469116
2022-05-18 18:27:46,922 - INFO - 
Epoch: 75
2022-05-18 18:27:46,922 - INFO - 
Learning Rate: 0.0010
2022-05-18 18:27:46,922 - INFO - Synset CE Weight: 0.0
Soft prediction CE Weight: 1.0
Outlier Exposure Weight: 0.0
2022-05-18 18:28:32,981 - INFO - [Step=62750]	Loss=0.3400	326.6 examples/second
2022-05-18 18:30:00,357 - INFO - [Step=63000]	Loss=0.3372	366.2 examples/second
2022-05-18 18:31:28,086 - INFO - [Step=63250]	Loss=0.3436	364.8 examples/second
2022-05-18 18:32:50,139 - INFO - Test Loss=0.2178, Test top-1 acc=0.8164, Test mean synset acc=0.8576
2022-05-18 18:32:50,140 - INFO - Error Depth: [ 141.  621. 3388.]
2022-05-18 18:32:50,141 - INFO - Epoch time: 303.2187874317169
2022-05-18 18:32:50,141 - INFO - 
Epoch: 76
2022-05-18 18:32:50,141 - INFO - 
Learning Rate: 0.0010
2022-05-18 18:32:50,141 - INFO - Synset CE Weight: 0.0
Soft prediction CE Weight: 1.0
Outlier Exposure Weight: 0.0
2022-05-18 18:33:06,476 - INFO - [Step=63500]	Loss=0.3406	325.2 examples/second
2022-05-18 18:34:34,022 - INFO - [Step=63750]	Loss=0.3372	365.5 examples/second
2022-05-18 18:36:01,780 - INFO - [Step=64000]	Loss=0.3404	364.6 examples/second
2022-05-18 18:37:29,440 - INFO - [Step=64250]	Loss=0.3457	365.0 examples/second
2022-05-18 18:37:53,297 - INFO - Test Loss=0.2183, Test top-1 acc=0.8149, Test mean synset acc=0.8569
2022-05-18 18:37:53,298 - INFO - Error Depth: [ 143.  625. 3382.]
2022-05-18 18:37:53,298 - INFO - Epoch time: 303.1576602458954
2022-05-18 18:37:53,299 - INFO - 
Epoch: 77
2022-05-18 18:37:53,299 - INFO - 
Learning Rate: 0.0010
2022-05-18 18:37:53,299 - INFO - Synset CE Weight: 0.0
Soft prediction CE Weight: 1.0
Outlier Exposure Weight: 0.0
2022-05-18 18:39:07,480 - INFO - [Step=64500]	Loss=0.3417	326.4 examples/second
2022-05-18 18:40:35,217 - INFO - [Step=64750]	Loss=0.3397	364.7 examples/second
2022-05-18 18:42:03,098 - INFO - [Step=65000]	Loss=0.3340	364.1 examples/second
2022-05-18 18:42:56,810 - INFO - Test Loss=0.2170, Test top-1 acc=0.8145, Test mean synset acc=0.8572
2022-05-18 18:42:56,811 - INFO - Error Depth: [ 147.  623. 3380.]
2022-05-18 18:42:56,811 - INFO - Epoch time: 303.51259326934814
2022-05-18 18:42:56,811 - INFO - 
Epoch: 78
2022-05-18 18:42:56,811 - INFO - 
Learning Rate: 0.0010
2022-05-18 18:42:56,811 - INFO - Synset CE Weight: 0.0
Soft prediction CE Weight: 1.0
Outlier Exposure Weight: 0.0
2022-05-18 18:43:41,118 - INFO - [Step=65250]	Loss=0.3361	326.5 examples/second
2022-05-18 18:45:08,815 - INFO - [Step=65500]	Loss=0.3356	364.9 examples/second
2022-05-18 18:46:36,605 - INFO - [Step=65750]	Loss=0.3369	364.5 examples/second
2022-05-18 18:48:00,539 - INFO - Test Loss=0.2190, Test top-1 acc=0.8186, Test mean synset acc=0.8597
2022-05-18 18:48:00,541 - INFO - Error Depth: [ 140.  613. 3397.]
2022-05-18 18:48:00,541 - INFO - Epoch time: 303.7296643257141
2022-05-18 18:48:00,541 - INFO - 
Epoch: 79
2022-05-18 18:48:00,541 - INFO - 
Learning Rate: 0.0010
2022-05-18 18:48:00,541 - INFO - Synset CE Weight: 0.0
Soft prediction CE Weight: 1.0
Outlier Exposure Weight: 0.0
2022-05-18 18:48:15,031 - INFO - [Step=66000]	Loss=0.3423	325.1 examples/second
2022-05-18 18:49:42,752 - INFO - [Step=66250]	Loss=0.3297	364.8 examples/second
2022-05-18 18:51:10,735 - INFO - [Step=66500]	Loss=0.3506	363.7 examples/second
2022-05-18 18:52:38,714 - INFO - [Step=66750]	Loss=0.3387	363.7 examples/second
2022-05-18 18:53:04,500 - INFO - Test Loss=0.2163, Test top-1 acc=0.8183, Test mean synset acc=0.8600
2022-05-18 18:53:04,501 - INFO - Error Depth: [ 143.  611. 3396.]
2022-05-18 18:53:04,501 - INFO - Epoch time: 303.96045207977295
2022-05-18 18:53:04,502 - INFO - 
Epoch: 80
2022-05-18 18:53:04,502 - INFO - 
Learning Rate: 0.0010
2022-05-18 18:53:04,502 - INFO - Synset CE Weight: 0.0
Soft prediction CE Weight: 1.0
Outlier Exposure Weight: 0.0
2022-05-18 18:54:16,862 - INFO - [Step=67000]	Loss=0.3316	326.0 examples/second
2022-05-18 18:55:44,491 - INFO - [Step=67250]	Loss=0.3396	365.2 examples/second
2022-05-18 18:57:12,225 - INFO - [Step=67500]	Loss=0.3375	364.7 examples/second
2022-05-18 18:58:07,609 - INFO - Test Loss=0.2160, Test top-1 acc=0.8176, Test mean synset acc=0.8601
2022-05-18 18:58:07,610 - INFO - Error Depth: [ 147.  610. 3393.]
2022-05-18 18:58:07,610 - INFO - Epoch time: 303.10837173461914
2022-05-18 18:58:07,610 - INFO - 
Epoch: 81
2022-05-18 18:58:07,610 - INFO - 
Learning Rate: 0.0010
2022-05-18 18:58:07,610 - INFO - Synset CE Weight: 0.0
Soft prediction CE Weight: 1.0
Outlier Exposure Weight: 0.0
2022-05-18 18:58:50,279 - INFO - [Step=67750]	Loss=0.3344	326.4 examples/second
2022-05-18 19:00:17,778 - INFO - [Step=68000]	Loss=0.3387	365.7 examples/second
2022-05-18 19:01:45,660 - INFO - [Step=68250]	Loss=0.3349	364.1 examples/second
2022-05-18 19:03:10,906 - INFO - Test Loss=0.2210, Test top-1 acc=0.8161, Test mean synset acc=0.8583
2022-05-18 19:03:10,907 - INFO - Error Depth: [ 144.  619. 3387.]
2022-05-18 19:03:10,907 - INFO - Epoch time: 303.2969205379486
2022-05-18 19:03:10,907 - INFO - 
Epoch: 82
2022-05-18 19:03:10,907 - INFO - 
Learning Rate: 0.0010
2022-05-18 19:03:10,907 - INFO - Synset CE Weight: 0.0
Soft prediction CE Weight: 1.0
Outlier Exposure Weight: 0.0
2022-05-18 19:03:23,734 - INFO - [Step=68500]	Loss=0.3307	326.3 examples/second
2022-05-18 19:04:51,139 - INFO - [Step=68750]	Loss=0.3375	366.1 examples/second
2022-05-18 19:06:18,787 - INFO - [Step=69000]	Loss=0.3265	365.1 examples/second
2022-05-18 19:07:46,551 - INFO - [Step=69250]	Loss=0.3289	364.6 examples/second
2022-05-18 19:08:13,844 - INFO - Test Loss=0.2171, Test top-1 acc=0.8149, Test mean synset acc=0.8577
2022-05-18 19:08:13,845 - INFO - Error Depth: [ 148.  620. 3382.]
2022-05-18 19:08:13,845 - INFO - Epoch time: 302.9380307197571
2022-05-18 19:08:13,845 - INFO - 
Epoch: 83
2022-05-18 19:08:13,845 - INFO - 
Learning Rate: 0.0010
2022-05-18 19:08:13,845 - INFO - Synset CE Weight: 0.0
Soft prediction CE Weight: 1.0
Outlier Exposure Weight: 0.0
2022-05-18 19:09:24,368 - INFO - [Step=69500]	Loss=0.3308	327.1 examples/second
2022-05-18 19:10:52,116 - INFO - [Step=69750]	Loss=0.3388	364.7 examples/second
2022-05-18 19:12:19,741 - INFO - [Step=70000]	Loss=0.3336	365.2 examples/second
2022-05-18 19:13:16,871 - INFO - Test Loss=0.2189, Test top-1 acc=0.8154, Test mean synset acc=0.8581
2022-05-18 19:13:16,872 - INFO - Error Depth: [ 146.  620. 3384.]
2022-05-18 19:13:16,872 - INFO - Epoch time: 303.0266127586365
2022-05-18 19:13:16,872 - INFO - 
Epoch: 84
2022-05-18 19:13:16,872 - INFO - 
Learning Rate: 0.0010
2022-05-18 19:13:16,872 - INFO - Synset CE Weight: 0.0
Soft prediction CE Weight: 1.0
Outlier Exposure Weight: 0.0
2022-05-18 19:13:57,460 - INFO - [Step=70250]	Loss=0.3296	327.5 examples/second
2022-05-18 19:15:24,886 - INFO - [Step=70500]	Loss=0.3274	366.0 examples/second
2022-05-18 19:16:52,732 - INFO - [Step=70750]	Loss=0.3230	364.3 examples/second
2022-05-18 19:18:19,703 - INFO - Test Loss=0.2185, Test top-1 acc=0.8183, Test mean synset acc=0.8608
2022-05-18 19:18:19,704 - INFO - Error Depth: [ 147.  607. 3396.]
2022-05-18 19:18:19,704 - INFO - Epoch time: 302.83205676078796
2022-05-18 19:18:19,704 - INFO - 
Epoch: 85
2022-05-18 19:18:19,704 - INFO - 
Learning Rate: 0.0010
2022-05-18 19:18:19,704 - INFO - Synset CE Weight: 0.0
Soft prediction CE Weight: 1.0
Outlier Exposure Weight: 0.0
2022-05-18 19:18:30,763 - INFO - [Step=71000]	Loss=0.3328	326.4 examples/second
2022-05-18 19:19:58,394 - INFO - [Step=71250]	Loss=0.3241	365.2 examples/second
2022-05-18 19:21:26,121 - INFO - [Step=71500]	Loss=0.3349	364.8 examples/second
2022-05-18 19:22:53,785 - INFO - [Step=71750]	Loss=0.3316	365.0 examples/second
2022-05-18 19:23:22,810 - INFO - Test Loss=0.2193, Test top-1 acc=0.8202, Test mean synset acc=0.8614
2022-05-18 19:23:22,810 - INFO - Error Depth: [ 141.  605. 3404.]
2022-05-18 19:23:22,811 - INFO - Epoch time: 303.1064109802246
2022-05-18 19:23:22,811 - INFO - 
Epoch: 86
2022-05-18 19:23:22,811 - INFO - 
Learning Rate: 0.0010
2022-05-18 19:23:22,811 - INFO - Synset CE Weight: 0.0
Soft prediction CE Weight: 1.0
Outlier Exposure Weight: 0.0
2022-05-18 19:24:31,657 - INFO - [Step=72000]	Loss=0.3305	327.0 examples/second
2022-05-18 19:25:59,383 - INFO - [Step=72250]	Loss=0.3243	364.8 examples/second
2022-05-18 19:27:27,275 - INFO - [Step=72500]	Loss=0.3251	364.1 examples/second
2022-05-18 19:28:26,048 - INFO - Test Loss=0.2189, Test top-1 acc=0.8207, Test mean synset acc=0.8614
2022-05-18 19:28:26,049 - INFO - Error Depth: [ 139.  605. 3406.]
2022-05-18 19:28:26,049 - INFO - Saving...
2022-05-18 19:28:26,566 - INFO - Epoch time: 303.7550232410431
2022-05-18 19:28:26,566 - INFO - 
Epoch: 87
2022-05-18 19:28:26,566 - INFO - 
Learning Rate: 0.0010
2022-05-18 19:28:26,566 - INFO - Synset CE Weight: 0.0
Soft prediction CE Weight: 1.0
Outlier Exposure Weight: 0.0
2022-05-18 19:29:05,629 - INFO - [Step=72750]	Loss=0.3285	325.4 examples/second
2022-05-18 19:30:33,069 - INFO - [Step=73000]	Loss=0.3260	366.0 examples/second
2022-05-18 19:32:01,095 - INFO - [Step=73250]	Loss=0.3227	363.5 examples/second
2022-05-18 19:33:29,758 - INFO - Test Loss=0.2197, Test top-1 acc=0.8202, Test mean synset acc=0.8628
2022-05-18 19:33:29,759 - INFO - Error Depth: [ 148.  598. 3404.]
2022-05-18 19:33:29,759 - INFO - Epoch time: 303.1931502819061
2022-05-18 19:33:29,759 - INFO - 
Epoch: 88
2022-05-18 19:33:29,759 - INFO - 
Learning Rate: 0.0010
2022-05-18 19:33:29,759 - INFO - Synset CE Weight: 0.0
Soft prediction CE Weight: 1.0
Outlier Exposure Weight: 0.0
2022-05-18 19:33:38,941 - INFO - [Step=73500]	Loss=0.3220	327.0 examples/second
2022-05-18 19:35:06,393 - INFO - [Step=73750]	Loss=0.3281	365.9 examples/second
2022-05-18 19:36:34,059 - INFO - [Step=74000]	Loss=0.3282	365.0 examples/second
2022-05-18 19:38:01,666 - INFO - [Step=74250]	Loss=0.3208	365.3 examples/second
2022-05-18 19:38:32,452 - INFO - Test Loss=0.2198, Test top-1 acc=0.8190, Test mean synset acc=0.8601
2022-05-18 19:38:32,453 - INFO - Error Depth: [ 141.  610. 3399.]
2022-05-18 19:38:32,453 - INFO - Epoch time: 302.6938269138336
2022-05-18 19:38:32,453 - INFO - 
Epoch: 89
2022-05-18 19:38:32,453 - INFO - 
Learning Rate: 0.0010
2022-05-18 19:38:32,453 - INFO - Synset CE Weight: 0.0
Soft prediction CE Weight: 1.0
Outlier Exposure Weight: 0.0
2022-05-18 19:39:39,489 - INFO - [Step=74500]	Loss=0.3146	327.1 examples/second
2022-05-18 19:41:07,186 - INFO - [Step=74750]	Loss=0.3250	364.9 examples/second
2022-05-18 19:42:35,345 - INFO - [Step=75000]	Loss=0.3152	363.0 examples/second
2022-05-18 19:43:36,157 - INFO - Test Loss=0.2206, Test top-1 acc=0.8147, Test mean synset acc=0.8579
2022-05-18 19:43:36,158 - INFO - Error Depth: [ 149.  620. 3381.]
2022-05-18 19:43:36,158 - INFO - Epoch time: 303.7048399448395
2022-05-18 19:43:36,159 - INFO - Printing Final Accuracy + OOD Detection stats
2022-05-18 19:43:36,159 - INFO - Top 1 Accuracy:  Min: 0.8207; Max: 0.8207; Avg: 0.8207; Std: 0.0000; Len: 1
2022-05-18 19:43:36,159 - INFO - Top 5 Accuracy:  Min: 0.8614; Max: 0.8614; Avg: 0.8614; Std: 0.0000; Len: 1
