2022-05-18 01:20:53,519 - INFO - ==> Preparing data..
2022-05-18 01:20:53,940 - INFO - # ID Test: 4150
2022-05-18 01:20:53,940 - INFO - # OOD: 850
2022-05-18 01:20:53,967 - INFO - # iNaturalist: 10000
2022-05-18 01:20:53,993 - INFO - # SUN: 10000
2022-05-18 01:20:54,018 - INFO - # Places: 10000
2022-05-18 01:20:54,047 - INFO - # Textures: 5640
2022-05-18 01:20:54,054 - INFO - # coarseid-coarseood: 700
2022-05-18 01:20:54,056 - INFO - # coarseid-fineood: 150
2022-05-18 01:21:41,988 - INFO - Accuracy Results
2022-05-18 01:21:41,990 - INFO - Mean Synset Accuracy: 0.8982956409454346
2022-05-18 01:21:41,990 - INFO - Top-1 Accuracy: 0.8265060186386108
2022-05-18 01:21:41,990 - INFO - Pred Accuracy: 0.8265060186386108
2022-05-18 01:21:41,990 - INFO - Synset Accuracies:
2022-05-18 01:21:41,990 - INFO - [0.9925301  0.97466666 0.9867647  0.78       0.932      0.868
 0.936      0.979      0.9623256  0.996      0.84       0.964
 0.816      0.82       0.98210526 0.968      0.952      0.728
 0.885      0.82       0.776      0.868      0.712      0.944
 0.975     ]
2022-05-18 01:21:41,990 - INFO - Error Depth:
2022-05-18 01:21:41,990 - INFO - 	Num. Errors at Depth 0 = 9.0
2022-05-18 01:21:41,991 - INFO - 	Num. Errors at Depth 1 = 35.0
2022-05-18 01:21:41,991 - INFO - 	Num. Errors at Depth 2 = 181.0
2022-05-18 01:21:41,991 - INFO - 	Num. Errors at Depth 3 = 282.0
2022-05-18 01:21:41,991 - INFO - 	Num. Errors at Depth 4 = 133.0
2022-05-18 01:21:41,991 - INFO - 	Num. Errors at Depth 5 = 80.0
2022-05-18 01:21:41,991 - INFO - 	Num. Errors at Depth -1 = 3430.0
2022-05-18 01:21:41,991 - INFO - OOD Results
2022-05-18 01:21:54,252 - INFO - Computing OOD Statistics...
2022-05-18 01:22:15,116 - INFO - Computing OOD Statistics...
2022-05-18 01:22:42,955 - INFO - Computing OOD Statistics...
2022-05-18 01:23:00,341 - INFO - Computing OOD Statistics...
2022-05-18 01:23:10,825 - INFO - Computing OOD Statistics...
2022-05-18 01:23:14,170 - INFO - Computing OOD Statistics...
2022-05-18 01:23:17,096 - INFO - Computing OOD Statistics...
2022-05-18 01:23:17,149 - INFO - OOD Dataset: OOD
2022-05-18 01:23:17,150 - INFO - MSP AUROC Synset Performance
2022-05-18 01:23:17,150 - INFO - [-1, -1, -1, -1, -1, -1, -1, -1, -1, -1, -1, -1, -1, -1, -1, -1, -1, -1, -1, -1, -1, -1, -1, -1, -1, -0.0, 0.9211583274273565, 0.9250749822820694, 0.9426287739192062]
2022-05-18 01:23:17,150 - INFO - MSP TNR Synset Performance
2022-05-18 01:23:17,150 - INFO - [-1, -1, -1, -1, -1, -1, -1, -1, -1, -1, -1, -1, -1, -1, -1, -1, -1, -1, -1, -1, -1, -1, -1, -1, -1, 0.0, 0.631764705882353, 0.668235294117647, 0.7682352941176471]
2022-05-18 01:23:17,150 - INFO - MSP AUOUT Synset Performance
2022-05-18 01:23:17,150 - INFO - [-1, -1, -1, -1, -1, -1, -1, -1, -1, -1, -1, -1, -1, -1, -1, -1, -1, -1, -1, -1, -1, -1, -1, -1, -1, 0.09027322853919331, 0.7140563619741516, 0.7242275164741899, 0.8152726593422501]
2022-05-18 01:23:17,150 - INFO - ODIN AUROC Synset Performance
2022-05-18 01:23:17,150 - INFO - [-1, -1, -1, -1, -1, -1, -1, -1, -1, -1, -1, -1, -1, -1, -1, -1, -1, -1, -1, -1, -1, -1, -1, -1, -1, -0.0, 0.5547540751240255, 0.5682072289156627, 0.5268371367824238]
2022-05-18 01:23:17,150 - INFO - ODIN TNR Synset Performance
2022-05-18 01:23:17,150 - INFO - [-1, -1, -1, -1, -1, -1, -1, -1, -1, -1, -1, -1, -1, -1, -1, -1, -1, -1, -1, -1, -1, -1, -1, -1, -1, 0.0, 0.1164705882352941, 0.18352941176470583, 0.051764705882352935]
2022-05-18 01:23:17,150 - INFO - ODIN AUOUT Synset Performance
2022-05-18 01:23:17,150 - INFO - [-1, -1, -1, -1, -1, -1, -1, -1, -1, -1, -1, -1, -1, -1, -1, -1, -1, -1, -1, -1, -1, -1, -1, -1, -1, 0.09027322853919331, 0.21809231198610346, 0.2714008577402497, 0.19893042881225342]
2022-05-18 01:23:17,150 - INFO - MSP Metrics using max activations accumulated across all appropriate synsets:
	AUROC -0.0
	TNR 0.0
	AUOUT 0.09027322853919331
2022-05-18 01:23:17,150 - INFO - ODIN Metrics using max activations accumulated across all appropriate synsets:
	AUROC -0.0
	TNR 0.0
	AUOUT 0.09027322853919331
2022-05-18 01:23:17,150 - INFO - MSP Metrics using max entropy along path:
	AUROC 0.9211583274273565
	TNR 0.631764705882353
	AUOUT 0.7140563619741516
2022-05-18 01:23:17,150 - INFO - ODIN Metrics using max entropy along path:
	AUROC 0.5547540751240255
	TNR 0.1164705882352941
	AUOUT 0.21809231198610346
2022-05-18 01:23:17,150 - INFO - MSP Metrics using predicted activations:
	AUROC 0.9250749822820694
	TNR 0.668235294117647
	AUOUT 0.7242275164741899
2022-05-18 01:23:17,150 - INFO - ODIN Metrics using predicted activations:
	AUROC 0.5682072289156627
	TNR 0.18352941176470583
	AUOUT 0.2714008577402497
2022-05-18 01:23:17,150 - INFO - MSP Metrics using mean entropy along path:
	AUROC 0.9426287739192062
	TNR 0.7682352941176471
	AUOUT 0.8152726593422501
2022-05-18 01:23:17,150 - INFO - ODIN Metrics using mean entropy along path:
	AUROC 0.5268371367824238
	TNR 0.051764705882352935
	AUOUT 0.19893042881225342
2022-05-18 01:23:17,150 - INFO - MSP Metrics using min entropy along path:
	AUROC 0.9442284904323175
	TNR 0.8341176470588235
	AUOUT 0.8266346531975987
2022-05-18 01:23:17,150 - INFO - ODIN Metrics using min entropy along path:
	AUROC 0.9416328844790929
	TNR 0.8305882352941176
	AUOUT 0.7891525442645383
2022-05-18 01:23:17,151 - INFO - OOD Path entropy min idx (msp): [0. 1. 2. 3. 4.], [817  26   4   1   2]
2022-05-18 01:23:17,151 - INFO - OOD Path entropy min idx (odin): [0. 4.], [848   2]
2022-05-18 01:23:17,151 - INFO - OOD Dataset: iNaturalist
2022-05-18 01:23:17,151 - INFO - MSP AUROC Synset Performance
2022-05-18 01:23:17,151 - INFO - [-1, -1, -1, -1, -1, -1, -1, -1, -1, -1, -1, -1, -1, -1, -1, -1, -1, -1, -1, -1, -1, -1, -1, -1, -1, -0.0, 0.9331087228915662, 0.9364570602409639, 0.9389239036144579]
2022-05-18 01:23:17,151 - INFO - MSP TNR Synset Performance
2022-05-18 01:23:17,151 - INFO - [-1, -1, -1, -1, -1, -1, -1, -1, -1, -1, -1, -1, -1, -1, -1, -1, -1, -1, -1, -1, -1, -1, -1, -1, -1, 0.0, 0.6720999999999999, 0.7005, 0.6944]
2022-05-18 01:23:17,151 - INFO - MSP AUOUT Synset Performance
2022-05-18 01:23:17,151 - INFO - [-1, -1, -1, -1, -1, -1, -1, -1, -1, -1, -1, -1, -1, -1, -1, -1, -1, -1, -1, -1, -1, -1, -1, -1, -1, 0.4909583878783369, 0.9666379552684057, 0.9673671785073247, 0.9645458959649601]
2022-05-18 01:23:17,151 - INFO - ODIN AUROC Synset Performance
2022-05-18 01:23:17,151 - INFO - [-1, -1, -1, -1, -1, -1, -1, -1, -1, -1, -1, -1, -1, -1, -1, -1, -1, -1, -1, -1, -1, -1, -1, -1, -1, -0.0, 0.6471990120481927, 0.6377732048192771, 0.4797935180722892]
2022-05-18 01:23:17,152 - INFO - ODIN TNR Synset Performance
2022-05-18 01:23:17,152 - INFO - [-1, -1, -1, -1, -1, -1, -1, -1, -1, -1, -1, -1, -1, -1, -1, -1, -1, -1, -1, -1, -1, -1, -1, -1, -1, 0.0, 0.35850000000000004, 0.2299, 0.1604]
2022-05-18 01:23:17,152 - INFO - ODIN AUOUT Synset Performance
2022-05-18 01:23:17,152 - INFO - [-1, -1, -1, -1, -1, -1, -1, -1, -1, -1, -1, -1, -1, -1, -1, -1, -1, -1, -1, -1, -1, -1, -1, -1, -1, 0.4909583878783369, 0.8275293686174365, 0.8155454872410512, 0.7342985924634118]
2022-05-18 01:23:17,152 - INFO - MSP Metrics using max activations accumulated across all appropriate synsets:
	AUROC -0.0
	TNR 0.0
	AUOUT 0.4909583878783369
2022-05-18 01:23:17,152 - INFO - ODIN Metrics using max activations accumulated across all appropriate synsets:
	AUROC -0.0
	TNR 0.0
	AUOUT 0.4909583878783369
2022-05-18 01:23:17,152 - INFO - MSP Metrics using max entropy along path:
	AUROC 0.9331087228915662
	TNR 0.6720999999999999
	AUOUT 0.9666379552684057
2022-05-18 01:23:17,152 - INFO - ODIN Metrics using max entropy along path:
	AUROC 0.6471990120481927
	TNR 0.35850000000000004
	AUOUT 0.8275293686174365
2022-05-18 01:23:17,152 - INFO - MSP Metrics using predicted activations:
	AUROC 0.9364570602409639
	TNR 0.7005
	AUOUT 0.9673671785073247
2022-05-18 01:23:17,152 - INFO - ODIN Metrics using predicted activations:
	AUROC 0.6377732048192771
	TNR 0.2299
	AUOUT 0.8155454872410512
2022-05-18 01:23:17,152 - INFO - MSP Metrics using mean entropy along path:
	AUROC 0.9389239036144579
	TNR 0.6944
	AUOUT 0.9645458959649601
2022-05-18 01:23:17,152 - INFO - ODIN Metrics using mean entropy along path:
	AUROC 0.4797935180722892
	TNR 0.1604
	AUOUT 0.7342985924634118
2022-05-18 01:23:17,152 - INFO - MSP Metrics using min entropy along path:
	AUROC 0.9081143132530121
	TNR 0.42589999999999995
	AUOUT 0.9395750704206036
2022-05-18 01:23:17,152 - INFO - ODIN Metrics using min entropy along path:
	AUROC 0.904697108433735
	TNR 0.4044
	AUOUT 0.9332861836800572
2022-05-18 01:23:17,153 - INFO - OOD Path entropy min idx (msp): [0. 1. 2. 3. 4.], [9884   66   14   31    5]
2022-05-18 01:23:17,153 - INFO - OOD Path entropy min idx (odin): [0. 3. 4.], [9965   30    5]
2022-05-18 01:23:17,153 - INFO - OOD Dataset: SUN
2022-05-18 01:23:17,153 - INFO - MSP AUROC Synset Performance
2022-05-18 01:23:17,153 - INFO - [-1, -1, -1, -1, -1, -1, -1, -1, -1, -1, -1, -1, -1, -1, -1, -1, -1, -1, -1, -1, -1, -1, -1, -1, -1, -0.0, 0.9442561686746987, 0.9589278554216868, 0.9633473253012048]
2022-05-18 01:23:17,153 - INFO - MSP TNR Synset Performance
2022-05-18 01:23:17,153 - INFO - [-1, -1, -1, -1, -1, -1, -1, -1, -1, -1, -1, -1, -1, -1, -1, -1, -1, -1, -1, -1, -1, -1, -1, -1, -1, 0.0, 0.6896, 0.7978000000000001, 0.8051]
2022-05-18 01:23:17,153 - INFO - MSP AUOUT Synset Performance
2022-05-18 01:23:17,153 - INFO - [-1, -1, -1, -1, -1, -1, -1, -1, -1, -1, -1, -1, -1, -1, -1, -1, -1, -1, -1, -1, -1, -1, -1, -1, -1, 0.4909583878783369, 0.9691862180302495, 0.9778123404414832, 0.978414603556901]
2022-05-18 01:23:17,153 - INFO - ODIN AUROC Synset Performance
2022-05-18 01:23:17,153 - INFO - [-1, -1, -1, -1, -1, -1, -1, -1, -1, -1, -1, -1, -1, -1, -1, -1, -1, -1, -1, -1, -1, -1, -1, -1, -1, -0.0, 0.824907156626506, 0.8305753734939759, 0.7072270361445784]
2022-05-18 01:23:17,153 - INFO - ODIN TNR Synset Performance
2022-05-18 01:23:17,153 - INFO - [-1, -1, -1, -1, -1, -1, -1, -1, -1, -1, -1, -1, -1, -1, -1, -1, -1, -1, -1, -1, -1, -1, -1, -1, -1, 0.0, 0.6588, 0.5837, 0.30289999999999995]
2022-05-18 01:23:17,153 - INFO - ODIN AUOUT Synset Performance
2022-05-18 01:23:17,153 - INFO - [-1, -1, -1, -1, -1, -1, -1, -1, -1, -1, -1, -1, -1, -1, -1, -1, -1, -1, -1, -1, -1, -1, -1, -1, -1, 0.4909583878783369, 0.921465787026996, 0.926147793499199, 0.8489180927444062]
2022-05-18 01:23:17,153 - INFO - MSP Metrics using max activations accumulated across all appropriate synsets:
	AUROC -0.0
	TNR 0.0
	AUOUT 0.4909583878783369
2022-05-18 01:23:17,153 - INFO - ODIN Metrics using max activations accumulated across all appropriate synsets:
	AUROC -0.0
	TNR 0.0
	AUOUT 0.4909583878783369
2022-05-18 01:23:17,153 - INFO - MSP Metrics using max entropy along path:
	AUROC 0.9442561686746987
	TNR 0.6896
	AUOUT 0.9691862180302495
2022-05-18 01:23:17,153 - INFO - ODIN Metrics using max entropy along path:
	AUROC 0.824907156626506
	TNR 0.6588
	AUOUT 0.921465787026996
2022-05-18 01:23:17,153 - INFO - MSP Metrics using predicted activations:
	AUROC 0.9589278554216868
	TNR 0.7978000000000001
	AUOUT 0.9778123404414832
2022-05-18 01:23:17,153 - INFO - ODIN Metrics using predicted activations:
	AUROC 0.8305753734939759
	TNR 0.5837
	AUOUT 0.926147793499199
2022-05-18 01:23:17,153 - INFO - MSP Metrics using mean entropy along path:
	AUROC 0.9633473253012048
	TNR 0.8051
	AUOUT 0.978414603556901
2022-05-18 01:23:17,153 - INFO - ODIN Metrics using mean entropy along path:
	AUROC 0.7072270361445784
	TNR 0.30289999999999995
	AUOUT 0.8489180927444062
2022-05-18 01:23:17,153 - INFO - MSP Metrics using min entropy along path:
	AUROC 0.9656361445783133
	TNR 0.8093
	AUOUT 0.9780984152137878
2022-05-18 01:23:17,154 - INFO - ODIN Metrics using min entropy along path:
	AUROC 0.9631103373493977
	TNR 0.7944
	AUOUT 0.9715982922246674
2022-05-18 01:23:17,154 - INFO - OOD Path entropy min idx (msp): [0. 1. 2. 3. 4.], [9413  373   71   34  109]
2022-05-18 01:23:17,154 - INFO - OOD Path entropy min idx (odin): [0. 3. 4.], [9888   10  102]
2022-05-18 01:23:17,154 - INFO - OOD Dataset: Places
2022-05-18 01:23:17,154 - INFO - MSP AUROC Synset Performance
2022-05-18 01:23:17,154 - INFO - [-1, -1, -1, -1, -1, -1, -1, -1, -1, -1, -1, -1, -1, -1, -1, -1, -1, -1, -1, -1, -1, -1, -1, -1, -1, -0.0, 0.9337878554216869, 0.9474340481927712, 0.9545499277108433]
2022-05-18 01:23:17,154 - INFO - MSP TNR Synset Performance
2022-05-18 01:23:17,155 - INFO - [-1, -1, -1, -1, -1, -1, -1, -1, -1, -1, -1, -1, -1, -1, -1, -1, -1, -1, -1, -1, -1, -1, -1, -1, -1, 0.0, 0.6435, 0.7444999999999999, 0.7684]
2022-05-18 01:23:17,155 - INFO - MSP AUOUT Synset Performance
2022-05-18 01:23:17,155 - INFO - [-1, -1, -1, -1, -1, -1, -1, -1, -1, -1, -1, -1, -1, -1, -1, -1, -1, -1, -1, -1, -1, -1, -1, -1, -1, 0.4909583878783369, 0.9635912619453599, 0.9722114832787034, 0.9748869902595684]
2022-05-18 01:23:17,155 - INFO - ODIN AUROC Synset Performance
2022-05-18 01:23:17,155 - INFO - [-1, -1, -1, -1, -1, -1, -1, -1, -1, -1, -1, -1, -1, -1, -1, -1, -1, -1, -1, -1, -1, -1, -1, -1, -1, -0.0, 0.787714530120482, 0.7978867951807229, 0.6865746746987952]
2022-05-18 01:23:17,155 - INFO - ODIN TNR Synset Performance
2022-05-18 01:23:17,155 - INFO - [-1, -1, -1, -1, -1, -1, -1, -1, -1, -1, -1, -1, -1, -1, -1, -1, -1, -1, -1, -1, -1, -1, -1, -1, -1, 0.0, 0.5767, 0.525, 0.29890000000000005]
2022-05-18 01:23:17,155 - INFO - ODIN AUOUT Synset Performance
2022-05-18 01:23:17,155 - INFO - [-1, -1, -1, -1, -1, -1, -1, -1, -1, -1, -1, -1, -1, -1, -1, -1, -1, -1, -1, -1, -1, -1, -1, -1, -1, 0.4909583878783369, 0.9037137062507627, 0.9128889025521855, 0.8411896683267194]
2022-05-18 01:23:17,155 - INFO - MSP Metrics using max activations accumulated across all appropriate synsets:
	AUROC -0.0
	TNR 0.0
	AUOUT 0.4909583878783369
2022-05-18 01:23:17,155 - INFO - ODIN Metrics using max activations accumulated across all appropriate synsets:
	AUROC -0.0
	TNR 0.0
	AUOUT 0.4909583878783369
2022-05-18 01:23:17,155 - INFO - MSP Metrics using max entropy along path:
	AUROC 0.9337878554216869
	TNR 0.6435
	AUOUT 0.9635912619453599
2022-05-18 01:23:17,155 - INFO - ODIN Metrics using max entropy along path:
	AUROC 0.787714530120482
	TNR 0.5767
	AUOUT 0.9037137062507627
2022-05-18 01:23:17,155 - INFO - MSP Metrics using predicted activations:
	AUROC 0.9474340481927712
	TNR 0.7444999999999999
	AUOUT 0.9722114832787034
2022-05-18 01:23:17,155 - INFO - ODIN Metrics using predicted activations:
	AUROC 0.7978867951807229
	TNR 0.525
	AUOUT 0.9128889025521855
2022-05-18 01:23:17,155 - INFO - MSP Metrics using mean entropy along path:
	AUROC 0.9545499277108433
	TNR 0.7684
	AUOUT 0.9748869902595684
2022-05-18 01:23:17,155 - INFO - ODIN Metrics using mean entropy along path:
	AUROC 0.6865746746987952
	TNR 0.29890000000000005
	AUOUT 0.8411896683267194
2022-05-18 01:23:17,155 - INFO - MSP Metrics using min entropy along path:
	AUROC 0.9523243132530121
	TNR 0.7633
	AUOUT 0.973381792133478
2022-05-18 01:23:17,155 - INFO - ODIN Metrics using min entropy along path:
	AUROC 0.9498183373493975
	TNR 0.7496
	AUOUT 0.9669185154074043
2022-05-18 01:23:17,156 - INFO - OOD Path entropy min idx (msp): [0. 1. 2. 3. 4.], [9370  436   98   42   54]
2022-05-18 01:23:17,156 - INFO - OOD Path entropy min idx (odin): [0. 3. 4.], [9934   15   51]
2022-05-18 01:23:17,156 - INFO - OOD Dataset: Textures
2022-05-18 01:23:17,156 - INFO - MSP AUROC Synset Performance
2022-05-18 01:23:17,156 - INFO - [-1, -1, -1, -1, -1, -1, -1, -1, -1, -1, -1, -1, -1, -1, -1, -1, -1, -1, -1, -1, -1, -1, -1, -1, -1, -0.0, 0.8979717166538494, 0.9154389045543878, 0.9358928479876953]
2022-05-18 01:23:17,156 - INFO - MSP TNR Synset Performance
2022-05-18 01:23:17,156 - INFO - [-1, -1, -1, -1, -1, -1, -1, -1, -1, -1, -1, -1, -1, -1, -1, -1, -1, -1, -1, -1, -1, -1, -1, -1, -1, 0.0, 0.5806737588652482, 0.6648936170212766, 0.7310283687943262]
2022-05-18 01:23:17,156 - INFO - MSP AUOUT Synset Performance
2022-05-18 01:23:17,156 - INFO - [-1, -1, -1, -1, -1, -1, -1, -1, -1, -1, -1, -1, -1, -1, -1, -1, -1, -1, -1, -1, -1, -1, -1, -1, -1, 0.36848395850775695, 0.9195957262943171, 0.9337822597904843, 0.9499921335749458]
2022-05-18 01:23:17,156 - INFO - ODIN AUROC Synset Performance
2022-05-18 01:23:17,156 - INFO - [-1, -1, -1, -1, -1, -1, -1, -1, -1, -1, -1, -1, -1, -1, -1, -1, -1, -1, -1, -1, -1, -1, -1, -1, -1, -0.0, 0.6168850294796207, 0.6749663334187814, 0.569762881312484]
2022-05-18 01:23:17,156 - INFO - ODIN TNR Synset Performance
2022-05-18 01:23:17,156 - INFO - [-1, -1, -1, -1, -1, -1, -1, -1, -1, -1, -1, -1, -1, -1, -1, -1, -1, -1, -1, -1, -1, -1, -1, -1, -1, 0.0, 0.30407801418439717, 0.3978723404255319, 0.24946808510638296]
2022-05-18 01:23:17,156 - INFO - ODIN AUOUT Synset Performance
2022-05-18 01:23:17,156 - INFO - [-1, -1, -1, -1, -1, -1, -1, -1, -1, -1, -1, -1, -1, -1, -1, -1, -1, -1, -1, -1, -1, -1, -1, -1, -1, 0.36848395850775695, 0.7177713034874436, 0.7907214116151038, 0.68558541463421]
2022-05-18 01:23:17,156 - INFO - MSP Metrics using max activations accumulated across all appropriate synsets:
	AUROC -0.0
	TNR 0.0
	AUOUT 0.36848395850775695
2022-05-18 01:23:17,156 - INFO - ODIN Metrics using max activations accumulated across all appropriate synsets:
	AUROC -0.0
	TNR 0.0
	AUOUT 0.36848395850775695
2022-05-18 01:23:17,157 - INFO - MSP Metrics using max entropy along path:
	AUROC 0.8979717166538494
	TNR 0.5806737588652482
	AUOUT 0.9195957262943171
2022-05-18 01:23:17,157 - INFO - ODIN Metrics using max entropy along path:
	AUROC 0.6168850294796207
	TNR 0.30407801418439717
	AUOUT 0.7177713034874436
2022-05-18 01:23:17,157 - INFO - MSP Metrics using predicted activations:
	AUROC 0.9154389045543878
	TNR 0.6648936170212766
	AUOUT 0.9337822597904843
2022-05-18 01:23:17,157 - INFO - ODIN Metrics using predicted activations:
	AUROC 0.6749663334187814
	TNR 0.3978723404255319
	AUOUT 0.7907214116151038
2022-05-18 01:23:17,157 - INFO - MSP Metrics using mean entropy along path:
	AUROC 0.9358928479876953
	TNR 0.7310283687943262
	AUOUT 0.9499921335749458
2022-05-18 01:23:17,157 - INFO - ODIN Metrics using mean entropy along path:
	AUROC 0.569762881312484
	TNR 0.24946808510638296
	AUOUT 0.68558541463421
2022-05-18 01:23:17,157 - INFO - MSP Metrics using min entropy along path:
	AUROC 0.9578132957361359
	TNR 0.7773049645390071
	AUOUT 0.9608676181005975
2022-05-18 01:23:17,157 - INFO - ODIN Metrics using min entropy along path:
	AUROC 0.955686148850722
	TNR 0.7679078014184397
	AUOUT 0.9506523829867741
2022-05-18 01:23:17,157 - INFO - OOD Path entropy min idx (msp): [0. 1. 2. 3. 4.], [5148  308  113   48   23]
2022-05-18 01:23:17,157 - INFO - OOD Path entropy min idx (odin): [0. 3. 4.], [5586   31   23]
2022-05-18 01:23:17,157 - INFO - OOD Dataset: coarseid-coarseood
2022-05-18 01:23:17,157 - INFO - MSP AUROC Synset Performance
2022-05-18 01:23:17,157 - INFO - [-1, -1, -1, -1, -1, -1, -1, -1, -1, -1, -1, -1, -1, -1, -1, -1, -1, -1, -1, -1, -1, -1, -1, -1, -1, -0.0, 0.9479084337349398, 0.9515015490533563, 0.9730612736660931]
2022-05-18 01:23:17,158 - INFO - MSP TNR Synset Performance
2022-05-18 01:23:17,158 - INFO - [-1, -1, -1, -1, -1, -1, -1, -1, -1, -1, -1, -1, -1, -1, -1, -1, -1, -1, -1, -1, -1, -1, -1, -1, -1, 0.0, 0.7071428571428571, 0.7414285714285714, 0.8557142857142856]
2022-05-18 01:23:17,158 - INFO - MSP AUOUT Synset Performance
2022-05-18 01:23:17,158 - INFO - [-1, -1, -1, -1, -1, -1, -1, -1, -1, -1, -1, -1, -1, -1, -1, -1, -1, -1, -1, -1, -1, -1, -1, -1, -1, 0.07591136598393841, 0.7327336558515231, 0.7412254591366402, 0.8508850779514813]
2022-05-18 01:23:17,158 - INFO - ODIN AUROC Synset Performance
2022-05-18 01:23:17,158 - INFO - [-1, -1, -1, -1, -1, -1, -1, -1, -1, -1, -1, -1, -1, -1, -1, -1, -1, -1, -1, -1, -1, -1, -1, -1, -1, -0.0, 0.5236571428571429, 0.5473662650602409, 0.5126223752151463]
2022-05-18 01:23:17,158 - INFO - ODIN TNR Synset Performance
2022-05-18 01:23:17,158 - INFO - [-1, -1, -1, -1, -1, -1, -1, -1, -1, -1, -1, -1, -1, -1, -1, -1, -1, -1, -1, -1, -1, -1, -1, -1, -1, 0.0, 0.11142857142857143, 0.2042857142857143, 0.06285714285714283]
2022-05-18 01:23:17,158 - INFO - ODIN AUOUT Synset Performance
2022-05-18 01:23:17,158 - INFO - [-1, -1, -1, -1, -1, -1, -1, -1, -1, -1, -1, -1, -1, -1, -1, -1, -1, -1, -1, -1, -1, -1, -1, -1, -1, 0.07591136598393841, 0.18515965294406386, 0.24077102202957684, 0.1819785062177007]
2022-05-18 01:23:17,158 - INFO - MSP Metrics using max activations accumulated across all appropriate synsets:
	AUROC -0.0
	TNR 0.0
	AUOUT 0.07591136598393841
2022-05-18 01:23:17,158 - INFO - ODIN Metrics using max activations accumulated across all appropriate synsets:
	AUROC -0.0
	TNR 0.0
	AUOUT 0.07591136598393841
2022-05-18 01:23:17,158 - INFO - MSP Metrics using max entropy along path:
	AUROC 0.9479084337349398
	TNR 0.7071428571428571
	AUOUT 0.7327336558515231
2022-05-18 01:23:17,158 - INFO - ODIN Metrics using max entropy along path:
	AUROC 0.5236571428571429
	TNR 0.11142857142857143
	AUOUT 0.18515965294406386
2022-05-18 01:23:17,158 - INFO - MSP Metrics using predicted activations:
	AUROC 0.9515015490533563
	TNR 0.7414285714285714
	AUOUT 0.7412254591366402
2022-05-18 01:23:17,158 - INFO - ODIN Metrics using predicted activations:
	AUROC 0.5473662650602409
	TNR 0.2042857142857143
	AUOUT 0.24077102202957684
2022-05-18 01:23:17,158 - INFO - MSP Metrics using mean entropy along path:
	AUROC 0.9730612736660931
	TNR 0.8557142857142856
	AUOUT 0.8508850779514813
2022-05-18 01:23:17,158 - INFO - ODIN Metrics using mean entropy along path:
	AUROC 0.5126223752151463
	TNR 0.06285714285714283
	AUOUT 0.1819785062177007
2022-05-18 01:23:17,158 - INFO - MSP Metrics using min entropy along path:
	AUROC 0.9816144578313254
	TNR 0.9328571428571428
	AUOUT 0.8656220163920215
2022-05-18 01:23:17,158 - INFO - ODIN Metrics using min entropy along path:
	AUROC 0.9792757314974183
	TNR 0.9285714285714286
	AUOUT 0.8220929058630975
2022-05-18 01:23:17,158 - INFO - OOD Path entropy min idx (msp): [0. 1. 2. 3. 4.], [673  21   3   1   2]
2022-05-18 01:23:17,159 - INFO - OOD Path entropy min idx (odin): [0. 4.], [698   2]
2022-05-18 01:23:17,159 - INFO - OOD Dataset: coarseid-fineood
2022-05-18 01:23:17,159 - INFO - MSP AUROC Synset Performance
2022-05-18 01:23:17,159 - INFO - [-1, -1, -1, -1, -1, -1, -1, -1, -1, -1, -1, -1, -1, -1, -1, -1, -1, -1, -1, -1, -1, -1, -1, -1, -1, -0.0, 0.796322891566265, 0.8017477911646587, 0.8006104417670683]
2022-05-18 01:23:17,159 - INFO - MSP TNR Synset Performance
2022-05-18 01:23:17,159 - INFO - [-1, -1, -1, -1, -1, -1, -1, -1, -1, -1, -1, -1, -1, -1, -1, -1, -1, -1, -1, -1, -1, -1, -1, -1, -1, 0.0, 0.28, 0.32666666666666666, 0.36]
2022-05-18 01:23:17,159 - INFO - MSP AUOUT Synset Performance
2022-05-18 01:23:17,159 - INFO - [-1, -1, -1, -1, -1, -1, -1, -1, -1, -1, -1, -1, -1, -1, -1, -1, -1, -1, -1, -1, -1, -1, -1, -1, -1, 0.01764827684871253, 0.13418719354979594, 0.14696791611448798, 0.20560952092615783]
2022-05-18 01:23:17,159 - INFO - ODIN AUROC Synset Performance
2022-05-18 01:23:17,159 - INFO - [-1, -1, -1, -1, -1, -1, -1, -1, -1, -1, -1, -1, -1, -1, -1, -1, -1, -1, -1, -1, -1, -1, -1, -1, -1, -0.0, 0.6999726907630521, 0.6654650602409639, 0.5931807228915662]
2022-05-18 01:23:17,159 - INFO - ODIN TNR Synset Performance
2022-05-18 01:23:17,159 - INFO - [-1, -1, -1, -1, -1, -1, -1, -1, -1, -1, -1, -1, -1, -1, -1, -1, -1, -1, -1, -1, -1, -1, -1, -1, -1, 0.0, 0.14, 0.08666666666666667, 0.0]
2022-05-18 01:23:17,159 - INFO - ODIN AUOUT Synset Performance
2022-05-18 01:23:17,159 - INFO - [-1, -1, -1, -1, -1, -1, -1, -1, -1, -1, -1, -1, -1, -1, -1, -1, -1, -1, -1, -1, -1, -1, -1, -1, -1, 0.01764827684871253, 0.06453287970881304, 0.06388677274798611, 0.03921233726313106]
2022-05-18 01:23:17,159 - INFO - MSP Metrics using max activations accumulated across all appropriate synsets:
	AUROC -0.0
	TNR 0.0
	AUOUT 0.01764827684871253
2022-05-18 01:23:17,159 - INFO - ODIN Metrics using max activations accumulated across all appropriate synsets:
	AUROC -0.0
	TNR 0.0
	AUOUT 0.01764827684871253
2022-05-18 01:23:17,159 - INFO - MSP Metrics using max entropy along path:
	AUROC 0.796322891566265
	TNR 0.28
	AUOUT 0.13418719354979594
2022-05-18 01:23:17,159 - INFO - ODIN Metrics using max entropy along path:
	AUROC 0.6999726907630521
	TNR 0.14
	AUOUT 0.06453287970881304
2022-05-18 01:23:17,159 - INFO - MSP Metrics using predicted activations:
	AUROC 0.8017477911646587
	TNR 0.32666666666666666
	AUOUT 0.14696791611448798
2022-05-18 01:23:17,159 - INFO - ODIN Metrics using predicted activations:
	AUROC 0.6654650602409639
	TNR 0.08666666666666667
	AUOUT 0.06388677274798611
2022-05-18 01:23:17,159 - INFO - MSP Metrics using mean entropy along path:
	AUROC 0.8006104417670683
	TNR 0.36
	AUOUT 0.20560952092615783
2022-05-18 01:23:17,159 - INFO - ODIN Metrics using mean entropy along path:
	AUROC 0.5931807228915662
	TNR 0.0
	AUOUT 0.03921233726313106
2022-05-18 01:23:17,159 - INFO - MSP Metrics using min entropy along path:
	AUROC 0.7697574297188755
	TNR 0.3733333333333333
	AUOUT 0.21694141915454107
2022-05-18 01:23:17,159 - INFO - ODIN Metrics using min entropy along path:
	AUROC 0.7659598393574297
	TNR 0.3733333333333333
	AUOUT 0.18867830297956986
2022-05-18 01:23:17,160 - INFO - OOD Path entropy min idx (msp): [0. 1. 2.], [144   5   1]
2022-05-18 01:23:17,160 - INFO - OOD Path entropy min idx (odin): [0.], [150]
2022-05-18 01:23:26,990 - INFO - Computing OOD Statistics...
2022-05-18 01:23:46,628 - INFO - Computing OOD Statistics...
2022-05-18 01:24:15,594 - INFO - Computing OOD Statistics...
2022-05-18 01:24:27,422 - INFO - Computing OOD Statistics...
2022-05-18 01:24:34,657 - INFO - Computing OOD Statistics...
2022-05-18 01:24:37,347 - INFO - Computing OOD Statistics...
2022-05-18 01:24:39,716 - INFO - Computing OOD Statistics...
2022-05-18 01:24:39,733 - INFO - OOD Dataset: OOD
2022-05-18 01:24:39,733 - INFO - MSP AUROC [0.9188255138199859]
2022-05-18 01:24:39,733 - INFO - MSP TNR [0.8247058823529412]
2022-05-18 01:24:39,733 - INFO - MSP AUOUT [0.8185427828039479]
2022-05-18 01:24:39,733 - INFO - ODIN AUROC [0.9324521615875265]
2022-05-18 01:24:39,733 - INFO - ODIN TNR [0.8282352941176471]
2022-05-18 01:24:39,733 - INFO - ODIN AUOUT [0.8273163455597348]
2022-05-18 01:24:39,733 - INFO - OOD Dataset: iNaturalist
2022-05-18 01:24:39,733 - INFO - MSP AUROC [0.9449459036144577]
2022-05-18 01:24:39,733 - INFO - MSP TNR [0.623]
2022-05-18 01:24:39,734 - INFO - MSP AUOUT [0.961137711875681]
2022-05-18 01:24:39,734 - INFO - ODIN AUROC [0.9476416144578312]
2022-05-18 01:24:39,734 - INFO - ODIN TNR [0.6331]
2022-05-18 01:24:39,734 - INFO - ODIN AUOUT [0.9623853343811369]
2022-05-18 01:24:39,734 - INFO - OOD Dataset: SUN
2022-05-18 01:24:39,734 - INFO - MSP AUROC [0.9455360240963856]
2022-05-18 01:24:39,734 - INFO - MSP TNR [0.7509]
2022-05-18 01:24:39,734 - INFO - MSP AUOUT [0.9684240383681934]
2022-05-18 01:24:39,734 - INFO - ODIN AUROC [0.9568336626506025]
2022-05-18 01:24:39,734 - INFO - ODIN TNR [0.7509]
2022-05-18 01:24:39,734 - INFO - ODIN AUOUT [0.972240259407036]
2022-05-18 01:24:39,734 - INFO - OOD Dataset: Places
2022-05-18 01:24:39,734 - INFO - MSP AUROC [0.9316560240963855]
2022-05-18 01:24:39,734 - INFO - MSP TNR [0.7341]
2022-05-18 01:24:39,734 - INFO - MSP AUOUT [0.9645497022341873]
2022-05-18 01:24:39,734 - INFO - ODIN AUROC [0.9456238313253011]
2022-05-18 01:24:39,734 - INFO - ODIN TNR [0.7327]
2022-05-18 01:24:39,734 - INFO - ODIN AUOUT [0.9691236437096606]
2022-05-18 01:24:39,734 - INFO - OOD Dataset: Textures
2022-05-18 01:24:39,734 - INFO - MSP AUROC [0.940781380842519]
2022-05-18 01:24:39,734 - INFO - MSP TNR [0.774113475177305]
2022-05-18 01:24:39,734 - INFO - MSP AUOUT [0.9540428615663715]
2022-05-18 01:24:39,734 - INFO - ODIN AUROC [0.9536872596770058]
2022-05-18 01:24:39,734 - INFO - ODIN TNR [0.7726950354609929]
2022-05-18 01:24:39,734 - INFO - ODIN AUOUT [0.9603004678130321]
2022-05-18 01:24:39,735 - INFO - OOD Dataset: coarseid-coarseood
2022-05-18 01:24:39,735 - INFO - MSP AUROC [0.97919586919105]
2022-05-18 01:24:39,735 - INFO - MSP TNR [0.9257142857142857]
2022-05-18 01:24:39,735 - INFO - MSP AUOUT [0.8717585982713068]
2022-05-18 01:24:39,735 - INFO - ODIN AUROC [0.9822220309810672]
2022-05-18 01:24:39,735 - INFO - ODIN TNR [0.9285714285714286]
2022-05-18 01:24:39,735 - INFO - ODIN AUOUT [0.8761041506814231]
2022-05-18 01:24:39,735 - INFO - OOD Dataset: coarseid-fineood
2022-05-18 01:24:39,735 - INFO - MSP AUROC [0.6370955823293173]
2022-05-18 01:24:39,735 - INFO - MSP TNR [0.3533333333333334]
2022-05-18 01:24:39,735 - INFO - MSP AUOUT [0.2035352274234528]
2022-05-18 01:24:39,735 - INFO - ODIN AUROC [0.7001927710843374]
2022-05-18 01:24:39,735 - INFO - ODIN TNR [0.36]
2022-05-18 01:24:39,735 - INFO - ODIN AUOUT [0.21219085214908995]
