2022-09-28 17:23:43,306 - INFO - ==> Preparing data..
2022-09-28 17:23:43,772 - INFO - # ID Test: 3500
2022-09-28 17:23:43,772 - INFO - # OOD: 1500
2022-09-28 17:23:43,805 - INFO - # iNaturalist: 10000
2022-09-28 17:23:43,831 - INFO - # SUN: 10000
2022-09-28 17:23:43,861 - INFO - # Places: 10000
2022-09-28 17:23:43,911 - INFO - # Textures: 5640
2022-09-28 17:23:43,925 - INFO - # balanced100-coarseood: 750
2022-09-28 17:23:43,930 - INFO - # balanced100-mediumood: 250
2022-09-28 17:23:43,939 - INFO - # balanced100-fineood: 500
2022-09-28 17:23:43,952 - INFO - # balanced100-finemediumood: 750
2022-09-28 17:23:55,334 - INFO - No distribution strategy
2022-09-28 17:23:56,217 - INFO - Model R0 Results
2022-09-28 17:24:12,520 - INFO - Model R0 Accuracy Results
2022-09-28 17:24:12,521 - INFO - Mean Synset Accuracy: 0.8997840881347656
2022-09-28 17:24:12,522 - INFO - Top-1 Accuracy: 0.8117142915725708
2022-09-28 17:24:12,522 - INFO - Pred Accuracy: 0.8134285807609558
2022-09-28 17:24:12,522 - INFO - Synset Accuracies:
2022-09-28 17:24:12,523 - INFO - [0.9925714  0.9692308  0.98280704 0.792      0.9266667  0.844
 0.932      0.971      0.961875   0.994      0.86       0.952
 0.824      0.784      0.98333335 1.         0.724      0.96
 0.824      0.76       0.84       0.744      0.97333336 1.        ]
2022-09-28 17:24:12,523 - INFO - Error Depth:
2022-09-28 17:24:12,523 - INFO - 	Num. Errors at Depth 0 = 12.0
2022-09-28 17:24:12,523 - INFO - 	Num. Errors at Depth 1 = 35.0
2022-09-28 17:24:12,523 - INFO - 	Num. Errors at Depth 2 = 176.0
2022-09-28 17:24:12,524 - INFO - 	Num. Errors at Depth 3 = 272.0
2022-09-28 17:24:12,524 - INFO - 	Num. Errors at Depth 4 = 95.0
2022-09-28 17:24:12,524 - INFO - 	Num. Errors at Depth 5 = 69.0
2022-09-28 17:24:12,524 - INFO - 	Num. Errors at Depth -1 = 2841.0
2022-09-28 17:24:12,524 - INFO - OOD Results
2022-09-28 17:25:34,072 - INFO - Model R1 Results
2022-09-28 17:25:42,360 - INFO - Model R1 Accuracy Results
2022-09-28 17:25:42,361 - INFO - Mean Synset Accuracy: 0.9006249308586121
2022-09-28 17:25:42,361 - INFO - Top-1 Accuracy: 0.8111428618431091
2022-09-28 17:25:42,361 - INFO - Pred Accuracy: 0.8140000104904175
2022-09-28 17:25:42,361 - INFO - Synset Accuracies:
2022-09-28 17:25:42,363 - INFO - [0.992      0.97692305 0.9831579  0.776      0.93333334 0.844
 0.924      0.977      0.95625    0.998      0.844      0.948
 0.788      0.82       0.985      1.         0.724      0.97
 0.824      0.784      0.86       0.744      0.97333336 0.99      ]
2022-09-28 17:25:42,363 - INFO - Error Depth:
2022-09-28 17:25:42,363 - INFO - 	Num. Errors at Depth 0 = 13.0
2022-09-28 17:25:42,363 - INFO - 	Num. Errors at Depth 1 = 30.0
2022-09-28 17:25:42,363 - INFO - 	Num. Errors at Depth 2 = 187.0
2022-09-28 17:25:42,363 - INFO - 	Num. Errors at Depth 3 = 263.0
2022-09-28 17:25:42,363 - INFO - 	Num. Errors at Depth 4 = 99.0
2022-09-28 17:25:42,363 - INFO - 	Num. Errors at Depth 5 = 69.0
2022-09-28 17:25:42,363 - INFO - 	Num. Errors at Depth -1 = 2839.0
2022-09-28 17:25:42,363 - INFO - OOD Results
2022-09-28 17:27:03,423 - INFO - Model R2 Results
2022-09-28 17:27:11,438 - INFO - Model R2 Accuracy Results
2022-09-28 17:27:11,439 - INFO - Mean Synset Accuracy: 0.898594081401825
2022-09-28 17:27:11,439 - INFO - Top-1 Accuracy: 0.8077142834663391
2022-09-28 17:27:11,439 - INFO - Pred Accuracy: 0.8082857131958008
2022-09-28 17:27:11,439 - INFO - Synset Accuracies:
2022-09-28 17:27:11,439 - INFO - [0.99314284 0.9584615  0.9814035  0.796      0.94666666 0.804
 0.944      0.972      0.95625    0.996      0.832      0.952
 0.78       0.812      0.985      1.         0.728      0.96
 0.804      0.776      0.856      0.76       0.97333336 1.        ]
2022-09-28 17:27:11,440 - INFO - Error Depth:
2022-09-28 17:27:11,440 - INFO - 	Num. Errors at Depth 0 = 7.0
2022-09-28 17:27:11,440 - INFO - 	Num. Errors at Depth 1 = 41.0
2022-09-28 17:27:11,440 - INFO - 	Num. Errors at Depth 2 = 187.0
2022-09-28 17:27:11,440 - INFO - 	Num. Errors at Depth 3 = 263.0
2022-09-28 17:27:11,440 - INFO - 	Num. Errors at Depth 4 = 107.0
2022-09-28 17:27:11,440 - INFO - 	Num. Errors at Depth 5 = 68.0
2022-09-28 17:27:11,440 - INFO - 	Num. Errors at Depth -1 = 2827.0
2022-09-28 17:27:11,440 - INFO - OOD Results
2022-09-28 17:28:32,538 - INFO - Ensemble: Model: cascade, M: 3
2022-09-28 17:28:32,538 - INFO - Ensemble Accuracy: 0.8182857036590576
2022-09-28 17:28:35,275 - INFO - Computing OOD Statistics...
2022-09-28 17:28:35,414 - INFO - Ensemble PP AUROC: 0.8318186666666666
2022-09-28 17:28:35,415 - INFO - Ensemble PP TNR: 0.45666666666666667
2022-09-28 17:28:35,415 - INFO - Ensemble PP AUOUT: 0.7128769569332676
2022-09-28 17:28:35,415 - INFO - Ensemble PP Temp Scaled AUROC: 0.2660809523809524
2022-09-28 17:28:35,415 - INFO - Ensemble PP Temp Scaled TNR: 0.0033333333333332993
2022-09-28 17:28:35,415 - INFO - Ensemble PP Temp Scaled AUOUT: 0.20109130050513796
2022-09-28 17:28:35,415 - INFO - Ensemble HMEAN AUROC: 0.8665672380952381
2022-09-28 17:28:35,415 - INFO - Ensemble HMEAN TNR: 0.5073333333333334
2022-09-28 17:28:35,415 - INFO - Ensemble HMEAN AUOUT: 0.7522113755444851
2022-09-28 17:28:35,415 - INFO - Ensemble HMEAN Temp Scaled AUROC: 0.45793123809523806
2022-09-28 17:28:35,415 - INFO - Ensemble HMEAN Temp Scaled TNR: 0.0040000000000000036
2022-09-28 17:28:35,415 - INFO - Ensemble HMEAN Temp Scaled AUOUT: 0.26320653501344055
2022-09-28 17:28:35,415 - INFO - Ensemble HMIN AUROC: 0.8420716190476191
2022-09-28 17:28:35,415 - INFO - Ensemble HMIN TNR: 0.43333333333333335
2022-09-28 17:28:35,415 - INFO - Ensemble HMIN AUOUT: 0.713700849036437
2022-09-28 17:28:35,415 - INFO - Ensemble HMIN Temp Scaled AUROC: 0.3818022857142857
2022-09-28 17:28:35,415 - INFO - Ensemble HMIN Temp Scaled TNR: 0.020000000000000018
2022-09-28 17:28:35,416 - INFO - Ensemble HMIN Temp Scaled AUOUT: 0.24661225296708164
2022-09-28 17:28:35,416 - INFO - Ensemble HMAX AUROC: 0.8572003809523809
2022-09-28 17:28:35,416 - INFO - Ensemble HMAX TNR: 0.42200000000000004
2022-09-28 17:28:35,416 - INFO - Ensemble HMAX AUOUT: 0.6950920651688852
2022-09-28 17:28:35,416 - INFO - Ensemble HMAX Temp Scaled AUROC: 0.1561767619047619
2022-09-28 17:28:35,416 - INFO - Ensemble HMAX Temp Scaled TNR: 0.0040000000000000036
2022-09-28 17:28:35,416 - INFO - Ensemble HMAX Temp Scaled AUOUT: 0.1811221921808226
2022-09-28 17:28:35,416 - INFO - Ensemble HMEAN MEAN AUROC: 0.7195744761904761
2022-09-28 17:28:35,416 - INFO - Ensemble HMEAN MEAN TNR: 0.3886666666666667
2022-09-28 17:28:35,416 - INFO - Ensemble HMEAN MEAN AUOUT: 0.6308148214551774
2022-09-28 17:28:35,416 - INFO - Ensemble HMEAN MEAN TS AUROC: 0.4666274285714286
2022-09-28 17:28:35,416 - INFO - Ensemble HMEAN MEAN TS TNR: 0.03533333333333333
2022-09-28 17:28:35,416 - INFO - Ensemble HMEAN MEAN TS AUOUT: 0.27549459525586795
2022-09-28 17:28:35,416 - INFO - Ensemble HMIN MEAN AUROC: 0.6817247619047618
2022-09-28 17:28:35,416 - INFO - Ensemble HMIN MEAN TNR: 0.45333333333333337
2022-09-28 17:28:35,416 - INFO - Ensemble HMIN MEAN AUOUT: 0.6590626766515484
2022-09-28 17:28:35,416 - INFO - Ensemble HMIN MEAN TS AUROC: 0.6802287619047619
2022-09-28 17:28:35,416 - INFO - Ensemble HMIN MEAN TS TNR: 0.45199999999999996
2022-09-28 17:28:35,416 - INFO - Ensemble HMIN MEAN TS AUOUT: 0.6329359008360621
2022-09-28 17:28:35,416 - INFO - Ensemble HMAX MEAN AUROC: 0.5675213333333333
2022-09-28 17:28:35,416 - INFO - Ensemble HMAX MEAN TNR: 0.06866666666666665
2022-09-28 17:28:35,416 - INFO - Ensemble HMAX MEAN AUOUT: 0.33628050209496285
2022-09-28 17:28:35,416 - INFO - Ensemble HMAX MEAN TS AUROC: 0.5589251428571429
2022-09-28 17:28:35,416 - INFO - Ensemble HMAX MEAN TS TNR: 0.15800000000000003
2022-09-28 17:28:35,416 - INFO - Ensemble HMAX MEAN TS AUOUT: 0.3945150528639494
2022-09-28 17:28:35,416 - INFO - Ensemble HMEAN MIN AUROC: 0.6930708571428572
2022-09-28 17:28:35,417 - INFO - Ensemble HMEAN MIN TNR: 0.3393333333333334
2022-09-28 17:28:35,417 - INFO - Ensemble HMEAN MIN AUOUT: 0.5998175536360049
2022-09-28 17:28:35,417 - INFO - Ensemble HMEAN MIN TS AUROC: 0.4662140952380952
2022-09-28 17:28:35,417 - INFO - Ensemble HMEAN MIN TS TNR: 0.03533333333333333
2022-09-28 17:28:35,417 - INFO - Ensemble HMEAN MIN TS AUOUT: 0.27528655268509195
2022-09-28 17:28:35,417 - INFO - Ensemble HMIN MIN AUROC: 0.6761923809523809
2022-09-28 17:28:35,417 - INFO - Ensemble HMIN MIN TNR: 0.44599999999999995
2022-09-28 17:28:35,417 - INFO - Ensemble HMIN MIN AUOUT: 0.6514277767450599
2022-09-28 17:28:35,417 - INFO - Ensemble HMIN MIN TS AUROC: 0.6773542857142857
2022-09-28 17:28:35,417 - INFO - Ensemble HMIN MIN TS TNR: 0.44333333333333336
2022-09-28 17:28:35,417 - INFO - Ensemble HMIN MIN TS AUOUT: 0.6317688310274574
2022-09-28 17:28:35,417 - INFO - Ensemble HMAX MIN AUROC: 0.5699539047619047
2022-09-28 17:28:35,417 - INFO - Ensemble HMAX MIN TNR: 0.07333333333333336
2022-09-28 17:28:35,417 - INFO - Ensemble HMAX MIN AUOUT: 0.34045724453232745
2022-09-28 17:28:35,417 - INFO - Ensemble HMAX MIN TS AUROC: 0.5599333333333333
2022-09-28 17:28:35,417 - INFO - Ensemble HMAX MIN TS TNR: 0.14933333333333332
2022-09-28 17:28:35,417 - INFO - Ensemble HMAX MIN TS AUOUT: 0.3930677452671463
2022-09-28 17:28:35,423 - INFO - --------------------------------------------------
2022-09-28 17:28:35,423 - INFO - Ensemble: iNaturalist
2022-09-28 17:28:35,424 - INFO - --------------------------------------------------
2022-09-28 17:28:42,955 - INFO - Computing OOD Statistics...
2022-09-28 17:28:43,273 - INFO - Ensemble PP AUROC: 0.9375815142857142
2022-09-28 17:28:43,273 - INFO - Ensemble PP TNR: 0.6771
2022-09-28 17:28:43,273 - INFO - Ensemble PP AUOUT: 0.9733722714132385
2022-09-28 17:28:43,273 - INFO - Ensemble PP Temp Scaled AUROC: 0.3582481142857143
2022-09-28 17:28:43,273 - INFO - Ensemble PP Temp Scaled TNR: 0.00039999999999995595
2022-09-28 17:28:43,273 - INFO - Ensemble PP Temp Scaled AUOUT: 0.626191482498522
2022-09-28 17:28:43,273 - INFO - Ensemble HMEAN AUROC: 0.9503915142857143
2022-09-28 17:28:43,273 - INFO - Ensemble HMEAN TNR: 0.7121999999999999
2022-09-28 17:28:43,273 - INFO - Ensemble HMEAN AUOUT: 0.9738616171278365
2022-09-28 17:28:43,273 - INFO - Ensemble HMEAN Temp Scaled AUROC: 0.35230797142857145
2022-09-28 17:28:43,273 - INFO - Ensemble HMEAN Temp Scaled TNR: 0.0006000000000000449
2022-09-28 17:28:43,273 - INFO - Ensemble HMEAN Temp Scaled AUOUT: 0.6658188338130512
2022-09-28 17:28:43,273 - INFO - Ensemble HMIN AUROC: 0.8980646
2022-09-28 17:28:43,273 - INFO - Ensemble HMIN TNR: 0.37339999999999995
2022-09-28 17:28:43,273 - INFO - Ensemble HMIN AUOUT: 0.9412028333598037
2022-09-28 17:28:43,273 - INFO - Ensemble HMIN Temp Scaled AUROC: 0.4457678857142857
2022-09-28 17:28:43,273 - INFO - Ensemble HMIN Temp Scaled TNR: 0.0
2022-09-28 17:28:43,273 - INFO - Ensemble HMIN Temp Scaled AUOUT: 0.696706868427101
2022-09-28 17:28:43,273 - INFO - Ensemble HMAX AUROC: 0.9444934571428572
2022-09-28 17:28:43,273 - INFO - Ensemble HMAX TNR: 0.6708000000000001
2022-09-28 17:28:43,273 - INFO - Ensemble HMAX AUOUT: 0.9734547042289283
2022-09-28 17:28:43,273 - INFO - Ensemble HMAX Temp Scaled AUROC: 0.14513194285714287
2022-09-28 17:28:43,273 - INFO - Ensemble HMAX Temp Scaled TNR: 9.999999999998899e-05
2022-09-28 17:28:43,273 - INFO - Ensemble HMAX Temp Scaled AUOUT: 0.5594603085424855
2022-09-28 17:28:43,273 - INFO - Ensemble HMEAN MEAN AUROC: 0.8856816571428571
2022-09-28 17:28:43,273 - INFO - Ensemble HMEAN MEAN TNR: 0.5644
2022-09-28 17:28:43,273 - INFO - Ensemble HMEAN MEAN AUOUT: 0.9535012858749978
2022-09-28 17:28:43,273 - INFO - Ensemble HMEAN MEAN TS AUROC: 0.5251708857142857
2022-09-28 17:28:43,273 - INFO - Ensemble HMEAN MEAN TS TNR: 0.14149999999999996
2022-09-28 17:28:43,273 - INFO - Ensemble HMEAN MEAN TS AUOUT: 0.7904262819189587
2022-09-28 17:28:43,273 - INFO - Ensemble HMIN MEAN AUROC: 0.8860515999999999
2022-09-28 17:28:43,273 - INFO - Ensemble HMIN MEAN TNR: 0.3609
2022-09-28 17:28:43,273 - INFO - Ensemble HMIN MEAN AUOUT: 0.9396763957132497
2022-09-28 17:28:43,273 - INFO - Ensemble HMIN MEAN TS AUROC: 0.8639877714285714
2022-09-28 17:28:43,274 - INFO - Ensemble HMIN MEAN TS TNR: 0.2723
2022-09-28 17:28:43,274 - INFO - Ensemble HMIN MEAN TS AUOUT: 0.9215713160511081
2022-09-28 17:28:43,274 - INFO - Ensemble HMAX MEAN AUROC: 0.7627754285714287
2022-09-28 17:28:43,274 - INFO - Ensemble HMAX MEAN TNR: 0.16159999999999997
2022-09-28 17:28:43,274 - INFO - Ensemble HMAX MEAN AUOUT: 0.8760626508750438
2022-09-28 17:28:43,274 - INFO - Ensemble HMAX MEAN TS AUROC: 0.6014985714285714
2022-09-28 17:28:43,274 - INFO - Ensemble HMAX MEAN TS TNR: 0.39880000000000004
2022-09-28 17:28:43,274 - INFO - Ensemble HMAX MEAN TS AUOUT: 0.8434214495859567
2022-09-28 17:28:43,274 - INFO - Ensemble HMEAN MIN AUROC: 0.8666870857142857
2022-09-28 17:28:43,274 - INFO - Ensemble HMEAN MIN TNR: 0.5081
2022-09-28 17:28:43,274 - INFO - Ensemble HMEAN MIN AUOUT: 0.9462034725501594
2022-09-28 17:28:43,274 - INFO - Ensemble HMEAN MIN TS AUROC: 0.5252635714285714
2022-09-28 17:28:43,274 - INFO - Ensemble HMEAN MIN TS TNR: 0.1412
2022-09-28 17:28:43,274 - INFO - Ensemble HMEAN MIN TS AUOUT: 0.7908679294194465
2022-09-28 17:28:43,274 - INFO - Ensemble HMIN MIN AUROC: 0.8933377714285714
2022-09-28 17:28:43,274 - INFO - Ensemble HMIN MIN TNR: 0.40349999999999997
2022-09-28 17:28:43,274 - INFO - Ensemble HMIN MIN AUOUT: 0.945792967191582
2022-09-28 17:28:43,274 - INFO - Ensemble HMIN MIN TS AUROC: 0.8680941142857143
2022-09-28 17:28:43,274 - INFO - Ensemble HMIN MIN TS TNR: 0.2995
2022-09-28 17:28:43,274 - INFO - Ensemble HMIN MIN TS AUOUT: 0.9259819132023359
2022-09-28 17:28:43,274 - INFO - Ensemble HMAX MIN AUROC: 0.7640172285714286
2022-09-28 17:28:43,274 - INFO - Ensemble HMAX MIN TNR: 0.17500000000000004
2022-09-28 17:28:43,274 - INFO - Ensemble HMAX MIN AUOUT: 0.8755753483877584
2022-09-28 17:28:43,274 - INFO - Ensemble HMAX MIN TS AUROC: 0.6044783714285713
2022-09-28 17:28:43,274 - INFO - Ensemble HMAX MIN TS TNR: 0.39690000000000003
2022-09-28 17:28:43,274 - INFO - Ensemble HMAX MIN TS AUOUT: 0.8451876999219629
2022-09-28 17:28:43,274 - INFO - --------------------------------------------------
2022-09-28 17:28:43,274 - INFO - Ensemble: SUN
2022-09-28 17:28:43,274 - INFO - --------------------------------------------------
2022-09-28 17:28:50,646 - INFO - Computing OOD Statistics...
2022-09-28 17:28:50,955 - INFO - Ensemble PP AUROC: 0.9508152571428571
2022-09-28 17:28:50,955 - INFO - Ensemble PP TNR: 0.7303999999999999
2022-09-28 17:28:50,955 - INFO - Ensemble PP AUOUT: 0.9785351092764658
2022-09-28 17:28:50,955 - INFO - Ensemble PP Temp Scaled AUROC: 0.22576345714285717
2022-09-28 17:28:50,955 - INFO - Ensemble PP Temp Scaled TNR: 0.0
2022-09-28 17:28:50,955 - INFO - Ensemble PP Temp Scaled AUOUT: 0.5816683210681787
2022-09-28 17:28:50,955 - INFO - Ensemble HMEAN AUROC: 0.9681258857142857
2022-09-28 17:28:50,955 - INFO - Ensemble HMEAN TNR: 0.8188
2022-09-28 17:28:50,955 - INFO - Ensemble HMEAN AUOUT: 0.9828369314045414
2022-09-28 17:28:50,955 - INFO - Ensemble HMEAN Temp Scaled AUROC: 0.48355640000000005
2022-09-28 17:28:50,955 - INFO - Ensemble HMEAN Temp Scaled TNR: 0.0004999999999999449
2022-09-28 17:28:50,955 - INFO - Ensemble HMEAN Temp Scaled AUOUT: 0.7273489774275241
2022-09-28 17:28:50,955 - INFO - Ensemble HMIN AUROC: 0.9586844
2022-09-28 17:28:50,955 - INFO - Ensemble HMIN TNR: 0.7299
2022-09-28 17:28:50,956 - INFO - Ensemble HMIN AUOUT: 0.9780879884878141
2022-09-28 17:28:50,956 - INFO - Ensemble HMIN Temp Scaled AUROC: 0.4600962571428572
2022-09-28 17:28:50,956 - INFO - Ensemble HMIN Temp Scaled TNR: 9.999999999998899e-05
2022-09-28 17:28:50,956 - INFO - Ensemble HMIN Temp Scaled AUOUT: 0.7115940491695942
2022-09-28 17:28:50,956 - INFO - Ensemble HMAX AUROC: 0.9528890857142858
2022-09-28 17:28:50,956 - INFO - Ensemble HMAX TNR: 0.6715
2022-09-28 17:28:50,956 - INFO - Ensemble HMAX AUOUT: 0.9727961427723205
2022-09-28 17:28:50,956 - INFO - Ensemble HMAX Temp Scaled AUROC: 0.03980145714285714
2022-09-28 17:28:50,956 - INFO - Ensemble HMAX Temp Scaled TNR: 0.0
2022-09-28 17:28:50,956 - INFO - Ensemble HMAX Temp Scaled AUOUT: 0.5347533771445087
2022-09-28 17:28:50,956 - INFO - Ensemble HMEAN MEAN AUROC: 0.919615942857143
2022-09-28 17:28:50,956 - INFO - Ensemble HMEAN MEAN TNR: 0.656
2022-09-28 17:28:50,956 - INFO - Ensemble HMEAN MEAN AUOUT: 0.9669838403112423
2022-09-28 17:28:50,956 - INFO - Ensemble HMEAN MEAN TS AUROC: 0.7037353142857142
2022-09-28 17:28:50,956 - INFO - Ensemble HMEAN MEAN TS TNR: 0.05920000000000003
2022-09-28 17:28:50,956 - INFO - Ensemble HMEAN MEAN TS AUOUT: 0.8297879517650113
2022-09-28 17:28:50,956 - INFO - Ensemble HMIN MEAN AUROC: 0.9329566285714286
2022-09-28 17:28:50,956 - INFO - Ensemble HMIN MEAN TNR: 0.7926
2022-09-28 17:28:50,956 - INFO - Ensemble HMIN MEAN AUOUT: 0.9750216120191263
2022-09-28 17:28:50,956 - INFO - Ensemble HMIN MEAN TS AUROC: 0.9281610857142858
2022-09-28 17:28:50,956 - INFO - Ensemble HMIN MEAN TS TNR: 0.7471
2022-09-28 17:28:50,956 - INFO - Ensemble HMIN MEAN TS AUOUT: 0.9688126651235606
2022-09-28 17:28:50,956 - INFO - Ensemble HMAX MEAN AUROC: 0.7357274571428571
2022-09-28 17:28:50,956 - INFO - Ensemble HMAX MEAN TNR: 0.14939999999999998
2022-09-28 17:28:50,956 - INFO - Ensemble HMAX MEAN AUOUT: 0.8593055886633248
2022-09-28 17:28:50,956 - INFO - Ensemble HMAX MEAN TS AUROC: 0.8038599428571428
2022-09-28 17:28:50,956 - INFO - Ensemble HMAX MEAN TS TNR: 0.6544
2022-09-28 17:28:50,956 - INFO - Ensemble HMAX MEAN TS AUOUT: 0.9252406587772972
2022-09-28 17:28:50,956 - INFO - Ensemble HMEAN MIN AUROC: 0.8945012571428572
2022-09-28 17:28:50,956 - INFO - Ensemble HMEAN MIN TNR: 0.5775
2022-09-28 17:28:50,956 - INFO - Ensemble HMEAN MIN AUOUT: 0.9576988637418009
2022-09-28 17:28:50,956 - INFO - Ensemble HMEAN MIN TS AUROC: 0.7037144000000001
2022-09-28 17:28:50,956 - INFO - Ensemble HMEAN MIN TS TNR: 0.05920000000000003
2022-09-28 17:28:50,956 - INFO - Ensemble HMEAN MIN TS AUOUT: 0.8299932520340374
2022-09-28 17:28:50,956 - INFO - Ensemble HMIN MIN AUROC: 0.9351408000000002
2022-09-28 17:28:50,956 - INFO - Ensemble HMIN MIN TNR: 0.8115
2022-09-28 17:28:50,957 - INFO - Ensemble HMIN MIN AUOUT: 0.9766000205005916
2022-09-28 17:28:50,957 - INFO - Ensemble HMIN MIN TS AUROC: 0.9290757428571429
2022-09-28 17:28:50,957 - INFO - Ensemble HMIN MIN TS TNR: 0.766
2022-09-28 17:28:50,957 - INFO - Ensemble HMIN MIN TS AUOUT: 0.9701788065011822
2022-09-28 17:28:50,957 - INFO - Ensemble HMAX MIN AUROC: 0.7408635428571427
2022-09-28 17:28:50,957 - INFO - Ensemble HMAX MIN TNR: 0.15469999999999995
2022-09-28 17:28:50,957 - INFO - Ensemble HMAX MIN AUOUT: 0.8603111354155695
2022-09-28 17:28:50,957 - INFO - Ensemble HMAX MIN TS AUROC: 0.8059631428571428
2022-09-28 17:28:50,957 - INFO - Ensemble HMAX MIN TS TNR: 0.649
2022-09-28 17:28:50,957 - INFO - Ensemble HMAX MIN TS AUOUT: 0.926935282240197
2022-09-28 17:28:50,957 - INFO - --------------------------------------------------
2022-09-28 17:28:50,957 - INFO - Ensemble: Places
2022-09-28 17:28:50,957 - INFO - --------------------------------------------------
2022-09-28 17:28:58,357 - INFO - Computing OOD Statistics...
2022-09-28 17:28:58,671 - INFO - Ensemble PP AUROC: 0.9364896857142858
2022-09-28 17:28:58,671 - INFO - Ensemble PP TNR: 0.6757
2022-09-28 17:28:58,671 - INFO - Ensemble PP AUOUT: 0.9729789449539693
2022-09-28 17:28:58,671 - INFO - Ensemble PP Temp Scaled AUROC: 0.21790037142857144
2022-09-28 17:28:58,671 - INFO - Ensemble PP Temp Scaled TNR: 0.00039999999999995595
2022-09-28 17:28:58,671 - INFO - Ensemble PP Temp Scaled AUOUT: 0.5791054091068929
2022-09-28 17:28:58,671 - INFO - Ensemble HMEAN AUROC: 0.959145
2022-09-28 17:28:58,671 - INFO - Ensemble HMEAN TNR: 0.772
2022-09-28 17:28:58,671 - INFO - Ensemble HMEAN AUOUT: 0.9796298145920377
2022-09-28 17:28:58,671 - INFO - Ensemble HMEAN Temp Scaled AUROC: 0.5036457714285714
2022-09-28 17:28:58,671 - INFO - Ensemble HMEAN Temp Scaled TNR: 0.0031999999999999806
2022-09-28 17:28:58,671 - INFO - Ensemble HMEAN Temp Scaled AUOUT: 0.7360930321296602
2022-09-28 17:28:58,671 - INFO - Ensemble HMIN AUROC: 0.9453086571428573
2022-09-28 17:28:58,671 - INFO - Ensemble HMIN TNR: 0.6789000000000001
2022-09-28 17:28:58,671 - INFO - Ensemble HMIN AUOUT: 0.9737034326263228
2022-09-28 17:28:58,671 - INFO - Ensemble HMIN Temp Scaled AUROC: 0.4759059714285714
2022-09-28 17:28:58,671 - INFO - Ensemble HMIN Temp Scaled TNR: 0.0016000000000000458
2022-09-28 17:28:58,671 - INFO - Ensemble HMIN Temp Scaled AUOUT: 0.7193488792268175
2022-09-28 17:28:58,671 - INFO - Ensemble HMAX AUROC: 0.9436670857142857
2022-09-28 17:28:58,671 - INFO - Ensemble HMAX TNR: 0.6199
2022-09-28 17:28:58,672 - INFO - Ensemble HMAX AUOUT: 0.9689562414995946
2022-09-28 17:28:58,672 - INFO - Ensemble HMAX Temp Scaled AUROC: 0.053923
2022-09-28 17:28:58,672 - INFO - Ensemble HMAX Temp Scaled TNR: 9.999999999998899e-05
2022-09-28 17:28:58,672 - INFO - Ensemble HMAX Temp Scaled AUOUT: 0.5366166465250051
2022-09-28 17:28:58,672 - INFO - Ensemble HMEAN MEAN AUROC: 0.8945396571428571
2022-09-28 17:28:58,672 - INFO - Ensemble HMEAN MEAN TNR: 0.5922000000000001
2022-09-28 17:28:58,672 - INFO - Ensemble HMEAN MEAN AUOUT: 0.9577411510977591
2022-09-28 17:28:58,672 - INFO - Ensemble HMEAN MEAN TS AUROC: 0.6700721714285713
2022-09-28 17:28:58,672 - INFO - Ensemble HMEAN MEAN TS TNR: 0.05579999999999996
2022-09-28 17:28:58,672 - INFO - Ensemble HMEAN MEAN TS AUOUT: 0.8137465913524196
2022-09-28 17:28:58,672 - INFO - Ensemble HMIN MEAN AUROC: 0.9104898571428572
2022-09-28 17:28:58,672 - INFO - Ensemble HMIN MEAN TNR: 0.7272000000000001
2022-09-28 17:28:58,672 - INFO - Ensemble HMIN MEAN AUOUT: 0.9677319666832328
2022-09-28 17:28:58,672 - INFO - Ensemble HMIN MEAN TS AUROC: 0.9054363714285715
2022-09-28 17:28:58,672 - INFO - Ensemble HMIN MEAN TS TNR: 0.6935
2022-09-28 17:28:58,672 - INFO - Ensemble HMIN MEAN TS AUOUT: 0.9615845844585154
2022-09-28 17:28:58,672 - INFO - Ensemble HMAX MEAN AUROC: 0.7099033142857143
2022-09-28 17:28:58,672 - INFO - Ensemble HMAX MEAN TNR: 0.12549999999999994
2022-09-28 17:28:58,672 - INFO - Ensemble HMAX MEAN AUOUT: 0.8446459878235528
2022-09-28 17:28:58,672 - INFO - Ensemble HMAX MEAN TS AUROC: 0.7609815714285715
2022-09-28 17:28:58,672 - INFO - Ensemble HMAX MEAN TS TNR: 0.5648
2022-09-28 17:28:58,672 - INFO - Ensemble HMAX MEAN TS AUOUT: 0.9087737945407982
2022-09-28 17:28:58,672 - INFO - Ensemble HMEAN MIN AUROC: 0.8666831428571428
2022-09-28 17:28:58,672 - INFO - Ensemble HMEAN MIN TNR: 0.5233
2022-09-28 17:28:58,672 - INFO - Ensemble HMEAN MIN AUOUT: 0.946955892524937
2022-09-28 17:28:58,672 - INFO - Ensemble HMEAN MIN TS AUROC: 0.6700086285714286
2022-09-28 17:28:58,672 - INFO - Ensemble HMEAN MIN TS TNR: 0.05579999999999996
2022-09-28 17:28:58,672 - INFO - Ensemble HMEAN MIN TS AUOUT: 0.8139957617048829
2022-09-28 17:28:58,672 - INFO - Ensemble HMIN MIN AUROC: 0.9112765142857142
2022-09-28 17:28:58,672 - INFO - Ensemble HMIN MIN TNR: 0.7363
2022-09-28 17:28:58,672 - INFO - Ensemble HMIN MIN AUOUT: 0.9686317498768076
2022-09-28 17:28:58,672 - INFO - Ensemble HMIN MIN TS AUROC: 0.9054762857142857
2022-09-28 17:28:58,672 - INFO - Ensemble HMIN MIN TS TNR: 0.7049000000000001
2022-09-28 17:28:58,672 - INFO - Ensemble HMIN MIN TS AUOUT: 0.9625246368744316
2022-09-28 17:28:58,672 - INFO - Ensemble HMAX MIN AUROC: 0.7157334857142857
2022-09-28 17:28:58,672 - INFO - Ensemble HMAX MIN TNR: 0.13070000000000004
2022-09-28 17:28:58,673 - INFO - Ensemble HMAX MIN AUOUT: 0.8459842998198189
2022-09-28 17:28:58,673 - INFO - Ensemble HMAX MIN TS AUROC: 0.7628860285714286
2022-09-28 17:28:58,673 - INFO - Ensemble HMAX MIN TS TNR: 0.5598000000000001
2022-09-28 17:28:58,673 - INFO - Ensemble HMAX MIN TS AUOUT: 0.9102649392427653
2022-09-28 17:28:58,673 - INFO - --------------------------------------------------
2022-09-28 17:28:58,673 - INFO - Ensemble: Textures
2022-09-28 17:28:58,673 - INFO - --------------------------------------------------
2022-09-28 17:29:03,599 - INFO - Computing OOD Statistics...
2022-09-28 17:29:03,828 - INFO - Ensemble PP AUROC: 0.9133639311043567
2022-09-28 17:29:03,828 - INFO - Ensemble PP TNR: 0.6198581560283688
2022-09-28 17:29:03,828 - INFO - Ensemble PP AUOUT: 0.9407893653967395
2022-09-28 17:29:03,828 - INFO - Ensemble PP Temp Scaled AUROC: 0.221838044579534
2022-09-28 17:29:03,828 - INFO - Ensemble PP Temp Scaled TNR: 0.0
2022-09-28 17:29:03,828 - INFO - Ensemble PP Temp Scaled AUOUT: 0.45395827818309237
2022-09-28 17:29:03,828 - INFO - Ensemble HMEAN AUROC: 0.9540605369807498
2022-09-28 17:29:03,828 - INFO - Ensemble HMEAN TNR: 0.7647163120567376
2022-09-28 17:29:03,828 - INFO - Ensemble HMEAN AUOUT: 0.964141479872389
2022-09-28 17:29:03,828 - INFO - Ensemble HMEAN Temp Scaled AUROC: 0.5091119554204661
2022-09-28 17:29:03,828 - INFO - Ensemble HMEAN Temp Scaled TNR: 0.0005319148936170359
2022-09-28 17:29:03,828 - INFO - Ensemble HMEAN Temp Scaled AUOUT: 0.5917975760600738
2022-09-28 17:29:03,828 - INFO - Ensemble HMIN AUROC: 0.9524936676798379
2022-09-28 17:29:03,828 - INFO - Ensemble HMIN TNR: 0.7281914893617021
2022-09-28 17:29:03,828 - INFO - Ensemble HMIN AUOUT: 0.9614806387185946
2022-09-28 17:29:03,828 - INFO - Ensemble HMIN Temp Scaled AUROC: 0.5135195035460993
2022-09-28 17:29:03,828 - INFO - Ensemble HMIN Temp Scaled TNR: 0.0
2022-09-28 17:29:03,828 - INFO - Ensemble HMIN Temp Scaled AUOUT: 0.5976260069359745
2022-09-28 17:29:03,828 - INFO - Ensemble HMAX AUROC: 0.9317589665653495
2022-09-28 17:29:03,828 - INFO - Ensemble HMAX TNR: 0.5439716312056737
2022-09-28 17:29:03,828 - INFO - Ensemble HMAX AUOUT: 0.9366597424418652
2022-09-28 17:29:03,828 - INFO - Ensemble HMAX Temp Scaled AUROC: 0.04890283687943262
2022-09-28 17:29:03,828 - INFO - Ensemble HMAX Temp Scaled TNR: 0.00017730496453904898
2022-09-28 17:29:03,828 - INFO - Ensemble HMAX Temp Scaled AUOUT: 0.4112198924924011
2022-09-28 17:29:03,829 - INFO - Ensemble HMEAN MEAN AUROC: 0.9148144376899696
2022-09-28 17:29:03,829 - INFO - Ensemble HMEAN MEAN TNR: 0.6792553191489361
2022-09-28 17:29:03,829 - INFO - Ensemble HMEAN MEAN AUOUT: 0.9463937491831114
2022-09-28 17:29:03,829 - INFO - Ensemble HMEAN MEAN TS AUROC: 0.6249601823708206
2022-09-28 17:29:03,829 - INFO - Ensemble HMEAN MEAN TS TNR: 0.19964539007092197
2022-09-28 17:29:03,829 - INFO - Ensemble HMEAN MEAN TS AUOUT: 0.7416602738126366
2022-09-28 17:29:03,829 - INFO - Ensemble HMIN MEAN AUROC: 0.9194551165146909
2022-09-28 17:29:03,829 - INFO - Ensemble HMIN MEAN TNR: 0.7420212765957447
2022-09-28 17:29:03,829 - INFO - Ensemble HMIN MEAN AUOUT: 0.9536873530585287
2022-09-28 17:29:03,829 - INFO - Ensemble HMIN MEAN TS AUROC: 0.9131054204660587
2022-09-28 17:29:03,829 - INFO - Ensemble HMIN MEAN TS TNR: 0.6964539007092199
2022-09-28 17:29:03,829 - INFO - Ensemble HMIN MEAN TS AUOUT: 0.9408885446517029
2022-09-28 17:29:03,829 - INFO - Ensemble HMAX MEAN AUROC: 0.7491575987841945
2022-09-28 17:29:03,829 - INFO - Ensemble HMAX MEAN TNR: 0.17269503546099296
2022-09-28 17:29:03,829 - INFO - Ensemble HMAX MEAN AUOUT: 0.797469897160746
2022-09-28 17:29:03,829 - INFO - Ensemble HMAX MEAN TS AUROC: 0.6019602836879433
2022-09-28 17:29:03,829 - INFO - Ensemble HMAX MEAN TS TNR: 0.3656028368794326
2022-09-28 17:29:03,829 - INFO - Ensemble HMAX MEAN TS AUOUT: 0.7593795945029541
2022-09-28 17:29:03,829 - INFO - Ensemble HMEAN MIN AUROC: 0.8843838399189462
2022-09-28 17:29:03,829 - INFO - Ensemble HMEAN MIN TNR: 0.5877659574468085
2022-09-28 17:29:03,829 - INFO - Ensemble HMEAN MIN AUOUT: 0.9275903942671163
2022-09-28 17:29:03,829 - INFO - Ensemble HMEAN MIN TS AUROC: 0.6243702634245187
2022-09-28 17:29:03,829 - INFO - Ensemble HMEAN MIN TS TNR: 0.19911347517730493
2022-09-28 17:29:03,829 - INFO - Ensemble HMEAN MIN TS AUOUT: 0.7413478632253602
2022-09-28 17:29:03,829 - INFO - Ensemble HMIN MIN AUROC: 0.9157556231003039
2022-09-28 17:29:03,829 - INFO - Ensemble HMIN MIN TNR: 0.7193262411347519
2022-09-28 17:29:03,829 - INFO - Ensemble HMIN MIN AUOUT: 0.9510402302393622
2022-09-28 17:29:03,829 - INFO - Ensemble HMIN MIN TS AUROC: 0.9116146909827763
2022-09-28 17:29:03,829 - INFO - Ensemble HMIN MIN TS TNR: 0.701063829787234
2022-09-28 17:29:03,829 - INFO - Ensemble HMIN MIN TS AUOUT: 0.9410867297555001
2022-09-28 17:29:03,829 - INFO - Ensemble HMAX MIN AUROC: 0.7443668693009118
2022-09-28 17:29:03,829 - INFO - Ensemble HMAX MIN TNR: 0.17234042553191486
2022-09-28 17:29:03,829 - INFO - Ensemble HMAX MIN AUOUT: 0.790610472628806
2022-09-28 17:29:03,829 - INFO - Ensemble HMAX MIN TS AUROC: 0.6027183383991894
2022-09-28 17:29:03,829 - INFO - Ensemble HMAX MIN TS TNR: 0.35620567375886525
2022-09-28 17:29:03,830 - INFO - Ensemble HMAX MIN TS AUOUT: 0.7590029528105267
2022-09-28 17:29:03,830 - INFO - --------------------------------------------------
2022-09-28 17:29:03,830 - INFO - Ensemble: balanced100-coarseood
2022-09-28 17:29:03,830 - INFO - --------------------------------------------------
2022-09-28 17:29:06,143 - INFO - Computing OOD Statistics...
2022-09-28 17:29:06,247 - INFO - Ensemble PP AUROC: 0.9449226666666667
2022-09-28 17:29:06,247 - INFO - Ensemble PP TNR: 0.6973333333333334
2022-09-28 17:29:06,247 - INFO - Ensemble PP AUOUT: 0.7769770283197934
2022-09-28 17:29:06,247 - INFO - Ensemble PP Temp Scaled AUROC: 0.15653523809523806
2022-09-28 17:29:06,247 - INFO - Ensemble PP Temp Scaled TNR: 0.0
2022-09-28 17:29:06,247 - INFO - Ensemble PP Temp Scaled AUOUT: 0.10555745814869735
2022-09-28 17:29:06,247 - INFO - Ensemble HMEAN AUROC: 0.9669310476190477
2022-09-28 17:29:06,247 - INFO - Ensemble HMEAN TNR: 0.812
2022-09-28 17:29:06,247 - INFO - Ensemble HMEAN AUOUT: 0.8164215965782423
2022-09-28 17:29:06,247 - INFO - Ensemble HMEAN Temp Scaled AUROC: 0.44058971428571425
2022-09-28 17:29:06,247 - INFO - Ensemble HMEAN Temp Scaled TNR: 0.0
2022-09-28 17:29:06,247 - INFO - Ensemble HMEAN Temp Scaled AUOUT: 0.1442408275868925
2022-09-28 17:29:06,247 - INFO - Ensemble HMIN AUROC: 0.9555596190476191
2022-09-28 17:29:06,247 - INFO - Ensemble HMIN TNR: 0.7066666666666667
2022-09-28 17:29:06,247 - INFO - Ensemble HMIN AUOUT: 0.7816715467825721
2022-09-28 17:29:06,247 - INFO - Ensemble HMIN Temp Scaled AUROC: 0.3379702857142858
2022-09-28 17:29:06,247 - INFO - Ensemble HMIN Temp Scaled TNR: 0.0
2022-09-28 17:29:06,247 - INFO - Ensemble HMIN Temp Scaled AUOUT: 0.1254348318550314
2022-09-28 17:29:06,247 - INFO - Ensemble HMAX AUROC: 0.9438838095238096
2022-09-28 17:29:06,247 - INFO - Ensemble HMAX TNR: 0.5880000000000001
2022-09-28 17:29:06,247 - INFO - Ensemble HMAX AUOUT: 0.6565617006116633
2022-09-28 17:29:06,248 - INFO - Ensemble HMAX Temp Scaled AUROC: 0.021706666666666666
2022-09-28 17:29:06,248 - INFO - Ensemble HMAX Temp Scaled TNR: 0.0
2022-09-28 17:29:06,248 - INFO - Ensemble HMAX Temp Scaled AUOUT: 0.09495140504609849
2022-09-28 17:29:06,248 - INFO - Ensemble HMEAN MEAN AUROC: 0.913887619047619
2022-09-28 17:29:06,248 - INFO - Ensemble HMEAN MEAN TNR: 0.6493333333333333
2022-09-28 17:29:06,248 - INFO - Ensemble HMEAN MEAN AUOUT: 0.7532193104825023
2022-09-28 17:29:06,248 - INFO - Ensemble HMEAN MEAN TS AUROC: 0.4063958095238095
2022-09-28 17:29:06,248 - INFO - Ensemble HMEAN MEAN TS TNR: 0.01200000000000001
2022-09-28 17:29:06,248 - INFO - Ensemble HMEAN MEAN TS AUOUT: 0.14583057178203424
2022-09-28 17:29:06,248 - INFO - Ensemble HMIN MEAN AUROC: 0.7953744761904762
2022-09-28 17:29:06,248 - INFO - Ensemble HMIN MEAN TNR: 0.7533333333333333
2022-09-28 17:29:06,248 - INFO - Ensemble HMIN MEAN AUOUT: 0.763479933677482
2022-09-28 17:29:06,248 - INFO - Ensemble HMIN MEAN TS AUROC: 0.7921321904761905
2022-09-28 17:29:06,248 - INFO - Ensemble HMIN MEAN TS TNR: 0.744
2022-09-28 17:29:06,248 - INFO - Ensemble HMIN MEAN TS AUOUT: 0.706923396264622
2022-09-28 17:29:06,248 - INFO - Ensemble HMAX MEAN AUROC: 0.6694380952380952
2022-09-28 17:29:06,248 - INFO - Ensemble HMAX MEAN TNR: 0.09599999999999997
2022-09-28 17:29:06,248 - INFO - Ensemble HMAX MEAN AUOUT: 0.2533319997553878
2022-09-28 17:29:06,248 - INFO - Ensemble HMAX MEAN TS AUROC: 0.35882438095238095
2022-09-28 17:29:06,248 - INFO - Ensemble HMAX MEAN TS TNR: 0.11066666666666669
2022-09-28 17:29:06,248 - INFO - Ensemble HMAX MEAN TS AUOUT: 0.15812247311375632
2022-09-28 17:29:06,248 - INFO - Ensemble HMEAN MIN AUROC: 0.8909413333333333
2022-09-28 17:29:06,248 - INFO - Ensemble HMEAN MIN TNR: 0.5746666666666667
2022-09-28 17:29:06,248 - INFO - Ensemble HMEAN MIN AUOUT: 0.7145025978453526
2022-09-28 17:29:06,248 - INFO - Ensemble HMEAN MIN TS AUROC: 0.40626971428571423
2022-09-28 17:29:06,248 - INFO - Ensemble HMEAN MIN TS TNR: 0.01200000000000001
2022-09-28 17:29:06,248 - INFO - Ensemble HMEAN MIN TS AUOUT: 0.14593562401624896
2022-09-28 17:29:06,248 - INFO - Ensemble HMIN MIN AUROC: 0.7940068571428571
2022-09-28 17:29:06,249 - INFO - Ensemble HMIN MIN TNR: 0.7506666666666667
2022-09-28 17:29:06,249 - INFO - Ensemble HMIN MIN AUOUT: 0.7580748604467628
2022-09-28 17:29:06,249 - INFO - Ensemble HMIN MIN TS AUROC: 0.7916182857142857
2022-09-28 17:29:06,249 - INFO - Ensemble HMIN MIN TS TNR: 0.736
2022-09-28 17:29:06,249 - INFO - Ensemble HMIN MIN TS AUOUT: 0.7101231798855184
2022-09-28 17:29:06,249 - INFO - Ensemble HMAX MIN AUROC: 0.6873881904761905
2022-09-28 17:29:06,249 - INFO - Ensemble HMAX MIN TNR: 0.09999999999999998
2022-09-28 17:29:06,249 - INFO - Ensemble HMAX MIN AUOUT: 0.2635156106947943
2022-09-28 17:29:06,249 - INFO - Ensemble HMAX MIN TS AUROC: 0.36306209523809524
2022-09-28 17:29:06,249 - INFO - Ensemble HMAX MIN TS TNR: 0.11066666666666669
2022-09-28 17:29:06,249 - INFO - Ensemble HMAX MIN TS AUOUT: 0.1609084899240614
2022-09-28 17:29:06,249 - INFO - --------------------------------------------------
2022-09-28 17:29:06,249 - INFO - Ensemble: balanced100-mediumood
2022-09-28 17:29:06,249 - INFO - --------------------------------------------------
2022-09-28 17:29:08,328 - INFO - Computing OOD Statistics...
2022-09-28 17:29:08,429 - INFO - Ensemble PP AUROC: 0.7310777142857143
2022-09-28 17:29:08,429 - INFO - Ensemble PP TNR: 0.17200000000000004
2022-09-28 17:29:08,429 - INFO - Ensemble PP AUOUT: 0.1520515057569189
2022-09-28 17:29:08,429 - INFO - Ensemble PP Temp Scaled AUROC: 0.45117714285714283
2022-09-28 17:29:08,429 - INFO - Ensemble PP Temp Scaled TNR: 0.0040000000000000036
2022-09-28 17:29:08,429 - INFO - Ensemble PP Temp Scaled AUOUT: 0.05445136417888069
2022-09-28 17:29:08,429 - INFO - Ensemble HMEAN AUROC: 0.7274868571428572
2022-09-28 17:29:08,429 - INFO - Ensemble HMEAN TNR: 0.14800000000000002
2022-09-28 17:29:08,429 - INFO - Ensemble HMEAN AUOUT: 0.15731604331423626
2022-09-28 17:29:08,429 - INFO - Ensemble HMEAN Temp Scaled AUROC: 0.25554857142857146
2022-09-28 17:29:08,429 - INFO - Ensemble HMEAN Temp Scaled TNR: 0.008000000000000007
2022-09-28 17:29:08,430 - INFO - Ensemble HMEAN Temp Scaled AUOUT: 0.041976351914520725
2022-09-28 17:29:08,430 - INFO - Ensemble HMIN AUROC: 0.7145348571428571
2022-09-28 17:29:08,430 - INFO - Ensemble HMIN TNR: 0.09999999999999998
2022-09-28 17:29:08,430 - INFO - Ensemble HMIN AUOUT: 0.12135685744792397
2022-09-28 17:29:08,430 - INFO - Ensemble HMIN Temp Scaled AUROC: 0.18966171428571424
2022-09-28 17:29:08,430 - INFO - Ensemble HMIN Temp Scaled TNR: 0.0
2022-09-28 17:29:08,430 - INFO - Ensemble HMIN Temp Scaled AUOUT: 0.03884277483885637
2022-09-28 17:29:08,430 - INFO - Ensemble HMAX AUROC: 0.7343988571428572
2022-09-28 17:29:08,430 - INFO - Ensemble HMAX TNR: 0.23199999999999998
2022-09-28 17:29:08,430 - INFO - Ensemble HMAX AUOUT: 0.20021135596553283
2022-09-28 17:29:08,430 - INFO - Ensemble HMAX Temp Scaled AUROC: 0.35080342857142854
2022-09-28 17:29:08,430 - INFO - Ensemble HMAX Temp Scaled TNR: 0.0
2022-09-28 17:29:08,430 - INFO - Ensemble HMAX Temp Scaled AUOUT: 0.0463746739425453
2022-09-28 17:29:08,430 - INFO - Ensemble HMEAN MEAN AUROC: 0.39092914285714286
2022-09-28 17:29:08,430 - INFO - Ensemble HMEAN MEAN TNR: 0.03200000000000003
2022-09-28 17:29:08,430 - INFO - Ensemble HMEAN MEAN AUOUT: 0.052434887496158725
2022-09-28 17:29:08,430 - INFO - Ensemble HMEAN MEAN TS AUROC: 0.4916514285714286
2022-09-28 17:29:08,430 - INFO - Ensemble HMEAN MEAN TS TNR: 0.08399999999999996
2022-09-28 17:29:08,430 - INFO - Ensemble HMEAN MEAN TS AUOUT: 0.07019778097949274
2022-09-28 17:29:08,430 - INFO - Ensemble HMIN MEAN AUROC: 0.2633519999999999
2022-09-28 17:29:08,430 - INFO - Ensemble HMIN MEAN TNR: 0.028000000000000025
2022-09-28 17:29:08,430 - INFO - Ensemble HMIN MEAN AUOUT: 0.04761292058389154
2022-09-28 17:29:08,430 - INFO - Ensemble HMIN MEAN TS AUROC: 0.262184
2022-09-28 17:29:08,430 - INFO - Ensemble HMIN MEAN TS TNR: 0.016000000000000014
2022-09-28 17:29:08,430 - INFO - Ensemble HMIN MEAN TS AUOUT: 0.047074240775205
2022-09-28 17:29:08,430 - INFO - Ensemble HMAX MEAN AUROC: 0.3460022857142857
2022-09-28 17:29:08,430 - INFO - Ensemble HMAX MEAN TNR: 0.008000000000000007
2022-09-28 17:29:08,430 - INFO - Ensemble HMAX MEAN AUOUT: 0.046095006200165996
2022-09-28 17:29:08,431 - INFO - Ensemble HMAX MEAN TS AUROC: 0.856952
2022-09-28 17:29:08,431 - INFO - Ensemble HMAX MEAN TS TNR: 0.28400000000000003
2022-09-28 17:29:08,431 - INFO - Ensemble HMAX MEAN TS AUOUT: 0.23148774391716487
2022-09-28 17:29:08,431 - INFO - Ensemble HMEAN MIN AUROC: 0.3469817142857143
2022-09-28 17:29:08,431 - INFO - Ensemble HMEAN MIN TNR: 0.020000000000000018
2022-09-28 17:29:08,431 - INFO - Ensemble HMEAN MIN AUOUT: 0.04717247727250311
2022-09-28 17:29:08,431 - INFO - Ensemble HMEAN MIN TS AUROC: 0.4904525714285714
2022-09-28 17:29:08,431 - INFO - Ensemble HMEAN MIN TS TNR: 0.08399999999999996
2022-09-28 17:29:08,431 - INFO - Ensemble HMEAN MIN TS AUOUT: 0.06958057412738196
2022-09-28 17:29:08,431 - INFO - Ensemble HMIN MIN AUROC: 0.2582914285714285
2022-09-28 17:29:08,431 - INFO - Ensemble HMIN MIN TNR: 0.028000000000000025
2022-09-28 17:29:08,431 - INFO - Ensemble HMIN MIN AUOUT: 0.04673042262685258
2022-09-28 17:29:08,431 - INFO - Ensemble HMIN MIN TS AUROC: 0.25933257142857136
2022-09-28 17:29:08,431 - INFO - Ensemble HMIN MIN TS TNR: 0.016000000000000014
2022-09-28 17:29:08,431 - INFO - Ensemble HMIN MIN TS AUOUT: 0.04659297419989608
2022-09-28 17:29:08,431 - INFO - Ensemble HMAX MIN AUROC: 0.32225714285714285
2022-09-28 17:29:08,431 - INFO - Ensemble HMAX MIN TNR: 0.016000000000000014
2022-09-28 17:29:08,431 - INFO - Ensemble HMAX MIN AUOUT: 0.04460207554459733
2022-09-28 17:29:08,431 - INFO - Ensemble HMAX MIN TS AUROC: 0.8508091428571429
2022-09-28 17:29:08,431 - INFO - Ensemble HMAX MIN TS TNR: 0.252
2022-09-28 17:29:08,431 - INFO - Ensemble HMAX MIN TS AUOUT: 0.22513548257950286
2022-09-28 17:29:08,431 - INFO - --------------------------------------------------
2022-09-28 17:29:08,431 - INFO - Ensemble: balanced100-fineood
2022-09-28 17:29:08,431 - INFO - --------------------------------------------------
2022-09-28 17:29:10,622 - INFO - Computing OOD Statistics...
2022-09-28 17:29:10,733 - INFO - Ensemble PP AUROC: 0.7125337142857143
2022-09-28 17:29:10,733 - INFO - Ensemble PP TNR: 0.238
2022-09-28 17:29:10,733 - INFO - Ensemble PP AUOUT: 0.2818262713468436
2022-09-28 17:29:10,733 - INFO - Ensemble PP Temp Scaled AUROC: 0.3378508571428571
2022-09-28 17:29:10,733 - INFO - Ensemble PP Temp Scaled TNR: 0.008000000000000007
2022-09-28 17:29:10,734 - INFO - Ensemble PP Temp Scaled AUOUT: 0.08669576276860802
2022-09-28 17:29:10,734 - INFO - Ensemble HMEAN AUROC: 0.7855617142857143
2022-09-28 17:29:10,734 - INFO - Ensemble HMEAN TNR: 0.22999999999999998
2022-09-28 17:29:10,734 - INFO - Ensemble HMEAN AUOUT: 0.3335415266430834
2022-09-28 17:29:10,734 - INFO - Ensemble HMEAN Temp Scaled AUROC: 0.5851348571428571
2022-09-28 17:29:10,734 - INFO - Ensemble HMEAN Temp Scaled TNR: 0.008000000000000007
2022-09-28 17:29:10,734 - INFO - Ensemble HMEAN Temp Scaled AUOUT: 0.15428255517549708
2022-09-28 17:29:10,734 - INFO - Ensemble HMIN AUROC: 0.735608
2022-09-28 17:29:10,734 - INFO - Ensemble HMIN TNR: 0.18999999999999995
2022-09-28 17:29:10,734 - INFO - Ensemble HMIN AUOUT: 0.28571920600951023
2022-09-28 17:29:10,734 - INFO - Ensemble HMIN Temp Scaled AUROC: 0.5436205714285713
2022-09-28 17:29:10,734 - INFO - Ensemble HMIN Temp Scaled TNR: 0.06000000000000005
2022-09-28 17:29:10,734 - INFO - Ensemble HMIN Temp Scaled AUOUT: 0.15661911601607634
2022-09-28 17:29:10,734 - INFO - Ensemble HMAX AUROC: 0.788576
2022-09-28 17:29:10,734 - INFO - Ensemble HMAX TNR: 0.268
2022-09-28 17:29:10,734 - INFO - Ensemble HMAX AUOUT: 0.34936025130986464
2022-09-28 17:29:10,734 - INFO - Ensemble HMAX Temp Scaled AUROC: 0.2605685714285714
2022-09-28 17:29:10,734 - INFO - Ensemble HMAX Temp Scaled TNR: 0.01200000000000001
2022-09-28 17:29:10,734 - INFO - Ensemble HMAX Temp Scaled AUOUT: 0.07891657312178829
2022-09-28 17:29:10,734 - INFO - Ensemble HMEAN MEAN AUROC: 0.5924268571428571
2022-09-28 17:29:10,734 - INFO - Ensemble HMEAN MEAN TNR: 0.17600000000000005
2022-09-28 17:29:10,734 - INFO - Ensemble HMEAN MEAN AUOUT: 0.22724707508209663
2022-09-28 17:29:10,734 - INFO - Ensemble HMEAN MEAN TS AUROC: 0.5444725714285714
2022-09-28 17:29:10,734 - INFO - Ensemble HMEAN MEAN TS TNR: 0.04600000000000004
2022-09-28 17:29:10,734 - INFO - Ensemble HMEAN MEAN TS AUOUT: 0.13171801894446106
2022-09-28 17:29:10,734 - INFO - Ensemble HMIN MEAN AUROC: 0.7204371428571429
2022-09-28 17:29:10,734 - INFO - Ensemble HMIN MEAN TNR: 0.21599999999999997
2022-09-28 17:29:10,734 - INFO - Ensemble HMIN MEAN AUOUT: 0.2982444153821802
2022-09-28 17:29:10,734 - INFO - Ensemble HMIN MEAN TS AUROC: 0.7214022857142858
2022-09-28 17:29:10,735 - INFO - Ensemble HMIN MEAN TS TNR: 0.23199999999999998
2022-09-28 17:29:10,735 - INFO - Ensemble HMIN MEAN TS AUOUT: 0.2947219683931032
2022-09-28 17:29:10,735 - INFO - Ensemble HMAX MEAN AUROC: 0.5254051428571429
2022-09-28 17:29:10,735 - INFO - Ensemble HMAX MEAN TNR: 0.05800000000000005
2022-09-28 17:29:10,735 - INFO - Ensemble HMAX MEAN AUOUT: 0.13179437229043744
2022-09-28 17:29:10,735 - INFO - Ensemble HMAX MEAN TS AUROC: 0.7103857142857143
2022-09-28 17:29:10,735 - INFO - Ensemble HMAX MEAN TS TNR: 0.16600000000000004
2022-09-28 17:29:10,735 - INFO - Ensemble HMAX MEAN TS AUOUT: 0.25363029722569536
2022-09-28 17:29:10,735 - INFO - Ensemble HMEAN MIN AUROC: 0.5693102857142858
2022-09-28 17:29:10,735 - INFO - Ensemble HMEAN MIN TNR: 0.14600000000000002
2022-09-28 17:29:10,735 - INFO - Ensemble HMEAN MIN AUOUT: 0.2121288802297323
2022-09-28 17:29:10,735 - INFO - Ensemble HMEAN MIN TS AUROC: 0.5440182857142857
2022-09-28 17:29:10,735 - INFO - Ensemble HMEAN MIN TS TNR: 0.04600000000000004
2022-09-28 17:29:10,735 - INFO - Ensemble HMEAN MIN TS AUOUT: 0.1316577251178795
2022-09-28 17:29:10,735 - INFO - Ensemble HMIN MIN AUROC: 0.708421142857143
2022-09-28 17:29:10,735 - INFO - Ensemble HMIN MIN TNR: 0.19799999999999995
2022-09-28 17:29:10,735 - INFO - Ensemble HMIN MIN AUOUT: 0.2847856253668378
2022-09-28 17:29:10,735 - INFO - Ensemble HMIN MIN TS AUROC: 0.7149634285714285
2022-09-28 17:29:10,735 - INFO - Ensemble HMIN MIN TS TNR: 0.21799999999999997
2022-09-28 17:29:10,735 - INFO - Ensemble HMIN MIN TS AUOUT: 0.28893902473182964
2022-09-28 17:29:10,735 - INFO - Ensemble HMAX MIN AUROC: 0.5176514285714285
2022-09-28 17:29:10,735 - INFO - Ensemble HMAX MIN TNR: 0.062000000000000055
2022-09-28 17:29:10,735 - INFO - Ensemble HMAX MIN AUOUT: 0.13125490082278277
2022-09-28 17:29:10,735 - INFO - Ensemble HMAX MIN TS AUROC: 0.7100742857142857
2022-09-28 17:29:10,735 - INFO - Ensemble HMAX MIN TS TNR: 0.15600000000000003
2022-09-28 17:29:10,735 - INFO - Ensemble HMAX MIN TS AUOUT: 0.24820886695759223
2022-09-28 17:29:10,735 - INFO - --------------------------------------------------
2022-09-28 17:29:10,735 - INFO - Ensemble: balanced100-finemediumood
2022-09-28 17:29:10,736 - INFO - --------------------------------------------------
2022-09-28 17:29:13,086 - INFO - Computing OOD Statistics...
2022-09-28 17:29:13,204 - INFO - Ensemble PP AUROC: 0.7187150476190476
2022-09-28 17:29:13,204 - INFO - Ensemble PP TNR: 0.21599999999999997
2022-09-28 17:29:13,204 - INFO - Ensemble PP AUOUT: 0.35726846552638897
2022-09-28 17:29:13,204 - INFO - Ensemble PP Temp Scaled AUROC: 0.3756262857142857
2022-09-28 17:29:13,204 - INFO - Ensemble PP Temp Scaled TNR: 0.00666666666666671
2022-09-28 17:29:13,204 - INFO - Ensemble PP Temp Scaled AUOUT: 0.13055322163184596
2022-09-28 17:29:13,204 - INFO - Ensemble HMEAN AUROC: 0.7662034285714286
2022-09-28 17:29:13,204 - INFO - Ensemble HMEAN TNR: 0.20266666666666666
2022-09-28 17:29:13,204 - INFO - Ensemble HMEAN AUOUT: 0.4000291476339872
2022-09-28 17:29:13,205 - INFO - Ensemble HMEAN Temp Scaled AUROC: 0.4752727619047619
2022-09-28 17:29:13,205 - INFO - Ensemble HMEAN Temp Scaled TNR: 0.008000000000000007
2022-09-28 17:29:13,205 - INFO - Ensemble HMEAN Temp Scaled AUOUT: 0.17108438260923123
2022-09-28 17:29:13,205 - INFO - Ensemble HMIN AUROC: 0.728583619047619
2022-09-28 17:29:13,205 - INFO - Ensemble HMIN TNR: 0.16000000000000003
2022-09-28 17:29:13,205 - INFO - Ensemble HMIN AUOUT: 0.34297388696150033
2022-09-28 17:29:13,205 - INFO - Ensemble HMIN Temp Scaled AUROC: 0.42563428571428574
2022-09-28 17:29:13,205 - INFO - Ensemble HMIN Temp Scaled TNR: 0.040000000000000036
2022-09-28 17:29:13,205 - INFO - Ensemble HMIN Temp Scaled AUOUT: 0.16947820232201424
2022-09-28 17:29:13,205 - INFO - Ensemble HMAX AUROC: 0.7705169523809523
2022-09-28 17:29:13,205 - INFO - Ensemble HMAX TNR: 0.256
2022-09-28 17:29:13,205 - INFO - Ensemble HMAX AUOUT: 0.42704684312865354
2022-09-28 17:29:13,205 - INFO - Ensemble HMAX Temp Scaled AUROC: 0.29064685714285715
2022-09-28 17:29:13,205 - INFO - Ensemble HMAX Temp Scaled TNR: 0.008000000000000007
2022-09-28 17:29:13,205 - INFO - Ensemble HMAX Temp Scaled AUOUT: 0.11710668316304378
2022-09-28 17:29:13,205 - INFO - Ensemble HMEAN MEAN AUROC: 0.5252609523809524
2022-09-28 17:29:13,205 - INFO - Ensemble HMEAN MEAN TNR: 0.128
2022-09-28 17:29:13,205 - INFO - Ensemble HMEAN MEAN AUOUT: 0.23754298566388315
2022-09-28 17:29:13,205 - INFO - Ensemble HMEAN MEAN TS AUROC: 0.5268655238095237
2022-09-28 17:29:13,205 - INFO - Ensemble HMEAN MEAN TS TNR: 0.058666666666666645
2022-09-28 17:29:13,205 - INFO - Ensemble HMEAN MEAN TS AUOUT: 0.18183790121073684
2022-09-28 17:29:13,205 - INFO - Ensemble HMIN MEAN AUROC: 0.5680754285714285
2022-09-28 17:29:13,205 - INFO - Ensemble HMIN MEAN TNR: 0.15333333333333332
2022-09-28 17:29:13,205 - INFO - Ensemble HMIN MEAN AUOUT: 0.28421278159118213
2022-09-28 17:29:13,205 - INFO - Ensemble HMIN MEAN TS AUROC: 0.5683295238095238
2022-09-28 17:29:13,205 - INFO - Ensemble HMIN MEAN TS TNR: 0.16000000000000003
2022-09-28 17:29:13,205 - INFO - Ensemble HMIN MEAN TS AUOUT: 0.2809257519613646
2022-09-28 17:29:13,205 - INFO - Ensemble HMAX MEAN AUROC: 0.46560419047619045
2022-09-28 17:29:13,205 - INFO - Ensemble HMAX MEAN TNR: 0.04133333333333333
2022-09-28 17:29:13,206 - INFO - Ensemble HMAX MEAN AUOUT: 0.1605465617445534
2022-09-28 17:29:13,206 - INFO - Ensemble HMAX MEAN TS AUROC: 0.7592411428571428
2022-09-28 17:29:13,206 - INFO - Ensemble HMAX MEAN TS TNR: 0.20533333333333337
2022-09-28 17:29:13,206 - INFO - Ensemble HMAX MEAN TS AUOUT: 0.3778134416782347
2022-09-28 17:29:13,206 - INFO - Ensemble HMEAN MIN AUROC: 0.49520076190476187
2022-09-28 17:29:13,206 - INFO - Ensemble HMEAN MIN TNR: 0.10399999999999998
2022-09-28 17:29:13,206 - INFO - Ensemble HMEAN MIN AUOUT: 0.219368813943438
2022-09-28 17:29:13,206 - INFO - Ensemble HMEAN MIN TS AUROC: 0.5261630476190476
2022-09-28 17:29:13,206 - INFO - Ensemble HMEAN MIN TS TNR: 0.058666666666666645
2022-09-28 17:29:13,206 - INFO - Ensemble HMEAN MIN TS AUOUT: 0.18135488959492513
2022-09-28 17:29:13,206 - INFO - Ensemble HMIN MIN AUROC: 0.5583779047619049
2022-09-28 17:29:13,206 - INFO - Ensemble HMIN MIN TNR: 0.1413333333333333
2022-09-28 17:29:13,206 - INFO - Ensemble HMIN MIN AUOUT: 0.2738940591762134
2022-09-28 17:29:13,206 - INFO - Ensemble HMIN MIN TS AUROC: 0.5630864761904761
2022-09-28 17:29:13,206 - INFO - Ensemble HMIN MIN TS TNR: 0.15066666666666662
2022-09-28 17:29:13,206 - INFO - Ensemble HMIN MIN TS AUOUT: 0.2762288419688342
2022-09-28 17:29:13,206 - INFO - Ensemble HMAX MIN AUROC: 0.45252000000000003
2022-09-28 17:29:13,206 - INFO - Ensemble HMAX MIN TNR: 0.046666666666666634
2022-09-28 17:29:13,206 - INFO - Ensemble HMAX MIN AUOUT: 0.1584804282374522
2022-09-28 17:29:13,206 - INFO - Ensemble HMAX MIN TS AUROC: 0.7569859047619047
2022-09-28 17:29:13,206 - INFO - Ensemble HMAX MIN TS TNR: 0.18799999999999994
2022-09-28 17:29:13,206 - INFO - Ensemble HMAX MIN TS AUOUT: 0.37106133358282567
