2022-09-27 14:10:25,188 - INFO - ==> Preparing data..
2022-09-27 14:10:25,549 - INFO - # ID Test: 3500
2022-09-27 14:10:25,550 - INFO - # OOD: 1500
2022-09-27 14:10:25,579 - INFO - # iNaturalist: 10000
2022-09-27 14:10:25,605 - INFO - # SUN: 10000
2022-09-27 14:10:25,631 - INFO - # Places: 10000
2022-09-27 14:10:25,664 - INFO - # Textures: 5640
2022-09-27 14:10:25,673 - INFO - # balanced100-coarseood: 750
2022-09-27 14:10:25,676 - INFO - # balanced100-mediumood: 250
2022-09-27 14:10:25,682 - INFO - # balanced100-fineood: 500
2022-09-27 14:10:25,689 - INFO - # balanced100-finemediumood: 750
2022-09-27 14:10:58,519 - INFO - Accuracy Results
2022-09-27 14:10:58,520 - INFO - Mean Synset Accuracy: 0.9046566486358643
2022-09-27 14:10:58,520 - INFO - Top-1 Accuracy: 0.8191428780555725
2022-09-27 14:10:58,520 - INFO - Pred Accuracy: 0.8188571333885193
2022-09-27 14:10:58,520 - INFO - Synset Accuracies:
2022-09-27 14:10:58,521 - INFO - [0.99314284 0.98       0.9831579  0.792      0.94666666 0.86
 0.94       0.977      0.958125   0.994      0.864      0.96
 0.804      0.8        0.985      1.         0.716      0.97
 0.824      0.796      0.86       0.732      0.9866667  0.99      ]
2022-09-27 14:10:58,521 - INFO - Error Depth:
2022-09-27 14:10:58,522 - INFO - 	Num. Errors at Depth 0 = 8.0
2022-09-27 14:10:58,522 - INFO - 	Num. Errors at Depth 1 = 33.0
2022-09-27 14:10:58,522 - INFO - 	Num. Errors at Depth 2 = 169.0
2022-09-27 14:10:58,522 - INFO - 	Num. Errors at Depth 3 = 261.0
2022-09-27 14:10:58,522 - INFO - 	Num. Errors at Depth 4 = 91.0
2022-09-27 14:10:58,522 - INFO - 	Num. Errors at Depth 5 = 71.0
2022-09-27 14:10:58,522 - INFO - 	Num. Errors at Depth -1 = 2867.0
2022-09-27 14:10:58,522 - INFO - OOD Results
2022-09-27 14:11:13,659 - INFO - Computing OOD Statistics...
2022-09-27 14:11:38,995 - INFO - Computing OOD Statistics...
2022-09-27 14:12:12,487 - INFO - Computing OOD Statistics...
2022-09-27 14:12:30,238 - INFO - Computing OOD Statistics...
2022-09-27 14:12:41,291 - INFO - Computing OOD Statistics...
2022-09-27 14:12:44,900 - INFO - Computing OOD Statistics...
2022-09-27 14:12:48,027 - INFO - Computing OOD Statistics...
2022-09-27 14:12:51,532 - INFO - Computing OOD Statistics...
2022-09-27 14:12:55,240 - INFO - Computing OOD Statistics...
2022-09-27 14:12:55,307 - INFO - OOD Dataset: OOD
2022-09-27 14:12:55,308 - INFO - MSP AUROC Synset Performance
2022-09-27 14:12:55,308 - INFO - [-1, -1, -1, -1, -1, -1, -1, -1, -1, -1, -1, -1, -1, -1, -1, -1, -1, -1, -1, -1, -1, -1, -1, -1, -0.0, 0.8128289523809524, 0.8360211428571428, 0.8416278095238094]
2022-09-27 14:12:55,308 - INFO - MSP TNR Synset Performance
2022-09-27 14:12:55,308 - INFO - [-1, -1, -1, -1, -1, -1, -1, -1, -1, -1, -1, -1, -1, -1, -1, -1, -1, -1, -1, -1, -1, -1, -1, -1, 0.0, 0.362, 0.4706666666666667, 0.4986666666666667]
2022-09-27 14:12:55,308 - INFO - MSP AUOUT Synset Performance
2022-09-27 14:12:55,308 - INFO - [-1, -1, -1, -1, -1, -1, -1, -1, -1, -1, -1, -1, -1, -1, -1, -1, -1, -1, -1, -1, -1, -1, -1, -1, 0.16775845604771977, 0.6643140006586934, 0.719122960153387, 0.7484506899127384]
2022-09-27 14:12:55,308 - INFO - ODIN AUROC Synset Performance
2022-09-27 14:12:55,308 - INFO - [-1, -1, -1, -1, -1, -1, -1, -1, -1, -1, -1, -1, -1, -1, -1, -1, -1, -1, -1, -1, -1, -1, -1, -1, -0.0, 0.6109129523809523, 0.24597409523809527, 0.4666611428571428]
2022-09-27 14:12:55,308 - INFO - ODIN TNR Synset Performance
2022-09-27 14:12:55,308 - INFO - [-1, -1, -1, -1, -1, -1, -1, -1, -1, -1, -1, -1, -1, -1, -1, -1, -1, -1, -1, -1, -1, -1, -1, -1, 0.0, 0.19799999999999995, 0.002666666666666706, 0.06266666666666665]
2022-09-27 14:12:55,308 - INFO - ODIN AUOUT Synset Performance
2022-09-27 14:12:55,308 - INFO - [-1, -1, -1, -1, -1, -1, -1, -1, -1, -1, -1, -1, -1, -1, -1, -1, -1, -1, -1, -1, -1, -1, -1, -1, 0.16775845604771977, 0.4427299889520623, 0.19806615591540638, 0.29972450118652766]
2022-09-27 14:12:55,308 - INFO - MSP Metrics using max activations accumulated across all appropriate synsets:
	AUROC -0.0
	TNR 0.0
	AUOUT 0.16775845604771977
2022-09-27 14:12:55,308 - INFO - ODIN Metrics using max activations accumulated across all appropriate synsets:
	AUROC -0.0
	TNR 0.0
	AUOUT 0.16775845604771977
2022-09-27 14:12:55,308 - INFO - MSP Metrics using max entropy along path:
	AUROC 0.8128289523809524
	TNR 0.362
	AUOUT 0.6643140006586934
2022-09-27 14:12:55,308 - INFO - ODIN Metrics using max entropy along path:
	AUROC 0.6109129523809523
	TNR 0.19799999999999995
	AUOUT 0.4427299889520623
2022-09-27 14:12:55,308 - INFO - MSP Metrics using predicted activations:
	AUROC 0.8360211428571428
	TNR 0.4706666666666667
	AUOUT 0.719122960153387
2022-09-27 14:12:55,308 - INFO - ODIN Metrics using predicted activations:
	AUROC 0.24597409523809527
	TNR 0.002666666666666706
	AUOUT 0.19806615591540638
2022-09-27 14:12:55,308 - INFO - MSP Metrics using mean entropy along path:
	AUROC 0.8416278095238094
	TNR 0.4986666666666667
	AUOUT 0.7484506899127384
2022-09-27 14:12:55,308 - INFO - ODIN Metrics using mean entropy along path:
	AUROC 0.4666611428571428
	TNR 0.06266666666666665
	AUOUT 0.29972450118652766
2022-09-27 14:12:55,308 - INFO - MSP Metrics using min entropy along path:
	AUROC 0.7781129523809523
	TNR 0.5446666666666666
	AUOUT 0.7292318028517565
2022-09-27 14:12:55,308 - INFO - ODIN Metrics using min entropy along path:
	AUROC 0.7766361904761905
	TNR 0.544
	AUOUT 0.708151756807446
2022-09-27 14:12:55,309 - INFO - OOD Path entropy min idx (msp): [0. 1. 2. 3. 4.], [1267   23    4    1  205]
2022-09-27 14:12:55,309 - INFO - OOD Path entropy min idx (odin): [0. 4.], [1297  203]
2022-09-27 14:12:55,309 - INFO - OOD Dataset: iNaturalist
2022-09-27 14:12:55,309 - INFO - MSP AUROC Synset Performance
2022-09-27 14:12:55,309 - INFO - [-1, -1, -1, -1, -1, -1, -1, -1, -1, -1, -1, -1, -1, -1, -1, -1, -1, -1, -1, -1, -1, -1, -1, -1, -0.0, 0.9248901714285714, 0.9280530285714286, 0.9304503428571429]
2022-09-27 14:12:55,309 - INFO - MSP TNR Synset Performance
2022-09-27 14:12:55,309 - INFO - [-1, -1, -1, -1, -1, -1, -1, -1, -1, -1, -1, -1, -1, -1, -1, -1, -1, -1, -1, -1, -1, -1, -1, -1, 0.0, 0.6066, 0.646, 0.6345000000000001]
2022-09-27 14:12:55,309 - INFO - MSP AUOUT Synset Performance
2022-09-27 14:12:55,309 - INFO - [-1, -1, -1, -1, -1, -1, -1, -1, -1, -1, -1, -1, -1, -1, -1, -1, -1, -1, -1, -1, -1, -1, -1, -1, 0.5275256468469287, 0.9675565193533712, 0.968178197392858, 0.9643541726221283]
2022-09-27 14:12:55,309 - INFO - ODIN AUROC Synset Performance
2022-09-27 14:12:55,309 - INFO - [-1, -1, -1, -1, -1, -1, -1, -1, -1, -1, -1, -1, -1, -1, -1, -1, -1, -1, -1, -1, -1, -1, -1, -1, -0.0, 0.6752771142857144, 0.25068528571428567, 0.5265344285714286]
2022-09-27 14:12:55,309 - INFO - ODIN TNR Synset Performance
2022-09-27 14:12:55,309 - INFO - [-1, -1, -1, -1, -1, -1, -1, -1, -1, -1, -1, -1, -1, -1, -1, -1, -1, -1, -1, -1, -1, -1, -1, -1, 0.0, 0.34909999999999997, 0.0, 0.15100000000000002]
2022-09-27 14:12:55,310 - INFO - ODIN AUOUT Synset Performance
2022-09-27 14:12:55,310 - INFO - [-1, -1, -1, -1, -1, -1, -1, -1, -1, -1, -1, -1, -1, -1, -1, -1, -1, -1, -1, -1, -1, -1, -1, -1, 0.5275256468469287, 0.8575584772306868, 0.586298246940004, 0.7808076031805329]
2022-09-27 14:12:55,310 - INFO - MSP Metrics using max activations accumulated across all appropriate synsets:
	AUROC -0.0
	TNR 0.0
	AUOUT 0.5275256468469287
2022-09-27 14:12:55,310 - INFO - ODIN Metrics using max activations accumulated across all appropriate synsets:
	AUROC -0.0
	TNR 0.0
	AUOUT 0.5275256468469287
2022-09-27 14:12:55,310 - INFO - MSP Metrics using max entropy along path:
	AUROC 0.9248901714285714
	TNR 0.6066
	AUOUT 0.9675565193533712
2022-09-27 14:12:55,310 - INFO - ODIN Metrics using max entropy along path:
	AUROC 0.6752771142857144
	TNR 0.34909999999999997
	AUOUT 0.8575584772306868
2022-09-27 14:12:55,310 - INFO - MSP Metrics using predicted activations:
	AUROC 0.9280530285714286
	TNR 0.646
	AUOUT 0.968178197392858
2022-09-27 14:12:55,310 - INFO - ODIN Metrics using predicted activations:
	AUROC 0.25068528571428567
	TNR 0.0
	AUOUT 0.586298246940004
2022-09-27 14:12:55,310 - INFO - MSP Metrics using mean entropy along path:
	AUROC 0.9304503428571429
	TNR 0.6345000000000001
	AUOUT 0.9643541726221283
2022-09-27 14:12:55,310 - INFO - ODIN Metrics using mean entropy along path:
	AUROC 0.5265344285714286
	TNR 0.15100000000000002
	AUOUT 0.7808076031805329
2022-09-27 14:12:55,310 - INFO - MSP Metrics using min entropy along path:
	AUROC 0.8771794571428572
	TNR 0.26349999999999996
	AUOUT 0.9276129850075561
2022-09-27 14:12:55,310 - INFO - ODIN Metrics using min entropy along path:
	AUROC 0.8756746857142856
	TNR 0.2622
	AUOUT 0.9241479264823894
2022-09-27 14:12:55,310 - INFO - OOD Path entropy min idx (msp): [0. 1. 2. 3. 4.], [9936   27    2    6   29]
2022-09-27 14:12:55,311 - INFO - OOD Path entropy min idx (odin): [0. 3. 4.], [9967    4   29]
2022-09-27 14:12:55,311 - INFO - OOD Dataset: SUN
2022-09-27 14:12:55,311 - INFO - MSP AUROC Synset Performance
2022-09-27 14:12:55,311 - INFO - [-1, -1, -1, -1, -1, -1, -1, -1, -1, -1, -1, -1, -1, -1, -1, -1, -1, -1, -1, -1, -1, -1, -1, -1, -0.0, 0.9213053428571429, 0.9496875142857143, 0.9562423999999998]
2022-09-27 14:12:55,311 - INFO - MSP TNR Synset Performance
2022-09-27 14:12:55,311 - INFO - [-1, -1, -1, -1, -1, -1, -1, -1, -1, -1, -1, -1, -1, -1, -1, -1, -1, -1, -1, -1, -1, -1, -1, -1, 0.0, 0.5363, 0.7428, 0.7595000000000001]
2022-09-27 14:12:55,311 - INFO - MSP AUOUT Synset Performance
2022-09-27 14:12:55,311 - INFO - [-1, -1, -1, -1, -1, -1, -1, -1, -1, -1, -1, -1, -1, -1, -1, -1, -1, -1, -1, -1, -1, -1, -1, -1, 0.5275256468469287, 0.9635839057419019, 0.9779994203105001, 0.9791305529412179]
2022-09-27 14:12:55,311 - INFO - ODIN AUROC Synset Performance
2022-09-27 14:12:55,311 - INFO - [-1, -1, -1, -1, -1, -1, -1, -1, -1, -1, -1, -1, -1, -1, -1, -1, -1, -1, -1, -1, -1, -1, -1, -1, -0.0, 0.7576356, 0.19413437142857143, 0.6497555428571429]
2022-09-27 14:12:55,311 - INFO - ODIN TNR Synset Performance
2022-09-27 14:12:55,311 - INFO - [-1, -1, -1, -1, -1, -1, -1, -1, -1, -1, -1, -1, -1, -1, -1, -1, -1, -1, -1, -1, -1, -1, -1, -1, 0.0, 0.596, 0.0, 0.2882]
2022-09-27 14:12:55,311 - INFO - ODIN AUOUT Synset Performance
2022-09-27 14:12:55,311 - INFO - [-1, -1, -1, -1, -1, -1, -1, -1, -1, -1, -1, -1, -1, -1, -1, -1, -1, -1, -1, -1, -1, -1, -1, -1, 0.5275256468469287, 0.9124801549858845, 0.5722976686408128, 0.8574817458930222]
2022-09-27 14:12:55,311 - INFO - MSP Metrics using max activations accumulated across all appropriate synsets:
	AUROC -0.0
	TNR 0.0
	AUOUT 0.5275256468469287
2022-09-27 14:12:55,311 - INFO - ODIN Metrics using max activations accumulated across all appropriate synsets:
	AUROC -0.0
	TNR 0.0
	AUOUT 0.5275256468469287
2022-09-27 14:12:55,311 - INFO - MSP Metrics using max entropy along path:
	AUROC 0.9213053428571429
	TNR 0.5363
	AUOUT 0.9635839057419019
2022-09-27 14:12:55,311 - INFO - ODIN Metrics using max entropy along path:
	AUROC 0.7576356
	TNR 0.596
	AUOUT 0.9124801549858845
2022-09-27 14:12:55,311 - INFO - MSP Metrics using predicted activations:
	AUROC 0.9496875142857143
	TNR 0.7428
	AUOUT 0.9779994203105001
2022-09-27 14:12:55,311 - INFO - ODIN Metrics using predicted activations:
	AUROC 0.19413437142857143
	TNR 0.0
	AUOUT 0.5722976686408128
2022-09-27 14:12:55,311 - INFO - MSP Metrics using mean entropy along path:
	AUROC 0.9562423999999998
	TNR 0.7595000000000001
	AUOUT 0.9791305529412179
2022-09-27 14:12:55,311 - INFO - ODIN Metrics using mean entropy along path:
	AUROC 0.6497555428571429
	TNR 0.2882
	AUOUT 0.8574817458930222
2022-09-27 14:12:55,311 - INFO - MSP Metrics using min entropy along path:
	AUROC 0.9407834285714286
	TNR 0.7169
	AUOUT 0.9737198561758905
2022-09-27 14:12:55,311 - INFO - ODIN Metrics using min entropy along path:
	AUROC 0.9392946857142858
	TNR 0.7157
	AUOUT 0.9680870972786952
2022-09-27 14:12:55,312 - INFO - OOD Path entropy min idx (msp): [0. 1. 2. 3. 4.], [9647   89   31   16  217]
2022-09-27 14:12:55,312 - INFO - OOD Path entropy min idx (odin): [0. 3. 4.], [9774   11  215]
2022-09-27 14:12:55,312 - INFO - OOD Dataset: Places
2022-09-27 14:12:55,312 - INFO - MSP AUROC Synset Performance
2022-09-27 14:12:55,312 - INFO - [-1, -1, -1, -1, -1, -1, -1, -1, -1, -1, -1, -1, -1, -1, -1, -1, -1, -1, -1, -1, -1, -1, -1, -1, -0.0, 0.9096654857142857, 0.9374064285714286, 0.9456620000000001]
2022-09-27 14:12:55,312 - INFO - MSP TNR Synset Performance
2022-09-27 14:12:55,312 - INFO - [-1, -1, -1, -1, -1, -1, -1, -1, -1, -1, -1, -1, -1, -1, -1, -1, -1, -1, -1, -1, -1, -1, -1, -1, 0.0, 0.5071, 0.7015, 0.7173]
2022-09-27 14:12:55,312 - INFO - MSP AUOUT Synset Performance
2022-09-27 14:12:55,312 - INFO - [-1, -1, -1, -1, -1, -1, -1, -1, -1, -1, -1, -1, -1, -1, -1, -1, -1, -1, -1, -1, -1, -1, -1, -1, 0.5275256468469287, 0.9586781251508114, 0.9732372314207692, 0.9755314733314435]
2022-09-27 14:12:55,312 - INFO - ODIN AUROC Synset Performance
2022-09-27 14:12:55,312 - INFO - [-1, -1, -1, -1, -1, -1, -1, -1, -1, -1, -1, -1, -1, -1, -1, -1, -1, -1, -1, -1, -1, -1, -1, -1, -0.0, 0.7284029714285714, 0.20003231428571427, 0.6230937142857143]
2022-09-27 14:12:55,312 - INFO - ODIN TNR Synset Performance
2022-09-27 14:12:55,312 - INFO - [-1, -1, -1, -1, -1, -1, -1, -1, -1, -1, -1, -1, -1, -1, -1, -1, -1, -1, -1, -1, -1, -1, -1, -1, 0.0, 0.5338, 0.0006000000000000449, 0.27669999999999995]
2022-09-27 14:12:55,312 - INFO - ODIN AUOUT Synset Performance
2022-09-27 14:12:55,312 - INFO - [-1, -1, -1, -1, -1, -1, -1, -1, -1, -1, -1, -1, -1, -1, -1, -1, -1, -1, -1, -1, -1, -1, -1, -1, 0.5275256468469287, 0.900011338974592, 0.5730526272188252, 0.8464418296449171]
2022-09-27 14:12:55,313 - INFO - MSP Metrics using max activations accumulated across all appropriate synsets:
	AUROC -0.0
	TNR 0.0
	AUOUT 0.5275256468469287
2022-09-27 14:12:55,313 - INFO - ODIN Metrics using max activations accumulated across all appropriate synsets:
	AUROC -0.0
	TNR 0.0
	AUOUT 0.5275256468469287
2022-09-27 14:12:55,313 - INFO - MSP Metrics using max entropy along path:
	AUROC 0.9096654857142857
	TNR 0.5071
	AUOUT 0.9586781251508114
2022-09-27 14:12:55,313 - INFO - ODIN Metrics using max entropy along path:
	AUROC 0.7284029714285714
	TNR 0.5338
	AUOUT 0.900011338974592
2022-09-27 14:12:55,313 - INFO - MSP Metrics using predicted activations:
	AUROC 0.9374064285714286
	TNR 0.7015
	AUOUT 0.9732372314207692
2022-09-27 14:12:55,313 - INFO - ODIN Metrics using predicted activations:
	AUROC 0.20003231428571427
	TNR 0.0006000000000000449
	AUOUT 0.5730526272188252
2022-09-27 14:12:55,313 - INFO - MSP Metrics using mean entropy along path:
	AUROC 0.9456620000000001
	TNR 0.7173
	AUOUT 0.9755314733314435
2022-09-27 14:12:55,313 - INFO - ODIN Metrics using mean entropy along path:
	AUROC 0.6230937142857143
	TNR 0.27669999999999995
	AUOUT 0.8464418296449171
2022-09-27 14:12:55,313 - INFO - MSP Metrics using min entropy along path:
	AUROC 0.9244195428571429
	TNR 0.6800999999999999
	AUOUT 0.9686586604193655
2022-09-27 14:12:55,313 - INFO - ODIN Metrics using min entropy along path:
	AUROC 0.9229171142857142
	TNR 0.6787000000000001
	AUOUT 0.9630329612456368
2022-09-27 14:12:55,313 - INFO - OOD Path entropy min idx (msp): [0. 1. 2. 3. 4.], [9556  112   35   37  260]
2022-09-27 14:12:55,314 - INFO - OOD Path entropy min idx (odin): [0. 3. 4.], [9719   23  258]
2022-09-27 14:12:55,314 - INFO - OOD Dataset: Textures
2022-09-27 14:12:55,314 - INFO - MSP AUROC Synset Performance
2022-09-27 14:12:55,314 - INFO - [-1, -1, -1, -1, -1, -1, -1, -1, -1, -1, -1, -1, -1, -1, -1, -1, -1, -1, -1, -1, -1, -1, -1, -1, -0.0, 0.8717009118541033, 0.8973091691995948, 0.9189214285714287]
2022-09-27 14:12:55,314 - INFO - MSP TNR Synset Performance
2022-09-27 14:12:55,314 - INFO - [-1, -1, -1, -1, -1, -1, -1, -1, -1, -1, -1, -1, -1, -1, -1, -1, -1, -1, -1, -1, -1, -1, -1, -1, 0.0, 0.46258865248226955, 0.6017730496453901, 0.673049645390071]
2022-09-27 14:12:55,314 - INFO - MSP AUOUT Synset Performance
2022-09-27 14:12:55,314 - INFO - [-1, -1, -1, -1, -1, -1, -1, -1, -1, -1, -1, -1, -1, -1, -1, -1, -1, -1, -1, -1, -1, -1, -1, -1, 0.4043189752277335, 0.910878416083054, 0.9324565120938363, 0.9453487468678528]
2022-09-27 14:12:55,314 - INFO - ODIN AUROC Synset Performance
2022-09-27 14:12:55,314 - INFO - [-1, -1, -1, -1, -1, -1, -1, -1, -1, -1, -1, -1, -1, -1, -1, -1, -1, -1, -1, -1, -1, -1, -1, -1, -0.0, 0.6232998986828774, 0.1965819655521783, 0.6091451874366768]
2022-09-27 14:12:55,314 - INFO - ODIN TNR Synset Performance
2022-09-27 14:12:55,314 - INFO - [-1, -1, -1, -1, -1, -1, -1, -1, -1, -1, -1, -1, -1, -1, -1, -1, -1, -1, -1, -1, -1, -1, -1, -1, 0.0, 0.3156028368794326, 0.0005319148936170359, 0.1767730496453901]
2022-09-27 14:12:55,314 - INFO - ODIN AUOUT Synset Performance
2022-09-27 14:12:55,314 - INFO - [-1, -1, -1, -1, -1, -1, -1, -1, -1, -1, -1, -1, -1, -1, -1, -1, -1, -1, -1, -1, -1, -1, -1, -1, 0.4043189752277335, 0.7561967405069485, 0.4484939292238226, 0.719678816108313]
2022-09-27 14:12:55,314 - INFO - MSP Metrics using max activations accumulated across all appropriate synsets:
	AUROC -0.0
	TNR 0.0
	AUOUT 0.4043189752277335
2022-09-27 14:12:55,314 - INFO - ODIN Metrics using max activations accumulated across all appropriate synsets:
	AUROC -0.0
	TNR 0.0
	AUOUT 0.4043189752277335
2022-09-27 14:12:55,314 - INFO - MSP Metrics using max entropy along path:
	AUROC 0.8717009118541033
	TNR 0.46258865248226955
	AUOUT 0.910878416083054
2022-09-27 14:12:55,314 - INFO - ODIN Metrics using max entropy along path:
	AUROC 0.6232998986828774
	TNR 0.3156028368794326
	AUOUT 0.7561967405069485
2022-09-27 14:12:55,314 - INFO - MSP Metrics using predicted activations:
	AUROC 0.8973091691995948
	TNR 0.6017730496453901
	AUOUT 0.9324565120938363
2022-09-27 14:12:55,314 - INFO - ODIN Metrics using predicted activations:
	AUROC 0.1965819655521783
	TNR 0.0005319148936170359
	AUOUT 0.4484939292238226
2022-09-27 14:12:55,314 - INFO - MSP Metrics using mean entropy along path:
	AUROC 0.9189214285714287
	TNR 0.673049645390071
	AUOUT 0.9453487468678528
2022-09-27 14:12:55,314 - INFO - ODIN Metrics using mean entropy along path:
	AUROC 0.6091451874366768
	TNR 0.1767730496453901
	AUOUT 0.719678816108313
2022-09-27 14:12:55,314 - INFO - MSP Metrics using min entropy along path:
	AUROC 0.9320086626139817
	TNR 0.6888297872340425
	AUOUT 0.9516451949296592
2022-09-27 14:12:55,314 - INFO - ODIN Metrics using min entropy along path:
	AUROC 0.9306408308004053
	TNR 0.6881205673758866
	AUOUT 0.9431003903871465
2022-09-27 14:12:55,315 - INFO - OOD Path entropy min idx (msp): [0. 1. 2. 3. 4.], [5274  174   58   28  106]
2022-09-27 14:12:55,315 - INFO - OOD Path entropy min idx (odin): [0. 3. 4.], [5519   14  107]
2022-09-27 14:12:55,315 - INFO - OOD Dataset: balanced100-coarseood
2022-09-27 14:12:55,315 - INFO - MSP AUROC Synset Performance
2022-09-27 14:12:55,315 - INFO - [-1, -1, -1, -1, -1, -1, -1, -1, -1, -1, -1, -1, -1, -1, -1, -1, -1, -1, -1, -1, -1, -1, -1, -1, -0.0, 0.9245961904761905, 0.9462586666666666, 0.9690140952380952]
2022-09-27 14:12:55,315 - INFO - MSP TNR Synset Performance
2022-09-27 14:12:55,315 - INFO - [-1, -1, -1, -1, -1, -1, -1, -1, -1, -1, -1, -1, -1, -1, -1, -1, -1, -1, -1, -1, -1, -1, -1, -1, 0.0, 0.556, 0.716, 0.8133333333333334]
2022-09-27 14:12:55,315 - INFO - MSP AUOUT Synset Performance
2022-09-27 14:12:55,315 - INFO - [-1, -1, -1, -1, -1, -1, -1, -1, -1, -1, -1, -1, -1, -1, -1, -1, -1, -1, -1, -1, -1, -1, -1, -1, 0.09393858905968093, 0.6907178353529282, 0.780510088926263, 0.8622614882515014]
2022-09-27 14:12:55,315 - INFO - ODIN AUROC Synset Performance
2022-09-27 14:12:55,315 - INFO - [-1, -1, -1, -1, -1, -1, -1, -1, -1, -1, -1, -1, -1, -1, -1, -1, -1, -1, -1, -1, -1, -1, -1, -1, -0.0, 0.4739550476190476, 0.15597409523809525, 0.5383203809523809]
2022-09-27 14:12:55,315 - INFO - ODIN TNR Synset Performance
2022-09-27 14:12:55,315 - INFO - [-1, -1, -1, -1, -1, -1, -1, -1, -1, -1, -1, -1, -1, -1, -1, -1, -1, -1, -1, -1, -1, -1, -1, -1, 0.0, 0.08666666666666667, 0.0, 0.03466666666666662]
2022-09-27 14:12:55,315 - INFO - ODIN AUOUT Synset Performance
2022-09-27 14:12:55,315 - INFO - [-1, -1, -1, -1, -1, -1, -1, -1, -1, -1, -1, -1, -1, -1, -1, -1, -1, -1, -1, -1, -1, -1, -1, -1, 0.09393858905968093, 0.19007526515934287, 0.10710882803232837, 0.2063541732098766]
2022-09-27 14:12:55,315 - INFO - MSP Metrics using max activations accumulated across all appropriate synsets:
	AUROC -0.0
	TNR 0.0
	AUOUT 0.09393858905968093
2022-09-27 14:12:55,315 - INFO - ODIN Metrics using max activations accumulated across all appropriate synsets:
	AUROC -0.0
	TNR 0.0
	AUOUT 0.09393858905968093
2022-09-27 14:12:55,315 - INFO - MSP Metrics using max entropy along path:
	AUROC 0.9245961904761905
	TNR 0.556
	AUOUT 0.6907178353529282
2022-09-27 14:12:55,316 - INFO - ODIN Metrics using max entropy along path:
	AUROC 0.4739550476190476
	TNR 0.08666666666666667
	AUOUT 0.19007526515934287
2022-09-27 14:12:55,316 - INFO - MSP Metrics using predicted activations:
	AUROC 0.9462586666666666
	TNR 0.716
	AUOUT 0.780510088926263
2022-09-27 14:12:55,316 - INFO - ODIN Metrics using predicted activations:
	AUROC 0.15597409523809525
	TNR 0.0
	AUOUT 0.10710882803232837
2022-09-27 14:12:55,316 - INFO - MSP Metrics using mean entropy along path:
	AUROC 0.9690140952380952
	TNR 0.8133333333333334
	AUOUT 0.8622614882515014
2022-09-27 14:12:55,316 - INFO - ODIN Metrics using mean entropy along path:
	AUROC 0.5383203809523809
	TNR 0.03466666666666662
	AUOUT 0.2063541732098766
2022-09-27 14:12:55,316 - INFO - MSP Metrics using min entropy along path:
	AUROC 0.9653695238095238
	TNR 0.9226666666666666
	AUOUT 0.8819828725004283
2022-09-27 14:12:55,316 - INFO - ODIN Metrics using min entropy along path:
	AUROC 0.9635634285714286
	TNR 0.9213333333333333
	AUOUT 0.8415798324726552
2022-09-27 14:12:55,316 - INFO - OOD Path entropy min idx (msp): [0. 1. 2. 3. 4.], [726   7   1   1  15]
2022-09-27 14:12:55,316 - INFO - OOD Path entropy min idx (odin): [0. 4.], [735  15]
2022-09-27 14:12:55,316 - INFO - OOD Dataset: balanced100-mediumood
2022-09-27 14:12:55,316 - INFO - MSP AUROC Synset Performance
2022-09-27 14:12:55,316 - INFO - [-1, -1, -1, -1, -1, -1, -1, -1, -1, -1, -1, -1, -1, -1, -1, -1, -1, -1, -1, -1, -1, -1, -1, -1, -0.0, 0.7420742857142857, 0.7461097142857143, 0.7061851428571428]
2022-09-27 14:12:55,316 - INFO - MSP TNR Synset Performance
2022-09-27 14:12:55,316 - INFO - [-1, -1, -1, -1, -1, -1, -1, -1, -1, -1, -1, -1, -1, -1, -1, -1, -1, -1, -1, -1, -1, -1, -1, -1, 0.0, 0.16400000000000003, 0.19199999999999995, 0.09999999999999998]
2022-09-27 14:12:55,316 - INFO - MSP AUOUT Synset Performance
2022-09-27 14:12:55,316 - INFO - [-1, -1, -1, -1, -1, -1, -1, -1, -1, -1, -1, -1, -1, -1, -1, -1, -1, -1, -1, -1, -1, -1, -1, -1, 0.03409978690754759, 0.1622696177174937, 0.1601178287073066, 0.12159339744655195]
2022-09-27 14:12:55,316 - INFO - ODIN AUROC Synset Performance
2022-09-27 14:12:55,316 - INFO - [-1, -1, -1, -1, -1, -1, -1, -1, -1, -1, -1, -1, -1, -1, -1, -1, -1, -1, -1, -1, -1, -1, -1, -1, -0.0, 0.8588582857142857, 0.428072, 0.41301599999999994]
2022-09-27 14:12:55,317 - INFO - ODIN TNR Synset Performance
2022-09-27 14:12:55,317 - INFO - [-1, -1, -1, -1, -1, -1, -1, -1, -1, -1, -1, -1, -1, -1, -1, -1, -1, -1, -1, -1, -1, -1, -1, -1, 0.0, 0.33999999999999997, 0.0040000000000000036, 0.08799999999999997]
2022-09-27 14:12:55,317 - INFO - ODIN AUOUT Synset Performance
2022-09-27 14:12:55,317 - INFO - [-1, -1, -1, -1, -1, -1, -1, -1, -1, -1, -1, -1, -1, -1, -1, -1, -1, -1, -1, -1, -1, -1, -1, -1, 0.03409978690754759, 0.25610189765906083, 0.05249628700873124, 0.06599259694058104]
2022-09-27 14:12:55,317 - INFO - MSP Metrics using max activations accumulated across all appropriate synsets:
	AUROC -0.0
	TNR 0.0
	AUOUT 0.03409978690754759
2022-09-27 14:12:55,317 - INFO - ODIN Metrics using max activations accumulated across all appropriate synsets:
	AUROC -0.0
	TNR 0.0
	AUOUT 0.03409978690754759
2022-09-27 14:12:55,317 - INFO - MSP Metrics using max entropy along path:
	AUROC 0.7420742857142857
	TNR 0.16400000000000003
	AUOUT 0.1622696177174937
2022-09-27 14:12:55,317 - INFO - ODIN Metrics using max entropy along path:
	AUROC 0.8588582857142857
	TNR 0.33999999999999997
	AUOUT 0.25610189765906083
2022-09-27 14:12:55,317 - INFO - MSP Metrics using predicted activations:
	AUROC 0.7461097142857143
	TNR 0.19199999999999995
	AUOUT 0.1601178287073066
2022-09-27 14:12:55,317 - INFO - ODIN Metrics using predicted activations:
	AUROC 0.428072
	TNR 0.0040000000000000036
	AUOUT 0.05249628700873124
2022-09-27 14:12:55,317 - INFO - MSP Metrics using mean entropy along path:
	AUROC 0.7061851428571428
	TNR 0.09999999999999998
	AUOUT 0.12159339744655195
2022-09-27 14:12:55,317 - INFO - ODIN Metrics using mean entropy along path:
	AUROC 0.41301599999999994
	TNR 0.08799999999999997
	AUOUT 0.06599259694058104
2022-09-27 14:12:55,317 - INFO - MSP Metrics using min entropy along path:
	AUROC 0.2581337142857142
	TNR 0.028000000000000025
	AUOUT 0.04728233171946447
2022-09-27 14:12:55,317 - INFO - ODIN Metrics using min entropy along path:
	AUROC 0.25746171428571424
	TNR 0.028000000000000025
	AUOUT 0.04709213489140025
2022-09-27 14:12:55,317 - INFO - OOD Path entropy min idx (msp): [0. 4.], [ 82 168]
2022-09-27 14:12:55,317 - INFO - OOD Path entropy min idx (odin): [0. 4.], [ 82 168]
2022-09-27 14:12:55,317 - INFO - OOD Dataset: balanced100-fineood
2022-09-27 14:12:55,317 - INFO - MSP AUROC Synset Performance
2022-09-27 14:12:55,317 - INFO - [-1, -1, -1, -1, -1, -1, -1, -1, -1, -1, -1, -1, -1, -1, -1, -1, -1, -1, -1, -1, -1, -1, -1, -1, -0.0, 0.6805548571428571, 0.7156217142857142, 0.7182691428571428]
2022-09-27 14:12:55,317 - INFO - MSP TNR Synset Performance
2022-09-27 14:12:55,318 - INFO - [-1, -1, -1, -1, -1, -1, -1, -1, -1, -1, -1, -1, -1, -1, -1, -1, -1, -1, -1, -1, -1, -1, -1, -1, 0.0, 0.17000000000000004, 0.242, 0.22599999999999998]
2022-09-27 14:12:55,318 - INFO - MSP AUOUT Synset Performance
2022-09-27 14:12:55,318 - INFO - [-1, -1, -1, -1, -1, -1, -1, -1, -1, -1, -1, -1, -1, -1, -1, -1, -1, -1, -1, -1, -1, -1, -1, -1, 0.06528024046762752, 0.24358385420653839, 0.28801902580861166, 0.2894660247522256]
2022-09-27 14:12:55,318 - INFO - ODIN AUROC Synset Performance
2022-09-27 14:12:55,318 - INFO - [-1, -1, -1, -1, -1, -1, -1, -1, -1, -1, -1, -1, -1, -1, -1, -1, -1, -1, -1, -1, -1, -1, -1, -1, -0.0, 0.6925285714285714, 0.2899234285714286, 0.38599942857142855]
2022-09-27 14:12:55,318 - INFO - ODIN TNR Synset Performance
2022-09-27 14:12:55,318 - INFO - [-1, -1, -1, -1, -1, -1, -1, -1, -1, -1, -1, -1, -1, -1, -1, -1, -1, -1, -1, -1, -1, -1, -1, -1, 0.0, 0.29400000000000004, 0.006000000000000005, 0.09199999999999997]
2022-09-27 14:12:55,318 - INFO - ODIN AUOUT Synset Performance
2022-09-27 14:12:55,318 - INFO - [-1, -1, -1, -1, -1, -1, -1, -1, -1, -1, -1, -1, -1, -1, -1, -1, -1, -1, -1, -1, -1, -1, -1, -1, 0.06528024046762752, 0.3227272464552975, 0.08178452435921586, 0.124057547959943]
2022-09-27 14:12:55,318 - INFO - MSP Metrics using max activations accumulated across all appropriate synsets:
	AUROC -0.0
	TNR 0.0
	AUOUT 0.06528024046762752
2022-09-27 14:12:55,318 - INFO - ODIN Metrics using max activations accumulated across all appropriate synsets:
	AUROC -0.0
	TNR 0.0
	AUOUT 0.06528024046762752
2022-09-27 14:12:55,318 - INFO - MSP Metrics using max entropy along path:
	AUROC 0.6805548571428571
	TNR 0.17000000000000004
	AUOUT 0.24358385420653839
2022-09-27 14:12:55,318 - INFO - ODIN Metrics using max entropy along path:
	AUROC 0.6925285714285714
	TNR 0.29400000000000004
	AUOUT 0.3227272464552975
2022-09-27 14:12:55,318 - INFO - MSP Metrics using predicted activations:
	AUROC 0.7156217142857142
	TNR 0.242
	AUOUT 0.28801902580861166
2022-09-27 14:12:55,318 - INFO - ODIN Metrics using predicted activations:
	AUROC 0.2899234285714286
	TNR 0.006000000000000005
	AUOUT 0.08178452435921586
2022-09-27 14:12:55,318 - INFO - MSP Metrics using mean entropy along path:
	AUROC 0.7182691428571428
	TNR 0.22599999999999998
	AUOUT 0.2894660247522256
2022-09-27 14:12:55,318 - INFO - ODIN Metrics using mean entropy along path:
	AUROC 0.38599942857142855
	TNR 0.09199999999999997
	AUOUT 0.124057547959943
2022-09-27 14:12:55,318 - INFO - MSP Metrics using min entropy along path:
	AUROC 0.7572171428571428
	TNR 0.236
	AUOUT 0.32119912475464435
2022-09-27 14:12:55,318 - INFO - ODIN Metrics using min entropy along path:
	AUROC 0.7558405714285714
	TNR 0.236
	AUOUT 0.31333897537411426
2022-09-27 14:12:55,318 - INFO - OOD Path entropy min idx (msp): [0. 1. 2. 4.], [459  16   3  22]
2022-09-27 14:12:55,319 - INFO - OOD Path entropy min idx (odin): [0. 4.], [480  20]
2022-09-27 14:12:55,319 - INFO - OOD Dataset: balanced100-finemediumood
2022-09-27 14:12:55,319 - INFO - MSP AUROC Synset Performance
2022-09-27 14:12:55,319 - INFO - [-1, -1, -1, -1, -1, -1, -1, -1, -1, -1, -1, -1, -1, -1, -1, -1, -1, -1, -1, -1, -1, -1, -1, -1, -0.0, 0.7010613333333333, 0.725784380952381, 0.7142411428571429]
2022-09-27 14:12:55,319 - INFO - MSP TNR Synset Performance
2022-09-27 14:12:55,319 - INFO - [-1, -1, -1, -1, -1, -1, -1, -1, -1, -1, -1, -1, -1, -1, -1, -1, -1, -1, -1, -1, -1, -1, -1, -1, 0.0, 0.16800000000000004, 0.22533333333333339, 0.18400000000000005]
2022-09-27 14:12:55,319 - INFO - MSP AUOUT Synset Performance
2022-09-27 14:12:55,319 - INFO - [-1, -1, -1, -1, -1, -1, -1, -1, -1, -1, -1, -1, -1, -1, -1, -1, -1, -1, -1, -1, -1, -1, -1, -1, 0.09393858905968093, 0.3333957263734453, 0.3663417757174371, 0.3442182224234305]
2022-09-27 14:12:55,319 - INFO - ODIN AUROC Synset Performance
2022-09-27 14:12:55,319 - INFO - [-1, -1, -1, -1, -1, -1, -1, -1, -1, -1, -1, -1, -1, -1, -1, -1, -1, -1, -1, -1, -1, -1, -1, -1, -0.0, 0.7479718095238096, 0.3359729523809524, 0.3950049523809524]
2022-09-27 14:12:55,319 - INFO - ODIN TNR Synset Performance
2022-09-27 14:12:55,319 - INFO - [-1, -1, -1, -1, -1, -1, -1, -1, -1, -1, -1, -1, -1, -1, -1, -1, -1, -1, -1, -1, -1, -1, -1, -1, 0.0, 0.30933333333333335, 0.005333333333333301, 0.09066666666666667]
2022-09-27 14:12:55,319 - INFO - ODIN AUOUT Synset Performance
2022-09-27 14:12:55,319 - INFO - [-1, -1, -1, -1, -1, -1, -1, -1, -1, -1, -1, -1, -1, -1, -1, -1, -1, -1, -1, -1, -1, -1, -1, -1, 0.09393858905968093, 0.4368999421910206, 0.12397721115987291, 0.17051821041722892]
2022-09-27 14:12:55,319 - INFO - MSP Metrics using max activations accumulated across all appropriate synsets:
	AUROC -0.0
	TNR 0.0
	AUOUT 0.09393858905968093
2022-09-27 14:12:55,319 - INFO - ODIN Metrics using max activations accumulated across all appropriate synsets:
	AUROC -0.0
	TNR 0.0
	AUOUT 0.09393858905968093
2022-09-27 14:12:55,319 - INFO - MSP Metrics using max entropy along path:
	AUROC 0.7010613333333333
	TNR 0.16800000000000004
	AUOUT 0.3333957263734453
2022-09-27 14:12:55,319 - INFO - ODIN Metrics using max entropy along path:
	AUROC 0.7479718095238096
	TNR 0.30933333333333335
	AUOUT 0.4368999421910206
2022-09-27 14:12:55,319 - INFO - MSP Metrics using predicted activations:
	AUROC 0.725784380952381
	TNR 0.22533333333333339
	AUOUT 0.3663417757174371
2022-09-27 14:12:55,319 - INFO - ODIN Metrics using predicted activations:
	AUROC 0.3359729523809524
	TNR 0.005333333333333301
	AUOUT 0.12397721115987291
2022-09-27 14:12:55,319 - INFO - MSP Metrics using mean entropy along path:
	AUROC 0.7142411428571429
	TNR 0.18400000000000005
	AUOUT 0.3442182224234305
2022-09-27 14:12:55,319 - INFO - ODIN Metrics using mean entropy along path:
	AUROC 0.3950049523809524
	TNR 0.09066666666666667
	AUOUT 0.17051821041722892
2022-09-27 14:12:55,319 - INFO - MSP Metrics using min entropy along path:
	AUROC 0.590856
	TNR 0.16666666666666663
	AUOUT 0.30009294943959
2022-09-27 14:12:55,319 - INFO - ODIN Metrics using min entropy along path:
	AUROC 0.5897142857142859
	TNR 0.16666666666666663
	AUOUT 0.29447231688009345
2022-09-27 14:12:55,320 - INFO - OOD Path entropy min idx (msp): [0. 1. 2. 4.], [541  16   3 190]
2022-09-27 14:12:55,320 - INFO - OOD Path entropy min idx (odin): [0. 4.], [562 188]
2022-09-27 14:13:05,478 - INFO - Computing OOD Statistics...
2022-09-27 14:13:26,705 - INFO - Computing OOD Statistics...
2022-09-27 14:14:01,379 - INFO - Computing OOD Statistics...
2022-09-27 14:14:14,428 - INFO - Computing OOD Statistics...
2022-09-27 14:14:22,772 - INFO - Computing OOD Statistics...
2022-09-27 14:14:26,018 - INFO - Computing OOD Statistics...
2022-09-27 14:14:29,233 - INFO - Computing OOD Statistics...
2022-09-27 14:14:31,963 - INFO - Computing OOD Statistics...
2022-09-27 14:14:34,999 - INFO - Computing OOD Statistics...
2022-09-27 14:14:35,013 - INFO - OOD Dataset: OOD
2022-09-27 14:14:35,014 - INFO - MSP AUROC [0.7845615238095238]
2022-09-27 14:14:35,014 - INFO - MSP TNR [0.5593333333333333]
2022-09-27 14:14:35,014 - INFO - MSP AUOUT [0.7324797792177052]
2022-09-27 14:14:35,014 - INFO - ODIN AUROC [0.8282173333333334]
2022-09-27 14:14:35,014 - INFO - ODIN TNR [0.5633333333333334]
2022-09-27 14:14:35,014 - INFO - ODIN AUOUT [0.7570634979374984]
2022-09-27 14:14:35,014 - INFO - OOD Dataset: iNaturalist
2022-09-27 14:14:35,014 - INFO - MSP AUROC [0.9091998571428571]
2022-09-27 14:14:35,014 - INFO - MSP TNR [0.44110000000000005]
2022-09-27 14:14:35,014 - INFO - MSP AUOUT [0.9466640498996746]
2022-09-27 14:14:35,014 - INFO - ODIN AUROC [0.9248103428571429]
2022-09-27 14:14:35,014 - INFO - ODIN TNR [0.478]
2022-09-27 14:14:35,014 - INFO - ODIN AUOUT [0.9523061311660905]
2022-09-27 14:14:35,014 - INFO - OOD Dataset: SUN
2022-09-27 14:14:35,014 - INFO - MSP AUROC [0.9404219428571429]
2022-09-27 14:14:35,014 - INFO - MSP TNR [0.7611]
2022-09-27 14:14:35,014 - INFO - MSP AUOUT [0.9727083774087795]
2022-09-27 14:14:35,014 - INFO - ODIN AUROC [0.9534048857142857]
2022-09-27 14:14:35,014 - INFO - ODIN TNR [0.7685]
2022-09-27 14:14:35,014 - INFO - ODIN AUOUT [0.9763585939885537]
2022-09-27 14:14:35,014 - INFO - OOD Dataset: Places
2022-09-27 14:14:35,014 - INFO - MSP AUROC [0.9257330571428571]
2022-09-27 14:14:35,014 - INFO - MSP TNR [0.724]
2022-09-27 14:14:35,014 - INFO - MSP AUOUT [0.9685340940221011]
2022-09-27 14:14:35,014 - INFO - ODIN AUROC [0.9418676857142857]
2022-09-27 14:14:35,014 - INFO - ODIN TNR [0.729]
2022-09-27 14:14:35,014 - INFO - ODIN AUOUT [0.9730967729052885]
2022-09-27 14:14:35,014 - INFO - OOD Dataset: Textures
2022-09-27 14:14:35,014 - INFO - MSP AUROC [0.9215890070921986]
2022-09-27 14:14:35,014 - INFO - MSP TNR [0.7203900709219858]
2022-09-27 14:14:35,014 - INFO - MSP AUOUT [0.9480512400861535]
2022-09-27 14:14:35,014 - INFO - ODIN AUROC [0.9402542046605877]
2022-09-27 14:14:35,014 - INFO - ODIN TNR [0.7278368794326241]
2022-09-27 14:14:35,014 - INFO - ODIN AUOUT [0.9560174385218987]
2022-09-27 14:14:35,015 - INFO - OOD Dataset: balanced100-coarseood
2022-09-27 14:14:35,015 - INFO - MSP AUROC [0.9794030476190476]
2022-09-27 14:14:35,015 - INFO - MSP TNR [0.9359999999999999]
2022-09-27 14:14:35,015 - INFO - MSP AUOUT [0.9048131261214072]
2022-09-27 14:14:35,015 - INFO - ODIN AUROC [0.982512761904762]
2022-09-27 14:14:35,015 - INFO - ODIN TNR [0.94]
2022-09-27 14:14:35,015 - INFO - ODIN AUOUT [0.9077074792789944]
2022-09-27 14:14:35,015 - INFO - OOD Dataset: balanced100-mediumood
2022-09-27 14:14:35,015 - INFO - MSP AUROC [0.5038102857142857]
2022-09-27 14:14:35,015 - INFO - MSP TNR [0.06799999999999995]
2022-09-27 14:14:35,015 - INFO - MSP AUOUT [0.07275858370665575]
2022-09-27 14:14:35,015 - INFO - ODIN AUROC [0.5739108571428572]
2022-09-27 14:14:35,015 - INFO - ODIN TNR [0.07199999999999995]
2022-09-27 14:14:35,015 - INFO - ODIN AUOUT [0.0832529347591151]
2022-09-27 14:14:35,015 - INFO - OOD Dataset: balanced100-fineood
2022-09-27 14:14:35,015 - INFO - MSP AUROC [0.6326748571428572]
2022-09-27 14:14:35,015 - INFO - MSP TNR [0.24]
2022-09-27 14:14:35,015 - INFO - MSP AUOUT [0.26745275843580063]
2022-09-27 14:14:35,015 - INFO - ODIN AUROC [0.723928]
2022-09-27 14:14:35,015 - INFO - ODIN TNR [0.244]
2022-09-27 14:14:35,015 - INFO - ODIN AUOUT [0.3022522620467352]
2022-09-27 14:14:35,015 - INFO - OOD Dataset: balanced100-finemediumood
2022-09-27 14:14:35,015 - INFO - MSP AUROC [0.58972]
2022-09-27 14:14:35,015 - INFO - MSP TNR [0.18266666666666664]
2022-09-27 14:14:35,015 - INFO - MSP AUOUT [0.2881606715046522]
2022-09-27 14:14:35,015 - INFO - ODIN AUROC [0.6739222857142857]
2022-09-27 14:14:35,015 - INFO - ODIN TNR [0.18666666666666665]
2022-09-27 14:14:35,015 - INFO - ODIN AUOUT [0.3240189607364342]
