2022-09-26 22:50:45,592 - INFO - ==> Preparing data..
2022-09-26 22:50:45,948 - INFO - # ID Train: 89972
2022-09-26 22:50:45,949 - INFO - # ID Test:  3500
2022-09-26 22:50:45,949 - INFO - # OOD Test: 1500
2022-09-26 22:50:45,949 - INFO - checkpoint filename: experiments/balanced100/cascade/pruned-wn/R0_oep35_dw/checkpoint.pt
2022-09-26 22:50:45,949 - INFO - log filename: experiments/balanced100/cascade/pruned-wn/R0_oep35_dw/train.log
2022-09-26 22:50:45,949 - INFO - ********************************************************
2022-09-26 22:50:45,949 - INFO - Starting Iter: 0 / 1
2022-09-26 22:50:45,949 - INFO - ********************************************************
2022-09-26 22:50:57,008 - INFO - cuda
2022-09-26 22:50:57,552 - INFO - 
Epoch: 0
2022-09-26 22:50:57,552 - INFO - 
Learning Rate: 0.0100
2022-09-26 22:50:57,552 - INFO - Synset CE Weight: 0.0
Soft prediction CE Weight: 1.0
Outlier Exposure Weight: 0.3499999940395355
2022-09-26 22:52:40,003 - INFO - [Step=250]	Loss=14.8307	312.3 examples/second
2022-09-26 22:54:11,619 - INFO - [Step=500]	Loss=14.1809	349.3 examples/second
2022-09-26 22:55:34,214 - INFO - Test Loss=11.7602, Test pred acc=0.0900, Test mean synset acc=0.5101
2022-09-26 22:55:34,215 - INFO - Error Depth: [  86.  309. 1048. 1076.  497.  164.  320.]
2022-09-26 22:55:34,215 - INFO - Saving...
2022-09-26 22:55:34,677 - INFO - Epoch time: 277.1250262260437
2022-09-26 22:55:34,677 - INFO - 
Epoch: 1
2022-09-26 22:55:34,677 - INFO - 
Learning Rate: 0.0280
2022-09-26 22:55:34,677 - INFO - Synset CE Weight: 0.0
Soft prediction CE Weight: 1.0
Outlier Exposure Weight: 0.3499999940395355
2022-09-26 22:55:54,164 - INFO - [Step=750]	Loss=14.1725	1642.2 examples/second
2022-09-26 22:57:26,576 - INFO - [Step=1000]	Loss=14.0202	346.3 examples/second
2022-09-26 22:58:58,503 - INFO - [Step=1250]	Loss=13.8659	348.1 examples/second
2022-09-26 23:00:04,237 - INFO - Test Loss=11.4230, Test pred acc=0.1431, Test mean synset acc=0.5410
2022-09-26 23:00:04,238 - INFO - Error Depth: [113. 290. 965. 976. 459. 187. 510.]
2022-09-26 23:00:04,239 - INFO - Saving...
2022-09-26 23:00:04,775 - INFO - Epoch time: 270.09831142425537
2022-09-26 23:00:04,776 - INFO - 
Epoch: 2
2022-09-26 23:00:04,776 - INFO - 
Learning Rate: 0.0460
2022-09-26 23:00:04,776 - INFO - Synset CE Weight: 0.0
Soft prediction CE Weight: 1.0
Outlier Exposure Weight: 0.3499999940395355
2022-09-26 23:00:41,682 - INFO - [Step=1500]	Loss=13.8010	867.1 examples/second
2022-09-26 23:02:14,100 - INFO - [Step=1750]	Loss=13.7652	346.3 examples/second
2022-09-26 23:03:46,578 - INFO - [Step=2000]	Loss=13.6606	346.0 examples/second
2022-09-26 23:04:34,549 - INFO - Test Loss=10.8212, Test pred acc=0.1906, Test mean synset acc=0.5746
2022-09-26 23:04:34,550 - INFO - Error Depth: [ 82. 288. 881. 958. 417. 172. 702.]
2022-09-26 23:04:34,551 - INFO - Saving...
2022-09-26 23:04:35,028 - INFO - Epoch time: 270.2521319389343
2022-09-26 23:04:35,028 - INFO - 
Epoch: 3
2022-09-26 23:04:35,028 - INFO - 
Learning Rate: 0.0640
2022-09-26 23:04:35,028 - INFO - Synset CE Weight: 0.0
Soft prediction CE Weight: 1.0
Outlier Exposure Weight: 0.3499999940395355
2022-09-26 23:05:29,586 - INFO - [Step=2250]	Loss=13.6464	586.5 examples/second
2022-09-26 23:07:02,112 - INFO - [Step=2500]	Loss=13.6212	345.9 examples/second
2022-09-26 23:08:34,252 - INFO - [Step=2750]	Loss=13.4910	347.3 examples/second
2022-09-26 23:09:05,001 - INFO - Test Loss=10.8209, Test pred acc=0.2371, Test mean synset acc=0.6160
2022-09-26 23:09:05,002 - INFO - Error Depth: [119. 317. 853. 849. 429. 129. 804.]
2022-09-26 23:09:05,002 - INFO - Saving...
2022-09-26 23:09:05,595 - INFO - Epoch time: 270.5669836997986
2022-09-26 23:09:05,595 - INFO - 
Epoch: 4
2022-09-26 23:09:05,595 - INFO - 
Learning Rate: 0.1000
2022-09-26 23:09:05,596 - INFO - Synset CE Weight: 0.0
Soft prediction CE Weight: 1.0
Outlier Exposure Weight: 0.3499999940395355
2022-09-26 23:10:17,681 - INFO - [Step=3000]	Loss=13.4235	443.9 examples/second
2022-09-26 23:11:50,158 - INFO - [Step=3250]	Loss=13.3593	346.0 examples/second
2022-09-26 23:13:22,487 - INFO - [Step=3500]	Loss=13.2338	346.6 examples/second
2022-09-26 23:13:35,625 - INFO - Test Loss=10.7496, Test pred acc=0.2700, Test mean synset acc=0.6210
2022-09-26 23:13:35,626 - INFO - Error Depth: [ 74. 315. 822. 885. 409. 152. 843.]
2022-09-26 23:13:35,627 - INFO - Saving...
2022-09-26 23:13:36,338 - INFO - Epoch time: 270.7421078681946
2022-09-26 23:13:36,338 - INFO - 
Epoch: 5
2022-09-26 23:13:36,338 - INFO - 
Learning Rate: 0.1000
2022-09-26 23:13:36,338 - INFO - Synset CE Weight: 0.0
Soft prediction CE Weight: 1.0
Outlier Exposure Weight: 0.3499999940395355
2022-09-26 23:15:05,814 - INFO - [Step=3750]	Loss=13.1490	357.6 examples/second
2022-09-26 23:16:38,759 - INFO - [Step=4000]	Loss=13.0776	344.3 examples/second
2022-09-26 23:18:06,861 - INFO - Test Loss=10.6287, Test pred acc=0.3229, Test mean synset acc=0.6594
2022-09-26 23:18:06,862 - INFO - Error Depth: [  94.  296.  766.  729.  345.  159. 1111.]
2022-09-26 23:18:06,862 - INFO - Saving...
2022-09-26 23:18:07,398 - INFO - Epoch time: 271.0599555969238
2022-09-26 23:18:07,398 - INFO - 
Epoch: 6
2022-09-26 23:18:07,398 - INFO - 
Learning Rate: 0.1000
2022-09-26 23:18:07,398 - INFO - Synset CE Weight: 0.0
Soft prediction CE Weight: 1.0
Outlier Exposure Weight: 0.3499999940395355
2022-09-26 23:18:21,676 - INFO - [Step=4250]	Loss=12.9626	2241.4 examples/second
2022-09-26 23:19:54,523 - INFO - [Step=4500]	Loss=12.9348	344.7 examples/second
2022-09-26 23:21:27,170 - INFO - [Step=4750]	Loss=12.8892	345.4 examples/second
2022-09-26 23:22:38,366 - INFO - Test Loss=10.5662, Test pred acc=0.3689, Test mean synset acc=0.6749
2022-09-26 23:22:38,367 - INFO - Error Depth: [  84.  284.  688.  719.  352.  140. 1233.]
2022-09-26 23:22:38,367 - INFO - Saving...
2022-09-26 23:22:38,877 - INFO - Epoch time: 271.4789400100708
2022-09-26 23:22:38,877 - INFO - 
Epoch: 7
2022-09-26 23:22:38,877 - INFO - 
Learning Rate: 0.1000
2022-09-26 23:22:38,878 - INFO - Synset CE Weight: 0.0
Soft prediction CE Weight: 1.0
Outlier Exposure Weight: 0.3499999940395355
2022-09-26 23:23:10,449 - INFO - [Step=5000]	Loss=12.7904	1013.6 examples/second
2022-09-26 23:24:43,574 - INFO - [Step=5250]	Loss=12.7763	343.6 examples/second
2022-09-26 23:26:16,352 - INFO - [Step=5500]	Loss=12.7113	344.9 examples/second
2022-09-26 23:27:10,781 - INFO - Test Loss=10.7849, Test pred acc=0.3317, Test mean synset acc=0.6673
2022-09-26 23:27:10,782 - INFO - Error Depth: [ 114.  294.  736.  714.  377.  134. 1131.]
2022-09-26 23:27:10,783 - INFO - Epoch time: 271.9051446914673
2022-09-26 23:27:10,783 - INFO - 
Epoch: 8
2022-09-26 23:27:10,783 - INFO - 
Learning Rate: 0.1000
2022-09-26 23:27:10,783 - INFO - Synset CE Weight: 0.0
Soft prediction CE Weight: 1.0
Outlier Exposure Weight: 0.3499999940395355
2022-09-26 23:28:00,632 - INFO - [Step=5750]	Loss=12.7182	641.9 examples/second
2022-09-26 23:29:33,088 - INFO - [Step=6000]	Loss=12.6007	346.1 examples/second
2022-09-26 23:31:06,386 - INFO - [Step=6250]	Loss=12.5486	343.0 examples/second
2022-09-26 23:31:43,098 - INFO - Test Loss=10.3294, Test pred acc=0.4246, Test mean synset acc=0.7037
2022-09-26 23:31:43,099 - INFO - Error Depth: [  56.  236.  643.  658.  336.  129. 1442.]
2022-09-26 23:31:43,099 - INFO - Saving...
2022-09-26 23:31:43,597 - INFO - Epoch time: 272.8145649433136
2022-09-26 23:31:43,598 - INFO - 
Epoch: 9
2022-09-26 23:31:43,598 - INFO - 
Learning Rate: 0.1000
2022-09-26 23:31:43,598 - INFO - Synset CE Weight: 0.0
Soft prediction CE Weight: 1.0
Outlier Exposure Weight: 0.3499999940395355
2022-09-26 23:32:50,369 - INFO - [Step=6500]	Loss=12.4932	479.3 examples/second
2022-09-26 23:34:23,982 - INFO - [Step=6750]	Loss=12.4890	341.8 examples/second
2022-09-26 23:35:57,547 - INFO - [Step=7000]	Loss=12.4271	342.0 examples/second
2022-09-26 23:36:16,777 - INFO - Test Loss=10.3296, Test pred acc=0.4814, Test mean synset acc=0.7413
2022-09-26 23:36:16,778 - INFO - Error Depth: [  63.  205.  541.  629.  283.  119. 1660.]
2022-09-26 23:36:16,778 - INFO - Saving...
2022-09-26 23:36:17,277 - INFO - Epoch time: 273.67922282218933
2022-09-26 23:36:17,277 - INFO - 
Epoch: 10
2022-09-26 23:36:17,277 - INFO - 
Learning Rate: 0.1000
2022-09-26 23:36:17,277 - INFO - Synset CE Weight: 0.0
Soft prediction CE Weight: 1.0
Outlier Exposure Weight: 0.3499999940395355
2022-09-26 23:37:41,933 - INFO - [Step=7250]	Loss=12.3793	378.0 examples/second
2022-09-26 23:39:15,175 - INFO - [Step=7500]	Loss=12.4009	343.2 examples/second
2022-09-26 23:40:49,995 - INFO - Test Loss=10.3139, Test pred acc=0.4669, Test mean synset acc=0.7313
2022-09-26 23:40:49,996 - INFO - Error Depth: [  63.  219.  582.  643.  270.  124. 1599.]
2022-09-26 23:40:49,997 - INFO - Epoch time: 272.7195053100586
2022-09-26 23:40:49,997 - INFO - 
Epoch: 11
2022-09-26 23:40:49,997 - INFO - 
Learning Rate: 0.1000
2022-09-26 23:40:49,997 - INFO - Synset CE Weight: 0.0
Soft prediction CE Weight: 1.0
Outlier Exposure Weight: 0.3499999940395355
2022-09-26 23:40:58,647 - INFO - [Step=7750]	Loss=12.3348	3699.9 examples/second
2022-09-26 23:42:31,514 - INFO - [Step=8000]	Loss=12.3210	344.6 examples/second
2022-09-26 23:44:04,068 - INFO - [Step=8250]	Loss=12.3864	345.7 examples/second
2022-09-26 23:45:20,833 - INFO - Test Loss=10.1994, Test pred acc=0.5289, Test mean synset acc=0.7539
2022-09-26 23:45:20,833 - INFO - Error Depth: [  56.  142.  543.  574.  272.  116. 1797.]
2022-09-26 23:45:20,834 - INFO - Saving...
2022-09-26 23:45:21,420 - INFO - Epoch time: 271.4230785369873
2022-09-26 23:45:21,420 - INFO - 
Epoch: 12
2022-09-26 23:45:21,420 - INFO - 
Learning Rate: 0.1000
2022-09-26 23:45:21,421 - INFO - Synset CE Weight: 0.0
Soft prediction CE Weight: 1.0
Outlier Exposure Weight: 0.3499999940395355
2022-09-26 23:45:47,267 - INFO - [Step=8500]	Loss=12.2775	1238.1 examples/second
2022-09-26 23:47:20,570 - INFO - [Step=8750]	Loss=12.2531	343.0 examples/second
2022-09-26 23:48:53,004 - INFO - [Step=9000]	Loss=12.2075	346.2 examples/second
2022-09-26 23:49:51,938 - INFO - Test Loss=10.1739, Test pred acc=0.5343, Test mean synset acc=0.7659
2022-09-26 23:49:51,939 - INFO - Error Depth: [  64.  138.  500.  533.  269.  125. 1871.]
2022-09-26 23:49:51,939 - INFO - Saving...
2022-09-26 23:49:52,452 - INFO - Epoch time: 271.0322251319885
2022-09-26 23:49:52,453 - INFO - 
Epoch: 13
2022-09-26 23:49:52,453 - INFO - 
Learning Rate: 0.1000
2022-09-26 23:49:52,453 - INFO - Synset CE Weight: 0.0
Soft prediction CE Weight: 1.0
Outlier Exposure Weight: 0.3499999940395355
2022-09-26 23:50:35,454 - INFO - [Step=9250]	Loss=12.1157	744.2 examples/second
2022-09-26 23:52:08,354 - INFO - [Step=9500]	Loss=12.1235	344.5 examples/second
2022-09-26 23:53:41,207 - INFO - [Step=9750]	Loss=12.1085	344.6 examples/second
2022-09-26 23:54:23,005 - INFO - Test Loss=10.2406, Test pred acc=0.5280, Test mean synset acc=0.7634
2022-09-26 23:54:23,006 - INFO - Error Depth: [  87.  144.  542.  531.  261.  107. 1828.]
2022-09-26 23:54:23,006 - INFO - Epoch time: 270.55336236953735
2022-09-26 23:54:23,006 - INFO - 
Epoch: 14
2022-09-26 23:54:23,006 - INFO - 
Learning Rate: 0.1000
2022-09-26 23:54:23,006 - INFO - Synset CE Weight: 0.0
Soft prediction CE Weight: 1.0
Outlier Exposure Weight: 0.3499999940395355
2022-09-26 23:55:23,944 - INFO - [Step=10000]	Loss=12.0634	525.1 examples/second
2022-09-26 23:56:56,810 - INFO - [Step=10250]	Loss=12.0676	344.6 examples/second
2022-09-26 23:58:29,324 - INFO - [Step=10500]	Loss=12.0740	345.9 examples/second
2022-09-26 23:58:53,967 - INFO - Test Loss=10.0843, Test pred acc=0.5786, Test mean synset acc=0.7874
2022-09-26 23:58:53,968 - INFO - Error Depth: [  42.  168.  417.  544.  225.  113. 1991.]
2022-09-26 23:58:53,968 - INFO - Saving...
2022-09-26 23:58:54,431 - INFO - Epoch time: 271.4248330593109
2022-09-26 23:58:54,431 - INFO - 
Epoch: 15
2022-09-26 23:58:54,432 - INFO - 
Learning Rate: 0.1000
2022-09-26 23:58:54,432 - INFO - Synset CE Weight: 0.0
Soft prediction CE Weight: 1.0
Outlier Exposure Weight: 0.3499999940395355
2022-09-27 00:00:12,466 - INFO - [Step=10750]	Loss=12.0134	410.1 examples/second
2022-09-27 00:01:45,636 - INFO - [Step=11000]	Loss=12.0086	343.5 examples/second
2022-09-27 00:03:25,153 - INFO - Test Loss=10.1271, Test pred acc=0.5691, Test mean synset acc=0.7811
2022-09-27 00:03:25,154 - INFO - Error Depth: [  42.  168.  456.  538.  233.   98. 1965.]
2022-09-27 00:03:25,155 - INFO - Epoch time: 270.72326588630676
2022-09-27 00:03:25,155 - INFO - 
Epoch: 16
2022-09-27 00:03:25,155 - INFO - 
Learning Rate: 0.1000
2022-09-27 00:03:25,155 - INFO - Synset CE Weight: 0.0
Soft prediction CE Weight: 1.0
Outlier Exposure Weight: 0.3499999940395355
2022-09-27 00:03:28,328 - INFO - [Step=11250]	Loss=11.9999	10089.5 examples/second
2022-09-27 00:05:01,276 - INFO - [Step=11500]	Loss=11.9668	344.3 examples/second
2022-09-27 00:06:33,596 - INFO - [Step=11750]	Loss=11.9587	346.6 examples/second
2022-09-27 00:07:55,865 - INFO - Test Loss=10.1823, Test pred acc=0.5931, Test mean synset acc=0.7994
2022-09-27 00:07:55,865 - INFO - Error Depth: [  90.  155.  416.  501.  212.   94. 2032.]
2022-09-27 00:07:55,866 - INFO - Saving...
2022-09-27 00:07:56,365 - INFO - Epoch time: 271.21013379096985
2022-09-27 00:07:56,365 - INFO - 
Epoch: 17
2022-09-27 00:07:56,365 - INFO - 
Learning Rate: 0.1000
2022-09-27 00:07:56,366 - INFO - Synset CE Weight: 0.0
Soft prediction CE Weight: 1.0
Outlier Exposure Weight: 0.3499999940395355
2022-09-27 00:08:16,567 - INFO - [Step=12000]	Loss=11.9335	1584.1 examples/second
2022-09-27 00:09:49,512 - INFO - [Step=12250]	Loss=11.9018	344.3 examples/second
2022-09-27 00:11:21,897 - INFO - [Step=12500]	Loss=11.9087	346.4 examples/second
2022-09-27 00:12:26,437 - INFO - Test Loss=10.0573, Test pred acc=0.6083, Test mean synset acc=0.8003
2022-09-27 00:12:26,438 - INFO - Error Depth: [  27.  169.  397.  477.  219.   99. 2112.]
2022-09-27 00:12:26,438 - INFO - Saving...
2022-09-27 00:12:26,948 - INFO - Epoch time: 270.5830099582672
2022-09-27 00:12:26,949 - INFO - 
Epoch: 18
2022-09-27 00:12:26,949 - INFO - 
Learning Rate: 0.1000
2022-09-27 00:12:26,949 - INFO - Synset CE Weight: 0.0
Soft prediction CE Weight: 1.0
Outlier Exposure Weight: 0.3499999940395355
2022-09-27 00:13:04,765 - INFO - [Step=12750]	Loss=11.8522	846.2 examples/second
2022-09-27 00:14:37,957 - INFO - [Step=13000]	Loss=11.8731	343.4 examples/second
2022-09-27 00:16:10,681 - INFO - [Step=13250]	Loss=11.8830	345.1 examples/second
2022-09-27 00:16:57,954 - INFO - Test Loss=10.0138, Test pred acc=0.6106, Test mean synset acc=0.7974
2022-09-27 00:16:57,955 - INFO - Error Depth: [  31.  108.  430.  501.  193.  106. 2131.]
2022-09-27 00:16:57,955 - INFO - Saving...
2022-09-27 00:16:58,470 - INFO - Epoch time: 271.52107763290405
2022-09-27 00:16:58,470 - INFO - 
Epoch: 19
2022-09-27 00:16:58,470 - INFO - 
Learning Rate: 0.1000
2022-09-27 00:16:58,470 - INFO - Synset CE Weight: 0.0
Soft prediction CE Weight: 1.0
Outlier Exposure Weight: 0.3499999940395355
2022-09-27 00:17:53,936 - INFO - [Step=13500]	Loss=11.8355	577.0 examples/second
2022-09-27 00:19:26,765 - INFO - [Step=13750]	Loss=11.8557	344.7 examples/second
2022-09-27 00:20:59,371 - INFO - [Step=14000]	Loss=11.8473	345.6 examples/second
2022-09-27 00:21:29,333 - INFO - Test Loss=9.9733, Test pred acc=0.6189, Test mean synset acc=0.8060
2022-09-27 00:21:29,333 - INFO - Error Depth: [  40.  120.  365.  518.  197.  101. 2159.]
2022-09-27 00:21:29,334 - INFO - Saving...
2022-09-27 00:21:29,841 - INFO - Epoch time: 271.3708031177521
2022-09-27 00:21:29,841 - INFO - 
Epoch: 20
2022-09-27 00:21:29,841 - INFO - 
Learning Rate: 0.1000
2022-09-27 00:21:29,842 - INFO - Synset CE Weight: 0.0
Soft prediction CE Weight: 1.0
Outlier Exposure Weight: 0.3499999940395355
2022-09-27 00:22:42,645 - INFO - [Step=14250]	Loss=11.8210	439.5 examples/second
2022-09-27 00:24:15,428 - INFO - [Step=14500]	Loss=11.8143	344.9 examples/second
2022-09-27 00:25:47,922 - INFO - [Step=14750]	Loss=11.8104	346.0 examples/second
2022-09-27 00:26:00,728 - INFO - Test Loss=10.0383, Test pred acc=0.6183, Test mean synset acc=0.8036
2022-09-27 00:26:00,729 - INFO - Error Depth: [  38.  159.  396.  481.  184.   97. 2145.]
2022-09-27 00:26:00,729 - INFO - Epoch time: 270.88753604888916
2022-09-27 00:26:00,729 - INFO - 
Epoch: 21
2022-09-27 00:26:00,729 - INFO - 
Learning Rate: 0.1000
2022-09-27 00:26:00,729 - INFO - Synset CE Weight: 0.0
Soft prediction CE Weight: 1.0
Outlier Exposure Weight: 0.3499999940395355
2022-09-27 00:27:31,524 - INFO - [Step=15000]	Loss=11.7869	352.4 examples/second
2022-09-27 00:29:04,571 - INFO - [Step=15250]	Loss=11.7849	343.9 examples/second
2022-09-27 00:30:32,633 - INFO - Test Loss=10.0436, Test pred acc=0.6020, Test mean synset acc=0.7910
2022-09-27 00:30:32,634 - INFO - Error Depth: [  27.  114.  415.  497.  240.  108. 2099.]
2022-09-27 00:30:32,634 - INFO - Epoch time: 271.9048478603363
2022-09-27 00:30:32,634 - INFO - 
Epoch: 22
2022-09-27 00:30:32,634 - INFO - 
Learning Rate: 0.1000
2022-09-27 00:30:32,634 - INFO - Synset CE Weight: 0.0
Soft prediction CE Weight: 1.0
Outlier Exposure Weight: 0.3499999940395355
2022-09-27 00:30:47,309 - INFO - [Step=15500]	Loss=11.7826	2180.7 examples/second
2022-09-27 00:32:20,087 - INFO - [Step=15750]	Loss=11.7547	344.9 examples/second
2022-09-27 00:33:52,583 - INFO - [Step=16000]	Loss=11.7587	346.0 examples/second
2022-09-27 00:35:03,055 - INFO - Test Loss=10.0005, Test pred acc=0.6294, Test mean synset acc=0.8064
2022-09-27 00:35:03,056 - INFO - Error Depth: [  32.  114.  379.  465.  209.  103. 2198.]
2022-09-27 00:35:03,056 - INFO - Saving...
2022-09-27 00:35:03,531 - INFO - Epoch time: 270.8967719078064
2022-09-27 00:35:03,531 - INFO - 
Epoch: 23
2022-09-27 00:35:03,531 - INFO - 
Learning Rate: 0.1000
2022-09-27 00:35:03,531 - INFO - Synset CE Weight: 0.0
Soft prediction CE Weight: 1.0
Outlier Exposure Weight: 0.3499999940395355
2022-09-27 00:35:36,151 - INFO - [Step=16250]	Loss=11.7369	981.0 examples/second
2022-09-27 00:37:08,965 - INFO - [Step=16500]	Loss=11.7256	344.8 examples/second
2022-09-27 00:38:41,407 - INFO - [Step=16750]	Loss=11.7455	346.2 examples/second
2022-09-27 00:39:34,285 - INFO - Test Loss=9.9667, Test pred acc=0.6431, Test mean synset acc=0.8149
2022-09-27 00:39:34,286 - INFO - Error Depth: [  27.  103.  395.  469.  176.   86. 2244.]
2022-09-27 00:39:34,286 - INFO - Saving...
2022-09-27 00:39:34,818 - INFO - Epoch time: 271.2870535850525
2022-09-27 00:39:34,818 - INFO - 
Epoch: 24
2022-09-27 00:39:34,818 - INFO - 
Learning Rate: 0.1000
2022-09-27 00:39:34,819 - INFO - Synset CE Weight: 0.0
Soft prediction CE Weight: 1.0
Outlier Exposure Weight: 0.3499999940395355
2022-09-27 00:40:24,344 - INFO - [Step=17000]	Loss=11.6929	646.2 examples/second
2022-09-27 00:41:57,086 - INFO - [Step=17250]	Loss=11.7160	345.0 examples/second
2022-09-27 00:43:29,839 - INFO - [Step=17500]	Loss=11.7152	345.0 examples/second
2022-09-27 00:44:05,614 - INFO - Test Loss=9.9375, Test pred acc=0.6594, Test mean synset acc=0.8267
2022-09-27 00:44:05,615 - INFO - Error Depth: [  33.   87.  368.  445.  173.   96. 2298.]
2022-09-27 00:44:05,616 - INFO - Saving...
2022-09-27 00:44:06,189 - INFO - Epoch time: 271.37108278274536
2022-09-27 00:44:06,190 - INFO - 
Epoch: 25
2022-09-27 00:44:06,190 - INFO - 
Learning Rate: 0.1000
2022-09-27 00:44:06,190 - INFO - Synset CE Weight: 0.0
Soft prediction CE Weight: 1.0
Outlier Exposure Weight: 0.3499999940395355
2022-09-27 00:45:13,377 - INFO - [Step=17750]	Loss=11.6899	476.3 examples/second
2022-09-27 00:46:45,845 - INFO - [Step=18000]	Loss=11.7044	346.1 examples/second
2022-09-27 00:48:18,421 - INFO - [Step=18250]	Loss=11.7053	345.7 examples/second
2022-09-27 00:48:36,612 - INFO - Test Loss=10.1160, Test pred acc=0.5834, Test mean synset acc=0.7899
2022-09-27 00:48:36,613 - INFO - Error Depth: [  59.  143.  412.  508.  219.  114. 2045.]
2022-09-27 00:48:36,613 - INFO - Epoch time: 270.4234607219696
2022-09-27 00:48:36,613 - INFO - 
Epoch: 26
2022-09-27 00:48:36,613 - INFO - 
Learning Rate: 0.1000
2022-09-27 00:48:36,614 - INFO - Synset CE Weight: 0.0
Soft prediction CE Weight: 1.0
Outlier Exposure Weight: 0.3499999940395355
2022-09-27 00:50:01,550 - INFO - [Step=18500]	Loss=11.6775	376.8 examples/second
2022-09-27 00:51:34,045 - INFO - [Step=18750]	Loss=11.6902	346.0 examples/second
2022-09-27 00:53:07,537 - INFO - Test Loss=9.9479, Test pred acc=0.6543, Test mean synset acc=0.8245
2022-09-27 00:53:07,538 - INFO - Error Depth: [  23.  145.  337.  440.  167.  101. 2287.]
2022-09-27 00:53:07,538 - INFO - Epoch time: 270.9251847267151
2022-09-27 00:53:07,539 - INFO - 
Epoch: 27
2022-09-27 00:53:07,539 - INFO - 
Learning Rate: 0.1000
2022-09-27 00:53:07,539 - INFO - Synset CE Weight: 0.0
Soft prediction CE Weight: 1.0
Outlier Exposure Weight: 0.3499999940395355
2022-09-27 00:53:16,865 - INFO - [Step=19000]	Loss=11.6235	3431.7 examples/second
2022-09-27 00:54:49,712 - INFO - [Step=19250]	Loss=11.6723	344.7 examples/second
2022-09-27 00:56:22,332 - INFO - [Step=19500]	Loss=11.6631	345.5 examples/second
2022-09-27 00:57:38,634 - INFO - Test Loss=9.9465, Test pred acc=0.6543, Test mean synset acc=0.8231
2022-09-27 00:57:38,635 - INFO - Error Depth: [  37.  109.  337.  454.  173.   98. 2292.]
2022-09-27 00:57:38,635 - INFO - Epoch time: 271.096786737442
2022-09-27 00:57:38,635 - INFO - 
Epoch: 28
2022-09-27 00:57:38,636 - INFO - 
Learning Rate: 0.1000
2022-09-27 00:57:38,636 - INFO - Synset CE Weight: 0.0
Soft prediction CE Weight: 1.0
Outlier Exposure Weight: 0.3499999940395355
2022-09-27 00:58:05,419 - INFO - [Step=19750]	Loss=11.6678	1194.8 examples/second
2022-09-27 00:59:38,246 - INFO - [Step=20000]	Loss=11.6715	344.7 examples/second
2022-09-27 01:01:10,669 - INFO - [Step=20250]	Loss=11.6564	346.2 examples/second
2022-09-27 01:02:09,102 - INFO - Test Loss=9.9130, Test pred acc=0.6563, Test mean synset acc=0.8254
2022-09-27 01:02:09,103 - INFO - Error Depth: [  32.  111.  377.  422.  168.  103. 2287.]
2022-09-27 01:02:09,103 - INFO - Epoch time: 270.4678478240967
2022-09-27 01:02:09,103 - INFO - 
Epoch: 29
2022-09-27 01:02:09,104 - INFO - 
Learning Rate: 0.0100
2022-09-27 01:02:09,104 - INFO - Synset CE Weight: 0.0
Soft prediction CE Weight: 1.0
Outlier Exposure Weight: 0.3499999940395355
2022-09-27 01:02:53,115 - INFO - [Step=20500]	Loss=11.4617	727.1 examples/second
2022-09-27 01:04:26,304 - INFO - [Step=20750]	Loss=11.3693	343.4 examples/second
2022-09-27 01:05:58,708 - INFO - [Step=21000]	Loss=11.3188	346.3 examples/second
2022-09-27 01:06:39,922 - INFO - Test Loss=9.6903, Test pred acc=0.7671, Test mean synset acc=0.8781
2022-09-27 01:06:39,923 - INFO - Error Depth: [  15.   56.  227.  319.  117.   83. 2683.]
2022-09-27 01:06:39,923 - INFO - Saving...
2022-09-27 01:06:40,788 - INFO - Epoch time: 271.68426513671875
2022-09-27 01:06:40,788 - INFO - 
Epoch: 30
2022-09-27 01:06:40,788 - INFO - 
Learning Rate: 0.0100
2022-09-27 01:06:40,788 - INFO - Synset CE Weight: 0.0
Soft prediction CE Weight: 1.0
Outlier Exposure Weight: 0.3499999940395355
2022-09-27 01:07:42,137 - INFO - [Step=21250]	Loss=11.3027	521.6 examples/second
2022-09-27 01:09:14,982 - INFO - [Step=21500]	Loss=11.2882	344.7 examples/second
2022-09-27 01:10:47,795 - INFO - [Step=21750]	Loss=11.2763	344.8 examples/second
2022-09-27 01:11:11,404 - INFO - Test Loss=9.6808, Test pred acc=0.7763, Test mean synset acc=0.8808
2022-09-27 01:11:11,405 - INFO - Error Depth: [  16.   44.  219.  308.  118.   80. 2715.]
2022-09-27 01:11:11,405 - INFO - Saving...
2022-09-27 01:11:12,157 - INFO - Epoch time: 271.3690450191498
2022-09-27 01:11:12,157 - INFO - 
Epoch: 31
2022-09-27 01:11:12,158 - INFO - 
Learning Rate: 0.0100
2022-09-27 01:11:12,158 - INFO - Synset CE Weight: 0.0
Soft prediction CE Weight: 1.0
Outlier Exposure Weight: 0.3499999940395355
2022-09-27 01:12:31,445 - INFO - [Step=22000]	Loss=11.2496	403.6 examples/second
2022-09-27 01:14:03,871 - INFO - [Step=22250]	Loss=11.2537	346.2 examples/second
2022-09-27 01:15:42,504 - INFO - Test Loss=9.6786, Test pred acc=0.7743, Test mean synset acc=0.8802
2022-09-27 01:15:42,505 - INFO - Error Depth: [  15.   49.  228.  312.  115.   82. 2699.]
2022-09-27 01:15:42,506 - INFO - Epoch time: 270.34827065467834
2022-09-27 01:15:42,506 - INFO - 
Epoch: 32
2022-09-27 01:15:42,506 - INFO - 
Learning Rate: 0.0100
2022-09-27 01:15:42,506 - INFO - Synset CE Weight: 0.0
Soft prediction CE Weight: 1.0
Outlier Exposure Weight: 0.3499999940395355
2022-09-27 01:15:46,172 - INFO - [Step=22500]	Loss=11.2854	8730.2 examples/second
2022-09-27 01:17:19,080 - INFO - [Step=22750]	Loss=11.2355	344.4 examples/second
2022-09-27 01:18:52,070 - INFO - [Step=23000]	Loss=11.2277	344.1 examples/second
2022-09-27 01:20:13,755 - INFO - Test Loss=9.6697, Test pred acc=0.7806, Test mean synset acc=0.8811
2022-09-27 01:20:13,756 - INFO - Error Depth: [  16.   43.  216.  300.  124.   80. 2721.]
2022-09-27 01:20:13,756 - INFO - Saving...
2022-09-27 01:20:14,622 - INFO - Epoch time: 272.1165544986725
2022-09-27 01:20:14,623 - INFO - 
Epoch: 33
2022-09-27 01:20:14,623 - INFO - 
Learning Rate: 0.0100
2022-09-27 01:20:14,623 - INFO - Synset CE Weight: 0.0
Soft prediction CE Weight: 1.0
Outlier Exposure Weight: 0.3499999940395355
2022-09-27 01:20:35,586 - INFO - [Step=23250]	Loss=11.2108	1526.6 examples/second
2022-09-27 01:22:08,564 - INFO - [Step=23500]	Loss=11.1987	344.2 examples/second
2022-09-27 01:23:41,182 - INFO - [Step=23750]	Loss=11.2172	345.5 examples/second
2022-09-27 01:24:45,546 - INFO - Test Loss=9.6661, Test pred acc=0.7740, Test mean synset acc=0.8784
2022-09-27 01:24:45,547 - INFO - Error Depth: [  14.   41.  220.  312.  124.   85. 2704.]
2022-09-27 01:24:45,547 - INFO - Epoch time: 270.9245903491974
2022-09-27 01:24:45,547 - INFO - 
Epoch: 34
2022-09-27 01:24:45,547 - INFO - 
Learning Rate: 0.0100
2022-09-27 01:24:45,548 - INFO - Synset CE Weight: 0.0
Soft prediction CE Weight: 1.0
Outlier Exposure Weight: 0.3499999940395355
2022-09-27 01:25:23,968 - INFO - [Step=24000]	Loss=11.1922	832.9 examples/second
2022-09-27 01:26:56,883 - INFO - [Step=24250]	Loss=11.1901	344.4 examples/second
2022-09-27 01:28:29,133 - INFO - [Step=24500]	Loss=11.1935	346.9 examples/second
2022-09-27 01:29:15,708 - INFO - Test Loss=9.6557, Test pred acc=0.7831, Test mean synset acc=0.8848
2022-09-27 01:29:15,709 - INFO - Error Depth: [  13.   41.  218.  297.  120.   73. 2738.]
2022-09-27 01:29:15,709 - INFO - Saving...
2022-09-27 01:29:16,415 - INFO - Epoch time: 270.8680078983307
2022-09-27 01:29:16,416 - INFO - 
Epoch: 35
2022-09-27 01:29:16,416 - INFO - 
Learning Rate: 0.0100
2022-09-27 01:29:16,416 - INFO - Synset CE Weight: 0.0
Soft prediction CE Weight: 1.0
Outlier Exposure Weight: 0.3499999940395355
2022-09-27 01:30:12,386 - INFO - [Step=24750]	Loss=11.1752	571.7 examples/second
2022-09-27 01:31:45,338 - INFO - [Step=25000]	Loss=11.1815	344.3 examples/second
2022-09-27 01:33:17,748 - INFO - [Step=25250]	Loss=11.1738	346.3 examples/second
2022-09-27 01:33:46,954 - INFO - Test Loss=9.6614, Test pred acc=0.7891, Test mean synset acc=0.8876
2022-09-27 01:33:46,955 - INFO - Error Depth: [  12.   43.  214.  297.  106.   72. 2756.]
2022-09-27 01:33:46,955 - INFO - Saving...
2022-09-27 01:33:47,606 - INFO - Epoch time: 271.19058990478516
2022-09-27 01:33:47,607 - INFO - 
Epoch: 36
2022-09-27 01:33:47,607 - INFO - 
Learning Rate: 0.0100
2022-09-27 01:33:47,607 - INFO - Synset CE Weight: 0.0
Soft prediction CE Weight: 1.0
Outlier Exposure Weight: 0.3499999940395355
2022-09-27 01:35:01,087 - INFO - [Step=25500]	Loss=11.1771	435.5 examples/second
2022-09-27 01:36:33,770 - INFO - [Step=25750]	Loss=11.1727	345.3 examples/second
2022-09-27 01:38:06,320 - INFO - [Step=26000]	Loss=11.1640	345.8 examples/second
2022-09-27 01:38:18,083 - INFO - Test Loss=9.6596, Test pred acc=0.7869, Test mean synset acc=0.8868
2022-09-27 01:38:18,084 - INFO - Error Depth: [  16.   39.  222.  293.  114.   73. 2743.]
2022-09-27 01:38:18,084 - INFO - Epoch time: 270.47766613960266
2022-09-27 01:38:18,084 - INFO - 
Epoch: 37
2022-09-27 01:38:18,085 - INFO - 
Learning Rate: 0.0100
2022-09-27 01:38:18,085 - INFO - Synset CE Weight: 0.0
Soft prediction CE Weight: 1.0
Outlier Exposure Weight: 0.3499999940395355
2022-09-27 01:39:49,455 - INFO - [Step=26250]	Loss=11.1618	350.2 examples/second
2022-09-27 01:41:22,043 - INFO - [Step=26500]	Loss=11.1501	345.6 examples/second
2022-09-27 01:42:49,179 - INFO - Test Loss=9.6529, Test pred acc=0.7934, Test mean synset acc=0.8910
2022-09-27 01:42:49,180 - INFO - Error Depth: [  17.   37.  196.  297.  115.   67. 2771.]
2022-09-27 01:42:49,181 - INFO - Saving...
2022-09-27 01:42:49,927 - INFO - Epoch time: 271.8427941799164
2022-09-27 01:42:49,928 - INFO - 
Epoch: 38
2022-09-27 01:42:49,928 - INFO - 
Learning Rate: 0.0100
2022-09-27 01:42:49,928 - INFO - Synset CE Weight: 0.0
Soft prediction CE Weight: 1.0
Outlier Exposure Weight: 0.3499999940395355
2022-09-27 01:43:05,327 - INFO - [Step=26750]	Loss=11.1535	2078.2 examples/second
2022-09-27 01:44:38,060 - INFO - [Step=27000]	Loss=11.1433	345.1 examples/second
2022-09-27 01:46:10,996 - INFO - [Step=27250]	Loss=11.1439	344.3 examples/second
2022-09-27 01:47:20,529 - INFO - Test Loss=9.6544, Test pred acc=0.7920, Test mean synset acc=0.8885
2022-09-27 01:47:20,530 - INFO - Error Depth: [  13.   38.  192.  294.  118.   72. 2773.]
2022-09-27 01:47:20,530 - INFO - Epoch time: 270.6027774810791
2022-09-27 01:47:20,531 - INFO - 
Epoch: 39
2022-09-27 01:47:20,531 - INFO - 
Learning Rate: 0.0100
2022-09-27 01:47:20,531 - INFO - Synset CE Weight: 0.0
Soft prediction CE Weight: 1.0
Outlier Exposure Weight: 0.3499999940395355
2022-09-27 01:47:53,552 - INFO - [Step=27500]	Loss=11.1425	969.1 examples/second
2022-09-27 01:49:26,336 - INFO - [Step=27750]	Loss=11.1293	344.9 examples/second
2022-09-27 01:50:58,887 - INFO - [Step=28000]	Loss=11.1363	345.8 examples/second
2022-09-27 01:51:51,144 - INFO - Test Loss=9.6557, Test pred acc=0.7891, Test mean synset acc=0.8851
2022-09-27 01:51:51,145 - INFO - Error Depth: [  20.   36.  201.  303.  114.   81. 2745.]
2022-09-27 01:51:51,145 - INFO - Epoch time: 270.6144254207611
2022-09-27 01:51:51,145 - INFO - 
Epoch: 40
2022-09-27 01:51:51,145 - INFO - 
Learning Rate: 0.0100
2022-09-27 01:51:51,145 - INFO - Synset CE Weight: 0.0
Soft prediction CE Weight: 1.0
Outlier Exposure Weight: 0.3499999940395355
2022-09-27 01:52:41,427 - INFO - [Step=28250]	Loss=11.1139	636.4 examples/second
2022-09-27 01:54:14,258 - INFO - [Step=28500]	Loss=11.1321	344.7 examples/second
2022-09-27 01:55:46,507 - INFO - [Step=28750]	Loss=11.1497	346.9 examples/second
2022-09-27 01:56:21,306 - INFO - Test Loss=9.6520, Test pred acc=0.7940, Test mean synset acc=0.8898
2022-09-27 01:56:21,307 - INFO - Error Depth: [  11.   33.  203.  287.  104.   79. 2783.]
2022-09-27 01:56:21,307 - INFO - Saving...
2022-09-27 01:56:22,545 - INFO - Epoch time: 271.3996105194092
2022-09-27 01:56:22,545 - INFO - 
Epoch: 41
2022-09-27 01:56:22,545 - INFO - 
Learning Rate: 0.0100
2022-09-27 01:56:22,545 - INFO - Synset CE Weight: 0.0
Soft prediction CE Weight: 1.0
Outlier Exposure Weight: 0.3499999940395355
2022-09-27 01:57:30,188 - INFO - [Step=29000]	Loss=11.1170	473.1 examples/second
2022-09-27 01:59:03,166 - INFO - [Step=29250]	Loss=11.1231	344.2 examples/second
2022-09-27 02:00:35,903 - INFO - [Step=29500]	Loss=11.1191	345.1 examples/second
2022-09-27 02:00:53,474 - INFO - Test Loss=9.6560, Test pred acc=0.7863, Test mean synset acc=0.8852
2022-09-27 02:00:53,475 - INFO - Error Depth: [  15.   36.  207.  304.  116.   79. 2743.]
2022-09-27 02:00:53,475 - INFO - Epoch time: 270.930388212204
2022-09-27 02:00:53,476 - INFO - 
Epoch: 42
2022-09-27 02:00:53,476 - INFO - 
Learning Rate: 0.0100
2022-09-27 02:00:53,476 - INFO - Synset CE Weight: 0.0
Soft prediction CE Weight: 1.0
Outlier Exposure Weight: 0.3499999940395355
2022-09-27 02:02:19,152 - INFO - [Step=29750]	Loss=11.1074	373.5 examples/second
2022-09-27 02:03:51,664 - INFO - [Step=30000]	Loss=11.1153	345.9 examples/second
2022-09-27 02:05:24,357 - INFO - Test Loss=9.6544, Test pred acc=0.7874, Test mean synset acc=0.8859
2022-09-27 02:05:24,358 - INFO - Error Depth: [  15.   41.  205.  300.  117.   75. 2747.]
2022-09-27 02:05:24,358 - INFO - Epoch time: 270.88282203674316
2022-09-27 02:05:24,359 - INFO - 
Epoch: 43
2022-09-27 02:05:24,359 - INFO - 
Learning Rate: 0.0100
2022-09-27 02:05:24,359 - INFO - Synset CE Weight: 0.0
Soft prediction CE Weight: 1.0
Outlier Exposure Weight: 0.3499999940395355
2022-09-27 02:05:34,496 - INFO - [Step=30250]	Loss=11.1140	3157.1 examples/second
2022-09-27 02:07:07,237 - INFO - [Step=30500]	Loss=11.1105	345.0 examples/second
2022-09-27 02:08:39,623 - INFO - [Step=30750]	Loss=11.1155	346.4 examples/second
2022-09-27 02:09:55,026 - INFO - Test Loss=9.6497, Test pred acc=0.7926, Test mean synset acc=0.8896
2022-09-27 02:09:55,027 - INFO - Error Depth: [  12.   38.  205.  291.  109.   76. 2769.]
2022-09-27 02:09:55,027 - INFO - Epoch time: 270.6686325073242
2022-09-27 02:09:55,027 - INFO - 
Epoch: 44
2022-09-27 02:09:55,027 - INFO - 
Learning Rate: 0.0100
2022-09-27 02:09:55,027 - INFO - Synset CE Weight: 0.0
Soft prediction CE Weight: 1.0
Outlier Exposure Weight: 0.3499999940395355
2022-09-27 02:10:22,139 - INFO - [Step=31000]	Loss=11.1063	1180.4 examples/second
2022-09-27 02:11:54,896 - INFO - [Step=31250]	Loss=11.0930	345.0 examples/second
2022-09-27 02:13:27,300 - INFO - [Step=31500]	Loss=11.0951	346.3 examples/second
2022-09-27 02:14:25,068 - INFO - Test Loss=9.6596, Test pred acc=0.7954, Test mean synset acc=0.8899
2022-09-27 02:14:25,069 - INFO - Error Depth: [  14.   37.  200.  297.  109.   70. 2773.]
2022-09-27 02:14:25,069 - INFO - Saving...
2022-09-27 02:14:25,608 - INFO - Epoch time: 270.5808825492859
2022-09-27 02:14:25,608 - INFO - 
Epoch: 45
2022-09-27 02:14:25,609 - INFO - 
Learning Rate: 0.0100
2022-09-27 02:14:25,609 - INFO - Synset CE Weight: 0.0
Soft prediction CE Weight: 1.0
Outlier Exposure Weight: 0.3499999940395355
2022-09-27 02:15:10,114 - INFO - [Step=31750]	Loss=11.0889	719.0 examples/second
2022-09-27 02:16:42,928 - INFO - [Step=32000]	Loss=11.1093	344.8 examples/second
2022-09-27 02:18:15,146 - INFO - [Step=32250]	Loss=11.1037	347.0 examples/second
2022-09-27 02:18:55,796 - INFO - Test Loss=9.6594, Test pred acc=0.7906, Test mean synset acc=0.8868
2022-09-27 02:18:55,797 - INFO - Error Depth: [  15.   46.  198.  281.  120.   82. 2758.]
2022-09-27 02:18:55,797 - INFO - Epoch time: 270.18871688842773
2022-09-27 02:18:55,797 - INFO - 
Epoch: 46
2022-09-27 02:18:55,797 - INFO - 
Learning Rate: 0.0100
2022-09-27 02:18:55,797 - INFO - Synset CE Weight: 0.0
Soft prediction CE Weight: 1.0
Outlier Exposure Weight: 0.3499999940395355
2022-09-27 02:19:57,769 - INFO - [Step=32500]	Loss=11.0846	516.4 examples/second
2022-09-27 02:21:30,549 - INFO - [Step=32750]	Loss=11.0905	344.9 examples/second
2022-09-27 02:23:02,731 - INFO - [Step=33000]	Loss=11.1011	347.1 examples/second
2022-09-27 02:23:25,574 - INFO - Test Loss=9.6497, Test pred acc=0.7957, Test mean synset acc=0.8895
2022-09-27 02:23:25,575 - INFO - Error Depth: [  10.   40.  199.  283.  108.   80. 2780.]
2022-09-27 02:23:25,575 - INFO - Saving...
2022-09-27 02:23:26,044 - INFO - Epoch time: 270.2462863922119
2022-09-27 02:23:26,044 - INFO - 
Epoch: 47
2022-09-27 02:23:26,044 - INFO - 
Learning Rate: 0.0100
2022-09-27 02:23:26,044 - INFO - Synset CE Weight: 0.0
Soft prediction CE Weight: 1.0
Outlier Exposure Weight: 0.3499999940395355
2022-09-27 02:24:45,484 - INFO - [Step=33250]	Loss=11.0816	402.8 examples/second
2022-09-27 02:26:18,060 - INFO - [Step=33500]	Loss=11.0855	345.7 examples/second
2022-09-27 02:27:56,287 - INFO - Test Loss=9.6408, Test pred acc=0.7994, Test mean synset acc=0.8911
2022-09-27 02:27:56,288 - INFO - Error Depth: [   9.   39.  185.  294.  110.   73. 2790.]
2022-09-27 02:27:56,288 - INFO - Saving...
2022-09-27 02:27:58,294 - INFO - Epoch time: 272.2501564025879
2022-09-27 02:27:58,294 - INFO - 
Epoch: 48
2022-09-27 02:27:58,295 - INFO - 
Learning Rate: 0.0100
2022-09-27 02:27:58,295 - INFO - Synset CE Weight: 0.0
Soft prediction CE Weight: 1.0
Outlier Exposure Weight: 0.3499999940395355
2022-09-27 02:28:03,123 - INFO - [Step=33750]	Loss=11.0753	6630.1 examples/second
2022-09-27 02:29:35,698 - INFO - [Step=34000]	Loss=11.0786	345.7 examples/second
2022-09-27 02:31:07,771 - INFO - [Step=34250]	Loss=11.0847	347.6 examples/second
2022-09-27 02:32:28,471 - INFO - Test Loss=9.6506, Test pred acc=0.7963, Test mean synset acc=0.8937
2022-09-27 02:32:28,472 - INFO - Error Depth: [   7.   45.  199.  284.  105.   73. 2787.]
2022-09-27 02:32:28,472 - INFO - Epoch time: 270.17746567726135
2022-09-27 02:32:28,472 - INFO - 
Epoch: 49
2022-09-27 02:32:28,472 - INFO - 
Learning Rate: 0.0100
2022-09-27 02:32:28,472 - INFO - Synset CE Weight: 0.0
Soft prediction CE Weight: 1.0
Outlier Exposure Weight: 0.3499999940395355
2022-09-27 02:32:50,255 - INFO - [Step=34500]	Loss=11.0628	1469.1 examples/second
2022-09-27 02:34:22,758 - INFO - [Step=34750]	Loss=11.0657	345.9 examples/second
2022-09-27 02:35:54,789 - INFO - [Step=35000]	Loss=11.0868	347.7 examples/second
2022-09-27 02:36:57,994 - INFO - Test Loss=9.6605, Test pred acc=0.7900, Test mean synset acc=0.8893
2022-09-27 02:36:57,995 - INFO - Error Depth: [  14.   40.  208.  283.  110.   77. 2768.]
2022-09-27 02:36:57,995 - INFO - Epoch time: 269.52323746681213
2022-09-27 02:36:57,995 - INFO - 
Epoch: 50
2022-09-27 02:36:57,995 - INFO - 
Learning Rate: 0.0100
2022-09-27 02:36:57,995 - INFO - Synset CE Weight: 0.0
Soft prediction CE Weight: 1.0
Outlier Exposure Weight: 0.3499999940395355
2022-09-27 02:37:36,903 - INFO - [Step=35250]	Loss=11.0642	822.5 examples/second
2022-09-27 02:39:09,451 - INFO - [Step=35500]	Loss=11.0668	345.8 examples/second
2022-09-27 02:40:41,643 - INFO - [Step=35750]	Loss=11.0788	347.1 examples/second
2022-09-27 02:41:27,605 - INFO - Test Loss=9.6574, Test pred acc=0.7966, Test mean synset acc=0.8929
2022-09-27 02:41:27,607 - INFO - Error Depth: [  12.   39.  197.  279.  102.   78. 2793.]
2022-09-27 02:41:27,607 - INFO - Epoch time: 269.61160492897034
2022-09-27 02:41:27,607 - INFO - 
Epoch: 51
2022-09-27 02:41:27,607 - INFO - 
Learning Rate: 0.0100
2022-09-27 02:41:27,607 - INFO - Synset CE Weight: 0.0
Soft prediction CE Weight: 1.0
Outlier Exposure Weight: 0.3499999940395355
2022-09-27 02:42:24,081 - INFO - [Step=36000]	Loss=11.0575	566.6 examples/second
2022-09-27 02:43:56,865 - INFO - [Step=36250]	Loss=11.0686	344.9 examples/second
2022-09-27 02:45:29,028 - INFO - [Step=36500]	Loss=11.0728	347.2 examples/second
2022-09-27 02:45:57,443 - INFO - Test Loss=9.6566, Test pred acc=0.7966, Test mean synset acc=0.8943
2022-09-27 02:45:57,444 - INFO - Error Depth: [  11.   41.  194.  271.  112.   77. 2794.]
2022-09-27 02:45:57,444 - INFO - Epoch time: 269.8368113040924
2022-09-27 02:45:57,444 - INFO - 
Epoch: 52
2022-09-27 02:45:57,444 - INFO - 
Learning Rate: 0.0100
2022-09-27 02:45:57,444 - INFO - Synset CE Weight: 0.0
Soft prediction CE Weight: 1.0
Outlier Exposure Weight: 0.3499999940395355
2022-09-27 02:47:11,421 - INFO - [Step=36750]	Loss=11.0476	432.6 examples/second
2022-09-27 02:48:43,926 - INFO - [Step=37000]	Loss=11.0625	345.9 examples/second
2022-09-27 02:50:16,147 - INFO - [Step=37250]	Loss=11.0572	347.0 examples/second
2022-09-27 02:50:27,069 - INFO - Test Loss=9.6474, Test pred acc=0.7989, Test mean synset acc=0.8916
2022-09-27 02:50:27,070 - INFO - Error Depth: [  11.   41.  179.  290.  108.   80. 2791.]
2022-09-27 02:50:27,071 - INFO - Epoch time: 269.6268513202667
2022-09-27 02:50:27,071 - INFO - 
Epoch: 53
2022-09-27 02:50:27,071 - INFO - 
Learning Rate: 0.0100
2022-09-27 02:50:27,071 - INFO - Synset CE Weight: 0.0
Soft prediction CE Weight: 1.0
Outlier Exposure Weight: 0.3499999940395355
2022-09-27 02:51:58,312 - INFO - [Step=37500]	Loss=11.0459	350.7 examples/second
2022-09-27 02:53:30,633 - INFO - [Step=37750]	Loss=11.0654	346.6 examples/second
2022-09-27 02:54:56,779 - INFO - Test Loss=9.6525, Test pred acc=0.7960, Test mean synset acc=0.8899
2022-09-27 02:54:56,780 - INFO - Error Depth: [   9.   37.  191.  304.  107.   66. 2786.]
2022-09-27 02:54:56,781 - INFO - Epoch time: 269.7097532749176
2022-09-27 02:54:56,781 - INFO - 
Epoch: 54
2022-09-27 02:54:56,781 - INFO - 
Learning Rate: 0.0100
2022-09-27 02:54:56,781 - INFO - Synset CE Weight: 0.0
Soft prediction CE Weight: 1.0
Outlier Exposure Weight: 0.3499999940395355
2022-09-27 02:55:13,151 - INFO - [Step=38000]	Loss=11.0380	1955.1 examples/second
2022-09-27 02:56:45,943 - INFO - [Step=38250]	Loss=11.0496	344.9 examples/second
2022-09-27 02:58:18,118 - INFO - [Step=38500]	Loss=11.0532	347.2 examples/second
2022-09-27 02:59:27,229 - INFO - Test Loss=9.6509, Test pred acc=0.7926, Test mean synset acc=0.8878
2022-09-27 02:59:27,230 - INFO - Error Depth: [  10.   38.  207.  304.  105.   72. 2764.]
2022-09-27 02:59:27,230 - INFO - Epoch time: 270.44956040382385
2022-09-27 02:59:27,231 - INFO - 
Epoch: 55
2022-09-27 02:59:27,231 - INFO - 
Learning Rate: 0.0100
2022-09-27 02:59:27,231 - INFO - Synset CE Weight: 0.0
Soft prediction CE Weight: 1.0
Outlier Exposure Weight: 0.3499999940395355
2022-09-27 03:00:00,914 - INFO - [Step=38750]	Loss=11.0424	950.1 examples/second
2022-09-27 03:01:33,599 - INFO - [Step=39000]	Loss=11.0417	345.3 examples/second
2022-09-27 03:03:05,930 - INFO - [Step=39250]	Loss=11.0528	346.6 examples/second
2022-09-27 03:03:57,547 - INFO - Test Loss=9.6494, Test pred acc=0.7980, Test mean synset acc=0.8923
2022-09-27 03:03:57,548 - INFO - Error Depth: [  12.   35.  196.  281.  107.   80. 2789.]
2022-09-27 03:03:57,548 - INFO - Epoch time: 270.3173930644989
2022-09-27 03:03:57,548 - INFO - 
Epoch: 56
2022-09-27 03:03:57,548 - INFO - 
Learning Rate: 0.0100
2022-09-27 03:03:57,548 - INFO - Synset CE Weight: 0.0
Soft prediction CE Weight: 1.0
Outlier Exposure Weight: 0.3499999940395355
2022-09-27 03:04:48,459 - INFO - [Step=39500]	Loss=11.0339	628.6 examples/second
2022-09-27 03:06:21,136 - INFO - [Step=39750]	Loss=11.0547	345.3 examples/second
2022-09-27 03:07:53,344 - INFO - [Step=40000]	Loss=11.0451	347.0 examples/second
2022-09-27 03:08:27,601 - INFO - Test Loss=9.6567, Test pred acc=0.8020, Test mean synset acc=0.8949
2022-09-27 03:08:27,602 - INFO - Error Depth: [  17.   41.  189.  276.   99.   76. 2802.]
2022-09-27 03:08:27,602 - INFO - Saving...
2022-09-27 03:08:28,100 - INFO - Epoch time: 270.55224871635437
2022-09-27 03:08:28,101 - INFO - 
Epoch: 57
2022-09-27 03:08:28,101 - INFO - 
Learning Rate: 0.0100
2022-09-27 03:08:28,101 - INFO - Synset CE Weight: 0.0
Soft prediction CE Weight: 1.0
Outlier Exposure Weight: 0.3499999940395355
2022-09-27 03:09:36,263 - INFO - [Step=40250]	Loss=11.0465	469.5 examples/second
2022-09-27 03:11:08,738 - INFO - [Step=40500]	Loss=11.0281	346.0 examples/second
2022-09-27 03:12:41,165 - INFO - [Step=40750]	Loss=11.0456	346.2 examples/second
2022-09-27 03:12:57,916 - INFO - Test Loss=9.6463, Test pred acc=0.8017, Test mean synset acc=0.8936
2022-09-27 03:12:57,917 - INFO - Error Depth: [   9.   31.  204.  279.  100.   69. 2808.]
2022-09-27 03:12:57,917 - INFO - Epoch time: 269.81653332710266
2022-09-27 03:12:57,917 - INFO - 
Epoch: 58
2022-09-27 03:12:57,917 - INFO - 
Learning Rate: 0.0100
2022-09-27 03:12:57,918 - INFO - Synset CE Weight: 0.0
Soft prediction CE Weight: 1.0
Outlier Exposure Weight: 0.3499999940395355
2022-09-27 03:14:23,602 - INFO - [Step=41000]	Loss=11.0262	373.5 examples/second
2022-09-27 03:15:56,005 - INFO - [Step=41250]	Loss=11.0364	346.3 examples/second
2022-09-27 03:17:27,741 - INFO - Test Loss=9.6475, Test pred acc=0.7940, Test mean synset acc=0.8900
2022-09-27 03:17:27,743 - INFO - Error Depth: [  11.   32.  198.  289.  116.   81. 2773.]
2022-09-27 03:17:27,743 - INFO - Epoch time: 269.8255181312561
2022-09-27 03:17:27,743 - INFO - 
Epoch: 59
2022-09-27 03:17:27,743 - INFO - 
Learning Rate: 0.0010
2022-09-27 03:17:27,743 - INFO - Synset CE Weight: 0.0
Soft prediction CE Weight: 1.0
Outlier Exposure Weight: 0.3499999940395355
2022-09-27 03:17:38,418 - INFO - [Step=41500]	Loss=11.0387	2997.9 examples/second
2022-09-27 03:19:10,852 - INFO - [Step=41750]	Loss=10.9886	346.2 examples/second
2022-09-27 03:20:43,065 - INFO - [Step=42000]	Loss=10.9805	347.0 examples/second
2022-09-27 03:21:57,542 - INFO - Test Loss=9.6299, Test pred acc=0.8137, Test mean synset acc=0.8993
2022-09-27 03:21:57,543 - INFO - Error Depth: [   8.   28.  182.  270.   98.   72. 2842.]
2022-09-27 03:21:57,543 - INFO - Saving...
2022-09-27 03:21:58,029 - INFO - Epoch time: 270.28554606437683
2022-09-27 03:21:58,029 - INFO - 
Epoch: 60
2022-09-27 03:21:58,029 - INFO - 
Learning Rate: 0.0010
2022-09-27 03:21:58,029 - INFO - Synset CE Weight: 0.0
Soft prediction CE Weight: 1.0
Outlier Exposure Weight: 0.3499999940395355
2022-09-27 03:22:26,044 - INFO - [Step=42250]	Loss=10.9956	1142.3 examples/second
2022-09-27 03:23:58,811 - INFO - [Step=42500]	Loss=10.9625	345.0 examples/second
2022-09-27 03:25:30,977 - INFO - [Step=42750]	Loss=10.9604	347.2 examples/second
2022-09-27 03:26:28,051 - INFO - Test Loss=9.6246, Test pred acc=0.8137, Test mean synset acc=0.8989
2022-09-27 03:26:28,052 - INFO - Error Depth: [   9.   24.  176.  277.   96.   72. 2846.]
2022-09-27 03:26:28,052 - INFO - Epoch time: 270.0233037471771
2022-09-27 03:26:28,052 - INFO - 
Epoch: 61
2022-09-27 03:26:28,052 - INFO - 
Learning Rate: 0.0010
2022-09-27 03:26:28,052 - INFO - Synset CE Weight: 0.0
Soft prediction CE Weight: 1.0
Outlier Exposure Weight: 0.3499999940395355
2022-09-27 03:27:13,289 - INFO - [Step=43000]	Loss=10.9528	707.4 examples/second
2022-09-27 03:28:46,117 - INFO - [Step=43250]	Loss=10.9664	344.7 examples/second
2022-09-27 03:30:18,484 - INFO - [Step=43500]	Loss=10.9543	346.4 examples/second
2022-09-27 03:30:58,184 - INFO - Test Loss=9.6263, Test pred acc=0.8169, Test mean synset acc=0.9018
2022-09-27 03:30:58,185 - INFO - Error Depth: [   7.   29.  178.  266.   90.   73. 2857.]
2022-09-27 03:30:58,185 - INFO - Saving...
2022-09-27 03:30:58,704 - INFO - Epoch time: 270.6513934135437
2022-09-27 03:30:58,704 - INFO - 
Epoch: 62
2022-09-27 03:30:58,704 - INFO - 
Learning Rate: 0.0010
2022-09-27 03:30:58,704 - INFO - Synset CE Weight: 0.0
Soft prediction CE Weight: 1.0
Outlier Exposure Weight: 0.3499999940395355
2022-09-27 03:32:01,346 - INFO - [Step=43750]	Loss=10.9510	510.8 examples/second
2022-09-27 03:33:34,084 - INFO - [Step=44000]	Loss=10.9488	345.1 examples/second
2022-09-27 03:35:06,457 - INFO - [Step=44250]	Loss=10.9455	346.4 examples/second
2022-09-27 03:35:28,456 - INFO - Test Loss=9.6272, Test pred acc=0.8163, Test mean synset acc=0.9008
2022-09-27 03:35:28,457 - INFO - Error Depth: [   7.   26.  176.  267.   96.   70. 2858.]
2022-09-27 03:35:28,457 - INFO - Epoch time: 269.75329995155334
2022-09-27 03:35:28,457 - INFO - 
Epoch: 63
2022-09-27 03:35:28,457 - INFO - 
Learning Rate: 0.0010
2022-09-27 03:35:28,458 - INFO - Synset CE Weight: 0.0
Soft prediction CE Weight: 1.0
Outlier Exposure Weight: 0.3499999940395355
2022-09-27 03:36:48,715 - INFO - [Step=44500]	Loss=10.9458	398.7 examples/second
2022-09-27 03:38:21,168 - INFO - [Step=44750]	Loss=10.9386	346.1 examples/second
2022-09-27 03:39:58,324 - INFO - Test Loss=9.6283, Test pred acc=0.8134, Test mean synset acc=0.9001
2022-09-27 03:39:58,325 - INFO - Error Depth: [   7.   27.  178.  271.   98.   71. 2848.]
2022-09-27 03:39:58,326 - INFO - Epoch time: 269.86816930770874
2022-09-27 03:39:58,326 - INFO - 
Epoch: 64
2022-09-27 03:39:58,326 - INFO - 
Learning Rate: 0.0010
2022-09-27 03:39:58,326 - INFO - Synset CE Weight: 0.0
Soft prediction CE Weight: 1.0
Outlier Exposure Weight: 0.3499999940395355
2022-09-27 03:40:03,359 - INFO - [Step=45000]	Loss=10.9642	6358.9 examples/second
2022-09-27 03:41:35,933 - INFO - [Step=45250]	Loss=10.9438	345.7 examples/second
2022-09-27 03:43:08,452 - INFO - [Step=45500]	Loss=10.9469	345.9 examples/second
2022-09-27 03:44:28,266 - INFO - Test Loss=9.6243, Test pred acc=0.8140, Test mean synset acc=0.9017
2022-09-27 03:44:28,267 - INFO - Error Depth: [   8.   34.  174.  267.   95.   73. 2849.]
2022-09-27 03:44:28,267 - INFO - Epoch time: 269.9417586326599
2022-09-27 03:44:28,267 - INFO - 
Epoch: 65
2022-09-27 03:44:28,268 - INFO - 
Learning Rate: 0.0010
2022-09-27 03:44:28,268 - INFO - Synset CE Weight: 0.0
Soft prediction CE Weight: 1.0
Outlier Exposure Weight: 0.3499999940395355
2022-09-27 03:44:50,815 - INFO - [Step=45750]	Loss=10.9262	1419.3 examples/second
2022-09-27 03:46:23,505 - INFO - [Step=46000]	Loss=10.9404	345.2 examples/second
2022-09-27 03:47:55,608 - INFO - [Step=46250]	Loss=10.9415	347.4 examples/second
2022-09-27 03:48:58,334 - INFO - Test Loss=9.6220, Test pred acc=0.8166, Test mean synset acc=0.9017
2022-09-27 03:48:58,335 - INFO - Error Depth: [  11.   28.  172.  264.   94.   69. 2862.]
2022-09-27 03:48:58,335 - INFO - Epoch time: 270.06736040115356
2022-09-27 03:48:58,335 - INFO - 
Epoch: 66
2022-09-27 03:48:58,335 - INFO - 
Learning Rate: 0.0010
2022-09-27 03:48:58,335 - INFO - Synset CE Weight: 0.0
Soft prediction CE Weight: 1.0
Outlier Exposure Weight: 0.3499999940395355
2022-09-27 03:49:38,330 - INFO - [Step=46500]	Loss=10.9388	800.1 examples/second
2022-09-27 03:51:10,928 - INFO - [Step=46750]	Loss=10.9346	345.6 examples/second
2022-09-27 03:52:43,102 - INFO - [Step=47000]	Loss=10.9405	347.2 examples/second
2022-09-27 03:53:28,482 - INFO - Test Loss=9.6260, Test pred acc=0.8126, Test mean synset acc=0.9012
2022-09-27 03:53:28,483 - INFO - Error Depth: [  10.   34.  178.  267.   94.   72. 2845.]
2022-09-27 03:53:28,484 - INFO - Epoch time: 270.1487183570862
2022-09-27 03:53:28,484 - INFO - 
Epoch: 67
2022-09-27 03:53:28,484 - INFO - 
Learning Rate: 0.0010
2022-09-27 03:53:28,484 - INFO - Synset CE Weight: 0.0
Soft prediction CE Weight: 1.0
Outlier Exposure Weight: 0.3499999940395355
2022-09-27 03:54:25,651 - INFO - [Step=47250]	Loss=10.9316	559.8 examples/second
2022-09-27 03:55:58,184 - INFO - [Step=47500]	Loss=10.9375	345.8 examples/second
2022-09-27 03:57:30,564 - INFO - [Step=47750]	Loss=10.9351	346.4 examples/second
2022-09-27 03:57:58,199 - INFO - Test Loss=9.6236, Test pred acc=0.8163, Test mean synset acc=0.9023
2022-09-27 03:57:58,200 - INFO - Error Depth: [   8.   30.  174.  265.   92.   73. 2858.]
2022-09-27 03:57:58,200 - INFO - Epoch time: 269.7164342403412
2022-09-27 03:57:58,200 - INFO - 
Epoch: 68
2022-09-27 03:57:58,200 - INFO - 
Learning Rate: 0.0010
2022-09-27 03:57:58,201 - INFO - Synset CE Weight: 0.0
Soft prediction CE Weight: 1.0
Outlier Exposure Weight: 0.3499999940395355
2022-09-27 03:59:13,176 - INFO - [Step=48000]	Loss=10.9195	426.8 examples/second
2022-09-27 04:00:45,640 - INFO - [Step=48250]	Loss=10.9264	346.1 examples/second
2022-09-27 04:02:18,145 - INFO - [Step=48500]	Loss=10.9359	345.9 examples/second
2022-09-27 04:02:28,710 - INFO - Test Loss=9.6244, Test pred acc=0.8186, Test mean synset acc=0.9032
2022-09-27 04:02:28,711 - INFO - Error Depth: [  10.   30.  171.  260.   95.   71. 2863.]
2022-09-27 04:02:28,712 - INFO - Saving...
2022-09-27 04:02:29,242 - INFO - Epoch time: 271.0412378311157
2022-09-27 04:02:29,242 - INFO - 
Epoch: 69
2022-09-27 04:02:29,242 - INFO - 
Learning Rate: 0.0010
2022-09-27 04:02:29,242 - INFO - Synset CE Weight: 0.0
Soft prediction CE Weight: 1.0
Outlier Exposure Weight: 0.3499999940395355
2022-09-27 04:04:01,504 - INFO - [Step=48750]	Loss=10.9267	346.8 examples/second
2022-09-27 04:05:33,993 - INFO - [Step=49000]	Loss=10.9186	346.0 examples/second
2022-09-27 04:06:59,424 - INFO - Test Loss=9.6276, Test pred acc=0.8134, Test mean synset acc=0.9013
2022-09-27 04:06:59,425 - INFO - Error Depth: [   7.   35.  177.  262.   93.   78. 2848.]
2022-09-27 04:06:59,426 - INFO - Epoch time: 270.1837055683136
2022-09-27 04:06:59,426 - INFO - 
Epoch: 70
2022-09-27 04:06:59,426 - INFO - 
Learning Rate: 0.0010
2022-09-27 04:06:59,426 - INFO - Synset CE Weight: 0.0
Soft prediction CE Weight: 1.0
Outlier Exposure Weight: 0.3499999940395355
2022-09-27 04:07:16,598 - INFO - [Step=49250]	Loss=10.9191	1863.6 examples/second
2022-09-27 04:08:49,079 - INFO - [Step=49500]	Loss=10.9307	346.0 examples/second
2022-09-27 04:10:21,380 - INFO - [Step=49750]	Loss=10.9299	346.7 examples/second
2022-09-27 04:11:29,548 - INFO - Test Loss=9.6249, Test pred acc=0.8143, Test mean synset acc=0.8999
2022-09-27 04:11:29,549 - INFO - Error Depth: [   8.   28.  176.  268.   98.   73. 2849.]
2022-09-27 04:11:29,549 - INFO - Epoch time: 270.12359976768494
2022-09-27 04:11:29,549 - INFO - 
Epoch: 71
2022-09-27 04:11:29,550 - INFO - 
Learning Rate: 0.0010
2022-09-27 04:11:29,550 - INFO - Synset CE Weight: 0.0
Soft prediction CE Weight: 1.0
Outlier Exposure Weight: 0.3499999940395355
2022-09-27 04:12:03,798 - INFO - [Step=50000]	Loss=10.9132	934.4 examples/second
2022-09-27 04:13:36,259 - INFO - [Step=50250]	Loss=10.9320	346.1 examples/second
2022-09-27 04:15:08,596 - INFO - [Step=50500]	Loss=10.9275	346.6 examples/second
2022-09-27 04:15:59,430 - INFO - Test Loss=9.6249, Test pred acc=0.8146, Test mean synset acc=0.9028
2022-09-27 04:15:59,431 - INFO - Error Depth: [   8.   33.  182.  258.   97.   73. 2849.]
2022-09-27 04:15:59,431 - INFO - Epoch time: 269.8819856643677
2022-09-27 04:15:59,432 - INFO - 
Epoch: 72
2022-09-27 04:15:59,432 - INFO - 
Learning Rate: 0.0010
2022-09-27 04:15:59,432 - INFO - Synset CE Weight: 0.0
Soft prediction CE Weight: 1.0
Outlier Exposure Weight: 0.3499999940395355
2022-09-27 04:16:50,888 - INFO - [Step=50750]	Loss=10.9274	621.9 examples/second
2022-09-27 04:18:23,630 - INFO - [Step=51000]	Loss=10.9111	345.0 examples/second
2022-09-27 04:19:56,060 - INFO - [Step=51250]	Loss=10.9213	346.2 examples/second
2022-09-27 04:20:29,294 - INFO - Test Loss=9.6230, Test pred acc=0.8171, Test mean synset acc=0.9035
2022-09-27 04:20:29,295 - INFO - Error Depth: [   7.   31.  173.  260.   96.   70. 2863.]
2022-09-27 04:20:29,296 - INFO - Epoch time: 269.8640208244324
2022-09-27 04:20:29,296 - INFO - 
Epoch: 73
2022-09-27 04:20:29,296 - INFO - 
Learning Rate: 0.0010
2022-09-27 04:20:29,296 - INFO - Synset CE Weight: 0.0
Soft prediction CE Weight: 1.0
Outlier Exposure Weight: 0.3499999940395355
2022-09-27 04:21:38,277 - INFO - [Step=51500]	Loss=10.9249	463.9 examples/second
2022-09-27 04:23:10,843 - INFO - [Step=51750]	Loss=10.9227	345.7 examples/second
2022-09-27 04:24:43,346 - INFO - [Step=52000]	Loss=10.9206	345.9 examples/second
2022-09-27 04:24:59,343 - INFO - Test Loss=9.6255, Test pred acc=0.8160, Test mean synset acc=0.9029
2022-09-27 04:24:59,344 - INFO - Error Depth: [   8.   31.  176.  260.   94.   71. 2860.]
2022-09-27 04:24:59,345 - INFO - Epoch time: 270.0491542816162
2022-09-27 04:24:59,345 - INFO - 
Epoch: 74
2022-09-27 04:24:59,345 - INFO - 
Learning Rate: 0.0010
2022-09-27 04:24:59,345 - INFO - Synset CE Weight: 0.0
Soft prediction CE Weight: 1.0
Outlier Exposure Weight: 0.3499999940395355
2022-09-27 04:26:25,831 - INFO - [Step=52250]	Loss=10.9137	370.0 examples/second
2022-09-27 04:27:58,194 - INFO - [Step=52500]	Loss=10.9257	346.5 examples/second
2022-09-27 04:29:29,115 - INFO - Test Loss=9.6280, Test pred acc=0.8151, Test mean synset acc=0.9025
2022-09-27 04:29:29,117 - INFO - Error Depth: [  10.   31.  183.  261.   92.   70. 2853.]
2022-09-27 04:29:29,117 - INFO - Epoch time: 269.7719826698303
2022-09-27 04:29:29,117 - INFO - 
Epoch: 75
2022-09-27 04:29:29,117 - INFO - 
Learning Rate: 0.0010
2022-09-27 04:29:29,117 - INFO - Synset CE Weight: 0.0
Soft prediction CE Weight: 1.0
Outlier Exposure Weight: 0.3499999940395355
2022-09-27 04:29:40,507 - INFO - [Step=52750]	Loss=10.8962	2809.8 examples/second
2022-09-27 04:31:13,026 - INFO - [Step=53000]	Loss=10.9124	345.9 examples/second
2022-09-27 04:32:45,438 - INFO - [Step=53250]	Loss=10.9158	346.3 examples/second
2022-09-27 04:33:59,140 - INFO - Test Loss=9.6231, Test pred acc=0.8177, Test mean synset acc=0.9024
2022-09-27 04:33:59,141 - INFO - Error Depth: [   7.   30.  180.  263.   93.   70. 2857.]
2022-09-27 04:33:59,141 - INFO - Epoch time: 270.02439546585083
2022-09-27 04:33:59,142 - INFO - 
Epoch: 76
2022-09-27 04:33:59,142 - INFO - 
Learning Rate: 0.0010
2022-09-27 04:33:59,142 - INFO - Synset CE Weight: 0.0
Soft prediction CE Weight: 1.0
Outlier Exposure Weight: 0.3499999940395355
2022-09-27 04:34:27,875 - INFO - [Step=53500]	Loss=10.9062	1113.7 examples/second
2022-09-27 04:36:00,492 - INFO - [Step=53750]	Loss=10.9065	345.5 examples/second
2022-09-27 04:37:32,590 - INFO - [Step=54000]	Loss=10.9144	347.5 examples/second
2022-09-27 04:38:29,280 - INFO - Test Loss=9.6238, Test pred acc=0.8140, Test mean synset acc=0.9011
2022-09-27 04:38:29,281 - INFO - Error Depth: [   8.   35.  174.  271.   96.   70. 2846.]
2022-09-27 04:38:29,281 - INFO - Epoch time: 270.139461517334
2022-09-27 04:38:29,281 - INFO - 
Epoch: 77
2022-09-27 04:38:29,281 - INFO - 
Learning Rate: 0.0010
2022-09-27 04:38:29,281 - INFO - Synset CE Weight: 0.0
Soft prediction CE Weight: 1.0
Outlier Exposure Weight: 0.3499999940395355
2022-09-27 04:39:15,286 - INFO - [Step=54250]	Loss=10.9096	695.6 examples/second
2022-09-27 04:40:47,829 - INFO - [Step=54500]	Loss=10.9133	345.8 examples/second
2022-09-27 04:42:20,259 - INFO - [Step=54750]	Loss=10.9129	346.2 examples/second
2022-09-27 04:42:58,944 - INFO - Test Loss=9.6253, Test pred acc=0.8180, Test mean synset acc=0.9028
2022-09-27 04:42:58,945 - INFO - Error Depth: [   9.   31.  171.  268.   94.   71. 2856.]
2022-09-27 04:42:58,945 - INFO - Epoch time: 269.66399097442627
2022-09-27 04:42:58,945 - INFO - 
Epoch: 78
2022-09-27 04:42:58,945 - INFO - 
Learning Rate: 0.0010
2022-09-27 04:42:58,945 - INFO - Synset CE Weight: 0.0
Soft prediction CE Weight: 1.0
Outlier Exposure Weight: 0.3499999940395355
2022-09-27 04:44:02,737 - INFO - [Step=55000]	Loss=10.9226	501.7 examples/second
2022-09-27 04:45:35,132 - INFO - [Step=55250]	Loss=10.9104	346.3 examples/second
2022-09-27 04:47:07,731 - INFO - [Step=55500]	Loss=10.9122	345.6 examples/second
2022-09-27 04:47:29,211 - INFO - Test Loss=9.6240, Test pred acc=0.8189, Test mean synset acc=0.9047
2022-09-27 04:47:29,212 - INFO - Error Depth: [   8.   33.  169.  261.   91.   71. 2867.]
2022-09-27 04:47:29,212 - INFO - Saving...
2022-09-27 04:47:29,665 - INFO - Epoch time: 270.72011256217957
2022-09-27 04:47:29,666 - INFO - 
Epoch: 79
2022-09-27 04:47:29,666 - INFO - 
Learning Rate: 0.0010
2022-09-27 04:47:29,666 - INFO - Synset CE Weight: 0.0
Soft prediction CE Weight: 1.0
Outlier Exposure Weight: 0.3499999940395355
2022-09-27 04:48:50,820 - INFO - [Step=55750]	Loss=10.8983	394.3 examples/second
2022-09-27 04:50:23,327 - INFO - [Step=56000]	Loss=10.9143	345.9 examples/second
2022-09-27 04:51:59,969 - INFO - Test Loss=9.6217, Test pred acc=0.8143, Test mean synset acc=0.9021
2022-09-27 04:51:59,970 - INFO - Error Depth: [   9.   29.  173.  265.   95.   74. 2855.]
2022-09-27 04:51:59,970 - INFO - Epoch time: 270.3046474456787
2022-09-27 04:51:59,970 - INFO - 
Epoch: 80
2022-09-27 04:51:59,970 - INFO - 
Learning Rate: 0.0010
2022-09-27 04:51:59,971 - INFO - Synset CE Weight: 0.0
Soft prediction CE Weight: 1.0
Outlier Exposure Weight: 0.3499999940395355
2022-09-27 04:52:05,662 - INFO - [Step=56250]	Loss=10.8726	5623.9 examples/second
2022-09-27 04:53:38,276 - INFO - [Step=56500]	Loss=10.9088	345.5 examples/second
2022-09-27 04:55:10,941 - INFO - [Step=56750]	Loss=10.8993	345.3 examples/second
2022-09-27 04:56:30,317 - INFO - Test Loss=9.6224, Test pred acc=0.8160, Test mean synset acc=0.9019
2022-09-27 04:56:30,318 - INFO - Error Depth: [   8.   28.  180.  268.   90.   69. 2857.]
2022-09-27 04:56:30,318 - INFO - Epoch time: 270.3478617668152
2022-09-27 04:56:30,318 - INFO - 
Epoch: 81
2022-09-27 04:56:30,318 - INFO - 
Learning Rate: 0.0010
2022-09-27 04:56:30,319 - INFO - Synset CE Weight: 0.0
Soft prediction CE Weight: 1.0
Outlier Exposure Weight: 0.3499999940395355
2022-09-27 04:56:53,592 - INFO - [Step=57000]	Loss=10.8959	1375.0 examples/second
2022-09-27 04:58:26,283 - INFO - [Step=57250]	Loss=10.9056	345.2 examples/second
2022-09-27 04:59:58,625 - INFO - [Step=57500]	Loss=10.9182	346.5 examples/second
2022-09-27 05:01:00,512 - INFO - Test Loss=9.6205, Test pred acc=0.8149, Test mean synset acc=0.9024
2022-09-27 05:01:00,513 - INFO - Error Depth: [  10.   34.  177.  264.   93.   70. 2852.]
2022-09-27 05:01:00,513 - INFO - Epoch time: 270.1949644088745
2022-09-27 05:01:00,513 - INFO - 
Epoch: 82
2022-09-27 05:01:00,514 - INFO - 
Learning Rate: 0.0010
2022-09-27 05:01:00,514 - INFO - Synset CE Weight: 0.0
Soft prediction CE Weight: 1.0
Outlier Exposure Weight: 0.3499999940395355
2022-09-27 05:01:41,304 - INFO - [Step=57750]	Loss=10.9095	784.5 examples/second
2022-09-27 05:03:13,723 - INFO - [Step=58000]	Loss=10.9133	346.3 examples/second
2022-09-27 05:04:46,093 - INFO - [Step=58250]	Loss=10.9023	346.4 examples/second
2022-09-27 05:05:30,318 - INFO - Test Loss=9.6242, Test pred acc=0.8134, Test mean synset acc=0.9002
2022-09-27 05:05:30,319 - INFO - Error Depth: [   6.   38.  181.  265.   96.   73. 2841.]
2022-09-27 05:05:30,319 - INFO - Epoch time: 269.80584931373596
2022-09-27 05:05:30,319 - INFO - 
Epoch: 83
2022-09-27 05:05:30,319 - INFO - 
Learning Rate: 0.0010
2022-09-27 05:05:30,320 - INFO - Synset CE Weight: 0.0
Soft prediction CE Weight: 1.0
Outlier Exposure Weight: 0.3499999940395355
2022-09-27 05:06:28,327 - INFO - [Step=58500]	Loss=10.9067	551.7 examples/second
2022-09-27 05:08:00,824 - INFO - [Step=58750]	Loss=10.9043	346.0 examples/second
2022-09-27 05:09:33,174 - INFO - [Step=59000]	Loss=10.9036	346.5 examples/second
2022-09-27 05:10:00,225 - INFO - Test Loss=9.6226, Test pred acc=0.8131, Test mean synset acc=0.9010
2022-09-27 05:10:00,225 - INFO - Error Depth: [   9.   36.  171.  270.   94.   73. 2847.]
2022-09-27 05:10:00,226 - INFO - Epoch time: 269.9063093662262
2022-09-27 05:10:00,226 - INFO - 
Epoch: 84
2022-09-27 05:10:00,226 - INFO - 
Learning Rate: 0.0010
2022-09-27 05:10:00,226 - INFO - Synset CE Weight: 0.0
Soft prediction CE Weight: 1.0
Outlier Exposure Weight: 0.3499999940395355
2022-09-27 05:11:15,515 - INFO - [Step=59250]	Loss=10.8998	425.0 examples/second
2022-09-27 05:12:47,893 - INFO - [Step=59500]	Loss=10.9023	346.4 examples/second
2022-09-27 05:14:20,306 - INFO - [Step=59750]	Loss=10.8982	346.3 examples/second
2022-09-27 05:14:30,000 - INFO - Test Loss=9.6233, Test pred acc=0.8166, Test mean synset acc=0.9030
2022-09-27 05:14:30,001 - INFO - Error Depth: [   7.   32.  174.  263.   96.   70. 2858.]
2022-09-27 05:14:30,001 - INFO - Epoch time: 269.7753469944
2022-09-27 05:14:30,001 - INFO - 
Epoch: 85
2022-09-27 05:14:30,001 - INFO - 
Learning Rate: 0.0010
2022-09-27 05:14:30,001 - INFO - Synset CE Weight: 0.0
Soft prediction CE Weight: 1.0
Outlier Exposure Weight: 0.3499999940395355
2022-09-27 05:16:02,983 - INFO - [Step=60000]	Loss=10.8886	344.2 examples/second
2022-09-27 05:17:35,342 - INFO - [Step=60250]	Loss=10.8971	346.5 examples/second
2022-09-27 05:18:59,747 - INFO - Test Loss=9.6248, Test pred acc=0.8134, Test mean synset acc=0.9003
2022-09-27 05:18:59,748 - INFO - Error Depth: [   9.   31.  172.  275.   94.   71. 2848.]
2022-09-27 05:18:59,748 - INFO - Epoch time: 269.74716544151306
2022-09-27 05:18:59,749 - INFO - 
Epoch: 86
2022-09-27 05:18:59,749 - INFO - 
Learning Rate: 0.0010
2022-09-27 05:18:59,749 - INFO - Synset CE Weight: 0.0
Soft prediction CE Weight: 1.0
Outlier Exposure Weight: 0.3499999940395355
2022-09-27 05:19:17,571 - INFO - [Step=60500]	Loss=10.8899	1795.6 examples/second
2022-09-27 05:20:50,034 - INFO - [Step=60750]	Loss=10.9002	346.1 examples/second
2022-09-27 05:22:22,516 - INFO - [Step=61000]	Loss=10.9082	346.0 examples/second
2022-09-27 05:23:30,000 - INFO - Test Loss=9.6234, Test pred acc=0.8129, Test mean synset acc=0.8997
2022-09-27 05:23:30,001 - INFO - Error Depth: [  11.   31.  173.  274.   97.   71. 2843.]
2022-09-27 05:23:30,001 - INFO - Epoch time: 270.252845287323
2022-09-27 05:23:30,001 - INFO - 
Epoch: 87
2022-09-27 05:23:30,002 - INFO - 
Learning Rate: 0.0010
2022-09-27 05:23:30,002 - INFO - Synset CE Weight: 0.0
Soft prediction CE Weight: 1.0
Outlier Exposure Weight: 0.3499999940395355
2022-09-27 05:24:04,996 - INFO - [Step=61250]	Loss=10.8849	914.5 examples/second
2022-09-27 05:25:37,276 - INFO - [Step=61500]	Loss=10.8977	346.8 examples/second
2022-09-27 05:27:09,663 - INFO - [Step=61750]	Loss=10.9023	346.4 examples/second
2022-09-27 05:27:59,445 - INFO - Test Loss=9.6226, Test pred acc=0.8137, Test mean synset acc=0.9007
2022-09-27 05:27:59,445 - INFO - Error Depth: [  11.   30.  175.  269.   95.   76. 2844.]
2022-09-27 05:27:59,446 - INFO - Epoch time: 269.4441521167755
2022-09-27 05:27:59,446 - INFO - 
Epoch: 88
2022-09-27 05:27:59,446 - INFO - 
Learning Rate: 0.0010
2022-09-27 05:27:59,446 - INFO - Synset CE Weight: 0.0
Soft prediction CE Weight: 1.0
Outlier Exposure Weight: 0.3499999940395355
2022-09-27 05:28:51,794 - INFO - [Step=62000]	Loss=10.8846	611.3 examples/second
2022-09-27 05:30:24,359 - INFO - [Step=62250]	Loss=10.8892	345.7 examples/second
2022-09-27 05:31:56,736 - INFO - [Step=62500]	Loss=10.8992	346.4 examples/second
2022-09-27 05:32:28,979 - INFO - Test Loss=9.6247, Test pred acc=0.8129, Test mean synset acc=0.9007
2022-09-27 05:32:28,979 - INFO - Error Depth: [   9.   28.  178.  270.   95.   73. 2847.]
2022-09-27 05:32:28,980 - INFO - Epoch time: 269.53395652770996
2022-09-27 05:32:28,980 - INFO - 
Epoch: 89
2022-09-27 05:32:28,980 - INFO - 
Learning Rate: 0.0010
2022-09-27 05:32:28,980 - INFO - Synset CE Weight: 0.0
Soft prediction CE Weight: 1.0
Outlier Exposure Weight: 0.3499999940395355
2022-09-27 05:33:38,851 - INFO - [Step=62750]	Loss=10.8990	458.0 examples/second
2022-09-27 05:35:11,278 - INFO - [Step=63000]	Loss=10.8966	346.2 examples/second
2022-09-27 05:36:43,784 - INFO - [Step=63250]	Loss=10.8972	345.9 examples/second
2022-09-27 05:36:59,004 - INFO - Test Loss=9.6241, Test pred acc=0.8151, Test mean synset acc=0.9016
2022-09-27 05:36:59,005 - INFO - Error Depth: [   7.   26.  179.  267.   91.   74. 2856.]
2022-09-27 05:36:59,005 - INFO - Epoch time: 270.02557611465454
2022-09-27 05:36:59,007 - INFO - Printing Final Accuracy + OOD Detection stats
2022-09-27 05:36:59,007 - INFO - Top 1 Accuracy:  Min: 0.8189; Max: 0.8189; Avg: 0.8189; Std: 0.0000; Len: 1
2022-09-27 05:36:59,007 - INFO - Top 5 Accuracy:  Min: 0.9047; Max: 0.9047; Avg: 0.9047; Std: 0.0000; Len: 1
