2022-04-11 11:24:07,652 - INFO - ==> Preparing data..
2022-04-11 11:24:08,179 - INFO - # ID Test: 4150
2022-04-11 11:24:08,179 - INFO - # OOD: 850
2022-04-11 11:24:08,209 - INFO - # iNaturalist: 10000
2022-04-11 11:24:08,235 - INFO - # SUN: 10000
2022-04-11 11:24:08,265 - INFO - # Places: 10000
2022-04-11 11:24:08,315 - INFO - # Textures: 5640
2022-04-11 11:24:08,329 - INFO - # coarseid-coarseood: 700
2022-04-11 11:24:08,333 - INFO - # coarseid-fineood: 150
2022-04-11 11:25:58,719 - INFO - Accuracy Results
2022-04-11 11:25:58,720 - INFO - Top-1 Accuracy: 0.8224096298217773
2022-04-11 11:25:58,720 - INFO - Top-5 Accuracy: 0.9737349152565002
2022-04-11 11:25:58,720 - INFO - OOD Results
2022-04-11 11:26:08,340 - INFO - Computing OOD Statistics...
2022-04-11 11:26:23,872 - INFO - Computing OOD Statistics...
2022-04-11 11:26:49,790 - INFO - Computing OOD Statistics...
2022-04-11 11:27:03,285 - INFO - Computing OOD Statistics...
2022-04-11 11:27:12,061 - INFO - Computing OOD Statistics...
2022-04-11 11:27:17,160 - INFO - Computing OOD Statistics...
2022-04-11 11:27:20,562 - INFO - Computing OOD Statistics...
2022-04-11 11:27:20,571 - INFO - OOD Dataset: OOD
2022-04-11 11:27:20,571 - INFO - MSP AUROC [0.9055376328844791]
2022-04-11 11:27:20,571 - INFO - MSP TNR [0.5552941176470588]
2022-04-11 11:27:20,571 - INFO - MSP AUOUT [0.688298494797195]
2022-04-11 11:27:20,571 - INFO - ODIN AUROC [0.9346120481927711]
2022-04-11 11:27:20,571 - INFO - ODIN TNR [0.7235294117647059]
2022-04-11 11:27:20,571 - INFO - ODIN AUOUT [0.7394304634325171]
2022-04-11 11:27:20,571 - INFO - OOD Dataset: iNaturalist
2022-04-11 11:27:20,571 - INFO - MSP AUROC [0.9214037108433735]
2022-04-11 11:27:20,571 - INFO - MSP TNR [0.6115999999999999]
2022-04-11 11:27:20,571 - INFO - MSP AUOUT [0.9610870253868126]
2022-04-11 11:27:20,571 - INFO - ODIN AUROC [0.9579512530120481]
2022-04-11 11:27:20,571 - INFO - ODIN TNR [0.7653]
2022-04-11 11:27:20,571 - INFO - ODIN AUOUT [0.9782782302003865]
2022-04-11 11:27:20,571 - INFO - OOD Dataset: SUN
2022-04-11 11:27:20,571 - INFO - MSP AUROC [0.9429859277108434]
2022-04-11 11:27:20,571 - INFO - MSP TNR [0.6849000000000001]
2022-04-11 11:27:20,572 - INFO - MSP AUOUT [0.9714144777218674]
2022-04-11 11:27:20,572 - INFO - ODIN AUROC [0.9751851084337351]
2022-04-11 11:27:20,572 - INFO - ODIN TNR [0.8729]
2022-04-11 11:27:20,572 - INFO - ODIN AUOUT [0.9864148853121694]
2022-04-11 11:27:20,572 - INFO - OOD Dataset: Places
2022-04-11 11:27:20,572 - INFO - MSP AUROC [0.9298224578313253]
2022-04-11 11:27:20,572 - INFO - MSP TNR [0.6262]
2022-04-11 11:27:20,572 - INFO - MSP AUOUT [0.9646758761633522]
2022-04-11 11:27:20,572 - INFO - ODIN AUROC [0.9632667469879518]
2022-04-11 11:27:20,572 - INFO - ODIN TNR [0.8122]
2022-04-11 11:27:20,572 - INFO - ODIN AUOUT [0.9809532258057179]
2022-04-11 11:27:20,572 - INFO - OOD Dataset: Textures
2022-04-11 11:27:20,572 - INFO - MSP AUROC [0.8963483722122532]
2022-04-11 11:27:20,572 - INFO - MSP TNR [0.5418439716312057]
2022-04-11 11:27:20,572 - INFO - MSP AUOUT [0.9172760966437866]
2022-04-11 11:27:20,572 - INFO - ODIN AUROC [0.9572175510552849]
2022-04-11 11:27:20,572 - INFO - ODIN TNR [0.7819148936170213]
2022-04-11 11:27:20,572 - INFO - ODIN AUOUT [0.9651424472399476]
2022-04-11 11:27:20,572 - INFO - OOD Dataset: coarseid-coarseood
2022-04-11 11:27:20,572 - INFO - MSP AUROC [0.9273845094664371]
2022-04-11 11:27:20,572 - INFO - MSP TNR [0.6042857142857143]
2022-04-11 11:27:20,572 - INFO - MSP AUOUT [0.6933367208749578]
2022-04-11 11:27:20,572 - INFO - ODIN AUROC [0.9619094664371772]
2022-04-11 11:27:20,573 - INFO - ODIN TNR [0.7914285714285714]
2022-04-11 11:27:20,573 - INFO - ODIN AUOUT [0.753710108042845]
2022-04-11 11:27:20,573 - INFO - OOD Dataset: coarseid-fineood
2022-04-11 11:27:20,573 - INFO - MSP AUROC [0.8035855421686747]
2022-04-11 11:27:20,573 - INFO - MSP TNR [0.32666666666666666]
2022-04-11 11:27:20,573 - INFO - MSP AUOUT [0.20323373814899243]
2022-04-11 11:27:20,573 - INFO - ODIN AUROC [0.8072240963855422]
2022-04-11 11:27:20,573 - INFO - ODIN TNR [0.4066666666666666]
2022-04-11 11:27:20,573 - INFO - ODIN AUOUT [0.17465125741187174]
