2022-05-17 17:18:37,215 - INFO - ==> Preparing data..
2022-05-17 17:18:37,659 - INFO - # ID Train: 106872
2022-05-17 17:18:37,660 - INFO - # ID Test:  4150
2022-05-17 17:18:37,660 - INFO - # OOD Test: 850
2022-05-17 17:18:37,660 - INFO - checkpoint filename: experiments/coarse/cascade/pruned-wn/softpred_oe_R0_depthweight/checkpoint.pt
2022-05-17 17:18:37,660 - INFO - log filename: experiments/coarse/cascade/pruned-wn/softpred_oe_R0_depthweight/train.log
2022-05-17 17:18:37,660 - INFO - ********************************************************
2022-05-17 17:18:37,660 - INFO - Starting Iter: 0 / 1
2022-05-17 17:18:37,660 - INFO - ********************************************************
2022-05-17 17:19:06,877 - INFO - cuda
2022-05-17 17:19:07,372 - INFO - 
Epoch: 0
2022-05-17 17:19:07,372 - INFO - 
Learning Rate: 0.0100
2022-05-17 17:19:07,372 - INFO - Synset CE Weight: 0.0
Soft prediction CE Weight: 1.0
Outlier Exposure Weight: 0.20000000298023224
2022-05-17 17:21:04,131 - INFO - [Step=250]	Loss=11.3316	274.1 examples/second
2022-05-17 17:22:35,565 - INFO - [Step=500]	Loss=10.7964	350.0 examples/second
2022-05-17 17:24:07,100 - INFO - [Step=750]	Loss=10.6811	349.6 examples/second
2022-05-17 17:24:47,060 - INFO - Test Loss=7.9145, Test top-1 acc=0.0834, Test mean synset acc=0.4883
2022-05-17 17:24:47,061 - INFO - Error Depth: [ 112.  391. 1141. 1246.  595.  319.  346.]
2022-05-17 17:24:47,061 - INFO - Saving...
2022-05-17 17:24:47,892 - INFO - Epoch time: 340.5200538635254
2022-05-17 17:24:47,892 - INFO - 
Epoch: 1
2022-05-17 17:24:47,892 - INFO - 
Learning Rate: 0.0280
2022-05-17 17:24:47,892 - INFO - Synset CE Weight: 0.0
Soft prediction CE Weight: 1.0
Outlier Exposure Weight: 0.20000000298023224
2022-05-17 17:25:50,332 - INFO - [Step=1000]	Loss=10.6170	310.0 examples/second
2022-05-17 17:27:22,109 - INFO - [Step=1250]	Loss=10.5114	348.7 examples/second
2022-05-17 17:28:53,770 - INFO - [Step=1500]	Loss=10.3757	349.1 examples/second
2022-05-17 17:30:05,180 - INFO - Test Loss=7.7081, Test top-1 acc=0.1742, Test mean synset acc=0.5373
2022-05-17 17:30:05,181 - INFO - Error Depth: [ 103.  353.  971. 1145.  597.  258.  723.]
2022-05-17 17:30:05,181 - INFO - Saving...
2022-05-17 17:30:05,995 - INFO - Epoch time: 318.10292649269104
2022-05-17 17:30:05,995 - INFO - 
Epoch: 2
2022-05-17 17:30:05,995 - INFO - 
Learning Rate: 0.0460
2022-05-17 17:30:05,996 - INFO - Synset CE Weight: 0.0
Soft prediction CE Weight: 1.0
Outlier Exposure Weight: 0.20000000298023224
2022-05-17 17:30:37,239 - INFO - [Step=1750]	Loss=10.2769	309.3 examples/second
2022-05-17 17:32:09,155 - INFO - [Step=2000]	Loss=10.2658	348.1 examples/second
2022-05-17 17:33:41,105 - INFO - [Step=2250]	Loss=10.1342	348.0 examples/second
2022-05-17 17:35:13,653 - INFO - [Step=2500]	Loss=10.0117	345.8 examples/second
2022-05-17 17:35:24,074 - INFO - Test Loss=7.7162, Test top-1 acc=0.2164, Test mean synset acc=0.5766
2022-05-17 17:35:24,075 - INFO - Error Depth: [ 123.  372. 1003.  990.  523.  241.  898.]
2022-05-17 17:35:24,075 - INFO - Saving...
2022-05-17 17:35:24,758 - INFO - Epoch time: 318.76301288604736
2022-05-17 17:35:24,759 - INFO - 
Epoch: 3
2022-05-17 17:35:24,759 - INFO - 
Learning Rate: 0.0640
2022-05-17 17:35:24,759 - INFO - Synset CE Weight: 0.0
Soft prediction CE Weight: 1.0
Outlier Exposure Weight: 0.20000000298023224
2022-05-17 17:36:56,481 - INFO - [Step=2750]	Loss=9.9565	311.2 examples/second
2022-05-17 17:38:28,223 - INFO - [Step=3000]	Loss=9.8399	348.8 examples/second
2022-05-17 17:40:00,522 - INFO - [Step=3250]	Loss=9.7818	346.7 examples/second
2022-05-17 17:40:42,199 - INFO - Test Loss=7.4915, Test top-1 acc=0.3022, Test mean synset acc=0.6119
2022-05-17 17:40:42,199 - INFO - Error Depth: [  94.  276.  879.  927.  512.  208. 1254.]
2022-05-17 17:40:42,200 - INFO - Saving...
2022-05-17 17:40:43,026 - INFO - Epoch time: 318.26730608940125
2022-05-17 17:40:43,026 - INFO - 
Epoch: 4
2022-05-17 17:40:43,026 - INFO - 
Learning Rate: 0.1000
2022-05-17 17:40:43,027 - INFO - Synset CE Weight: 0.0
Soft prediction CE Weight: 1.0
Outlier Exposure Weight: 0.20000000298023224
2022-05-17 17:41:43,748 - INFO - [Step=3500]	Loss=9.7614	310.0 examples/second
2022-05-17 17:43:15,693 - INFO - [Step=3750]	Loss=9.6820	348.0 examples/second
2022-05-17 17:44:47,504 - INFO - [Step=4000]	Loss=9.5688	348.5 examples/second
2022-05-17 17:46:01,037 - INFO - Test Loss=8.1997, Test top-1 acc=0.2667, Test mean synset acc=0.5818
2022-05-17 17:46:01,038 - INFO - Error Depth: [ 107.  238.  934.  961.  507.  296. 1107.]
2022-05-17 17:46:01,038 - INFO - Epoch time: 318.0115566253662
2022-05-17 17:46:01,038 - INFO - 
Epoch: 5
2022-05-17 17:46:01,038 - INFO - 
Learning Rate: 0.1000
2022-05-17 17:46:01,038 - INFO - Synset CE Weight: 0.0
Soft prediction CE Weight: 1.0
Outlier Exposure Weight: 0.20000000298023224
2022-05-17 17:46:30,726 - INFO - [Step=4250]	Loss=9.4828	310.0 examples/second
2022-05-17 17:48:02,659 - INFO - [Step=4500]	Loss=9.3975	348.1 examples/second
2022-05-17 17:49:34,532 - INFO - [Step=4750]	Loss=9.3989	348.3 examples/second
2022-05-17 17:51:06,863 - INFO - [Step=5000]	Loss=9.2704	346.6 examples/second
2022-05-17 17:51:19,088 - INFO - Test Loss=7.2109, Test top-1 acc=0.3998, Test mean synset acc=0.6765
2022-05-17 17:51:19,089 - INFO - Error Depth: [  85.  223.  781.  806.  416.  180. 1659.]
2022-05-17 17:51:19,090 - INFO - Saving...
2022-05-17 17:51:19,692 - INFO - Epoch time: 318.6541118621826
2022-05-17 17:51:19,692 - INFO - 
Epoch: 6
2022-05-17 17:51:19,693 - INFO - 
Learning Rate: 0.1000
2022-05-17 17:51:19,693 - INFO - Synset CE Weight: 0.0
Soft prediction CE Weight: 1.0
Outlier Exposure Weight: 0.20000000298023224
2022-05-17 17:52:50,221 - INFO - [Step=5250]	Loss=9.1842	309.6 examples/second
2022-05-17 17:54:22,222 - INFO - [Step=5500]	Loss=9.1400	347.8 examples/second
2022-05-17 17:55:54,543 - INFO - [Step=5750]	Loss=9.0800	346.6 examples/second
2022-05-17 17:56:37,915 - INFO - Test Loss=7.1353, Test top-1 acc=0.4436, Test mean synset acc=0.6965
2022-05-17 17:56:37,916 - INFO - Error Depth: [  76.  220.  699.  759.  386.  169. 1841.]
2022-05-17 17:56:37,916 - INFO - Saving...
2022-05-17 17:56:38,642 - INFO - Epoch time: 318.94906425476074
2022-05-17 17:56:38,642 - INFO - 
Epoch: 7
2022-05-17 17:56:38,642 - INFO - 
Learning Rate: 0.1000
2022-05-17 17:56:38,642 - INFO - Synset CE Weight: 0.0
Soft prediction CE Weight: 1.0
Outlier Exposure Weight: 0.20000000298023224
2022-05-17 17:57:37,498 - INFO - [Step=6000]	Loss=9.0181	310.8 examples/second
2022-05-17 17:59:09,228 - INFO - [Step=6250]	Loss=8.9808	348.9 examples/second
2022-05-17 18:00:41,655 - INFO - [Step=6500]	Loss=8.9577	346.2 examples/second
2022-05-17 18:01:56,256 - INFO - Test Loss=7.1459, Test top-1 acc=0.4605, Test mean synset acc=0.7108
2022-05-17 18:01:56,257 - INFO - Error Depth: [  65.  216.  714.  692.  360.  192. 1911.]
2022-05-17 18:01:56,257 - INFO - Saving...
2022-05-17 18:01:57,120 - INFO - Epoch time: 318.47771644592285
2022-05-17 18:01:57,120 - INFO - 
Epoch: 8
2022-05-17 18:01:57,120 - INFO - 
Learning Rate: 0.1000
2022-05-17 18:01:57,120 - INFO - Synset CE Weight: 0.0
Soft prediction CE Weight: 1.0
Outlier Exposure Weight: 0.20000000298023224
2022-05-17 18:02:24,947 - INFO - [Step=6750]	Loss=8.8968	309.8 examples/second
2022-05-17 18:03:56,832 - INFO - [Step=7000]	Loss=8.8447	348.3 examples/second
2022-05-17 18:05:29,244 - INFO - [Step=7250]	Loss=8.8250	346.3 examples/second
2022-05-17 18:07:01,525 - INFO - [Step=7500]	Loss=8.7989	346.8 examples/second
2022-05-17 18:07:15,751 - INFO - Test Loss=7.0033, Test top-1 acc=0.4971, Test mean synset acc=0.7212
2022-05-17 18:07:15,753 - INFO - Error Depth: [  49.  152.  687.  645.  376.  178. 2063.]
2022-05-17 18:07:15,753 - INFO - Saving...
2022-05-17 18:07:16,315 - INFO - Epoch time: 319.1948380470276
2022-05-17 18:07:16,315 - INFO - 
Epoch: 9
2022-05-17 18:07:16,315 - INFO - 
Learning Rate: 0.1000
2022-05-17 18:07:16,316 - INFO - Synset CE Weight: 0.0
Soft prediction CE Weight: 1.0
Outlier Exposure Weight: 0.20000000298023224
2022-05-17 18:08:44,652 - INFO - [Step=7750]	Loss=8.7558	310.3 examples/second
2022-05-17 18:10:16,537 - INFO - [Step=8000]	Loss=8.7277	348.3 examples/second
2022-05-17 18:11:49,020 - INFO - [Step=8250]	Loss=8.6948	346.0 examples/second
2022-05-17 18:12:34,410 - INFO - Test Loss=7.0783, Test top-1 acc=0.4773, Test mean synset acc=0.7220
2022-05-17 18:12:34,411 - INFO - Error Depth: [  54.  191.  669.  695.  397.  163. 1981.]
2022-05-17 18:12:34,411 - INFO - Epoch time: 318.095742225647
2022-05-17 18:12:34,411 - INFO - 
Epoch: 10
2022-05-17 18:12:34,411 - INFO - 
Learning Rate: 0.1000
2022-05-17 18:12:34,411 - INFO - Synset CE Weight: 0.0
Soft prediction CE Weight: 1.0
Outlier Exposure Weight: 0.20000000298023224
2022-05-17 18:13:31,966 - INFO - [Step=8500]	Loss=8.6678	310.8 examples/second
2022-05-17 18:15:04,007 - INFO - [Step=8750]	Loss=8.6567	347.7 examples/second
2022-05-17 18:16:36,361 - INFO - [Step=9000]	Loss=8.6234	346.5 examples/second
2022-05-17 18:17:53,046 - INFO - Test Loss=7.0519, Test top-1 acc=0.5586, Test mean synset acc=0.7658
2022-05-17 18:17:53,047 - INFO - Error Depth: [  72.  155.  529.  611.  308.  157. 2318.]
2022-05-17 18:17:53,048 - INFO - Saving...
2022-05-17 18:17:53,743 - INFO - Epoch time: 319.33173727989197
2022-05-17 18:17:53,743 - INFO - 
Epoch: 11
2022-05-17 18:17:53,743 - INFO - 
Learning Rate: 0.1000
2022-05-17 18:17:53,743 - INFO - Synset CE Weight: 0.0
Soft prediction CE Weight: 1.0
Outlier Exposure Weight: 0.20000000298023224
2022-05-17 18:18:19,559 - INFO - [Step=9250]	Loss=8.6072	310.1 examples/second
2022-05-17 18:19:51,445 - INFO - [Step=9500]	Loss=8.5820	348.3 examples/second
2022-05-17 18:21:23,953 - INFO - [Step=9750]	Loss=8.5663	345.9 examples/second
2022-05-17 18:22:56,040 - INFO - [Step=10000]	Loss=8.5735	347.5 examples/second
2022-05-17 18:23:11,940 - INFO - Test Loss=6.8820, Test top-1 acc=0.5718, Test mean synset acc=0.7697
2022-05-17 18:23:11,941 - INFO - Error Depth: [  48.  165.  512.  631.  295.  126. 2373.]
2022-05-17 18:23:11,941 - INFO - Saving...
2022-05-17 18:23:12,618 - INFO - Epoch time: 318.87461614608765
2022-05-17 18:23:12,618 - INFO - 
Epoch: 12
2022-05-17 18:23:12,618 - INFO - 
Learning Rate: 0.1000
2022-05-17 18:23:12,618 - INFO - Synset CE Weight: 0.0
Soft prediction CE Weight: 1.0
Outlier Exposure Weight: 0.20000000298023224
2022-05-17 18:24:39,343 - INFO - [Step=10250]	Loss=8.6873	309.8 examples/second
2022-05-17 18:26:11,753 - INFO - [Step=10500]	Loss=8.6288	346.3 examples/second
2022-05-17 18:27:44,001 - INFO - [Step=10750]	Loss=8.5457	346.9 examples/second
2022-05-17 18:28:31,316 - INFO - Test Loss=6.9297, Test top-1 acc=0.5590, Test mean synset acc=0.7624
2022-05-17 18:28:31,317 - INFO - Error Depth: [  48.  147.  606.  587.  307.  135. 2320.]
2022-05-17 18:28:31,317 - INFO - Epoch time: 318.6992733478546
2022-05-17 18:28:31,317 - INFO - 
Epoch: 13
2022-05-17 18:28:31,318 - INFO - 
Learning Rate: 0.1000
2022-05-17 18:28:31,318 - INFO - Synset CE Weight: 0.0
Soft prediction CE Weight: 1.0
Outlier Exposure Weight: 0.20000000298023224
2022-05-17 18:29:26,644 - INFO - [Step=11000]	Loss=8.5317	311.8 examples/second
2022-05-17 18:30:58,852 - INFO - [Step=11250]	Loss=8.4996	347.0 examples/second
2022-05-17 18:32:31,344 - INFO - [Step=11500]	Loss=8.4663	346.0 examples/second
2022-05-17 18:33:50,030 - INFO - Test Loss=6.8374, Test top-1 acc=0.6080, Test mean synset acc=0.7853
2022-05-17 18:33:50,031 - INFO - Error Depth: [  45.  142.  474.  555.  273.  138. 2523.]
2022-05-17 18:33:50,031 - INFO - Saving...
2022-05-17 18:33:50,591 - INFO - Epoch time: 319.273686170578
2022-05-17 18:33:50,592 - INFO - 
Epoch: 14
2022-05-17 18:33:50,592 - INFO - 
Learning Rate: 0.1000
2022-05-17 18:33:50,592 - INFO - Synset CE Weight: 0.0
Soft prediction CE Weight: 1.0
Outlier Exposure Weight: 0.20000000298023224
2022-05-17 18:34:14,774 - INFO - [Step=11750]	Loss=8.4440	309.4 examples/second
2022-05-17 18:35:46,733 - INFO - [Step=12000]	Loss=8.4435	348.0 examples/second
2022-05-17 18:37:19,245 - INFO - [Step=12250]	Loss=8.5042	345.9 examples/second
2022-05-17 18:38:51,191 - INFO - [Step=12500]	Loss=8.4762	348.0 examples/second
2022-05-17 18:39:08,941 - INFO - Test Loss=6.8490, Test top-1 acc=0.5865, Test mean synset acc=0.7776
2022-05-17 18:39:08,941 - INFO - Error Depth: [  55.  159.  492.  599.  272.  139. 2434.]
2022-05-17 18:39:08,942 - INFO - Epoch time: 318.3500897884369
2022-05-17 18:39:08,942 - INFO - 
Epoch: 15
2022-05-17 18:39:08,942 - INFO - 
Learning Rate: 0.1000
2022-05-17 18:39:08,942 - INFO - Synset CE Weight: 0.0
Soft prediction CE Weight: 1.0
Outlier Exposure Weight: 0.20000000298023224
2022-05-17 18:40:33,796 - INFO - [Step=12750]	Loss=8.3967	311.9 examples/second
2022-05-17 18:42:06,319 - INFO - [Step=13000]	Loss=8.3797	345.9 examples/second
2022-05-17 18:43:38,237 - INFO - [Step=13250]	Loss=8.3914	348.1 examples/second
2022-05-17 18:44:27,447 - INFO - Test Loss=6.8628, Test top-1 acc=0.6046, Test mean synset acc=0.7810
2022-05-17 18:44:27,448 - INFO - Error Depth: [  38.  132.  506.  550.  278.  137. 2509.]
2022-05-17 18:44:27,448 - INFO - Epoch time: 318.5062470436096
2022-05-17 18:44:27,448 - INFO - 
Epoch: 16
2022-05-17 18:44:27,448 - INFO - 
Learning Rate: 0.1000
2022-05-17 18:44:27,448 - INFO - Synset CE Weight: 0.0
Soft prediction CE Weight: 1.0
Outlier Exposure Weight: 0.20000000298023224
2022-05-17 18:45:21,037 - INFO - [Step=13500]	Loss=8.3582	311.3 examples/second
2022-05-17 18:46:53,441 - INFO - [Step=13750]	Loss=8.3615	346.3 examples/second
2022-05-17 18:48:25,428 - INFO - [Step=14000]	Loss=8.3493	347.9 examples/second
2022-05-17 18:49:45,628 - INFO - Test Loss=6.8374, Test top-1 acc=0.5906, Test mean synset acc=0.7754
2022-05-17 18:49:45,629 - INFO - Error Depth: [  23.  161.  508.  577.  295.  135. 2451.]
2022-05-17 18:49:45,629 - INFO - Epoch time: 318.18122482299805
2022-05-17 18:49:45,629 - INFO - 
Epoch: 17
2022-05-17 18:49:45,629 - INFO - 
Learning Rate: 0.1000
2022-05-17 18:49:45,629 - INFO - Synset CE Weight: 0.0
Soft prediction CE Weight: 1.0
Outlier Exposure Weight: 0.20000000298023224
2022-05-17 18:50:08,168 - INFO - [Step=14250]	Loss=8.3437	311.5 examples/second
2022-05-17 18:51:40,402 - INFO - [Step=14500]	Loss=8.3315	346.9 examples/second
2022-05-17 18:53:12,396 - INFO - [Step=14750]	Loss=8.3077	347.9 examples/second
2022-05-17 18:54:44,261 - INFO - [Step=15000]	Loss=8.3163	348.3 examples/second
2022-05-17 18:55:03,829 - INFO - Test Loss=6.7703, Test top-1 acc=0.6333, Test mean synset acc=0.8005
2022-05-17 18:55:03,830 - INFO - Error Depth: [  41.  131.  448.  505.  263.  134. 2628.]
2022-05-17 18:55:03,830 - INFO - Saving...
2022-05-17 18:55:04,390 - INFO - Epoch time: 318.7609624862671
2022-05-17 18:55:04,391 - INFO - 
Epoch: 18
2022-05-17 18:55:04,391 - INFO - 
Learning Rate: 0.1000
2022-05-17 18:55:04,391 - INFO - Synset CE Weight: 0.0
Soft prediction CE Weight: 1.0
Outlier Exposure Weight: 0.20000000298023224
2022-05-17 18:56:27,250 - INFO - [Step=15250]	Loss=8.2905	310.7 examples/second
2022-05-17 18:57:59,745 - INFO - [Step=15500]	Loss=8.2811	346.0 examples/second
2022-05-17 18:59:31,725 - INFO - [Step=15750]	Loss=8.2848	347.9 examples/second
2022-05-17 19:00:22,835 - INFO - Test Loss=6.7665, Test top-1 acc=0.6431, Test mean synset acc=0.7975
2022-05-17 19:00:22,836 - INFO - Error Depth: [  30.  103.  407.  534.  280.  127. 2669.]
2022-05-17 19:00:22,836 - INFO - Saving...
2022-05-17 19:00:23,754 - INFO - Epoch time: 319.3629906177521
2022-05-17 19:00:23,754 - INFO - 
Epoch: 19
2022-05-17 19:00:23,754 - INFO - 
Learning Rate: 0.1000
2022-05-17 19:00:23,754 - INFO - Synset CE Weight: 0.0
Soft prediction CE Weight: 1.0
Outlier Exposure Weight: 0.20000000298023224
2022-05-17 19:01:15,805 - INFO - [Step=16000]	Loss=8.2676	307.5 examples/second
2022-05-17 19:02:48,256 - INFO - [Step=16250]	Loss=8.2546	346.1 examples/second
2022-05-17 19:04:20,398 - INFO - [Step=16500]	Loss=8.2786	347.3 examples/second
2022-05-17 19:05:42,773 - INFO - Test Loss=6.7590, Test top-1 acc=0.6429, Test mean synset acc=0.7990
2022-05-17 19:05:42,774 - INFO - Error Depth: [  44.  102.  425.  521.  274.  116. 2668.]
2022-05-17 19:05:42,774 - INFO - Epoch time: 319.0203080177307
2022-05-17 19:05:42,774 - INFO - 
Epoch: 20
2022-05-17 19:05:42,775 - INFO - 
Learning Rate: 0.1000
2022-05-17 19:05:42,775 - INFO - Synset CE Weight: 0.0
Soft prediction CE Weight: 1.0
Outlier Exposure Weight: 0.20000000298023224
2022-05-17 19:06:03,536 - INFO - [Step=16750]	Loss=8.2453	310.3 examples/second
2022-05-17 19:07:36,227 - INFO - [Step=17000]	Loss=8.2158	345.2 examples/second
2022-05-17 19:09:08,363 - INFO - [Step=17250]	Loss=8.2338	347.3 examples/second
2022-05-17 19:10:40,579 - INFO - [Step=17500]	Loss=8.2314	347.0 examples/second
2022-05-17 19:11:02,259 - INFO - Test Loss=6.7666, Test top-1 acc=0.6361, Test mean synset acc=0.7957
2022-05-17 19:11:02,260 - INFO - Error Depth: [  40.   93.  429.  543.  286.  119. 2640.]
2022-05-17 19:11:02,260 - INFO - Epoch time: 319.48601722717285
2022-05-17 19:11:02,261 - INFO - 
Epoch: 21
2022-05-17 19:11:02,261 - INFO - 
Learning Rate: 0.1000
2022-05-17 19:11:02,261 - INFO - Synset CE Weight: 0.0
Soft prediction CE Weight: 1.0
Outlier Exposure Weight: 0.20000000298023224
2022-05-17 19:12:23,899 - INFO - [Step=17750]	Loss=8.2088	309.7 examples/second
2022-05-17 19:13:55,940 - INFO - [Step=18000]	Loss=8.2043	347.7 examples/second
2022-05-17 19:15:27,960 - INFO - [Step=18250]	Loss=8.2244	347.8 examples/second
2022-05-17 19:16:20,840 - INFO - Test Loss=6.8134, Test top-1 acc=0.6306, Test mean synset acc=0.7948
2022-05-17 19:16:20,841 - INFO - Error Depth: [  45.  121.  465.  524.  274.  104. 2617.]
2022-05-17 19:16:20,841 - INFO - Epoch time: 318.58070182800293
2022-05-17 19:16:20,841 - INFO - 
Epoch: 22
2022-05-17 19:16:20,841 - INFO - 
Learning Rate: 0.1000
2022-05-17 19:16:20,842 - INFO - Synset CE Weight: 0.0
Soft prediction CE Weight: 1.0
Outlier Exposure Weight: 0.20000000298023224
2022-05-17 19:17:10,895 - INFO - [Step=18500]	Loss=8.2006	310.9 examples/second
2022-05-17 19:18:43,205 - INFO - [Step=18750]	Loss=8.2037	346.7 examples/second
2022-05-17 19:20:15,272 - INFO - [Step=19000]	Loss=8.2093	347.6 examples/second
2022-05-17 19:21:39,710 - INFO - Test Loss=6.7492, Test top-1 acc=0.6516, Test mean synset acc=0.8072
2022-05-17 19:21:39,712 - INFO - Error Depth: [  42.  108.  438.  484.  246.  128. 2704.]
2022-05-17 19:21:39,712 - INFO - Saving...
2022-05-17 19:21:40,405 - INFO - Epoch time: 319.5635209083557
2022-05-17 19:21:40,405 - INFO - 
Epoch: 23
2022-05-17 19:21:40,405 - INFO - 
Learning Rate: 0.1000
2022-05-17 19:21:40,406 - INFO - Synset CE Weight: 0.0
Soft prediction CE Weight: 1.0
Outlier Exposure Weight: 0.20000000298023224
2022-05-17 19:21:59,081 - INFO - [Step=19250]	Loss=8.1959	308.3 examples/second
2022-05-17 19:23:31,164 - INFO - [Step=19500]	Loss=8.1657	347.5 examples/second
2022-05-17 19:25:03,150 - INFO - [Step=19750]	Loss=8.1753	347.9 examples/second
2022-05-17 19:26:35,002 - INFO - [Step=20000]	Loss=8.1813	348.4 examples/second
2022-05-17 19:26:58,284 - INFO - Test Loss=6.7379, Test top-1 acc=0.6648, Test mean synset acc=0.8163
2022-05-17 19:26:58,285 - INFO - Error Depth: [  37.  119.  417.  446.  242.  130. 2759.]
2022-05-17 19:26:58,285 - INFO - Saving...
2022-05-17 19:26:58,917 - INFO - Epoch time: 318.5117383003235
2022-05-17 19:26:58,917 - INFO - 
Epoch: 24
2022-05-17 19:26:58,918 - INFO - 
Learning Rate: 0.1000
2022-05-17 19:26:58,918 - INFO - Synset CE Weight: 0.0
Soft prediction CE Weight: 1.0
Outlier Exposure Weight: 0.20000000298023224
2022-05-17 19:28:19,179 - INFO - [Step=20250]	Loss=8.1623	307.2 examples/second
2022-05-17 19:29:51,255 - INFO - [Step=20500]	Loss=8.1508	347.5 examples/second
2022-05-17 19:31:23,374 - INFO - [Step=20750]	Loss=8.1636	347.4 examples/second
2022-05-17 19:32:19,348 - INFO - Test Loss=6.8333, Test top-1 acc=0.6545, Test mean synset acc=0.8112
2022-05-17 19:32:19,349 - INFO - Error Depth: [  56.  103.  448.  483.  233.  111. 2716.]
2022-05-17 19:32:19,349 - INFO - Epoch time: 320.43162202835083
2022-05-17 19:32:19,349 - INFO - 
Epoch: 25
2022-05-17 19:32:19,349 - INFO - 
Learning Rate: 0.1000
2022-05-17 19:32:19,349 - INFO - Synset CE Weight: 0.0
Soft prediction CE Weight: 1.0
Outlier Exposure Weight: 0.20000000298023224
2022-05-17 19:33:08,275 - INFO - [Step=21000]	Loss=8.1563	305.0 examples/second
2022-05-17 19:34:39,905 - INFO - [Step=21250]	Loss=8.1591	349.2 examples/second
2022-05-17 19:36:11,723 - INFO - [Step=21500]	Loss=8.1486	348.5 examples/second
2022-05-17 19:37:38,267 - INFO - Test Loss=6.8004, Test top-1 acc=0.6467, Test mean synset acc=0.8053
2022-05-17 19:37:38,269 - INFO - Error Depth: [  45.  116.  448.  493.  243.  121. 2684.]
2022-05-17 19:37:38,269 - INFO - Epoch time: 318.9196183681488
2022-05-17 19:37:38,269 - INFO - 
Epoch: 26
2022-05-17 19:37:38,269 - INFO - 
Learning Rate: 0.1000
2022-05-17 19:37:38,269 - INFO - Synset CE Weight: 0.0
Soft prediction CE Weight: 1.0
Outlier Exposure Weight: 0.20000000298023224
2022-05-17 19:37:55,330 - INFO - [Step=21750]	Loss=8.1507	308.9 examples/second
2022-05-17 19:39:27,135 - INFO - [Step=22000]	Loss=8.1334	348.6 examples/second
2022-05-17 19:40:59,148 - INFO - [Step=22250]	Loss=8.1484	347.8 examples/second
2022-05-17 19:42:31,222 - INFO - [Step=22500]	Loss=8.1423	347.5 examples/second
2022-05-17 19:42:57,336 - INFO - Test Loss=6.7633, Test top-1 acc=0.6467, Test mean synset acc=0.7947
2022-05-17 19:42:57,337 - INFO - Error Depth: [  41.   98.  399.  509.  283.  136. 2684.]
2022-05-17 19:42:57,337 - INFO - Epoch time: 319.0681025981903
2022-05-17 19:42:57,337 - INFO - 
Epoch: 27
2022-05-17 19:42:57,337 - INFO - 
Learning Rate: 0.1000
2022-05-17 19:42:57,337 - INFO - Synset CE Weight: 0.0
Soft prediction CE Weight: 1.0
Outlier Exposure Weight: 0.20000000298023224
2022-05-17 19:44:15,211 - INFO - [Step=22750]	Loss=8.1204	307.7 examples/second
2022-05-17 19:45:46,898 - INFO - [Step=23000]	Loss=8.1185	349.0 examples/second
2022-05-17 19:47:18,906 - INFO - [Step=23250]	Loss=8.1210	347.8 examples/second
2022-05-17 19:48:16,681 - INFO - Test Loss=6.7113, Test top-1 acc=0.6781, Test mean synset acc=0.8221
2022-05-17 19:48:16,682 - INFO - Error Depth: [  31.   96.  372.  471.  247.  119. 2814.]
2022-05-17 19:48:16,683 - INFO - Saving...
2022-05-17 19:48:17,367 - INFO - Epoch time: 320.02992606163025
2022-05-17 19:48:17,367 - INFO - 
Epoch: 28
2022-05-17 19:48:17,367 - INFO - 
Learning Rate: 0.1000
2022-05-17 19:48:17,368 - INFO - Synset CE Weight: 0.0
Soft prediction CE Weight: 1.0
Outlier Exposure Weight: 0.20000000298023224
2022-05-17 19:49:04,084 - INFO - [Step=23500]	Loss=8.1107	304.3 examples/second
2022-05-17 19:50:35,867 - INFO - [Step=23750]	Loss=8.0987	348.6 examples/second
2022-05-17 19:52:07,798 - INFO - [Step=24000]	Loss=8.1221	348.1 examples/second
2022-05-17 19:53:36,454 - INFO - Test Loss=6.7102, Test top-1 acc=0.6766, Test mean synset acc=0.8192
2022-05-17 19:53:36,456 - INFO - Error Depth: [  30.  100.  391.  448.  260.  113. 2808.]
2022-05-17 19:53:36,456 - INFO - Epoch time: 319.0889446735382
2022-05-17 19:53:36,457 - INFO - 
Epoch: 29
2022-05-17 19:53:36,457 - INFO - 
Learning Rate: 0.0100
2022-05-17 19:53:36,457 - INFO - Synset CE Weight: 0.0
Soft prediction CE Weight: 1.0
Outlier Exposure Weight: 0.20000000298023224
2022-05-17 19:53:51,814 - INFO - [Step=24250]	Loss=8.1100	307.6 examples/second
2022-05-17 19:55:23,722 - INFO - [Step=24500]	Loss=7.8464	348.2 examples/second
2022-05-17 19:56:55,559 - INFO - [Step=24750]	Loss=7.8049	348.4 examples/second
2022-05-17 19:58:27,949 - INFO - [Step=25000]	Loss=7.7610	346.4 examples/second
2022-05-17 19:58:55,362 - INFO - Test Loss=6.5156, Test top-1 acc=0.7848, Test mean synset acc=0.8737
2022-05-17 19:58:55,363 - INFO - Error Depth: [  15.   37.  248.  334.  162.   97. 3257.]
2022-05-17 19:58:55,363 - INFO - Saving...
2022-05-17 19:58:56,218 - INFO - Epoch time: 319.76154923439026
2022-05-17 19:58:56,218 - INFO - 
Epoch: 30
2022-05-17 19:58:56,219 - INFO - 
Learning Rate: 0.0100
2022-05-17 19:58:56,219 - INFO - Synset CE Weight: 0.0
Soft prediction CE Weight: 1.0
Outlier Exposure Weight: 0.20000000298023224
2022-05-17 20:00:12,855 - INFO - [Step=25250]	Loss=7.7373	305.0 examples/second
2022-05-17 20:01:44,653 - INFO - [Step=25500]	Loss=7.7223	348.6 examples/second
2022-05-17 20:03:16,781 - INFO - [Step=25750]	Loss=7.7170	347.3 examples/second
2022-05-17 20:04:16,068 - INFO - Test Loss=6.5022, Test top-1 acc=0.7892, Test mean synset acc=0.8772
2022-05-17 20:04:16,069 - INFO - Error Depth: [  10.   36.  259.  324.  154.   92. 3275.]
2022-05-17 20:04:16,069 - INFO - Saving...
2022-05-17 20:04:16,657 - INFO - Epoch time: 320.438054561615
2022-05-17 20:04:16,657 - INFO - 
Epoch: 31
2022-05-17 20:04:16,657 - INFO - 
Learning Rate: 0.0100
2022-05-17 20:04:16,657 - INFO - Synset CE Weight: 0.0
Soft prediction CE Weight: 1.0
Outlier Exposure Weight: 0.20000000298023224
2022-05-17 20:05:01,575 - INFO - [Step=26000]	Loss=7.7031	305.4 examples/second
2022-05-17 20:06:33,855 - INFO - [Step=26250]	Loss=7.6949	346.8 examples/second
2022-05-17 20:08:06,429 - INFO - [Step=26500]	Loss=7.7004	345.7 examples/second
2022-05-17 20:09:36,859 - INFO - Test Loss=6.4937, Test top-1 acc=0.7969, Test mean synset acc=0.8805
2022-05-17 20:09:36,860 - INFO - Error Depth: [  11.   33.  244.  333.  133.   89. 3307.]
2022-05-17 20:09:36,860 - INFO - Saving...
2022-05-17 20:09:37,486 - INFO - Epoch time: 320.8291895389557
2022-05-17 20:09:37,487 - INFO - 
Epoch: 32
2022-05-17 20:09:37,487 - INFO - 
Learning Rate: 0.0100
2022-05-17 20:09:37,487 - INFO - Synset CE Weight: 0.0
Soft prediction CE Weight: 1.0
Outlier Exposure Weight: 0.20000000298023224
2022-05-17 20:09:50,435 - INFO - [Step=26750]	Loss=7.6888	307.7 examples/second
2022-05-17 20:11:22,244 - INFO - [Step=27000]	Loss=7.6716	348.6 examples/second
2022-05-17 20:12:54,023 - INFO - [Step=27250]	Loss=7.6738	348.7 examples/second
2022-05-17 20:14:26,292 - INFO - [Step=27500]	Loss=7.6666	346.8 examples/second
2022-05-17 20:14:55,315 - INFO - Test Loss=6.4931, Test top-1 acc=0.7969, Test mean synset acc=0.8815
2022-05-17 20:14:55,316 - INFO - Error Depth: [  13.   37.  232.  325.  143.   93. 3307.]
2022-05-17 20:14:55,317 - INFO - Epoch time: 317.82998919487
2022-05-17 20:14:55,317 - INFO - 
Epoch: 33
2022-05-17 20:14:55,317 - INFO - 
Learning Rate: 0.0100
2022-05-17 20:14:55,317 - INFO - Synset CE Weight: 0.0
Soft prediction CE Weight: 1.0
Outlier Exposure Weight: 0.20000000298023224
2022-05-17 20:16:08,914 - INFO - [Step=27750]	Loss=7.6500	311.8 examples/second
2022-05-17 20:17:40,771 - INFO - [Step=28000]	Loss=7.6522	348.4 examples/second
2022-05-17 20:19:13,087 - INFO - [Step=28250]	Loss=7.6554	346.6 examples/second
2022-05-17 20:20:13,456 - INFO - Test Loss=6.4913, Test top-1 acc=0.7933, Test mean synset acc=0.8780
2022-05-17 20:20:13,457 - INFO - Error Depth: [  16.   35.  233.  328.  154.   92. 3292.]
2022-05-17 20:20:13,457 - INFO - Epoch time: 318.14064264297485
2022-05-17 20:20:13,457 - INFO - 
Epoch: 34
2022-05-17 20:20:13,457 - INFO - 
Learning Rate: 0.0100
2022-05-17 20:20:13,458 - INFO - Synset CE Weight: 0.0
Soft prediction CE Weight: 1.0
Outlier Exposure Weight: 0.20000000298023224
2022-05-17 20:20:55,980 - INFO - [Step=28500]	Loss=7.6449	311.0 examples/second
2022-05-17 20:22:27,965 - INFO - [Step=28750]	Loss=7.6486	347.9 examples/second
2022-05-17 20:24:00,196 - INFO - [Step=29000]	Loss=7.6522	347.0 examples/second
2022-05-17 20:25:31,834 - INFO - Test Loss=6.4888, Test top-1 acc=0.8031, Test mean synset acc=0.8842
2022-05-17 20:25:31,835 - INFO - Error Depth: [   9.   40.  225.  315.  140.   88. 3333.]
2022-05-17 20:25:31,835 - INFO - Saving...
2022-05-17 20:25:32,556 - INFO - Epoch time: 319.09840416908264
2022-05-17 20:25:32,556 - INFO - 
Epoch: 35
2022-05-17 20:25:32,556 - INFO - 
Learning Rate: 0.0100
2022-05-17 20:25:32,557 - INFO - Synset CE Weight: 0.0
Soft prediction CE Weight: 1.0
Outlier Exposure Weight: 0.20000000298023224
2022-05-17 20:25:43,636 - INFO - [Step=29250]	Loss=7.6428	309.4 examples/second
2022-05-17 20:27:15,507 - INFO - [Step=29500]	Loss=7.6206	348.3 examples/second
2022-05-17 20:28:47,707 - INFO - [Step=29750]	Loss=7.6248	347.1 examples/second
2022-05-17 20:30:19,716 - INFO - [Step=30000]	Loss=7.6150	347.8 examples/second
2022-05-17 20:30:50,510 - INFO - Test Loss=6.4893, Test top-1 acc=0.7998, Test mean synset acc=0.8837
2022-05-17 20:30:50,511 - INFO - Error Depth: [  17.   36.  235.  312.  143.   88. 3319.]
2022-05-17 20:30:50,511 - INFO - Epoch time: 317.9550504684448
2022-05-17 20:30:50,512 - INFO - 
Epoch: 36
2022-05-17 20:30:50,512 - INFO - 
Learning Rate: 0.0100
2022-05-17 20:30:50,512 - INFO - Synset CE Weight: 0.0
Soft prediction CE Weight: 1.0
Outlier Exposure Weight: 0.20000000298023224
2022-05-17 20:32:02,471 - INFO - [Step=30250]	Loss=7.6195	311.4 examples/second
2022-05-17 20:33:34,460 - INFO - [Step=30500]	Loss=7.6289	347.9 examples/second
2022-05-17 20:35:06,570 - INFO - [Step=30750]	Loss=7.6193	347.4 examples/second
2022-05-17 20:36:08,590 - INFO - Test Loss=6.4888, Test top-1 acc=0.8017, Test mean synset acc=0.8834
2022-05-17 20:36:08,590 - INFO - Error Depth: [  12.   36.  235.  314.  139.   87. 3327.]
2022-05-17 20:36:08,591 - INFO - Epoch time: 318.0789837837219
2022-05-17 20:36:08,591 - INFO - 
Epoch: 37
2022-05-17 20:36:08,591 - INFO - 
Learning Rate: 0.0100
2022-05-17 20:36:08,591 - INFO - Synset CE Weight: 0.0
Soft prediction CE Weight: 1.0
Outlier Exposure Weight: 0.20000000298023224
2022-05-17 20:36:49,147 - INFO - [Step=31000]	Loss=7.6141	312.0 examples/second
2022-05-17 20:38:21,125 - INFO - [Step=31250]	Loss=7.6003	347.9 examples/second
2022-05-17 20:39:53,594 - INFO - [Step=31500]	Loss=7.6039	346.1 examples/second
2022-05-17 20:41:26,915 - INFO - Test Loss=6.4818, Test top-1 acc=0.8099, Test mean synset acc=0.8877
2022-05-17 20:41:26,916 - INFO - Error Depth: [   6.   31.  220.  314.  132.   86. 3361.]
2022-05-17 20:41:26,916 - INFO - Saving...
2022-05-17 20:41:27,446 - INFO - Epoch time: 318.85546612739563
2022-05-17 20:41:27,446 - INFO - 
Epoch: 38
2022-05-17 20:41:27,446 - INFO - 
Learning Rate: 0.0100
2022-05-17 20:41:27,447 - INFO - Synset CE Weight: 0.0
Soft prediction CE Weight: 1.0
Outlier Exposure Weight: 0.20000000298023224
2022-05-17 20:41:36,895 - INFO - [Step=31750]	Loss=7.6040	309.8 examples/second
2022-05-17 20:43:08,692 - INFO - [Step=32000]	Loss=7.5941	348.6 examples/second
2022-05-17 20:44:41,164 - INFO - [Step=32250]	Loss=7.6044	346.1 examples/second
2022-05-17 20:46:13,259 - INFO - [Step=32500]	Loss=7.6105	347.5 examples/second
2022-05-17 20:46:46,443 - INFO - Test Loss=6.4788, Test top-1 acc=0.8010, Test mean synset acc=0.8858
2022-05-17 20:46:46,444 - INFO - Error Depth: [  13.   44.  231.  308.  139.   91. 3324.]
2022-05-17 20:46:46,445 - INFO - Epoch time: 318.9981110095978
2022-05-17 20:46:46,445 - INFO - 
Epoch: 39
2022-05-17 20:46:46,445 - INFO - 
Learning Rate: 0.0100
2022-05-17 20:46:46,445 - INFO - Synset CE Weight: 0.0
Soft prediction CE Weight: 1.0
Outlier Exposure Weight: 0.20000000298023224
2022-05-17 20:47:56,543 - INFO - [Step=32750]	Loss=7.5911	309.8 examples/second
2022-05-17 20:49:28,743 - INFO - [Step=33000]	Loss=7.5877	347.1 examples/second
2022-05-17 20:51:00,984 - INFO - [Step=33250]	Loss=7.5852	346.9 examples/second
2022-05-17 20:52:05,344 - INFO - Test Loss=6.4819, Test top-1 acc=0.8024, Test mean synset acc=0.8855
2022-05-17 20:52:05,345 - INFO - Error Depth: [   7.   47.  218.  319.  138.   91. 3330.]
2022-05-17 20:52:05,345 - INFO - Epoch time: 318.90057349205017
2022-05-17 20:52:05,345 - INFO - 
Epoch: 40
2022-05-17 20:52:05,345 - INFO - 
Learning Rate: 0.0100
2022-05-17 20:52:05,345 - INFO - Synset CE Weight: 0.0
Soft prediction CE Weight: 1.0
Outlier Exposure Weight: 0.20000000298023224
2022-05-17 20:52:44,321 - INFO - [Step=33500]	Loss=7.5990	309.7 examples/second
2022-05-17 20:54:16,345 - INFO - [Step=33750]	Loss=7.5790	347.7 examples/second
2022-05-17 20:55:48,478 - INFO - [Step=34000]	Loss=7.5863	347.3 examples/second
2022-05-17 20:57:23,951 - INFO - Test Loss=6.4792, Test top-1 acc=0.8048, Test mean synset acc=0.8862
2022-05-17 20:57:23,953 - INFO - Error Depth: [  12.   36.  213.  327.  136.   86. 3340.]
2022-05-17 20:57:23,953 - INFO - Epoch time: 318.60759472846985
2022-05-17 20:57:23,953 - INFO - 
Epoch: 41
2022-05-17 20:57:23,953 - INFO - 
Learning Rate: 0.0100
2022-05-17 20:57:23,953 - INFO - Synset CE Weight: 0.0
Soft prediction CE Weight: 1.0
Outlier Exposure Weight: 0.20000000298023224
2022-05-17 20:57:31,435 - INFO - [Step=34250]	Loss=7.5902	310.8 examples/second
2022-05-17 20:59:03,229 - INFO - [Step=34500]	Loss=7.5816	348.6 examples/second
2022-05-17 21:00:35,379 - INFO - [Step=34750]	Loss=7.5624	347.3 examples/second
2022-05-17 21:02:07,302 - INFO - [Step=35000]	Loss=7.5891	348.1 examples/second
2022-05-17 21:02:42,397 - INFO - Test Loss=6.4809, Test top-1 acc=0.8007, Test mean synset acc=0.8845
2022-05-17 21:02:42,398 - INFO - Error Depth: [   9.   43.  233.  315.  144.   83. 3323.]
2022-05-17 21:02:42,399 - INFO - Epoch time: 318.4455201625824
2022-05-17 21:02:42,399 - INFO - 
Epoch: 42
2022-05-17 21:02:42,399 - INFO - 
Learning Rate: 0.0100
2022-05-17 21:02:42,399 - INFO - Synset CE Weight: 0.0
Soft prediction CE Weight: 1.0
Outlier Exposure Weight: 0.20000000298023224
2022-05-17 21:03:50,653 - INFO - [Step=35250]	Loss=7.5638	309.6 examples/second
2022-05-17 21:05:23,163 - INFO - [Step=35500]	Loss=7.5718	345.9 examples/second
2022-05-17 21:06:55,227 - INFO - [Step=35750]	Loss=7.5787	347.6 examples/second
2022-05-17 21:08:01,513 - INFO - Test Loss=6.4689, Test top-1 acc=0.8065, Test mean synset acc=0.8869
2022-05-17 21:08:01,514 - INFO - Error Depth: [   7.   36.  221.  307.  145.   87. 3347.]
2022-05-17 21:08:01,514 - INFO - Epoch time: 319.11571621894836
2022-05-17 21:08:01,514 - INFO - 
Epoch: 43
2022-05-17 21:08:01,515 - INFO - 
Learning Rate: 0.0100
2022-05-17 21:08:01,515 - INFO - Synset CE Weight: 0.0
Soft prediction CE Weight: 1.0
Outlier Exposure Weight: 0.20000000298023224
2022-05-17 21:08:38,696 - INFO - [Step=36000]	Loss=7.5647	309.3 examples/second
2022-05-17 21:10:11,002 - INFO - [Step=36250]	Loss=7.5703	346.7 examples/second
2022-05-17 21:11:43,018 - INFO - [Step=36500]	Loss=7.5403	347.8 examples/second
2022-05-17 21:13:20,361 - INFO - Test Loss=6.4757, Test top-1 acc=0.8043, Test mean synset acc=0.8856
2022-05-17 21:13:20,362 - INFO - Error Depth: [  10.   45.  222.  300.  145.   90. 3338.]
2022-05-17 21:13:20,362 - INFO - Epoch time: 318.8478331565857
2022-05-17 21:13:20,362 - INFO - 
Epoch: 44
2022-05-17 21:13:20,362 - INFO - 
Learning Rate: 0.0100
2022-05-17 21:13:20,363 - INFO - Synset CE Weight: 0.0
Soft prediction CE Weight: 1.0
Outlier Exposure Weight: 0.20000000298023224
2022-05-17 21:13:26,038 - INFO - [Step=36750]	Loss=7.5788	310.6 examples/second
2022-05-17 21:14:58,368 - INFO - [Step=37000]	Loss=7.5434	346.6 examples/second
2022-05-17 21:16:30,559 - INFO - [Step=37250]	Loss=7.5573	347.1 examples/second
2022-05-17 21:18:02,563 - INFO - [Step=37500]	Loss=7.5675	347.8 examples/second
2022-05-17 21:18:38,932 - INFO - Test Loss=6.4733, Test top-1 acc=0.8082, Test mean synset acc=0.8862
2022-05-17 21:18:38,932 - INFO - Error Depth: [  10.   36.  219.  305.  141.   85. 3354.]
2022-05-17 21:18:38,933 - INFO - Epoch time: 318.57026529312134
2022-05-17 21:18:38,933 - INFO - 
Epoch: 45
2022-05-17 21:18:38,933 - INFO - 
Learning Rate: 0.0100
2022-05-17 21:18:38,933 - INFO - Synset CE Weight: 0.0
Soft prediction CE Weight: 1.0
Outlier Exposure Weight: 0.20000000298023224
2022-05-17 21:19:45,559 - INFO - [Step=37750]	Loss=7.5494	310.7 examples/second
2022-05-17 21:21:17,744 - INFO - [Step=38000]	Loss=7.5494	347.1 examples/second
2022-05-17 21:22:49,761 - INFO - [Step=38250]	Loss=7.5524	347.8 examples/second
2022-05-17 21:23:57,033 - INFO - Test Loss=6.4728, Test top-1 acc=0.8077, Test mean synset acc=0.8870
2022-05-17 21:23:57,034 - INFO - Error Depth: [   8.   43.  213.  296.  147.   91. 3352.]
2022-05-17 21:23:57,034 - INFO - Epoch time: 318.1017110347748
2022-05-17 21:23:57,035 - INFO - 
Epoch: 46
2022-05-17 21:23:57,035 - INFO - 
Learning Rate: 0.0100
2022-05-17 21:23:57,035 - INFO - Synset CE Weight: 0.0
Soft prediction CE Weight: 1.0
Outlier Exposure Weight: 0.20000000298023224
2022-05-17 21:24:32,271 - INFO - [Step=38500]	Loss=7.5489	312.2 examples/second
2022-05-17 21:26:04,713 - INFO - [Step=38750]	Loss=7.5456	346.2 examples/second
2022-05-17 21:27:36,604 - INFO - [Step=39000]	Loss=7.5518	348.2 examples/second
2022-05-17 21:29:15,463 - INFO - Test Loss=6.4732, Test top-1 acc=0.8111, Test mean synset acc=0.8879
2022-05-17 21:29:15,465 - INFO - Error Depth: [   6.   43.  210.  296.  147.   82. 3366.]
2022-05-17 21:29:15,465 - INFO - Saving...
2022-05-17 21:29:16,059 - INFO - Epoch time: 319.0243718624115
2022-05-17 21:29:16,059 - INFO - 
Epoch: 47
2022-05-17 21:29:16,059 - INFO - 
Learning Rate: 0.0100
2022-05-17 21:29:16,060 - INFO - Synset CE Weight: 0.0
Soft prediction CE Weight: 1.0
Outlier Exposure Weight: 0.20000000298023224
2022-05-17 21:29:19,871 - INFO - [Step=39250]	Loss=7.5431	309.9 examples/second
2022-05-17 21:30:52,325 - INFO - [Step=39500]	Loss=7.5354	346.1 examples/second
2022-05-17 21:32:24,308 - INFO - [Step=39750]	Loss=7.5431	347.9 examples/second
2022-05-17 21:33:56,361 - INFO - [Step=40000]	Loss=7.5467	347.6 examples/second
2022-05-17 21:34:34,705 - INFO - Test Loss=6.4782, Test top-1 acc=0.8024, Test mean synset acc=0.8844
2022-05-17 21:34:34,706 - INFO - Error Depth: [   9.   45.  219.  307.  146.   94. 3330.]
2022-05-17 21:34:34,706 - INFO - Epoch time: 318.6464800834656
2022-05-17 21:34:34,706 - INFO - 
Epoch: 48
2022-05-17 21:34:34,706 - INFO - 
Learning Rate: 0.0100
2022-05-17 21:34:34,706 - INFO - Synset CE Weight: 0.0
Soft prediction CE Weight: 1.0
Outlier Exposure Weight: 0.20000000298023224
2022-05-17 21:35:39,494 - INFO - [Step=40250]	Loss=7.5342	310.3 examples/second
2022-05-17 21:37:11,487 - INFO - [Step=40500]	Loss=7.5309	347.9 examples/second
2022-05-17 21:38:43,469 - INFO - [Step=40750]	Loss=7.5374	347.9 examples/second
2022-05-17 21:39:52,961 - INFO - Test Loss=6.4776, Test top-1 acc=0.8075, Test mean synset acc=0.8874
2022-05-17 21:39:52,962 - INFO - Error Depth: [  11.   43.  210.  310.  141.   84. 3351.]
2022-05-17 21:39:52,962 - INFO - Epoch time: 318.2560164928436
2022-05-17 21:39:52,962 - INFO - 
Epoch: 49
2022-05-17 21:39:52,962 - INFO - 
Learning Rate: 0.0100
2022-05-17 21:39:52,962 - INFO - Synset CE Weight: 0.0
Soft prediction CE Weight: 1.0
Outlier Exposure Weight: 0.20000000298023224
2022-05-17 21:40:26,563 - INFO - [Step=41000]	Loss=7.5225	310.4 examples/second
2022-05-17 21:41:58,784 - INFO - [Step=41250]	Loss=7.5279	347.0 examples/second
2022-05-17 21:43:30,690 - INFO - [Step=41500]	Loss=7.5320	348.2 examples/second
2022-05-17 21:45:03,086 - INFO - [Step=41750]	Loss=7.5287	346.3 examples/second
2022-05-17 21:45:12,311 - INFO - Test Loss=6.4785, Test top-1 acc=0.8120, Test mean synset acc=0.8889
2022-05-17 21:45:12,312 - INFO - Error Depth: [   9.   40.  209.  297.  142.   83. 3370.]
2022-05-17 21:45:12,312 - INFO - Saving...
2022-05-17 21:45:13,111 - INFO - Epoch time: 320.148894071579
2022-05-17 21:45:13,111 - INFO - 
Epoch: 50
2022-05-17 21:45:13,111 - INFO - 
Learning Rate: 0.0100
2022-05-17 21:45:13,111 - INFO - Synset CE Weight: 0.0
Soft prediction CE Weight: 1.0
Outlier Exposure Weight: 0.20000000298023224
2022-05-17 21:46:47,173 - INFO - [Step=42000]	Loss=7.5221	307.4 examples/second
2022-05-17 21:48:19,076 - INFO - [Step=42250]	Loss=7.5246	348.2 examples/second
2022-05-17 21:49:50,985 - INFO - [Step=42500]	Loss=7.5357	348.2 examples/second
2022-05-17 21:50:31,365 - INFO - Test Loss=6.4821, Test top-1 acc=0.8060, Test mean synset acc=0.8863
2022-05-17 21:50:31,366 - INFO - Error Depth: [   7.   47.  210.  294.  156.   91. 3345.]
2022-05-17 21:50:31,366 - INFO - Epoch time: 318.2552480697632
2022-05-17 21:50:31,367 - INFO - 
Epoch: 51
2022-05-17 21:50:31,367 - INFO - 
Learning Rate: 0.0100
2022-05-17 21:50:31,367 - INFO - Synset CE Weight: 0.0
Soft prediction CE Weight: 1.0
Outlier Exposure Weight: 0.20000000298023224
2022-05-17 21:51:34,262 - INFO - [Step=42750]	Loss=7.5209	309.8 examples/second
2022-05-17 21:53:06,016 - INFO - [Step=43000]	Loss=7.5129	348.8 examples/second
2022-05-17 21:54:37,720 - INFO - [Step=43250]	Loss=7.5274	348.9 examples/second
2022-05-17 21:55:49,178 - INFO - Test Loss=6.4858, Test top-1 acc=0.8075, Test mean synset acc=0.8890
2022-05-17 21:55:49,179 - INFO - Error Depth: [  13.   44.  219.  297.  141.   85. 3351.]
2022-05-17 21:55:49,180 - INFO - Epoch time: 317.8129827976227
2022-05-17 21:55:49,180 - INFO - 
Epoch: 52
2022-05-17 21:55:49,180 - INFO - 
Learning Rate: 0.0100
2022-05-17 21:55:49,180 - INFO - Synset CE Weight: 0.0
Soft prediction CE Weight: 1.0
Outlier Exposure Weight: 0.20000000298023224
2022-05-17 21:56:20,905 - INFO - [Step=43500]	Loss=7.5258	310.1 examples/second
2022-05-17 21:57:52,895 - INFO - [Step=43750]	Loss=7.5134	347.9 examples/second
2022-05-17 21:59:24,980 - INFO - [Step=44000]	Loss=7.5148	347.5 examples/second
2022-05-17 22:00:57,539 - INFO - [Step=44250]	Loss=7.5385	345.7 examples/second
2022-05-17 22:01:07,746 - INFO - Test Loss=6.4839, Test top-1 acc=0.8012, Test mean synset acc=0.8860
2022-05-17 22:01:07,747 - INFO - Error Depth: [  17.   40.  229.  301.  147.   91. 3325.]
2022-05-17 22:01:07,747 - INFO - Epoch time: 318.56757855415344
2022-05-17 22:01:07,747 - INFO - 
Epoch: 53
2022-05-17 22:01:07,747 - INFO - 
Learning Rate: 0.0100
2022-05-17 22:01:07,748 - INFO - Synset CE Weight: 0.0
Soft prediction CE Weight: 1.0
Outlier Exposure Weight: 0.20000000298023224
2022-05-17 22:02:40,289 - INFO - [Step=44500]	Loss=7.5116	311.4 examples/second
2022-05-17 22:04:12,117 - INFO - [Step=44750]	Loss=7.5081	348.5 examples/second
2022-05-17 22:05:44,386 - INFO - [Step=45000]	Loss=7.5245	346.8 examples/second
2022-05-17 22:06:27,063 - INFO - Test Loss=6.4690, Test top-1 acc=0.8133, Test mean synset acc=0.8906
2022-05-17 22:06:27,064 - INFO - Error Depth: [  11.   39.  197.  306.  136.   86. 3375.]
2022-05-17 22:06:27,064 - INFO - Saving...
2022-05-17 22:06:27,818 - INFO - Epoch time: 320.07092452049255
2022-05-17 22:06:27,819 - INFO - 
Epoch: 54
2022-05-17 22:06:27,819 - INFO - 
Learning Rate: 0.0100
2022-05-17 22:06:27,819 - INFO - Synset CE Weight: 0.0
Soft prediction CE Weight: 1.0
Outlier Exposure Weight: 0.20000000298023224
2022-05-17 22:07:28,750 - INFO - [Step=45250]	Loss=7.5052	306.6 examples/second
2022-05-17 22:09:00,528 - INFO - [Step=45500]	Loss=7.5164	348.7 examples/second
2022-05-17 22:10:32,695 - INFO - [Step=45750]	Loss=7.5173	347.2 examples/second
2022-05-17 22:11:46,608 - INFO - Test Loss=6.4772, Test top-1 acc=0.8024, Test mean synset acc=0.8828
2022-05-17 22:11:46,609 - INFO - Error Depth: [  10.   41.  212.  311.  168.   78. 3330.]
2022-05-17 22:11:46,609 - INFO - Epoch time: 318.79058742523193
2022-05-17 22:11:46,609 - INFO - 
Epoch: 55
2022-05-17 22:11:46,609 - INFO - 
Learning Rate: 0.0100
2022-05-17 22:11:46,609 - INFO - Synset CE Weight: 0.0
Soft prediction CE Weight: 1.0
Outlier Exposure Weight: 0.20000000298023224
2022-05-17 22:12:16,173 - INFO - [Step=46000]	Loss=7.5063	309.2 examples/second
2022-05-17 22:13:48,080 - INFO - [Step=46250]	Loss=7.5104	348.2 examples/second
2022-05-17 22:15:20,022 - INFO - [Step=46500]	Loss=7.4978	348.0 examples/second
2022-05-17 22:16:52,717 - INFO - [Step=46750]	Loss=7.5133	345.2 examples/second
2022-05-17 22:17:04,880 - INFO - Test Loss=6.4744, Test top-1 acc=0.8065, Test mean synset acc=0.8853
2022-05-17 22:17:04,881 - INFO - Error Depth: [  10.   39.  198.  321.  150.   85. 3347.]
2022-05-17 22:17:04,881 - INFO - Epoch time: 318.27157497406006
2022-05-17 22:17:04,881 - INFO - 
Epoch: 56
2022-05-17 22:17:04,881 - INFO - 
Learning Rate: 0.0100
2022-05-17 22:17:04,881 - INFO - Synset CE Weight: 0.0
Soft prediction CE Weight: 1.0
Outlier Exposure Weight: 0.20000000298023224
2022-05-17 22:18:35,115 - INFO - [Step=47000]	Loss=7.4918	312.5 examples/second
2022-05-17 22:20:07,056 - INFO - [Step=47250]	Loss=7.5103	348.1 examples/second
2022-05-17 22:21:39,380 - INFO - [Step=47500]	Loss=7.5051	346.6 examples/second
2022-05-17 22:22:23,539 - INFO - Test Loss=6.4806, Test top-1 acc=0.8077, Test mean synset acc=0.8868
2022-05-17 22:22:23,539 - INFO - Error Depth: [   9.   41.  213.  292.  157.   86. 3352.]
2022-05-17 22:22:23,540 - INFO - Epoch time: 318.6585862636566
2022-05-17 22:22:23,540 - INFO - 
Epoch: 57
2022-05-17 22:22:23,540 - INFO - 
Learning Rate: 0.0100
2022-05-17 22:22:23,540 - INFO - Synset CE Weight: 0.0
Soft prediction CE Weight: 1.0
Outlier Exposure Weight: 0.20000000298023224
2022-05-17 22:23:22,717 - INFO - [Step=47750]	Loss=7.4791	309.7 examples/second
2022-05-17 22:24:54,686 - INFO - [Step=48000]	Loss=7.5071	347.9 examples/second
2022-05-17 22:26:26,980 - INFO - [Step=48250]	Loss=7.4937	346.7 examples/second
2022-05-17 22:27:42,365 - INFO - Test Loss=6.4891, Test top-1 acc=0.8048, Test mean synset acc=0.8873
2022-05-17 22:27:42,366 - INFO - Error Depth: [  12.   43.  222.  303.  146.   84. 3340.]
2022-05-17 22:27:42,367 - INFO - Epoch time: 318.8269009590149
2022-05-17 22:27:42,367 - INFO - 
Epoch: 58
2022-05-17 22:27:42,367 - INFO - 
Learning Rate: 0.0100
2022-05-17 22:27:42,367 - INFO - Synset CE Weight: 0.0
Soft prediction CE Weight: 1.0
Outlier Exposure Weight: 0.20000000298023224
2022-05-17 22:28:09,820 - INFO - [Step=48500]	Loss=7.5089	311.2 examples/second
2022-05-17 22:29:41,781 - INFO - [Step=48750]	Loss=7.4854	348.0 examples/second
2022-05-17 22:31:13,935 - INFO - [Step=49000]	Loss=7.4922	347.2 examples/second
2022-05-17 22:32:46,296 - INFO - [Step=49250]	Loss=7.4962	346.5 examples/second
2022-05-17 22:33:00,254 - INFO - Test Loss=6.4776, Test top-1 acc=0.8118, Test mean synset acc=0.8900
2022-05-17 22:33:00,255 - INFO - Error Depth: [   5.   50.  205.  291.  148.   82. 3369.]
2022-05-17 22:33:00,255 - INFO - Epoch time: 317.8880033493042
2022-05-17 22:33:00,255 - INFO - 
Epoch: 59
2022-05-17 22:33:00,255 - INFO - 
Learning Rate: 0.0010
2022-05-17 22:33:00,255 - INFO - Synset CE Weight: 0.0
Soft prediction CE Weight: 1.0
Outlier Exposure Weight: 0.20000000298023224
2022-05-17 22:34:28,352 - INFO - [Step=49500]	Loss=7.4593	313.6 examples/second
2022-05-17 22:36:00,391 - INFO - [Step=49750]	Loss=7.4330	347.7 examples/second
2022-05-17 22:37:32,856 - INFO - [Step=50000]	Loss=7.4365	346.1 examples/second
2022-05-17 22:38:18,492 - INFO - Test Loss=6.4596, Test top-1 acc=0.8239, Test mean synset acc=0.8982
2022-05-17 22:38:18,493 - INFO - Error Depth: [   7.   39.  191.  282.  132.   80. 3419.]
2022-05-17 22:38:18,493 - INFO - Saving...
2022-05-17 22:38:19,684 - INFO - Epoch time: 319.4287202358246
2022-05-17 22:38:19,684 - INFO - 
Epoch: 60
2022-05-17 22:38:19,684 - INFO - 
Learning Rate: 0.0010
2022-05-17 22:38:19,684 - INFO - Synset CE Weight: 0.0
Soft prediction CE Weight: 1.0
Outlier Exposure Weight: 0.20000000298023224
2022-05-17 22:39:17,063 - INFO - [Step=50250]	Loss=7.4193	307.1 examples/second
2022-05-17 22:40:49,086 - INFO - [Step=50500]	Loss=7.4125	347.7 examples/second
2022-05-17 22:42:21,547 - INFO - [Step=50750]	Loss=7.4260	346.1 examples/second
2022-05-17 22:43:38,466 - INFO - Test Loss=6.4532, Test top-1 acc=0.8255, Test mean synset acc=0.8987
2022-05-17 22:43:38,467 - INFO - Error Depth: [   8.   33.  192.  289.  126.   76. 3426.]
2022-05-17 22:43:38,467 - INFO - Saving...
2022-05-17 22:43:39,026 - INFO - Epoch time: 319.34219312667847
2022-05-17 22:43:39,026 - INFO - 
Epoch: 61
2022-05-17 22:43:39,026 - INFO - 
Learning Rate: 0.0010
2022-05-17 22:43:39,027 - INFO - Synset CE Weight: 0.0
Soft prediction CE Weight: 1.0
Outlier Exposure Weight: 0.20000000298023224
2022-05-17 22:44:05,028 - INFO - [Step=51000]	Loss=7.4092	309.2 examples/second
2022-05-17 22:45:36,995 - INFO - [Step=51250]	Loss=7.3972	348.0 examples/second
2022-05-17 22:47:09,221 - INFO - [Step=51500]	Loss=7.4079	347.0 examples/second
2022-05-17 22:48:41,569 - INFO - [Step=51750]	Loss=7.4101	346.5 examples/second
2022-05-17 22:48:57,424 - INFO - Test Loss=6.4526, Test top-1 acc=0.8255, Test mean synset acc=0.8982
2022-05-17 22:48:57,425 - INFO - Error Depth: [  12.   33.  182.  290.  124.   83. 3426.]
2022-05-17 22:48:57,425 - INFO - Epoch time: 318.398401260376
2022-05-17 22:48:57,425 - INFO - 
Epoch: 62
2022-05-17 22:48:57,425 - INFO - 
Learning Rate: 0.0010
2022-05-17 22:48:57,425 - INFO - Synset CE Weight: 0.0
Soft prediction CE Weight: 1.0
Outlier Exposure Weight: 0.20000000298023224
2022-05-17 22:50:23,997 - INFO - [Step=52000]	Loss=7.4016	312.4 examples/second
2022-05-17 22:51:55,961 - INFO - [Step=52250]	Loss=7.4052	348.0 examples/second
2022-05-17 22:53:28,250 - INFO - [Step=52500]	Loss=7.3966	346.7 examples/second
2022-05-17 22:54:15,771 - INFO - Test Loss=6.4510, Test top-1 acc=0.8227, Test mean synset acc=0.8960
2022-05-17 22:54:15,772 - INFO - Error Depth: [  13.   30.  187.  291.  133.   82. 3414.]
2022-05-17 22:54:15,772 - INFO - Epoch time: 318.34718799591064
2022-05-17 22:54:15,772 - INFO - 
Epoch: 63
2022-05-17 22:54:15,772 - INFO - 
Learning Rate: 0.0010
2022-05-17 22:54:15,772 - INFO - Synset CE Weight: 0.0
Soft prediction CE Weight: 1.0
Outlier Exposure Weight: 0.20000000298023224
2022-05-17 22:55:10,973 - INFO - [Step=52750]	Loss=7.3946	311.5 examples/second
2022-05-17 22:56:43,181 - INFO - [Step=53000]	Loss=7.4025	347.0 examples/second
2022-05-17 22:58:15,320 - INFO - [Step=53250]	Loss=7.4017	347.3 examples/second
2022-05-17 22:59:33,913 - INFO - Test Loss=6.4502, Test top-1 acc=0.8231, Test mean synset acc=0.8969
2022-05-17 22:59:33,914 - INFO - Error Depth: [  11.   30.  189.  292.  127.   85. 3416.]
2022-05-17 22:59:33,914 - INFO - Epoch time: 318.1418113708496
2022-05-17 22:59:33,914 - INFO - 
Epoch: 64
2022-05-17 22:59:33,914 - INFO - 
Learning Rate: 0.0010
2022-05-17 22:59:33,914 - INFO - Synset CE Weight: 0.0
Soft prediction CE Weight: 1.0
Outlier Exposure Weight: 0.20000000298023224
2022-05-17 22:59:58,064 - INFO - [Step=53500]	Loss=7.3896	311.5 examples/second
2022-05-17 23:01:29,830 - INFO - [Step=53750]	Loss=7.4005	348.7 examples/second
2022-05-17 23:03:02,338 - INFO - [Step=54000]	Loss=7.3921	345.9 examples/second
2022-05-17 23:04:34,522 - INFO - [Step=54250]	Loss=7.3870	347.1 examples/second
2022-05-17 23:04:52,290 - INFO - Test Loss=6.4498, Test top-1 acc=0.8227, Test mean synset acc=0.8962
2022-05-17 23:04:52,290 - INFO - Error Depth: [  14.   32.  186.  291.  132.   81. 3414.]
2022-05-17 23:04:52,291 - INFO - Epoch time: 318.37649512290955
2022-05-17 23:04:52,291 - INFO - 
Epoch: 65
2022-05-17 23:04:52,291 - INFO - 
Learning Rate: 0.0010
2022-05-17 23:04:52,291 - INFO - Synset CE Weight: 0.0
Soft prediction CE Weight: 1.0
Outlier Exposure Weight: 0.20000000298023224
2022-05-17 23:06:17,190 - INFO - [Step=54500]	Loss=7.3903	311.7 examples/second
2022-05-17 23:07:49,491 - INFO - [Step=54750]	Loss=7.3858	346.7 examples/second
2022-05-17 23:09:21,813 - INFO - [Step=55000]	Loss=7.3842	346.6 examples/second
2022-05-17 23:10:11,281 - INFO - Test Loss=6.4497, Test top-1 acc=0.8251, Test mean synset acc=0.8971
2022-05-17 23:10:11,282 - INFO - Error Depth: [   8.   32.  183.  296.  125.   82. 3424.]
2022-05-17 23:10:11,282 - INFO - Epoch time: 318.9914870262146
2022-05-17 23:10:11,282 - INFO - 
Epoch: 66
2022-05-17 23:10:11,282 - INFO - 
Learning Rate: 0.0010
2022-05-17 23:10:11,282 - INFO - Synset CE Weight: 0.0
Soft prediction CE Weight: 1.0
Outlier Exposure Weight: 0.20000000298023224
2022-05-17 23:11:04,910 - INFO - [Step=55250]	Loss=7.3898	310.4 examples/second
2022-05-17 23:12:37,057 - INFO - [Step=55500]	Loss=7.3728	347.3 examples/second
2022-05-17 23:14:09,280 - INFO - [Step=55750]	Loss=7.3921	347.0 examples/second
2022-05-17 23:15:29,869 - INFO - Test Loss=6.4483, Test top-1 acc=0.8270, Test mean synset acc=0.8979
2022-05-17 23:15:29,871 - INFO - Error Depth: [   8.   32.  179.  293.  120.   86. 3432.]
2022-05-17 23:15:29,871 - INFO - Saving...
2022-05-17 23:15:30,432 - INFO - Epoch time: 319.14986205101013
2022-05-17 23:15:30,432 - INFO - 
Epoch: 67
2022-05-17 23:15:30,433 - INFO - 
Learning Rate: 0.0010
2022-05-17 23:15:30,433 - INFO - Synset CE Weight: 0.0
Soft prediction CE Weight: 1.0
Outlier Exposure Weight: 0.20000000298023224
2022-05-17 23:15:52,632 - INFO - [Step=56000]	Loss=7.3965	309.6 examples/second
2022-05-17 23:17:24,839 - INFO - [Step=56250]	Loss=7.3819	347.0 examples/second
2022-05-17 23:18:57,305 - INFO - [Step=56500]	Loss=7.3798	346.1 examples/second
2022-05-17 23:20:29,485 - INFO - [Step=56750]	Loss=7.3849	347.2 examples/second
2022-05-17 23:20:49,056 - INFO - Test Loss=6.4482, Test top-1 acc=0.8267, Test mean synset acc=0.8975
2022-05-17 23:20:49,057 - INFO - Error Depth: [  11.   28.  176.  291.  129.   84. 3431.]
2022-05-17 23:20:49,057 - INFO - Epoch time: 318.6249451637268
2022-05-17 23:20:49,057 - INFO - 
Epoch: 68
2022-05-17 23:20:49,058 - INFO - 
Learning Rate: 0.0010
2022-05-17 23:20:49,058 - INFO - Synset CE Weight: 0.0
Soft prediction CE Weight: 1.0
Outlier Exposure Weight: 0.20000000298023224
2022-05-17 23:22:12,073 - INFO - [Step=57000]	Loss=7.3810	311.9 examples/second
2022-05-17 23:23:44,309 - INFO - [Step=57250]	Loss=7.3800	346.9 examples/second
2022-05-17 23:25:16,387 - INFO - [Step=57500]	Loss=7.3907	347.5 examples/second
2022-05-17 23:26:07,398 - INFO - Test Loss=6.4457, Test top-1 acc=0.8255, Test mean synset acc=0.8956
2022-05-17 23:26:07,399 - INFO - Error Depth: [   9.   27.  175.  296.  134.   83. 3426.]
2022-05-17 23:26:07,399 - INFO - Epoch time: 318.3416705131531
2022-05-17 23:26:07,399 - INFO - 
Epoch: 69
2022-05-17 23:26:07,399 - INFO - 
Learning Rate: 0.0010
2022-05-17 23:26:07,399 - INFO - Synset CE Weight: 0.0
Soft prediction CE Weight: 1.0
Outlier Exposure Weight: 0.20000000298023224
2022-05-17 23:26:58,989 - INFO - [Step=57750]	Loss=7.3771	311.9 examples/second
2022-05-17 23:28:31,496 - INFO - [Step=58000]	Loss=7.3733	345.9 examples/second
2022-05-17 23:30:03,493 - INFO - [Step=58250]	Loss=7.3803	347.8 examples/second
2022-05-17 23:31:25,916 - INFO - Test Loss=6.4479, Test top-1 acc=0.8280, Test mean synset acc=0.8987
2022-05-17 23:31:25,917 - INFO - Error Depth: [  13.   28.  174.  289.  126.   84. 3436.]
2022-05-17 23:31:25,918 - INFO - Saving...
2022-05-17 23:31:26,588 - INFO - Epoch time: 319.1890437602997
2022-05-17 23:31:26,589 - INFO - 
Epoch: 70
2022-05-17 23:31:26,589 - INFO - 
Learning Rate: 0.0010
2022-05-17 23:31:26,589 - INFO - Synset CE Weight: 0.0
Soft prediction CE Weight: 1.0
Outlier Exposure Weight: 0.20000000298023224
2022-05-17 23:31:47,227 - INFO - [Step=58500]	Loss=7.3733	308.5 examples/second
2022-05-17 23:33:19,515 - INFO - [Step=58750]	Loss=7.3743	346.7 examples/second
2022-05-17 23:34:51,956 - INFO - [Step=59000]	Loss=7.3763	346.2 examples/second
2022-05-17 23:36:24,071 - INFO - [Step=59250]	Loss=7.3748	347.4 examples/second
2022-05-17 23:36:45,370 - INFO - Test Loss=6.4496, Test top-1 acc=0.8260, Test mean synset acc=0.8991
2022-05-17 23:36:45,371 - INFO - Error Depth: [  11.   30.  184.  291.  125.   81. 3428.]
2022-05-17 23:36:45,371 - INFO - Epoch time: 318.7826144695282
2022-05-17 23:36:45,371 - INFO - 
Epoch: 71
2022-05-17 23:36:45,371 - INFO - 
Learning Rate: 0.0010
2022-05-17 23:36:45,371 - INFO - Synset CE Weight: 0.0
Soft prediction CE Weight: 1.0
Outlier Exposure Weight: 0.20000000298023224
2022-05-17 23:38:06,653 - INFO - [Step=59500]	Loss=7.3777	311.9 examples/second
2022-05-17 23:39:38,671 - INFO - [Step=59750]	Loss=7.3678	347.8 examples/second
2022-05-17 23:41:10,509 - INFO - [Step=60000]	Loss=7.3894	348.4 examples/second
2022-05-17 23:42:03,488 - INFO - Test Loss=6.4483, Test top-1 acc=0.8265, Test mean synset acc=0.8980
2022-05-17 23:42:03,489 - INFO - Error Depth: [  12.   33.  173.  291.  127.   84. 3430.]
2022-05-17 23:42:03,489 - INFO - Epoch time: 318.11811423301697
2022-05-17 23:42:03,489 - INFO - 
Epoch: 72
2022-05-17 23:42:03,490 - INFO - 
Learning Rate: 0.0010
2022-05-17 23:42:03,490 - INFO - Synset CE Weight: 0.0
Soft prediction CE Weight: 1.0
Outlier Exposure Weight: 0.20000000298023224
2022-05-17 23:42:53,610 - INFO - [Step=60250]	Loss=7.3697	310.4 examples/second
2022-05-17 23:44:25,788 - INFO - [Step=60500]	Loss=7.3685	347.2 examples/second
2022-05-17 23:45:57,669 - INFO - [Step=60750]	Loss=7.3692	348.3 examples/second
2022-05-17 23:47:21,890 - INFO - Test Loss=6.4486, Test top-1 acc=0.8265, Test mean synset acc=0.8977
2022-05-17 23:47:21,892 - INFO - Error Depth: [  11.   30.  177.  292.  128.   82. 3430.]
2022-05-17 23:47:21,892 - INFO - Epoch time: 318.40233516693115
2022-05-17 23:47:21,892 - INFO - 
Epoch: 73
2022-05-17 23:47:21,892 - INFO - 
Learning Rate: 0.0010
2022-05-17 23:47:21,892 - INFO - Synset CE Weight: 0.0
Soft prediction CE Weight: 1.0
Outlier Exposure Weight: 0.20000000298023224
2022-05-17 23:47:41,075 - INFO - [Step=61000]	Loss=7.3727	309.5 examples/second
2022-05-17 23:49:13,183 - INFO - [Step=61250]	Loss=7.3663	347.4 examples/second
2022-05-17 23:50:45,067 - INFO - [Step=61500]	Loss=7.3716	348.3 examples/second
2022-05-17 23:52:17,427 - INFO - [Step=61750]	Loss=7.3722	346.5 examples/second
2022-05-17 23:52:41,038 - INFO - Test Loss=6.4469, Test top-1 acc=0.8253, Test mean synset acc=0.8983
2022-05-17 23:52:41,039 - INFO - Error Depth: [  14.   29.  188.  292.  122.   80. 3425.]
2022-05-17 23:52:41,040 - INFO - Epoch time: 319.1478707790375
2022-05-17 23:52:41,040 - INFO - 
Epoch: 74
2022-05-17 23:52:41,040 - INFO - 
Learning Rate: 0.0010
2022-05-17 23:52:41,040 - INFO - Synset CE Weight: 0.0
Soft prediction CE Weight: 1.0
Outlier Exposure Weight: 0.20000000298023224
2022-05-17 23:54:00,640 - INFO - [Step=62000]	Loss=7.3703	310.0 examples/second
2022-05-17 23:55:32,697 - INFO - [Step=62250]	Loss=7.3717	347.6 examples/second
2022-05-17 23:57:04,578 - INFO - [Step=62500]	Loss=7.3606	348.3 examples/second
2022-05-17 23:57:59,988 - INFO - Test Loss=6.4469, Test top-1 acc=0.8239, Test mean synset acc=0.8964
2022-05-17 23:57:59,989 - INFO - Error Depth: [  13.   31.  180.  295.  130.   82. 3419.]
2022-05-17 23:57:59,989 - INFO - Epoch time: 318.9493386745453
2022-05-17 23:57:59,989 - INFO - 
Epoch: 75
2022-05-17 23:57:59,989 - INFO - 
Learning Rate: 0.0010
2022-05-17 23:57:59,990 - INFO - Synset CE Weight: 0.0
Soft prediction CE Weight: 1.0
Outlier Exposure Weight: 0.20000000298023224
2022-05-17 23:58:48,176 - INFO - [Step=62750]	Loss=7.3566	308.9 examples/second
2022-05-18 00:00:20,515 - INFO - [Step=63000]	Loss=7.3662	346.6 examples/second
2022-05-18 00:01:52,508 - INFO - [Step=63250]	Loss=7.3624	347.9 examples/second
2022-05-18 00:03:18,890 - INFO - Test Loss=6.4496, Test top-1 acc=0.8236, Test mean synset acc=0.8955
2022-05-18 00:03:18,891 - INFO - Error Depth: [  12.   31.  174.  299.  132.   84. 3418.]
2022-05-18 00:03:18,891 - INFO - Epoch time: 318.9016788005829
2022-05-18 00:03:18,891 - INFO - 
Epoch: 76
2022-05-18 00:03:18,891 - INFO - 
Learning Rate: 0.0010
2022-05-18 00:03:18,891 - INFO - Synset CE Weight: 0.0
Soft prediction CE Weight: 1.0
Outlier Exposure Weight: 0.20000000298023224
2022-05-18 00:03:35,525 - INFO - [Step=63500]	Loss=7.3669	310.6 examples/second
2022-05-18 00:05:08,054 - INFO - [Step=63750]	Loss=7.3736	345.8 examples/second
2022-05-18 00:06:40,205 - INFO - [Step=64000]	Loss=7.3601	347.3 examples/second
2022-05-18 00:08:12,755 - INFO - [Step=64250]	Loss=7.3618	345.8 examples/second
2022-05-18 00:08:38,055 - INFO - Test Loss=6.4467, Test top-1 acc=0.8258, Test mean synset acc=0.8963
2022-05-18 00:08:38,056 - INFO - Error Depth: [  15.   28.  171.  299.  129.   81. 3427.]
2022-05-18 00:08:38,056 - INFO - Epoch time: 319.1650927066803
2022-05-18 00:08:38,056 - INFO - 
Epoch: 77
2022-05-18 00:08:38,056 - INFO - 
Learning Rate: 0.0010
2022-05-18 00:08:38,057 - INFO - Synset CE Weight: 0.0
Soft prediction CE Weight: 1.0
Outlier Exposure Weight: 0.20000000298023224
2022-05-18 00:09:55,849 - INFO - [Step=64500]	Loss=7.3663	310.4 examples/second
2022-05-18 00:11:27,755 - INFO - [Step=64750]	Loss=7.3543	348.2 examples/second
2022-05-18 00:12:59,732 - INFO - [Step=65000]	Loss=7.3527	347.9 examples/second
2022-05-18 00:13:56,418 - INFO - Test Loss=6.4480, Test top-1 acc=0.8219, Test mean synset acc=0.8962
2022-05-18 00:13:56,419 - INFO - Error Depth: [  11.   36.  182.  301.  131.   78. 3411.]
2022-05-18 00:13:56,419 - INFO - Epoch time: 318.3624269962311
2022-05-18 00:13:56,419 - INFO - 
Epoch: 78
2022-05-18 00:13:56,419 - INFO - 
Learning Rate: 0.0010
2022-05-18 00:13:56,419 - INFO - Synset CE Weight: 0.0
Soft prediction CE Weight: 1.0
Outlier Exposure Weight: 0.20000000298023224
2022-05-18 00:14:42,683 - INFO - [Step=65250]	Loss=7.3676	310.8 examples/second
2022-05-18 00:16:14,511 - INFO - [Step=65500]	Loss=7.3581	348.5 examples/second
2022-05-18 00:17:46,362 - INFO - [Step=65750]	Loss=7.3575	348.4 examples/second
2022-05-18 00:19:14,686 - INFO - Test Loss=6.4494, Test top-1 acc=0.8231, Test mean synset acc=0.8965
2022-05-18 00:19:14,687 - INFO - Error Depth: [   9.   33.  184.  286.  139.   83. 3416.]
2022-05-18 00:19:14,687 - INFO - Epoch time: 318.26857352256775
2022-05-18 00:19:14,688 - INFO - 
Epoch: 79
2022-05-18 00:19:14,688 - INFO - 
Learning Rate: 0.0010
2022-05-18 00:19:14,688 - INFO - Synset CE Weight: 0.0
Soft prediction CE Weight: 1.0
Outlier Exposure Weight: 0.20000000298023224
2022-05-18 00:19:29,883 - INFO - [Step=66000]	Loss=7.3615	309.1 examples/second
2022-05-18 00:21:01,939 - INFO - [Step=66250]	Loss=7.3508	347.6 examples/second
2022-05-18 00:22:33,730 - INFO - [Step=66500]	Loss=7.3640	348.6 examples/second
2022-05-18 00:24:06,074 - INFO - [Step=66750]	Loss=7.3513	346.5 examples/second
2022-05-18 00:24:32,832 - INFO - Test Loss=6.4520, Test top-1 acc=0.8207, Test mean synset acc=0.8945
2022-05-18 00:24:32,833 - INFO - Error Depth: [  11.   31.  185.  299.  134.   84. 3406.]
2022-05-18 00:24:32,833 - INFO - Epoch time: 318.145879983902
2022-05-18 00:24:32,834 - INFO - 
Epoch: 80
2022-05-18 00:24:32,834 - INFO - 
Learning Rate: 0.0010
2022-05-18 00:24:32,834 - INFO - Synset CE Weight: 0.0
Soft prediction CE Weight: 1.0
Outlier Exposure Weight: 0.20000000298023224
2022-05-18 00:25:48,584 - INFO - [Step=67000]	Loss=7.3591	312.2 examples/second
2022-05-18 00:27:20,516 - INFO - [Step=67250]	Loss=7.3481	348.1 examples/second
2022-05-18 00:28:52,640 - INFO - [Step=67500]	Loss=7.3501	347.4 examples/second
2022-05-18 00:29:51,236 - INFO - Test Loss=6.4496, Test top-1 acc=0.8282, Test mean synset acc=0.8995
2022-05-18 00:29:51,237 - INFO - Error Depth: [  12.   30.  181.  287.  129.   74. 3437.]
2022-05-18 00:29:51,237 - INFO - Saving...
2022-05-18 00:29:52,121 - INFO - Epoch time: 319.28744649887085
2022-05-18 00:29:52,121 - INFO - 
Epoch: 81
2022-05-18 00:29:52,121 - INFO - 
Learning Rate: 0.0010
2022-05-18 00:29:52,121 - INFO - Synset CE Weight: 0.0
Soft prediction CE Weight: 1.0
Outlier Exposure Weight: 0.20000000298023224
2022-05-18 00:30:36,454 - INFO - [Step=67750]	Loss=7.3576	308.2 examples/second
2022-05-18 00:32:08,337 - INFO - [Step=68000]	Loss=7.3509	348.3 examples/second
2022-05-18 00:33:40,517 - INFO - [Step=68250]	Loss=7.3650	347.1 examples/second
2022-05-18 00:35:10,885 - INFO - Test Loss=6.4510, Test top-1 acc=0.8267, Test mean synset acc=0.8981
2022-05-18 00:35:10,886 - INFO - Error Depth: [  10.   33.  170.  293.  131.   82. 3431.]
2022-05-18 00:35:10,886 - INFO - Epoch time: 318.7650806903839
2022-05-18 00:35:10,886 - INFO - 
Epoch: 82
2022-05-18 00:35:10,887 - INFO - 
Learning Rate: 0.0010
2022-05-18 00:35:10,887 - INFO - Synset CE Weight: 0.0
Soft prediction CE Weight: 1.0
Outlier Exposure Weight: 0.20000000298023224
2022-05-18 00:35:23,942 - INFO - [Step=68500]	Loss=7.3422	309.4 examples/second
2022-05-18 00:36:55,716 - INFO - [Step=68750]	Loss=7.3554	348.7 examples/second
2022-05-18 00:38:27,420 - INFO - [Step=69000]	Loss=7.3591	349.0 examples/second
2022-05-18 00:39:59,736 - INFO - [Step=69250]	Loss=7.3542	346.6 examples/second
2022-05-18 00:40:28,809 - INFO - Test Loss=6.4522, Test top-1 acc=0.8234, Test mean synset acc=0.8977
2022-05-18 00:40:28,810 - INFO - Error Depth: [  15.   32.  182.  294.  127.   83. 3417.]
2022-05-18 00:40:28,810 - INFO - Epoch time: 317.9240243434906
2022-05-18 00:40:28,811 - INFO - 
Epoch: 83
2022-05-18 00:40:28,811 - INFO - 
Learning Rate: 0.0010
2022-05-18 00:40:28,811 - INFO - Synset CE Weight: 0.0
Soft prediction CE Weight: 1.0
Outlier Exposure Weight: 0.20000000298023224
2022-05-18 00:41:42,547 - INFO - [Step=69500]	Loss=7.3522	311.3 examples/second
2022-05-18 00:43:14,648 - INFO - [Step=69750]	Loss=7.3438	347.4 examples/second
2022-05-18 00:44:46,882 - INFO - [Step=70000]	Loss=7.3426	346.9 examples/second
2022-05-18 00:45:47,695 - INFO - Test Loss=6.4511, Test top-1 acc=0.8267, Test mean synset acc=0.8984
2022-05-18 00:45:47,696 - INFO - Error Depth: [  11.   33.  176.  290.  127.   82. 3431.]
2022-05-18 00:45:47,696 - INFO - Epoch time: 318.8857533931732
2022-05-18 00:45:47,696 - INFO - 
Epoch: 84
2022-05-18 00:45:47,696 - INFO - 
Learning Rate: 0.0010
2022-05-18 00:45:47,697 - INFO - Synset CE Weight: 0.0
Soft prediction CE Weight: 1.0
Outlier Exposure Weight: 0.20000000298023224
2022-05-18 00:46:30,080 - INFO - [Step=70250]	Loss=7.3500	310.1 examples/second
2022-05-18 00:48:02,126 - INFO - [Step=70500]	Loss=7.3525	347.7 examples/second
2022-05-18 00:49:34,521 - INFO - [Step=70750]	Loss=7.3469	346.3 examples/second
2022-05-18 00:51:06,718 - INFO - Test Loss=6.4513, Test top-1 acc=0.8282, Test mean synset acc=0.8981
2022-05-18 00:51:06,720 - INFO - Error Depth: [  10.   31.  170.  291.  129.   82. 3437.]
2022-05-18 00:51:06,720 - INFO - Epoch time: 319.0234582424164
2022-05-18 00:51:06,720 - INFO - 
Epoch: 85
2022-05-18 00:51:06,720 - INFO - 
Learning Rate: 0.0010
2022-05-18 00:51:06,720 - INFO - Synset CE Weight: 0.0
Soft prediction CE Weight: 1.0
Outlier Exposure Weight: 0.20000000298023224
2022-05-18 00:51:18,118 - INFO - [Step=71000]	Loss=7.3448	308.9 examples/second
2022-05-18 00:52:50,024 - INFO - [Step=71250]	Loss=7.3434	348.2 examples/second
2022-05-18 00:54:22,369 - INFO - [Step=71500]	Loss=7.3520	346.5 examples/second
2022-05-18 00:55:54,999 - INFO - [Step=71750]	Loss=7.3434	345.5 examples/second
2022-05-18 00:56:25,633 - INFO - Test Loss=6.4525, Test top-1 acc=0.8239, Test mean synset acc=0.8964
2022-05-18 00:56:25,633 - INFO - Error Depth: [  12.   31.  179.  294.  132.   83. 3419.]
2022-05-18 00:56:25,633 - INFO - Epoch time: 318.913526058197
2022-05-18 00:56:25,634 - INFO - 
Epoch: 86
2022-05-18 00:56:25,634 - INFO - 
Learning Rate: 0.0010
2022-05-18 00:56:25,634 - INFO - Synset CE Weight: 0.0
Soft prediction CE Weight: 1.0
Outlier Exposure Weight: 0.20000000298023224
2022-05-18 00:57:37,488 - INFO - [Step=72000]	Loss=7.3520	312.2 examples/second
2022-05-18 00:59:09,445 - INFO - [Step=72250]	Loss=7.3551	348.0 examples/second
2022-05-18 01:00:41,399 - INFO - [Step=72500]	Loss=7.3412	348.0 examples/second
2022-05-18 01:01:43,603 - INFO - Test Loss=6.4511, Test top-1 acc=0.8241, Test mean synset acc=0.8963
2022-05-18 01:01:43,604 - INFO - Error Depth: [  10.   31.  180.  294.  136.   79. 3420.]
2022-05-18 01:01:43,604 - INFO - Epoch time: 317.9704692363739
2022-05-18 01:01:43,604 - INFO - 
Epoch: 87
2022-05-18 01:01:43,604 - INFO - 
Learning Rate: 0.0010
2022-05-18 01:01:43,604 - INFO - Synset CE Weight: 0.0
Soft prediction CE Weight: 1.0
Outlier Exposure Weight: 0.20000000298023224
2022-05-18 01:02:25,032 - INFO - [Step=72750]	Loss=7.3532	308.8 examples/second
2022-05-18 01:03:59,843 - INFO - [Step=73000]	Loss=7.3391	337.5 examples/second
2022-05-18 01:05:33,548 - INFO - [Step=73250]	Loss=7.3477	341.5 examples/second
2022-05-18 01:07:06,287 - INFO - Test Loss=6.4508, Test top-1 acc=0.8255, Test mean synset acc=0.8976
2022-05-18 01:07:06,289 - INFO - Error Depth: [  13.   30.  177.  289.  132.   83. 3426.]
2022-05-18 01:07:06,289 - INFO - Epoch time: 322.68477177619934
2022-05-18 01:07:06,289 - INFO - 
Epoch: 88
2022-05-18 01:07:06,289 - INFO - 
Learning Rate: 0.0010
2022-05-18 01:07:06,289 - INFO - Synset CE Weight: 0.0
Soft prediction CE Weight: 1.0
Outlier Exposure Weight: 0.20000000298023224
2022-05-18 01:07:15,490 - INFO - [Step=73500]	Loss=7.3397	313.9 examples/second
2022-05-18 01:08:46,972 - INFO - [Step=73750]	Loss=7.3442	349.8 examples/second
2022-05-18 01:10:18,674 - INFO - [Step=74000]	Loss=7.3471	349.0 examples/second
2022-05-18 01:11:50,326 - INFO - [Step=74250]	Loss=7.3456	349.2 examples/second
2022-05-18 01:12:22,522 - INFO - Test Loss=6.4504, Test top-1 acc=0.8258, Test mean synset acc=0.8970
2022-05-18 01:12:22,523 - INFO - Error Depth: [  12.   28.  176.  291.  136.   80. 3427.]
2022-05-18 01:12:22,523 - INFO - Epoch time: 316.23405289649963
2022-05-18 01:12:22,523 - INFO - 
Epoch: 89
2022-05-18 01:12:22,523 - INFO - 
Learning Rate: 0.0010
2022-05-18 01:12:22,523 - INFO - Synset CE Weight: 0.0
Soft prediction CE Weight: 1.0
Outlier Exposure Weight: 0.20000000298023224
2022-05-18 01:13:32,171 - INFO - [Step=74500]	Loss=7.3507	314.2 examples/second
2022-05-18 01:15:03,779 - INFO - [Step=74750]	Loss=7.3412	349.3 examples/second
2022-05-18 01:16:35,228 - INFO - [Step=75000]	Loss=7.3494	349.9 examples/second
2022-05-18 01:17:38,586 - INFO - Test Loss=6.4508, Test top-1 acc=0.8246, Test mean synset acc=0.8966
2022-05-18 01:17:38,587 - INFO - Error Depth: [  15.   33.  170.  294.  131.   85. 3422.]
2022-05-18 01:17:38,587 - INFO - Epoch time: 316.06413435935974
2022-05-18 01:17:38,588 - INFO - Printing Final Accuracy + OOD Detection stats
2022-05-18 01:17:38,588 - INFO - Top 1 Accuracy:  Min: 0.8282; Max: 0.8282; Avg: 0.8282; Std: 0.0000; Len: 1
2022-05-18 01:17:38,589 - INFO - Top 5 Accuracy:  Min: 0.8995; Max: 0.8995; Avg: 0.8995; Std: 0.0000; Len: 1
