2022-05-17 01:40:46,292 - INFO - ==> Preparing data..
2022-05-17 01:40:46,978 - INFO - # ID Test: 4150
2022-05-17 01:40:46,979 - INFO - # OOD: 850
2022-05-17 01:40:47,044 - INFO - # iNaturalist: 10000
2022-05-17 01:40:47,108 - INFO - # SUN: 10000
2022-05-17 01:40:47,175 - INFO - # Places: 10000
2022-05-17 01:40:47,211 - INFO - # Textures: 5640
2022-05-17 01:40:47,216 - INFO - # coarseid-coarseood: 750
2022-05-17 01:40:47,218 - INFO - # coarseid-fineood: 100
2022-05-17 01:41:06,649 - INFO - Accuracy Results
2022-05-17 01:41:06,651 - INFO - Mean Synset Accuracy: 0.8535287976264954
2022-05-17 01:41:06,651 - INFO - Top-1 Accuracy: 0.7180722951889038
2022-05-17 01:41:06,652 - INFO - Pred Accuracy: 0.7226505875587463
2022-05-17 01:41:06,652 - INFO - Synset Accuracies:
2022-05-17 01:41:06,653 - INFO - [0.97108436 0.93733335 0.9435294  0.724      0.864      0.804
 0.936      0.939      0.9023256  0.99       0.804      0.932
 0.732      0.7        0.95894736 0.938      0.936      0.716
 0.865      0.752      0.692      0.812      0.672      0.872
 0.945     ]
2022-05-17 01:41:06,653 - INFO - Error Depth:
2022-05-17 01:41:06,653 - INFO - 	Num. Errors at Depth 0 = 45.0
2022-05-17 01:41:06,653 - INFO - 	Num. Errors at Depth 1 = 114.0
2022-05-17 01:41:06,654 - INFO - 	Num. Errors at Depth 2 = 331.0
2022-05-17 01:41:06,654 - INFO - 	Num. Errors at Depth 3 = 413.0
2022-05-17 01:41:06,654 - INFO - 	Num. Errors at Depth 4 = 180.0
2022-05-17 01:41:06,654 - INFO - 	Num. Errors at Depth 5 = 87.0
2022-05-17 01:41:06,654 - INFO - 	Num. Errors at Depth -1 = 2980.0
2022-05-17 01:41:06,654 - INFO - OOD Results
2022-05-17 01:41:24,703 - INFO - Computing OOD Statistics...
2022-05-17 01:41:51,130 - INFO - Computing OOD Statistics...
2022-05-17 01:42:24,074 - INFO - Computing OOD Statistics...
2022-05-17 01:42:47,278 - INFO - Computing OOD Statistics...
2022-05-17 01:43:03,362 - INFO - Computing OOD Statistics...
2022-05-17 01:43:08,997 - INFO - Computing OOD Statistics...
2022-05-17 01:43:13,017 - INFO - Computing OOD Statistics...
2022-05-17 01:43:13,071 - INFO - OOD Dataset: OOD
2022-05-17 01:43:13,071 - INFO - MSP AUROC Synset Performance
2022-05-17 01:43:13,071 - INFO - [-1, -1, -1, -1, -1, -1, -1, -1, -1, -1, -1, -1, -1, -1, -1, -1, -1, -1, -1, -1, -1, -1, -1, -1, -1, -0.0, 0.8270463501063076, 0.8409698086463502, 0.8833768958185684]
2022-05-17 01:43:13,071 - INFO - MSP TNR Synset Performance
2022-05-17 01:43:13,071 - INFO - [-1, -1, -1, -1, -1, -1, -1, -1, -1, -1, -1, -1, -1, -1, -1, -1, -1, -1, -1, -1, -1, -1, -1, -1, -1, 0.0, 0.24, 0.28, 0.45529411764705885]
2022-05-17 01:43:13,071 - INFO - MSP AUOUT Synset Performance
2022-05-17 01:43:13,071 - INFO - [-1, -1, -1, -1, -1, -1, -1, -1, -1, -1, -1, -1, -1, -1, -1, -1, -1, -1, -1, -1, -1, -1, -1, -1, -1, 0.09027322853919331, 0.4334219567191483, 0.46703157346789487, 0.5963185604093663]
2022-05-17 01:43:13,071 - INFO - ODIN AUROC Synset Performance
2022-05-17 01:43:13,071 - INFO - [-1, -1, -1, -1, -1, -1, -1, -1, -1, -1, -1, -1, -1, -1, -1, -1, -1, -1, -1, -1, -1, -1, -1, -1, -1, -0.0, 0.5461567682494685, 0.5285740609496811, 0.5369221828490433]
2022-05-17 01:43:13,071 - INFO - ODIN TNR Synset Performance
2022-05-17 01:43:13,071 - INFO - [-1, -1, -1, -1, -1, -1, -1, -1, -1, -1, -1, -1, -1, -1, -1, -1, -1, -1, -1, -1, -1, -1, -1, -1, -1, 0.0, 0.07882352941176474, 0.009411764705882342, 0.051764705882352935]
2022-05-17 01:43:13,071 - INFO - ODIN AUOUT Synset Performance
2022-05-17 01:43:13,072 - INFO - [-1, -1, -1, -1, -1, -1, -1, -1, -1, -1, -1, -1, -1, -1, -1, -1, -1, -1, -1, -1, -1, -1, -1, -1, -1, 0.09027322853919331, 0.19476010701070307, 0.16110079956292492, 0.17305694889302115]
2022-05-17 01:43:13,072 - INFO - MSP Metrics using max activations accumulated across all appropriate synsets:
	AUROC -0.0
	TNR 0.0
	AUOUT 0.09027322853919331
2022-05-17 01:43:13,072 - INFO - ODIN Metrics using max activations accumulated across all appropriate synsets:
	AUROC -0.0
	TNR 0.0
	AUOUT 0.09027322853919331
2022-05-17 01:43:13,072 - INFO - MSP Metrics using max entropy along path:
	AUROC 0.8270463501063076
	TNR 0.24
	AUOUT 0.4334219567191483
2022-05-17 01:43:13,072 - INFO - ODIN Metrics using max entropy along path:
	AUROC 0.5461567682494685
	TNR 0.07882352941176474
	AUOUT 0.19476010701070307
2022-05-17 01:43:13,072 - INFO - MSP Metrics using predicted activations:
	AUROC 0.8409698086463502
	TNR 0.28
	AUOUT 0.46703157346789487
2022-05-17 01:43:13,072 - INFO - ODIN Metrics using predicted activations:
	AUROC 0.5285740609496811
	TNR 0.009411764705882342
	AUOUT 0.16110079956292492
2022-05-17 01:43:13,072 - INFO - MSP Metrics using mean entropy along path:
	AUROC 0.8833768958185684
	TNR 0.45529411764705885
	AUOUT 0.5963185604093663
2022-05-17 01:43:13,072 - INFO - ODIN Metrics using mean entropy along path:
	AUROC 0.5369221828490433
	TNR 0.051764705882352935
	AUOUT 0.17305694889302115
2022-05-17 01:43:13,072 - INFO - MSP Metrics using min entropy along path:
	AUROC 0.8887759036144579
	TNR 0.47411764705882353
	AUOUT 0.602233349581005
2022-05-17 01:43:13,072 - INFO - ODIN Metrics using min entropy along path:
	AUROC 0.8469082919914953
	TNR 0.2941176470588235
	AUOUT 0.4577053097803623
2022-05-17 01:43:13,073 - INFO - OOD Path entropy min idx (msp): [0. 1. 2. 3. 4.], [468 167 138  66  11]
2022-05-17 01:43:13,074 - INFO - OOD Path entropy min idx (odin): [0. 3. 4.], [828  12  10]
2022-05-17 01:43:13,074 - INFO - OOD Dataset: iNaturalist
2022-05-17 01:43:13,074 - INFO - MSP AUROC Synset Performance
2022-05-17 01:43:13,074 - INFO - [-1, -1, -1, -1, -1, -1, -1, -1, -1, -1, -1, -1, -1, -1, -1, -1, -1, -1, -1, -1, -1, -1, -1, -1, -1, -0.0, 0.863576939759036, 0.872554843373494, 0.8896472771084338]
2022-05-17 01:43:13,074 - INFO - MSP TNR Synset Performance
2022-05-17 01:43:13,074 - INFO - [-1, -1, -1, -1, -1, -1, -1, -1, -1, -1, -1, -1, -1, -1, -1, -1, -1, -1, -1, -1, -1, -1, -1, -1, -1, 0.0, 0.34019999999999995, 0.3982, 0.44179999999999997]
2022-05-17 01:43:13,074 - INFO - MSP AUOUT Synset Performance
2022-05-17 01:43:13,074 - INFO - [-1, -1, -1, -1, -1, -1, -1, -1, -1, -1, -1, -1, -1, -1, -1, -1, -1, -1, -1, -1, -1, -1, -1, -1, -1, 0.4909583878783369, 0.9233886403232149, 0.9302225665508603, 0.9383433542776959]
2022-05-17 01:43:13,074 - INFO - ODIN AUROC Synset Performance
2022-05-17 01:43:13,074 - INFO - [-1, -1, -1, -1, -1, -1, -1, -1, -1, -1, -1, -1, -1, -1, -1, -1, -1, -1, -1, -1, -1, -1, -1, -1, -1, -0.0, 0.5748006265060241, 0.572101421686747, 0.4786589156626506]
2022-05-17 01:43:13,074 - INFO - ODIN TNR Synset Performance
2022-05-17 01:43:13,074 - INFO - [-1, -1, -1, -1, -1, -1, -1, -1, -1, -1, -1, -1, -1, -1, -1, -1, -1, -1, -1, -1, -1, -1, -1, -1, -1, 0.0, 0.20309999999999995, 0.007299999999999973, 0.12890000000000001]
2022-05-17 01:43:13,074 - INFO - ODIN AUOUT Synset Performance
2022-05-17 01:43:13,074 - INFO - [-1, -1, -1, -1, -1, -1, -1, -1, -1, -1, -1, -1, -1, -1, -1, -1, -1, -1, -1, -1, -1, -1, -1, -1, -1, 0.4909583878783369, 0.771865258052493, 0.7034174388029152, 0.7195167732542055]
2022-05-17 01:43:13,074 - INFO - MSP Metrics using max activations accumulated across all appropriate synsets:
	AUROC -0.0
	TNR 0.0
	AUOUT 0.4909583878783369
2022-05-17 01:43:13,075 - INFO - ODIN Metrics using max activations accumulated across all appropriate synsets:
	AUROC -0.0
	TNR 0.0
	AUOUT 0.4909583878783369
2022-05-17 01:43:13,075 - INFO - MSP Metrics using max entropy along path:
	AUROC 0.863576939759036
	TNR 0.34019999999999995
	AUOUT 0.9233886403232149
2022-05-17 01:43:13,075 - INFO - ODIN Metrics using max entropy along path:
	AUROC 0.5748006265060241
	TNR 0.20309999999999995
	AUOUT 0.771865258052493
2022-05-17 01:43:13,075 - INFO - MSP Metrics using predicted activations:
	AUROC 0.872554843373494
	TNR 0.3982
	AUOUT 0.9302225665508603
2022-05-17 01:43:13,075 - INFO - ODIN Metrics using predicted activations:
	AUROC 0.572101421686747
	TNR 0.007299999999999973
	AUOUT 0.7034174388029152
2022-05-17 01:43:13,075 - INFO - MSP Metrics using mean entropy along path:
	AUROC 0.8896472771084338
	TNR 0.44179999999999997
	AUOUT 0.9383433542776959
2022-05-17 01:43:13,075 - INFO - ODIN Metrics using mean entropy along path:
	AUROC 0.4786589156626506
	TNR 0.12890000000000001
	AUOUT 0.7195167732542055
2022-05-17 01:43:13,075 - INFO - MSP Metrics using min entropy along path:
	AUROC 0.8579473012048193
	TNR 0.3036
	AUOUT 0.9136995944413954
2022-05-17 01:43:13,075 - INFO - ODIN Metrics using min entropy along path:
	AUROC 0.7623497108433736
	TNR 0.14349999999999996
	AUOUT 0.8441116653216505
2022-05-17 01:43:13,076 - INFO - OOD Path entropy min idx (msp): [0. 1. 2. 3. 4. 5.], [6431  814 1204 1422  124    5]
2022-05-17 01:43:13,076 - INFO - OOD Path entropy min idx (odin): [0. 3. 4.], [8781 1158   61]
2022-05-17 01:43:13,077 - INFO - OOD Dataset: SUN
2022-05-17 01:43:13,077 - INFO - MSP AUROC Synset Performance
2022-05-17 01:43:13,077 - INFO - [-1, -1, -1, -1, -1, -1, -1, -1, -1, -1, -1, -1, -1, -1, -1, -1, -1, -1, -1, -1, -1, -1, -1, -1, -1, -0.0, 0.8619531807228915, 0.8950211325301204, 0.9163732289156626]
2022-05-17 01:43:13,077 - INFO - MSP TNR Synset Performance
2022-05-17 01:43:13,077 - INFO - [-1, -1, -1, -1, -1, -1, -1, -1, -1, -1, -1, -1, -1, -1, -1, -1, -1, -1, -1, -1, -1, -1, -1, -1, -1, 0.0, 0.30879999999999996, 0.45089999999999997, 0.5064]
2022-05-17 01:43:13,077 - INFO - MSP AUOUT Synset Performance
2022-05-17 01:43:13,077 - INFO - [-1, -1, -1, -1, -1, -1, -1, -1, -1, -1, -1, -1, -1, -1, -1, -1, -1, -1, -1, -1, -1, -1, -1, -1, -1, 0.4909583878783369, 0.919482899474474, 0.9421073842304198, 0.9517876278974781]
2022-05-17 01:43:13,077 - INFO - ODIN AUROC Synset Performance
2022-05-17 01:43:13,077 - INFO - [-1, -1, -1, -1, -1, -1, -1, -1, -1, -1, -1, -1, -1, -1, -1, -1, -1, -1, -1, -1, -1, -1, -1, -1, -1, -0.0, 0.7082130120481928, 0.6269658313253011, 0.6785905542168674]
2022-05-17 01:43:13,077 - INFO - ODIN TNR Synset Performance
2022-05-17 01:43:13,077 - INFO - [-1, -1, -1, -1, -1, -1, -1, -1, -1, -1, -1, -1, -1, -1, -1, -1, -1, -1, -1, -1, -1, -1, -1, -1, -1, 0.0, 0.37839999999999996, 0.024900000000000033, 0.2723]
2022-05-17 01:43:13,077 - INFO - ODIN AUOUT Synset Performance
2022-05-17 01:43:13,077 - INFO - [-1, -1, -1, -1, -1, -1, -1, -1, -1, -1, -1, -1, -1, -1, -1, -1, -1, -1, -1, -1, -1, -1, -1, -1, -1, 0.4909583878783369, 0.8640333802635751, 0.7419370818046951, 0.8358816476440538]
2022-05-17 01:43:13,077 - INFO - MSP Metrics using max activations accumulated across all appropriate synsets:
	AUROC -0.0
	TNR 0.0
	AUOUT 0.4909583878783369
2022-05-17 01:43:13,077 - INFO - ODIN Metrics using max activations accumulated across all appropriate synsets:
	AUROC -0.0
	TNR 0.0
	AUOUT 0.4909583878783369
2022-05-17 01:43:13,077 - INFO - MSP Metrics using max entropy along path:
	AUROC 0.8619531807228915
	TNR 0.30879999999999996
	AUOUT 0.919482899474474
2022-05-17 01:43:13,078 - INFO - ODIN Metrics using max entropy along path:
	AUROC 0.7082130120481928
	TNR 0.37839999999999996
	AUOUT 0.8640333802635751
2022-05-17 01:43:13,078 - INFO - MSP Metrics using predicted activations:
	AUROC 0.8950211325301204
	TNR 0.45089999999999997
	AUOUT 0.9421073842304198
2022-05-17 01:43:13,078 - INFO - ODIN Metrics using predicted activations:
	AUROC 0.6269658313253011
	TNR 0.024900000000000033
	AUOUT 0.7419370818046951
2022-05-17 01:43:13,078 - INFO - MSP Metrics using mean entropy along path:
	AUROC 0.9163732289156626
	TNR 0.5064
	AUOUT 0.9517876278974781
2022-05-17 01:43:13,078 - INFO - ODIN Metrics using mean entropy along path:
	AUROC 0.6785905542168674
	TNR 0.2723
	AUOUT 0.8358816476440538
2022-05-17 01:43:13,078 - INFO - MSP Metrics using min entropy along path:
	AUROC 0.9277129156626506
	TNR 0.5636
	AUOUT 0.9574210181125303
2022-05-17 01:43:13,078 - INFO - ODIN Metrics using min entropy along path:
	AUROC 0.8932693253012047
	TNR 0.3891
	AUOUT 0.9227176669260897
2022-05-17 01:43:13,079 - INFO - OOD Path entropy min idx (msp): [0. 1. 2. 3. 4. 5.], [4138 2799 1447 1235  341   40]
2022-05-17 01:43:13,079 - INFO - OOD Path entropy min idx (odin): [0. 3. 4.], [9626  156  218]
2022-05-17 01:43:13,079 - INFO - OOD Dataset: Places
2022-05-17 01:43:13,079 - INFO - MSP AUROC Synset Performance
2022-05-17 01:43:13,080 - INFO - [-1, -1, -1, -1, -1, -1, -1, -1, -1, -1, -1, -1, -1, -1, -1, -1, -1, -1, -1, -1, -1, -1, -1, -1, -1, -0.0, 0.847877373493976, 0.8782366987951808, 0.9016119036144579]
2022-05-17 01:43:13,080 - INFO - MSP TNR Synset Performance
2022-05-17 01:43:13,080 - INFO - [-1, -1, -1, -1, -1, -1, -1, -1, -1, -1, -1, -1, -1, -1, -1, -1, -1, -1, -1, -1, -1, -1, -1, -1, -1, 0.0, 0.28779999999999994, 0.40459999999999996, 0.4627]
2022-05-17 01:43:13,080 - INFO - MSP AUOUT Synset Performance
2022-05-17 01:43:13,080 - INFO - [-1, -1, -1, -1, -1, -1, -1, -1, -1, -1, -1, -1, -1, -1, -1, -1, -1, -1, -1, -1, -1, -1, -1, -1, -1, 0.4909583878783369, 0.9113609475893072, 0.9323229316745097, 0.9437848483665741]
2022-05-17 01:43:13,080 - INFO - ODIN AUROC Synset Performance
2022-05-17 01:43:13,080 - INFO - [-1, -1, -1, -1, -1, -1, -1, -1, -1, -1, -1, -1, -1, -1, -1, -1, -1, -1, -1, -1, -1, -1, -1, -1, -1, -0.0, 0.694154265060241, 0.6188954457831326, 0.6639518795180723]
2022-05-17 01:43:13,080 - INFO - ODIN TNR Synset Performance
2022-05-17 01:43:13,080 - INFO - [-1, -1, -1, -1, -1, -1, -1, -1, -1, -1, -1, -1, -1, -1, -1, -1, -1, -1, -1, -1, -1, -1, -1, -1, -1, 0.0, 0.33909999999999996, 0.02839999999999998, 0.254]
2022-05-17 01:43:13,080 - INFO - ODIN AUOUT Synset Performance
2022-05-17 01:43:13,080 - INFO - [-1, -1, -1, -1, -1, -1, -1, -1, -1, -1, -1, -1, -1, -1, -1, -1, -1, -1, -1, -1, -1, -1, -1, -1, -1, 0.4909583878783369, 0.854535770836149, 0.7418245219073167, 0.8285180015826367]
2022-05-17 01:43:13,080 - INFO - MSP Metrics using max activations accumulated across all appropriate synsets:
	AUROC -0.0
	TNR 0.0
	AUOUT 0.4909583878783369
2022-05-17 01:43:13,080 - INFO - ODIN Metrics using max activations accumulated across all appropriate synsets:
	AUROC -0.0
	TNR 0.0
	AUOUT 0.4909583878783369
2022-05-17 01:43:13,080 - INFO - MSP Metrics using max entropy along path:
	AUROC 0.847877373493976
	TNR 0.28779999999999994
	AUOUT 0.9113609475893072
2022-05-17 01:43:13,081 - INFO - ODIN Metrics using max entropy along path:
	AUROC 0.694154265060241
	TNR 0.33909999999999996
	AUOUT 0.854535770836149
2022-05-17 01:43:13,081 - INFO - MSP Metrics using predicted activations:
	AUROC 0.8782366987951808
	TNR 0.40459999999999996
	AUOUT 0.9323229316745097
2022-05-17 01:43:13,081 - INFO - ODIN Metrics using predicted activations:
	AUROC 0.6188954457831326
	TNR 0.02839999999999998
	AUOUT 0.7418245219073167
2022-05-17 01:43:13,081 - INFO - MSP Metrics using mean entropy along path:
	AUROC 0.9016119036144579
	TNR 0.4627
	AUOUT 0.9437848483665741
2022-05-17 01:43:13,081 - INFO - ODIN Metrics using mean entropy along path:
	AUROC 0.6639518795180723
	TNR 0.254
	AUOUT 0.8285180015826367
2022-05-17 01:43:13,081 - INFO - MSP Metrics using min entropy along path:
	AUROC 0.9139959759036145
	TNR 0.5195000000000001
	AUOUT 0.9504901852520662
2022-05-17 01:43:13,081 - INFO - ODIN Metrics using min entropy along path:
	AUROC 0.8793631807228917
	TNR 0.37060000000000004
	AUOUT 0.9166104129629727
2022-05-17 01:43:13,082 - INFO - OOD Path entropy min idx (msp): [0. 1. 2. 3. 4. 5.], [4019 2802 1537 1309  290   43]
2022-05-17 01:43:13,082 - INFO - OOD Path entropy min idx (odin): [0. 3. 4.], [9598  215  187]
2022-05-17 01:43:13,082 - INFO - OOD Dataset: Textures
2022-05-17 01:43:13,082 - INFO - MSP AUROC Synset Performance
2022-05-17 01:43:13,082 - INFO - [-1, -1, -1, -1, -1, -1, -1, -1, -1, -1, -1, -1, -1, -1, -1, -1, -1, -1, -1, -1, -1, -1, -1, -1, -1, -0.0, 0.7966632487396395, 0.8273700333247885, 0.8562226779458258]
2022-05-17 01:43:13,082 - INFO - MSP TNR Synset Performance
2022-05-17 01:43:13,083 - INFO - [-1, -1, -1, -1, -1, -1, -1, -1, -1, -1, -1, -1, -1, -1, -1, -1, -1, -1, -1, -1, -1, -1, -1, -1, -1, 0.0, 0.20762411347517729, 0.3390070921985816, 0.3872340425531915]
2022-05-17 01:43:13,083 - INFO - MSP AUOUT Synset Performance
2022-05-17 01:43:13,083 - INFO - [-1, -1, -1, -1, -1, -1, -1, -1, -1, -1, -1, -1, -1, -1, -1, -1, -1, -1, -1, -1, -1, -1, -1, -1, -1, 0.36848395850775695, 0.8085567552197845, 0.8522589502230596, 0.8755308714719096]
2022-05-17 01:43:13,083 - INFO - ODIN AUROC Synset Performance
2022-05-17 01:43:13,083 - INFO - [-1, -1, -1, -1, -1, -1, -1, -1, -1, -1, -1, -1, -1, -1, -1, -1, -1, -1, -1, -1, -1, -1, -1, -1, -1, -0.0, 0.5181255660941639, 0.47983568315816455, 0.5165141843971631]
2022-05-17 01:43:13,083 - INFO - ODIN TNR Synset Performance
2022-05-17 01:43:13,083 - INFO - [-1, -1, -1, -1, -1, -1, -1, -1, -1, -1, -1, -1, -1, -1, -1, -1, -1, -1, -1, -1, -1, -1, -1, -1, -1, 0.0, 0.14627659574468088, 0.013297872340425565, 0.14219858156028364]
2022-05-17 01:43:13,083 - INFO - ODIN AUOUT Synset Performance
2022-05-17 01:43:13,083 - INFO - [-1, -1, -1, -1, -1, -1, -1, -1, -1, -1, -1, -1, -1, -1, -1, -1, -1, -1, -1, -1, -1, -1, -1, -1, -1, 0.36848395850775695, 0.6217293354435925, 0.5354911656029918, 0.6160247951560376]
2022-05-17 01:43:13,083 - INFO - MSP Metrics using max activations accumulated across all appropriate synsets:
	AUROC -0.0
	TNR 0.0
	AUOUT 0.36848395850775695
2022-05-17 01:43:13,083 - INFO - ODIN Metrics using max activations accumulated across all appropriate synsets:
	AUROC -0.0
	TNR 0.0
	AUOUT 0.36848395850775695
2022-05-17 01:43:13,083 - INFO - MSP Metrics using max entropy along path:
	AUROC 0.7966632487396395
	TNR 0.20762411347517729
	AUOUT 0.8085567552197845
2022-05-17 01:43:13,083 - INFO - ODIN Metrics using max entropy along path:
	AUROC 0.5181255660941639
	TNR 0.14627659574468088
	AUOUT 0.6217293354435925
2022-05-17 01:43:13,083 - INFO - MSP Metrics using predicted activations:
	AUROC 0.8273700333247885
	TNR 0.3390070921985816
	AUOUT 0.8522589502230596
2022-05-17 01:43:13,083 - INFO - ODIN Metrics using predicted activations:
	AUROC 0.47983568315816455
	TNR 0.013297872340425565
	AUOUT 0.5354911656029918
2022-05-17 01:43:13,083 - INFO - MSP Metrics using mean entropy along path:
	AUROC 0.8562226779458258
	TNR 0.3872340425531915
	AUOUT 0.8755308714719096
2022-05-17 01:43:13,083 - INFO - ODIN Metrics using mean entropy along path:
	AUROC 0.5165141843971631
	TNR 0.14219858156028364
	AUOUT 0.6160247951560376
2022-05-17 01:43:13,083 - INFO - MSP Metrics using min entropy along path:
	AUROC 0.8709402717251986
	TNR 0.4446808510638298
	AUOUT 0.8877014011242359
2022-05-17 01:43:13,083 - INFO - ODIN Metrics using min entropy along path:
	AUROC 0.8564368537981715
	TNR 0.3377659574468085
	AUOUT 0.8493558393522358
2022-05-17 01:43:13,084 - INFO - OOD Path entropy min idx (msp): [0. 1. 2. 3. 4. 5.], [2249 1030 1568  695   84   14]
2022-05-17 01:43:13,084 - INFO - OOD Path entropy min idx (odin): [0. 3. 4.], [5341  245   54]
2022-05-17 01:43:13,084 - INFO - OOD Dataset: coarseid-coarseood
2022-05-17 01:43:13,084 - INFO - MSP AUROC Synset Performance
2022-05-17 01:43:13,084 - INFO - [-1, -1, -1, -1, -1, -1, -1, -1, -1, -1, -1, -1, -1, -1, -1, -1, -1, -1, -1, -1, -1, -1, -1, -1, -1, -0.0, 0.8477516465863455, 0.8616324497991967, 0.9113217670682731]
2022-05-17 01:43:13,084 - INFO - MSP TNR Synset Performance
2022-05-17 01:43:13,084 - INFO - [-1, -1, -1, -1, -1, -1, -1, -1, -1, -1, -1, -1, -1, -1, -1, -1, -1, -1, -1, -1, -1, -1, -1, -1, -1, 0.0, 0.2573333333333333, 0.30266666666666664, 0.508]
2022-05-17 01:43:13,084 - INFO - MSP AUOUT Synset Performance
2022-05-17 01:43:13,084 - INFO - [-1, -1, -1, -1, -1, -1, -1, -1, -1, -1, -1, -1, -1, -1, -1, -1, -1, -1, -1, -1, -1, -1, -1, -1, -1, 0.08076464026187649, 0.4293027317116478, 0.46569573160509814, 0.6165025068070722]
2022-05-17 01:43:13,085 - INFO - ODIN AUROC Synset Performance
2022-05-17 01:43:13,085 - INFO - [-1, -1, -1, -1, -1, -1, -1, -1, -1, -1, -1, -1, -1, -1, -1, -1, -1, -1, -1, -1, -1, -1, -1, -1, -1, -0.0, 0.5184938152610442, 0.5214615261044176, 0.5239591967871485]
2022-05-17 01:43:13,085 - INFO - ODIN TNR Synset Performance
2022-05-17 01:43:13,085 - INFO - [-1, -1, -1, -1, -1, -1, -1, -1, -1, -1, -1, -1, -1, -1, -1, -1, -1, -1, -1, -1, -1, -1, -1, -1, -1, 0.0, 0.07733333333333337, 0.0013333333333332975, 0.05600000000000005]
2022-05-17 01:43:13,085 - INFO - ODIN AUOUT Synset Performance
2022-05-17 01:43:13,085 - INFO - [-1, -1, -1, -1, -1, -1, -1, -1, -1, -1, -1, -1, -1, -1, -1, -1, -1, -1, -1, -1, -1, -1, -1, -1, -1, 0.08076464026187649, 0.16812105777992825, 0.14252795689053493, 0.15480991490077106]
2022-05-17 01:43:13,085 - INFO - MSP Metrics using max activations accumulated across all appropriate synsets:
	AUROC -0.0
	TNR 0.0
	AUOUT 0.08076464026187649
2022-05-17 01:43:13,085 - INFO - ODIN Metrics using max activations accumulated across all appropriate synsets:
	AUROC -0.0
	TNR 0.0
	AUOUT 0.08076464026187649
2022-05-17 01:43:13,085 - INFO - MSP Metrics using max entropy along path:
	AUROC 0.8477516465863455
	TNR 0.2573333333333333
	AUOUT 0.4293027317116478
2022-05-17 01:43:13,085 - INFO - ODIN Metrics using max entropy along path:
	AUROC 0.5184938152610442
	TNR 0.07733333333333337
	AUOUT 0.16812105777992825
2022-05-17 01:43:13,085 - INFO - MSP Metrics using predicted activations:
	AUROC 0.8616324497991967
	TNR 0.30266666666666664
	AUOUT 0.46569573160509814
2022-05-17 01:43:13,085 - INFO - ODIN Metrics using predicted activations:
	AUROC 0.5214615261044176
	TNR 0.0013333333333332975
	AUOUT 0.14252795689053493
2022-05-17 01:43:13,085 - INFO - MSP Metrics using mean entropy along path:
	AUROC 0.9113217670682731
	TNR 0.508
	AUOUT 0.6165025068070722
2022-05-17 01:43:13,085 - INFO - ODIN Metrics using mean entropy along path:
	AUROC 0.5239591967871485
	TNR 0.05600000000000005
	AUOUT 0.15480991490077106
2022-05-17 01:43:13,085 - INFO - MSP Metrics using min entropy along path:
	AUROC 0.9149847389558233
	TNR 0.5306666666666666
	AUOUT 0.6217604601465494
2022-05-17 01:43:13,085 - INFO - ODIN Metrics using min entropy along path:
	AUROC 0.8718496385542168
	TNR 0.31999999999999995
	AUOUT 0.45870117412881145
2022-05-17 01:43:13,086 - INFO - OOD Path entropy min idx (msp): [0. 1. 2. 3. 4.], [430 148 115  49   8]
2022-05-17 01:43:13,086 - INFO - OOD Path entropy min idx (odin): [0. 3. 4.], [734   8   8]
2022-05-17 01:43:13,086 - INFO - OOD Dataset: coarseid-fineood
2022-05-17 01:43:13,086 - INFO - MSP AUROC Synset Performance
2022-05-17 01:43:13,086 - INFO - [-1, -1, -1, -1, -1, -1, -1, -1, -1, -1, -1, -1, -1, -1, -1, -1, -1, -1, -1, -1, -1, -1, -1, -1, -1, -0.0, 0.671756626506024, 0.686, 0.6737903614457831]
2022-05-17 01:43:13,086 - INFO - MSP TNR Synset Performance
2022-05-17 01:43:13,086 - INFO - [-1, -1, -1, -1, -1, -1, -1, -1, -1, -1, -1, -1, -1, -1, -1, -1, -1, -1, -1, -1, -1, -1, -1, -1, -1, 0.0, 0.10999999999999999, 0.10999999999999999, 0.06000000000000005]
2022-05-17 01:43:13,086 - INFO - MSP AUOUT Synset Performance
2022-05-17 01:43:13,086 - INFO - [-1, -1, -1, -1, -1, -1, -1, -1, -1, -1, -1, -1, -1, -1, -1, -1, -1, -1, -1, -1, -1, -1, -1, -1, -1, 0.011858069872289425, 0.038449499745136964, 0.04037820234774363, 0.03556051317743251]
2022-05-17 01:43:13,086 - INFO - ODIN AUROC Synset Performance
2022-05-17 01:43:13,086 - INFO - [-1, -1, -1, -1, -1, -1, -1, -1, -1, -1, -1, -1, -1, -1, -1, -1, -1, -1, -1, -1, -1, -1, -1, -1, -1, -0.0, 0.7536795180722891, 0.5819180722891566, 0.6341469879518072]
2022-05-17 01:43:13,086 - INFO - ODIN TNR Synset Performance
2022-05-17 01:43:13,086 - INFO - [-1, -1, -1, -1, -1, -1, -1, -1, -1, -1, -1, -1, -1, -1, -1, -1, -1, -1, -1, -1, -1, -1, -1, -1, -1, 0.0, 0.08999999999999997, 0.06999999999999995, 0.020000000000000018]
2022-05-17 01:43:13,086 - INFO - ODIN AUOUT Synset Performance
2022-05-17 01:43:13,086 - INFO - [-1, -1, -1, -1, -1, -1, -1, -1, -1, -1, -1, -1, -1, -1, -1, -1, -1, -1, -1, -1, -1, -1, -1, -1, -1, 0.011858069872289425, 0.05277828344213914, 0.028155351161764874, 0.031054878013702224]
2022-05-17 01:43:13,086 - INFO - MSP Metrics using max activations accumulated across all appropriate synsets:
	AUROC -0.0
	TNR 0.0
	AUOUT 0.011858069872289425
2022-05-17 01:43:13,087 - INFO - ODIN Metrics using max activations accumulated across all appropriate synsets:
	AUROC -0.0
	TNR 0.0
	AUOUT 0.011858069872289425
2022-05-17 01:43:13,087 - INFO - MSP Metrics using max entropy along path:
	AUROC 0.671756626506024
	TNR 0.10999999999999999
	AUOUT 0.038449499745136964
2022-05-17 01:43:13,087 - INFO - ODIN Metrics using max entropy along path:
	AUROC 0.7536795180722891
	TNR 0.08999999999999997
	AUOUT 0.05277828344213914
2022-05-17 01:43:13,087 - INFO - MSP Metrics using predicted activations:
	AUROC 0.686
	TNR 0.10999999999999999
	AUOUT 0.04037820234774363
2022-05-17 01:43:13,087 - INFO - ODIN Metrics using predicted activations:
	AUROC 0.5819180722891566
	TNR 0.06999999999999995
	AUOUT 0.028155351161764874
2022-05-17 01:43:13,087 - INFO - MSP Metrics using mean entropy along path:
	AUROC 0.6737903614457831
	TNR 0.06000000000000005
	AUOUT 0.03556051317743251
2022-05-17 01:43:13,087 - INFO - ODIN Metrics using mean entropy along path:
	AUROC 0.6341469879518072
	TNR 0.020000000000000018
	AUOUT 0.031054878013702224
2022-05-17 01:43:13,087 - INFO - MSP Metrics using min entropy along path:
	AUROC 0.6922096385542168
	TNR 0.050000000000000044
	AUOUT 0.037448830602477085
2022-05-17 01:43:13,087 - INFO - ODIN Metrics using min entropy along path:
	AUROC 0.6598192771084337
	TNR 0.08999999999999997
	AUOUT 0.03645678043231905
2022-05-17 01:43:13,087 - INFO - OOD Path entropy min idx (msp): [0. 1. 2. 3. 4.], [38 19 23 17  3]
2022-05-17 01:43:13,087 - INFO - OOD Path entropy min idx (odin): [0. 3. 4.], [94  4  2]
2022-05-17 01:43:29,400 - INFO - Computing OOD Statistics...
2022-05-17 01:43:56,465 - INFO - Computing OOD Statistics...
2022-05-17 01:44:41,746 - INFO - Computing OOD Statistics...
2022-05-17 01:45:02,559 - INFO - Computing OOD Statistics...
2022-05-17 01:45:16,240 - INFO - Computing OOD Statistics...
2022-05-17 01:45:22,389 - INFO - Computing OOD Statistics...
2022-05-17 01:45:27,084 - INFO - Computing OOD Statistics...
2022-05-17 01:45:27,098 - INFO - OOD Dataset: OOD
2022-05-17 01:45:27,098 - INFO - MSP AUROC [0.651170517363572]
2022-05-17 01:45:27,098 - INFO - MSP TNR [0.10705882352941176]
2022-05-17 01:45:27,098 - INFO - MSP AUOUT [0.24812640224235027]
2022-05-17 01:45:27,098 - INFO - ODIN AUROC [0.7635132530120482]
2022-05-17 01:45:27,098 - INFO - ODIN TNR [0.1352941176470588]
2022-05-17 01:45:27,098 - INFO - ODIN AUOUT [0.3252363652289767]
2022-05-17 01:45:27,098 - INFO - OOD Dataset: iNaturalist
2022-05-17 01:45:27,098 - INFO - MSP AUROC [0.8266588192771084]
2022-05-17 01:45:27,098 - INFO - MSP TNR [0.3702]
2022-05-17 01:45:27,098 - INFO - MSP AUOUT [0.9143823590366402]
2022-05-17 01:45:27,098 - INFO - ODIN AUROC [0.9014735903614457]
2022-05-17 01:45:27,099 - INFO - ODIN TNR [0.5262]
2022-05-17 01:45:27,099 - INFO - ODIN AUOUT [0.9501181109770753]
2022-05-17 01:45:27,099 - INFO - OOD Dataset: SUN
2022-05-17 01:45:27,099 - INFO - MSP AUROC [0.7384629156626505]
2022-05-17 01:45:27,099 - INFO - MSP TNR [0.23560000000000003]
2022-05-17 01:45:27,099 - INFO - MSP AUOUT [0.8648710151903618]
2022-05-17 01:45:27,099 - INFO - ODIN AUROC [0.8484978795180723]
2022-05-17 01:45:27,099 - INFO - ODIN TNR [0.3782]
2022-05-17 01:45:27,099 - INFO - ODIN AUOUT [0.9203171553829689]
2022-05-17 01:45:27,099 - INFO - OOD Dataset: Places
2022-05-17 01:45:27,099 - INFO - MSP AUROC [0.7311518554216868]
2022-05-17 01:45:27,099 - INFO - MSP TNR [0.22440000000000004]
2022-05-17 01:45:27,099 - INFO - MSP AUOUT [0.8597675508035489]
2022-05-17 01:45:27,099 - INFO - ODIN AUROC [0.8331204337349398]
2022-05-17 01:45:27,099 - INFO - ODIN TNR [0.34330000000000005]
2022-05-17 01:45:27,099 - INFO - ODIN AUOUT [0.9114637449941217]
2022-05-17 01:45:27,099 - INFO - OOD Dataset: Textures
2022-05-17 01:45:27,099 - INFO - MSP AUROC [0.7325526788003076]
2022-05-17 01:45:27,099 - INFO - MSP TNR [0.27163120567375887]
2022-05-17 01:45:27,099 - INFO - MSP AUOUT [0.7970689078933936]
2022-05-17 01:45:27,099 - INFO - ODIN AUROC [0.8255169614628728]
2022-05-17 01:45:27,099 - INFO - ODIN TNR [0.40372340425531916]
2022-05-17 01:45:27,100 - INFO - ODIN AUOUT [0.8657939081864912]
2022-05-17 01:45:27,100 - INFO - OOD Dataset: coarseid-coarseood
2022-05-17 01:45:27,100 - INFO - MSP AUROC [0.6588533333333333]
2022-05-17 01:45:27,100 - INFO - MSP TNR [0.11199999999999999]
2022-05-17 01:45:27,100 - INFO - MSP AUOUT [0.23134213396459796]
2022-05-17 01:45:27,100 - INFO - ODIN AUROC [0.7784844979919678]
2022-05-17 01:45:27,100 - INFO - ODIN TNR [0.14800000000000002]
2022-05-17 01:45:27,100 - INFO - ODIN AUOUT [0.3138722625522591]
2022-05-17 01:45:27,100 - INFO - OOD Dataset: coarseid-fineood
2022-05-17 01:45:27,100 - INFO - MSP AUROC [0.5935493975903614]
2022-05-17 01:45:27,100 - INFO - MSP TNR [0.06999999999999995]
2022-05-17 01:45:27,100 - INFO - MSP AUOUT [0.02992012390061892]
2022-05-17 01:45:27,100 - INFO - ODIN AUROC [0.6512289156626506]
2022-05-17 01:45:27,100 - INFO - ODIN TNR [0.040000000000000036]
2022-05-17 01:45:27,100 - INFO - ODIN AUOUT [0.032367936395577654]
