2022-05-19 13:29:56,809 - INFO - ==> Preparing data..
2022-05-19 13:29:57,406 - INFO - # ID Test: 4150
2022-05-19 13:29:57,406 - INFO - # OOD: 850
2022-05-19 13:29:57,436 - INFO - # iNaturalist: 10000
2022-05-19 13:29:57,465 - INFO - # SUN: 10000
2022-05-19 13:29:57,495 - INFO - # Places: 10000
2022-05-19 13:29:57,545 - INFO - # Textures: 5640
2022-05-19 13:29:57,556 - INFO - # coarseid-coarseood: 700
2022-05-19 13:29:57,560 - INFO - # coarseid-fineood: 150
2022-05-19 13:30:21,044 - INFO - No distribution strategy
2022-05-19 13:30:22,851 - INFO - Model R0 Results
2022-05-19 13:30:44,360 - INFO - Model R0 Accuracy Results
2022-05-19 13:30:44,362 - INFO - Mean Synset Accuracy: 0.8952293395996094
2022-05-19 13:30:44,362 - INFO - Top-1 Accuracy: 0.8240963816642761
2022-05-19 13:30:44,362 - INFO - Pred Accuracy: 0.8245782852172852
2022-05-19 13:30:44,362 - INFO - Synset Accuracies:
2022-05-19 13:30:44,363 - INFO - [0.99493974 0.964      0.9861765  0.78       0.936      0.852
 0.944      0.977      0.9665116  0.996      0.824      0.96
 0.804      0.796      0.98210526 0.954      0.94       0.724
 0.9        0.8        0.776      0.856      0.768      0.92
 0.98      ]
2022-05-19 13:30:44,363 - INFO - Error Depth:
2022-05-19 13:30:44,363 - INFO - 	Num. Errors at Depth 0 = 8.0
2022-05-19 13:30:44,363 - INFO - 	Num. Errors at Depth 1 = 34.0
2022-05-19 13:30:44,363 - INFO - 	Num. Errors at Depth 2 = 177.0
2022-05-19 13:30:44,363 - INFO - 	Num. Errors at Depth 3 = 284.0
2022-05-19 13:30:44,363 - INFO - 	Num. Errors at Depth 4 = 143.0
2022-05-19 13:30:44,363 - INFO - 	Num. Errors at Depth 5 = 84.0
2022-05-19 13:30:44,363 - INFO - 	Num. Errors at Depth -1 = 3420.0
2022-05-19 13:30:44,363 - INFO - OOD Results
2022-05-19 13:31:58,750 - INFO - Model R1 Results
2022-05-19 13:32:07,862 - INFO - Model R1 Accuracy Results
2022-05-19 13:32:07,863 - INFO - Mean Synset Accuracy: 0.8962200284004211
2022-05-19 13:32:07,863 - INFO - Top-1 Accuracy: 0.8236144781112671
2022-05-19 13:32:07,863 - INFO - Pred Accuracy: 0.8233734965324402
2022-05-19 13:32:07,863 - INFO - Synset Accuracies:
2022-05-19 13:32:07,863 - INFO - [0.993494   0.97466666 0.98735297 0.796      0.928      0.86
 0.952      0.976      0.9693023  0.994      0.832      0.96
 0.8        0.78       0.9736842  0.956      0.952      0.724
 0.9        0.844      0.788      0.856      0.732      0.912
 0.965     ]
2022-05-19 13:32:07,863 - INFO - Error Depth:
2022-05-19 13:32:07,864 - INFO - 	Num. Errors at Depth 0 = 12.0
2022-05-19 13:32:07,864 - INFO - 	Num. Errors at Depth 1 = 30.0
2022-05-19 13:32:07,864 - INFO - 	Num. Errors at Depth 2 = 173.0
2022-05-19 13:32:07,864 - INFO - 	Num. Errors at Depth 3 = 306.0
2022-05-19 13:32:07,864 - INFO - 	Num. Errors at Depth 4 = 130.0
2022-05-19 13:32:07,864 - INFO - 	Num. Errors at Depth 5 = 81.0
2022-05-19 13:32:07,864 - INFO - 	Num. Errors at Depth -1 = 3418.0
2022-05-19 13:32:07,864 - INFO - OOD Results
2022-05-19 13:33:20,844 - INFO - Model R2 Results
2022-05-19 13:33:29,599 - INFO - Model R2 Accuracy Results
2022-05-19 13:33:29,600 - INFO - Mean Synset Accuracy: 0.8991220593452454
2022-05-19 13:33:29,600 - INFO - Top-1 Accuracy: 0.8301205039024353
2022-05-19 13:33:29,600 - INFO - Pred Accuracy: 0.8296385407447815
2022-05-19 13:33:29,600 - INFO - Synset Accuracies:
2022-05-19 13:33:29,601 - INFO - [0.99421686 0.97066665 0.98588234 0.804      0.928      0.856
 0.956      0.976      0.97023255 0.996      0.844      0.96
 0.804      0.792      0.98105264 0.968      0.964      0.724
 0.91       0.812      0.788      0.864      0.724      0.936
 0.97      ]
2022-05-19 13:33:29,601 - INFO - Error Depth:
2022-05-19 13:33:29,601 - INFO - 	Num. Errors at Depth 0 = 10.0
2022-05-19 13:33:29,601 - INFO - 	Num. Errors at Depth 1 = 30.0
2022-05-19 13:33:29,601 - INFO - 	Num. Errors at Depth 2 = 169.0
2022-05-19 13:33:29,601 - INFO - 	Num. Errors at Depth 3 = 290.0
2022-05-19 13:33:29,601 - INFO - 	Num. Errors at Depth 4 = 128.0
2022-05-19 13:33:29,601 - INFO - 	Num. Errors at Depth 5 = 78.0
2022-05-19 13:33:29,601 - INFO - 	Num. Errors at Depth -1 = 3445.0
2022-05-19 13:33:29,601 - INFO - OOD Results
2022-05-19 13:34:42,341 - INFO - Ensemble: Model: cascade, M: 3
2022-05-19 13:34:42,342 - INFO - Ensemble Accuracy: 0.833253026008606
2022-05-19 13:34:44,754 - INFO - Computing OOD Statistics...
2022-05-19 13:34:44,850 - INFO - Ensemble PP AUROC: 0.9281678242381289
2022-05-19 13:34:44,850 - INFO - Ensemble PP TNR: 0.6494117647058824
2022-05-19 13:34:44,850 - INFO - Ensemble PP AUOUT: 0.74291655222072
2022-05-19 13:34:44,850 - INFO - Ensemble PP Temp Scaled AUROC: 0.570404252303331
2022-05-19 13:34:44,850 - INFO - Ensemble PP Temp Scaled TNR: 0.040000000000000036
2022-05-19 13:34:44,850 - INFO - Ensemble PP Temp Scaled AUOUT: 0.1829764488771671
2022-05-19 13:34:44,850 - INFO - Ensemble HMEAN AUROC: 0.9328198440822113
2022-05-19 13:34:44,850 - INFO - Ensemble HMEAN TNR: 0.7435294117647059
2022-05-19 13:34:44,850 - INFO - Ensemble HMEAN AUOUT: 0.7537909633959357
2022-05-19 13:34:44,850 - INFO - Ensemble HMEAN Temp Scaled AUROC: 0.4079220411055989
2022-05-19 13:34:44,850 - INFO - Ensemble HMEAN Temp Scaled TNR: 0.004705882352941226
2022-05-19 13:34:44,850 - INFO - Ensemble HMEAN Temp Scaled AUOUT: 0.13418155855382924
2022-05-19 13:34:44,850 - INFO - Ensemble HMIN AUROC: 0.9403087172218285
2022-05-19 13:34:44,850 - INFO - Ensemble HMIN TNR: 0.7329411764705882
2022-05-19 13:34:44,850 - INFO - Ensemble HMIN AUOUT: 0.7582597623467884
2022-05-19 13:34:44,850 - INFO - Ensemble HMIN Temp Scaled AUROC: 0.2569973068745571
2022-05-19 13:34:44,850 - INFO - Ensemble HMIN Temp Scaled TNR: 0.02117647058823524
2022-05-19 13:34:44,850 - INFO - Ensemble HMIN Temp Scaled AUOUT: 0.11248741307685764
2022-05-19 13:34:44,850 - INFO - Ensemble HMEAN MEAN AUROC: 0.8878625088589652
2022-05-19 13:34:44,850 - INFO - Ensemble HMEAN MEAN TNR: 0.808235294117647
2022-05-19 13:34:44,850 - INFO - Ensemble HMEAN MEAN AUOUT: 0.8154750071529424
2022-05-19 13:34:44,850 - INFO - Ensemble HMEAN MEAN TS AUROC: 0.5137150956768248
2022-05-19 13:34:44,850 - INFO - Ensemble HMEAN MEAN TS TNR: 0.008235294117647007
2022-05-19 13:34:44,851 - INFO - Ensemble HMEAN MEAN TS AUOUT: 0.16222765638695238
2022-05-19 13:34:44,851 - INFO - Ensemble HMIN MEAN AUROC: 0.947443798724309
2022-05-19 13:34:44,851 - INFO - Ensemble HMIN MEAN TNR: 0.8435294117647059
2022-05-19 13:34:44,851 - INFO - Ensemble HMIN MEAN AUOUT: 0.8434755904289747
2022-05-19 13:34:44,851 - INFO - Ensemble HMIN MEAN TS AUROC: 0.9447126860382707
2022-05-19 13:34:44,851 - INFO - Ensemble HMIN MEAN TS TNR: 0.8223529411764706
2022-05-19 13:34:44,851 - INFO - Ensemble HMIN MEAN TS AUOUT: 0.8142043567388413
2022-05-19 13:34:44,851 - INFO - Ensemble HMEAN MIN AUROC: 0.8717754783841247
2022-05-19 13:34:44,851 - INFO - Ensemble HMEAN MIN TNR: 0.7305882352941176
2022-05-19 13:34:44,851 - INFO - Ensemble HMEAN MIN AUOUT: 0.7802623937803117
2022-05-19 13:34:44,851 - INFO - Ensemble HMEAN MIN TS AUROC: 0.5134386959603118
2022-05-19 13:34:44,851 - INFO - Ensemble HMEAN MIN TS TNR: 0.008235294117647007
2022-05-19 13:34:44,851 - INFO - Ensemble HMEAN MIN TS AUOUT: 0.16217337983724447
2022-05-19 13:34:44,851 - INFO - Ensemble HMIN MIN AUROC: 0.9395206236711553
2022-05-19 13:34:44,851 - INFO - Ensemble HMIN MIN TNR: 0.8247058823529412
2022-05-19 13:34:44,851 - INFO - Ensemble HMIN MIN AUOUT: 0.8373616537458588
2022-05-19 13:34:44,851 - INFO - Ensemble HMIN MIN TS AUROC: 0.9434486180014174
2022-05-19 13:34:44,851 - INFO - Ensemble HMIN MIN TS TNR: 0.8141176470588235
2022-05-19 13:34:44,851 - INFO - Ensemble HMIN MIN TS AUOUT: 0.8180372214038829
2022-05-19 13:34:44,851 - INFO - --------------------------------------------------
2022-05-19 13:34:44,851 - INFO - Ensemble: iNaturalist
2022-05-19 13:34:44,851 - INFO - --------------------------------------------------
2022-05-19 13:34:51,513 - INFO - Computing OOD Statistics...
2022-05-19 13:34:51,757 - INFO - Ensemble PP AUROC: 0.9474964578313252
2022-05-19 13:34:51,757 - INFO - Ensemble PP TNR: 0.7035
2022-05-19 13:34:51,757 - INFO - Ensemble PP AUOUT: 0.9740550591953322
2022-05-19 13:34:51,757 - INFO - Ensemble PP Temp Scaled AUROC: 0.5660797831325302
2022-05-19 13:34:51,758 - INFO - Ensemble PP Temp Scaled TNR: 0.01429999999999998
2022-05-19 13:34:51,758 - INFO - Ensemble PP Temp Scaled AUOUT: 0.7096106314862438
2022-05-19 13:34:51,758 - INFO - Ensemble HMEAN AUROC: 0.9506929156626507
2022-05-19 13:34:51,758 - INFO - Ensemble HMEAN TNR: 0.7256
2022-05-19 13:34:51,758 - INFO - Ensemble HMEAN AUOUT: 0.9680702045297994
2022-05-19 13:34:51,758 - INFO - Ensemble HMEAN Temp Scaled AUROC: 0.4307827469879518
2022-05-19 13:34:51,758 - INFO - Ensemble HMEAN Temp Scaled TNR: 0.0009000000000000119
2022-05-19 13:34:51,758 - INFO - Ensemble HMEAN Temp Scaled AUOUT: 0.6518442214751414
2022-05-19 13:34:51,758 - INFO - Ensemble HMIN AUROC: 0.9323762409638554
2022-05-19 13:34:51,758 - INFO - Ensemble HMIN TNR: 0.5849
2022-05-19 13:34:51,758 - INFO - Ensemble HMIN AUOUT: 0.9534931592547098
2022-05-19 13:34:51,758 - INFO - Ensemble HMIN Temp Scaled AUROC: 0.5470120963855423
2022-05-19 13:34:51,758 - INFO - Ensemble HMIN Temp Scaled TNR: 0.00019999999999997797
2022-05-19 13:34:51,758 - INFO - Ensemble HMIN Temp Scaled AUOUT: 0.7022743754085614
2022-05-19 13:34:51,758 - INFO - Ensemble HMEAN MEAN AUROC: 0.9086581204819276
2022-05-19 13:34:51,758 - INFO - Ensemble HMEAN MEAN TNR: 0.6935
2022-05-19 13:34:51,758 - INFO - Ensemble HMEAN MEAN AUOUT: 0.9568717353505068
2022-05-19 13:34:51,758 - INFO - Ensemble HMEAN MEAN TS AUROC: 0.5236201445783133
2022-05-19 13:34:51,758 - INFO - Ensemble HMEAN MEAN TS TNR: 0.13939999999999997
2022-05-19 13:34:51,758 - INFO - Ensemble HMEAN MEAN TS AUOUT: 0.7533391366917896
2022-05-19 13:34:51,758 - INFO - Ensemble HMIN MEAN AUROC: 0.9098052289156627
2022-05-19 13:34:51,758 - INFO - Ensemble HMIN MEAN TNR: 0.42779999999999996
2022-05-19 13:34:51,758 - INFO - Ensemble HMIN MEAN AUOUT: 0.9405928125238974
2022-05-19 13:34:51,758 - INFO - Ensemble HMIN MEAN TS AUROC: 0.8844063855421687
2022-05-19 13:34:51,758 - INFO - Ensemble HMIN MEAN TS TNR: 0.3498
2022-05-19 13:34:51,758 - INFO - Ensemble HMIN MEAN TS AUOUT: 0.9250692909856926
2022-05-19 13:34:51,758 - INFO - Ensemble HMEAN MIN AUROC: 0.8861499518072289
2022-05-19 13:34:51,758 - INFO - Ensemble HMEAN MIN TNR: 0.5884
2022-05-19 13:34:51,758 - INFO - Ensemble HMEAN MIN AUOUT: 0.9465798780055613
2022-05-19 13:34:51,758 - INFO - Ensemble HMEAN MIN TS AUROC: 0.5235744337349397
2022-05-19 13:34:51,758 - INFO - Ensemble HMEAN MIN TS TNR: 0.1391
2022-05-19 13:34:51,758 - INFO - Ensemble HMEAN MIN TS AUOUT: 0.7533168167611928
2022-05-19 13:34:51,758 - INFO - Ensemble HMIN MIN AUROC: 0.9118841445783131
2022-05-19 13:34:51,758 - INFO - Ensemble HMIN MIN TNR: 0.4972
2022-05-19 13:34:51,758 - INFO - Ensemble HMIN MIN AUOUT: 0.9463336392282428
2022-05-19 13:34:51,758 - INFO - Ensemble HMIN MIN TS AUROC: 0.878537638554217
2022-05-19 13:34:51,758 - INFO - Ensemble HMIN MIN TS TNR: 0.3879
2022-05-19 13:34:51,758 - INFO - Ensemble HMIN MIN TS AUOUT: 0.9253537074248414
2022-05-19 13:34:51,759 - INFO - --------------------------------------------------
2022-05-19 13:34:51,759 - INFO - Ensemble: SUN
2022-05-19 13:34:51,759 - INFO - --------------------------------------------------
2022-05-19 13:34:58,384 - INFO - Computing OOD Statistics...
2022-05-19 13:34:58,621 - INFO - Ensemble PP AUROC: 0.9650471566265061
2022-05-19 13:34:58,621 - INFO - Ensemble PP TNR: 0.8014
2022-05-19 13:34:58,621 - INFO - Ensemble PP AUOUT: 0.9823982001831912
2022-05-19 13:34:58,621 - INFO - Ensemble PP Temp Scaled AUROC: 0.7418615180722892
2022-05-19 13:34:58,621 - INFO - Ensemble PP Temp Scaled TNR: 0.1321
2022-05-19 13:34:58,621 - INFO - Ensemble PP Temp Scaled AUOUT: 0.8391852662660293
2022-05-19 13:34:58,621 - INFO - Ensemble HMEAN AUROC: 0.9752103855421688
2022-05-19 13:34:58,621 - INFO - Ensemble HMEAN TNR: 0.8763
2022-05-19 13:34:58,621 - INFO - Ensemble HMEAN AUOUT: 0.9844240719396639
2022-05-19 13:34:58,621 - INFO - Ensemble HMEAN Temp Scaled AUROC: 0.48627402409638554
2022-05-19 13:34:58,621 - INFO - Ensemble HMEAN Temp Scaled TNR: 0.00880000000000003
2022-05-19 13:34:58,621 - INFO - Ensemble HMEAN Temp Scaled AUOUT: 0.6898739476515268
2022-05-19 13:34:58,621 - INFO - Ensemble HMIN AUROC: 0.9753167228915662
2022-05-19 13:34:58,621 - INFO - Ensemble HMIN TNR: 0.8929
2022-05-19 13:34:58,621 - INFO - Ensemble HMIN AUOUT: 0.9843838384135909
2022-05-19 13:34:58,621 - INFO - Ensemble HMIN Temp Scaled AUROC: 0.42403199999999996
2022-05-19 13:34:58,621 - INFO - Ensemble HMIN Temp Scaled TNR: 0.00019999999999997797
2022-05-19 13:34:58,621 - INFO - Ensemble HMIN Temp Scaled AUOUT: 0.6577570623739248
2022-05-19 13:34:58,621 - INFO - Ensemble HMEAN MEAN AUROC: 0.8978626506024097
2022-05-19 13:34:58,621 - INFO - Ensemble HMEAN MEAN TNR: 0.6742
2022-05-19 13:34:58,621 - INFO - Ensemble HMEAN MEAN AUOUT: 0.9540072128660961
2022-05-19 13:34:58,621 - INFO - Ensemble HMEAN MEAN TS AUROC: 0.6691117590361445
2022-05-19 13:34:58,621 - INFO - Ensemble HMEAN MEAN TS TNR: 0.04720000000000002
2022-05-19 13:34:58,621 - INFO - Ensemble HMEAN MEAN TS AUOUT: 0.7779031835329973
2022-05-19 13:34:58,621 - INFO - Ensemble HMIN MEAN AUROC: 0.9701150602409638
2022-05-19 13:34:58,621 - INFO - Ensemble HMIN MEAN TNR: 0.8363
2022-05-19 13:34:58,621 - INFO - Ensemble HMIN MEAN AUOUT: 0.9811279590030578
2022-05-19 13:34:58,621 - INFO - Ensemble HMIN MEAN TS AUROC: 0.9682904337349397
2022-05-19 13:34:58,622 - INFO - Ensemble HMIN MEAN TS TNR: 0.8098
2022-05-19 13:34:58,622 - INFO - Ensemble HMIN MEAN TS AUOUT: 0.9792768190923811
2022-05-19 13:34:58,622 - INFO - Ensemble HMEAN MIN AUROC: 0.8520888915662651
2022-05-19 13:34:58,622 - INFO - Ensemble HMEAN MIN TNR: 0.5285
2022-05-19 13:34:58,622 - INFO - Ensemble HMEAN MIN AUOUT: 0.9335048445297065
2022-05-19 13:34:58,622 - INFO - Ensemble HMEAN MIN TS AUROC: 0.6690084578313253
2022-05-19 13:34:58,622 - INFO - Ensemble HMEAN MIN TS TNR: 0.04720000000000002
2022-05-19 13:34:58,622 - INFO - Ensemble HMEAN MIN TS AUOUT: 0.7778233419659257
2022-05-19 13:34:58,622 - INFO - Ensemble HMIN MIN AUROC: 0.9724252771084335
2022-05-19 13:34:58,622 - INFO - Ensemble HMIN MIN TNR: 0.8509
2022-05-19 13:34:58,622 - INFO - Ensemble HMIN MIN AUOUT: 0.9828423000375026
2022-05-19 13:34:58,622 - INFO - Ensemble HMIN MIN TS AUROC: 0.9678054698795181
2022-05-19 13:34:58,622 - INFO - Ensemble HMIN MIN TS TNR: 0.8215
2022-05-19 13:34:58,622 - INFO - Ensemble HMIN MIN TS AUOUT: 0.9801641122978065
2022-05-19 13:34:58,622 - INFO - --------------------------------------------------
2022-05-19 13:34:58,622 - INFO - Ensemble: Places
2022-05-19 13:34:58,622 - INFO - --------------------------------------------------
2022-05-19 13:35:05,239 - INFO - Computing OOD Statistics...
2022-05-19 13:35:05,478 - INFO - Ensemble PP AUROC: 0.9527520963855421
2022-05-19 13:35:05,478 - INFO - Ensemble PP TNR: 0.7351
2022-05-19 13:35:05,478 - INFO - Ensemble PP AUOUT: 0.9763228173885057
2022-05-19 13:35:05,478 - INFO - Ensemble PP Temp Scaled AUROC: 0.7174407228915662
2022-05-19 13:35:05,478 - INFO - Ensemble PP Temp Scaled TNR: 0.12729999999999997
2022-05-19 13:35:05,478 - INFO - Ensemble PP Temp Scaled AUOUT: 0.8277103398941883
2022-05-19 13:35:05,478 - INFO - Ensemble HMEAN AUROC: 0.9660019518072288
2022-05-19 13:35:05,478 - INFO - Ensemble HMEAN TNR: 0.8260000000000001
2022-05-19 13:35:05,478 - INFO - Ensemble HMEAN AUOUT: 0.9804452933895643
2022-05-19 13:35:05,478 - INFO - Ensemble HMEAN Temp Scaled AUROC: 0.5053665542168675
2022-05-19 13:35:05,478 - INFO - Ensemble HMEAN Temp Scaled TNR: 0.013900000000000023
2022-05-19 13:35:05,479 - INFO - Ensemble HMEAN Temp Scaled AUOUT: 0.7012172264290663
2022-05-19 13:35:05,479 - INFO - Ensemble HMIN AUROC: 0.9639168915662651
2022-05-19 13:35:05,479 - INFO - Ensemble HMIN TNR: 0.8359
2022-05-19 13:35:05,479 - INFO - Ensemble HMIN AUOUT: 0.9797045618018738
2022-05-19 13:35:05,479 - INFO - Ensemble HMIN Temp Scaled AUROC: 0.43826016867469886
2022-05-19 13:35:05,479 - INFO - Ensemble HMIN Temp Scaled TNR: 0.0026000000000000467
2022-05-19 13:35:05,479 - INFO - Ensemble HMIN Temp Scaled AUOUT: 0.6678702350639222
2022-05-19 13:35:05,479 - INFO - Ensemble HMEAN MEAN AUROC: 0.8775758313253011
2022-05-19 13:35:05,479 - INFO - Ensemble HMEAN MEAN TNR: 0.6408
2022-05-19 13:35:05,479 - INFO - Ensemble HMEAN MEAN AUOUT: 0.9462655668883133
2022-05-19 13:35:05,479 - INFO - Ensemble HMEAN MEAN TS AUROC: 0.6404852289156626
2022-05-19 13:35:05,479 - INFO - Ensemble HMEAN MEAN TS TNR: 0.0474
2022-05-19 13:35:05,479 - INFO - Ensemble HMEAN MEAN TS AUOUT: 0.7644906805746372
2022-05-19 13:35:05,479 - INFO - Ensemble HMIN MEAN AUROC: 0.9580158313253013
2022-05-19 13:35:05,479 - INFO - Ensemble HMIN MEAN TNR: 0.7894
2022-05-19 13:35:05,479 - INFO - Ensemble HMIN MEAN AUOUT: 0.9765893743176537
2022-05-19 13:35:05,479 - INFO - Ensemble HMIN MEAN TS AUROC: 0.9550210120481928
2022-05-19 13:35:05,479 - INFO - Ensemble HMIN MEAN TS TNR: 0.761
2022-05-19 13:35:05,479 - INFO - Ensemble HMIN MEAN TS AUOUT: 0.9743191796879141
2022-05-19 13:35:05,479 - INFO - Ensemble HMEAN MIN AUROC: 0.8278282409638554
2022-05-19 13:35:05,479 - INFO - Ensemble HMEAN MIN TNR: 0.4931
2022-05-19 13:35:05,479 - INFO - Ensemble HMEAN MIN AUOUT: 0.9234228061176799
2022-05-19 13:35:05,479 - INFO - Ensemble HMEAN MIN TS AUROC: 0.6402977108433735
2022-05-19 13:35:05,479 - INFO - Ensemble HMEAN MIN TS TNR: 0.04749999999999999
2022-05-19 13:35:05,479 - INFO - Ensemble HMEAN MIN TS AUOUT: 0.764377397324486
2022-05-19 13:35:05,479 - INFO - Ensemble HMIN MIN AUROC: 0.9583326987951807
2022-05-19 13:35:05,479 - INFO - Ensemble HMIN MIN TNR: 0.7968
2022-05-19 13:35:05,479 - INFO - Ensemble HMIN MIN AUOUT: 0.9773056463883962
2022-05-19 13:35:05,479 - INFO - Ensemble HMIN MIN TS AUROC: 0.9532246024096386
2022-05-19 13:35:05,479 - INFO - Ensemble HMIN MIN TS TNR: 0.7716000000000001
2022-05-19 13:35:05,479 - INFO - Ensemble HMIN MIN TS AUOUT: 0.9745881185021235
2022-05-19 13:35:05,479 - INFO - --------------------------------------------------
2022-05-19 13:35:05,479 - INFO - Ensemble: Textures
2022-05-19 13:35:05,479 - INFO - --------------------------------------------------
2022-05-19 13:35:09,301 - INFO - Computing OOD Statistics...
2022-05-19 13:35:09,455 - INFO - Ensemble PP AUROC: 0.9244416388960095
2022-05-19 13:35:09,455 - INFO - Ensemble PP TNR: 0.6452127659574468
2022-05-19 13:35:09,455 - INFO - Ensemble PP AUOUT: 0.9407340943180285
2022-05-19 13:35:09,455 - INFO - Ensemble PP Temp Scaled AUROC: 0.6088704178415791
2022-05-19 13:35:09,455 - INFO - Ensemble PP Temp Scaled TNR: 0.08652482269503547
2022-05-19 13:35:09,455 - INFO - Ensemble PP Temp Scaled AUOUT: 0.6551131743473737
2022-05-19 13:35:09,455 - INFO - Ensemble HMEAN AUROC: 0.9560370845082458
2022-05-19 13:35:09,455 - INFO - Ensemble HMEAN TNR: 0.7882978723404255
2022-05-19 13:35:09,455 - INFO - Ensemble HMEAN AUOUT: 0.9578159969408381
2022-05-19 13:35:09,455 - INFO - Ensemble HMEAN Temp Scaled AUROC: 0.4821549602665983
2022-05-19 13:35:09,455 - INFO - Ensemble HMEAN Temp Scaled TNR: 0.0024822695035461306
2022-05-19 13:35:09,455 - INFO - Ensemble HMEAN Temp Scaled AUOUT: 0.5366820829034604
2022-05-19 13:35:09,455 - INFO - Ensemble HMIN AUROC: 0.9503521319319832
2022-05-19 13:35:09,455 - INFO - Ensemble HMIN TNR: 0.7822695035460993
2022-05-19 13:35:09,455 - INFO - Ensemble HMIN AUOUT: 0.9523022995042891
2022-05-19 13:35:09,455 - INFO - Ensemble HMIN Temp Scaled AUROC: 0.42545966846107836
2022-05-19 13:35:09,455 - INFO - Ensemble HMIN Temp Scaled TNR: 0.0
2022-05-19 13:35:09,455 - INFO - Ensemble HMIN Temp Scaled AUOUT: 0.5303402877152346
2022-05-19 13:35:09,455 - INFO - Ensemble HMEAN MEAN AUROC: 0.9343840895496882
2022-05-19 13:35:09,455 - INFO - Ensemble HMEAN MEAN TNR: 0.773581560283688
2022-05-19 13:35:09,455 - INFO - Ensemble HMEAN MEAN AUOUT: 0.9509764754510477
2022-05-19 13:35:09,456 - INFO - Ensemble HMEAN MEAN TS AUROC: 0.5311373152183201
2022-05-19 13:35:09,456 - INFO - Ensemble HMEAN MEAN TS TNR: 0.14698581560283686
2022-05-19 13:35:09,456 - INFO - Ensemble HMEAN MEAN TS AUOUT: 0.6370225998913157
2022-05-19 13:35:09,456 - INFO - Ensemble HMIN MEAN AUROC: 0.9601490643424763
2022-05-19 13:35:09,456 - INFO - Ensemble HMIN MEAN TNR: 0.7978723404255319
2022-05-19 13:35:09,456 - INFO - Ensemble HMIN MEAN AUOUT: 0.9635345478778639
2022-05-19 13:35:09,456 - INFO - Ensemble HMIN MEAN TS AUROC: 0.9541902076390668
2022-05-19 13:35:09,456 - INFO - Ensemble HMIN MEAN TS TNR: 0.751241134751773
2022-05-19 13:35:09,456 - INFO - Ensemble HMIN MEAN TS AUOUT: 0.9550514920974954
2022-05-19 13:35:09,456 - INFO - Ensemble HMEAN MIN AUROC: 0.8938392292574554
2022-05-19 13:35:09,456 - INFO - Ensemble HMEAN MIN TNR: 0.6407801418439716
2022-05-19 13:35:09,456 - INFO - Ensemble HMEAN MIN AUOUT: 0.923921412819538
2022-05-19 13:35:09,456 - INFO - Ensemble HMEAN MIN TS AUROC: 0.5305340938220969
2022-05-19 13:35:09,456 - INFO - Ensemble HMEAN MIN TS TNR: 0.14627659574468088
2022-05-19 13:35:09,456 - INFO - Ensemble HMEAN MIN TS AUOUT: 0.636328842696174
2022-05-19 13:35:09,456 - INFO - Ensemble HMIN MIN AUROC: 0.956517986840981
2022-05-19 13:35:09,456 - INFO - Ensemble HMIN MIN TNR: 0.7765957446808511
2022-05-19 13:35:09,456 - INFO - Ensemble HMIN MIN AUOUT: 0.9611824027685193
2022-05-19 13:35:09,456 - INFO - Ensemble HMIN MIN TS AUROC: 0.9501520550286251
2022-05-19 13:35:09,456 - INFO - Ensemble HMIN MIN TS TNR: 0.7537234042553191
2022-05-19 13:35:09,456 - INFO - Ensemble HMIN MIN TS AUOUT: 0.9539318603975652
2022-05-19 13:35:09,456 - INFO - --------------------------------------------------
2022-05-19 13:35:09,456 - INFO - Ensemble: coarseid-coarseood
2022-05-19 13:35:09,456 - INFO - --------------------------------------------------
2022-05-19 13:35:11,387 - INFO - Computing OOD Statistics...
2022-05-19 13:35:11,455 - INFO - Ensemble PP AUROC: 0.9547951807228916
2022-05-19 13:35:11,455 - INFO - Ensemble PP TNR: 0.7285714285714286
2022-05-19 13:35:11,455 - INFO - Ensemble PP AUOUT: 0.7693008844645571
2022-05-19 13:35:11,455 - INFO - Ensemble PP Temp Scaled AUROC: 0.55944165232358
2022-05-19 13:35:11,455 - INFO - Ensemble PP Temp Scaled TNR: 0.02571428571428569
2022-05-19 13:35:11,456 - INFO - Ensemble PP Temp Scaled AUOUT: 0.14944490601838842
2022-05-19 13:35:11,456 - INFO - Ensemble HMEAN AUROC: 0.9679387263339071
2022-05-19 13:35:11,456 - INFO - Ensemble HMEAN TNR: 0.8285714285714285
2022-05-19 13:35:11,456 - INFO - Ensemble HMEAN AUOUT: 0.7809873364915297
2022-05-19 13:35:11,456 - INFO - Ensemble HMEAN Temp Scaled AUROC: 0.36602409638554223
2022-05-19 13:35:11,456 - INFO - Ensemble HMEAN Temp Scaled TNR: 0.0
2022-05-19 13:35:11,456 - INFO - Ensemble HMEAN Temp Scaled AUOUT: 0.10680512919500845
2022-05-19 13:35:11,456 - INFO - Ensemble HMIN AUROC: 0.963592082616179
2022-05-19 13:35:11,456 - INFO - Ensemble HMIN TNR: 0.8057142857142857
2022-05-19 13:35:11,456 - INFO - Ensemble HMIN AUOUT: 0.7724375317912178
2022-05-19 13:35:11,456 - INFO - Ensemble HMIN Temp Scaled AUROC: 0.20402719449225468
2022-05-19 13:35:11,456 - INFO - Ensemble HMIN Temp Scaled TNR: 0.0
2022-05-19 13:35:11,456 - INFO - Ensemble HMIN Temp Scaled AUOUT: 0.08751570319594272
2022-05-19 13:35:11,456 - INFO - Ensemble HMEAN MEAN AUROC: 0.966928399311532
2022-05-19 13:35:11,456 - INFO - Ensemble HMEAN MEAN TNR: 0.9071428571428571
2022-05-19 13:35:11,456 - INFO - Ensemble HMEAN MEAN AUOUT: 0.8827571538275153
2022-05-19 13:35:11,456 - INFO - Ensemble HMEAN MEAN TS AUROC: 0.513776247848537
2022-05-19 13:35:11,456 - INFO - Ensemble HMEAN MEAN TS TNR: 0.008571428571428563
2022-05-19 13:35:11,456 - INFO - Ensemble HMEAN MEAN TS AUOUT: 0.13960274561759245
2022-05-19 13:35:11,456 - INFO - Ensemble HMIN MEAN AUROC: 0.9845655765920828
2022-05-19 13:35:11,456 - INFO - Ensemble HMIN MEAN TNR: 0.9485714285714286
2022-05-19 13:35:11,456 - INFO - Ensemble HMIN MEAN AUOUT: 0.8896110611987165
2022-05-19 13:35:11,456 - INFO - Ensemble HMIN MEAN TS AUROC: 0.9810382099827883
2022-05-19 13:35:11,456 - INFO - Ensemble HMIN MEAN TS TNR: 0.9185714285714286
2022-05-19 13:35:11,456 - INFO - Ensemble HMIN MEAN TS AUOUT: 0.8508430608768411
2022-05-19 13:35:11,456 - INFO - Ensemble HMEAN MIN AUROC: 0.9472901893287435
2022-05-19 13:35:11,456 - INFO - Ensemble HMEAN MIN TNR: 0.8200000000000001
2022-05-19 13:35:11,456 - INFO - Ensemble HMEAN MIN AUOUT: 0.8421016749096345
2022-05-19 13:35:11,456 - INFO - Ensemble HMEAN MIN TS AUROC: 0.5135387263339071
2022-05-19 13:35:11,456 - INFO - Ensemble HMEAN MIN TS TNR: 0.008571428571428563
2022-05-19 13:35:11,456 - INFO - Ensemble HMEAN MIN TS AUOUT: 0.1396530307060091
2022-05-19 13:35:11,456 - INFO - Ensemble HMIN MIN AUROC: 0.9824254733218589
2022-05-19 13:35:11,456 - INFO - Ensemble HMIN MIN TNR: 0.9242857142857143
2022-05-19 13:35:11,456 - INFO - Ensemble HMIN MIN AUOUT: 0.8851730360689349
2022-05-19 13:35:11,456 - INFO - Ensemble HMIN MIN TS AUROC: 0.9799614457831325
2022-05-19 13:35:11,456 - INFO - Ensemble HMIN MIN TS TNR: 0.9085714285714286
2022-05-19 13:35:11,457 - INFO - Ensemble HMIN MIN TS AUOUT: 0.8534817405727828
2022-05-19 13:35:11,457 - INFO - --------------------------------------------------
2022-05-19 13:35:11,457 - INFO - Ensemble: coarseid-fineood
2022-05-19 13:35:11,457 - INFO - --------------------------------------------------
2022-05-19 13:35:13,195 - INFO - Computing OOD Statistics...
2022-05-19 13:35:13,261 - INFO - Ensemble PP AUROC: 0.8039036144578313
2022-05-19 13:35:13,261 - INFO - Ensemble PP TNR: 0.28
2022-05-19 13:35:13,261 - INFO - Ensemble PP AUOUT: 0.13170182480069684
2022-05-19 13:35:13,261 - INFO - Ensemble PP Temp Scaled AUROC: 0.6215678714859438
2022-05-19 13:35:13,261 - INFO - Ensemble PP Temp Scaled TNR: 0.10666666666666669
2022-05-19 13:35:13,261 - INFO - Ensemble PP Temp Scaled AUOUT: 0.04994898485637288
2022-05-19 13:35:13,261 - INFO - Ensemble HMEAN AUROC: 0.7689301204819278
2022-05-19 13:35:13,261 - INFO - Ensemble HMEAN TNR: 0.3466666666666667
2022-05-19 13:35:13,261 - INFO - Ensemble HMEAN AUOUT: 0.1495207296161641
2022-05-19 13:35:13,261 - INFO - Ensemble HMEAN Temp Scaled AUROC: 0.6034457831325302
2022-05-19 13:35:13,261 - INFO - Ensemble HMEAN Temp Scaled TNR: 0.026666666666666616
2022-05-19 13:35:13,261 - INFO - Ensemble HMEAN Temp Scaled AUOUT: 0.048255097640514846
2022-05-19 13:35:13,261 - INFO - Ensemble HMIN AUROC: 0.8316546184738957
2022-05-19 13:35:13,261 - INFO - Ensemble HMIN TNR: 0.3933333333333333
2022-05-19 13:35:13,261 - INFO - Ensemble HMIN AUOUT: 0.19775277595327734
2022-05-19 13:35:13,261 - INFO - Ensemble HMIN Temp Scaled AUROC: 0.5041911646586346
2022-05-19 13:35:13,261 - INFO - Ensemble HMIN Temp Scaled TNR: 0.12
2022-05-19 13:35:13,261 - INFO - Ensemble HMIN Temp Scaled AUOUT: 0.0482563904959991
2022-05-19 13:35:13,261 - INFO - Ensemble HMEAN MEAN AUROC: 0.5188883534136546
2022-05-19 13:35:13,261 - INFO - Ensemble HMEAN MEAN TNR: 0.3466666666666667
2022-05-19 13:35:13,261 - INFO - Ensemble HMEAN MEAN AUOUT: 0.21511843491287402
2022-05-19 13:35:13,261 - INFO - Ensemble HMEAN MEAN TS AUROC: 0.5134168674698796
2022-05-19 13:35:13,261 - INFO - Ensemble HMEAN MEAN TS TNR: 0.00666666666666671
2022-05-19 13:35:13,261 - INFO - Ensemble HMEAN MEAN TS AUOUT: 0.03282449243395402
2022-05-19 13:35:13,261 - INFO - Ensemble HMIN MEAN AUROC: 0.7742088353413654
2022-05-19 13:35:13,261 - INFO - Ensemble HMIN MEAN TNR: 0.3533333333333334
2022-05-19 13:35:13,261 - INFO - Ensemble HMIN MEAN AUOUT: 0.21209991138231418
2022-05-19 13:35:13,261 - INFO - Ensemble HMIN MEAN TS AUROC: 0.7751967871485943
2022-05-19 13:35:13,262 - INFO - Ensemble HMIN MEAN TS TNR: 0.3733333333333333
2022-05-19 13:35:13,262 - INFO - Ensemble HMIN MEAN TS AUOUT: 0.19414607202529774
2022-05-19 13:35:13,262 - INFO - Ensemble HMEAN MIN AUROC: 0.5193734939759036
2022-05-19 13:35:13,262 - INFO - Ensemble HMEAN MIN TNR: 0.31333333333333335
2022-05-19 13:35:13,262 - INFO - Ensemble HMEAN MIN AUOUT: 0.19017440282759976
2022-05-19 13:35:13,262 - INFO - Ensemble HMEAN MIN TS AUROC: 0.5129799196787148
2022-05-19 13:35:13,262 - INFO - Ensemble HMEAN MIN TS TNR: 0.00666666666666671
2022-05-19 13:35:13,262 - INFO - Ensemble HMEAN MIN TS AUOUT: 0.032741450708185946
2022-05-19 13:35:13,262 - INFO - Ensemble HMIN MIN AUROC: 0.7392979919678715
2022-05-19 13:35:13,262 - INFO - Ensemble HMIN MIN TNR: 0.36
2022-05-19 13:35:13,262 - INFO - Ensemble HMIN MIN AUOUT: 0.21180814454730104
2022-05-19 13:35:13,262 - INFO - Ensemble HMIN MIN TS AUROC: 0.7730714859437751
2022-05-19 13:35:13,262 - INFO - Ensemble HMIN MIN TS TNR: 0.3733333333333333
2022-05-19 13:35:13,262 - INFO - Ensemble HMIN MIN TS AUOUT: 0.20930345513435725
