2022-09-23 20:52:44,727 - INFO - ==> Preparing data..
2022-09-23 20:52:45,287 - INFO - # ID Test: 3500
2022-09-23 20:52:45,287 - INFO - # OOD: 1500
2022-09-23 20:52:45,330 - INFO - # iNaturalist: 10000
2022-09-23 20:52:45,374 - INFO - # SUN: 10000
2022-09-23 20:52:45,419 - INFO - # Places: 10000
2022-09-23 20:52:45,474 - INFO - # Textures: 5640
2022-09-23 20:52:45,489 - INFO - # balanced100-coarseood: 750
2022-09-23 20:52:45,494 - INFO - # balanced100-mediumood: 250
2022-09-23 20:52:45,503 - INFO - # balanced100-fineood: 500
2022-09-23 20:52:45,518 - INFO - # balanced100-finemediumood: 750
2022-09-23 20:53:14,734 - INFO - Accuracy Results
2022-09-23 20:53:14,735 - INFO - Mean Synset Accuracy: 0.8997840881347656
2022-09-23 20:53:14,735 - INFO - Top-1 Accuracy: 0.8117142915725708
2022-09-23 20:53:14,735 - INFO - Pred Accuracy: 0.8134285807609558
2022-09-23 20:53:14,735 - INFO - Synset Accuracies:
2022-09-23 20:53:14,736 - INFO - [0.9925714  0.9692308  0.98280704 0.792      0.9266667  0.844
 0.932      0.971      0.961875   0.994      0.86       0.952
 0.824      0.784      0.98333335 1.         0.724      0.96
 0.824      0.76       0.84       0.744      0.97333336 1.        ]
2022-09-23 20:53:14,736 - INFO - Error Depth:
2022-09-23 20:53:14,736 - INFO - 	Num. Errors at Depth 0 = 12.0
2022-09-23 20:53:14,736 - INFO - 	Num. Errors at Depth 1 = 35.0
2022-09-23 20:53:14,736 - INFO - 	Num. Errors at Depth 2 = 176.0
2022-09-23 20:53:14,736 - INFO - 	Num. Errors at Depth 3 = 272.0
2022-09-23 20:53:14,736 - INFO - 	Num. Errors at Depth 4 = 95.0
2022-09-23 20:53:14,736 - INFO - 	Num. Errors at Depth 5 = 69.0
2022-09-23 20:53:14,736 - INFO - 	Num. Errors at Depth -1 = 2841.0
2022-09-23 20:53:14,736 - INFO - OOD Results
2022-09-23 20:53:27,352 - INFO - Computing OOD Statistics...
2022-09-23 20:53:46,424 - INFO - Computing OOD Statistics...
2022-09-23 20:54:14,728 - INFO - Computing OOD Statistics...
2022-09-23 20:54:31,799 - INFO - Computing OOD Statistics...
2022-09-23 20:54:42,259 - INFO - Computing OOD Statistics...
2022-09-23 20:54:45,811 - INFO - Computing OOD Statistics...
2022-09-23 20:54:48,935 - INFO - Computing OOD Statistics...
2022-09-23 20:54:52,219 - INFO - Computing OOD Statistics...
2022-09-23 20:54:55,979 - INFO - Computing OOD Statistics...
2022-09-23 20:54:56,045 - INFO - OOD Dataset: OOD
2022-09-23 20:54:56,045 - INFO - MSP AUROC Synset Performance
2022-09-23 20:54:56,045 - INFO - [-1, -1, -1, -1, -1, -1, -1, -1, -1, -1, -1, -1, -1, -1, -1, -1, -1, -1, -1, -1, -1, -1, -1, -1, -0.0, 0.7833388571428572, 0.8161078095238096, 0.8276057142857143]
2022-09-23 20:54:56,045 - INFO - MSP TNR Synset Performance
2022-09-23 20:54:56,045 - INFO - [-1, -1, -1, -1, -1, -1, -1, -1, -1, -1, -1, -1, -1, -1, -1, -1, -1, -1, -1, -1, -1, -1, -1, -1, 0.0, 0.20199999999999996, 0.41000000000000003, 0.4906666666666667]
2022-09-23 20:54:56,046 - INFO - MSP AUOUT Synset Performance
2022-09-23 20:54:56,046 - INFO - [-1, -1, -1, -1, -1, -1, -1, -1, -1, -1, -1, -1, -1, -1, -1, -1, -1, -1, -1, -1, -1, -1, -1, -1, 0.16775845604771977, 0.5789857544349192, 0.6925021966870506, 0.733357652684476]
2022-09-23 20:54:56,046 - INFO - ODIN AUROC Synset Performance
2022-09-23 20:54:56,046 - INFO - [-1, -1, -1, -1, -1, -1, -1, -1, -1, -1, -1, -1, -1, -1, -1, -1, -1, -1, -1, -1, -1, -1, -1, -1, -0.0, 0.6266691428571428, 0.26000419047619044, 0.46427809523809527]
2022-09-23 20:54:56,046 - INFO - ODIN TNR Synset Performance
2022-09-23 20:54:56,046 - INFO - [-1, -1, -1, -1, -1, -1, -1, -1, -1, -1, -1, -1, -1, -1, -1, -1, -1, -1, -1, -1, -1, -1, -1, -1, 0.0, 0.21399999999999997, 0.0020000000000000018, 0.07733333333333337]
2022-09-23 20:54:56,046 - INFO - ODIN AUOUT Synset Performance
2022-09-23 20:54:56,046 - INFO - [-1, -1, -1, -1, -1, -1, -1, -1, -1, -1, -1, -1, -1, -1, -1, -1, -1, -1, -1, -1, -1, -1, -1, -1, 0.16775845604771977, 0.4707847663986974, 0.199903753334917, 0.3026780155992169]
2022-09-23 20:54:56,046 - INFO - MSP Metrics using max activations accumulated across all appropriate synsets:
	AUROC -0.0
	TNR 0.0
	AUOUT 0.16775845604771977
2022-09-23 20:54:56,046 - INFO - ODIN Metrics using max activations accumulated across all appropriate synsets:
	AUROC -0.0
	TNR 0.0
	AUOUT 0.16775845604771977
2022-09-23 20:54:56,046 - INFO - MSP Metrics using max entropy along path:
	AUROC 0.7833388571428572
	TNR 0.20199999999999996
	AUOUT 0.5789857544349192
2022-09-23 20:54:56,046 - INFO - ODIN Metrics using max entropy along path:
	AUROC 0.6266691428571428
	TNR 0.21399999999999997
	AUOUT 0.4707847663986974
2022-09-23 20:54:56,046 - INFO - MSP Metrics using predicted activations:
	AUROC 0.8161078095238096
	TNR 0.41000000000000003
	AUOUT 0.6925021966870506
2022-09-23 20:54:56,046 - INFO - ODIN Metrics using predicted activations:
	AUROC 0.26000419047619044
	TNR 0.0020000000000000018
	AUOUT 0.199903753334917
2022-09-23 20:54:56,046 - INFO - MSP Metrics using mean entropy along path:
	AUROC 0.8276057142857143
	TNR 0.4906666666666667
	AUOUT 0.733357652684476
2022-09-23 20:54:56,047 - INFO - ODIN Metrics using mean entropy along path:
	AUROC 0.46427809523809527
	TNR 0.07733333333333337
	AUOUT 0.3026780155992169
2022-09-23 20:54:56,047 - INFO - MSP Metrics using min entropy along path:
	AUROC 0.7577897142857143
	TNR 0.5086666666666666
	AUOUT 0.7164365686653638
2022-09-23 20:54:56,047 - INFO - ODIN Metrics using min entropy along path:
	AUROC 0.7548243809523809
	TNR 0.5033333333333334
	AUOUT 0.6697693266952873
2022-09-23 20:54:56,048 - INFO - OOD Path entropy min idx (msp): [0. 1. 2. 3. 4.], [749 295 206  25 225]
2022-09-23 20:54:56,048 - INFO - OOD Path entropy min idx (odin): [0. 3. 4.], [1235   14  251]
2022-09-23 20:54:56,048 - INFO - OOD Dataset: iNaturalist
2022-09-23 20:54:56,048 - INFO - MSP AUROC Synset Performance
2022-09-23 20:54:56,048 - INFO - [-1, -1, -1, -1, -1, -1, -1, -1, -1, -1, -1, -1, -1, -1, -1, -1, -1, -1, -1, -1, -1, -1, -1, -1, -0.0, 0.9054269714285714, 0.9264513142857144, 0.9343419714285713]
2022-09-23 20:54:56,048 - INFO - MSP TNR Synset Performance
2022-09-23 20:54:56,048 - INFO - [-1, -1, -1, -1, -1, -1, -1, -1, -1, -1, -1, -1, -1, -1, -1, -1, -1, -1, -1, -1, -1, -1, -1, -1, 0.0, 0.4608, 0.628, 0.6474]
2022-09-23 20:54:56,049 - INFO - MSP AUOUT Synset Performance
2022-09-23 20:54:56,049 - INFO - [-1, -1, -1, -1, -1, -1, -1, -1, -1, -1, -1, -1, -1, -1, -1, -1, -1, -1, -1, -1, -1, -1, -1, -1, 0.5275256468469287, 0.9549405640633364, 0.9692511064792071, 0.9707022998799215]
2022-09-23 20:54:56,049 - INFO - ODIN AUROC Synset Performance
2022-09-23 20:54:56,049 - INFO - [-1, -1, -1, -1, -1, -1, -1, -1, -1, -1, -1, -1, -1, -1, -1, -1, -1, -1, -1, -1, -1, -1, -1, -1, -0.0, 0.6968394857142858, 0.38264859999999995, 0.5339188571428571]
2022-09-23 20:54:56,049 - INFO - ODIN TNR Synset Performance
2022-09-23 20:54:56,049 - INFO - [-1, -1, -1, -1, -1, -1, -1, -1, -1, -1, -1, -1, -1, -1, -1, -1, -1, -1, -1, -1, -1, -1, -1, -1, 0.0, 0.39180000000000004, 0.0007000000000000339, 0.16590000000000005]
2022-09-23 20:54:56,049 - INFO - ODIN AUOUT Synset Performance
2022-09-23 20:54:56,049 - INFO - [-1, -1, -1, -1, -1, -1, -1, -1, -1, -1, -1, -1, -1, -1, -1, -1, -1, -1, -1, -1, -1, -1, -1, -1, 0.5275256468469287, 0.8729103566671048, 0.6368511646570003, 0.789810218715602]
2022-09-23 20:54:56,049 - INFO - MSP Metrics using max activations accumulated across all appropriate synsets:
	AUROC -0.0
	TNR 0.0
	AUOUT 0.5275256468469287
2022-09-23 20:54:56,049 - INFO - ODIN Metrics using max activations accumulated across all appropriate synsets:
	AUROC -0.0
	TNR 0.0
	AUOUT 0.5275256468469287
2022-09-23 20:54:56,049 - INFO - MSP Metrics using max entropy along path:
	AUROC 0.9054269714285714
	TNR 0.4608
	AUOUT 0.9549405640633364
2022-09-23 20:54:56,049 - INFO - ODIN Metrics using max entropy along path:
	AUROC 0.6968394857142858
	TNR 0.39180000000000004
	AUOUT 0.8729103566671048
2022-09-23 20:54:56,049 - INFO - MSP Metrics using predicted activations:
	AUROC 0.9264513142857144
	TNR 0.628
	AUOUT 0.9692511064792071
2022-09-23 20:54:56,049 - INFO - ODIN Metrics using predicted activations:
	AUROC 0.38264859999999995
	TNR 0.0007000000000000339
	AUOUT 0.6368511646570003
2022-09-23 20:54:56,050 - INFO - MSP Metrics using mean entropy along path:
	AUROC 0.9343419714285713
	TNR 0.6474
	AUOUT 0.9707022998799215
2022-09-23 20:54:56,050 - INFO - ODIN Metrics using mean entropy along path:
	AUROC 0.5339188571428571
	TNR 0.16590000000000005
	AUOUT 0.789810218715602
2022-09-23 20:54:56,050 - INFO - MSP Metrics using min entropy along path:
	AUROC 0.8724346
	TNR 0.3415
	AUOUT 0.9334815574570705
2022-09-23 20:54:56,050 - INFO - ODIN Metrics using min entropy along path:
	AUROC 0.8424006285714285
	TNR 0.23460000000000003
	AUOUT 0.9072975033633183
2022-09-23 20:54:56,051 - INFO - OOD Path entropy min idx (msp): [0. 1. 2. 3. 4.], [8870  359  309  386   76]
2022-09-23 20:54:56,051 - INFO - OOD Path entropy min idx (odin): [0. 3. 4.], [9583  346   71]
2022-09-23 20:54:56,051 - INFO - OOD Dataset: SUN
2022-09-23 20:54:56,051 - INFO - MSP AUROC Synset Performance
2022-09-23 20:54:56,051 - INFO - [-1, -1, -1, -1, -1, -1, -1, -1, -1, -1, -1, -1, -1, -1, -1, -1, -1, -1, -1, -1, -1, -1, -1, -1, -0.0, 0.8859518857142857, 0.9373973999999999, 0.9487746857142856]
2022-09-23 20:54:56,051 - INFO - MSP TNR Synset Performance
2022-09-23 20:54:56,051 - INFO - [-1, -1, -1, -1, -1, -1, -1, -1, -1, -1, -1, -1, -1, -1, -1, -1, -1, -1, -1, -1, -1, -1, -1, -1, 0.0, 0.34850000000000003, 0.6622, 0.7157]
2022-09-23 20:54:56,051 - INFO - MSP AUOUT Synset Performance
2022-09-23 20:54:56,051 - INFO - [-1, -1, -1, -1, -1, -1, -1, -1, -1, -1, -1, -1, -1, -1, -1, -1, -1, -1, -1, -1, -1, -1, -1, -1, 0.5275256468469287, 0.9418437966567569, 0.973353385837187, 0.9763910352045693]
2022-09-23 20:54:56,051 - INFO - ODIN AUROC Synset Performance
2022-09-23 20:54:56,051 - INFO - [-1, -1, -1, -1, -1, -1, -1, -1, -1, -1, -1, -1, -1, -1, -1, -1, -1, -1, -1, -1, -1, -1, -1, -1, -0.0, 0.822597657142857, 0.23318519999999998, 0.6476731142857144]
2022-09-23 20:54:56,051 - INFO - ODIN TNR Synset Performance
2022-09-23 20:54:56,051 - INFO - [-1, -1, -1, -1, -1, -1, -1, -1, -1, -1, -1, -1, -1, -1, -1, -1, -1, -1, -1, -1, -1, -1, -1, -1, 0.0, 0.6915, 0.0, 0.2853]
2022-09-23 20:54:56,051 - INFO - ODIN AUOUT Synset Performance
2022-09-23 20:54:56,051 - INFO - [-1, -1, -1, -1, -1, -1, -1, -1, -1, -1, -1, -1, -1, -1, -1, -1, -1, -1, -1, -1, -1, -1, -1, -1, 0.5275256468469287, 0.9401312292423202, 0.5841282520619062, 0.8546536233669058]
2022-09-23 20:54:56,051 - INFO - MSP Metrics using max activations accumulated across all appropriate synsets:
	AUROC -0.0
	TNR 0.0
	AUOUT 0.5275256468469287
2022-09-23 20:54:56,051 - INFO - ODIN Metrics using max activations accumulated across all appropriate synsets:
	AUROC -0.0
	TNR 0.0
	AUOUT 0.5275256468469287
2022-09-23 20:54:56,051 - INFO - MSP Metrics using max entropy along path:
	AUROC 0.8859518857142857
	TNR 0.34850000000000003
	AUOUT 0.9418437966567569
2022-09-23 20:54:56,052 - INFO - ODIN Metrics using max entropy along path:
	AUROC 0.822597657142857
	TNR 0.6915
	AUOUT 0.9401312292423202
2022-09-23 20:54:56,052 - INFO - MSP Metrics using predicted activations:
	AUROC 0.9373973999999999
	TNR 0.6622
	AUOUT 0.973353385837187
2022-09-23 20:54:56,052 - INFO - ODIN Metrics using predicted activations:
	AUROC 0.23318519999999998
	TNR 0.0
	AUOUT 0.5841282520619062
2022-09-23 20:54:56,052 - INFO - MSP Metrics using mean entropy along path:
	AUROC 0.9487746857142856
	TNR 0.7157
	AUOUT 0.9763910352045693
2022-09-23 20:54:56,052 - INFO - ODIN Metrics using mean entropy along path:
	AUROC 0.6476731142857144
	TNR 0.2853
	AUOUT 0.8546536233669058
2022-09-23 20:54:56,052 - INFO - MSP Metrics using min entropy along path:
	AUROC 0.9392993428571427
	TNR 0.7565
	AUOUT 0.9747976199474008
2022-09-23 20:54:56,052 - INFO - ODIN Metrics using min entropy along path:
	AUROC 0.9297186285714286
	TNR 0.6920999999999999
	AUOUT 0.9614869489317257
2022-09-23 20:54:56,052 - INFO - OOD Path entropy min idx (msp): [0. 1. 2. 3. 4.], [5253 2973  953  380  441]
2022-09-23 20:54:56,053 - INFO - OOD Path entropy min idx (odin): [0. 3. 4.], [9234  140  626]
2022-09-23 20:54:56,053 - INFO - OOD Dataset: Places
2022-09-23 20:54:56,053 - INFO - MSP AUROC Synset Performance
2022-09-23 20:54:56,053 - INFO - [-1, -1, -1, -1, -1, -1, -1, -1, -1, -1, -1, -1, -1, -1, -1, -1, -1, -1, -1, -1, -1, -1, -1, -1, -0.0, 0.8719464571428572, 0.9222275142857141, 0.9347651428571429]
2022-09-23 20:54:56,053 - INFO - MSP TNR Synset Performance
2022-09-23 20:54:56,053 - INFO - [-1, -1, -1, -1, -1, -1, -1, -1, -1, -1, -1, -1, -1, -1, -1, -1, -1, -1, -1, -1, -1, -1, -1, -1, 0.0, 0.31989999999999996, 0.6075999999999999, 0.6582]
2022-09-23 20:54:56,053 - INFO - MSP AUOUT Synset Performance
2022-09-23 20:54:56,053 - INFO - [-1, -1, -1, -1, -1, -1, -1, -1, -1, -1, -1, -1, -1, -1, -1, -1, -1, -1, -1, -1, -1, -1, -1, -1, 0.5275256468469287, 0.934980528229183, 0.9673822572133974, 0.9712818134720513]
2022-09-23 20:54:56,053 - INFO - ODIN AUROC Synset Performance
2022-09-23 20:54:56,053 - INFO - [-1, -1, -1, -1, -1, -1, -1, -1, -1, -1, -1, -1, -1, -1, -1, -1, -1, -1, -1, -1, -1, -1, -1, -1, -0.0, 0.7783097714285715, 0.22442348571428572, 0.6196677428571428]
2022-09-23 20:54:56,053 - INFO - ODIN TNR Synset Performance
2022-09-23 20:54:56,053 - INFO - [-1, -1, -1, -1, -1, -1, -1, -1, -1, -1, -1, -1, -1, -1, -1, -1, -1, -1, -1, -1, -1, -1, -1, -1, 0.0, 0.5977, 0.00029999999999996696, 0.28180000000000005]
2022-09-23 20:54:56,053 - INFO - ODIN AUOUT Synset Performance
2022-09-23 20:54:56,053 - INFO - [-1, -1, -1, -1, -1, -1, -1, -1, -1, -1, -1, -1, -1, -1, -1, -1, -1, -1, -1, -1, -1, -1, -1, -1, 0.5275256468469287, 0.9230895370981071, 0.5813855444144292, 0.8446360873232736]
2022-09-23 20:54:56,053 - INFO - MSP Metrics using max activations accumulated across all appropriate synsets:
	AUROC -0.0
	TNR 0.0
	AUOUT 0.5275256468469287
2022-09-23 20:54:56,053 - INFO - ODIN Metrics using max activations accumulated across all appropriate synsets:
	AUROC -0.0
	TNR 0.0
	AUOUT 0.5275256468469287
2022-09-23 20:54:56,053 - INFO - MSP Metrics using max entropy along path:
	AUROC 0.8719464571428572
	TNR 0.31989999999999996
	AUOUT 0.934980528229183
2022-09-23 20:54:56,053 - INFO - ODIN Metrics using max entropy along path:
	AUROC 0.7783097714285715
	TNR 0.5977
	AUOUT 0.9230895370981071
2022-09-23 20:54:56,053 - INFO - MSP Metrics using predicted activations:
	AUROC 0.9222275142857141
	TNR 0.6075999999999999
	AUOUT 0.9673822572133974
2022-09-23 20:54:56,053 - INFO - ODIN Metrics using predicted activations:
	AUROC 0.22442348571428572
	TNR 0.00029999999999996696
	AUOUT 0.5813855444144292
2022-09-23 20:54:56,053 - INFO - MSP Metrics using mean entropy along path:
	AUROC 0.9347651428571429
	TNR 0.6582
	AUOUT 0.9712818134720513
2022-09-23 20:54:56,053 - INFO - ODIN Metrics using mean entropy along path:
	AUROC 0.6196677428571428
	TNR 0.28180000000000005
	AUOUT 0.8446360873232736
2022-09-23 20:54:56,053 - INFO - MSP Metrics using min entropy along path:
	AUROC 0.9217677142857144
	TNR 0.7028
	AUOUT 0.9690446406527657
2022-09-23 20:54:56,053 - INFO - ODIN Metrics using min entropy along path:
	AUROC 0.9127073428571428
	TNR 0.6514
	AUOUT 0.9562590811632039
2022-09-23 20:54:56,054 - INFO - OOD Path entropy min idx (msp): [0. 1. 2. 3. 4.], [5193 2823 1070  437  477]
2022-09-23 20:54:56,054 - INFO - OOD Path entropy min idx (odin): [0. 3. 4.], [9117  181  702]
2022-09-23 20:54:56,054 - INFO - OOD Dataset: Textures
2022-09-23 20:54:56,054 - INFO - MSP AUROC Synset Performance
2022-09-23 20:54:56,054 - INFO - [-1, -1, -1, -1, -1, -1, -1, -1, -1, -1, -1, -1, -1, -1, -1, -1, -1, -1, -1, -1, -1, -1, -1, -1, -0.0, 0.8542070921985816, 0.8979614994934144, 0.9189505572441743]
2022-09-23 20:54:56,054 - INFO - MSP TNR Synset Performance
2022-09-23 20:54:56,054 - INFO - [-1, -1, -1, -1, -1, -1, -1, -1, -1, -1, -1, -1, -1, -1, -1, -1, -1, -1, -1, -1, -1, -1, -1, -1, 0.0, 0.3207446808510638, 0.575886524822695, 0.6469858156028369]
2022-09-23 20:54:56,054 - INFO - MSP AUOUT Synset Performance
2022-09-23 20:54:56,054 - INFO - [-1, -1, -1, -1, -1, -1, -1, -1, -1, -1, -1, -1, -1, -1, -1, -1, -1, -1, -1, -1, -1, -1, -1, -1, 0.4043189752277335, 0.884303972955002, 0.9328319736961102, 0.9460008988122002]
2022-09-23 20:54:56,054 - INFO - ODIN AUROC Synset Performance
2022-09-23 20:54:56,054 - INFO - [-1, -1, -1, -1, -1, -1, -1, -1, -1, -1, -1, -1, -1, -1, -1, -1, -1, -1, -1, -1, -1, -1, -1, -1, -0.0, 0.6463224924012158, 0.23825035460992908, 0.6271986828774063]
2022-09-23 20:54:56,054 - INFO - ODIN TNR Synset Performance
2022-09-23 20:54:56,054 - INFO - [-1, -1, -1, -1, -1, -1, -1, -1, -1, -1, -1, -1, -1, -1, -1, -1, -1, -1, -1, -1, -1, -1, -1, -1, 0.0, 0.34982269503546104, 0.0, 0.20106382978723403]
2022-09-23 20:54:56,054 - INFO - ODIN AUOUT Synset Performance
2022-09-23 20:54:56,055 - INFO - [-1, -1, -1, -1, -1, -1, -1, -1, -1, -1, -1, -1, -1, -1, -1, -1, -1, -1, -1, -1, -1, -1, -1, -1, 0.4043189752277335, 0.7783835674585113, 0.4583517083024636, 0.7354021973152328]
2022-09-23 20:54:56,055 - INFO - MSP Metrics using max activations accumulated across all appropriate synsets:
	AUROC -0.0
	TNR 0.0
	AUOUT 0.4043189752277335
2022-09-23 20:54:56,055 - INFO - ODIN Metrics using max activations accumulated across all appropriate synsets:
	AUROC -0.0
	TNR 0.0
	AUOUT 0.4043189752277335
2022-09-23 20:54:56,055 - INFO - MSP Metrics using max entropy along path:
	AUROC 0.8542070921985816
	TNR 0.3207446808510638
	AUOUT 0.884303972955002
2022-09-23 20:54:56,055 - INFO - ODIN Metrics using max entropy along path:
	AUROC 0.6463224924012158
	TNR 0.34982269503546104
	AUOUT 0.7783835674585113
2022-09-23 20:54:56,055 - INFO - MSP Metrics using predicted activations:
	AUROC 0.8979614994934144
	TNR 0.575886524822695
	AUOUT 0.9328319736961102
2022-09-23 20:54:56,055 - INFO - ODIN Metrics using predicted activations:
	AUROC 0.23825035460992908
	TNR 0.0
	AUOUT 0.4583517083024636
2022-09-23 20:54:56,055 - INFO - MSP Metrics using mean entropy along path:
	AUROC 0.9189505572441743
	TNR 0.6469858156028369
	AUOUT 0.9460008988122002
2022-09-23 20:54:56,055 - INFO - ODIN Metrics using mean entropy along path:
	AUROC 0.6271986828774063
	TNR 0.20106382978723403
	AUOUT 0.7354021973152328
2022-09-23 20:54:56,055 - INFO - MSP Metrics using min entropy along path:
	AUROC 0.9202798378926038
	TNR 0.6828014184397163
	AUOUT 0.9494717292391761
2022-09-23 20:54:56,055 - INFO - ODIN Metrics using min entropy along path:
	AUROC 0.9180181357649443
	TNR 0.6670212765957446
	AUOUT 0.9336053809915241
2022-09-23 20:54:56,055 - INFO - OOD Path entropy min idx (msp): [0. 1. 2. 3. 4.], [2790 1169  922  570  189]
2022-09-23 20:54:56,055 - INFO - OOD Path entropy min idx (odin): [0. 3. 4.], [5188  264  188]
2022-09-23 20:54:56,055 - INFO - OOD Dataset: balanced100-coarseood
2022-09-23 20:54:56,056 - INFO - MSP AUROC Synset Performance
2022-09-23 20:54:56,056 - INFO - [-1, -1, -1, -1, -1, -1, -1, -1, -1, -1, -1, -1, -1, -1, -1, -1, -1, -1, -1, -1, -1, -1, -1, -1, -0.0, 0.8919070476190476, 0.9336121904761905, 0.966176]
2022-09-23 20:54:56,056 - INFO - MSP TNR Synset Performance
2022-09-23 20:54:56,056 - INFO - [-1, -1, -1, -1, -1, -1, -1, -1, -1, -1, -1, -1, -1, -1, -1, -1, -1, -1, -1, -1, -1, -1, -1, -1, 0.0, 0.31466666666666665, 0.6453333333333333, 0.8200000000000001]
2022-09-23 20:54:56,056 - INFO - MSP AUOUT Synset Performance
2022-09-23 20:54:56,056 - INFO - [-1, -1, -1, -1, -1, -1, -1, -1, -1, -1, -1, -1, -1, -1, -1, -1, -1, -1, -1, -1, -1, -1, -1, -1, 0.09393858905968093, 0.5642489266875366, 0.7587474496780552, 0.86273155316945]
2022-09-23 20:54:56,056 - INFO - ODIN AUROC Synset Performance
2022-09-23 20:54:56,056 - INFO - [-1, -1, -1, -1, -1, -1, -1, -1, -1, -1, -1, -1, -1, -1, -1, -1, -1, -1, -1, -1, -1, -1, -1, -1, -0.0, 0.5101561904761905, 0.16124761904761903, 0.5340144761904762]
2022-09-23 20:54:56,056 - INFO - ODIN TNR Synset Performance
2022-09-23 20:54:56,056 - INFO - [-1, -1, -1, -1, -1, -1, -1, -1, -1, -1, -1, -1, -1, -1, -1, -1, -1, -1, -1, -1, -1, -1, -1, -1, 0.0, 0.1466666666666666, 0.0, 0.05733333333333335]
2022-09-23 20:54:56,056 - INFO - ODIN AUOUT Synset Performance
2022-09-23 20:54:56,056 - INFO - [-1, -1, -1, -1, -1, -1, -1, -1, -1, -1, -1, -1, -1, -1, -1, -1, -1, -1, -1, -1, -1, -1, -1, -1, 0.09393858905968093, 0.23720511502386082, 0.10571935264888128, 0.20928014869689673]
2022-09-23 20:54:56,056 - INFO - MSP Metrics using max activations accumulated across all appropriate synsets:
	AUROC -0.0
	TNR 0.0
	AUOUT 0.09393858905968093
2022-09-23 20:54:56,056 - INFO - ODIN Metrics using max activations accumulated across all appropriate synsets:
	AUROC -0.0
	TNR 0.0
	AUOUT 0.09393858905968093
2022-09-23 20:54:56,056 - INFO - MSP Metrics using max entropy along path:
	AUROC 0.8919070476190476
	TNR 0.31466666666666665
	AUOUT 0.5642489266875366
2022-09-23 20:54:56,056 - INFO - ODIN Metrics using max entropy along path:
	AUROC 0.5101561904761905
	TNR 0.1466666666666666
	AUOUT 0.23720511502386082
2022-09-23 20:54:56,056 - INFO - MSP Metrics using predicted activations:
	AUROC 0.9336121904761905
	TNR 0.6453333333333333
	AUOUT 0.7587474496780552
2022-09-23 20:54:56,056 - INFO - ODIN Metrics using predicted activations:
	AUROC 0.16124761904761903
	TNR 0.0
	AUOUT 0.10571935264888128
2022-09-23 20:54:56,056 - INFO - MSP Metrics using mean entropy along path:
	AUROC 0.966176
	TNR 0.8200000000000001
	AUOUT 0.86273155316945
2022-09-23 20:54:56,056 - INFO - ODIN Metrics using mean entropy along path:
	AUROC 0.5340144761904762
	TNR 0.05733333333333335
	AUOUT 0.20928014869689673
2022-09-23 20:54:56,056 - INFO - MSP Metrics using min entropy along path:
	AUROC 0.9418784761904763
	TNR 0.876
	AUOUT 0.8775248353526501
2022-09-23 20:54:56,056 - INFO - ODIN Metrics using min entropy along path:
	AUROC 0.9354742857142858
	TNR 0.86
	AUOUT 0.7818620666291275
2022-09-23 20:54:56,056 - INFO - OOD Path entropy min idx (msp): [0. 1. 2. 3. 4.], [435 149 119  10  37]
2022-09-23 20:54:56,057 - INFO - OOD Path entropy min idx (odin): [0. 3. 4.], [700   5  45]
2022-09-23 20:54:56,057 - INFO - OOD Dataset: balanced100-mediumood
2022-09-23 20:54:56,057 - INFO - MSP AUROC Synset Performance
2022-09-23 20:54:56,057 - INFO - [-1, -1, -1, -1, -1, -1, -1, -1, -1, -1, -1, -1, -1, -1, -1, -1, -1, -1, -1, -1, -1, -1, -1, -1, -0.0, 0.6993520000000001, 0.7070457142857144, 0.6723017142857144]
2022-09-23 20:54:56,057 - INFO - MSP TNR Synset Performance
2022-09-23 20:54:56,057 - INFO - [-1, -1, -1, -1, -1, -1, -1, -1, -1, -1, -1, -1, -1, -1, -1, -1, -1, -1, -1, -1, -1, -1, -1, -1, 0.0, 0.09999999999999998, 0.14800000000000002, 0.09599999999999997]
2022-09-23 20:54:56,057 - INFO - MSP AUOUT Synset Performance
2022-09-23 20:54:56,057 - INFO - [-1, -1, -1, -1, -1, -1, -1, -1, -1, -1, -1, -1, -1, -1, -1, -1, -1, -1, -1, -1, -1, -1, -1, -1, 0.03409978690754759, 0.12562318259995525, 0.13989432067336852, 0.1076945172914362]
2022-09-23 20:54:56,057 - INFO - ODIN AUROC Synset Performance
2022-09-23 20:54:56,057 - INFO - [-1, -1, -1, -1, -1, -1, -1, -1, -1, -1, -1, -1, -1, -1, -1, -1, -1, -1, -1, -1, -1, -1, -1, -1, -0.0, 0.8571177142857144, 0.44117828571428575, 0.41478971428571426]
2022-09-23 20:54:56,057 - INFO - ODIN TNR Synset Performance
2022-09-23 20:54:56,057 - INFO - [-1, -1, -1, -1, -1, -1, -1, -1, -1, -1, -1, -1, -1, -1, -1, -1, -1, -1, -1, -1, -1, -1, -1, -1, 0.0, 0.372, 0.008000000000000007, 0.09999999999999998]
2022-09-23 20:54:56,057 - INFO - ODIN AUOUT Synset Performance
2022-09-23 20:54:56,057 - INFO - [-1, -1, -1, -1, -1, -1, -1, -1, -1, -1, -1, -1, -1, -1, -1, -1, -1, -1, -1, -1, -1, -1, -1, -1, 0.03409978690754759, 0.28191690646488926, 0.05350871566565702, 0.06557444051993225]
2022-09-23 20:54:56,057 - INFO - MSP Metrics using max activations accumulated across all appropriate synsets:
	AUROC -0.0
	TNR 0.0
	AUOUT 0.03409978690754759
2022-09-23 20:54:56,057 - INFO - ODIN Metrics using max activations accumulated across all appropriate synsets:
	AUROC -0.0
	TNR 0.0
	AUOUT 0.03409978690754759
2022-09-23 20:54:56,057 - INFO - MSP Metrics using max entropy along path:
	AUROC 0.6993520000000001
	TNR 0.09999999999999998
	AUOUT 0.12562318259995525
2022-09-23 20:54:56,057 - INFO - ODIN Metrics using max entropy along path:
	AUROC 0.8571177142857144
	TNR 0.372
	AUOUT 0.28191690646488926
2022-09-23 20:54:56,057 - INFO - MSP Metrics using predicted activations:
	AUROC 0.7070457142857144
	TNR 0.14800000000000002
	AUOUT 0.13989432067336852
2022-09-23 20:54:56,057 - INFO - ODIN Metrics using predicted activations:
	AUROC 0.44117828571428575
	TNR 0.008000000000000007
	AUOUT 0.05350871566565702
2022-09-23 20:54:56,057 - INFO - MSP Metrics using mean entropy along path:
	AUROC 0.6723017142857144
	TNR 0.09599999999999997
	AUOUT 0.1076945172914362
2022-09-23 20:54:56,057 - INFO - ODIN Metrics using mean entropy along path:
	AUROC 0.41478971428571426
	TNR 0.09999999999999998
	AUOUT 0.06557444051993225
2022-09-23 20:54:56,057 - INFO - MSP Metrics using min entropy along path:
	AUROC 0.2693645714285714
	TNR 0.03600000000000003
	AUOUT 0.04760322055278927
2022-09-23 20:54:56,057 - INFO - ODIN Metrics using min entropy along path:
	AUROC 0.26540457142857143
	TNR 0.040000000000000036
	AUOUT 0.046943064428273354
2022-09-23 20:54:56,058 - INFO - OOD Path entropy min idx (msp): [0. 1. 2. 3. 4.], [ 56  18  12   3 161]
2022-09-23 20:54:56,058 - INFO - OOD Path entropy min idx (odin): [0. 4.], [ 88 162]
2022-09-23 20:54:56,058 - INFO - OOD Dataset: balanced100-fineood
2022-09-23 20:54:56,058 - INFO - MSP AUROC Synset Performance
2022-09-23 20:54:56,058 - INFO - [-1, -1, -1, -1, -1, -1, -1, -1, -1, -1, -1, -1, -1, -1, -1, -1, -1, -1, -1, -1, -1, -1, -1, -1, -0.0, 0.6624805714285714, 0.6943834285714285, 0.6974022857142858]
2022-09-23 20:54:56,058 - INFO - MSP TNR Synset Performance
2022-09-23 20:54:56,058 - INFO - [-1, -1, -1, -1, -1, -1, -1, -1, -1, -1, -1, -1, -1, -1, -1, -1, -1, -1, -1, -1, -1, -1, -1, -1, 0.0, 0.08399999999999996, 0.18799999999999994, 0.19399999999999995]
2022-09-23 20:54:56,058 - INFO - MSP AUOUT Synset Performance
2022-09-23 20:54:56,058 - INFO - [-1, -1, -1, -1, -1, -1, -1, -1, -1, -1, -1, -1, -1, -1, -1, -1, -1, -1, -1, -1, -1, -1, -1, -1, 0.06528024046762752, 0.19102095156973992, 0.2559015915013619, 0.25112286153428837]
2022-09-23 20:54:56,058 - INFO - ODIN AUROC Synset Performance
2022-09-23 20:54:56,058 - INFO - [-1, -1, -1, -1, -1, -1, -1, -1, -1, -1, -1, -1, -1, -1, -1, -1, -1, -1, -1, -1, -1, -1, -1, -1, -0.0, 0.6861497142857143, 0.31755428571428573, 0.38440399999999997]
2022-09-23 20:54:56,058 - INFO - ODIN TNR Synset Performance
2022-09-23 20:54:56,058 - INFO - [-1, -1, -1, -1, -1, -1, -1, -1, -1, -1, -1, -1, -1, -1, -1, -1, -1, -1, -1, -1, -1, -1, -1, -1, 0.0, 0.236, 0.0020000000000000018, 0.09599999999999997]
2022-09-23 20:54:56,058 - INFO - ODIN AUOUT Synset Performance
2022-09-23 20:54:56,058 - INFO - [-1, -1, -1, -1, -1, -1, -1, -1, -1, -1, -1, -1, -1, -1, -1, -1, -1, -1, -1, -1, -1, -1, -1, -1, 0.06528024046762752, 0.31058117288099285, 0.08430832595001528, 0.11860438866932285]
2022-09-23 20:54:56,058 - INFO - MSP Metrics using max activations accumulated across all appropriate synsets:
	AUROC -0.0
	TNR 0.0
	AUOUT 0.06528024046762752
2022-09-23 20:54:56,058 - INFO - ODIN Metrics using max activations accumulated across all appropriate synsets:
	AUROC -0.0
	TNR 0.0
	AUOUT 0.06528024046762752
2022-09-23 20:54:56,058 - INFO - MSP Metrics using max entropy along path:
	AUROC 0.6624805714285714
	TNR 0.08399999999999996
	AUOUT 0.19102095156973992
2022-09-23 20:54:56,058 - INFO - ODIN Metrics using max entropy along path:
	AUROC 0.6861497142857143
	TNR 0.236
	AUOUT 0.31058117288099285
2022-09-23 20:54:56,058 - INFO - MSP Metrics using predicted activations:
	AUROC 0.6943834285714285
	TNR 0.18799999999999994
	AUOUT 0.2559015915013619
2022-09-23 20:54:56,058 - INFO - ODIN Metrics using predicted activations:
	AUROC 0.31755428571428573
	TNR 0.0020000000000000018
	AUOUT 0.08430832595001528
2022-09-23 20:54:56,058 - INFO - MSP Metrics using mean entropy along path:
	AUROC 0.6974022857142858
	TNR 0.19399999999999995
	AUOUT 0.25112286153428837
2022-09-23 20:54:56,058 - INFO - ODIN Metrics using mean entropy along path:
	AUROC 0.38440399999999997
	TNR 0.09599999999999997
	AUOUT 0.11860438866932285
2022-09-23 20:54:56,058 - INFO - MSP Metrics using min entropy along path:
	AUROC 0.7258691428571429
	TNR 0.19399999999999995
	AUOUT 0.28655509968317655
2022-09-23 20:54:56,058 - INFO - ODIN Metrics using min entropy along path:
	AUROC 0.728556
	TNR 0.19999999999999996
	AUOUT 0.2772625509595452
2022-09-23 20:54:56,059 - INFO - OOD Path entropy min idx (msp): [0. 1. 2. 3. 4.], [258 128  75  12  27]
2022-09-23 20:54:56,059 - INFO - OOD Path entropy min idx (odin): [0. 3. 4.], [447   9  44]
2022-09-23 20:54:56,059 - INFO - OOD Dataset: balanced100-finemediumood
2022-09-23 20:54:56,059 - INFO - MSP AUROC Synset Performance
2022-09-23 20:54:56,059 - INFO - [-1, -1, -1, -1, -1, -1, -1, -1, -1, -1, -1, -1, -1, -1, -1, -1, -1, -1, -1, -1, -1, -1, -1, -1, -0.0, 0.6747710476190476, 0.6986041904761905, 0.6890354285714285]
2022-09-23 20:54:56,059 - INFO - MSP TNR Synset Performance
2022-09-23 20:54:56,059 - INFO - [-1, -1, -1, -1, -1, -1, -1, -1, -1, -1, -1, -1, -1, -1, -1, -1, -1, -1, -1, -1, -1, -1, -1, -1, 0.0, 0.08933333333333338, 0.17466666666666664, 0.16133333333333333]
2022-09-23 20:54:56,059 - INFO - MSP AUOUT Synset Performance
2022-09-23 20:54:56,059 - INFO - [-1, -1, -1, -1, -1, -1, -1, -1, -1, -1, -1, -1, -1, -1, -1, -1, -1, -1, -1, -1, -1, -1, -1, -1, 0.09393858905968093, 0.2724427670813459, 0.33100418286438965, 0.3070188596212976]
2022-09-23 20:54:56,059 - INFO - ODIN AUROC Synset Performance
2022-09-23 20:54:56,059 - INFO - [-1, -1, -1, -1, -1, -1, -1, -1, -1, -1, -1, -1, -1, -1, -1, -1, -1, -1, -1, -1, -1, -1, -1, -1, -0.0, 0.7431390476190476, 0.3587622857142857, 0.39453257142857145]
2022-09-23 20:54:56,059 - INFO - ODIN TNR Synset Performance
2022-09-23 20:54:56,059 - INFO - [-1, -1, -1, -1, -1, -1, -1, -1, -1, -1, -1, -1, -1, -1, -1, -1, -1, -1, -1, -1, -1, -1, -1, -1, 0.0, 0.2813333333333333, 0.0040000000000000036, 0.09733333333333338]
2022-09-23 20:54:56,059 - INFO - ODIN AUOUT Synset Performance
2022-09-23 20:54:56,059 - INFO - [-1, -1, -1, -1, -1, -1, -1, -1, -1, -1, -1, -1, -1, -1, -1, -1, -1, -1, -1, -1, -1, -1, -1, -1, 0.09393858905968093, 0.43576787830844743, 0.12743973817268348, 0.1668545574532514]
2022-09-23 20:54:56,059 - INFO - MSP Metrics using max activations accumulated across all appropriate synsets:
	AUROC -0.0
	TNR 0.0
	AUOUT 0.09393858905968093
2022-09-23 20:54:56,059 - INFO - ODIN Metrics using max activations accumulated across all appropriate synsets:
	AUROC -0.0
	TNR 0.0
	AUOUT 0.09393858905968093
2022-09-23 20:54:56,059 - INFO - MSP Metrics using max entropy along path:
	AUROC 0.6747710476190476
	TNR 0.08933333333333338
	AUOUT 0.2724427670813459
2022-09-23 20:54:56,059 - INFO - ODIN Metrics using max entropy along path:
	AUROC 0.7431390476190476
	TNR 0.2813333333333333
	AUOUT 0.43576787830844743
2022-09-23 20:54:56,060 - INFO - MSP Metrics using predicted activations:
	AUROC 0.6986041904761905
	TNR 0.17466666666666664
	AUOUT 0.33100418286438965
2022-09-23 20:54:56,060 - INFO - ODIN Metrics using predicted activations:
	AUROC 0.3587622857142857
	TNR 0.0040000000000000036
	AUOUT 0.12743973817268348
2022-09-23 20:54:56,060 - INFO - MSP Metrics using mean entropy along path:
	AUROC 0.6890354285714285
	TNR 0.16133333333333333
	AUOUT 0.3070188596212976
2022-09-23 20:54:56,060 - INFO - ODIN Metrics using mean entropy along path:
	AUROC 0.39453257142857145
	TNR 0.09733333333333338
	AUOUT 0.1668545574532514
2022-09-23 20:54:56,060 - INFO - MSP Metrics using min entropy along path:
	AUROC 0.5737009523809524
	TNR 0.1413333333333333
	AUOUT 0.2769039558354982
2022-09-23 20:54:56,060 - INFO - ODIN Metrics using min entropy along path:
	AUROC 0.5741721904761905
	TNR 0.1466666666666666
	AUOUT 0.2699730452279533
2022-09-23 20:54:56,060 - INFO - OOD Path entropy min idx (msp): [0. 1. 2. 3. 4.], [314 146  87  15 188]
2022-09-23 20:54:56,060 - INFO - OOD Path entropy min idx (odin): [0. 3. 4.], [535   9 206]
2022-09-23 20:55:06,396 - INFO - Computing OOD Statistics...
2022-09-23 20:55:23,863 - INFO - Computing OOD Statistics...
2022-09-23 20:55:53,955 - INFO - Computing OOD Statistics...
2022-09-23 20:56:06,742 - INFO - Computing OOD Statistics...
2022-09-23 20:56:15,429 - INFO - Computing OOD Statistics...
2022-09-23 20:56:18,903 - INFO - Computing OOD Statistics...
2022-09-23 20:56:21,928 - INFO - Computing OOD Statistics...
2022-09-23 20:56:24,913 - INFO - Computing OOD Statistics...
2022-09-23 20:56:28,395 - INFO - Computing OOD Statistics...
2022-09-23 20:56:28,410 - INFO - OOD Dataset: OOD
2022-09-23 20:56:28,410 - INFO - MSP AUROC [0.7621687619047619]
2022-09-23 20:56:28,410 - INFO - MSP TNR [0.378]
2022-09-23 20:56:28,410 - INFO - MSP AUOUT [0.6353399476495293]
2022-09-23 20:56:28,410 - INFO - ODIN AUROC [0.810084761904762]
2022-09-23 20:56:28,410 - INFO - ODIN TNR [0.44199999999999995]
2022-09-23 20:56:28,410 - INFO - ODIN AUOUT [0.6990039081508062]
2022-09-23 20:56:28,410 - INFO - OOD Dataset: iNaturalist
2022-09-23 20:56:28,411 - INFO - MSP AUROC [0.89739]
2022-09-23 20:56:28,411 - INFO - MSP TNR [0.5353]
2022-09-23 20:56:28,411 - INFO - MSP AUOUT [0.9560775883844868]
2022-09-23 20:56:28,411 - INFO - ODIN AUROC [0.942539142857143]
2022-09-23 20:56:28,411 - INFO - ODIN TNR [0.6198]
2022-09-23 20:56:28,411 - INFO - ODIN AUOUT [0.9736364192051494]
2022-09-23 20:56:28,411 - INFO - OOD Dataset: SUN
2022-09-23 20:56:28,411 - INFO - MSP AUROC [0.9214241714285714]
2022-09-23 20:56:28,411 - INFO - MSP TNR [0.6344000000000001]
2022-09-23 20:56:28,411 - INFO - MSP AUOUT [0.9660837300487943]
2022-09-23 20:56:28,411 - INFO - ODIN AUROC [0.9565550857142857]
2022-09-23 20:56:28,411 - INFO - ODIN TNR [0.7228]
2022-09-23 20:56:28,411 - INFO - ODIN AUOUT [0.9800388546334416]
2022-09-23 20:56:28,411 - INFO - OOD Dataset: Places
2022-09-23 20:56:28,411 - INFO - MSP AUROC [0.8998150857142857]
2022-09-23 20:56:28,411 - INFO - MSP TNR [0.5941000000000001]
2022-09-23 20:56:28,411 - INFO - MSP AUOUT [0.9587153918495823]
2022-09-23 20:56:28,411 - INFO - ODIN AUROC [0.9398419142857144]
2022-09-23 20:56:28,411 - INFO - ODIN TNR [0.6718]
2022-09-23 20:56:28,411 - INFO - ODIN AUOUT [0.9739968597790443]
2022-09-23 20:56:28,411 - INFO - OOD Dataset: Textures
2022-09-23 20:56:28,411 - INFO - MSP AUROC [0.8802826747720365]
2022-09-23 20:56:28,411 - INFO - MSP TNR [0.5852836879432624]
2022-09-23 20:56:28,411 - INFO - MSP AUOUT [0.9253658760131546]
2022-09-23 20:56:28,411 - INFO - ODIN AUROC [0.9336183890577509]
2022-09-23 20:56:28,411 - INFO - ODIN TNR [0.6469858156028369]
2022-09-23 20:56:28,411 - INFO - ODIN AUOUT [0.9545207966128713]
2022-09-23 20:56:28,412 - INFO - OOD Dataset: balanced100-coarseood
2022-09-23 20:56:28,412 - INFO - MSP AUROC [0.9271699047619048]
2022-09-23 20:56:28,412 - INFO - MSP TNR [0.604]
2022-09-23 20:56:28,412 - INFO - MSP AUOUT [0.7109906853210687]
2022-09-23 20:56:28,412 - INFO - ODIN AUROC [0.9642579047619048]
2022-09-23 20:56:28,412 - INFO - ODIN TNR [0.7466666666666666]
2022-09-23 20:56:28,412 - INFO - ODIN AUOUT [0.8100696782166327]
2022-09-23 20:56:28,412 - INFO - OOD Dataset: balanced100-mediumood
2022-09-23 20:56:28,412 - INFO - MSP AUROC [0.5762811428571429]
2022-09-23 20:56:28,412 - INFO - MSP TNR [0.10399999999999998]
2022-09-23 20:56:28,412 - INFO - MSP AUOUT [0.0845913857361325]
2022-09-23 20:56:28,412 - INFO - ODIN AUROC [0.5791702857142857]
2022-09-23 20:56:28,412 - INFO - ODIN TNR [0.05600000000000005]
2022-09-23 20:56:28,412 - INFO - ODIN AUOUT [0.0824158366349246]
2022-09-23 20:56:28,412 - INFO - OOD Dataset: balanced100-fineood
2022-09-23 20:56:28,412 - INFO - MSP AUROC [0.6076085714285714]
2022-09-23 20:56:28,412 - INFO - MSP TNR [0.17600000000000005]
2022-09-23 20:56:28,412 - INFO - MSP AUOUT [0.21639163722948646]
2022-09-23 20:56:28,412 - INFO - ODIN AUROC [0.6942822857142856]
2022-09-23 20:56:28,412 - INFO - ODIN TNR [0.17800000000000005]
2022-09-23 20:56:28,412 - INFO - ODIN AUOUT [0.25362955235168977]
2022-09-23 20:56:28,412 - INFO - OOD Dataset: balanced100-finemediumood
2022-09-23 20:56:28,412 - INFO - MSP AUROC [0.5971660952380952]
2022-09-23 20:56:28,412 - INFO - MSP TNR [0.15200000000000002]
2022-09-23 20:56:28,412 - INFO - MSP AUOUT [0.26265446356954636]
2022-09-23 20:56:28,412 - INFO - ODIN AUROC [0.6559116190476191]
2022-09-23 20:56:28,412 - INFO - ODIN TNR [0.1373333333333333]
2022-09-23 20:56:28,412 - INFO - ODIN AUOUT [0.2896430107288306]
