2021-11-16 22:25:30,958 - INFO - ==> Preparing data..
2021-11-16 22:25:31,407 - INFO - # ID Test: 4150
2021-11-16 22:25:31,407 - INFO - # OOD Test: 850
2021-11-16 22:25:52,852 - INFO - Accuracy Results
2021-11-16 22:25:52,854 - INFO - Mean Synset Accuracy: tensor([0.9219, 0.7520, 0.8800, 0.8040, 0.9240, 0.8240, 0.9480, 0.7920, 0.7640,
        0.9360, 0.7080, 0.8750, 0.8000, 0.7520, 0.8480, 0.6960, 0.8960, 0.9600])
2021-11-16 22:25:52,854 - INFO - Top-1 Accuracy: 0.7807229161262512
2021-11-16 22:25:52,855 - INFO - Pred Accuracy: 0.7826505899429321
2021-11-16 22:25:52,855 - INFO - Synset Accuracies:
2021-11-16 22:25:52,855 - INFO - tensor([0.9219, 0.7520, 0.8800, 0.8040, 0.9240, 0.8240, 0.9480, 0.7920, 0.7640,
        0.9360, 0.7080, 0.8750, 0.8000, 0.7520, 0.8480, 0.6960, 0.8960, 0.9600])
2021-11-16 22:25:52,855 - INFO - Error Depth:
2021-11-16 22:25:52,855 - INFO - 	Num. Errors at Depth 0 = 208.0
2021-11-16 22:25:52,855 - INFO - 	Num. Errors at Depth 1 = 702.0
2021-11-16 22:25:52,855 - INFO - 	Num. Errors at Depth -1 = 3240.0
2021-11-16 22:25:52,855 - INFO - OOD Results
2021-11-16 22:26:15,252 - INFO - Computing OOD Statistics...
2021-11-16 22:26:15,336 - INFO - MSP AUROC Synset Performance
2021-11-16 22:26:15,336 - INFO - [0.9263922891566265, 0.867595294117647, 0.9333788235294118, 0.8613694117647059, 0.9516000000000001, 0.8336376470588235, 0.9611952941176469, 0.8357411764705883, 0.8057270588235294, 0.9598823529411764, 0.8598494117647059, 0.9133764705882355, 0.8874070588235294, 0.8596847058823528, 0.9147152941176471, 0.8123952941176471, 0.9028094117647059, 0.9495058823529412, 0.8704986534372786, 0.903816300496102, 0.8979053153791637, 0.9183101346562721]
2021-11-16 22:26:15,336 - INFO - MSP TNR Synset Performance
2021-11-16 22:26:15,336 - INFO - [0.4866666666666667, 0.38470588235294123, 0.5317647058823529, 0.2482352941176471, 0.5270588235294118, 0.23882352941176466, 0.7588235294117647, 0.24352941176470588, 0.3141176470588235, 0.6764705882352942, 0.3329411764705882, 0.548235294117647, 0.39294117647058824, 0.35411764705882354, 0.43999999999999995, 0.23529411764705888, 0.28470588235294114, 0.5552941176470588, 0.04117647058823526, 0.5094117647058823, 0.48588235294117643, 0.5741176470588235]
2021-11-16 22:26:15,336 - INFO - MSP AUOUT Synset Performance
2021-11-16 22:26:15,336 - INFO - [0.6422549415259953, 0.9446548960353774, 0.9724599507828435, 0.936365854062783, 0.9781868458995169, 0.9273311296745917, 0.985604386041632, 0.9273829376576259, 0.9264558644193068, 0.983308171407619, 0.9405695239972958, 0.9719235262882193, 0.9536708561803824, 0.9411198538978949, 0.9647810214843917, 0.9216799891238133, 0.9475343011012418, 0.9821731145745151, 0.4108178974921278, 0.6477961504551268, 0.6467487442177747, 0.694798679972303]
2021-11-16 22:26:15,337 - INFO - ODIN AUROC Synset Performance
2021-11-16 22:26:15,337 - INFO - [0.9433371887550199, 0.9067011764705883, 0.9615717647058825, 0.8916329411764707, 0.9580564705882354, 0.9088188235294119, 0.975924705882353, 0.8979764705882354, 0.9419482352941178, 0.9810305882352942, 0.931844705882353, 0.9570411764705882, 0.9234258823529411, 0.9298682352941177, 0.9413458823529411, 0.905355294117647, 0.9202870588235295, 0.9609529411764707, 0.08967313961729269, 0.8586982282069455, 0.3841270021261517, 0.790182565556343]
2021-11-16 22:26:15,337 - INFO - ODIN TNR Synset Performance
2021-11-16 22:26:15,337 - INFO - [0.6253333333333333, 0.44705882352941173, 0.7811764705882354, 0.26235294117647057, 0.6447058823529412, 0.4035294117647059, 0.8235294117647058, 0.2905882352941176, 0.6564705882352941, 0.9211764705882353, 0.5058823529411764, 0.7847058823529411, 0.4305882352941176, 0.4929411764705882, 0.5976470588235294, 0.38941176470588235, 0.4258823529411765, 0.7141176470588235, 0.0, 0.31647058823529417, 0.0, 0.42352941176470593]
2021-11-16 22:26:15,337 - INFO - ODIN AUOUT Synset Performance
2021-11-16 22:26:15,337 - INFO - [0.6841701451532415, 0.960090756133446, 0.984582055863307, 0.9498155634086137, 0.9792482830974854, 0.9608454484493034, 0.9903489729904088, 0.9518648838717199, 0.9774368816186267, 0.9907834610862287, 0.9668688261786772, 0.9858063748649812, 0.9673291127807041, 0.9689440581602792, 0.9767668549442516, 0.9563735481278991, 0.9552536763897517, 0.9862543452105498, 0.09780525412061243, 0.4991641886871132, 0.127310884278574, 0.5265308754111047]
2021-11-16 22:26:15,337 - INFO - MSP Metrics using max activations accumulated across all appropriate synsets:
	AUROC 0.8704986534372786
	TNR 0.04117647058823526
	AUOUT 0.4108178974921278
2021-11-16 22:26:15,337 - INFO - ODIN Metrics using max activations accumulated across all appropriate synsets:
	AUROC 0.08967313961729269
	TNR 0.0
	AUOUT 0.09780525412061243
2021-11-16 22:26:15,337 - INFO - MSP Metrics using max entropy along path:
	AUROC 0.903816300496102
	TNR 0.5094117647058823
	AUOUT 0.6477961504551268
2021-11-16 22:26:15,337 - INFO - ODIN Metrics using max entropy along path:
	AUROC 0.8586982282069455
	TNR 0.31647058823529417
	AUOUT 0.4991641886871132
2021-11-16 22:26:15,337 - INFO - MSP Metrics using predicted activations:
	AUROC 0.8979053153791637
	TNR 0.48588235294117643
	AUOUT 0.6467487442177747
2021-11-16 22:26:15,337 - INFO - ODIN Metrics using predicted activations:
	AUROC 0.3841270021261517
	TNR 0.0
	AUOUT 0.127310884278574
2021-11-16 22:26:15,337 - INFO - MSP Metrics using mean entropy along path:
	AUROC 0.9183101346562721
	TNR 0.5741176470588235
	AUOUT 0.694798679972303
2021-11-16 22:26:15,337 - INFO - ODIN Metrics using mean entropy along path:
	AUROC 0.790182565556343
	TNR 0.42352941176470593
	AUOUT 0.5265308754111047
2021-11-16 22:26:15,337 - INFO - MSP Metrics using min entropy along path:
	AUROC 0.909977888022679
	TNR 0.5411764705882354
	AUOUT 0.6666137530417627
2021-11-16 22:26:15,337 - INFO - ODIN Metrics using min entropy along path:
	AUROC 0.772886463501063
	TNR 0.37058823529411766
	AUOUT 0.4805976189171403
2021-11-16 22:26:15,338 - INFO - OOD Path entropy min idx (msp): [0. 1.], [3373 1627]
2021-11-16 22:26:15,338 - INFO - OOD Path entropy min idx (odin): [1.], [5000]
2021-11-16 22:26:15,339 - INFO - Synset Accuracy: tensor([0.8300,    nan,    nan,    nan,    nan,    nan,    nan,    nan,    nan,
           nan,    nan,    nan,    nan,    nan,    nan,    nan,    nan,    nan])
2021-11-16 22:26:15,339 - INFO - Top1 Accuracy: 0.9800000190734863
2021-11-16 22:26:30,027 - INFO - Computing OOD Statistics...
2021-11-16 22:26:30,040 - INFO - MSP AUROC [0.8887645641389086]
2021-11-16 22:26:30,040 - INFO - MSP TNR [0.5]
2021-11-16 22:26:30,040 - INFO - MSP AUOUT [0.6322782367371135]
2021-11-16 22:26:30,040 - INFO - ODIN AUROC [0.9141261516654855]
2021-11-16 22:26:30,040 - INFO - ODIN TNR [0.571764705882353]
2021-11-16 22:26:30,040 - INFO - ODIN AUOUT [0.6790834452285234]
