2022-10-13 14:38:16,148 - INFO - ==> Preparing data..
2022-10-13 14:38:16,509 - INFO - # ID Test: 3500
2022-10-13 14:38:16,510 - INFO - # OOD: 1500
2022-10-13 14:38:16,539 - INFO - # iNaturalist: 10000
2022-10-13 14:38:16,566 - INFO - # SUN: 10000
2022-10-13 14:38:16,592 - INFO - # Places: 10000
2022-10-13 14:38:16,629 - INFO - # Textures: 5640
2022-10-13 14:38:16,638 - INFO - # balanced100-coarseood: 750
2022-10-13 14:38:16,642 - INFO - # balanced100-mediumood: 250
2022-10-13 14:38:16,648 - INFO - # balanced100-fineood: 500
2022-10-13 14:38:16,658 - INFO - # balanced100-finemediumood: 750
2022-10-13 14:38:49,501 - INFO - Accuracy Results
2022-10-13 14:38:49,502 - INFO - Mean Synset Accuracy: 0.8979769349098206
2022-10-13 14:38:49,502 - INFO - Top-1 Accuracy: 0.8134285807609558
2022-10-13 14:38:49,502 - INFO - Pred Accuracy: 0.8162857294082642
2022-10-13 14:38:49,502 - INFO - Synset Accuracies:
2022-10-13 14:38:49,503 - INFO - [0.99457145 0.9692308  0.9845614  0.78       0.91333336 0.856
 0.944      0.977      0.96375    0.996      0.856      0.944
 0.796      0.764      0.9816667  1.         0.716      0.95
 0.832      0.768      0.852      0.74       0.97333336 1.        ]
2022-10-13 14:38:49,503 - INFO - Error Depth:
2022-10-13 14:38:49,503 - INFO - 	Num. Errors at Depth 0 = 4.0
2022-10-13 14:38:49,503 - INFO - 	Num. Errors at Depth 1 = 29.0
2022-10-13 14:38:49,503 - INFO - 	Num. Errors at Depth 2 = 168.0
2022-10-13 14:38:49,503 - INFO - 	Num. Errors at Depth 3 = 284.0
2022-10-13 14:38:49,503 - INFO - 	Num. Errors at Depth 4 = 97.0
2022-10-13 14:38:49,503 - INFO - 	Num. Errors at Depth 5 = 71.0
2022-10-13 14:38:49,503 - INFO - 	Num. Errors at Depth -1 = 2847.0
2022-10-13 14:38:49,503 - INFO - OOD Results
2022-10-13 14:39:03,968 - INFO - Computing OOD Statistics...
2022-10-13 14:39:26,944 - INFO - Computing OOD Statistics...
2022-10-13 14:39:53,263 - INFO - Computing OOD Statistics...
2022-10-13 14:40:14,524 - INFO - Computing OOD Statistics...
2022-10-13 14:40:27,314 - INFO - Computing OOD Statistics...
2022-10-13 14:40:31,181 - INFO - Computing OOD Statistics...
2022-10-13 14:40:34,485 - INFO - Computing OOD Statistics...
2022-10-13 14:40:38,136 - INFO - Computing OOD Statistics...
2022-10-13 14:40:42,205 - INFO - Computing OOD Statistics...
2022-10-13 14:40:42,260 - INFO - OOD Dataset: OOD
2022-10-13 14:40:42,260 - INFO - MSP AUROC Synset Performance
2022-10-13 14:40:42,260 - INFO - [-1, -1, -1, -1, -1, -1, -1, -1, -1, -1, -1, -1, -1, -1, -1, -1, -1, -1, -1, -1, -1, -1, -1, -1, -0.0, 0.8078826666666667, 0.8329299047619049, 0.8409971428571429]
2022-10-13 14:40:42,260 - INFO - MSP TNR Synset Performance
2022-10-13 14:40:42,260 - INFO - [-1, -1, -1, -1, -1, -1, -1, -1, -1, -1, -1, -1, -1, -1, -1, -1, -1, -1, -1, -1, -1, -1, -1, -1, 0.0, 0.29000000000000004, 0.43533333333333335, 0.5126666666666666]
2022-10-13 14:40:42,260 - INFO - MSP AUOUT Synset Performance
2022-10-13 14:40:42,260 - INFO - [-1, -1, -1, -1, -1, -1, -1, -1, -1, -1, -1, -1, -1, -1, -1, -1, -1, -1, -1, -1, -1, -1, -1, -1, 0.16775845604771977, 0.617037926531901, 0.7144286148791701, 0.7514617019817085]
2022-10-13 14:40:42,260 - INFO - ODIN AUROC Synset Performance
2022-10-13 14:40:42,260 - INFO - [-1, -1, -1, -1, -1, -1, -1, -1, -1, -1, -1, -1, -1, -1, -1, -1, -1, -1, -1, -1, -1, -1, -1, -1, -0.0, 0.6481539047619047, 0.27580190476190475, 0.4791733333333333]
2022-10-13 14:40:42,261 - INFO - ODIN TNR Synset Performance
2022-10-13 14:40:42,261 - INFO - [-1, -1, -1, -1, -1, -1, -1, -1, -1, -1, -1, -1, -1, -1, -1, -1, -1, -1, -1, -1, -1, -1, -1, -1, 0.0, 0.21199999999999997, 0.004666666666666708, 0.06866666666666665]
2022-10-13 14:40:42,261 - INFO - ODIN AUOUT Synset Performance
2022-10-13 14:40:42,261 - INFO - [-1, -1, -1, -1, -1, -1, -1, -1, -1, -1, -1, -1, -1, -1, -1, -1, -1, -1, -1, -1, -1, -1, -1, -1, 0.16775845604771977, 0.4809716419771658, 0.20355705225041637, 0.30533901225457083]
2022-10-13 14:40:42,261 - INFO - MSP Metrics using max activations accumulated across all appropriate synsets:
	AUROC -0.0
	TNR 0.0
	AUOUT 0.16775845604771977
2022-10-13 14:40:42,261 - INFO - ODIN Metrics using max activations accumulated across all appropriate synsets:
	AUROC -0.0
	TNR 0.0
	AUOUT 0.16775845604771977
2022-10-13 14:40:42,261 - INFO - MSP Metrics using max entropy along path:
	AUROC 0.8078826666666667
	TNR 0.29000000000000004
	AUOUT 0.617037926531901
2022-10-13 14:40:42,261 - INFO - ODIN Metrics using max entropy along path:
	AUROC 0.6481539047619047
	TNR 0.21199999999999997
	AUOUT 0.4809716419771658
2022-10-13 14:40:42,261 - INFO - MSP Metrics using predicted activations:
	AUROC 0.8329299047619049
	TNR 0.43533333333333335
	AUOUT 0.7144286148791701
2022-10-13 14:40:42,261 - INFO - ODIN Metrics using predicted activations:
	AUROC 0.27580190476190475
	TNR 0.004666666666666708
	AUOUT 0.20355705225041637
2022-10-13 14:40:42,261 - INFO - MSP Metrics using mean entropy along path:
	AUROC 0.8409971428571429
	TNR 0.5126666666666666
	AUOUT 0.7514617019817085
2022-10-13 14:40:42,261 - INFO - ODIN Metrics using mean entropy along path:
	AUROC 0.4791733333333333
	TNR 0.06866666666666665
	AUOUT 0.30533901225457083
2022-10-13 14:40:42,261 - INFO - MSP Metrics using min entropy along path:
	AUROC 0.7544851428571429
	TNR 0.528
	AUOUT 0.7261519224369238
2022-10-13 14:40:42,261 - INFO - ODIN Metrics using min entropy along path:
	AUROC 0.7518299047619048
	TNR 0.528
	AUOUT 0.6877655595374348
2022-10-13 14:40:42,261 - INFO - OOD Path entropy min idx (msp): [0. 1. 2. 3. 4.], [658 350 202  49 241]
2022-10-13 14:40:42,262 - INFO - OOD Path entropy min idx (odin): [0. 3. 4.], [1210   24  266]
2022-10-13 14:40:42,262 - INFO - OOD Dataset: iNaturalist
2022-10-13 14:40:42,262 - INFO - MSP AUROC Synset Performance
2022-10-13 14:40:42,262 - INFO - [-1, -1, -1, -1, -1, -1, -1, -1, -1, -1, -1, -1, -1, -1, -1, -1, -1, -1, -1, -1, -1, -1, -1, -1, -0.0, 0.9183253714285714, 0.9339928, 0.9424514285714285]
2022-10-13 14:40:42,262 - INFO - MSP TNR Synset Performance
2022-10-13 14:40:42,262 - INFO - [-1, -1, -1, -1, -1, -1, -1, -1, -1, -1, -1, -1, -1, -1, -1, -1, -1, -1, -1, -1, -1, -1, -1, -1, 0.0, 0.5347, 0.6462, 0.6826]
2022-10-13 14:40:42,262 - INFO - MSP AUOUT Synset Performance
2022-10-13 14:40:42,262 - INFO - [-1, -1, -1, -1, -1, -1, -1, -1, -1, -1, -1, -1, -1, -1, -1, -1, -1, -1, -1, -1, -1, -1, -1, -1, 0.5275256468469287, 0.961172735522154, 0.9723163577764786, 0.9744676074406068]
2022-10-13 14:40:42,262 - INFO - ODIN AUROC Synset Performance
2022-10-13 14:40:42,262 - INFO - [-1, -1, -1, -1, -1, -1, -1, -1, -1, -1, -1, -1, -1, -1, -1, -1, -1, -1, -1, -1, -1, -1, -1, -1, -0.0, 0.6984994857142857, 0.3852192, 0.5443515428571429]
2022-10-13 14:40:42,262 - INFO - ODIN TNR Synset Performance
2022-10-13 14:40:42,262 - INFO - [-1, -1, -1, -1, -1, -1, -1, -1, -1, -1, -1, -1, -1, -1, -1, -1, -1, -1, -1, -1, -1, -1, -1, -1, 0.0, 0.39049999999999996, 0.0029000000000000137, 0.16180000000000005]
2022-10-13 14:40:42,262 - INFO - ODIN AUOUT Synset Performance
2022-10-13 14:40:42,262 - INFO - [-1, -1, -1, -1, -1, -1, -1, -1, -1, -1, -1, -1, -1, -1, -1, -1, -1, -1, -1, -1, -1, -1, -1, -1, 0.5275256468469287, 0.8738275967737961, 0.6404047366821061, 0.7933873806005276]
2022-10-13 14:40:42,262 - INFO - MSP Metrics using max activations accumulated across all appropriate synsets:
	AUROC -0.0
	TNR 0.0
	AUOUT 0.5275256468469287
2022-10-13 14:40:42,262 - INFO - ODIN Metrics using max activations accumulated across all appropriate synsets:
	AUROC -0.0
	TNR 0.0
	AUOUT 0.5275256468469287
2022-10-13 14:40:42,262 - INFO - MSP Metrics using max entropy along path:
	AUROC 0.9183253714285714
	TNR 0.5347
	AUOUT 0.961172735522154
2022-10-13 14:40:42,262 - INFO - ODIN Metrics using max entropy along path:
	AUROC 0.6984994857142857
	TNR 0.39049999999999996
	AUOUT 0.8738275967737961
2022-10-13 14:40:42,262 - INFO - MSP Metrics using predicted activations:
	AUROC 0.9339928
	TNR 0.6462
	AUOUT 0.9723163577764786
2022-10-13 14:40:42,262 - INFO - ODIN Metrics using predicted activations:
	AUROC 0.3852192
	TNR 0.0029000000000000137
	AUOUT 0.6404047366821061
2022-10-13 14:40:42,262 - INFO - MSP Metrics using mean entropy along path:
	AUROC 0.9424514285714285
	TNR 0.6826
	AUOUT 0.9744676074406068
2022-10-13 14:40:42,262 - INFO - ODIN Metrics using mean entropy along path:
	AUROC 0.5443515428571429
	TNR 0.16180000000000005
	AUOUT 0.7933873806005276
2022-10-13 14:40:42,262 - INFO - MSP Metrics using min entropy along path:
	AUROC 0.8813602571428572
	TNR 0.3923
	AUOUT 0.9416990206898601
2022-10-13 14:40:42,262 - INFO - ODIN Metrics using min entropy along path:
	AUROC 0.8482342285714286
	TNR 0.2694
	AUOUT 0.914941637308323
2022-10-13 14:40:42,263 - INFO - OOD Path entropy min idx (msp): [0. 1. 2. 3. 4.], [8581  403  375  501  140]
2022-10-13 14:40:42,263 - INFO - OOD Path entropy min idx (odin): [0. 3. 4.], [9494  387  119]
2022-10-13 14:40:42,263 - INFO - OOD Dataset: SUN
2022-10-13 14:40:42,263 - INFO - MSP AUROC Synset Performance
2022-10-13 14:40:42,263 - INFO - [-1, -1, -1, -1, -1, -1, -1, -1, -1, -1, -1, -1, -1, -1, -1, -1, -1, -1, -1, -1, -1, -1, -1, -1, -0.0, 0.9048814571428572, 0.9479199428571429, 0.9569204571428571]
2022-10-13 14:40:42,263 - INFO - MSP TNR Synset Performance
2022-10-13 14:40:42,263 - INFO - [-1, -1, -1, -1, -1, -1, -1, -1, -1, -1, -1, -1, -1, -1, -1, -1, -1, -1, -1, -1, -1, -1, -1, -1, 0.0, 0.4054, 0.6992, 0.7559]
2022-10-13 14:40:42,263 - INFO - MSP AUOUT Synset Performance
2022-10-13 14:40:42,263 - INFO - [-1, -1, -1, -1, -1, -1, -1, -1, -1, -1, -1, -1, -1, -1, -1, -1, -1, -1, -1, -1, -1, -1, -1, -1, 0.5275256468469287, 0.9492836291857252, 0.977857802655384, 0.9803486286159795]
2022-10-13 14:40:42,263 - INFO - ODIN AUROC Synset Performance
2022-10-13 14:40:42,263 - INFO - [-1, -1, -1, -1, -1, -1, -1, -1, -1, -1, -1, -1, -1, -1, -1, -1, -1, -1, -1, -1, -1, -1, -1, -1, -0.0, 0.8213427142857141, 0.23954222857142854, 0.6324722571428572]
2022-10-13 14:40:42,263 - INFO - ODIN TNR Synset Performance
2022-10-13 14:40:42,263 - INFO - [-1, -1, -1, -1, -1, -1, -1, -1, -1, -1, -1, -1, -1, -1, -1, -1, -1, -1, -1, -1, -1, -1, -1, -1, 0.0, 0.6759, 9.999999999998899e-05, 0.2379]
2022-10-13 14:40:42,263 - INFO - ODIN AUOUT Synset Performance
2022-10-13 14:40:42,263 - INFO - [-1, -1, -1, -1, -1, -1, -1, -1, -1, -1, -1, -1, -1, -1, -1, -1, -1, -1, -1, -1, -1, -1, -1, -1, 0.5275256468469287, 0.9389888690016589, 0.5857057436099519, 0.8422075744462247]
2022-10-13 14:40:42,264 - INFO - MSP Metrics using max activations accumulated across all appropriate synsets:
	AUROC -0.0
	TNR 0.0
	AUOUT 0.5275256468469287
2022-10-13 14:40:42,264 - INFO - ODIN Metrics using max activations accumulated across all appropriate synsets:
	AUROC -0.0
	TNR 0.0
	AUOUT 0.5275256468469287
2022-10-13 14:40:42,264 - INFO - MSP Metrics using max entropy along path:
	AUROC 0.9048814571428572
	TNR 0.4054
	AUOUT 0.9492836291857252
2022-10-13 14:40:42,264 - INFO - ODIN Metrics using max entropy along path:
	AUROC 0.8213427142857141
	TNR 0.6759
	AUOUT 0.9389888690016589
2022-10-13 14:40:42,264 - INFO - MSP Metrics using predicted activations:
	AUROC 0.9479199428571429
	TNR 0.6992
	AUOUT 0.977857802655384
2022-10-13 14:40:42,264 - INFO - ODIN Metrics using predicted activations:
	AUROC 0.23954222857142854
	TNR 9.999999999998899e-05
	AUOUT 0.5857057436099519
2022-10-13 14:40:42,264 - INFO - MSP Metrics using mean entropy along path:
	AUROC 0.9569204571428571
	TNR 0.7559
	AUOUT 0.9803486286159795
2022-10-13 14:40:42,264 - INFO - ODIN Metrics using mean entropy along path:
	AUROC 0.6324722571428572
	TNR 0.2379
	AUOUT 0.8422075744462247
2022-10-13 14:40:42,264 - INFO - MSP Metrics using min entropy along path:
	AUROC 0.9292116000000001
	TNR 0.7873
	AUOUT 0.9745721898466352
2022-10-13 14:40:42,264 - INFO - ODIN Metrics using min entropy along path:
	AUROC 0.9185610000000001
	TNR 0.7187
	AUOUT 0.9630847160379831
2022-10-13 14:40:42,264 - INFO - OOD Path entropy min idx (msp): [0. 1. 2. 3. 4.], [5106 2638 1176  465  615]
2022-10-13 14:40:42,265 - INFO - OOD Path entropy min idx (odin): [0. 3. 4.], [9011  148  841]
2022-10-13 14:40:42,265 - INFO - OOD Dataset: Places
2022-10-13 14:40:42,265 - INFO - MSP AUROC Synset Performance
2022-10-13 14:40:42,265 - INFO - [-1, -1, -1, -1, -1, -1, -1, -1, -1, -1, -1, -1, -1, -1, -1, -1, -1, -1, -1, -1, -1, -1, -1, -1, -0.0, 0.8916502571428572, 0.9328055142857142, 0.9427714285714285]
2022-10-13 14:40:42,265 - INFO - MSP TNR Synset Performance
2022-10-13 14:40:42,265 - INFO - [-1, -1, -1, -1, -1, -1, -1, -1, -1, -1, -1, -1, -1, -1, -1, -1, -1, -1, -1, -1, -1, -1, -1, -1, 0.0, 0.37529999999999997, 0.6484, 0.7021999999999999]
2022-10-13 14:40:42,265 - INFO - MSP AUOUT Synset Performance
2022-10-13 14:40:42,265 - INFO - [-1, -1, -1, -1, -1, -1, -1, -1, -1, -1, -1, -1, -1, -1, -1, -1, -1, -1, -1, -1, -1, -1, -1, -1, 0.5275256468469287, 0.9431602583662799, 0.9718507058781103, 0.9751151565239398]
2022-10-13 14:40:42,265 - INFO - ODIN AUROC Synset Performance
2022-10-13 14:40:42,265 - INFO - [-1, -1, -1, -1, -1, -1, -1, -1, -1, -1, -1, -1, -1, -1, -1, -1, -1, -1, -1, -1, -1, -1, -1, -1, -0.0, 0.7862797428571429, 0.23164654285714287, 0.6118195428571428]
2022-10-13 14:40:42,265 - INFO - ODIN TNR Synset Performance
2022-10-13 14:40:42,265 - INFO - [-1, -1, -1, -1, -1, -1, -1, -1, -1, -1, -1, -1, -1, -1, -1, -1, -1, -1, -1, -1, -1, -1, -1, -1, 0.0, 0.5994999999999999, 0.0006000000000000449, 0.2419]
2022-10-13 14:40:42,265 - INFO - ODIN AUOUT Synset Performance
2022-10-13 14:40:42,265 - INFO - [-1, -1, -1, -1, -1, -1, -1, -1, -1, -1, -1, -1, -1, -1, -1, -1, -1, -1, -1, -1, -1, -1, -1, -1, 0.5275256468469287, 0.9253825275656428, 0.5834564286280218, 0.8354499922008496]
2022-10-13 14:40:42,265 - INFO - MSP Metrics using max activations accumulated across all appropriate synsets:
	AUROC -0.0
	TNR 0.0
	AUOUT 0.5275256468469287
2022-10-13 14:40:42,265 - INFO - ODIN Metrics using max activations accumulated across all appropriate synsets:
	AUROC -0.0
	TNR 0.0
	AUOUT 0.5275256468469287
2022-10-13 14:40:42,265 - INFO - MSP Metrics using max entropy along path:
	AUROC 0.8916502571428572
	TNR 0.37529999999999997
	AUOUT 0.9431602583662799
2022-10-13 14:40:42,265 - INFO - ODIN Metrics using max entropy along path:
	AUROC 0.7862797428571429
	TNR 0.5994999999999999
	AUOUT 0.9253825275656428
2022-10-13 14:40:42,265 - INFO - MSP Metrics using predicted activations:
	AUROC 0.9328055142857142
	TNR 0.6484
	AUOUT 0.9718507058781103
2022-10-13 14:40:42,265 - INFO - ODIN Metrics using predicted activations:
	AUROC 0.23164654285714287
	TNR 0.0006000000000000449
	AUOUT 0.5834564286280218
2022-10-13 14:40:42,265 - INFO - MSP Metrics using mean entropy along path:
	AUROC 0.9427714285714285
	TNR 0.7021999999999999
	AUOUT 0.9751151565239398
2022-10-13 14:40:42,265 - INFO - ODIN Metrics using mean entropy along path:
	AUROC 0.6118195428571428
	TNR 0.2419
	AUOUT 0.8354499922008496
2022-10-13 14:40:42,265 - INFO - MSP Metrics using min entropy along path:
	AUROC 0.9175661999999999
	TNR 0.7343999999999999
	AUOUT 0.9702877014588005
2022-10-13 14:40:42,265 - INFO - ODIN Metrics using min entropy along path:
	AUROC 0.9077631142857141
	TNR 0.6829000000000001
	AUOUT 0.959510386265861
2022-10-13 14:40:42,266 - INFO - OOD Path entropy min idx (msp): [0. 1. 2. 3. 4.], [5008 2630 1213  546  603]
2022-10-13 14:40:42,266 - INFO - OOD Path entropy min idx (odin): [0. 3. 4.], [8976  165  859]
2022-10-13 14:40:42,266 - INFO - OOD Dataset: Textures
2022-10-13 14:40:42,266 - INFO - MSP AUROC Synset Performance
2022-10-13 14:40:42,266 - INFO - [-1, -1, -1, -1, -1, -1, -1, -1, -1, -1, -1, -1, -1, -1, -1, -1, -1, -1, -1, -1, -1, -1, -1, -1, -0.0, 0.8741907801418438, 0.9063109929078014, 0.9259411854103343]
2022-10-13 14:40:42,266 - INFO - MSP TNR Synset Performance
2022-10-13 14:40:42,266 - INFO - [-1, -1, -1, -1, -1, -1, -1, -1, -1, -1, -1, -1, -1, -1, -1, -1, -1, -1, -1, -1, -1, -1, -1, -1, 0.0, 0.3891843971631206, 0.5712765957446808, 0.6586879432624113]
2022-10-13 14:40:42,266 - INFO - MSP AUOUT Synset Performance
2022-10-13 14:40:42,266 - INFO - [-1, -1, -1, -1, -1, -1, -1, -1, -1, -1, -1, -1, -1, -1, -1, -1, -1, -1, -1, -1, -1, -1, -1, -1, 0.4043189752277335, 0.8991224591307269, 0.9365853444205747, 0.9498202683110174]
2022-10-13 14:40:42,266 - INFO - ODIN AUROC Synset Performance
2022-10-13 14:40:42,266 - INFO - [-1, -1, -1, -1, -1, -1, -1, -1, -1, -1, -1, -1, -1, -1, -1, -1, -1, -1, -1, -1, -1, -1, -1, -1, -0.0, 0.6705507598784194, 0.23351220871327255, 0.6247631205673758]
2022-10-13 14:40:42,266 - INFO - ODIN TNR Synset Performance
2022-10-13 14:40:42,266 - INFO - [-1, -1, -1, -1, -1, -1, -1, -1, -1, -1, -1, -1, -1, -1, -1, -1, -1, -1, -1, -1, -1, -1, -1, -1, 0.0, 0.3916666666666667, 0.0, 0.20443262411347518]
2022-10-13 14:40:42,266 - INFO - ODIN AUOUT Synset Performance
2022-10-13 14:40:42,267 - INFO - [-1, -1, -1, -1, -1, -1, -1, -1, -1, -1, -1, -1, -1, -1, -1, -1, -1, -1, -1, -1, -1, -1, -1, -1, 0.4043189752277335, 0.7996798856086251, 0.4569052073184612, 0.7374662631637364]
2022-10-13 14:40:42,267 - INFO - MSP Metrics using max activations accumulated across all appropriate synsets:
	AUROC -0.0
	TNR 0.0
	AUOUT 0.4043189752277335
2022-10-13 14:40:42,267 - INFO - ODIN Metrics using max activations accumulated across all appropriate synsets:
	AUROC -0.0
	TNR 0.0
	AUOUT 0.4043189752277335
2022-10-13 14:40:42,267 - INFO - MSP Metrics using max entropy along path:
	AUROC 0.8741907801418438
	TNR 0.3891843971631206
	AUOUT 0.8991224591307269
2022-10-13 14:40:42,267 - INFO - ODIN Metrics using max entropy along path:
	AUROC 0.6705507598784194
	TNR 0.3916666666666667
	AUOUT 0.7996798856086251
2022-10-13 14:40:42,267 - INFO - MSP Metrics using predicted activations:
	AUROC 0.9063109929078014
	TNR 0.5712765957446808
	AUOUT 0.9365853444205747
2022-10-13 14:40:42,267 - INFO - ODIN Metrics using predicted activations:
	AUROC 0.23351220871327255
	TNR 0.0
	AUOUT 0.4569052073184612
2022-10-13 14:40:42,267 - INFO - MSP Metrics using mean entropy along path:
	AUROC 0.9259411854103343
	TNR 0.6586879432624113
	AUOUT 0.9498202683110174
2022-10-13 14:40:42,267 - INFO - ODIN Metrics using mean entropy along path:
	AUROC 0.6247631205673758
	TNR 0.20443262411347518
	AUOUT 0.7374662631637364
2022-10-13 14:40:42,267 - INFO - MSP Metrics using min entropy along path:
	AUROC 0.9115736575481256
	TNR 0.7040780141843972
	AUOUT 0.9484923251650761
2022-10-13 14:40:42,267 - INFO - ODIN Metrics using min entropy along path:
	AUROC 0.9088530901722391
	TNR 0.702659574468085
	AUOUT 0.9367150583830942
2022-10-13 14:40:42,267 - INFO - OOD Path entropy min idx (msp): [0. 1. 2. 3. 4.], [2542 1081 1015  702  300]
2022-10-13 14:40:42,267 - INFO - OOD Path entropy min idx (odin): [0. 3. 4.], [5084  266  290]
2022-10-13 14:40:42,267 - INFO - OOD Dataset: balanced100-coarseood
2022-10-13 14:40:42,267 - INFO - MSP AUROC Synset Performance
2022-10-13 14:40:42,268 - INFO - [-1, -1, -1, -1, -1, -1, -1, -1, -1, -1, -1, -1, -1, -1, -1, -1, -1, -1, -1, -1, -1, -1, -1, -1, -0.0, 0.9124647619047619, 0.9473344761904762, 0.9713912380952381]
2022-10-13 14:40:42,268 - INFO - MSP TNR Synset Performance
2022-10-13 14:40:42,268 - INFO - [-1, -1, -1, -1, -1, -1, -1, -1, -1, -1, -1, -1, -1, -1, -1, -1, -1, -1, -1, -1, -1, -1, -1, -1, 0.0, 0.43999999999999995, 0.6973333333333334, 0.864]
2022-10-13 14:40:42,268 - INFO - MSP AUOUT Synset Performance
2022-10-13 14:40:42,268 - INFO - [-1, -1, -1, -1, -1, -1, -1, -1, -1, -1, -1, -1, -1, -1, -1, -1, -1, -1, -1, -1, -1, -1, -1, -1, 0.09393858905968093, 0.6164505894371664, 0.7906485890537905, 0.8819523965422605]
2022-10-13 14:40:42,268 - INFO - ODIN AUROC Synset Performance
2022-10-13 14:40:42,268 - INFO - [-1, -1, -1, -1, -1, -1, -1, -1, -1, -1, -1, -1, -1, -1, -1, -1, -1, -1, -1, -1, -1, -1, -1, -1, -0.0, 0.5513577142857143, 0.17827580952380953, 0.5701474285714285]
2022-10-13 14:40:42,268 - INFO - ODIN TNR Synset Performance
2022-10-13 14:40:42,268 - INFO - [-1, -1, -1, -1, -1, -1, -1, -1, -1, -1, -1, -1, -1, -1, -1, -1, -1, -1, -1, -1, -1, -1, -1, -1, 0.0, 0.15600000000000003, 0.0, 0.046666666666666634]
2022-10-13 14:40:42,268 - INFO - ODIN AUOUT Synset Performance
2022-10-13 14:40:42,268 - INFO - [-1, -1, -1, -1, -1, -1, -1, -1, -1, -1, -1, -1, -1, -1, -1, -1, -1, -1, -1, -1, -1, -1, -1, -1, 0.09393858905968093, 0.2511138297661932, 0.10755392942148614, 0.21558513188002276]
2022-10-13 14:40:42,268 - INFO - MSP Metrics using max activations accumulated across all appropriate synsets:
	AUROC -0.0
	TNR 0.0
	AUOUT 0.09393858905968093
2022-10-13 14:40:42,268 - INFO - ODIN Metrics using max activations accumulated across all appropriate synsets:
	AUROC -0.0
	TNR 0.0
	AUOUT 0.09393858905968093
2022-10-13 14:40:42,268 - INFO - MSP Metrics using max entropy along path:
	AUROC 0.9124647619047619
	TNR 0.43999999999999995
	AUOUT 0.6164505894371664
2022-10-13 14:40:42,268 - INFO - ODIN Metrics using max entropy along path:
	AUROC 0.5513577142857143
	TNR 0.15600000000000003
	AUOUT 0.2511138297661932
2022-10-13 14:40:42,268 - INFO - MSP Metrics using predicted activations:
	AUROC 0.9473344761904762
	TNR 0.6973333333333334
	AUOUT 0.7906485890537905
2022-10-13 14:40:42,268 - INFO - ODIN Metrics using predicted activations:
	AUROC 0.17827580952380953
	TNR 0.0
	AUOUT 0.10755392942148614
2022-10-13 14:40:42,268 - INFO - MSP Metrics using mean entropy along path:
	AUROC 0.9713912380952381
	TNR 0.864
	AUOUT 0.8819523965422605
2022-10-13 14:40:42,268 - INFO - ODIN Metrics using mean entropy along path:
	AUROC 0.5701474285714285
	TNR 0.046666666666666634
	AUOUT 0.21558513188002276
2022-10-13 14:40:42,268 - INFO - MSP Metrics using min entropy along path:
	AUROC 0.9449695238095239
	TNR 0.912
	AUOUT 0.8990488716605821
2022-10-13 14:40:42,268 - INFO - ODIN Metrics using min entropy along path:
	AUROC 0.938128761904762
	TNR 0.8946666666666667
	AUOUT 0.8168630170118205
2022-10-13 14:40:42,268 - INFO - OOD Path entropy min idx (msp): [0. 1. 2. 3. 4.], [373 175 130  33  39]
2022-10-13 14:40:42,269 - INFO - OOD Path entropy min idx (odin): [0. 3. 4.], [685  14  51]
2022-10-13 14:40:42,269 - INFO - OOD Dataset: balanced100-mediumood
2022-10-13 14:40:42,269 - INFO - MSP AUROC Synset Performance
2022-10-13 14:40:42,269 - INFO - [-1, -1, -1, -1, -1, -1, -1, -1, -1, -1, -1, -1, -1, -1, -1, -1, -1, -1, -1, -1, -1, -1, -1, -1, -0.0, 0.6944045714285715, 0.6972948571428572, 0.6687942857142858]
2022-10-13 14:40:42,269 - INFO - MSP TNR Synset Performance
2022-10-13 14:40:42,269 - INFO - [-1, -1, -1, -1, -1, -1, -1, -1, -1, -1, -1, -1, -1, -1, -1, -1, -1, -1, -1, -1, -1, -1, -1, -1, 0.0, 0.14, 0.14400000000000002, 0.08799999999999997]
2022-10-13 14:40:42,269 - INFO - MSP AUOUT Synset Performance
2022-10-13 14:40:42,269 - INFO - [-1, -1, -1, -1, -1, -1, -1, -1, -1, -1, -1, -1, -1, -1, -1, -1, -1, -1, -1, -1, -1, -1, -1, -1, 0.03409978690754759, 0.12417981447715604, 0.12933076669654306, 0.10699737169247187]
2022-10-13 14:40:42,269 - INFO - ODIN AUROC Synset Performance
2022-10-13 14:40:42,269 - INFO - [-1, -1, -1, -1, -1, -1, -1, -1, -1, -1, -1, -1, -1, -1, -1, -1, -1, -1, -1, -1, -1, -1, -1, -1, -0.0, 0.8693588571428572, 0.4548102857142857, 0.4021908571428572]
2022-10-13 14:40:42,269 - INFO - ODIN TNR Synset Performance
2022-10-13 14:40:42,269 - INFO - [-1, -1, -1, -1, -1, -1, -1, -1, -1, -1, -1, -1, -1, -1, -1, -1, -1, -1, -1, -1, -1, -1, -1, -1, 0.0, 0.372, 0.01200000000000001, 0.09199999999999997]
2022-10-13 14:40:42,269 - INFO - ODIN AUOUT Synset Performance
2022-10-13 14:40:42,269 - INFO - [-1, -1, -1, -1, -1, -1, -1, -1, -1, -1, -1, -1, -1, -1, -1, -1, -1, -1, -1, -1, -1, -1, -1, -1, 0.03409978690754759, 0.288619175121703, 0.05495140877949606, 0.06139087295028073]
2022-10-13 14:40:42,269 - INFO - MSP Metrics using max activations accumulated across all appropriate synsets:
	AUROC -0.0
	TNR 0.0
	AUOUT 0.03409978690754759
2022-10-13 14:40:42,269 - INFO - ODIN Metrics using max activations accumulated across all appropriate synsets:
	AUROC -0.0
	TNR 0.0
	AUOUT 0.03409978690754759
2022-10-13 14:40:42,269 - INFO - MSP Metrics using max entropy along path:
	AUROC 0.6944045714285715
	TNR 0.14
	AUOUT 0.12417981447715604
2022-10-13 14:40:42,269 - INFO - ODIN Metrics using max entropy along path:
	AUROC 0.8693588571428572
	TNR 0.372
	AUOUT 0.288619175121703
2022-10-13 14:40:42,269 - INFO - MSP Metrics using predicted activations:
	AUROC 0.6972948571428572
	TNR 0.14400000000000002
	AUOUT 0.12933076669654306
2022-10-13 14:40:42,269 - INFO - ODIN Metrics using predicted activations:
	AUROC 0.4548102857142857
	TNR 0.01200000000000001
	AUOUT 0.05495140877949606
2022-10-13 14:40:42,269 - INFO - MSP Metrics using mean entropy along path:
	AUROC 0.6687942857142858
	TNR 0.08799999999999997
	AUOUT 0.10699737169247187
2022-10-13 14:40:42,269 - INFO - ODIN Metrics using mean entropy along path:
	AUROC 0.4021908571428572
	TNR 0.09199999999999997
	AUOUT 0.06139087295028073
2022-10-13 14:40:42,269 - INFO - MSP Metrics using min entropy along path:
	AUROC 0.24519999999999997
	TNR 0.016000000000000014
	AUOUT 0.045245815062038355
2022-10-13 14:40:42,269 - INFO - ODIN Metrics using min entropy along path:
	AUROC 0.24391199999999996
	TNR 0.008000000000000007
	AUOUT 0.04463908226807103
2022-10-13 14:40:42,269 - INFO - OOD Path entropy min idx (msp): [0. 1. 2. 3. 4.], [ 45  23  11   2 169]
2022-10-13 14:40:42,270 - INFO - OOD Path entropy min idx (odin): [0. 3. 4.], [ 80   1 169]
2022-10-13 14:40:42,270 - INFO - OOD Dataset: balanced100-fineood
2022-10-13 14:40:42,270 - INFO - MSP AUROC Synset Performance
2022-10-13 14:40:42,270 - INFO - [-1, -1, -1, -1, -1, -1, -1, -1, -1, -1, -1, -1, -1, -1, -1, -1, -1, -1, -1, -1, -1, -1, -1, -1, -0.0, 0.7077462857142858, 0.7291445714285714, 0.7315091428571427]
2022-10-13 14:40:42,270 - INFO - MSP TNR Synset Performance
2022-10-13 14:40:42,270 - INFO - [-1, -1, -1, -1, -1, -1, -1, -1, -1, -1, -1, -1, -1, -1, -1, -1, -1, -1, -1, -1, -1, -1, -1, -1, 0.0, 0.14, 0.18799999999999994, 0.19799999999999995]
2022-10-13 14:40:42,270 - INFO - MSP AUOUT Synset Performance
2022-10-13 14:40:42,270 - INFO - [-1, -1, -1, -1, -1, -1, -1, -1, -1, -1, -1, -1, -1, -1, -1, -1, -1, -1, -1, -1, -1, -1, -1, -1, 0.06528024046762752, 0.2202380192017547, 0.28326238634073564, 0.2916492092979662]
2022-10-13 14:40:42,270 - INFO - ODIN AUROC Synset Performance
2022-10-13 14:40:42,270 - INFO - [-1, -1, -1, -1, -1, -1, -1, -1, -1, -1, -1, -1, -1, -1, -1, -1, -1, -1, -1, -1, -1, -1, -1, -1, -0.0, 0.6828017142857143, 0.3325822857142857, 0.3811885714285714]
2022-10-13 14:40:42,270 - INFO - ODIN TNR Synset Performance
2022-10-13 14:40:42,270 - INFO - [-1, -1, -1, -1, -1, -1, -1, -1, -1, -1, -1, -1, -1, -1, -1, -1, -1, -1, -1, -1, -1, -1, -1, -1, 0.0, 0.21599999999999997, 0.008000000000000007, 0.08999999999999997]
2022-10-13 14:40:42,270 - INFO - ODIN AUOUT Synset Performance
2022-10-13 14:40:42,270 - INFO - [-1, -1, -1, -1, -1, -1, -1, -1, -1, -1, -1, -1, -1, -1, -1, -1, -1, -1, -1, -1, -1, -1, -1, -1, 0.06528024046762752, 0.30431841703782103, 0.08673309608926681, 0.12517376740829564]
2022-10-13 14:40:42,270 - INFO - MSP Metrics using max activations accumulated across all appropriate synsets:
	AUROC -0.0
	TNR 0.0
	AUOUT 0.06528024046762752
2022-10-13 14:40:42,270 - INFO - ODIN Metrics using max activations accumulated across all appropriate synsets:
	AUROC -0.0
	TNR 0.0
	AUOUT 0.06528024046762752
2022-10-13 14:40:42,270 - INFO - MSP Metrics using max entropy along path:
	AUROC 0.7077462857142858
	TNR 0.14
	AUOUT 0.2202380192017547
2022-10-13 14:40:42,270 - INFO - ODIN Metrics using max entropy along path:
	AUROC 0.6828017142857143
	TNR 0.21599999999999997
	AUOUT 0.30431841703782103
2022-10-13 14:40:42,270 - INFO - MSP Metrics using predicted activations:
	AUROC 0.7291445714285714
	TNR 0.18799999999999994
	AUOUT 0.28326238634073564
2022-10-13 14:40:42,270 - INFO - ODIN Metrics using predicted activations:
	AUROC 0.3325822857142857
	TNR 0.008000000000000007
	AUOUT 0.08673309608926681
2022-10-13 14:40:42,270 - INFO - MSP Metrics using mean entropy along path:
	AUROC 0.7315091428571427
	TNR 0.19799999999999995
	AUOUT 0.2916492092979662
2022-10-13 14:40:42,270 - INFO - ODIN Metrics using mean entropy along path:
	AUROC 0.3811885714285714
	TNR 0.08999999999999997
	AUOUT 0.12517376740829564
2022-10-13 14:40:42,270 - INFO - MSP Metrics using min entropy along path:
	AUROC 0.7233994285714286
	TNR 0.20799999999999996
	AUOUT 0.30593189016761674
2022-10-13 14:40:42,270 - INFO - ODIN Metrics using min entropy along path:
	AUROC 0.7263354285714285
	TNR 0.236
	AUOUT 0.3014217765781564
2022-10-13 14:40:42,271 - INFO - OOD Path entropy min idx (msp): [0. 1. 2. 3. 4.], [240 152  61  14  33]
2022-10-13 14:40:42,271 - INFO - OOD Path entropy min idx (odin): [0. 3. 4.], [445   9  46]
2022-10-13 14:40:42,271 - INFO - OOD Dataset: balanced100-finemediumood
2022-10-13 14:40:42,271 - INFO - MSP AUROC Synset Performance
2022-10-13 14:40:42,271 - INFO - [-1, -1, -1, -1, -1, -1, -1, -1, -1, -1, -1, -1, -1, -1, -1, -1, -1, -1, -1, -1, -1, -1, -1, -1, -0.0, 0.7032979047619048, 0.7185245714285714, 0.7106041904761905]
2022-10-13 14:40:42,271 - INFO - MSP TNR Synset Performance
2022-10-13 14:40:42,271 - INFO - [-1, -1, -1, -1, -1, -1, -1, -1, -1, -1, -1, -1, -1, -1, -1, -1, -1, -1, -1, -1, -1, -1, -1, -1, 0.0, 0.14, 0.17333333333333334, 0.16133333333333333]
2022-10-13 14:40:42,271 - INFO - MSP AUOUT Synset Performance
2022-10-13 14:40:42,271 - INFO - [-1, -1, -1, -1, -1, -1, -1, -1, -1, -1, -1, -1, -1, -1, -1, -1, -1, -1, -1, -1, -1, -1, -1, -1, 0.09393858905968093, 0.296023193622114, 0.34543857211400414, 0.3352534718286639]
2022-10-13 14:40:42,271 - INFO - ODIN AUROC Synset Performance
2022-10-13 14:40:42,271 - INFO - [-1, -1, -1, -1, -1, -1, -1, -1, -1, -1, -1, -1, -1, -1, -1, -1, -1, -1, -1, -1, -1, -1, -1, -1, -0.0, 0.7449775238095238, 0.37332609523809523, 0.3881935238095238]
2022-10-13 14:40:42,271 - INFO - ODIN TNR Synset Performance
2022-10-13 14:40:42,271 - INFO - [-1, -1, -1, -1, -1, -1, -1, -1, -1, -1, -1, -1, -1, -1, -1, -1, -1, -1, -1, -1, -1, -1, -1, -1, 0.0, 0.268, 0.009333333333333305, 0.09066666666666667]
2022-10-13 14:40:42,271 - INFO - ODIN AUOUT Synset Performance
2022-10-13 14:40:42,271 - INFO - [-1, -1, -1, -1, -1, -1, -1, -1, -1, -1, -1, -1, -1, -1, -1, -1, -1, -1, -1, -1, -1, -1, -1, -1, 0.09393858905968093, 0.43524082484049087, 0.13080930093091805, 0.1677236748859567]
2022-10-13 14:40:42,271 - INFO - MSP Metrics using max activations accumulated across all appropriate synsets:
	AUROC -0.0
	TNR 0.0
	AUOUT 0.09393858905968093
2022-10-13 14:40:42,271 - INFO - ODIN Metrics using max activations accumulated across all appropriate synsets:
	AUROC -0.0
	TNR 0.0
	AUOUT 0.09393858905968093
2022-10-13 14:40:42,271 - INFO - MSP Metrics using max entropy along path:
	AUROC 0.7032979047619048
	TNR 0.14
	AUOUT 0.296023193622114
2022-10-13 14:40:42,271 - INFO - ODIN Metrics using max entropy along path:
	AUROC 0.7449775238095238
	TNR 0.268
	AUOUT 0.43524082484049087
2022-10-13 14:40:42,271 - INFO - MSP Metrics using predicted activations:
	AUROC 0.7185245714285714
	TNR 0.17333333333333334
	AUOUT 0.34543857211400414
2022-10-13 14:40:42,271 - INFO - ODIN Metrics using predicted activations:
	AUROC 0.37332609523809523
	TNR 0.009333333333333305
	AUOUT 0.13080930093091805
2022-10-13 14:40:42,271 - INFO - MSP Metrics using mean entropy along path:
	AUROC 0.7106041904761905
	TNR 0.16133333333333333
	AUOUT 0.3352534718286639
2022-10-13 14:40:42,271 - INFO - ODIN Metrics using mean entropy along path:
	AUROC 0.3881935238095238
	TNR 0.09066666666666667
	AUOUT 0.1677236748859567
2022-10-13 14:40:42,271 - INFO - MSP Metrics using min entropy along path:
	AUROC 0.5639996190476191
	TNR 0.14400000000000002
	AUOUT 0.285937434947509
2022-10-13 14:40:42,272 - INFO - ODIN Metrics using min entropy along path:
	AUROC 0.5655375238095237
	TNR 0.16000000000000003
	AUOUT 0.28191987649560873
2022-10-13 14:40:42,272 - INFO - OOD Path entropy min idx (msp): [0. 1. 2. 3. 4.], [285 175  72  16 202]
2022-10-13 14:40:42,272 - INFO - OOD Path entropy min idx (odin): [0. 3. 4.], [525  10 215]
2022-10-13 14:40:54,512 - INFO - Computing OOD Statistics...
2022-10-13 14:41:12,105 - INFO - Computing OOD Statistics...
2022-10-13 14:41:35,343 - INFO - Computing OOD Statistics...
2022-10-13 14:41:52,152 - INFO - Computing OOD Statistics...
2022-10-13 14:42:02,556 - INFO - Computing OOD Statistics...
2022-10-13 14:42:06,031 - INFO - Computing OOD Statistics...
2022-10-13 14:42:09,142 - INFO - Computing OOD Statistics...
2022-10-13 14:42:12,434 - INFO - Computing OOD Statistics...
2022-10-13 14:42:16,211 - INFO - Computing OOD Statistics...
2022-10-13 14:42:16,225 - INFO - OOD Dataset: OOD
2022-10-13 14:42:16,225 - INFO - MSP AUROC [0.7523219047619047]
2022-10-13 14:42:16,225 - INFO - MSP TNR [0.388]
2022-10-13 14:42:16,225 - INFO - MSP AUOUT [0.6443463656780918]
2022-10-13 14:42:16,225 - INFO - ODIN AUROC [0.8093944761904762]
2022-10-13 14:42:16,225 - INFO - ODIN TNR [0.4733333333333334]
2022-10-13 14:42:16,225 - INFO - ODIN AUOUT [0.713723905244117]
2022-10-13 14:42:16,225 - INFO - OOD Dataset: iNaturalist
2022-10-13 14:42:16,225 - INFO - MSP AUROC [0.8951298857142858]
2022-10-13 14:42:16,225 - INFO - MSP TNR [0.5514]
2022-10-13 14:42:16,225 - INFO - MSP AUOUT [0.9570143558217439]
2022-10-13 14:42:16,225 - INFO - ODIN AUROC [0.9495264000000001]
2022-10-13 14:42:16,225 - INFO - ODIN TNR [0.6796]
2022-10-13 14:42:16,225 - INFO - ODIN AUOUT [0.9776488287476339]
2022-10-13 14:42:16,225 - INFO - OOD Dataset: SUN
2022-10-13 14:42:16,225 - INFO - MSP AUROC [0.9192517428571428]
2022-10-13 14:42:16,225 - INFO - MSP TNR [0.6458999999999999]
2022-10-13 14:42:16,225 - INFO - MSP AUOUT [0.9674122453333177]
2022-10-13 14:42:16,225 - INFO - ODIN AUROC [0.9630247999999999]
2022-10-13 14:42:16,225 - INFO - ODIN TNR [0.7806]
2022-10-13 14:42:16,225 - INFO - ODIN AUOUT [0.9838870404305203]
2022-10-13 14:42:16,225 - INFO - OOD Dataset: Places
2022-10-13 14:42:16,225 - INFO - MSP AUROC [0.8966905714285714]
2022-10-13 14:42:16,226 - INFO - MSP TNR [0.6099]
2022-10-13 14:42:16,226 - INFO - MSP AUOUT [0.9597308155527194]
2022-10-13 14:42:16,226 - INFO - ODIN AUROC [0.9461991714285714]
2022-10-13 14:42:16,226 - INFO - ODIN TNR [0.7222999999999999]
2022-10-13 14:42:16,226 - INFO - ODIN AUOUT [0.9778451670420761]
2022-10-13 14:42:16,226 - INFO - OOD Dataset: Textures
2022-10-13 14:42:16,226 - INFO - MSP AUROC [0.8681508105369806]
2022-10-13 14:42:16,226 - INFO - MSP TNR [0.5718085106382979]
2022-10-13 14:42:16,226 - INFO - MSP AUOUT [0.9216968970469434]
2022-10-13 14:42:16,226 - INFO - ODIN AUROC [0.939479888551165]
2022-10-13 14:42:16,226 - INFO - ODIN TNR [0.6891843971631206]
2022-10-13 14:42:16,226 - INFO - ODIN AUOUT [0.9597635586696129]
2022-10-13 14:42:16,226 - INFO - OOD Dataset: balanced100-coarseood
2022-10-13 14:42:16,226 - INFO - MSP AUROC [0.920863619047619]
2022-10-13 14:42:16,226 - INFO - MSP TNR [0.6306666666666667]
2022-10-13 14:42:16,226 - INFO - MSP AUOUT [0.7361516948090884]
2022-10-13 14:42:16,226 - INFO - ODIN AUROC [0.967160380952381]
2022-10-13 14:42:16,226 - INFO - ODIN TNR [0.792]
2022-10-13 14:42:16,226 - INFO - ODIN AUOUT [0.8384253953195879]
2022-10-13 14:42:16,226 - INFO - OOD Dataset: balanced100-mediumood
2022-10-13 14:42:16,226 - INFO - MSP AUROC [0.5762468571428572]
2022-10-13 14:42:16,226 - INFO - MSP TNR [0.06799999999999995]
2022-10-13 14:42:16,226 - INFO - MSP AUOUT [0.08270681043115187]
2022-10-13 14:42:16,226 - INFO - ODIN AUROC [0.5651142857142857]
2022-10-13 14:42:16,226 - INFO - ODIN TNR [0.05600000000000005]
2022-10-13 14:42:16,226 - INFO - ODIN AUOUT [0.07937431519227592]
2022-10-13 14:42:16,226 - INFO - OOD Dataset: balanced100-fineood
2022-10-13 14:42:16,226 - INFO - MSP AUROC [0.5875440000000001]
2022-10-13 14:42:16,226 - INFO - MSP TNR [0.18400000000000005]
2022-10-13 14:42:16,226 - INFO - MSP AUOUT [0.2262285379420716]
2022-10-13 14:42:16,226 - INFO - ODIN AUROC [0.694884]
2022-10-13 14:42:16,226 - INFO - ODIN TNR [0.20399999999999996]
2022-10-13 14:42:16,226 - INFO - ODIN AUOUT [0.27538601361729087]
2022-10-13 14:42:16,226 - INFO - OOD Dataset: balanced100-finemediumood
2022-10-13 14:42:16,226 - INFO - MSP AUROC [0.5837813333333334]
2022-10-13 14:42:16,226 - INFO - MSP TNR [0.14533333333333331]
2022-10-13 14:42:16,226 - INFO - MSP AUOUT [0.2666861398386311]
2022-10-13 14:42:16,227 - INFO - ODIN AUROC [0.6516278095238095]
2022-10-13 14:42:16,227 - INFO - ODIN TNR [0.15466666666666662]
2022-10-13 14:42:16,227 - INFO - ODIN AUOUT [0.3016730045739444]
