2022-09-26 22:29:01,430 - INFO - ==> Preparing data..
2022-09-26 22:29:01,910 - INFO - # ID Test: 3500
2022-09-26 22:29:01,910 - INFO - # OOD: 1500
2022-09-26 22:29:01,943 - INFO - # iNaturalist: 10000
2022-09-26 22:29:01,972 - INFO - # SUN: 10000
2022-09-26 22:29:02,000 - INFO - # Places: 10000
2022-09-26 22:29:02,050 - INFO - # Textures: 5640
2022-09-26 22:29:02,063 - INFO - # balanced100-coarseood: 750
2022-09-26 22:29:02,066 - INFO - # balanced100-mediumood: 250
2022-09-26 22:29:02,072 - INFO - # balanced100-fineood: 500
2022-09-26 22:29:02,080 - INFO - # balanced100-finemediumood: 750
2022-09-26 22:29:39,733 - INFO - Accuracy Results
2022-09-26 22:29:39,734 - INFO - Mean Synset Accuracy: 0.9001807570457458
2022-09-26 22:29:39,735 - INFO - Top-1 Accuracy: 0.8128571510314941
2022-09-26 22:29:39,735 - INFO - Pred Accuracy: 0.8131428360939026
2022-09-26 22:29:39,735 - INFO - Synset Accuracies:
2022-09-26 22:29:39,736 - INFO - [0.9922857  0.9676923  0.98385966 0.772      0.94       0.832
 0.94       0.982      0.9625     0.994      0.852      0.968
 0.792      0.792      0.98333335 1.         0.704      1.
 0.792      0.776      0.856      0.736      0.9866667  1.        ]
2022-09-26 22:29:39,736 - INFO - Error Depth:
2022-09-26 22:29:39,736 - INFO - 	Num. Errors at Depth 0 = 11.0
2022-09-26 22:29:39,736 - INFO - 	Num. Errors at Depth 1 = 32.0
2022-09-26 22:29:39,736 - INFO - 	Num. Errors at Depth 2 = 169.0
2022-09-26 22:29:39,736 - INFO - 	Num. Errors at Depth 3 = 272.0
2022-09-26 22:29:39,736 - INFO - 	Num. Errors at Depth 4 = 97.0
2022-09-26 22:29:39,736 - INFO - 	Num. Errors at Depth 5 = 74.0
2022-09-26 22:29:39,736 - INFO - 	Num. Errors at Depth -1 = 2845.0
2022-09-26 22:29:39,736 - INFO - OOD Results
2022-09-26 22:29:51,193 - INFO - Computing OOD Statistics...
2022-09-26 22:30:08,820 - INFO - Computing OOD Statistics...
2022-09-26 22:30:35,968 - INFO - Computing OOD Statistics...
2022-09-26 22:30:52,974 - INFO - Computing OOD Statistics...
2022-09-26 22:31:03,530 - INFO - Computing OOD Statistics...
2022-09-26 22:31:06,822 - INFO - Computing OOD Statistics...
2022-09-26 22:31:10,017 - INFO - Computing OOD Statistics...
2022-09-26 22:31:13,319 - INFO - Computing OOD Statistics...
2022-09-26 22:31:16,729 - INFO - Computing OOD Statistics...
2022-09-26 22:31:16,782 - INFO - OOD Dataset: OOD
2022-09-26 22:31:16,782 - INFO - MSP AUROC Synset Performance
2022-09-26 22:31:16,782 - INFO - [-1, -1, -1, -1, -1, -1, -1, -1, -1, -1, -1, -1, -1, -1, -1, -1, -1, -1, -1, -1, -1, -1, -1, -1, -0.0, 0.8129297142857143, 0.833562857142857, 0.843796]
2022-09-26 22:31:16,782 - INFO - MSP TNR Synset Performance
2022-09-26 22:31:16,782 - INFO - [-1, -1, -1, -1, -1, -1, -1, -1, -1, -1, -1, -1, -1, -1, -1, -1, -1, -1, -1, -1, -1, -1, -1, -1, 0.0, 0.37, 0.44799999999999995, 0.5213333333333333]
2022-09-26 22:31:16,782 - INFO - MSP AUOUT Synset Performance
2022-09-26 22:31:16,782 - INFO - [-1, -1, -1, -1, -1, -1, -1, -1, -1, -1, -1, -1, -1, -1, -1, -1, -1, -1, -1, -1, -1, -1, -1, -1, 0.16775845604771977, 0.6730813935642468, 0.7142803414361888, 0.752045528249801]
2022-09-26 22:31:16,782 - INFO - ODIN AUROC Synset Performance
2022-09-26 22:31:16,782 - INFO - [-1, -1, -1, -1, -1, -1, -1, -1, -1, -1, -1, -1, -1, -1, -1, -1, -1, -1, -1, -1, -1, -1, -1, -1, -0.0, 0.6162889523809523, 0.23433619047619048, 0.48068666666666665]
2022-09-26 22:31:16,782 - INFO - ODIN TNR Synset Performance
2022-09-26 22:31:16,782 - INFO - [-1, -1, -1, -1, -1, -1, -1, -1, -1, -1, -1, -1, -1, -1, -1, -1, -1, -1, -1, -1, -1, -1, -1, -1, 0.0, 0.18000000000000005, 0.0020000000000000018, 0.06599999999999995]
2022-09-26 22:31:16,782 - INFO - ODIN AUOUT Synset Performance
2022-09-26 22:31:16,783 - INFO - [-1, -1, -1, -1, -1, -1, -1, -1, -1, -1, -1, -1, -1, -1, -1, -1, -1, -1, -1, -1, -1, -1, -1, -1, 0.16775845604771977, 0.4318766676153608, 0.19596145451803376, 0.3036013634990836]
2022-09-26 22:31:16,783 - INFO - MSP Metrics using max activations accumulated across all appropriate synsets:
	AUROC -0.0
	TNR 0.0
	AUOUT 0.16775845604771977
2022-09-26 22:31:16,783 - INFO - ODIN Metrics using max activations accumulated across all appropriate synsets:
	AUROC -0.0
	TNR 0.0
	AUOUT 0.16775845604771977
2022-09-26 22:31:16,783 - INFO - MSP Metrics using max entropy along path:
	AUROC 0.8129297142857143
	TNR 0.37
	AUOUT 0.6730813935642468
2022-09-26 22:31:16,783 - INFO - ODIN Metrics using max entropy along path:
	AUROC 0.6162889523809523
	TNR 0.18000000000000005
	AUOUT 0.4318766676153608
2022-09-26 22:31:16,783 - INFO - MSP Metrics using predicted activations:
	AUROC 0.833562857142857
	TNR 0.44799999999999995
	AUOUT 0.7142803414361888
2022-09-26 22:31:16,783 - INFO - ODIN Metrics using predicted activations:
	AUROC 0.23433619047619048
	TNR 0.0020000000000000018
	AUOUT 0.19596145451803376
2022-09-26 22:31:16,783 - INFO - MSP Metrics using mean entropy along path:
	AUROC 0.843796
	TNR 0.5213333333333333
	AUOUT 0.752045528249801
2022-09-26 22:31:16,783 - INFO - ODIN Metrics using mean entropy along path:
	AUROC 0.48068666666666665
	TNR 0.06599999999999995
	AUOUT 0.3036013634990836
2022-09-26 22:31:16,783 - INFO - MSP Metrics using min entropy along path:
	AUROC 0.7875104761904761
	TNR 0.554
	AUOUT 0.7371343534018813
2022-09-26 22:31:16,783 - INFO - ODIN Metrics using min entropy along path:
	AUROC 0.7857710476190476
	TNR 0.5506666666666666
	AUOUT 0.7136268745858669
2022-09-26 22:31:16,783 - INFO - OOD Path entropy min idx (msp): [0. 1. 2. 3. 4.], [1238   48   11    7  196]
2022-09-26 22:31:16,784 - INFO - OOD Path entropy min idx (odin): [0. 3. 4.], [1299    5  196]
2022-09-26 22:31:16,784 - INFO - OOD Dataset: iNaturalist
2022-09-26 22:31:16,784 - INFO - MSP AUROC Synset Performance
2022-09-26 22:31:16,784 - INFO - [-1, -1, -1, -1, -1, -1, -1, -1, -1, -1, -1, -1, -1, -1, -1, -1, -1, -1, -1, -1, -1, -1, -1, -1, -0.0, 0.9266469142857142, 0.9322268857142857, 0.9359441714285714]
2022-09-26 22:31:16,784 - INFO - MSP TNR Synset Performance
2022-09-26 22:31:16,784 - INFO - [-1, -1, -1, -1, -1, -1, -1, -1, -1, -1, -1, -1, -1, -1, -1, -1, -1, -1, -1, -1, -1, -1, -1, -1, 0.0, 0.6341, 0.6767000000000001, 0.6921999999999999]
2022-09-26 22:31:16,784 - INFO - MSP AUOUT Synset Performance
2022-09-26 22:31:16,784 - INFO - [-1, -1, -1, -1, -1, -1, -1, -1, -1, -1, -1, -1, -1, -1, -1, -1, -1, -1, -1, -1, -1, -1, -1, -1, 0.5275256468469287, 0.969426439605772, 0.9718194263850151, 0.969165911102685]
2022-09-26 22:31:16,784 - INFO - ODIN AUROC Synset Performance
2022-09-26 22:31:16,784 - INFO - [-1, -1, -1, -1, -1, -1, -1, -1, -1, -1, -1, -1, -1, -1, -1, -1, -1, -1, -1, -1, -1, -1, -1, -1, -0.0, 0.6946661142857142, 0.24301379999999997, 0.542083]
2022-09-26 22:31:16,784 - INFO - ODIN TNR Synset Performance
2022-09-26 22:31:16,784 - INFO - [-1, -1, -1, -1, -1, -1, -1, -1, -1, -1, -1, -1, -1, -1, -1, -1, -1, -1, -1, -1, -1, -1, -1, -1, 0.0, 0.38880000000000003, 9.999999999998899e-05, 0.16279999999999994]
2022-09-26 22:31:16,784 - INFO - ODIN AUOUT Synset Performance
2022-09-26 22:31:16,784 - INFO - [-1, -1, -1, -1, -1, -1, -1, -1, -1, -1, -1, -1, -1, -1, -1, -1, -1, -1, -1, -1, -1, -1, -1, -1, 0.5275256468469287, 0.86929174633253, 0.5843916156172728, 0.7896223837758707]
2022-09-26 22:31:16,784 - INFO - MSP Metrics using max activations accumulated across all appropriate synsets:
	AUROC -0.0
	TNR 0.0
	AUOUT 0.5275256468469287
2022-09-26 22:31:16,784 - INFO - ODIN Metrics using max activations accumulated across all appropriate synsets:
	AUROC -0.0
	TNR 0.0
	AUOUT 0.5275256468469287
2022-09-26 22:31:16,784 - INFO - MSP Metrics using max entropy along path:
	AUROC 0.9266469142857142
	TNR 0.6341
	AUOUT 0.969426439605772
2022-09-26 22:31:16,784 - INFO - ODIN Metrics using max entropy along path:
	AUROC 0.6946661142857142
	TNR 0.38880000000000003
	AUOUT 0.86929174633253
2022-09-26 22:31:16,784 - INFO - MSP Metrics using predicted activations:
	AUROC 0.9322268857142857
	TNR 0.6767000000000001
	AUOUT 0.9718194263850151
2022-09-26 22:31:16,784 - INFO - ODIN Metrics using predicted activations:
	AUROC 0.24301379999999997
	TNR 9.999999999998899e-05
	AUOUT 0.5843916156172728
2022-09-26 22:31:16,784 - INFO - MSP Metrics using mean entropy along path:
	AUROC 0.9359441714285714
	TNR 0.6921999999999999
	AUOUT 0.969165911102685
2022-09-26 22:31:16,784 - INFO - ODIN Metrics using mean entropy along path:
	AUROC 0.542083
	TNR 0.16279999999999994
	AUOUT 0.7896223837758707
2022-09-26 22:31:16,784 - INFO - MSP Metrics using min entropy along path:
	AUROC 0.9006195428571429
	TNR 0.36339999999999995
	AUOUT 0.9426924780803955
2022-09-26 22:31:16,784 - INFO - ODIN Metrics using min entropy along path:
	AUROC 0.8982732285714286
	TNR 0.3557
	AUOUT 0.9376327741065638
2022-09-26 22:31:16,785 - INFO - OOD Path entropy min idx (msp): [0. 1. 2. 3. 4.], [9890   57   10   15   28]
2022-09-26 22:31:16,785 - INFO - OOD Path entropy min idx (odin): [0. 3. 4.], [9960   13   27]
2022-09-26 22:31:16,785 - INFO - OOD Dataset: SUN
2022-09-26 22:31:16,785 - INFO - MSP AUROC Synset Performance
2022-09-26 22:31:16,785 - INFO - [-1, -1, -1, -1, -1, -1, -1, -1, -1, -1, -1, -1, -1, -1, -1, -1, -1, -1, -1, -1, -1, -1, -1, -1, -0.0, 0.9222506, 0.9506044857142857, 0.9595940285714285]
2022-09-26 22:31:16,785 - INFO - MSP TNR Synset Performance
2022-09-26 22:31:16,785 - INFO - [-1, -1, -1, -1, -1, -1, -1, -1, -1, -1, -1, -1, -1, -1, -1, -1, -1, -1, -1, -1, -1, -1, -1, -1, 0.0, 0.5481, 0.7457, 0.7887]
2022-09-26 22:31:16,785 - INFO - MSP AUOUT Synset Performance
2022-09-26 22:31:16,785 - INFO - [-1, -1, -1, -1, -1, -1, -1, -1, -1, -1, -1, -1, -1, -1, -1, -1, -1, -1, -1, -1, -1, -1, -1, -1, 0.5275256468469287, 0.964577590931445, 0.979440958448208, 0.9812380742461654]
2022-09-26 22:31:16,785 - INFO - ODIN AUROC Synset Performance
2022-09-26 22:31:16,785 - INFO - [-1, -1, -1, -1, -1, -1, -1, -1, -1, -1, -1, -1, -1, -1, -1, -1, -1, -1, -1, -1, -1, -1, -1, -1, -0.0, 0.770393, 0.1899778, 0.654352257142857]
2022-09-26 22:31:16,785 - INFO - ODIN TNR Synset Performance
2022-09-26 22:31:16,785 - INFO - [-1, -1, -1, -1, -1, -1, -1, -1, -1, -1, -1, -1, -1, -1, -1, -1, -1, -1, -1, -1, -1, -1, -1, -1, 0.0, 0.6078, 0.0, 0.29769999999999996]
2022-09-26 22:31:16,785 - INFO - ODIN AUOUT Synset Performance
2022-09-26 22:31:16,785 - INFO - [-1, -1, -1, -1, -1, -1, -1, -1, -1, -1, -1, -1, -1, -1, -1, -1, -1, -1, -1, -1, -1, -1, -1, -1, 0.5275256468469287, 0.9166234953500132, 0.5715113959884095, 0.8587179952005387]
2022-09-26 22:31:16,785 - INFO - MSP Metrics using max activations accumulated across all appropriate synsets:
	AUROC -0.0
	TNR 0.0
	AUOUT 0.5275256468469287
2022-09-26 22:31:16,785 - INFO - ODIN Metrics using max activations accumulated across all appropriate synsets:
	AUROC -0.0
	TNR 0.0
	AUOUT 0.5275256468469287
2022-09-26 22:31:16,785 - INFO - MSP Metrics using max entropy along path:
	AUROC 0.9222506
	TNR 0.5481
	AUOUT 0.964577590931445
2022-09-26 22:31:16,785 - INFO - ODIN Metrics using max entropy along path:
	AUROC 0.770393
	TNR 0.6078
	AUOUT 0.9166234953500132
2022-09-26 22:31:16,785 - INFO - MSP Metrics using predicted activations:
	AUROC 0.9506044857142857
	TNR 0.7457
	AUOUT 0.979440958448208
2022-09-26 22:31:16,785 - INFO - ODIN Metrics using predicted activations:
	AUROC 0.1899778
	TNR 0.0
	AUOUT 0.5715113959884095
2022-09-26 22:31:16,786 - INFO - MSP Metrics using mean entropy along path:
	AUROC 0.9595940285714285
	TNR 0.7887
	AUOUT 0.9812380742461654
2022-09-26 22:31:16,786 - INFO - ODIN Metrics using mean entropy along path:
	AUROC 0.654352257142857
	TNR 0.29769999999999996
	AUOUT 0.8587179952005387
2022-09-26 22:31:16,786 - INFO - MSP Metrics using min entropy along path:
	AUROC 0.9484064857142858
	TNR 0.7848999999999999
	AUOUT 0.9780695294753944
2022-09-26 22:31:16,786 - INFO - ODIN Metrics using min entropy along path:
	AUROC 0.9463757714285714
	TNR 0.7787
	AUOUT 0.9713124273530565
2022-09-26 22:31:16,786 - INFO - OOD Path entropy min idx (msp): [0. 1. 2. 3. 4.], [9409  212   82   43  254]
2022-09-26 22:31:16,786 - INFO - OOD Path entropy min idx (odin): [0. 3. 4.], [9734   23  243]
2022-09-26 22:31:16,786 - INFO - OOD Dataset: Places
2022-09-26 22:31:16,786 - INFO - MSP AUROC Synset Performance
2022-09-26 22:31:16,786 - INFO - [-1, -1, -1, -1, -1, -1, -1, -1, -1, -1, -1, -1, -1, -1, -1, -1, -1, -1, -1, -1, -1, -1, -1, -1, -0.0, 0.9076772000000001, 0.9361007428571427, 0.9468391142857143]
2022-09-26 22:31:16,786 - INFO - MSP TNR Synset Performance
2022-09-26 22:31:16,787 - INFO - [-1, -1, -1, -1, -1, -1, -1, -1, -1, -1, -1, -1, -1, -1, -1, -1, -1, -1, -1, -1, -1, -1, -1, -1, 0.0, 0.5099, 0.6989000000000001, 0.7432000000000001]
2022-09-26 22:31:16,787 - INFO - MSP AUOUT Synset Performance
2022-09-26 22:31:16,787 - INFO - [-1, -1, -1, -1, -1, -1, -1, -1, -1, -1, -1, -1, -1, -1, -1, -1, -1, -1, -1, -1, -1, -1, -1, -1, 0.5275256468469287, 0.9584693280985527, 0.9737924059231098, 0.9764597022735502]
2022-09-26 22:31:16,787 - INFO - ODIN AUROC Synset Performance
2022-09-26 22:31:16,787 - INFO - [-1, -1, -1, -1, -1, -1, -1, -1, -1, -1, -1, -1, -1, -1, -1, -1, -1, -1, -1, -1, -1, -1, -1, -1, -0.0, 0.7353658857142856, 0.1945570857142857, 0.6184410857142857]
2022-09-26 22:31:16,787 - INFO - ODIN TNR Synset Performance
2022-09-26 22:31:16,787 - INFO - [-1, -1, -1, -1, -1, -1, -1, -1, -1, -1, -1, -1, -1, -1, -1, -1, -1, -1, -1, -1, -1, -1, -1, -1, 0.0, 0.5372, 9.999999999998899e-05, 0.2742]
2022-09-26 22:31:16,787 - INFO - ODIN AUOUT Synset Performance
2022-09-26 22:31:16,787 - INFO - [-1, -1, -1, -1, -1, -1, -1, -1, -1, -1, -1, -1, -1, -1, -1, -1, -1, -1, -1, -1, -1, -1, -1, -1, 0.5275256468469287, 0.9020987804991193, 0.571921121040752, 0.8427643629962164]
2022-09-26 22:31:16,787 - INFO - MSP Metrics using max activations accumulated across all appropriate synsets:
	AUROC -0.0
	TNR 0.0
	AUOUT 0.5275256468469287
2022-09-26 22:31:16,787 - INFO - ODIN Metrics using max activations accumulated across all appropriate synsets:
	AUROC -0.0
	TNR 0.0
	AUOUT 0.5275256468469287
2022-09-26 22:31:16,787 - INFO - MSP Metrics using max entropy along path:
	AUROC 0.9076772000000001
	TNR 0.5099
	AUOUT 0.9584693280985527
2022-09-26 22:31:16,787 - INFO - ODIN Metrics using max entropy along path:
	AUROC 0.7353658857142856
	TNR 0.5372
	AUOUT 0.9020987804991193
2022-09-26 22:31:16,787 - INFO - MSP Metrics using predicted activations:
	AUROC 0.9361007428571427
	TNR 0.6989000000000001
	AUOUT 0.9737924059231098
2022-09-26 22:31:16,787 - INFO - ODIN Metrics using predicted activations:
	AUROC 0.1945570857142857
	TNR 9.999999999998899e-05
	AUOUT 0.571921121040752
2022-09-26 22:31:16,787 - INFO - MSP Metrics using mean entropy along path:
	AUROC 0.9468391142857143
	TNR 0.7432000000000001
	AUOUT 0.9764597022735502
2022-09-26 22:31:16,787 - INFO - ODIN Metrics using mean entropy along path:
	AUROC 0.6184410857142857
	TNR 0.2742
	AUOUT 0.8427643629962164
2022-09-26 22:31:16,787 - INFO - MSP Metrics using min entropy along path:
	AUROC 0.9320253428571429
	TNR 0.7303999999999999
	AUOUT 0.972324729074178
2022-09-26 22:31:16,787 - INFO - ODIN Metrics using min entropy along path:
	AUROC 0.9300432571428572
	TNR 0.7263
	AUOUT 0.9656929413953826
2022-09-26 22:31:16,788 - INFO - OOD Path entropy min idx (msp): [0. 1. 2. 3. 4.], [9250  282   97   61  310]
2022-09-26 22:31:16,788 - INFO - OOD Path entropy min idx (odin): [0. 3. 4.], [9656   36  308]
2022-09-26 22:31:16,788 - INFO - OOD Dataset: Textures
2022-09-26 22:31:16,788 - INFO - MSP AUROC Synset Performance
2022-09-26 22:31:16,788 - INFO - [-1, -1, -1, -1, -1, -1, -1, -1, -1, -1, -1, -1, -1, -1, -1, -1, -1, -1, -1, -1, -1, -1, -1, -1, -0.0, 0.879111246200608, 0.9035428571428572, 0.925766362715299]
2022-09-26 22:31:16,788 - INFO - MSP TNR Synset Performance
2022-09-26 22:31:16,788 - INFO - [-1, -1, -1, -1, -1, -1, -1, -1, -1, -1, -1, -1, -1, -1, -1, -1, -1, -1, -1, -1, -1, -1, -1, -1, 0.0, 0.4881205673758865, 0.6166666666666667, 0.7078014184397163]
2022-09-26 22:31:16,788 - INFO - MSP AUOUT Synset Performance
2022-09-26 22:31:16,788 - INFO - [-1, -1, -1, -1, -1, -1, -1, -1, -1, -1, -1, -1, -1, -1, -1, -1, -1, -1, -1, -1, -1, -1, -1, -1, 0.4043189752277335, 0.9162958861352651, 0.9378245635122743, 0.951159164339963]
2022-09-26 22:31:16,788 - INFO - ODIN AUROC Synset Performance
2022-09-26 22:31:16,788 - INFO - [-1, -1, -1, -1, -1, -1, -1, -1, -1, -1, -1, -1, -1, -1, -1, -1, -1, -1, -1, -1, -1, -1, -1, -1, -0.0, 0.6205198581560283, 0.193009726443769, 0.6125586119554205]
2022-09-26 22:31:16,788 - INFO - ODIN TNR Synset Performance
2022-09-26 22:31:16,788 - INFO - [-1, -1, -1, -1, -1, -1, -1, -1, -1, -1, -1, -1, -1, -1, -1, -1, -1, -1, -1, -1, -1, -1, -1, -1, 0.0, 0.3026595744680851, 0.0012411347517730098, 0.19556737588652484]
2022-09-26 22:31:16,788 - INFO - ODIN AUOUT Synset Performance
2022-09-26 22:31:16,788 - INFO - [-1, -1, -1, -1, -1, -1, -1, -1, -1, -1, -1, -1, -1, -1, -1, -1, -1, -1, -1, -1, -1, -1, -1, -1, 0.4043189752277335, 0.7522227646390436, 0.447929159678021, 0.7272961963444491]
2022-09-26 22:31:16,788 - INFO - MSP Metrics using max activations accumulated across all appropriate synsets:
	AUROC -0.0
	TNR 0.0
	AUOUT 0.4043189752277335
2022-09-26 22:31:16,788 - INFO - ODIN Metrics using max activations accumulated across all appropriate synsets:
	AUROC -0.0
	TNR 0.0
	AUOUT 0.4043189752277335
2022-09-26 22:31:16,788 - INFO - MSP Metrics using max entropy along path:
	AUROC 0.879111246200608
	TNR 0.4881205673758865
	AUOUT 0.9162958861352651
2022-09-26 22:31:16,788 - INFO - ODIN Metrics using max entropy along path:
	AUROC 0.6205198581560283
	TNR 0.3026595744680851
	AUOUT 0.7522227646390436
2022-09-26 22:31:16,788 - INFO - MSP Metrics using predicted activations:
	AUROC 0.9035428571428572
	TNR 0.6166666666666667
	AUOUT 0.9378245635122743
2022-09-26 22:31:16,788 - INFO - ODIN Metrics using predicted activations:
	AUROC 0.193009726443769
	TNR 0.0012411347517730098
	AUOUT 0.447929159678021
2022-09-26 22:31:16,788 - INFO - MSP Metrics using mean entropy along path:
	AUROC 0.925766362715299
	TNR 0.7078014184397163
	AUOUT 0.951159164339963
2022-09-26 22:31:16,788 - INFO - ODIN Metrics using mean entropy along path:
	AUROC 0.6125586119554205
	TNR 0.19556737588652484
	AUOUT 0.7272961963444491
2022-09-26 22:31:16,788 - INFO - MSP Metrics using min entropy along path:
	AUROC 0.9373985309017224
	TNR 0.7338652482269503
	AUOUT 0.9572457563709007
2022-09-26 22:31:16,788 - INFO - ODIN Metrics using min entropy along path:
	AUROC 0.9357495947315098
	TNR 0.7308510638297872
	AUOUT 0.9471214657107843
2022-09-26 22:31:16,789 - INFO - OOD Path entropy min idx (msp): [0. 1. 2. 3. 4.], [5003  345  109   77  106]
2022-09-26 22:31:16,789 - INFO - OOD Path entropy min idx (odin): [0. 3. 4.], [5501   34  105]
2022-09-26 22:31:16,789 - INFO - OOD Dataset: balanced100-coarseood
2022-09-26 22:31:16,789 - INFO - MSP AUROC Synset Performance
2022-09-26 22:31:16,789 - INFO - [-1, -1, -1, -1, -1, -1, -1, -1, -1, -1, -1, -1, -1, -1, -1, -1, -1, -1, -1, -1, -1, -1, -1, -1, -0.0, 0.9244693333333333, 0.9403142857142857, 0.9677942857142858]
2022-09-26 22:31:16,789 - INFO - MSP TNR Synset Performance
2022-09-26 22:31:16,789 - INFO - [-1, -1, -1, -1, -1, -1, -1, -1, -1, -1, -1, -1, -1, -1, -1, -1, -1, -1, -1, -1, -1, -1, -1, -1, 0.0, 0.5733333333333333, 0.6786666666666666, 0.8453333333333333]
2022-09-26 22:31:16,789 - INFO - MSP AUOUT Synset Performance
2022-09-26 22:31:16,789 - INFO - [-1, -1, -1, -1, -1, -1, -1, -1, -1, -1, -1, -1, -1, -1, -1, -1, -1, -1, -1, -1, -1, -1, -1, -1, 0.09393858905968093, 0.7077952329278734, 0.7637166937984544, 0.8583381891229608]
2022-09-26 22:31:16,789 - INFO - ODIN AUROC Synset Performance
2022-09-26 22:31:16,789 - INFO - [-1, -1, -1, -1, -1, -1, -1, -1, -1, -1, -1, -1, -1, -1, -1, -1, -1, -1, -1, -1, -1, -1, -1, -1, -0.0, 0.48165219047619057, 0.14998438095238095, 0.5580198095238095]
2022-09-26 22:31:16,789 - INFO - ODIN TNR Synset Performance
2022-09-26 22:31:16,789 - INFO - [-1, -1, -1, -1, -1, -1, -1, -1, -1, -1, -1, -1, -1, -1, -1, -1, -1, -1, -1, -1, -1, -1, -1, -1, 0.0, 0.06133333333333335, 0.0, 0.029333333333333322]
2022-09-26 22:31:16,789 - INFO - ODIN AUOUT Synset Performance
2022-09-26 22:31:16,789 - INFO - [-1, -1, -1, -1, -1, -1, -1, -1, -1, -1, -1, -1, -1, -1, -1, -1, -1, -1, -1, -1, -1, -1, -1, -1, 0.09393858905968093, 0.1764334721532922, 0.10613473086614156, 0.2031166437972199]
2022-09-26 22:31:16,790 - INFO - MSP Metrics using max activations accumulated across all appropriate synsets:
	AUROC -0.0
	TNR 0.0
	AUOUT 0.09393858905968093
2022-09-26 22:31:16,790 - INFO - ODIN Metrics using max activations accumulated across all appropriate synsets:
	AUROC -0.0
	TNR 0.0
	AUOUT 0.09393858905968093
2022-09-26 22:31:16,790 - INFO - MSP Metrics using max entropy along path:
	AUROC 0.9244693333333333
	TNR 0.5733333333333333
	AUOUT 0.7077952329278734
2022-09-26 22:31:16,790 - INFO - ODIN Metrics using max entropy along path:
	AUROC 0.48165219047619057
	TNR 0.06133333333333335
	AUOUT 0.1764334721532922
2022-09-26 22:31:16,790 - INFO - MSP Metrics using predicted activations:
	AUROC 0.9403142857142857
	TNR 0.6786666666666666
	AUOUT 0.7637166937984544
2022-09-26 22:31:16,790 - INFO - ODIN Metrics using predicted activations:
	AUROC 0.14998438095238095
	TNR 0.0
	AUOUT 0.10613473086614156
2022-09-26 22:31:16,790 - INFO - MSP Metrics using mean entropy along path:
	AUROC 0.9677942857142858
	TNR 0.8453333333333333
	AUOUT 0.8583381891229608
2022-09-26 22:31:16,790 - INFO - ODIN Metrics using mean entropy along path:
	AUROC 0.5580198095238095
	TNR 0.029333333333333322
	AUOUT 0.2031166437972199
2022-09-26 22:31:16,790 - INFO - MSP Metrics using min entropy along path:
	AUROC 0.96996
	TNR 0.92
	AUOUT 0.8836758940211776
2022-09-26 22:31:16,790 - INFO - ODIN Metrics using min entropy along path:
	AUROC 0.9679078095238096
	TNR 0.916
	AUOUT 0.8391819098015219
2022-09-26 22:31:16,790 - INFO - OOD Path entropy min idx (msp): [0. 1. 2. 3. 4.], [713  17   3   6  11]
2022-09-26 22:31:16,790 - INFO - OOD Path entropy min idx (odin): [0. 3. 4.], [735   4  11]
2022-09-26 22:31:16,790 - INFO - OOD Dataset: balanced100-mediumood
2022-09-26 22:31:16,790 - INFO - MSP AUROC Synset Performance
2022-09-26 22:31:16,790 - INFO - [-1, -1, -1, -1, -1, -1, -1, -1, -1, -1, -1, -1, -1, -1, -1, -1, -1, -1, -1, -1, -1, -1, -1, -1, -0.0, 0.7199520000000001, 0.726593142857143, 0.6955051428571428]
2022-09-26 22:31:16,790 - INFO - MSP TNR Synset Performance
2022-09-26 22:31:16,790 - INFO - [-1, -1, -1, -1, -1, -1, -1, -1, -1, -1, -1, -1, -1, -1, -1, -1, -1, -1, -1, -1, -1, -1, -1, -1, 0.0, 0.16400000000000003, 0.19599999999999995, 0.12]
2022-09-26 22:31:16,790 - INFO - MSP AUOUT Synset Performance
2022-09-26 22:31:16,790 - INFO - [-1, -1, -1, -1, -1, -1, -1, -1, -1, -1, -1, -1, -1, -1, -1, -1, -1, -1, -1, -1, -1, -1, -1, -1, 0.03409978690754759, 0.15967602873552467, 0.15918054109687385, 0.12787616196231988]
2022-09-26 22:31:16,790 - INFO - ODIN AUROC Synset Performance
2022-09-26 22:31:16,790 - INFO - [-1, -1, -1, -1, -1, -1, -1, -1, -1, -1, -1, -1, -1, -1, -1, -1, -1, -1, -1, -1, -1, -1, -1, -1, -0.0, 0.8528571428571429, 0.39962057142857144, 0.43749828571428573]
2022-09-26 22:31:16,790 - INFO - ODIN TNR Synset Performance
2022-09-26 22:31:16,791 - INFO - [-1, -1, -1, -1, -1, -1, -1, -1, -1, -1, -1, -1, -1, -1, -1, -1, -1, -1, -1, -1, -1, -1, -1, -1, 0.0, 0.33599999999999997, 0.008000000000000007, 0.10799999999999998]
2022-09-26 22:31:16,791 - INFO - ODIN AUOUT Synset Performance
2022-09-26 22:31:16,791 - INFO - [-1, -1, -1, -1, -1, -1, -1, -1, -1, -1, -1, -1, -1, -1, -1, -1, -1, -1, -1, -1, -1, -1, -1, -1, 0.03409978690754759, 0.24739347165607461, 0.050106842946845316, 0.07496733008249166]
2022-09-26 22:31:16,791 - INFO - MSP Metrics using max activations accumulated across all appropriate synsets:
	AUROC -0.0
	TNR 0.0
	AUOUT 0.03409978690754759
2022-09-26 22:31:16,791 - INFO - ODIN Metrics using max activations accumulated across all appropriate synsets:
	AUROC -0.0
	TNR 0.0
	AUOUT 0.03409978690754759
2022-09-26 22:31:16,791 - INFO - MSP Metrics using max entropy along path:
	AUROC 0.7199520000000001
	TNR 0.16400000000000003
	AUOUT 0.15967602873552467
2022-09-26 22:31:16,791 - INFO - ODIN Metrics using max entropy along path:
	AUROC 0.8528571428571429
	TNR 0.33599999999999997
	AUOUT 0.24739347165607461
2022-09-26 22:31:16,791 - INFO - MSP Metrics using predicted activations:
	AUROC 0.726593142857143
	TNR 0.19599999999999995
	AUOUT 0.15918054109687385
2022-09-26 22:31:16,791 - INFO - ODIN Metrics using predicted activations:
	AUROC 0.39962057142857144
	TNR 0.008000000000000007
	AUOUT 0.050106842946845316
2022-09-26 22:31:16,791 - INFO - MSP Metrics using mean entropy along path:
	AUROC 0.6955051428571428
	TNR 0.12
	AUOUT 0.12787616196231988
2022-09-26 22:31:16,791 - INFO - ODIN Metrics using mean entropy along path:
	AUROC 0.43749828571428573
	TNR 0.10799999999999998
	AUOUT 0.07496733008249166
2022-09-26 22:31:16,791 - INFO - MSP Metrics using min entropy along path:
	AUROC 0.28774057142857135
	TNR 0.05600000000000005
	AUOUT 0.05327641447674677
2022-09-26 22:31:16,791 - INFO - ODIN Metrics using min entropy along path:
	AUROC 0.28711771428571425
	TNR 0.05600000000000005
	AUOUT 0.05289448010509108
2022-09-26 22:31:16,791 - INFO - OOD Path entropy min idx (msp): [0. 1. 4.], [ 89   3 158]
2022-09-26 22:31:16,791 - INFO - OOD Path entropy min idx (odin): [0. 4.], [ 92 158]
2022-09-26 22:31:16,791 - INFO - OOD Dataset: balanced100-fineood
2022-09-26 22:31:16,791 - INFO - MSP AUROC Synset Performance
2022-09-26 22:31:16,791 - INFO - [-1, -1, -1, -1, -1, -1, -1, -1, -1, -1, -1, -1, -1, -1, -1, -1, -1, -1, -1, -1, -1, -1, -1, -1, -0.0, 0.6921097142857143, 0.7269211428571427, 0.7319422857142858]
2022-09-26 22:31:16,791 - INFO - MSP TNR Synset Performance
2022-09-26 22:31:16,791 - INFO - [-1, -1, -1, -1, -1, -1, -1, -1, -1, -1, -1, -1, -1, -1, -1, -1, -1, -1, -1, -1, -1, -1, -1, -1, 0.0, 0.16800000000000004, 0.22799999999999998, 0.236]
2022-09-26 22:31:16,791 - INFO - MSP AUOUT Synset Performance
2022-09-26 22:31:16,791 - INFO - [-1, -1, -1, -1, -1, -1, -1, -1, -1, -1, -1, -1, -1, -1, -1, -1, -1, -1, -1, -1, -1, -1, -1, -1, 0.06528024046762752, 0.25427012194209003, 0.3075310538472232, 0.313538231898686]
2022-09-26 22:31:16,791 - INFO - ODIN AUROC Synset Performance
2022-09-26 22:31:16,792 - INFO - [-1, -1, -1, -1, -1, -1, -1, -1, -1, -1, -1, -1, -1, -1, -1, -1, -1, -1, -1, -1, -1, -1, -1, -1, -0.0, 0.7000582857142857, 0.2782228571428571, 0.3862668571428572]
2022-09-26 22:31:16,792 - INFO - ODIN TNR Synset Performance
2022-09-26 22:31:16,792 - INFO - [-1, -1, -1, -1, -1, -1, -1, -1, -1, -1, -1, -1, -1, -1, -1, -1, -1, -1, -1, -1, -1, -1, -1, -1, 0.0, 0.28, 0.0020000000000000018, 0.09999999999999998]
2022-09-26 22:31:16,792 - INFO - ODIN AUOUT Synset Performance
2022-09-26 22:31:16,792 - INFO - [-1, -1, -1, -1, -1, -1, -1, -1, -1, -1, -1, -1, -1, -1, -1, -1, -1, -1, -1, -1, -1, -1, -1, -1, 0.06528024046762752, 0.3211555369470704, 0.08074927932092368, 0.1265392869902875]
2022-09-26 22:31:16,792 - INFO - MSP Metrics using max activations accumulated across all appropriate synsets:
	AUROC -0.0
	TNR 0.0
	AUOUT 0.06528024046762752
2022-09-26 22:31:16,792 - INFO - ODIN Metrics using max activations accumulated across all appropriate synsets:
	AUROC -0.0
	TNR 0.0
	AUOUT 0.06528024046762752
2022-09-26 22:31:16,792 - INFO - MSP Metrics using max entropy along path:
	AUROC 0.6921097142857143
	TNR 0.16800000000000004
	AUOUT 0.25427012194209003
2022-09-26 22:31:16,792 - INFO - ODIN Metrics using max entropy along path:
	AUROC 0.7000582857142857
	TNR 0.28
	AUOUT 0.3211555369470704
2022-09-26 22:31:16,792 - INFO - MSP Metrics using predicted activations:
	AUROC 0.7269211428571427
	TNR 0.22799999999999998
	AUOUT 0.3075310538472232
2022-09-26 22:31:16,792 - INFO - ODIN Metrics using predicted activations:
	AUROC 0.2782228571428571
	TNR 0.0020000000000000018
	AUOUT 0.08074927932092368
2022-09-26 22:31:16,792 - INFO - MSP Metrics using mean entropy along path:
	AUROC 0.7319422857142858
	TNR 0.236
	AUOUT 0.313538231898686
2022-09-26 22:31:16,792 - INFO - ODIN Metrics using mean entropy along path:
	AUROC 0.3862668571428572
	TNR 0.09999999999999998
	AUOUT 0.1265392869902875
2022-09-26 22:31:16,792 - INFO - MSP Metrics using min entropy along path:
	AUROC 0.7637222857142857
	TNR 0.254
	AUOUT 0.33799818885386523
2022-09-26 22:31:16,792 - INFO - ODIN Metrics using min entropy along path:
	AUROC 0.7619114285714285
	TNR 0.25
	AUOUT 0.32688320909290725
2022-09-26 22:31:16,792 - INFO - OOD Path entropy min idx (msp): [0. 1. 2. 3. 4.], [436  28   8   1  27]
2022-09-26 22:31:16,792 - INFO - OOD Path entropy min idx (odin): [0. 3. 4.], [472   1  27]
2022-09-26 22:31:16,792 - INFO - OOD Dataset: balanced100-finemediumood
2022-09-26 22:31:16,792 - INFO - MSP AUROC Synset Performance
2022-09-26 22:31:16,792 - INFO - [-1, -1, -1, -1, -1, -1, -1, -1, -1, -1, -1, -1, -1, -1, -1, -1, -1, -1, -1, -1, -1, -1, -1, -1, -0.0, 0.7013904761904762, 0.7268118095238095, 0.7197965714285715]
2022-09-26 22:31:16,792 - INFO - MSP TNR Synset Performance
2022-09-26 22:31:16,792 - INFO - [-1, -1, -1, -1, -1, -1, -1, -1, -1, -1, -1, -1, -1, -1, -1, -1, -1, -1, -1, -1, -1, -1, -1, -1, 0.0, 0.16666666666666663, 0.21733333333333338, 0.19733333333333336]
2022-09-26 22:31:16,793 - INFO - MSP AUOUT Synset Performance
2022-09-26 22:31:16,793 - INFO - [-1, -1, -1, -1, -1, -1, -1, -1, -1, -1, -1, -1, -1, -1, -1, -1, -1, -1, -1, -1, -1, -1, -1, -1, 0.09393858905968093, 0.3391118101117994, 0.37932147331622706, 0.3659671168484778]
2022-09-26 22:31:16,793 - INFO - ODIN AUROC Synset Performance
2022-09-26 22:31:16,793 - INFO - [-1, -1, -1, -1, -1, -1, -1, -1, -1, -1, -1, -1, -1, -1, -1, -1, -1, -1, -1, -1, -1, -1, -1, -1, -0.0, 0.7509912380952382, 0.31868876190476186, 0.40334400000000004]
2022-09-26 22:31:16,793 - INFO - ODIN TNR Synset Performance
2022-09-26 22:31:16,793 - INFO - [-1, -1, -1, -1, -1, -1, -1, -1, -1, -1, -1, -1, -1, -1, -1, -1, -1, -1, -1, -1, -1, -1, -1, -1, 0.0, 0.29866666666666664, 0.0040000000000000036, 0.10266666666666668]
2022-09-26 22:31:16,793 - INFO - ODIN AUOUT Synset Performance
2022-09-26 22:31:16,793 - INFO - [-1, -1, -1, -1, -1, -1, -1, -1, -1, -1, -1, -1, -1, -1, -1, -1, -1, -1, -1, -1, -1, -1, -1, -1, 0.09393858905968093, 0.43252356970491324, 0.12120343413737988, 0.17852750026940467]
2022-09-26 22:31:16,793 - INFO - MSP Metrics using max activations accumulated across all appropriate synsets:
	AUROC -0.0
	TNR 0.0
	AUOUT 0.09393858905968093
2022-09-26 22:31:16,793 - INFO - ODIN Metrics using max activations accumulated across all appropriate synsets:
	AUROC -0.0
	TNR 0.0
	AUOUT 0.09393858905968093
2022-09-26 22:31:16,793 - INFO - MSP Metrics using max entropy along path:
	AUROC 0.7013904761904762
	TNR 0.16666666666666663
	AUOUT 0.3391118101117994
2022-09-26 22:31:16,793 - INFO - ODIN Metrics using max entropy along path:
	AUROC 0.7509912380952382
	TNR 0.29866666666666664
	AUOUT 0.43252356970491324
2022-09-26 22:31:16,793 - INFO - MSP Metrics using predicted activations:
	AUROC 0.7268118095238095
	TNR 0.21733333333333338
	AUOUT 0.37932147331622706
2022-09-26 22:31:16,793 - INFO - ODIN Metrics using predicted activations:
	AUROC 0.31868876190476186
	TNR 0.0040000000000000036
	AUOUT 0.12120343413737988
2022-09-26 22:31:16,793 - INFO - MSP Metrics using mean entropy along path:
	AUROC 0.7197965714285715
	TNR 0.19733333333333336
	AUOUT 0.3659671168484778
2022-09-26 22:31:16,793 - INFO - ODIN Metrics using mean entropy along path:
	AUROC 0.40334400000000004
	TNR 0.10266666666666668
	AUOUT 0.17852750026940467
2022-09-26 22:31:16,793 - INFO - MSP Metrics using min entropy along path:
	AUROC 0.6050617142857143
	TNR 0.18799999999999994
	AUOUT 0.3203612456116793
2022-09-26 22:31:16,793 - INFO - ODIN Metrics using min entropy along path:
	AUROC 0.603646857142857
	TNR 0.18533333333333335
	AUOUT 0.312395111285662
2022-09-26 22:31:16,793 - INFO - OOD Path entropy min idx (msp): [0. 1. 2. 3. 4.], [525  31   8   1 185]
2022-09-26 22:31:16,793 - INFO - OOD Path entropy min idx (odin): [0. 3. 4.], [564   1 185]
2022-09-26 22:31:27,152 - INFO - Computing OOD Statistics...
2022-09-26 22:31:43,138 - INFO - Computing OOD Statistics...
2022-09-26 22:32:09,945 - INFO - Computing OOD Statistics...
2022-09-26 22:32:22,576 - INFO - Computing OOD Statistics...
2022-09-26 22:32:30,211 - INFO - Computing OOD Statistics...
2022-09-26 22:32:33,297 - INFO - Computing OOD Statistics...
2022-09-26 22:32:36,120 - INFO - Computing OOD Statistics...
2022-09-26 22:32:39,284 - INFO - Computing OOD Statistics...
2022-09-26 22:32:42,648 - INFO - Computing OOD Statistics...
2022-09-26 22:32:42,663 - INFO - OOD Dataset: OOD
2022-09-26 22:32:42,663 - INFO - MSP AUROC [0.7916624761904762]
2022-09-26 22:32:42,663 - INFO - MSP TNR [0.5593333333333333]
2022-09-26 22:32:42,663 - INFO - MSP AUOUT [0.7397977368331288]
2022-09-26 22:32:42,663 - INFO - ODIN AUROC [0.8379584761904761]
2022-09-26 22:32:42,663 - INFO - ODIN TNR [0.5653333333333334]
2022-09-26 22:32:42,663 - INFO - ODIN AUOUT [0.7680139200463826]
2022-09-26 22:32:42,663 - INFO - OOD Dataset: iNaturalist
2022-09-26 22:32:42,663 - INFO - MSP AUROC [0.9328999142857143]
2022-09-26 22:32:42,663 - INFO - MSP TNR [0.5668]
2022-09-26 22:32:42,663 - INFO - MSP AUOUT [0.9628361304792942]
2022-09-26 22:32:42,663 - INFO - ODIN AUROC [0.9417683428571428]
2022-09-26 22:32:42,663 - INFO - ODIN TNR [0.5992999999999999]
2022-09-26 22:32:42,663 - INFO - ODIN AUOUT [0.965898551347054]
2022-09-26 22:32:42,663 - INFO - OOD Dataset: SUN
2022-09-26 22:32:42,663 - INFO - MSP AUROC [0.9428735142857143]
2022-09-26 22:32:42,663 - INFO - MSP TNR [0.7776000000000001]
2022-09-26 22:32:42,663 - INFO - MSP AUOUT [0.97515966318073]
2022-09-26 22:32:42,663 - INFO - ODIN AUROC [0.9581055428571428]
2022-09-26 22:32:42,663 - INFO - ODIN TNR [0.7872]
2022-09-26 22:32:42,663 - INFO - ODIN AUOUT [0.9794927425432481]
2022-09-26 22:32:42,663 - INFO - OOD Dataset: Places
2022-09-26 22:32:42,663 - INFO - MSP AUROC [0.9288552857142857]
2022-09-26 22:32:42,663 - INFO - MSP TNR [0.742]
2022-09-26 22:32:42,663 - INFO - MSP AUOUT [0.9709570986490363]
2022-09-26 22:32:42,663 - INFO - ODIN AUROC [0.9464251428571427]
2022-09-26 22:32:42,663 - INFO - ODIN TNR [0.7493000000000001]
2022-09-26 22:32:42,663 - INFO - ODIN AUOUT [0.9759493756883737]
2022-09-26 22:32:42,663 - INFO - OOD Dataset: Textures
2022-09-26 22:32:42,663 - INFO - MSP AUROC [0.9295080547112462]
2022-09-26 22:32:42,663 - INFO - MSP TNR [0.750531914893617]
2022-09-26 22:32:42,663 - INFO - MSP AUOUT [0.955168479494972]
2022-09-26 22:32:42,664 - INFO - ODIN AUROC [0.9465746200607903]
2022-09-26 22:32:42,664 - INFO - ODIN TNR [0.7581560283687944]
2022-09-26 22:32:42,664 - INFO - ODIN AUOUT [0.9624611944814145]
2022-09-26 22:32:42,664 - INFO - OOD Dataset: balanced100-coarseood
2022-09-26 22:32:42,664 - INFO - MSP AUROC [0.9811668571428571]
2022-09-26 22:32:42,664 - INFO - MSP TNR [0.9319999999999999]
2022-09-26 22:32:42,664 - INFO - MSP AUOUT [0.907375988746903]
2022-09-26 22:32:42,664 - INFO - ODIN AUROC [0.984240380952381]
2022-09-26 22:32:42,664 - INFO - ODIN TNR [0.9413333333333334]
2022-09-26 22:32:42,664 - INFO - ODIN AUOUT [0.9112627149542435]
2022-09-26 22:32:42,664 - INFO - OOD Dataset: balanced100-mediumood
2022-09-26 22:32:42,664 - INFO - MSP AUROC [0.5256022857142857]
2022-09-26 22:32:42,664 - INFO - MSP TNR [0.07199999999999995]
2022-09-26 22:32:42,664 - INFO - MSP AUOUT [0.08005132007659257]
2022-09-26 22:32:42,664 - INFO - ODIN AUROC [0.5887542857142858]
2022-09-26 22:32:42,664 - INFO - ODIN TNR [0.07199999999999995]
2022-09-26 22:32:42,664 - INFO - ODIN AUOUT [0.09214707936130159]
2022-09-26 22:32:42,664 - INFO - OOD Dataset: balanced100-fineood
2022-09-26 22:32:42,664 - INFO - MSP AUROC [0.640436]
2022-09-26 22:32:42,664 - INFO - MSP TNR [0.244]
2022-09-26 22:32:42,664 - INFO - MSP AUOUT [0.2971383308617328]
2022-09-26 22:32:42,664 - INFO - ODIN AUROC [0.7431377142857143]
2022-09-26 22:32:42,664 - INFO - ODIN TNR [0.248]
2022-09-26 22:32:42,664 - INFO - ODIN AUOUT [0.3372773440072975]
2022-09-26 22:32:42,664 - INFO - OOD Dataset: balanced100-finemediumood
2022-09-26 22:32:42,664 - INFO - MSP AUROC [0.6021580952380953]
2022-09-26 22:32:42,664 - INFO - MSP TNR [0.18666666666666665]
2022-09-26 22:32:42,664 - INFO - MSP AUOUT [0.3153305930047788]
2022-09-26 22:32:42,664 - INFO - ODIN AUROC [0.6916765714285715]
2022-09-26 22:32:42,664 - INFO - ODIN TNR [0.18933333333333335]
2022-09-26 22:32:42,664 - INFO - ODIN AUOUT [0.3566571258516788]
