2022-04-28 10:33:46,598 - INFO - ==> Preparing data..
2022-04-28 10:33:46,908 - INFO - # ID Test: 4150
2022-04-28 10:33:46,908 - INFO - # OOD: 850
2022-04-28 10:33:46,937 - INFO - # iNaturalist: 10000
2022-04-28 10:33:46,965 - INFO - # SUN: 10000
2022-04-28 10:33:46,994 - INFO - # Places: 10000
2022-04-28 10:33:47,010 - INFO - # Textures: 5640
2022-04-28 10:33:47,012 - INFO - # coarseid-coarseood: 750
2022-04-28 10:33:47,013 - INFO - # coarseid-fineood: 100
2022-04-28 10:34:00,210 - INFO - Accuracy Results
2022-04-28 10:34:00,211 - INFO - Mean Synset Accuracy: 0.8625153303146362
2022-04-28 10:34:00,211 - INFO - Top-1 Accuracy: 0.7279518246650696
2022-04-28 10:34:00,211 - INFO - Pred Accuracy: 0.7296385765075684
2022-04-28 10:34:00,211 - INFO - Synset Accuracies:
2022-04-28 10:34:00,212 - INFO - [0.97590363 0.936      0.9497059  0.72       0.852      0.808
 0.916      0.928      0.9023256  0.99       0.816      0.952
 0.748      0.764      0.95894736 0.952      0.928      0.696
 0.88       0.78       0.712      0.832      0.704      0.912
 0.95      ]
2022-04-28 10:34:00,212 - INFO - Error Depth:
2022-04-28 10:34:00,212 - INFO - 	Num. Errors at Depth 0 = 43.0
2022-04-28 10:34:00,212 - INFO - 	Num. Errors at Depth 1 = 108.0
2022-04-28 10:34:00,212 - INFO - 	Num. Errors at Depth 2 = 362.0
2022-04-28 10:34:00,212 - INFO - 	Num. Errors at Depth 3 = 366.0
2022-04-28 10:34:00,212 - INFO - 	Num. Errors at Depth 4 = 156.0
2022-04-28 10:34:00,212 - INFO - 	Num. Errors at Depth 5 = 94.0
2022-04-28 10:34:00,212 - INFO - 	Num. Errors at Depth -1 = 3021.0
2022-04-28 10:34:00,212 - INFO - OOD Results
2022-04-28 10:34:11,612 - INFO - Computing OOD Statistics...
2022-04-28 10:34:31,165 - INFO - Computing OOD Statistics...
2022-04-28 10:34:53,023 - INFO - Computing OOD Statistics...
2022-04-28 10:35:10,242 - INFO - Computing OOD Statistics...
2022-04-28 10:35:21,157 - INFO - Computing OOD Statistics...
2022-04-28 10:35:24,278 - INFO - Computing OOD Statistics...
2022-04-28 10:35:26,067 - INFO - Computing OOD Statistics...
2022-04-28 10:35:26,103 - INFO - OOD Dataset: OOD
2022-04-28 10:35:26,103 - INFO - MSP AUROC Synset Performance
2022-04-28 10:35:26,103 - INFO - [-1, -1, -1, -1, -1, -1, -1, -1, -1, -1, -1, -1, -1, -1, -1, -1, -1, -1, -1, -1, -1, -1, -1, -1, -1, -0.0, 0.8279070163004961, 0.8535991495393338, 0.8845133947554926]
2022-04-28 10:35:26,103 - INFO - MSP TNR Synset Performance
2022-04-28 10:35:26,103 - INFO - [-1, -1, -1, -1, -1, -1, -1, -1, -1, -1, -1, -1, -1, -1, -1, -1, -1, -1, -1, -1, -1, -1, -1, -1, -1, 0.0, 0.22941176470588232, 0.3564705882352941, 0.46705882352941175]
2022-04-28 10:35:26,104 - INFO - MSP AUOUT Synset Performance
2022-04-28 10:35:26,104 - INFO - [-1, -1, -1, -1, -1, -1, -1, -1, -1, -1, -1, -1, -1, -1, -1, -1, -1, -1, -1, -1, -1, -1, -1, -1, -1, 0.09027322853919331, 0.43085571643233544, 0.5222673652667369, 0.6196495097967974]
2022-04-28 10:35:26,104 - INFO - ODIN AUROC Synset Performance
2022-04-28 10:35:26,104 - INFO - [-1, -1, -1, -1, -1, -1, -1, -1, -1, -1, -1, -1, -1, -1, -1, -1, -1, -1, -1, -1, -1, -1, -1, -1, -1, -0.0, 0.5826489014883062, 0.5863637136782424, 0.5448459248759745]
2022-04-28 10:35:26,104 - INFO - ODIN TNR Synset Performance
2022-04-28 10:35:26,104 - INFO - [-1, -1, -1, -1, -1, -1, -1, -1, -1, -1, -1, -1, -1, -1, -1, -1, -1, -1, -1, -1, -1, -1, -1, -1, -1, 0.0, 0.14941176470588236, 0.01764705882352946, 0.0694117647058824]
2022-04-28 10:35:26,104 - INFO - ODIN AUOUT Synset Performance
2022-04-28 10:35:26,104 - INFO - [-1, -1, -1, -1, -1, -1, -1, -1, -1, -1, -1, -1, -1, -1, -1, -1, -1, -1, -1, -1, -1, -1, -1, -1, -1, 0.09027322853919331, 0.23229705382637011, 0.1854902045903577, 0.18272082565100473]
2022-04-28 10:35:26,104 - INFO - MSP Metrics using max activations accumulated across all appropriate synsets:
	AUROC -0.0
	TNR 0.0
	AUOUT 0.09027322853919331
2022-04-28 10:35:26,104 - INFO - ODIN Metrics using max activations accumulated across all appropriate synsets:
	AUROC -0.0
	TNR 0.0
	AUOUT 0.09027322853919331
2022-04-28 10:35:26,104 - INFO - MSP Metrics using max entropy along path:
	AUROC 0.8279070163004961
	TNR 0.22941176470588232
	AUOUT 0.43085571643233544
2022-04-28 10:35:26,104 - INFO - ODIN Metrics using max entropy along path:
	AUROC 0.5826489014883062
	TNR 0.14941176470588236
	AUOUT 0.23229705382637011
2022-04-28 10:35:26,104 - INFO - MSP Metrics using predicted activations:
	AUROC 0.8535991495393338
	TNR 0.3564705882352941
	AUOUT 0.5222673652667369
2022-04-28 10:35:26,104 - INFO - ODIN Metrics using predicted activations:
	AUROC 0.5863637136782424
	TNR 0.01764705882352946
	AUOUT 0.1854902045903577
2022-04-28 10:35:26,104 - INFO - MSP Metrics using mean entropy along path:
	AUROC 0.8845133947554926
	TNR 0.46705882352941175
	AUOUT 0.6196495097967974
2022-04-28 10:35:26,104 - INFO - ODIN Metrics using mean entropy along path:
	AUROC 0.5448459248759745
	TNR 0.0694117647058824
	AUOUT 0.18272082565100473
2022-04-28 10:35:26,104 - INFO - MSP Metrics using min entropy along path:
	AUROC 0.898386392629341
	TNR 0.5623529411764706
	AUOUT 0.6664609561610662
2022-04-28 10:35:26,104 - INFO - ODIN Metrics using min entropy along path:
	AUROC 0.8765442948263643
	TNR 0.38470588235294123
	AUOUT 0.5174892071990858
2022-04-28 10:35:26,105 - INFO - OOD Path entropy min idx (msp): [0. 1. 2. 3. 4. 5.], [324 250 182  73  18   3]
2022-04-28 10:35:26,105 - INFO - OOD Path entropy min idx (odin): [0. 3. 4.], [817   9  24]
2022-04-28 10:35:26,105 - INFO - OOD Dataset: iNaturalist
2022-04-28 10:35:26,105 - INFO - MSP AUROC Synset Performance
2022-04-28 10:35:26,105 - INFO - [-1, -1, -1, -1, -1, -1, -1, -1, -1, -1, -1, -1, -1, -1, -1, -1, -1, -1, -1, -1, -1, -1, -1, -1, -1, -0.0, 0.8788883614457831, 0.889678361445783, 0.8913809397590361]
2022-04-28 10:35:26,105 - INFO - MSP TNR Synset Performance
2022-04-28 10:35:26,105 - INFO - [-1, -1, -1, -1, -1, -1, -1, -1, -1, -1, -1, -1, -1, -1, -1, -1, -1, -1, -1, -1, -1, -1, -1, -1, -1, 0.0, 0.3861, 0.46599999999999997, 0.42179999999999995]
2022-04-28 10:35:26,105 - INFO - MSP AUOUT Synset Performance
2022-04-28 10:35:26,105 - INFO - [-1, -1, -1, -1, -1, -1, -1, -1, -1, -1, -1, -1, -1, -1, -1, -1, -1, -1, -1, -1, -1, -1, -1, -1, -1, 0.4909583878783369, 0.9327729373668607, 0.9416781722543565, 0.9369239818130982]
2022-04-28 10:35:26,105 - INFO - ODIN AUROC Synset Performance
2022-04-28 10:35:26,105 - INFO - [-1, -1, -1, -1, -1, -1, -1, -1, -1, -1, -1, -1, -1, -1, -1, -1, -1, -1, -1, -1, -1, -1, -1, -1, -1, -0.0, 0.6922906024096385, 0.616515156626506, 0.5511973734939759]
2022-04-28 10:35:26,105 - INFO - ODIN TNR Synset Performance
2022-04-28 10:35:26,105 - INFO - [-1, -1, -1, -1, -1, -1, -1, -1, -1, -1, -1, -1, -1, -1, -1, -1, -1, -1, -1, -1, -1, -1, -1, -1, -1, 0.0, 0.41190000000000004, 0.01319999999999999, 0.24750000000000005]
2022-04-28 10:35:26,105 - INFO - ODIN AUOUT Synset Performance
2022-04-28 10:35:26,105 - INFO - [-1, -1, -1, -1, -1, -1, -1, -1, -1, -1, -1, -1, -1, -1, -1, -1, -1, -1, -1, -1, -1, -1, -1, -1, -1, 0.4909583878783369, 0.8590463716420049, 0.7305451194073062, 0.7885714423672457]
2022-04-28 10:35:26,105 - INFO - MSP Metrics using max activations accumulated across all appropriate synsets:
	AUROC -0.0
	TNR 0.0
	AUOUT 0.4909583878783369
2022-04-28 10:35:26,105 - INFO - ODIN Metrics using max activations accumulated across all appropriate synsets:
	AUROC -0.0
	TNR 0.0
	AUOUT 0.4909583878783369
2022-04-28 10:35:26,106 - INFO - MSP Metrics using max entropy along path:
	AUROC 0.8788883614457831
	TNR 0.3861
	AUOUT 0.9327729373668607
2022-04-28 10:35:26,106 - INFO - ODIN Metrics using max entropy along path:
	AUROC 0.6922906024096385
	TNR 0.41190000000000004
	AUOUT 0.8590463716420049
2022-04-28 10:35:26,106 - INFO - MSP Metrics using predicted activations:
	AUROC 0.889678361445783
	TNR 0.46599999999999997
	AUOUT 0.9416781722543565
2022-04-28 10:35:26,106 - INFO - ODIN Metrics using predicted activations:
	AUROC 0.616515156626506
	TNR 0.01319999999999999
	AUOUT 0.7305451194073062
2022-04-28 10:35:26,106 - INFO - MSP Metrics using mean entropy along path:
	AUROC 0.8913809397590361
	TNR 0.42179999999999995
	AUOUT 0.9369239818130982
2022-04-28 10:35:26,106 - INFO - ODIN Metrics using mean entropy along path:
	AUROC 0.5511973734939759
	TNR 0.24750000000000005
	AUOUT 0.7885714423672457
2022-04-28 10:35:26,106 - INFO - MSP Metrics using min entropy along path:
	AUROC 0.8256881204819277
	TNR 0.18210000000000004
	AUOUT 0.8806483859719082
2022-04-28 10:35:26,106 - INFO - ODIN Metrics using min entropy along path:
	AUROC 0.7105876626506024
	TNR 0.05930000000000002
	AUOUT 0.7964419860766343
2022-04-28 10:35:26,106 - INFO - OOD Path entropy min idx (msp): [0. 1. 2. 3. 4. 5.], [7152  630  785 1241  182   10]
2022-04-28 10:35:26,106 - INFO - OOD Path entropy min idx (odin): [0. 3. 4.], [8907  957  136]
2022-04-28 10:35:26,107 - INFO - OOD Dataset: SUN
2022-04-28 10:35:26,107 - INFO - MSP AUROC Synset Performance
2022-04-28 10:35:26,107 - INFO - [-1, -1, -1, -1, -1, -1, -1, -1, -1, -1, -1, -1, -1, -1, -1, -1, -1, -1, -1, -1, -1, -1, -1, -1, -1, -0.0, 0.8711211807228917, 0.8983099277108434, 0.902440795180723]
2022-04-28 10:35:26,107 - INFO - MSP TNR Synset Performance
2022-04-28 10:35:26,107 - INFO - [-1, -1, -1, -1, -1, -1, -1, -1, -1, -1, -1, -1, -1, -1, -1, -1, -1, -1, -1, -1, -1, -1, -1, -1, -1, 0.0, 0.3326, 0.4657, 0.40780000000000005]
2022-04-28 10:35:26,107 - INFO - MSP AUOUT Synset Performance
2022-04-28 10:35:26,107 - INFO - [-1, -1, -1, -1, -1, -1, -1, -1, -1, -1, -1, -1, -1, -1, -1, -1, -1, -1, -1, -1, -1, -1, -1, -1, -1, 0.4909583878783369, 0.9225111695924652, 0.9439039488213424, 0.9387352658849462]
2022-04-28 10:35:26,107 - INFO - ODIN AUROC Synset Performance
2022-04-28 10:35:26,107 - INFO - [-1, -1, -1, -1, -1, -1, -1, -1, -1, -1, -1, -1, -1, -1, -1, -1, -1, -1, -1, -1, -1, -1, -1, -1, -1, -0.0, 0.8151859759036144, 0.67973578313253, 0.7094141686746988]
2022-04-28 10:35:26,107 - INFO - ODIN TNR Synset Performance
2022-04-28 10:35:26,107 - INFO - [-1, -1, -1, -1, -1, -1, -1, -1, -1, -1, -1, -1, -1, -1, -1, -1, -1, -1, -1, -1, -1, -1, -1, -1, -1, 0.0, 0.5126, 0.057499999999999996, 0.2609]
2022-04-28 10:35:26,107 - INFO - ODIN AUOUT Synset Performance
2022-04-28 10:35:26,107 - INFO - [-1, -1, -1, -1, -1, -1, -1, -1, -1, -1, -1, -1, -1, -1, -1, -1, -1, -1, -1, -1, -1, -1, -1, -1, -1, 0.4909583878783369, 0.9148655819040137, 0.7860735937676255, 0.8483063851269599]
2022-04-28 10:35:26,107 - INFO - MSP Metrics using max activations accumulated across all appropriate synsets:
	AUROC -0.0
	TNR 0.0
	AUOUT 0.4909583878783369
2022-04-28 10:35:26,107 - INFO - ODIN Metrics using max activations accumulated across all appropriate synsets:
	AUROC -0.0
	TNR 0.0
	AUOUT 0.4909583878783369
2022-04-28 10:35:26,107 - INFO - MSP Metrics using max entropy along path:
	AUROC 0.8711211807228917
	TNR 0.3326
	AUOUT 0.9225111695924652
2022-04-28 10:35:26,107 - INFO - ODIN Metrics using max entropy along path:
	AUROC 0.8151859759036144
	TNR 0.5126
	AUOUT 0.9148655819040137
2022-04-28 10:35:26,107 - INFO - MSP Metrics using predicted activations:
	AUROC 0.8983099277108434
	TNR 0.4657
	AUOUT 0.9439039488213424
2022-04-28 10:35:26,107 - INFO - ODIN Metrics using predicted activations:
	AUROC 0.67973578313253
	TNR 0.057499999999999996
	AUOUT 0.7860735937676255
2022-04-28 10:35:26,107 - INFO - MSP Metrics using mean entropy along path:
	AUROC 0.902440795180723
	TNR 0.40780000000000005
	AUOUT 0.9387352658849462
2022-04-28 10:35:26,107 - INFO - ODIN Metrics using mean entropy along path:
	AUROC 0.7094141686746988
	TNR 0.2609
	AUOUT 0.8483063851269599
2022-04-28 10:35:26,107 - INFO - MSP Metrics using min entropy along path:
	AUROC 0.9040248192771084
	TNR 0.38880000000000003
	AUOUT 0.9365167634061563
2022-04-28 10:35:26,107 - INFO - ODIN Metrics using min entropy along path:
	AUROC 0.8600286746987953
	TNR 0.23750000000000004
	AUOUT 0.8946123961560254
2022-04-28 10:35:26,108 - INFO - OOD Path entropy min idx (msp): [0. 1. 2. 3. 4. 5.], [4052 3477 1118  865  422   66]
2022-04-28 10:35:26,108 - INFO - OOD Path entropy min idx (odin): [0. 3. 4.], [9427  160  413]
2022-04-28 10:35:26,108 - INFO - OOD Dataset: Places
2022-04-28 10:35:26,108 - INFO - MSP AUROC Synset Performance
2022-04-28 10:35:26,108 - INFO - [-1, -1, -1, -1, -1, -1, -1, -1, -1, -1, -1, -1, -1, -1, -1, -1, -1, -1, -1, -1, -1, -1, -1, -1, -1, -0.0, 0.8556277831325303, 0.8819788433734941, 0.8914509638554217]
2022-04-28 10:35:26,108 - INFO - MSP TNR Synset Performance
2022-04-28 10:35:26,108 - INFO - [-1, -1, -1, -1, -1, -1, -1, -1, -1, -1, -1, -1, -1, -1, -1, -1, -1, -1, -1, -1, -1, -1, -1, -1, -1, 0.0, 0.29900000000000004, 0.4161, 0.38539999999999996]
2022-04-28 10:35:26,108 - INFO - MSP AUOUT Synset Performance
2022-04-28 10:35:26,108 - INFO - [-1, -1, -1, -1, -1, -1, -1, -1, -1, -1, -1, -1, -1, -1, -1, -1, -1, -1, -1, -1, -1, -1, -1, -1, -1, 0.4909583878783369, 0.9139138904840917, 0.9341769458388081, 0.9338898700818727]
2022-04-28 10:35:26,108 - INFO - ODIN AUROC Synset Performance
2022-04-28 10:35:26,108 - INFO - [-1, -1, -1, -1, -1, -1, -1, -1, -1, -1, -1, -1, -1, -1, -1, -1, -1, -1, -1, -1, -1, -1, -1, -1, -1, -0.0, 0.785074313253012, 0.6673036144578314, 0.6958976385542168]
2022-04-28 10:35:26,108 - INFO - ODIN TNR Synset Performance
2022-04-28 10:35:26,108 - INFO - [-1, -1, -1, -1, -1, -1, -1, -1, -1, -1, -1, -1, -1, -1, -1, -1, -1, -1, -1, -1, -1, -1, -1, -1, -1, 0.0, 0.4588, 0.06279999999999997, 0.2612]
2022-04-28 10:35:26,108 - INFO - ODIN AUOUT Synset Performance
2022-04-28 10:35:26,108 - INFO - [-1, -1, -1, -1, -1, -1, -1, -1, -1, -1, -1, -1, -1, -1, -1, -1, -1, -1, -1, -1, -1, -1, -1, -1, -1, 0.4909583878783369, 0.9004460039126971, 0.7820166826103135, 0.844488734796486]
2022-04-28 10:35:26,108 - INFO - MSP Metrics using max activations accumulated across all appropriate synsets:
	AUROC -0.0
	TNR 0.0
	AUOUT 0.4909583878783369
2022-04-28 10:35:26,108 - INFO - ODIN Metrics using max activations accumulated across all appropriate synsets:
	AUROC -0.0
	TNR 0.0
	AUOUT 0.4909583878783369
2022-04-28 10:35:26,108 - INFO - MSP Metrics using max entropy along path:
	AUROC 0.8556277831325303
	TNR 0.29900000000000004
	AUOUT 0.9139138904840917
2022-04-28 10:35:26,109 - INFO - ODIN Metrics using max entropy along path:
	AUROC 0.785074313253012
	TNR 0.4588
	AUOUT 0.9004460039126971
2022-04-28 10:35:26,109 - INFO - MSP Metrics using predicted activations:
	AUROC 0.8819788433734941
	TNR 0.4161
	AUOUT 0.9341769458388081
2022-04-28 10:35:26,109 - INFO - ODIN Metrics using predicted activations:
	AUROC 0.6673036144578314
	TNR 0.06279999999999997
	AUOUT 0.7820166826103135
2022-04-28 10:35:26,109 - INFO - MSP Metrics using mean entropy along path:
	AUROC 0.8914509638554217
	TNR 0.38539999999999996
	AUOUT 0.9338898700818727
2022-04-28 10:35:26,109 - INFO - ODIN Metrics using mean entropy along path:
	AUROC 0.6958976385542168
	TNR 0.2612
	AUOUT 0.844488734796486
2022-04-28 10:35:26,109 - INFO - MSP Metrics using min entropy along path:
	AUROC 0.8959835421686746
	TNR 0.396
	AUOUT 0.9352776354562133
2022-04-28 10:35:26,109 - INFO - ODIN Metrics using min entropy along path:
	AUROC 0.8539546987951807
	TNR 0.2569
	AUOUT 0.8941523830823983
2022-04-28 10:35:26,109 - INFO - OOD Path entropy min idx (msp): [0. 1. 2. 3. 4. 5.], [4006 3333 1186 1027  384   64]
2022-04-28 10:35:26,109 - INFO - OOD Path entropy min idx (odin): [0. 3. 4.], [9443  191  366]
2022-04-28 10:35:26,109 - INFO - OOD Dataset: Textures
2022-04-28 10:35:26,109 - INFO - MSP AUROC Synset Performance
2022-04-28 10:35:26,110 - INFO - [-1, -1, -1, -1, -1, -1, -1, -1, -1, -1, -1, -1, -1, -1, -1, -1, -1, -1, -1, -1, -1, -1, -1, -1, -1, -0.0, 0.8211685892506195, 0.8519986755532769, 0.8684541143296591]
2022-04-28 10:35:26,110 - INFO - MSP TNR Synset Performance
2022-04-28 10:35:26,110 - INFO - [-1, -1, -1, -1, -1, -1, -1, -1, -1, -1, -1, -1, -1, -1, -1, -1, -1, -1, -1, -1, -1, -1, -1, -1, -1, 0.0, 0.23670212765957444, 0.39539007092198586, 0.38776595744680853]
2022-04-28 10:35:26,110 - INFO - MSP AUOUT Synset Performance
2022-04-28 10:35:26,110 - INFO - [-1, -1, -1, -1, -1, -1, -1, -1, -1, -1, -1, -1, -1, -1, -1, -1, -1, -1, -1, -1, -1, -1, -1, -1, -1, 0.36848395850775695, 0.8290829988905694, 0.8755488497798495, 0.8816705361892293]
2022-04-28 10:35:26,110 - INFO - ODIN AUROC Synset Performance
2022-04-28 10:35:26,110 - INFO - [-1, -1, -1, -1, -1, -1, -1, -1, -1, -1, -1, -1, -1, -1, -1, -1, -1, -1, -1, -1, -1, -1, -1, -1, -1, -0.0, 0.6048618302999231, 0.5428305135435358, 0.5563509356575237]
2022-04-28 10:35:26,110 - INFO - ODIN TNR Synset Performance
2022-04-28 10:35:26,110 - INFO - [-1, -1, -1, -1, -1, -1, -1, -1, -1, -1, -1, -1, -1, -1, -1, -1, -1, -1, -1, -1, -1, -1, -1, -1, -1, 0.0, 0.25567375886524824, 0.03900709219858156, 0.224290780141844]
2022-04-28 10:35:26,110 - INFO - ODIN AUOUT Synset Performance
2022-04-28 10:35:26,110 - INFO - [-1, -1, -1, -1, -1, -1, -1, -1, -1, -1, -1, -1, -1, -1, -1, -1, -1, -1, -1, -1, -1, -1, -1, -1, -1, 0.36848395850775695, 0.708790181871824, 0.5892277426278787, 0.6772048914413877]
2022-04-28 10:35:26,110 - INFO - MSP Metrics using max activations accumulated across all appropriate synsets:
	AUROC -0.0
	TNR 0.0
	AUOUT 0.36848395850775695
2022-04-28 10:35:26,110 - INFO - ODIN Metrics using max activations accumulated across all appropriate synsets:
	AUROC -0.0
	TNR 0.0
	AUOUT 0.36848395850775695
2022-04-28 10:35:26,110 - INFO - MSP Metrics using max entropy along path:
	AUROC 0.8211685892506195
	TNR 0.23670212765957444
	AUOUT 0.8290829988905694
2022-04-28 10:35:26,110 - INFO - ODIN Metrics using max entropy along path:
	AUROC 0.6048618302999231
	TNR 0.25567375886524824
	AUOUT 0.708790181871824
2022-04-28 10:35:26,110 - INFO - MSP Metrics using predicted activations:
	AUROC 0.8519986755532769
	TNR 0.39539007092198586
	AUOUT 0.8755488497798495
2022-04-28 10:35:26,110 - INFO - ODIN Metrics using predicted activations:
	AUROC 0.5428305135435358
	TNR 0.03900709219858156
	AUOUT 0.5892277426278787
2022-04-28 10:35:26,110 - INFO - MSP Metrics using mean entropy along path:
	AUROC 0.8684541143296591
	TNR 0.38776595744680853
	AUOUT 0.8816705361892293
2022-04-28 10:35:26,110 - INFO - ODIN Metrics using mean entropy along path:
	AUROC 0.5563509356575237
	TNR 0.224290780141844
	AUOUT 0.6772048914413877
2022-04-28 10:35:26,110 - INFO - MSP Metrics using min entropy along path:
	AUROC 0.8697308382466035
	TNR 0.40567375886524826
	AUOUT 0.8817524834756026
2022-04-28 10:35:26,110 - INFO - ODIN Metrics using min entropy along path:
	AUROC 0.8461881141587627
	TNR 0.26205673758865244
	AUOUT 0.8269243334320122
2022-04-28 10:35:26,111 - INFO - OOD Path entropy min idx (msp): [0. 1. 2. 3. 4. 5.], [2312 1082 1204  862  163   17]
2022-04-28 10:35:26,111 - INFO - OOD Path entropy min idx (odin): [0. 3. 4.], [5151  351  138]
2022-04-28 10:35:26,111 - INFO - OOD Dataset: coarseid-coarseood
2022-04-28 10:35:26,111 - INFO - MSP AUROC Synset Performance
2022-04-28 10:35:26,111 - INFO - [-1, -1, -1, -1, -1, -1, -1, -1, -1, -1, -1, -1, -1, -1, -1, -1, -1, -1, -1, -1, -1, -1, -1, -1, -1, -0.0, 0.848725140562249, 0.8768697188755019, 0.9143447389558232]
2022-04-28 10:35:26,111 - INFO - MSP TNR Synset Performance
2022-04-28 10:35:26,111 - INFO - [-1, -1, -1, -1, -1, -1, -1, -1, -1, -1, -1, -1, -1, -1, -1, -1, -1, -1, -1, -1, -1, -1, -1, -1, -1, 0.0, 0.2426666666666667, 0.388, 0.524]
2022-04-28 10:35:26,111 - INFO - MSP AUOUT Synset Performance
2022-04-28 10:35:26,111 - INFO - [-1, -1, -1, -1, -1, -1, -1, -1, -1, -1, -1, -1, -1, -1, -1, -1, -1, -1, -1, -1, -1, -1, -1, -1, -1, 0.08076464026187649, 0.42469146093016535, 0.5280080035035633, 0.6433920545726667]
2022-04-28 10:35:26,111 - INFO - ODIN AUROC Synset Performance
2022-04-28 10:35:26,111 - INFO - [-1, -1, -1, -1, -1, -1, -1, -1, -1, -1, -1, -1, -1, -1, -1, -1, -1, -1, -1, -1, -1, -1, -1, -1, -1, -0.0, 0.5583842570281125, 0.5850171887550201, 0.5328783935742972]
2022-04-28 10:35:26,111 - INFO - ODIN TNR Synset Performance
2022-04-28 10:35:26,111 - INFO - [-1, -1, -1, -1, -1, -1, -1, -1, -1, -1, -1, -1, -1, -1, -1, -1, -1, -1, -1, -1, -1, -1, -1, -1, -1, 0.0, 0.15200000000000002, 0.010666666666666713, 0.07599999999999996]
2022-04-28 10:35:26,111 - INFO - ODIN AUOUT Synset Performance
2022-04-28 10:35:26,111 - INFO - [-1, -1, -1, -1, -1, -1, -1, -1, -1, -1, -1, -1, -1, -1, -1, -1, -1, -1, -1, -1, -1, -1, -1, -1, -1, 0.08076464026187649, 0.20459990952003998, 0.16609584624997717, 0.16533478563622447]
2022-04-28 10:35:26,111 - INFO - MSP Metrics using max activations accumulated across all appropriate synsets:
	AUROC -0.0
	TNR 0.0
	AUOUT 0.08076464026187649
2022-04-28 10:35:26,111 - INFO - ODIN Metrics using max activations accumulated across all appropriate synsets:
	AUROC -0.0
	TNR 0.0
	AUOUT 0.08076464026187649
2022-04-28 10:35:26,111 - INFO - MSP Metrics using max entropy along path:
	AUROC 0.848725140562249
	TNR 0.2426666666666667
	AUOUT 0.42469146093016535
2022-04-28 10:35:26,111 - INFO - ODIN Metrics using max entropy along path:
	AUROC 0.5583842570281125
	TNR 0.15200000000000002
	AUOUT 0.20459990952003998
2022-04-28 10:35:26,111 - INFO - MSP Metrics using predicted activations:
	AUROC 0.8768697188755019
	TNR 0.388
	AUOUT 0.5280080035035633
2022-04-28 10:35:26,111 - INFO - ODIN Metrics using predicted activations:
	AUROC 0.5850171887550201
	TNR 0.010666666666666713
	AUOUT 0.16609584624997717
2022-04-28 10:35:26,111 - INFO - MSP Metrics using mean entropy along path:
	AUROC 0.9143447389558232
	TNR 0.524
	AUOUT 0.6433920545726667
2022-04-28 10:35:26,111 - INFO - ODIN Metrics using mean entropy along path:
	AUROC 0.5328783935742972
	TNR 0.07599999999999996
	AUOUT 0.16533478563622447
2022-04-28 10:35:26,111 - INFO - MSP Metrics using min entropy along path:
	AUROC 0.9313079518072289
	TNR 0.6306666666666667
	AUOUT 0.7000578329627801
2022-04-28 10:35:26,111 - INFO - ODIN Metrics using min entropy along path:
	AUROC 0.9128941365461848
	TNR 0.42933333333333334
	AUOUT 0.533555361659291
2022-04-28 10:35:26,112 - INFO - OOD Path entropy min idx (msp): [0. 1. 2. 3. 4. 5.], [282 225 164  60  16   3]
2022-04-28 10:35:26,112 - INFO - OOD Path entropy min idx (odin): [0. 3. 4.], [722   6  22]
2022-04-28 10:35:26,112 - INFO - OOD Dataset: coarseid-fineood
2022-04-28 10:35:26,112 - INFO - MSP AUROC Synset Performance
2022-04-28 10:35:26,112 - INFO - [-1, -1, -1, -1, -1, -1, -1, -1, -1, -1, -1, -1, -1, -1, -1, -1, -1, -1, -1, -1, -1, -1, -1, -1, -1, -0.0, 0.6717734939759036, 0.6790698795180723, 0.6607783132530121]
2022-04-28 10:35:26,112 - INFO - MSP TNR Synset Performance
2022-04-28 10:35:26,112 - INFO - [-1, -1, -1, -1, -1, -1, -1, -1, -1, -1, -1, -1, -1, -1, -1, -1, -1, -1, -1, -1, -1, -1, -1, -1, -1, 0.0, 0.13, 0.12, 0.040000000000000036]
2022-04-28 10:35:26,112 - INFO - MSP AUOUT Synset Performance
2022-04-28 10:35:26,112 - INFO - [-1, -1, -1, -1, -1, -1, -1, -1, -1, -1, -1, -1, -1, -1, -1, -1, -1, -1, -1, -1, -1, -1, -1, -1, -1, 0.011858069872289425, 0.04052829318345895, 0.040972765776499685, 0.03529860022564242]
2022-04-28 10:35:26,112 - INFO - ODIN AUROC Synset Performance
2022-04-28 10:35:26,112 - INFO - [-1, -1, -1, -1, -1, -1, -1, -1, -1, -1, -1, -1, -1, -1, -1, -1, -1, -1, -1, -1, -1, -1, -1, -1, -1, -0.0, 0.7647421686746987, 0.5964626506024097, 0.6345927710843373]
2022-04-28 10:35:26,112 - INFO - ODIN TNR Synset Performance
2022-04-28 10:35:26,112 - INFO - [-1, -1, -1, -1, -1, -1, -1, -1, -1, -1, -1, -1, -1, -1, -1, -1, -1, -1, -1, -1, -1, -1, -1, -1, -1, 0.0, 0.13, 0.06999999999999995, 0.020000000000000018]
2022-04-28 10:35:26,112 - INFO - ODIN AUOUT Synset Performance
2022-04-28 10:35:26,112 - INFO - [-1, -1, -1, -1, -1, -1, -1, -1, -1, -1, -1, -1, -1, -1, -1, -1, -1, -1, -1, -1, -1, -1, -1, -1, -1, 0.011858069872289425, 0.05220475718653396, 0.029872877156810904, 0.03007268974932128]
2022-04-28 10:35:26,112 - INFO - MSP Metrics using max activations accumulated across all appropriate synsets:
	AUROC -0.0
	TNR 0.0
	AUOUT 0.011858069872289425
2022-04-28 10:35:26,112 - INFO - ODIN Metrics using max activations accumulated across all appropriate synsets:
	AUROC -0.0
	TNR 0.0
	AUOUT 0.011858069872289425
2022-04-28 10:35:26,112 - INFO - MSP Metrics using max entropy along path:
	AUROC 0.6717734939759036
	TNR 0.13
	AUOUT 0.04052829318345895
2022-04-28 10:35:26,112 - INFO - ODIN Metrics using max entropy along path:
	AUROC 0.7647421686746987
	TNR 0.13
	AUOUT 0.05220475718653396
2022-04-28 10:35:26,112 - INFO - MSP Metrics using predicted activations:
	AUROC 0.6790698795180723
	TNR 0.12
	AUOUT 0.040972765776499685
2022-04-28 10:35:26,113 - INFO - ODIN Metrics using predicted activations:
	AUROC 0.5964626506024097
	TNR 0.06999999999999995
	AUOUT 0.029872877156810904
2022-04-28 10:35:26,113 - INFO - MSP Metrics using mean entropy along path:
	AUROC 0.6607783132530121
	TNR 0.040000000000000036
	AUOUT 0.03529860022564242
2022-04-28 10:35:26,113 - INFO - ODIN Metrics using mean entropy along path:
	AUROC 0.6345927710843373
	TNR 0.020000000000000018
	AUOUT 0.03007268974932128
2022-04-28 10:35:26,113 - INFO - MSP Metrics using min entropy along path:
	AUROC 0.6514746987951806
	TNR 0.050000000000000044
	AUOUT 0.03197369107619892
2022-04-28 10:35:26,113 - INFO - ODIN Metrics using min entropy along path:
	AUROC 0.6038626506024096
	TNR 0.050000000000000044
	AUOUT 0.028838510772031742
2022-04-28 10:35:26,113 - INFO - OOD Path entropy min idx (msp): [0. 1. 2. 3. 4.], [42 25 18 13  2]
2022-04-28 10:35:26,113 - INFO - OOD Path entropy min idx (odin): [0. 3. 4.], [95  3  2]
2022-04-28 10:35:36,411 - INFO - Computing OOD Statistics...
2022-04-28 10:35:52,772 - INFO - Computing OOD Statistics...
2022-04-28 10:36:14,918 - INFO - Computing OOD Statistics...
2022-04-28 10:36:29,192 - INFO - Computing OOD Statistics...
2022-04-28 10:36:37,813 - INFO - Computing OOD Statistics...
2022-04-28 10:36:40,346 - INFO - Computing OOD Statistics...
2022-04-28 10:36:42,003 - INFO - Computing OOD Statistics...
2022-04-28 10:36:42,017 - INFO - OOD Dataset: OOD
2022-04-28 10:36:42,017 - INFO - MSP AUROC [0.6561783132530121]
2022-04-28 10:36:42,017 - INFO - MSP TNR [0.11058823529411765]
2022-04-28 10:36:42,017 - INFO - MSP AUOUT [0.25572381340193195]
2022-04-28 10:36:42,017 - INFO - ODIN AUROC [0.7627866761162296]
2022-04-28 10:36:42,017 - INFO - ODIN TNR [0.14470588235294113]
2022-04-28 10:36:42,017 - INFO - ODIN AUOUT [0.3292543869212277]
2022-04-28 10:36:42,017 - INFO - OOD Dataset: iNaturalist
2022-04-28 10:36:42,017 - INFO - MSP AUROC [0.8271707228915662]
2022-04-28 10:36:42,017 - INFO - MSP TNR [0.374]
2022-04-28 10:36:42,017 - INFO - MSP AUOUT [0.9121150465916193]
2022-04-28 10:36:42,017 - INFO - ODIN AUROC [0.9048920000000001]
2022-04-28 10:36:42,017 - INFO - ODIN TNR [0.5251]
2022-04-28 10:36:42,017 - INFO - ODIN AUOUT [0.9500158698051339]
2022-04-28 10:36:42,017 - INFO - OOD Dataset: SUN
2022-04-28 10:36:42,017 - INFO - MSP AUROC [0.7484968915662651]
2022-04-28 10:36:42,017 - INFO - MSP TNR [0.26070000000000004]
2022-04-28 10:36:42,017 - INFO - MSP AUOUT [0.8694745135870041]
2022-04-28 10:36:42,018 - INFO - ODIN AUROC [0.8504045060240966]
2022-04-28 10:36:42,018 - INFO - ODIN TNR [0.3741]
2022-04-28 10:36:42,018 - INFO - ODIN AUOUT [0.920131171012539]
2022-04-28 10:36:42,018 - INFO - OOD Dataset: Places
2022-04-28 10:36:42,018 - INFO - MSP AUROC [0.732122843373494]
2022-04-28 10:36:42,018 - INFO - MSP TNR [0.23660000000000003]
2022-04-28 10:36:42,018 - INFO - MSP AUOUT [0.8601684149973003]
2022-04-28 10:36:42,018 - INFO - ODIN AUROC [0.8308850361445782]
2022-04-28 10:36:42,018 - INFO - ODIN TNR [0.35140000000000005]
2022-04-28 10:36:42,018 - INFO - ODIN AUOUT [0.9101839145499345]
2022-04-28 10:36:42,018 - INFO - OOD Dataset: Textures
2022-04-28 10:36:42,018 - INFO - MSP AUROC [0.7408690506707682]
2022-04-28 10:36:42,018 - INFO - MSP TNR [0.29290780141843975]
2022-04-28 10:36:42,018 - INFO - MSP AUOUT [0.8033029823427397]
2022-04-28 10:36:42,018 - INFO - ODIN AUROC [0.839515850636589]
2022-04-28 10:36:42,018 - INFO - ODIN TNR [0.43617021276595747]
2022-04-28 10:36:42,018 - INFO - ODIN AUOUT [0.8766713675268495]
2022-04-28 10:36:42,018 - INFO - OOD Dataset: coarseid-coarseood
2022-04-28 10:36:42,018 - INFO - MSP AUROC [0.6597516465863454]
2022-04-28 10:36:42,018 - INFO - MSP TNR [0.11333333333333329]
2022-04-28 10:36:42,018 - INFO - MSP AUOUT [0.23533899916138212]
2022-04-28 10:36:42,018 - INFO - ODIN AUROC [0.7776054618473895]
2022-04-28 10:36:42,018 - INFO - ODIN TNR [0.15466666666666662]
2022-04-28 10:36:42,018 - INFO - ODIN AUOUT [0.31552173631096087]
2022-04-28 10:36:42,018 - INFO - OOD Dataset: coarseid-fineood
2022-04-28 10:36:42,018 - INFO - MSP AUROC [0.629378313253012]
2022-04-28 10:36:42,018 - INFO - MSP TNR [0.08999999999999997]
2022-04-28 10:36:42,018 - INFO - MSP AUOUT [0.03612319874354933]
2022-04-28 10:36:42,018 - INFO - ODIN AUROC [0.6516457831325301]
2022-04-28 10:36:42,019 - INFO - ODIN TNR [0.06999999999999995]
2022-04-28 10:36:42,019 - INFO - ODIN AUOUT [0.03538704369888877]
