2022-04-27 14:53:41,484 - INFO - ==> Preparing data..
2022-04-27 14:53:41,854 - INFO - # ID Train: 106872
2022-04-27 14:53:41,854 - INFO - # ID Test:  4150
2022-04-27 14:53:41,854 - INFO - # OOD Test: 850
2022-04-27 14:53:41,854 - INFO - checkpoint filename: experiments/coarse/cascade/pruned-wn/softpred_R3_LRp01/checkpoint.pt
2022-04-27 14:53:41,854 - INFO - log filename: experiments/coarse/cascade/pruned-wn/softpred_R3_LRp01/train.log
2022-04-27 14:53:41,854 - INFO - ********************************************************
2022-04-27 14:53:41,855 - INFO - Starting Iter: 0 / 1
2022-04-27 14:53:41,855 - INFO - ********************************************************
2022-04-27 14:53:44,928 - INFO - cuda
2022-04-27 14:53:44,977 - INFO - 
Epoch: 0
2022-04-27 14:53:44,977 - INFO - 
Learning Rate: 0.0010
2022-04-27 14:53:44,977 - INFO - Synset CE Weight: 0.0
Soft prediction CE Weight: 1.0
Outlier Exposure Weight: 0.0
2022-04-27 14:55:46,019 - INFO - [Step=250]	Loss=38.2908	264.4 examples/second
2022-04-27 14:57:45,269 - INFO - [Step=500]	Loss=32.3208	268.3 examples/second
2022-04-27 14:59:44,657 - INFO - [Step=750]	Loss=30.4868	268.0 examples/second
2022-04-27 15:00:34,436 - INFO - Test Loss=5.0278, Test top-1 acc=0.0694, Test mean synset acc=0.4878
2022-04-27 15:00:34,437 - INFO - Error Depth: [ 156.  371. 1213. 1267.  573.  282.  288.]
2022-04-27 15:00:34,437 - INFO - Saving...
2022-04-27 15:00:34,580 - INFO - Epoch time: 409.60306310653687
2022-04-27 15:00:34,580 - INFO - 
Epoch: 1
2022-04-27 15:00:34,580 - INFO - 
Learning Rate: 0.0028
2022-04-27 15:00:34,580 - INFO - Synset CE Weight: 0.0
Soft prediction CE Weight: 1.0
Outlier Exposure Weight: 0.0
2022-04-27 15:01:55,401 - INFO - [Step=1000]	Loss=30.1903	244.8 examples/second
2022-04-27 15:03:54,490 - INFO - [Step=1250]	Loss=29.5193	268.7 examples/second
2022-04-27 15:05:54,003 - INFO - [Step=1500]	Loss=28.6532	267.8 examples/second
2022-04-27 15:07:24,422 - INFO - Test Loss=4.5912, Test top-1 acc=0.1063, Test mean synset acc=0.5432
2022-04-27 15:07:24,423 - INFO - Error Depth: [ 153.  482. 1191. 1091.  536.  256.  441.]
2022-04-27 15:07:24,423 - INFO - Saving...
2022-04-27 15:07:24,612 - INFO - Epoch time: 410.03188014030457
2022-04-27 15:07:24,612 - INFO - 
Epoch: 2
2022-04-27 15:07:24,612 - INFO - 
Learning Rate: 0.0046
2022-04-27 15:07:24,613 - INFO - Synset CE Weight: 0.0
Soft prediction CE Weight: 1.0
Outlier Exposure Weight: 0.0
2022-04-27 15:08:04,774 - INFO - [Step=1750]	Loss=28.2756	244.7 examples/second
2022-04-27 15:10:03,778 - INFO - [Step=2000]	Loss=28.2927	268.9 examples/second
2022-04-27 15:12:03,364 - INFO - [Step=2250]	Loss=27.1553	267.6 examples/second
2022-04-27 15:14:02,716 - INFO - [Step=2500]	Loss=26.5119	268.1 examples/second
2022-04-27 15:14:14,361 - INFO - Test Loss=4.3178, Test top-1 acc=0.1410, Test mean synset acc=0.5861
2022-04-27 15:14:14,362 - INFO - Error Depth: [ 180.  508. 1135. 1020.  506.  216.  585.]
2022-04-27 15:14:14,362 - INFO - Saving...
2022-04-27 15:14:14,551 - INFO - Epoch time: 409.93823504447937
2022-04-27 15:14:14,551 - INFO - 
Epoch: 3
2022-04-27 15:14:14,551 - INFO - 
Learning Rate: 0.0064
2022-04-27 15:14:14,551 - INFO - Synset CE Weight: 0.0
Soft prediction CE Weight: 1.0
Outlier Exposure Weight: 0.0
2022-04-27 15:16:13,028 - INFO - [Step=2750]	Loss=26.1983	245.6 examples/second
2022-04-27 15:18:12,230 - INFO - [Step=3000]	Loss=25.4133	268.5 examples/second
2022-04-27 15:20:11,230 - INFO - [Step=3250]	Loss=24.7531	268.9 examples/second
2022-04-27 15:21:03,576 - INFO - Test Loss=3.9318, Test top-1 acc=0.1981, Test mean synset acc=0.6073
2022-04-27 15:21:03,577 - INFO - Error Depth: [ 171.  458. 1058.  928.  493.  220.  822.]
2022-04-27 15:21:03,577 - INFO - Saving...
2022-04-27 15:21:03,765 - INFO - Epoch time: 409.21367359161377
2022-04-27 15:21:03,765 - INFO - 
Epoch: 4
2022-04-27 15:21:03,765 - INFO - 
Learning Rate: 0.0100
2022-04-27 15:21:03,765 - INFO - Synset CE Weight: 0.0
Soft prediction CE Weight: 1.0
Outlier Exposure Weight: 0.0
2022-04-27 15:22:21,761 - INFO - [Step=3500]	Loss=24.8690	245.2 examples/second
2022-04-27 15:24:21,126 - INFO - [Step=3750]	Loss=24.4188	268.1 examples/second
2022-04-27 15:26:20,717 - INFO - [Step=4000]	Loss=23.7672	267.6 examples/second
2022-04-27 15:27:53,450 - INFO - Test Loss=3.9011, Test top-1 acc=0.2089, Test mean synset acc=0.6113
2022-04-27 15:27:53,451 - INFO - Error Depth: [ 165.  439. 1018.  963.  475.  223.  867.]
2022-04-27 15:27:53,452 - INFO - Saving...
2022-04-27 15:27:53,655 - INFO - Epoch time: 409.89034724235535
2022-04-27 15:27:53,655 - INFO - 
Epoch: 5
2022-04-27 15:27:53,656 - INFO - 
Learning Rate: 0.0100
2022-04-27 15:27:53,656 - INFO - Synset CE Weight: 0.0
Soft prediction CE Weight: 1.0
Outlier Exposure Weight: 0.0
2022-04-27 15:28:31,423 - INFO - [Step=4250]	Loss=23.0041	244.8 examples/second
2022-04-27 15:30:30,490 - INFO - [Step=4500]	Loss=22.4887	268.8 examples/second
2022-04-27 15:32:29,714 - INFO - [Step=4750]	Loss=22.1366	268.4 examples/second
2022-04-27 15:34:28,964 - INFO - [Step=5000]	Loss=21.7436	268.3 examples/second
2022-04-27 15:34:43,189 - INFO - Test Loss=3.3637, Test top-1 acc=0.2966, Test mean synset acc=0.6756
2022-04-27 15:34:43,190 - INFO - Error Depth: [ 167.  440.  925.  810.  405.  172. 1231.]
2022-04-27 15:34:43,190 - INFO - Saving...
2022-04-27 15:34:43,378 - INFO - Epoch time: 409.72246646881104
2022-04-27 15:34:43,378 - INFO - 
Epoch: 6
2022-04-27 15:34:43,378 - INFO - 
Learning Rate: 0.0100
2022-04-27 15:34:43,378 - INFO - Synset CE Weight: 0.0
Soft prediction CE Weight: 1.0
Outlier Exposure Weight: 0.0
2022-04-27 15:36:39,652 - INFO - [Step=5250]	Loss=21.0993	244.9 examples/second
2022-04-27 15:38:39,156 - INFO - [Step=5500]	Loss=20.6923	267.8 examples/second
2022-04-27 15:40:38,430 - INFO - [Step=5750]	Loss=20.2145	268.3 examples/second
2022-04-27 15:41:32,843 - INFO - Test Loss=3.1942, Test top-1 acc=0.3501, Test mean synset acc=0.6966
2022-04-27 15:41:32,844 - INFO - Error Depth: [ 193.  365.  834.  755.  387.  163. 1453.]
2022-04-27 15:41:32,844 - INFO - Saving...
2022-04-27 15:41:33,041 - INFO - Epoch time: 409.66317200660706
2022-04-27 15:41:33,042 - INFO - 
Epoch: 7
2022-04-27 15:41:33,042 - INFO - 
Learning Rate: 0.0100
2022-04-27 15:41:33,042 - INFO - Synset CE Weight: 0.0
Soft prediction CE Weight: 1.0
Outlier Exposure Weight: 0.0
2022-04-27 15:42:48,593 - INFO - [Step=6000]	Loss=19.8903	245.8 examples/second
2022-04-27 15:44:47,725 - INFO - [Step=6250]	Loss=19.7629	268.6 examples/second
2022-04-27 15:46:47,065 - INFO - [Step=6500]	Loss=19.4541	268.1 examples/second
2022-04-27 15:48:22,306 - INFO - Test Loss=3.2074, Test top-1 acc=0.3494, Test mean synset acc=0.6958
2022-04-27 15:48:22,307 - INFO - Error Depth: [ 143.  401.  860.  743.  387.  166. 1450.]
2022-04-27 15:48:22,307 - INFO - Epoch time: 409.2657024860382
2022-04-27 15:48:22,307 - INFO - 
Epoch: 8
2022-04-27 15:48:22,307 - INFO - 
Learning Rate: 0.0100
2022-04-27 15:48:22,308 - INFO - Synset CE Weight: 0.0
Soft prediction CE Weight: 1.0
Outlier Exposure Weight: 0.0
2022-04-27 15:48:57,538 - INFO - [Step=6750]	Loss=18.9596	245.3 examples/second
2022-04-27 15:50:56,417 - INFO - [Step=7000]	Loss=19.3238	269.2 examples/second
2022-04-27 15:52:55,796 - INFO - [Step=7250]	Loss=18.7043	268.1 examples/second
2022-04-27 15:54:54,976 - INFO - [Step=7500]	Loss=18.3062	268.5 examples/second
2022-04-27 15:55:11,601 - INFO - Test Loss=2.9754, Test top-1 acc=0.3771, Test mean synset acc=0.7063
2022-04-27 15:55:11,602 - INFO - Error Depth: [ 178.  328.  809.  727.  367.  176. 1565.]
2022-04-27 15:55:11,602 - INFO - Saving...
2022-04-27 15:55:11,806 - INFO - Epoch time: 409.4986743927002
2022-04-27 15:55:11,806 - INFO - 
Epoch: 9
2022-04-27 15:55:11,806 - INFO - 
Learning Rate: 0.0100
2022-04-27 15:55:11,807 - INFO - Synset CE Weight: 0.0
Soft prediction CE Weight: 1.0
Outlier Exposure Weight: 0.0
2022-04-27 15:57:05,668 - INFO - [Step=7750]	Loss=17.9527	244.9 examples/second
2022-04-27 15:59:05,020 - INFO - [Step=8000]	Loss=17.5938	268.1 examples/second
2022-04-27 16:01:04,387 - INFO - [Step=8250]	Loss=17.4132	268.1 examples/second
2022-04-27 16:02:01,100 - INFO - Test Loss=2.7127, Test top-1 acc=0.4260, Test mean synset acc=0.7345
2022-04-27 16:02:01,101 - INFO - Error Depth: [ 154.  346.  719.  707.  304.  152. 1768.]
2022-04-27 16:02:01,101 - INFO - Saving...
2022-04-27 16:02:01,284 - INFO - Epoch time: 409.47732496261597
2022-04-27 16:02:01,284 - INFO - 
Epoch: 10
2022-04-27 16:02:01,284 - INFO - 
Learning Rate: 0.0100
2022-04-27 16:02:01,284 - INFO - Synset CE Weight: 0.0
Soft prediction CE Weight: 1.0
Outlier Exposure Weight: 0.0
2022-04-27 16:03:14,866 - INFO - [Step=8500]	Loss=17.1857	245.3 examples/second
2022-04-27 16:05:14,100 - INFO - [Step=8750]	Loss=16.7252	268.4 examples/second
2022-04-27 16:07:13,404 - INFO - [Step=9000]	Loss=16.5842	268.2 examples/second
2022-04-27 16:08:50,921 - INFO - Test Loss=2.6885, Test top-1 acc=0.4390, Test mean synset acc=0.7382
2022-04-27 16:08:50,922 - INFO - Error Depth: [ 125.  326.  766.  644.  317.  150. 1822.]
2022-04-27 16:08:50,923 - INFO - Saving...
2022-04-27 16:08:51,126 - INFO - Epoch time: 409.84164094924927
2022-04-27 16:08:51,126 - INFO - 
Epoch: 11
2022-04-27 16:08:51,126 - INFO - 
Learning Rate: 0.0100
2022-04-27 16:08:51,126 - INFO - Synset CE Weight: 0.0
Soft prediction CE Weight: 1.0
Outlier Exposure Weight: 0.0
2022-04-27 16:09:24,123 - INFO - [Step=9250]	Loss=16.3696	244.8 examples/second
2022-04-27 16:11:23,278 - INFO - [Step=9500]	Loss=16.2130	268.6 examples/second
2022-04-27 16:13:22,725 - INFO - [Step=9750]	Loss=16.0214	267.9 examples/second
2022-04-27 16:15:22,281 - INFO - [Step=10000]	Loss=15.9811	267.7 examples/second
2022-04-27 16:15:41,036 - INFO - Test Loss=2.5546, Test top-1 acc=0.4566, Test mean synset acc=0.7426
2022-04-27 16:15:41,036 - INFO - Error Depth: [ 165.  287.  692.  654.  294.  163. 1895.]
2022-04-27 16:15:41,037 - INFO - Saving...
2022-04-27 16:15:41,223 - INFO - Epoch time: 410.096866607666
2022-04-27 16:15:41,223 - INFO - 
Epoch: 12
2022-04-27 16:15:41,223 - INFO - 
Learning Rate: 0.0100
2022-04-27 16:15:41,223 - INFO - Synset CE Weight: 0.0
Soft prediction CE Weight: 1.0
Outlier Exposure Weight: 0.0
2022-04-27 16:17:32,937 - INFO - [Step=10250]	Loss=15.4143	244.9 examples/second
2022-04-27 16:19:32,400 - INFO - [Step=10500]	Loss=15.3856	267.9 examples/second
2022-04-27 16:21:31,879 - INFO - [Step=10750]	Loss=15.5470	267.8 examples/second
2022-04-27 16:22:31,656 - INFO - Test Loss=2.4892, Test top-1 acc=0.4701, Test mean synset acc=0.7607
2022-04-27 16:22:31,657 - INFO - Error Depth: [ 133.  325.  721.  615.  285.  120. 1951.]
2022-04-27 16:22:31,658 - INFO - Saving...
2022-04-27 16:22:31,845 - INFO - Epoch time: 410.6220006942749
2022-04-27 16:22:31,845 - INFO - 
Epoch: 13
2022-04-27 16:22:31,845 - INFO - 
Learning Rate: 0.0100
2022-04-27 16:22:31,845 - INFO - Synset CE Weight: 0.0
Soft prediction CE Weight: 1.0
Outlier Exposure Weight: 0.0
2022-04-27 16:23:42,967 - INFO - [Step=11000]	Loss=15.2515	244.1 examples/second
2022-04-27 16:25:42,223 - INFO - [Step=11250]	Loss=14.7723	268.3 examples/second
2022-04-27 16:27:41,521 - INFO - [Step=11500]	Loss=14.8134	268.2 examples/second
2022-04-27 16:29:20,902 - INFO - Test Loss=2.3294, Test top-1 acc=0.5118, Test mean synset acc=0.7681
2022-04-27 16:29:20,903 - INFO - Error Depth: [ 141.  247.  613.  600.  295.  130. 2124.]
2022-04-27 16:29:20,903 - INFO - Saving...
2022-04-27 16:29:21,089 - INFO - Epoch time: 409.2436361312866
2022-04-27 16:29:21,089 - INFO - 
Epoch: 14
2022-04-27 16:29:21,089 - INFO - 
Learning Rate: 0.0100
2022-04-27 16:29:21,089 - INFO - Synset CE Weight: 0.0
Soft prediction CE Weight: 1.0
Outlier Exposure Weight: 0.0
2022-04-27 16:29:51,493 - INFO - [Step=11750]	Loss=14.8277	246.2 examples/second
2022-04-27 16:31:50,768 - INFO - [Step=12000]	Loss=14.5445	268.3 examples/second
2022-04-27 16:33:50,154 - INFO - [Step=12250]	Loss=14.3038	268.0 examples/second
2022-04-27 16:35:49,509 - INFO - [Step=12500]	Loss=14.4103	268.1 examples/second
2022-04-27 16:36:10,521 - INFO - Test Loss=2.2882, Test top-1 acc=0.5212, Test mean synset acc=0.7794
2022-04-27 16:36:10,522 - INFO - Error Depth: [ 155.  247.  632.  556.  260.  137. 2163.]
2022-04-27 16:36:10,522 - INFO - Saving...
2022-04-27 16:36:10,707 - INFO - Epoch time: 409.61799144744873
2022-04-27 16:36:10,707 - INFO - 
Epoch: 15
2022-04-27 16:36:10,707 - INFO - 
Learning Rate: 0.0100
2022-04-27 16:36:10,708 - INFO - Synset CE Weight: 0.0
Soft prediction CE Weight: 1.0
Outlier Exposure Weight: 0.0
2022-04-27 16:37:59,964 - INFO - [Step=12750]	Loss=13.9900	245.3 examples/second
2022-04-27 16:39:59,143 - INFO - [Step=13000]	Loss=14.0378	268.5 examples/second
2022-04-27 16:41:58,679 - INFO - [Step=13250]	Loss=13.8338	267.7 examples/second
2022-04-27 16:43:00,352 - INFO - Test Loss=2.4268, Test top-1 acc=0.5263, Test mean synset acc=0.7739
2022-04-27 16:43:00,354 - INFO - Error Depth: [ 124.  220.  660.  575.  260.  127. 2184.]
2022-04-27 16:43:00,354 - INFO - Saving...
2022-04-27 16:43:00,556 - INFO - Epoch time: 409.84888315200806
2022-04-27 16:43:00,557 - INFO - 
Epoch: 16
2022-04-27 16:43:00,557 - INFO - 
Learning Rate: 0.0100
2022-04-27 16:43:00,557 - INFO - Synset CE Weight: 0.0
Soft prediction CE Weight: 1.0
Outlier Exposure Weight: 0.0
2022-04-27 16:44:09,115 - INFO - [Step=13500]	Loss=13.6754	245.3 examples/second
2022-04-27 16:46:08,789 - INFO - [Step=13750]	Loss=13.4864	267.4 examples/second
2022-04-27 16:48:08,379 - INFO - [Step=14000]	Loss=13.5223	267.6 examples/second
2022-04-27 16:49:50,783 - INFO - Test Loss=2.0368, Test top-1 acc=0.5704, Test mean synset acc=0.7969
2022-04-27 16:49:50,784 - INFO - Error Depth: [ 108.  203.  603.  495.  248.  126. 2367.]
2022-04-27 16:49:50,784 - INFO - Saving...
2022-04-27 16:49:50,989 - INFO - Epoch time: 410.4326694011688
2022-04-27 16:49:50,990 - INFO - 
Epoch: 17
2022-04-27 16:49:50,990 - INFO - 
Learning Rate: 0.0100
2022-04-27 16:49:50,990 - INFO - Synset CE Weight: 0.0
Soft prediction CE Weight: 1.0
Outlier Exposure Weight: 0.0
2022-04-27 16:50:19,112 - INFO - [Step=14250]	Loss=13.1951	244.8 examples/second
2022-04-27 16:52:18,777 - INFO - [Step=14500]	Loss=13.1208	267.4 examples/second
2022-04-27 16:54:18,189 - INFO - [Step=14750]	Loss=13.1819	268.0 examples/second
2022-04-27 16:56:17,862 - INFO - [Step=15000]	Loss=13.2292	267.4 examples/second
2022-04-27 16:56:41,255 - INFO - Test Loss=10.4241, Test top-1 acc=0.4337, Test mean synset acc=0.7228
2022-04-27 16:56:41,256 - INFO - Error Depth: [ 145.  277.  727.  685.  302.  214. 1800.]
2022-04-27 16:56:41,257 - INFO - Epoch time: 410.2670874595642
2022-04-27 16:56:41,257 - INFO - 
Epoch: 18
2022-04-27 16:56:41,257 - INFO - 
Learning Rate: 0.0100
2022-04-27 16:56:41,257 - INFO - Synset CE Weight: 0.0
Soft prediction CE Weight: 1.0
Outlier Exposure Weight: 0.0
2022-04-27 16:58:28,339 - INFO - [Step=15250]	Loss=12.7444	245.3 examples/second
2022-04-27 17:00:27,124 - INFO - [Step=15500]	Loss=12.8229	269.4 examples/second
2022-04-27 17:02:26,286 - INFO - [Step=15750]	Loss=12.7597	268.5 examples/second
2022-04-27 17:03:30,153 - INFO - Test Loss=2.0409, Test top-1 acc=0.5720, Test mean synset acc=0.7999
2022-04-27 17:03:30,154 - INFO - Error Depth: [ 114.  185.  593.  502.  254.  128. 2374.]
2022-04-27 17:03:30,154 - INFO - Saving...
2022-04-27 17:03:30,349 - INFO - Epoch time: 409.09242582321167
2022-04-27 17:03:30,349 - INFO - 
Epoch: 19
2022-04-27 17:03:30,350 - INFO - 
Learning Rate: 0.0100
2022-04-27 17:03:30,350 - INFO - Synset CE Weight: 0.0
Soft prediction CE Weight: 1.0
Outlier Exposure Weight: 0.0
2022-04-27 17:04:36,132 - INFO - [Step=16000]	Loss=12.4217	246.4 examples/second
2022-04-27 17:06:33,880 - INFO - [Step=16250]	Loss=12.2954	271.8 examples/second
2022-04-27 17:08:31,425 - INFO - [Step=16500]	Loss=12.4239	272.2 examples/second
2022-04-27 17:10:14,358 - INFO - Test Loss=1.9269, Test top-1 acc=0.5918, Test mean synset acc=0.8028
2022-04-27 17:10:14,359 - INFO - Error Depth: [  82.  213.  531.  507.  243.  118. 2456.]
2022-04-27 17:10:14,359 - INFO - Saving...
2022-04-27 17:10:14,547 - INFO - Epoch time: 404.1970388889313
2022-04-27 17:10:14,547 - INFO - 
Epoch: 20
2022-04-27 17:10:14,547 - INFO - 
Learning Rate: 0.0100
2022-04-27 17:10:14,547 - INFO - Synset CE Weight: 0.0
Soft prediction CE Weight: 1.0
Outlier Exposure Weight: 0.0
2022-04-27 17:10:40,384 - INFO - [Step=16750]	Loss=12.3170	248.1 examples/second
2022-04-27 17:12:39,344 - INFO - [Step=17000]	Loss=12.5667	269.0 examples/second
2022-04-27 17:14:38,530 - INFO - [Step=17250]	Loss=12.3048	268.5 examples/second
2022-04-27 17:16:37,626 - INFO - [Step=17500]	Loss=12.4623	268.7 examples/second
2022-04-27 17:17:03,809 - INFO - Test Loss=2.2022, Test top-1 acc=0.5706, Test mean synset acc=0.7896
2022-04-27 17:17:03,810 - INFO - Error Depth: [  94.  204.  586.  519.  251.  128. 2368.]
2022-04-27 17:17:03,810 - INFO - Epoch time: 409.26298213005066
2022-04-27 17:17:03,810 - INFO - 
Epoch: 21
2022-04-27 17:17:03,810 - INFO - 
Learning Rate: 0.0100
2022-04-27 17:17:03,810 - INFO - Synset CE Weight: 0.0
Soft prediction CE Weight: 1.0
Outlier Exposure Weight: 0.0
2022-04-27 17:18:47,893 - INFO - [Step=17750]	Loss=12.0170	245.7 examples/second
2022-04-27 17:20:46,341 - INFO - [Step=18000]	Loss=11.9701	270.2 examples/second
2022-04-27 17:22:45,221 - INFO - [Step=18250]	Loss=11.8556	269.2 examples/second
2022-04-27 17:23:51,243 - INFO - Test Loss=1.8731, Test top-1 acc=0.6067, Test mean synset acc=0.8121
2022-04-27 17:23:51,244 - INFO - Error Depth: [  90.  179.  538.  493.  224.  108. 2518.]
2022-04-27 17:23:51,245 - INFO - Saving...
2022-04-27 17:23:51,434 - INFO - Epoch time: 407.62392830848694
2022-04-27 17:23:51,434 - INFO - 
Epoch: 22
2022-04-27 17:23:51,434 - INFO - 
Learning Rate: 0.0100
2022-04-27 17:23:51,434 - INFO - Synset CE Weight: 0.0
Soft prediction CE Weight: 1.0
Outlier Exposure Weight: 0.0
2022-04-27 17:24:54,945 - INFO - [Step=18500]	Loss=11.6457	246.7 examples/second
2022-04-27 17:26:52,414 - INFO - [Step=18750]	Loss=11.6096	272.4 examples/second
2022-04-27 17:28:49,938 - INFO - [Step=19000]	Loss=11.4477	272.3 examples/second
2022-04-27 17:30:35,246 - INFO - Test Loss=1.9716, Test top-1 acc=0.5894, Test mean synset acc=0.8026
2022-04-27 17:30:35,247 - INFO - Error Depth: [  90.  188.  559.  528.  230.  109. 2446.]
2022-04-27 17:30:35,247 - INFO - Epoch time: 403.8127989768982
2022-04-27 17:30:35,247 - INFO - 
Epoch: 23
2022-04-27 17:30:35,247 - INFO - 
Learning Rate: 0.0100
2022-04-27 17:30:35,247 - INFO - Synset CE Weight: 0.0
Soft prediction CE Weight: 1.0
Outlier Exposure Weight: 0.0
2022-04-27 17:30:58,637 - INFO - [Step=19250]	Loss=11.6484	248.6 examples/second
2022-04-27 17:32:55,664 - INFO - [Step=19500]	Loss=11.2644	273.4 examples/second
2022-04-27 17:34:52,842 - INFO - [Step=19750]	Loss=11.2880	273.1 examples/second
2022-04-27 17:36:49,991 - INFO - [Step=20000]	Loss=11.4434	273.2 examples/second
2022-04-27 17:37:17,738 - INFO - Test Loss=1.8252, Test top-1 acc=0.6255, Test mean synset acc=0.8228
2022-04-27 17:37:17,739 - INFO - Error Depth: [ 110.  171.  479.  463.  225.  106. 2596.]
2022-04-27 17:37:17,739 - INFO - Saving...
2022-04-27 17:37:17,920 - INFO - Epoch time: 402.67250323295593
2022-04-27 17:37:17,920 - INFO - 
Epoch: 24
2022-04-27 17:37:17,920 - INFO - 
Learning Rate: 0.0100
2022-04-27 17:37:17,921 - INFO - Synset CE Weight: 0.0
Soft prediction CE Weight: 1.0
Outlier Exposure Weight: 0.0
2022-04-27 17:38:58,294 - INFO - [Step=20250]	Loss=11.0767	249.4 examples/second
2022-04-27 17:40:55,174 - INFO - [Step=20500]	Loss=11.0017	273.8 examples/second
2022-04-27 17:42:52,346 - INFO - [Step=20750]	Loss=10.9467	273.1 examples/second
2022-04-27 17:44:00,020 - INFO - Test Loss=1.8961, Test top-1 acc=0.6106, Test mean synset acc=0.8100
2022-04-27 17:44:00,021 - INFO - Error Depth: [  88.  171.  514.  481.  243.  119. 2534.]
2022-04-27 17:44:00,021 - INFO - Epoch time: 402.101286649704
2022-04-27 17:44:00,022 - INFO - 
Epoch: 25
2022-04-27 17:44:00,022 - INFO - 
Learning Rate: 0.0100
2022-04-27 17:44:00,022 - INFO - Synset CE Weight: 0.0
Soft prediction CE Weight: 1.0
Outlier Exposure Weight: 0.0
2022-04-27 17:45:01,561 - INFO - [Step=21000]	Loss=10.8649	247.7 examples/second
2022-04-27 17:46:59,883 - INFO - [Step=21250]	Loss=10.8671	270.4 examples/second
2022-04-27 17:48:57,603 - INFO - [Step=21500]	Loss=10.7513	271.8 examples/second
2022-04-27 17:50:45,428 - INFO - Test Loss=1.7887, Test top-1 acc=0.6289, Test mean synset acc=0.8123
2022-04-27 17:50:45,429 - INFO - Error Depth: [  71.  159.  476.  474.  253.  107. 2610.]
2022-04-27 17:50:45,429 - INFO - Saving...
2022-04-27 17:50:45,613 - INFO - Epoch time: 405.59135222435
2022-04-27 17:50:45,613 - INFO - 
Epoch: 26
2022-04-27 17:50:45,613 - INFO - 
Learning Rate: 0.0100
2022-04-27 17:50:45,613 - INFO - Synset CE Weight: 0.0
Soft prediction CE Weight: 1.0
Outlier Exposure Weight: 0.0
2022-04-27 17:51:06,726 - INFO - [Step=21750]	Loss=10.7649	247.8 examples/second
2022-04-27 17:53:03,809 - INFO - [Step=22000]	Loss=10.6395	273.3 examples/second
2022-04-27 17:55:00,986 - INFO - [Step=22250]	Loss=10.7296	273.1 examples/second
2022-04-27 17:56:58,497 - INFO - [Step=22500]	Loss=10.8163	272.3 examples/second
2022-04-27 17:57:28,629 - INFO - Test Loss=1.9207, Test top-1 acc=0.6135, Test mean synset acc=0.8136
2022-04-27 17:57:28,630 - INFO - Error Depth: [  82.  174.  509.  500.  218.  121. 2546.]
2022-04-27 17:57:28,630 - INFO - Epoch time: 403.0170843601227
2022-04-27 17:57:28,630 - INFO - 
Epoch: 27
2022-04-27 17:57:28,630 - INFO - 
Learning Rate: 0.0100
2022-04-27 17:57:28,631 - INFO - Synset CE Weight: 0.0
Soft prediction CE Weight: 1.0
Outlier Exposure Weight: 0.0
2022-04-27 17:59:08,201 - INFO - [Step=22750]	Loss=10.4142	246.7 examples/second
2022-04-27 18:01:05,884 - INFO - [Step=23000]	Loss=10.5071	271.9 examples/second
2022-04-27 18:03:03,931 - INFO - [Step=23250]	Loss=10.3943	271.1 examples/second
2022-04-27 18:04:14,195 - INFO - Test Loss=1.8240, Test top-1 acc=0.6357, Test mean synset acc=0.8234
2022-04-27 18:04:14,196 - INFO - Error Depth: [  83.  194.  464.  460.  207.  104. 2638.]
2022-04-27 18:04:14,196 - INFO - Saving...
2022-04-27 18:04:14,401 - INFO - Epoch time: 405.77044892311096
2022-04-27 18:04:14,401 - INFO - 
Epoch: 28
2022-04-27 18:04:14,401 - INFO - 
Learning Rate: 0.0100
2022-04-27 18:04:14,401 - INFO - Synset CE Weight: 0.0
Soft prediction CE Weight: 1.0
Outlier Exposure Weight: 0.0
2022-04-27 18:05:12,917 - INFO - [Step=23500]	Loss=10.2915	248.1 examples/second
2022-04-27 18:07:10,092 - INFO - [Step=23750]	Loss=10.4046	273.1 examples/second
2022-04-27 18:09:07,327 - INFO - [Step=24000]	Loss=10.2845	273.0 examples/second
2022-04-27 18:10:57,110 - INFO - Test Loss=1.7398, Test top-1 acc=0.6443, Test mean synset acc=0.8285
2022-04-27 18:10:57,110 - INFO - Error Depth: [  95.  163.  460.  450.  207.  101. 2674.]
2022-04-27 18:10:57,111 - INFO - Saving...
2022-04-27 18:10:57,307 - INFO - Epoch time: 402.9054925441742
2022-04-27 18:10:57,307 - INFO - 
Epoch: 29
2022-04-27 18:10:57,307 - INFO - 
Learning Rate: 0.0010
2022-04-27 18:10:57,307 - INFO - Synset CE Weight: 0.0
Soft prediction CE Weight: 1.0
Outlier Exposure Weight: 0.0
2022-04-27 18:11:15,959 - INFO - [Step=24250]	Loss=10.1028	248.8 examples/second
2022-04-27 18:13:14,143 - INFO - [Step=24500]	Loss=8.9037	270.8 examples/second
2022-04-27 18:15:12,254 - INFO - [Step=24750]	Loss=8.4391	270.9 examples/second
2022-04-27 18:17:09,393 - INFO - [Step=25000]	Loss=8.2155	273.2 examples/second
2022-04-27 18:17:41,998 - INFO - Test Loss=1.5274, Test top-1 acc=0.6899, Test mean synset acc=0.8506
2022-04-27 18:17:41,998 - INFO - Error Depth: [  69.  147.  400.  399.  175.   97. 2863.]
2022-04-27 18:17:41,999 - INFO - Saving...
2022-04-27 18:17:42,207 - INFO - Epoch time: 404.8999488353729
2022-04-27 18:17:42,207 - INFO - 
Epoch: 30
2022-04-27 18:17:42,207 - INFO - 
Learning Rate: 0.0010
2022-04-27 18:17:42,207 - INFO - Synset CE Weight: 0.0
Soft prediction CE Weight: 1.0
Outlier Exposure Weight: 0.0
2022-04-27 18:19:18,862 - INFO - [Step=25250]	Loss=7.9401	247.2 examples/second
2022-04-27 18:21:16,289 - INFO - [Step=25500]	Loss=7.9391	272.5 examples/second
2022-04-27 18:23:14,119 - INFO - [Step=25750]	Loss=7.8775	271.6 examples/second
2022-04-27 18:24:26,531 - INFO - Test Loss=1.4918, Test top-1 acc=0.6920, Test mean synset acc=0.8503
2022-04-27 18:24:26,532 - INFO - Error Depth: [  66.  141.  406.  400.  165.  100. 2872.]
2022-04-27 18:24:26,532 - INFO - Saving...
2022-04-27 18:24:26,724 - INFO - Epoch time: 404.51672744750977
2022-04-27 18:24:26,724 - INFO - 
Epoch: 31
2022-04-27 18:24:26,724 - INFO - 
Learning Rate: 0.0010
2022-04-27 18:24:26,724 - INFO - Synset CE Weight: 0.0
Soft prediction CE Weight: 1.0
Outlier Exposure Weight: 0.0
2022-04-27 18:25:22,830 - INFO - [Step=26000]	Loss=7.7718	248.6 examples/second
2022-04-27 18:27:20,122 - INFO - [Step=26250]	Loss=7.6764	272.8 examples/second
2022-04-27 18:29:17,656 - INFO - [Step=26500]	Loss=7.7836	272.3 examples/second
2022-04-27 18:31:09,817 - INFO - Test Loss=1.4996, Test top-1 acc=0.6961, Test mean synset acc=0.8503
2022-04-27 18:31:09,818 - INFO - Error Depth: [  62.  137.  399.  393.  174.   96. 2889.]
2022-04-27 18:31:09,818 - INFO - Saving...
2022-04-27 18:31:10,019 - INFO - Epoch time: 403.2947828769684
2022-04-27 18:31:10,019 - INFO - 
Epoch: 32
2022-04-27 18:31:10,019 - INFO - 
Learning Rate: 0.0010
2022-04-27 18:31:10,019 - INFO - Synset CE Weight: 0.0
Soft prediction CE Weight: 1.0
Outlier Exposure Weight: 0.0
2022-04-27 18:31:26,639 - INFO - [Step=26750]	Loss=7.7121	248.1 examples/second
2022-04-27 18:33:24,628 - INFO - [Step=27000]	Loss=7.5566	271.2 examples/second
2022-04-27 18:35:22,537 - INFO - [Step=27250]	Loss=7.4767	271.4 examples/second
2022-04-27 18:37:20,130 - INFO - [Step=27500]	Loss=7.6392	272.1 examples/second
2022-04-27 18:37:54,966 - INFO - Test Loss=1.5033, Test top-1 acc=0.6983, Test mean synset acc=0.8523
2022-04-27 18:37:54,967 - INFO - Error Depth: [  54.  143.  400.  393.  162.  100. 2898.]
2022-04-27 18:37:54,967 - INFO - Saving...
2022-04-27 18:37:55,152 - INFO - Epoch time: 405.1326220035553
2022-04-27 18:37:55,152 - INFO - 
Epoch: 33
2022-04-27 18:37:55,152 - INFO - 
Learning Rate: 0.0010
2022-04-27 18:37:55,152 - INFO - Synset CE Weight: 0.0
Soft prediction CE Weight: 1.0
Outlier Exposure Weight: 0.0
2022-04-27 18:39:28,726 - INFO - [Step=27750]	Loss=7.2448	248.8 examples/second
2022-04-27 18:41:25,970 - INFO - [Step=28000]	Loss=7.3113	272.9 examples/second
2022-04-27 18:43:23,071 - INFO - [Step=28250]	Loss=7.3372	273.3 examples/second
2022-04-27 18:44:37,626 - INFO - Test Loss=1.4878, Test top-1 acc=0.7072, Test mean synset acc=0.8557
2022-04-27 18:44:37,627 - INFO - Error Depth: [  52.  135.  396.  377.  164.   91. 2935.]
2022-04-27 18:44:37,627 - INFO - Saving...
2022-04-27 18:44:37,838 - INFO - Epoch time: 402.6855561733246
2022-04-27 18:44:37,838 - INFO - 
Epoch: 34
2022-04-27 18:44:37,838 - INFO - 
Learning Rate: 0.0010
2022-04-27 18:44:37,838 - INFO - Synset CE Weight: 0.0
Soft prediction CE Weight: 1.0
Outlier Exposure Weight: 0.0
2022-04-27 18:45:31,821 - INFO - [Step=28500]	Loss=7.3864	248.5 examples/second
2022-04-27 18:47:29,167 - INFO - [Step=28750]	Loss=7.3247	272.7 examples/second
2022-04-27 18:49:26,575 - INFO - [Step=29000]	Loss=7.2485	272.6 examples/second
2022-04-27 18:51:21,207 - INFO - Test Loss=1.4900, Test top-1 acc=0.7099, Test mean synset acc=0.8573
2022-04-27 18:51:21,207 - INFO - Error Depth: [  60.  133.  366.  379.  167.   99. 2946.]
2022-04-27 18:51:21,208 - INFO - Saving...
2022-04-27 18:51:21,391 - INFO - Epoch time: 403.5526463985443
2022-04-27 18:51:21,391 - INFO - 
Epoch: 35
2022-04-27 18:51:21,391 - INFO - 
Learning Rate: 0.0010
2022-04-27 18:51:21,391 - INFO - Synset CE Weight: 0.0
Soft prediction CE Weight: 1.0
Outlier Exposure Weight: 0.0
2022-04-27 18:51:35,324 - INFO - [Step=29250]	Loss=7.2652	248.5 examples/second
2022-04-27 18:53:33,440 - INFO - [Step=29500]	Loss=7.0024	270.9 examples/second
2022-04-27 18:55:31,913 - INFO - [Step=29750]	Loss=7.1216	270.1 examples/second
2022-04-27 18:57:30,012 - INFO - [Step=30000]	Loss=7.1677	271.0 examples/second
2022-04-27 18:58:07,280 - INFO - Test Loss=1.5213, Test top-1 acc=0.7048, Test mean synset acc=0.8544
2022-04-27 18:58:07,282 - INFO - Error Depth: [  51.  133.  388.  387.  165.  101. 2925.]
2022-04-27 18:58:07,282 - INFO - Epoch time: 405.8908052444458
2022-04-27 18:58:07,282 - INFO - 
Epoch: 36
2022-04-27 18:58:07,282 - INFO - 
Learning Rate: 0.0010
2022-04-27 18:58:07,282 - INFO - Synset CE Weight: 0.0
Soft prediction CE Weight: 1.0
Outlier Exposure Weight: 0.0
2022-04-27 18:59:39,428 - INFO - [Step=30250]	Loss=7.0906	247.3 examples/second
2022-04-27 19:01:38,784 - INFO - [Step=30500]	Loss=6.9991	268.1 examples/second
2022-04-27 19:03:38,309 - INFO - [Step=30750]	Loss=6.9051	267.7 examples/second
2022-04-27 19:04:57,036 - INFO - Test Loss=1.5033, Test top-1 acc=0.7094, Test mean synset acc=0.8584
2022-04-27 19:04:57,037 - INFO - Error Depth: [  58.  131.  387.  371.  161.   98. 2944.]
2022-04-27 19:04:57,038 - INFO - Epoch time: 409.75572538375854
2022-04-27 19:04:57,038 - INFO - 
Epoch: 37
2022-04-27 19:04:57,038 - INFO - 
Learning Rate: 0.0010
2022-04-27 19:04:57,038 - INFO - Synset CE Weight: 0.0
Soft prediction CE Weight: 1.0
Outlier Exposure Weight: 0.0
2022-04-27 19:05:48,845 - INFO - [Step=31000]	Loss=7.1465	245.1 examples/second
2022-04-27 19:07:48,184 - INFO - [Step=31250]	Loss=6.9608	268.1 examples/second
2022-04-27 19:09:47,530 - INFO - [Step=31500]	Loss=6.9433	268.1 examples/second
2022-04-27 19:11:46,548 - INFO - Test Loss=1.4962, Test top-1 acc=0.7111, Test mean synset acc=0.8576
2022-04-27 19:11:46,549 - INFO - Error Depth: [  59.  130.  374.  380.  159.   97. 2951.]
2022-04-27 19:11:46,549 - INFO - Saving...
2022-04-27 19:11:46,734 - INFO - Epoch time: 409.69614005088806
2022-04-27 19:11:46,734 - INFO - 
Epoch: 38
2022-04-27 19:11:46,734 - INFO - 
Learning Rate: 0.0010
2022-04-27 19:11:46,734 - INFO - Synset CE Weight: 0.0
Soft prediction CE Weight: 1.0
Outlier Exposure Weight: 0.0
2022-04-27 19:11:58,277 - INFO - [Step=31750]	Loss=7.0018	244.7 examples/second
2022-04-27 19:13:57,280 - INFO - [Step=32000]	Loss=6.8158	268.9 examples/second
2022-04-27 19:15:56,361 - INFO - [Step=32250]	Loss=6.8559	268.7 examples/second
2022-04-27 19:17:55,479 - INFO - [Step=32500]	Loss=6.8420	268.6 examples/second
2022-04-27 19:18:35,356 - INFO - Test Loss=1.4901, Test top-1 acc=0.7101, Test mean synset acc=0.8568
2022-04-27 19:18:35,358 - INFO - Error Depth: [  55.  121.  394.  378.  158.   97. 2947.]
2022-04-27 19:18:35,358 - INFO - Epoch time: 408.62379145622253
2022-04-27 19:18:35,358 - INFO - 
Epoch: 39
2022-04-27 19:18:35,358 - INFO - 
Learning Rate: 0.0010
2022-04-27 19:18:35,358 - INFO - Synset CE Weight: 0.0
Soft prediction CE Weight: 1.0
Outlier Exposure Weight: 0.0
2022-04-27 19:20:05,268 - INFO - [Step=32750]	Loss=6.7729	246.6 examples/second
2022-04-27 19:22:04,141 - INFO - [Step=33000]	Loss=6.7417	269.2 examples/second
2022-04-27 19:24:02,938 - INFO - [Step=33250]	Loss=6.7549	269.4 examples/second
2022-04-27 19:25:23,302 - INFO - Test Loss=1.5042, Test top-1 acc=0.7130, Test mean synset acc=0.8573
2022-04-27 19:25:23,303 - INFO - Error Depth: [  52.  128.  377.  370.  173.   91. 2959.]
2022-04-27 19:25:23,303 - INFO - Saving...
2022-04-27 19:25:23,505 - INFO - Epoch time: 408.14648365974426
2022-04-27 19:25:23,505 - INFO - 
Epoch: 40
2022-04-27 19:25:23,505 - INFO - 
Learning Rate: 0.0010
2022-04-27 19:25:23,505 - INFO - Synset CE Weight: 0.0
Soft prediction CE Weight: 1.0
Outlier Exposure Weight: 0.0
2022-04-27 19:26:13,024 - INFO - [Step=33500]	Loss=6.6550	246.0 examples/second
2022-04-27 19:28:11,895 - INFO - [Step=33750]	Loss=6.6756	269.2 examples/second
2022-04-27 19:30:10,807 - INFO - [Step=34000]	Loss=6.6120	269.1 examples/second
2022-04-27 19:32:12,027 - INFO - Test Loss=1.4947, Test top-1 acc=0.7130, Test mean synset acc=0.8567
2022-04-27 19:32:12,028 - INFO - Error Depth: [  59.  126.  372.  377.  160.   97. 2959.]
2022-04-27 19:32:12,028 - INFO - Epoch time: 408.52368998527527
2022-04-27 19:32:12,029 - INFO - 
Epoch: 41
2022-04-27 19:32:12,029 - INFO - 
Learning Rate: 0.0010
2022-04-27 19:32:12,029 - INFO - Synset CE Weight: 0.0
Soft prediction CE Weight: 1.0
Outlier Exposure Weight: 0.0
2022-04-27 19:32:21,340 - INFO - [Step=34250]	Loss=6.7286	245.2 examples/second
2022-04-27 19:34:20,007 - INFO - [Step=34500]	Loss=6.5035	269.7 examples/second
2022-04-27 19:36:18,877 - INFO - [Step=34750]	Loss=6.4688	269.2 examples/second
2022-04-27 19:38:17,608 - INFO - [Step=35000]	Loss=6.5455	269.5 examples/second
2022-04-27 19:39:00,083 - INFO - Test Loss=1.5379, Test top-1 acc=0.7099, Test mean synset acc=0.8554
2022-04-27 19:39:00,084 - INFO - Error Depth: [  56.  123.  382.  380.  171.   92. 2946.]
2022-04-27 19:39:00,084 - INFO - Epoch time: 408.05561542510986
2022-04-27 19:39:00,084 - INFO - 
Epoch: 42
2022-04-27 19:39:00,084 - INFO - 
Learning Rate: 0.0010
2022-04-27 19:39:00,084 - INFO - Synset CE Weight: 0.0
Soft prediction CE Weight: 1.0
Outlier Exposure Weight: 0.0
2022-04-27 19:40:27,937 - INFO - [Step=35250]	Loss=6.4703	245.5 examples/second
2022-04-27 19:42:26,922 - INFO - [Step=35500]	Loss=6.5487	268.9 examples/second
2022-04-27 19:44:25,934 - INFO - [Step=35750]	Loss=6.6097	268.9 examples/second
2022-04-27 19:45:49,384 - INFO - Test Loss=1.5344, Test top-1 acc=0.7157, Test mean synset acc=0.8580
2022-04-27 19:45:49,385 - INFO - Error Depth: [  57.  123.  366.  382.  160.   92. 2970.]
2022-04-27 19:45:49,385 - INFO - Saving...
2022-04-27 19:45:49,576 - INFO - Epoch time: 409.49181056022644
2022-04-27 19:45:49,576 - INFO - 
Epoch: 43
2022-04-27 19:45:49,576 - INFO - 
Learning Rate: 0.0010
2022-04-27 19:45:49,577 - INFO - Synset CE Weight: 0.0
Soft prediction CE Weight: 1.0
Outlier Exposure Weight: 0.0
2022-04-27 19:46:36,939 - INFO - [Step=36000]	Loss=6.4224	244.3 examples/second
2022-04-27 19:48:36,101 - INFO - [Step=36250]	Loss=6.5177	268.5 examples/second
2022-04-27 19:50:35,168 - INFO - [Step=36500]	Loss=6.5402	268.8 examples/second
2022-04-27 19:52:38,913 - INFO - Test Loss=1.5359, Test top-1 acc=0.7092, Test mean synset acc=0.8561
2022-04-27 19:52:38,914 - INFO - Error Depth: [  63.  125.  380.  378.  169.   92. 2943.]
2022-04-27 19:52:38,914 - INFO - Epoch time: 409.3378324508667
2022-04-27 19:52:38,914 - INFO - 
Epoch: 44
2022-04-27 19:52:38,914 - INFO - 
Learning Rate: 0.0010
2022-04-27 19:52:38,914 - INFO - Synset CE Weight: 0.0
Soft prediction CE Weight: 1.0
Outlier Exposure Weight: 0.0
2022-04-27 19:52:45,783 - INFO - [Step=36750]	Loss=6.4570	245.0 examples/second
2022-04-27 19:54:44,720 - INFO - [Step=37000]	Loss=6.3142	269.1 examples/second
2022-04-27 19:56:43,952 - INFO - [Step=37250]	Loss=6.2844	268.4 examples/second
2022-04-27 19:58:42,929 - INFO - [Step=37500]	Loss=6.4004	269.0 examples/second
2022-04-27 19:59:27,660 - INFO - Test Loss=1.5023, Test top-1 acc=0.7145, Test mean synset acc=0.8574
2022-04-27 19:59:27,661 - INFO - Error Depth: [  47.  129.  380.  374.  159.   96. 2965.]
2022-04-27 19:59:27,661 - INFO - Epoch time: 408.7469837665558
2022-04-27 19:59:27,661 - INFO - 
Epoch: 45
2022-04-27 19:59:27,661 - INFO - 
Learning Rate: 0.0010
2022-04-27 19:59:27,662 - INFO - Synset CE Weight: 0.0
Soft prediction CE Weight: 1.0
Outlier Exposure Weight: 0.0
2022-04-27 20:00:52,970 - INFO - [Step=37750]	Loss=6.2072	246.1 examples/second
2022-04-27 20:02:52,062 - INFO - [Step=38000]	Loss=6.3092	268.7 examples/second
2022-04-27 20:04:51,200 - INFO - [Step=38250]	Loss=6.1958	268.6 examples/second
2022-04-27 20:06:17,032 - INFO - Test Loss=1.4935, Test top-1 acc=0.7193, Test mean synset acc=0.8595
2022-04-27 20:06:17,033 - INFO - Error Depth: [  49.  108.  380.  359.  173.   96. 2985.]
2022-04-27 20:06:17,034 - INFO - Saving...
2022-04-27 20:06:17,228 - INFO - Epoch time: 409.5660972595215
2022-04-27 20:06:17,228 - INFO - 
Epoch: 46
2022-04-27 20:06:17,228 - INFO - 
Learning Rate: 0.0010
2022-04-27 20:06:17,228 - INFO - Synset CE Weight: 0.0
Soft prediction CE Weight: 1.0
Outlier Exposure Weight: 0.0
2022-04-27 20:07:01,801 - INFO - [Step=38500]	Loss=6.3283	245.0 examples/second
2022-04-27 20:09:00,687 - INFO - [Step=38750]	Loss=6.1117	269.2 examples/second
2022-04-27 20:10:59,495 - INFO - [Step=39000]	Loss=6.2096	269.3 examples/second
2022-04-27 20:13:04,957 - INFO - Test Loss=1.5345, Test top-1 acc=0.7171, Test mean synset acc=0.8573
2022-04-27 20:13:04,958 - INFO - Error Depth: [  49.  120.  363.  378.  166.   98. 2976.]
2022-04-27 20:13:04,958 - INFO - Epoch time: 407.73048305511475
2022-04-27 20:13:04,958 - INFO - 
Epoch: 47
2022-04-27 20:13:04,958 - INFO - 
Learning Rate: 0.0010
2022-04-27 20:13:04,958 - INFO - Synset CE Weight: 0.0
Soft prediction CE Weight: 1.0
Outlier Exposure Weight: 0.0
2022-04-27 20:13:09,230 - INFO - [Step=39250]	Loss=6.1555	246.7 examples/second
2022-04-27 20:15:08,051 - INFO - [Step=39500]	Loss=6.1424	269.3 examples/second
2022-04-27 20:17:06,986 - INFO - [Step=39750]	Loss=6.0118	269.1 examples/second
2022-04-27 20:19:06,065 - INFO - [Step=40000]	Loss=6.1479	268.7 examples/second
2022-04-27 20:19:53,396 - INFO - Test Loss=1.5633, Test top-1 acc=0.7198, Test mean synset acc=0.8586
2022-04-27 20:19:53,397 - INFO - Error Depth: [  57.  113.  359.  376.  163.   95. 2987.]
2022-04-27 20:19:53,397 - INFO - Saving...
2022-04-27 20:19:53,595 - INFO - Epoch time: 408.6361713409424
2022-04-27 20:19:53,595 - INFO - 
Epoch: 48
2022-04-27 20:19:53,595 - INFO - 
Learning Rate: 0.0010
2022-04-27 20:19:53,595 - INFO - Synset CE Weight: 0.0
Soft prediction CE Weight: 1.0
Outlier Exposure Weight: 0.0
2022-04-27 20:21:16,622 - INFO - [Step=40250]	Loss=6.1280	245.1 examples/second
2022-04-27 20:23:15,921 - INFO - [Step=40500]	Loss=6.0224	268.2 examples/second
2022-04-27 20:25:15,081 - INFO - [Step=40750]	Loss=6.1382	268.5 examples/second
2022-04-27 20:26:42,720 - INFO - Test Loss=1.5700, Test top-1 acc=0.7154, Test mean synset acc=0.8576
2022-04-27 20:26:42,721 - INFO - Error Depth: [  50.  123.  364.  386.  163.   95. 2969.]
2022-04-27 20:26:42,722 - INFO - Epoch time: 409.1270446777344
2022-04-27 20:26:42,722 - INFO - 
Epoch: 49
2022-04-27 20:26:42,722 - INFO - 
Learning Rate: 0.0010
2022-04-27 20:26:42,722 - INFO - Synset CE Weight: 0.0
Soft prediction CE Weight: 1.0
Outlier Exposure Weight: 0.0
2022-04-27 20:27:25,373 - INFO - [Step=41000]	Loss=6.1454	245.6 examples/second
2022-04-27 20:29:24,379 - INFO - [Step=41250]	Loss=5.9602	268.9 examples/second
2022-04-27 20:31:23,529 - INFO - [Step=41500]	Loss=6.0479	268.6 examples/second
2022-04-27 20:33:22,307 - INFO - [Step=41750]	Loss=6.0140	269.4 examples/second
2022-04-27 20:33:31,455 - INFO - Test Loss=1.5469, Test top-1 acc=0.7171, Test mean synset acc=0.8563
2022-04-27 20:33:31,455 - INFO - Error Depth: [  48.  109.  372.  386.  166.   93. 2976.]
2022-04-27 20:33:31,456 - INFO - Epoch time: 408.73369216918945
2022-04-27 20:33:31,456 - INFO - 
Epoch: 50
2022-04-27 20:33:31,456 - INFO - 
Learning Rate: 0.0010
2022-04-27 20:33:31,456 - INFO - Synset CE Weight: 0.0
Soft prediction CE Weight: 1.0
Outlier Exposure Weight: 0.0
2022-04-27 20:35:31,341 - INFO - [Step=42000]	Loss=5.9656	248.0 examples/second
2022-04-27 20:37:29,159 - INFO - [Step=42250]	Loss=5.7963	271.6 examples/second
2022-04-27 20:39:27,069 - INFO - [Step=42500]	Loss=6.0521	271.4 examples/second
2022-04-27 20:40:16,250 - INFO - Test Loss=1.5354, Test top-1 acc=0.7212, Test mean synset acc=0.8602
2022-04-27 20:40:16,251 - INFO - Error Depth: [  53.  108.  376.  370.  156.   94. 2993.]
2022-04-27 20:40:16,251 - INFO - Saving...
2022-04-27 20:40:16,437 - INFO - Epoch time: 404.98140716552734
2022-04-27 20:40:16,438 - INFO - 
Epoch: 51
2022-04-27 20:40:16,438 - INFO - 
Learning Rate: 0.0010
2022-04-27 20:40:16,438 - INFO - Synset CE Weight: 0.0
Soft prediction CE Weight: 1.0
Outlier Exposure Weight: 0.0
2022-04-27 20:41:36,139 - INFO - [Step=42750]	Loss=5.9973	247.9 examples/second
2022-04-27 20:43:33,468 - INFO - [Step=43000]	Loss=5.9204	272.7 examples/second
2022-04-27 20:45:30,518 - INFO - [Step=43250]	Loss=5.8784	273.4 examples/second
2022-04-27 20:46:59,083 - INFO - Test Loss=1.5617, Test top-1 acc=0.7190, Test mean synset acc=0.8576
2022-04-27 20:46:59,084 - INFO - Error Depth: [  48.  125.  352.  384.  165.   92. 2984.]
2022-04-27 20:46:59,084 - INFO - Epoch time: 402.64633107185364
2022-04-27 20:46:59,084 - INFO - 
Epoch: 52
2022-04-27 20:46:59,084 - INFO - 
Learning Rate: 0.0010
2022-04-27 20:46:59,084 - INFO - Synset CE Weight: 0.0
Soft prediction CE Weight: 1.0
Outlier Exposure Weight: 0.0
2022-04-27 20:47:39,093 - INFO - [Step=43500]	Loss=5.8106	248.9 examples/second
2022-04-27 20:49:38,298 - INFO - [Step=43750]	Loss=5.7300	268.4 examples/second
2022-04-27 20:51:37,405 - INFO - [Step=44000]	Loss=5.7278	268.7 examples/second
2022-04-27 20:53:36,511 - INFO - [Step=44250]	Loss=5.9209	268.7 examples/second
2022-04-27 20:53:48,086 - INFO - Test Loss=1.5753, Test top-1 acc=0.7135, Test mean synset acc=0.8592
2022-04-27 20:53:48,087 - INFO - Error Depth: [  54.  129.  370.  386.  153.   97. 2961.]
2022-04-27 20:53:48,087 - INFO - Epoch time: 409.0033187866211
2022-04-27 20:53:48,087 - INFO - 
Epoch: 53
2022-04-27 20:53:48,087 - INFO - 
Learning Rate: 0.0010
2022-04-27 20:53:48,088 - INFO - Synset CE Weight: 0.0
Soft prediction CE Weight: 1.0
Outlier Exposure Weight: 0.0
2022-04-27 20:55:47,183 - INFO - [Step=44500]	Loss=5.6777	244.9 examples/second
2022-04-27 20:57:46,605 - INFO - [Step=44750]	Loss=5.7529	268.0 examples/second
2022-04-27 20:59:45,504 - INFO - [Step=45000]	Loss=5.7619	269.1 examples/second
2022-04-27 21:00:37,739 - INFO - Test Loss=1.6124, Test top-1 acc=0.7130, Test mean synset acc=0.8549
2022-04-27 21:00:37,741 - INFO - Error Depth: [  47.  119.  374.  385.  172.   94. 2959.]
2022-04-27 21:00:37,741 - INFO - Epoch time: 409.653883934021
2022-04-27 21:00:37,742 - INFO - 
Epoch: 54
2022-04-27 21:00:37,742 - INFO - 
Learning Rate: 0.0010
2022-04-27 21:00:37,742 - INFO - Synset CE Weight: 0.0
Soft prediction CE Weight: 1.0
Outlier Exposure Weight: 0.0
2022-04-27 21:01:56,503 - INFO - [Step=45250]	Loss=5.6791	244.3 examples/second
2022-04-27 21:03:55,934 - INFO - [Step=45500]	Loss=5.7147	267.9 examples/second
2022-04-27 21:05:55,005 - INFO - [Step=45750]	Loss=5.7423	268.7 examples/second
2022-04-27 21:07:27,702 - INFO - Test Loss=1.5942, Test top-1 acc=0.7101, Test mean synset acc=0.8524
2022-04-27 21:07:27,703 - INFO - Error Depth: [  49.  116.  376.  390.  168.  104. 2947.]
2022-04-27 21:07:27,703 - INFO - Epoch time: 409.961642742157
2022-04-27 21:07:27,703 - INFO - 
Epoch: 55
2022-04-27 21:07:27,703 - INFO - 
Learning Rate: 0.0010
2022-04-27 21:07:27,703 - INFO - Synset CE Weight: 0.0
Soft prediction CE Weight: 1.0
Outlier Exposure Weight: 0.0
2022-04-27 21:08:05,559 - INFO - [Step=46000]	Loss=5.7469	245.1 examples/second
2022-04-27 21:10:04,880 - INFO - [Step=46250]	Loss=5.5290	268.2 examples/second
2022-04-27 21:12:03,831 - INFO - [Step=46500]	Loss=5.5690	269.0 examples/second
2022-04-27 21:14:03,177 - INFO - [Step=46750]	Loss=5.7647	268.1 examples/second
2022-04-27 21:14:16,882 - INFO - Test Loss=1.5760, Test top-1 acc=0.7212, Test mean synset acc=0.8567
2022-04-27 21:14:16,883 - INFO - Error Depth: [  45.  123.  344.  375.  172.   98. 2993.]
2022-04-27 21:14:16,883 - INFO - Epoch time: 409.17964267730713
2022-04-27 21:14:16,883 - INFO - 
Epoch: 56
2022-04-27 21:14:16,883 - INFO - 
Learning Rate: 0.0010
2022-04-27 21:14:16,883 - INFO - Synset CE Weight: 0.0
Soft prediction CE Weight: 1.0
Outlier Exposure Weight: 0.0
2022-04-27 21:16:13,395 - INFO - [Step=47000]	Loss=5.5929	245.7 examples/second
2022-04-27 21:18:12,514 - INFO - [Step=47250]	Loss=5.5163	268.6 examples/second
2022-04-27 21:20:11,556 - INFO - [Step=47500]	Loss=5.6743	268.8 examples/second
2022-04-27 21:21:05,996 - INFO - Test Loss=1.5923, Test top-1 acc=0.7092, Test mean synset acc=0.8530
2022-04-27 21:21:05,997 - INFO - Error Depth: [  50.  121.  367.  395.  172.  102. 2943.]
2022-04-27 21:21:05,997 - INFO - Epoch time: 409.1142292022705
2022-04-27 21:21:05,997 - INFO - 
Epoch: 57
2022-04-27 21:21:05,998 - INFO - 
Learning Rate: 0.0010
2022-04-27 21:21:05,998 - INFO - Synset CE Weight: 0.0
Soft prediction CE Weight: 1.0
Outlier Exposure Weight: 0.0
2022-04-27 21:22:22,204 - INFO - [Step=47750]	Loss=5.4068	244.9 examples/second
2022-04-27 21:24:21,652 - INFO - [Step=48000]	Loss=5.4220	267.9 examples/second
2022-04-27 21:26:21,196 - INFO - [Step=48250]	Loss=5.5650	267.7 examples/second
2022-04-27 21:27:56,581 - INFO - Test Loss=1.5734, Test top-1 acc=0.7123, Test mean synset acc=0.8535
2022-04-27 21:27:56,582 - INFO - Error Depth: [  43.  122.  361.  393.  173.  102. 2956.]
2022-04-27 21:27:56,582 - INFO - Epoch time: 410.58457684516907
2022-04-27 21:27:56,582 - INFO - 
Epoch: 58
2022-04-27 21:27:56,582 - INFO - 
Learning Rate: 0.0010
2022-04-27 21:27:56,582 - INFO - Synset CE Weight: 0.0
Soft prediction CE Weight: 1.0
Outlier Exposure Weight: 0.0
2022-04-27 21:28:32,195 - INFO - [Step=48500]	Loss=5.4553	244.3 examples/second
2022-04-27 21:30:31,159 - INFO - [Step=48750]	Loss=5.4428	269.0 examples/second
2022-04-27 21:32:30,005 - INFO - [Step=49000]	Loss=5.4699	269.3 examples/second
2022-04-27 21:34:28,836 - INFO - [Step=49250]	Loss=5.5599	269.3 examples/second
2022-04-27 21:34:45,217 - INFO - Test Loss=1.5841, Test top-1 acc=0.7130, Test mean synset acc=0.8550
2022-04-27 21:34:45,218 - INFO - Error Depth: [  55.  119.  358.  393.  164.  102. 2959.]
2022-04-27 21:34:45,219 - INFO - Epoch time: 408.6363568305969
2022-04-27 21:34:45,219 - INFO - 
Epoch: 59
2022-04-27 21:34:45,219 - INFO - 
Learning Rate: 0.0001
2022-04-27 21:34:45,219 - INFO - Synset CE Weight: 0.0
Soft prediction CE Weight: 1.0
Outlier Exposure Weight: 0.0
2022-04-27 21:36:39,400 - INFO - [Step=49500]	Loss=5.1241	245.1 examples/second
2022-04-27 21:38:38,700 - INFO - [Step=49750]	Loss=5.0319	268.2 examples/second
2022-04-27 21:40:37,954 - INFO - [Step=50000]	Loss=5.1207	268.3 examples/second
2022-04-27 21:41:34,814 - INFO - Test Loss=1.5951, Test top-1 acc=0.7207, Test mean synset acc=0.8576
2022-04-27 21:41:34,815 - INFO - Error Depth: [  40.  115.  362.  378.  167.   97. 2991.]
2022-04-27 21:41:34,815 - INFO - Epoch time: 409.59619212150574
2022-04-27 21:41:34,815 - INFO - 
Epoch: 60
2022-04-27 21:41:34,815 - INFO - 
Learning Rate: 0.0001
2022-04-27 21:41:34,815 - INFO - Synset CE Weight: 0.0
Soft prediction CE Weight: 1.0
Outlier Exposure Weight: 0.0
2022-04-27 21:42:48,339 - INFO - [Step=50250]	Loss=4.9677	245.4 examples/second
2022-04-27 21:44:47,865 - INFO - [Step=50500]	Loss=5.0301	267.7 examples/second
2022-04-27 21:46:47,034 - INFO - [Step=50750]	Loss=4.9012	268.5 examples/second
2022-04-27 21:48:24,914 - INFO - Test Loss=1.5931, Test top-1 acc=0.7195, Test mean synset acc=0.8580
2022-04-27 21:48:24,915 - INFO - Error Depth: [  44.  118.  361.  375.  166.  100. 2986.]
2022-04-27 21:48:24,916 - INFO - Epoch time: 410.1006672382355
2022-04-27 21:48:24,916 - INFO - 
Epoch: 61
2022-04-27 21:48:24,916 - INFO - 
Learning Rate: 0.0001
2022-04-27 21:48:24,916 - INFO - Synset CE Weight: 0.0
Soft prediction CE Weight: 1.0
Outlier Exposure Weight: 0.0
2022-04-27 21:48:57,880 - INFO - [Step=51000]	Loss=4.9841	244.6 examples/second
2022-04-27 21:50:57,200 - INFO - [Step=51250]	Loss=4.8877	268.2 examples/second
2022-04-27 21:52:56,257 - INFO - [Step=51500]	Loss=4.9653	268.8 examples/second
2022-04-27 21:54:55,592 - INFO - [Step=51750]	Loss=4.7934	268.2 examples/second
2022-04-27 21:55:14,190 - INFO - Test Loss=1.5911, Test top-1 acc=0.7205, Test mean synset acc=0.8580
2022-04-27 21:55:14,191 - INFO - Error Depth: [  40.  114.  367.  376.  161.  102. 2990.]
2022-04-27 21:55:14,191 - INFO - Epoch time: 409.27513313293457
2022-04-27 21:55:14,191 - INFO - 
Epoch: 62
2022-04-27 21:55:14,191 - INFO - 
Learning Rate: 0.0001
2022-04-27 21:55:14,191 - INFO - Synset CE Weight: 0.0
Soft prediction CE Weight: 1.0
Outlier Exposure Weight: 0.0
2022-04-27 21:57:05,801 - INFO - [Step=52000]	Loss=4.8290	245.8 examples/second
2022-04-27 21:59:04,837 - INFO - [Step=52250]	Loss=4.7318	268.8 examples/second
2022-04-27 22:01:03,798 - INFO - [Step=52500]	Loss=4.9456	269.0 examples/second
2022-04-27 22:02:02,800 - INFO - Test Loss=1.5892, Test top-1 acc=0.7171, Test mean synset acc=0.8574
2022-04-27 22:02:02,801 - INFO - Error Depth: [  46.  118.  367.  375.  167.  101. 2976.]
2022-04-27 22:02:02,801 - INFO - Epoch time: 408.6097466945648
2022-04-27 22:02:02,801 - INFO - 
Epoch: 63
2022-04-27 22:02:02,801 - INFO - 
Learning Rate: 0.0001
2022-04-27 22:02:02,801 - INFO - Synset CE Weight: 0.0
Soft prediction CE Weight: 1.0
Outlier Exposure Weight: 0.0
2022-04-27 22:03:13,930 - INFO - [Step=52750]	Loss=4.8050	245.9 examples/second
2022-04-27 22:05:13,205 - INFO - [Step=53000]	Loss=4.7125	268.3 examples/second
2022-04-27 22:07:12,537 - INFO - [Step=53250]	Loss=4.7538	268.2 examples/second
2022-04-27 22:08:52,707 - INFO - Test Loss=1.5948, Test top-1 acc=0.7193, Test mean synset acc=0.8587
2022-04-27 22:08:52,707 - INFO - Error Depth: [  46.  114.  365.  370.  171.   99. 2985.]
2022-04-27 22:08:52,708 - INFO - Epoch time: 409.90664529800415
2022-04-27 22:08:52,708 - INFO - 
Epoch: 64
2022-04-27 22:08:52,708 - INFO - 
Learning Rate: 0.0001
2022-04-27 22:08:52,708 - INFO - Synset CE Weight: 0.0
Soft prediction CE Weight: 1.0
Outlier Exposure Weight: 0.0
2022-04-27 22:09:23,266 - INFO - [Step=53500]	Loss=4.7322	244.8 examples/second
2022-04-27 22:11:22,547 - INFO - [Step=53750]	Loss=4.8115	268.3 examples/second
2022-04-27 22:13:21,478 - INFO - [Step=54000]	Loss=4.7710	269.1 examples/second
2022-04-27 22:15:20,575 - INFO - [Step=54250]	Loss=4.8085	268.7 examples/second
2022-04-27 22:15:41,560 - INFO - Test Loss=1.5971, Test top-1 acc=0.7188, Test mean synset acc=0.8588
2022-04-27 22:15:41,562 - INFO - Error Depth: [  50.  109.  374.  369.  167.   98. 2983.]
2022-04-27 22:15:41,562 - INFO - Epoch time: 408.85425329208374
2022-04-27 22:15:41,562 - INFO - 
Epoch: 65
2022-04-27 22:15:41,562 - INFO - 
Learning Rate: 0.0001
2022-04-27 22:15:41,562 - INFO - Synset CE Weight: 0.0
Soft prediction CE Weight: 1.0
Outlier Exposure Weight: 0.0
2022-04-27 22:17:30,788 - INFO - [Step=54500]	Loss=4.7551	245.8 examples/second
2022-04-27 22:19:29,946 - INFO - [Step=54750]	Loss=4.7664	268.6 examples/second
2022-04-27 22:21:29,073 - INFO - [Step=55000]	Loss=4.7631	268.6 examples/second
2022-04-27 22:22:30,585 - INFO - Test Loss=1.6014, Test top-1 acc=0.7193, Test mean synset acc=0.8587
2022-04-27 22:22:30,586 - INFO - Error Depth: [  50.  112.  363.  376.  165.   99. 2985.]
2022-04-27 22:22:30,587 - INFO - Epoch time: 409.024530172348
2022-04-27 22:22:30,587 - INFO - 
Epoch: 66
2022-04-27 22:22:30,587 - INFO - 
Learning Rate: 0.0001
2022-04-27 22:22:30,587 - INFO - Synset CE Weight: 0.0
Soft prediction CE Weight: 1.0
Outlier Exposure Weight: 0.0
2022-04-27 22:23:39,326 - INFO - [Step=55250]	Loss=4.7363	245.7 examples/second
2022-04-27 22:25:38,279 - INFO - [Step=55500]	Loss=4.7146	269.0 examples/second
2022-04-27 22:27:37,162 - INFO - [Step=55750]	Loss=4.7025	269.2 examples/second
2022-04-27 22:29:19,241 - INFO - Test Loss=1.5942, Test top-1 acc=0.7205, Test mean synset acc=0.8584
2022-04-27 22:29:19,242 - INFO - Error Depth: [  44.  111.  370.  377.  160.   98. 2990.]
2022-04-27 22:29:19,243 - INFO - Epoch time: 408.6561105251312
2022-04-27 22:29:19,243 - INFO - 
Epoch: 67
2022-04-27 22:29:19,243 - INFO - 
Learning Rate: 0.0001
2022-04-27 22:29:19,243 - INFO - Synset CE Weight: 0.0
Soft prediction CE Weight: 1.0
Outlier Exposure Weight: 0.0
2022-04-27 22:29:47,542 - INFO - [Step=56000]	Loss=4.7285	245.4 examples/second
2022-04-27 22:31:46,591 - INFO - [Step=56250]	Loss=4.7204	268.8 examples/second
2022-04-27 22:33:45,325 - INFO - [Step=56500]	Loss=4.6470	269.5 examples/second
2022-04-27 22:35:44,510 - INFO - [Step=56750]	Loss=4.7360	268.5 examples/second
2022-04-27 22:36:07,945 - INFO - Test Loss=1.6070, Test top-1 acc=0.7207, Test mean synset acc=0.8588
2022-04-27 22:36:07,946 - INFO - Error Depth: [  46.  113.  366.  370.  164.  100. 2991.]
2022-04-27 22:36:07,946 - INFO - Epoch time: 408.7034935951233
2022-04-27 22:36:07,947 - INFO - 
Epoch: 68
2022-04-27 22:36:07,947 - INFO - 
Learning Rate: 0.0001
2022-04-27 22:36:07,947 - INFO - Synset CE Weight: 0.0
Soft prediction CE Weight: 1.0
Outlier Exposure Weight: 0.0
2022-04-27 22:37:55,065 - INFO - [Step=57000]	Loss=4.6713	245.1 examples/second
2022-04-27 22:39:54,338 - INFO - [Step=57250]	Loss=4.7051	268.3 examples/second
2022-04-27 22:41:53,773 - INFO - [Step=57500]	Loss=4.6928	267.9 examples/second
2022-04-27 22:42:57,667 - INFO - Test Loss=1.5963, Test top-1 acc=0.7193, Test mean synset acc=0.8577
2022-04-27 22:42:57,668 - INFO - Error Depth: [  44.  112.  368.  379.  160.  102. 2985.]
2022-04-27 22:42:57,668 - INFO - Epoch time: 409.7214000225067
2022-04-27 22:42:57,668 - INFO - 
Epoch: 69
2022-04-27 22:42:57,668 - INFO - 
Learning Rate: 0.0001
2022-04-27 22:42:57,668 - INFO - Synset CE Weight: 0.0
Soft prediction CE Weight: 1.0
Outlier Exposure Weight: 0.0
2022-04-27 22:44:03,985 - INFO - [Step=57750]	Loss=4.6066	245.8 examples/second
2022-04-27 22:46:03,668 - INFO - [Step=58000]	Loss=4.7236	267.4 examples/second
2022-04-27 22:48:03,115 - INFO - [Step=58250]	Loss=4.6835	267.9 examples/second
2022-04-27 22:49:48,071 - INFO - Test Loss=1.5947, Test top-1 acc=0.7202, Test mean synset acc=0.8591
2022-04-27 22:49:48,072 - INFO - Error Depth: [  51.  114.  360.  375.  160.  101. 2989.]
2022-04-27 22:49:48,072 - INFO - Epoch time: 410.40422892570496
2022-04-27 22:49:48,072 - INFO - 
Epoch: 70
2022-04-27 22:49:48,072 - INFO - 
Learning Rate: 0.0001
2022-04-27 22:49:48,073 - INFO - Synset CE Weight: 0.0
Soft prediction CE Weight: 1.0
Outlier Exposure Weight: 0.0
2022-04-27 22:50:14,058 - INFO - [Step=58500]	Loss=4.7274	244.4 examples/second
2022-04-27 22:52:13,312 - INFO - [Step=58750]	Loss=4.7059	268.3 examples/second
2022-04-27 22:54:12,583 - INFO - [Step=59000]	Loss=4.6708	268.3 examples/second
2022-04-27 22:56:11,955 - INFO - [Step=59250]	Loss=4.6503	268.1 examples/second
2022-04-27 22:56:38,003 - INFO - Test Loss=1.6176, Test top-1 acc=0.7176, Test mean synset acc=0.8575
2022-04-27 22:56:38,003 - INFO - Error Depth: [  49.  115.  366.  376.  167.   99. 2978.]
2022-04-27 22:56:38,004 - INFO - Epoch time: 409.9311249256134
2022-04-27 22:56:38,004 - INFO - 
Epoch: 71
2022-04-27 22:56:38,004 - INFO - 
Learning Rate: 0.0001
2022-04-27 22:56:38,004 - INFO - Synset CE Weight: 0.0
Soft prediction CE Weight: 1.0
Outlier Exposure Weight: 0.0
2022-04-27 22:58:22,305 - INFO - [Step=59500]	Loss=4.6271	245.5 examples/second
2022-04-27 23:00:21,311 - INFO - [Step=59750]	Loss=4.6050	268.9 examples/second
2022-04-27 23:02:20,309 - INFO - [Step=60000]	Loss=4.6392	268.9 examples/second
2022-04-27 23:03:26,319 - INFO - Test Loss=1.6203, Test top-1 acc=0.7198, Test mean synset acc=0.8592
2022-04-27 23:03:26,320 - INFO - Error Depth: [  45.  112.  368.  376.  163.   99. 2987.]
2022-04-27 23:03:26,320 - INFO - Epoch time: 408.3166310787201
2022-04-27 23:03:26,320 - INFO - 
Epoch: 72
2022-04-27 23:03:26,320 - INFO - 
Learning Rate: 0.0001
2022-04-27 23:03:26,321 - INFO - Synset CE Weight: 0.0
Soft prediction CE Weight: 1.0
Outlier Exposure Weight: 0.0
2022-04-27 23:04:30,102 - INFO - [Step=60250]	Loss=4.6299	246.5 examples/second
2022-04-27 23:06:29,198 - INFO - [Step=60500]	Loss=4.5062	268.7 examples/second
2022-04-27 23:08:28,049 - INFO - [Step=60750]	Loss=4.5940	269.2 examples/second
2022-04-27 23:10:15,003 - INFO - Test Loss=1.6288, Test top-1 acc=0.7207, Test mean synset acc=0.8587
2022-04-27 23:10:15,004 - INFO - Error Depth: [  44.  114.  365.  379.  159.   98. 2991.]
2022-04-27 23:10:15,004 - INFO - Epoch time: 408.6834933757782
2022-04-27 23:10:15,004 - INFO - 
Epoch: 73
2022-04-27 23:10:15,004 - INFO - 
Learning Rate: 0.0001
2022-04-27 23:10:15,004 - INFO - Synset CE Weight: 0.0
Soft prediction CE Weight: 1.0
Outlier Exposure Weight: 0.0
2022-04-27 23:10:38,376 - INFO - [Step=61000]	Loss=4.5525	245.5 examples/second
2022-04-27 23:12:37,395 - INFO - [Step=61250]	Loss=4.6177	268.9 examples/second
2022-04-27 23:14:36,363 - INFO - [Step=61500]	Loss=4.6478	269.0 examples/second
2022-04-27 23:16:35,281 - INFO - [Step=61750]	Loss=4.5635	269.1 examples/second
2022-04-27 23:17:03,280 - INFO - Test Loss=1.6186, Test top-1 acc=0.7195, Test mean synset acc=0.8584
2022-04-27 23:17:03,281 - INFO - Error Depth: [  48.  120.  361.  373.  166.   96. 2986.]
2022-04-27 23:17:03,282 - INFO - Epoch time: 408.277708530426
2022-04-27 23:17:03,282 - INFO - 
Epoch: 74
2022-04-27 23:17:03,282 - INFO - 
Learning Rate: 0.0001
2022-04-27 23:17:03,282 - INFO - Synset CE Weight: 0.0
Soft prediction CE Weight: 1.0
Outlier Exposure Weight: 0.0
2022-04-27 23:18:45,234 - INFO - [Step=62000]	Loss=4.5379	246.2 examples/second
2022-04-27 23:20:43,975 - INFO - [Step=62250]	Loss=4.5659	269.5 examples/second
2022-04-27 23:22:42,986 - INFO - [Step=62500]	Loss=4.6135	268.9 examples/second
2022-04-27 23:23:51,352 - INFO - Test Loss=1.6152, Test top-1 acc=0.7217, Test mean synset acc=0.8589
2022-04-27 23:23:51,353 - INFO - Error Depth: [  46.  114.  358.  374.  164.   99. 2995.]
2022-04-27 23:23:51,353 - INFO - Saving...
2022-04-27 23:23:51,538 - INFO - Epoch time: 408.2565960884094
2022-04-27 23:23:51,539 - INFO - 
Epoch: 75
2022-04-27 23:23:51,539 - INFO - 
Learning Rate: 0.0001
2022-04-27 23:23:51,539 - INFO - Synset CE Weight: 0.0
Soft prediction CE Weight: 1.0
Outlier Exposure Weight: 0.0
2022-04-27 23:24:52,788 - INFO - [Step=62750]	Loss=4.5785	246.5 examples/second
2022-04-27 23:26:51,680 - INFO - [Step=63000]	Loss=4.4754	269.2 examples/second
2022-04-27 23:28:50,469 - INFO - [Step=63250]	Loss=4.5368	269.4 examples/second
2022-04-27 23:30:39,023 - INFO - Test Loss=1.6151, Test top-1 acc=0.7212, Test mean synset acc=0.8598
2022-04-27 23:30:39,024 - INFO - Error Depth: [  41.  121.  364.  374.  163.   94. 2993.]
2022-04-27 23:30:39,025 - INFO - Epoch time: 407.48583936691284
2022-04-27 23:30:39,025 - INFO - 
Epoch: 76
2022-04-27 23:30:39,025 - INFO - 
Learning Rate: 0.0001
2022-04-27 23:30:39,025 - INFO - Synset CE Weight: 0.0
Soft prediction CE Weight: 1.0
Outlier Exposure Weight: 0.0
2022-04-27 23:30:59,954 - INFO - [Step=63500]	Loss=4.6188	247.1 examples/second
2022-04-27 23:32:58,745 - INFO - [Step=63750]	Loss=4.6090	269.4 examples/second
2022-04-27 23:34:57,577 - INFO - [Step=64000]	Loss=4.5658	269.3 examples/second
2022-04-27 23:36:56,578 - INFO - [Step=64250]	Loss=4.5857	268.9 examples/second
2022-04-27 23:37:26,904 - INFO - Test Loss=1.6286, Test top-1 acc=0.7219, Test mean synset acc=0.8580
2022-04-27 23:37:26,905 - INFO - Error Depth: [  44.  109.  365.  374.  165.   97. 2996.]
2022-04-27 23:37:26,906 - INFO - Saving...
2022-04-27 23:37:27,106 - INFO - Epoch time: 408.08131194114685
2022-04-27 23:37:27,106 - INFO - 
Epoch: 77
2022-04-27 23:37:27,106 - INFO - 
Learning Rate: 0.0001
2022-04-27 23:37:27,106 - INFO - Synset CE Weight: 0.0
Soft prediction CE Weight: 1.0
Outlier Exposure Weight: 0.0
2022-04-27 23:39:06,818 - INFO - [Step=64500]	Loss=4.4857	245.7 examples/second
2022-04-27 23:41:05,889 - INFO - [Step=64750]	Loss=4.5028	268.7 examples/second
2022-04-27 23:43:05,120 - INFO - [Step=65000]	Loss=4.6037	268.4 examples/second
2022-04-27 23:44:16,041 - INFO - Test Loss=1.6147, Test top-1 acc=0.7280, Test mean synset acc=0.8625
2022-04-27 23:44:16,042 - INFO - Error Depth: [  43.  108.  362.  366.  156.   94. 3021.]
2022-04-27 23:44:16,042 - INFO - Saving...
2022-04-27 23:44:16,224 - INFO - Epoch time: 409.1172981262207
2022-04-27 23:44:16,224 - INFO - 
Epoch: 78
2022-04-27 23:44:16,224 - INFO - 
Learning Rate: 0.0001
2022-04-27 23:44:16,224 - INFO - Synset CE Weight: 0.0
Soft prediction CE Weight: 1.0
Outlier Exposure Weight: 0.0
2022-04-27 23:45:15,339 - INFO - [Step=65250]	Loss=4.6112	245.7 examples/second
2022-04-27 23:47:14,098 - INFO - [Step=65500]	Loss=4.4767	269.5 examples/second
2022-04-27 23:49:13,071 - INFO - [Step=65750]	Loss=4.5541	269.0 examples/second
2022-04-27 23:51:04,598 - INFO - Test Loss=1.6244, Test top-1 acc=0.7217, Test mean synset acc=0.8589
2022-04-27 23:51:04,599 - INFO - Error Depth: [  47.  111.  360.  375.  166.   96. 2995.]
2022-04-27 23:51:04,599 - INFO - Epoch time: 408.3753459453583
2022-04-27 23:51:04,599 - INFO - 
Epoch: 79
2022-04-27 23:51:04,599 - INFO - 
Learning Rate: 0.0001
2022-04-27 23:51:04,599 - INFO - Synset CE Weight: 0.0
Soft prediction CE Weight: 1.0
Outlier Exposure Weight: 0.0
2022-04-27 23:51:23,318 - INFO - [Step=66000]	Loss=4.5146	245.7 examples/second
2022-04-27 23:53:22,271 - INFO - [Step=66250]	Loss=4.4917	269.0 examples/second
2022-04-27 23:55:21,301 - INFO - [Step=66500]	Loss=4.5497	268.8 examples/second
2022-04-27 23:57:20,201 - INFO - [Step=66750]	Loss=4.6160	269.1 examples/second
2022-04-27 23:57:53,431 - INFO - Test Loss=1.6367, Test top-1 acc=0.7231, Test mean synset acc=0.8591
2022-04-27 23:57:53,432 - INFO - Error Depth: [  42.  106.  368.  381.  156.   96. 3001.]
2022-04-27 23:57:53,432 - INFO - Epoch time: 408.83288073539734
2022-04-27 23:57:53,432 - INFO - 
Epoch: 80
2022-04-27 23:57:53,432 - INFO - 
Learning Rate: 0.0001
2022-04-27 23:57:53,433 - INFO - Synset CE Weight: 0.0
Soft prediction CE Weight: 1.0
Outlier Exposure Weight: 0.0
2022-04-27 23:59:30,719 - INFO - [Step=67000]	Loss=4.4357	245.2 examples/second
2022-04-28 00:01:29,694 - INFO - [Step=67250]	Loss=4.5220	269.0 examples/second
2022-04-28 00:03:28,800 - INFO - [Step=67500]	Loss=4.5684	268.7 examples/second
2022-04-28 00:04:42,030 - INFO - Test Loss=1.6269, Test top-1 acc=0.7253, Test mean synset acc=0.8594
2022-04-28 00:04:42,031 - INFO - Error Depth: [  42.  103.  362.  379.  158.   96. 3010.]
2022-04-28 00:04:42,032 - INFO - Epoch time: 408.59925389289856
2022-04-28 00:04:42,032 - INFO - 
Epoch: 81
2022-04-28 00:04:42,032 - INFO - 
Learning Rate: 0.0001
2022-04-28 00:04:42,032 - INFO - Synset CE Weight: 0.0
Soft prediction CE Weight: 1.0
Outlier Exposure Weight: 0.0
2022-04-28 00:05:38,982 - INFO - [Step=67750]	Loss=4.5267	245.8 examples/second
2022-04-28 00:07:38,024 - INFO - [Step=68000]	Loss=4.5092	268.8 examples/second
2022-04-28 00:09:37,229 - INFO - [Step=68250]	Loss=4.4441	268.4 examples/second
2022-04-28 00:11:30,854 - INFO - Test Loss=1.6347, Test top-1 acc=0.7222, Test mean synset acc=0.8599
2022-04-28 00:11:30,855 - INFO - Error Depth: [  46.  110.  368.  375.  160.   94. 2997.]
2022-04-28 00:11:30,855 - INFO - Epoch time: 408.8233563899994
2022-04-28 00:11:30,855 - INFO - 
Epoch: 82
2022-04-28 00:11:30,855 - INFO - 
Learning Rate: 0.0001
2022-04-28 00:11:30,855 - INFO - Synset CE Weight: 0.0
Soft prediction CE Weight: 1.0
Outlier Exposure Weight: 0.0
2022-04-28 00:11:47,130 - INFO - [Step=68500]	Loss=4.4958	246.3 examples/second
2022-04-28 00:13:46,130 - INFO - [Step=68750]	Loss=4.4723	268.9 examples/second
2022-04-28 00:15:45,217 - INFO - [Step=69000]	Loss=4.4940	268.7 examples/second
2022-04-28 00:17:44,260 - INFO - [Step=69250]	Loss=4.4244	268.8 examples/second
2022-04-28 00:18:19,624 - INFO - Test Loss=1.6608, Test top-1 acc=0.7212, Test mean synset acc=0.8586
2022-04-28 00:18:19,625 - INFO - Error Depth: [  43.  113.  365.  380.  161.   95. 2993.]
2022-04-28 00:18:19,625 - INFO - Epoch time: 408.7696633338928
2022-04-28 00:18:19,625 - INFO - 
Epoch: 83
2022-04-28 00:18:19,625 - INFO - 
Learning Rate: 0.0001
2022-04-28 00:18:19,625 - INFO - Synset CE Weight: 0.0
Soft prediction CE Weight: 1.0
Outlier Exposure Weight: 0.0
2022-04-28 00:19:54,563 - INFO - [Step=69500]	Loss=4.3778	245.6 examples/second
2022-04-28 00:21:53,628 - INFO - [Step=69750]	Loss=4.4291	268.8 examples/second
2022-04-28 00:23:52,585 - INFO - [Step=70000]	Loss=4.6123	269.0 examples/second
2022-04-28 00:25:08,073 - INFO - Test Loss=1.6351, Test top-1 acc=0.7224, Test mean synset acc=0.8602
2022-04-28 00:25:08,074 - INFO - Error Depth: [  47.  108.  369.  370.  163.   95. 2998.]
2022-04-28 00:25:08,074 - INFO - Epoch time: 408.4495460987091
2022-04-28 00:25:08,075 - INFO - 
Epoch: 84
2022-04-28 00:25:08,075 - INFO - 
Learning Rate: 0.0001
2022-04-28 00:25:08,075 - INFO - Synset CE Weight: 0.0
Soft prediction CE Weight: 1.0
Outlier Exposure Weight: 0.0
2022-04-28 00:26:02,354 - INFO - [Step=70250]	Loss=4.5713	246.6 examples/second
2022-04-28 00:28:00,965 - INFO - [Step=70500]	Loss=4.4310	269.8 examples/second
2022-04-28 00:29:59,837 - INFO - [Step=70750]	Loss=4.4621	269.2 examples/second
2022-04-28 00:31:55,772 - INFO - Test Loss=1.6261, Test top-1 acc=0.7267, Test mean synset acc=0.8628
2022-04-28 00:31:55,774 - INFO - Error Depth: [  51.  106.  359.  366.  160.   92. 3016.]
2022-04-28 00:31:55,774 - INFO - Epoch time: 407.69927525520325
2022-04-28 00:31:55,774 - INFO - 
Epoch: 85
2022-04-28 00:31:55,774 - INFO - 
Learning Rate: 0.0001
2022-04-28 00:31:55,774 - INFO - Synset CE Weight: 0.0
Soft prediction CE Weight: 1.0
Outlier Exposure Weight: 0.0
2022-04-28 00:32:09,737 - INFO - [Step=71000]	Loss=4.4406	246.3 examples/second
2022-04-28 00:34:08,851 - INFO - [Step=71250]	Loss=4.5009	268.7 examples/second
2022-04-28 00:36:07,650 - INFO - [Step=71500]	Loss=4.4229	269.4 examples/second
2022-04-28 00:38:06,572 - INFO - [Step=71750]	Loss=4.4280	269.1 examples/second
2022-04-28 00:38:44,369 - INFO - Test Loss=1.6632, Test top-1 acc=0.7231, Test mean synset acc=0.8594
2022-04-28 00:38:44,370 - INFO - Error Depth: [  47.  106.  362.  377.  161.   96. 3001.]
2022-04-28 00:38:44,371 - INFO - Epoch time: 408.59661078453064
2022-04-28 00:38:44,371 - INFO - 
Epoch: 86
2022-04-28 00:38:44,371 - INFO - 
Learning Rate: 0.0001
2022-04-28 00:38:44,371 - INFO - Synset CE Weight: 0.0
Soft prediction CE Weight: 1.0
Outlier Exposure Weight: 0.0
2022-04-28 00:40:16,738 - INFO - [Step=72000]	Loss=4.3811	245.8 examples/second
2022-04-28 00:42:15,706 - INFO - [Step=72250]	Loss=4.3918	269.0 examples/second
2022-04-28 00:44:14,574 - INFO - [Step=72500]	Loss=4.4321	269.2 examples/second
2022-04-28 00:45:33,027 - INFO - Test Loss=1.6343, Test top-1 acc=0.7210, Test mean synset acc=0.8575
2022-04-28 00:45:33,029 - INFO - Error Depth: [  50.  102.  367.  379.  164.   96. 2992.]
2022-04-28 00:45:33,029 - INFO - Epoch time: 408.65825486183167
2022-04-28 00:45:33,029 - INFO - 
Epoch: 87
2022-04-28 00:45:33,029 - INFO - 
Learning Rate: 0.0001
2022-04-28 00:45:33,029 - INFO - Synset CE Weight: 0.0
Soft prediction CE Weight: 1.0
Outlier Exposure Weight: 0.0
2022-04-28 00:46:24,927 - INFO - [Step=72750]	Loss=4.4517	245.5 examples/second
2022-04-28 00:48:23,921 - INFO - [Step=73000]	Loss=4.3753	268.9 examples/second
2022-04-28 00:50:22,820 - INFO - [Step=73250]	Loss=4.4084	269.1 examples/second
2022-04-28 00:52:21,466 - INFO - Test Loss=1.6520, Test top-1 acc=0.7270, Test mean synset acc=0.8605
2022-04-28 00:52:21,467 - INFO - Error Depth: [  45.   97.  365.  368.  160.   98. 3017.]
2022-04-28 00:52:21,467 - INFO - Epoch time: 408.43779492378235
2022-04-28 00:52:21,467 - INFO - 
Epoch: 88
2022-04-28 00:52:21,467 - INFO - 
Learning Rate: 0.0001
2022-04-28 00:52:21,467 - INFO - Synset CE Weight: 0.0
Soft prediction CE Weight: 1.0
Outlier Exposure Weight: 0.0
2022-04-28 00:52:33,047 - INFO - [Step=73500]	Loss=4.4606	245.7 examples/second
2022-04-28 00:54:32,044 - INFO - [Step=73750]	Loss=4.3419	268.9 examples/second
2022-04-28 00:56:30,701 - INFO - [Step=74000]	Loss=4.4149	269.7 examples/second
2022-04-28 00:58:29,489 - INFO - [Step=74250]	Loss=4.3478	269.4 examples/second
2022-04-28 00:59:09,354 - INFO - Test Loss=1.6359, Test top-1 acc=0.7234, Test mean synset acc=0.8579
2022-04-28 00:59:09,355 - INFO - Error Depth: [  45.   98.  368.  380.  160.   97. 3002.]
2022-04-28 00:59:09,355 - INFO - Epoch time: 407.88819456100464
2022-04-28 00:59:09,355 - INFO - 
Epoch: 89
2022-04-28 00:59:09,355 - INFO - 
Learning Rate: 0.0001
2022-04-28 00:59:09,356 - INFO - Synset CE Weight: 0.0
Soft prediction CE Weight: 1.0
Outlier Exposure Weight: 0.0
2022-04-28 01:00:39,711 - INFO - [Step=74500]	Loss=4.4439	245.7 examples/second
2022-04-28 01:02:39,128 - INFO - [Step=74750]	Loss=4.4603	268.0 examples/second
2022-04-28 01:04:38,810 - INFO - [Step=75000]	Loss=4.5476	267.4 examples/second
2022-04-28 01:05:59,442 - INFO - Test Loss=1.6463, Test top-1 acc=0.7239, Test mean synset acc=0.8590
2022-04-28 01:05:59,443 - INFO - Error Depth: [  42.  105.  365.  375.  163.   96. 3004.]
2022-04-28 01:05:59,443 - INFO - Epoch time: 410.0874345302582
2022-04-28 01:05:59,443 - INFO - Printing Final Accuracy + OOD Detection stats
2022-04-28 01:05:59,444 - INFO - Top 1 Accuracy:  Min: 0.7280; Max: 0.7280; Avg: 0.7280; Std: 0.0000; Len: 1
2022-04-28 01:05:59,444 - INFO - Top 5 Accuracy:  Min: 0.8625; Max: 0.8625; Avg: 0.8625; Std: 0.0000; Len: 1
