2022-04-11 16:33:18,125 - INFO - ==> Preparing data..
2022-04-11 16:33:18,434 - INFO - # ID Test: 4150
2022-04-11 16:33:18,434 - INFO - # OOD: 850
2022-04-11 16:33:18,464 - INFO - # iNaturalist: 10000
2022-04-11 16:33:18,492 - INFO - # SUN: 10000
2022-04-11 16:33:18,521 - INFO - # Places: 10000
2022-04-11 16:33:18,537 - INFO - # Textures: 5640
2022-04-11 16:33:18,539 - INFO - # coarseid-coarseood: 750
2022-04-11 16:33:18,540 - INFO - # coarseid-fineood: 100
2022-04-11 16:33:18,540 - INFO - No distribution strategy
2022-04-11 16:33:21,817 - INFO - Model R0 Results
2022-04-11 16:33:29,933 - INFO - Model R0 Accuracy Results
2022-04-11 16:33:29,935 - INFO - Top-1 Accuracy: 0.8166264891624451
2022-04-11 16:33:29,935 - INFO - Top-5 Accuracy: 0.9703614711761475
2022-04-11 16:33:29,935 - INFO - Model R1 Results
2022-04-11 16:33:37,378 - INFO - Model R1 Accuracy Results
2022-04-11 16:33:37,378 - INFO - Top-1 Accuracy: 0.8050602674484253
2022-04-11 16:33:37,378 - INFO - Top-5 Accuracy: 0.9679518342018127
2022-04-11 16:33:37,379 - INFO - Model R2 Results
2022-04-11 16:33:44,653 - INFO - Model R2 Accuracy Results
2022-04-11 16:33:44,653 - INFO - Top-1 Accuracy: 0.816144585609436
2022-04-11 16:33:44,654 - INFO - Top-5 Accuracy: 0.9710843563079834
2022-04-11 16:33:44,654 - INFO - Model R3 Results
2022-04-11 16:33:51,981 - INFO - Model R3 Accuracy Results
2022-04-11 16:33:51,981 - INFO - Top-1 Accuracy: 0.8224096298217773
2022-04-11 16:33:51,981 - INFO - Top-5 Accuracy: 0.9737349152565002
2022-04-11 16:33:51,981 - INFO - Model R4 Results
2022-04-11 16:33:59,275 - INFO - Model R4 Accuracy Results
2022-04-11 16:33:59,276 - INFO - Top-1 Accuracy: 0.8265060186386108
2022-04-11 16:33:59,276 - INFO - Top-5 Accuracy: 0.97493976354599
2022-04-11 16:33:59,282 - INFO - Ensemble: Model: softmax, M: 5
2022-04-11 16:33:59,282 - INFO - Ensemble Accuracy: 0.8349397778511047
