2022-01-19 02:48:34,579 - INFO - ==> Preparing data..
2022-01-19 02:48:34,893 - INFO - # ID Test: 4150
2022-01-19 02:48:34,893 - INFO - # OOD: 850
2022-01-19 02:48:34,923 - INFO - # iNaturalist: 10000
2022-01-19 02:48:34,953 - INFO - # SUN: 10000
2022-01-19 02:48:34,982 - INFO - # Places: 10000
2022-01-19 02:48:34,998 - INFO - # Textures: 5640
2022-01-19 02:48:47,014 - INFO - Accuracy Results
2022-01-19 02:48:47,014 - INFO - Accuracy: 0.8144578337669373
2022-01-19 02:48:47,015 - INFO - Groupwise Accuracy: [0.9814458  0.99084336 0.98626506 0.993253   0.9833735  0.9939759
 0.98361444 0.98240966 0.9901205  0.9773494  0.9913253  0.9855422
 0.97831327 0.9838554  0.97903615 0.99036145 0.9961446 ]
2022-01-19 02:48:47,015 - INFO - OOD Results
2022-01-19 02:48:57,790 - INFO - Computing OOD Statistics...
2022-01-19 02:49:13,276 - INFO - Computing OOD Statistics...
2022-01-19 02:49:34,643 - INFO - Computing OOD Statistics...
2022-01-19 02:49:49,176 - INFO - Computing OOD Statistics...
2022-01-19 02:49:58,305 - INFO - Computing OOD Statistics...
2022-01-19 02:49:58,320 - INFO - MOS OOD Metrics:
	OOD Dataset: OOD
		AUROC [0.9199070163004961]
		TNR [0.5658823529411765]
		AUOUT [0.6511258667661328]
	OOD Dataset: iNaturalist
		AUROC [0.9383545542168674]
		TNR [0.5988]
		AUOUT [0.9594087247554721]
	OOD Dataset: SUN
		AUROC [0.9577439759036145]
		TNR [0.7166]
		AUOUT [0.9705308084149572]
	OOD Dataset: Places
		AUROC [0.9475978072289157]
		TNR [0.6613]
		AUOUT [0.9657576506374572]
	OOD Dataset: Textures
		AUROC [0.9313069298470478]
		TNR [0.5950354609929078]
		AUOUT [0.9284482698578396]
