2022-05-19 05:21:10,714 - INFO - ==> Preparing data..
2022-05-19 05:21:11,129 - INFO - # ID Test: 4150
2022-05-19 05:21:11,129 - INFO - # OOD: 850
2022-05-19 05:21:11,161 - INFO - # iNaturalist: 10000
2022-05-19 05:21:11,187 - INFO - # SUN: 10000
2022-05-19 05:21:11,214 - INFO - # Places: 10000
2022-05-19 05:21:11,249 - INFO - # Textures: 5640
2022-05-19 05:21:11,258 - INFO - # coarseid-coarseood: 700
2022-05-19 05:21:11,260 - INFO - # coarseid-fineood: 150
2022-05-19 05:22:03,227 - INFO - Accuracy Results
2022-05-19 05:22:03,228 - INFO - Mean Synset Accuracy: 0.8664892911911011
2022-05-19 05:22:03,229 - INFO - Top-1 Accuracy: 0.8257831335067749
2022-05-19 05:22:03,229 - INFO - Pred Accuracy: 0.8267470002174377
2022-05-19 05:22:03,229 - INFO - Synset Accuracies:
2022-05-19 05:22:03,229 - INFO - [0.9518072 0.768     0.936     0.868     0.936     0.848     0.952
 0.824     0.796     0.952     0.748     0.915     0.82      0.752
 0.852     0.772     0.936     0.97     ]
2022-05-19 05:22:03,229 - INFO - Error Depth:
2022-05-19 05:22:03,230 - INFO - 	Num. Errors at Depth 0 = 140.0
2022-05-19 05:22:03,230 - INFO - 	Num. Errors at Depth 1 = 583.0
2022-05-19 05:22:03,230 - INFO - 	Num. Errors at Depth -1 = 3427.0
2022-05-19 05:22:03,230 - INFO - OOD Results
2022-05-19 05:22:15,848 - INFO - Computing OOD Statistics...
2022-05-19 05:22:37,172 - INFO - Computing OOD Statistics...
2022-05-19 05:23:11,923 - INFO - Computing OOD Statistics...
2022-05-19 05:23:28,728 - INFO - Computing OOD Statistics...
2022-05-19 05:23:38,970 - INFO - Computing OOD Statistics...
2022-05-19 05:23:42,918 - INFO - Computing OOD Statistics...
2022-05-19 05:23:45,538 - INFO - Computing OOD Statistics...
2022-05-19 05:23:45,589 - INFO - OOD Dataset: OOD
2022-05-19 05:23:45,589 - INFO - MSP AUROC Synset Performance
2022-05-19 05:23:45,589 - INFO - [-1, -1, -1, -1, -1, -1, -1, -1, -1, -1, -1, -1, -1, -1, -1, -1, -1, -1, -0.0, 0.9211308291991496, 0.9150968107725017, 0.9337882352941176]
2022-05-19 05:23:45,589 - INFO - MSP TNR Synset Performance
2022-05-19 05:23:45,589 - INFO - [-1, -1, -1, -1, -1, -1, -1, -1, -1, -1, -1, -1, -1, -1, -1, -1, -1, -1, 0.0, 0.6364705882352941, 0.5952941176470588, 0.7047058823529412]
2022-05-19 05:23:45,589 - INFO - MSP AUOUT Synset Performance
2022-05-19 05:23:45,589 - INFO - [-1, -1, -1, -1, -1, -1, -1, -1, -1, -1, -1, -1, -1, -1, -1, -1, -1, -1, 0.09027322853919331, 0.710382753457865, 0.6982445772331426, 0.7616993278771701]
2022-05-19 05:23:45,589 - INFO - ODIN AUROC Synset Performance
2022-05-19 05:23:45,589 - INFO - [-1, -1, -1, -1, -1, -1, -1, -1, -1, -1, -1, -1, -1, -1, -1, -1, -1, -1, -0.0, 0.9018885896527287, 0.3968257973068745, 0.8202180014174345]
2022-05-19 05:23:45,589 - INFO - ODIN TNR Synset Performance
2022-05-19 05:23:45,589 - INFO - [-1, -1, -1, -1, -1, -1, -1, -1, -1, -1, -1, -1, -1, -1, -1, -1, -1, -1, 0.0, 0.5223529411764706, 0.0023529411764705577, 0.6494117647058824]
2022-05-19 05:23:45,589 - INFO - ODIN AUOUT Synset Performance
2022-05-19 05:23:45,589 - INFO - [-1, -1, -1, -1, -1, -1, -1, -1, -1, -1, -1, -1, -1, -1, -1, -1, -1, -1, 0.09027322853919331, 0.6463154854854309, 0.12951294461147103, 0.6618303425072894]
2022-05-19 05:23:45,589 - INFO - MSP Metrics using max activations accumulated across all appropriate synsets:
	AUROC -0.0
	TNR 0.0
	AUOUT 0.09027322853919331
2022-05-19 05:23:45,589 - INFO - ODIN Metrics using max activations accumulated across all appropriate synsets:
	AUROC -0.0
	TNR 0.0
	AUOUT 0.09027322853919331
2022-05-19 05:23:45,589 - INFO - MSP Metrics using max entropy along path:
	AUROC 0.9211308291991496
	TNR 0.6364705882352941
	AUOUT 0.710382753457865
2022-05-19 05:23:45,589 - INFO - ODIN Metrics using max entropy along path:
	AUROC 0.9018885896527287
	TNR 0.5223529411764706
	AUOUT 0.6463154854854309
2022-05-19 05:23:45,589 - INFO - MSP Metrics using predicted activations:
	AUROC 0.9150968107725017
	TNR 0.5952941176470588
	AUOUT 0.6982445772331426
2022-05-19 05:23:45,589 - INFO - ODIN Metrics using predicted activations:
	AUROC 0.3968257973068745
	TNR 0.0023529411764705577
	AUOUT 0.12951294461147103
2022-05-19 05:23:45,589 - INFO - MSP Metrics using mean entropy along path:
	AUROC 0.9337882352941176
	TNR 0.7047058823529412
	AUOUT 0.7616993278771701
2022-05-19 05:23:45,589 - INFO - ODIN Metrics using mean entropy along path:
	AUROC 0.8202180014174345
	TNR 0.6494117647058824
	AUOUT 0.6618303425072894
2022-05-19 05:23:45,589 - INFO - MSP Metrics using min entropy along path:
	AUROC 0.929596881644224
	TNR 0.6670588235294117
	AUOUT 0.7549941545004278
2022-05-19 05:23:45,589 - INFO - ODIN Metrics using min entropy along path:
	AUROC 0.7988586817859674
	TNR 0.5011764705882353
	AUOUT 0.5688404156317907
2022-05-19 05:23:45,590 - INFO - OOD Path entropy min idx (msp): [0. 1.], [282 568]
2022-05-19 05:23:45,590 - INFO - OOD Path entropy min idx (odin): [1.], [850]
2022-05-19 05:23:45,590 - INFO - OOD Dataset: iNaturalist
2022-05-19 05:23:45,590 - INFO - MSP AUROC Synset Performance
2022-05-19 05:23:45,590 - INFO - [-1, -1, -1, -1, -1, -1, -1, -1, -1, -1, -1, -1, -1, -1, -1, -1, -1, -1, -0.0, 0.9497704096385541, 0.9411442891566264, 0.9585421686746988]
2022-05-19 05:23:45,590 - INFO - MSP TNR Synset Performance
2022-05-19 05:23:45,590 - INFO - [-1, -1, -1, -1, -1, -1, -1, -1, -1, -1, -1, -1, -1, -1, -1, -1, -1, -1, 0.0, 0.7395, 0.6853, 0.779]
2022-05-19 05:23:45,590 - INFO - MSP AUOUT Synset Performance
2022-05-19 05:23:45,590 - INFO - [-1, -1, -1, -1, -1, -1, -1, -1, -1, -1, -1, -1, -1, -1, -1, -1, -1, -1, 0.4909583878783369, 0.9757939936584121, 0.9710124430944526, 0.9801300648153356]
2022-05-19 05:23:45,590 - INFO - ODIN AUROC Synset Performance
2022-05-19 05:23:45,590 - INFO - [-1, -1, -1, -1, -1, -1, -1, -1, -1, -1, -1, -1, -1, -1, -1, -1, -1, -1, -0.0, 0.9530812530120482, 0.49296098795180726, 0.8964690361445782]
2022-05-19 05:23:45,590 - INFO - ODIN TNR Synset Performance
2022-05-19 05:23:45,590 - INFO - [-1, -1, -1, -1, -1, -1, -1, -1, -1, -1, -1, -1, -1, -1, -1, -1, -1, -1, 0.0, 0.7365999999999999, 0.0050000000000000044, 0.7603]
2022-05-19 05:23:45,590 - INFO - ODIN AUOUT Synset Performance
2022-05-19 05:23:45,590 - INFO - [-1, -1, -1, -1, -1, -1, -1, -1, -1, -1, -1, -1, -1, -1, -1, -1, -1, -1, 0.4909583878783369, 0.9776383172514931, 0.6581999822169251, 0.9610449074206007]
2022-05-19 05:23:45,591 - INFO - MSP Metrics using max activations accumulated across all appropriate synsets:
	AUROC -0.0
	TNR 0.0
	AUOUT 0.4909583878783369
2022-05-19 05:23:45,591 - INFO - ODIN Metrics using max activations accumulated across all appropriate synsets:
	AUROC -0.0
	TNR 0.0
	AUOUT 0.4909583878783369
2022-05-19 05:23:45,591 - INFO - MSP Metrics using max entropy along path:
	AUROC 0.9497704096385541
	TNR 0.7395
	AUOUT 0.9757939936584121
2022-05-19 05:23:45,591 - INFO - ODIN Metrics using max entropy along path:
	AUROC 0.9530812530120482
	TNR 0.7365999999999999
	AUOUT 0.9776383172514931
2022-05-19 05:23:45,591 - INFO - MSP Metrics using predicted activations:
	AUROC 0.9411442891566264
	TNR 0.6853
	AUOUT 0.9710124430944526
2022-05-19 05:23:45,591 - INFO - ODIN Metrics using predicted activations:
	AUROC 0.49296098795180726
	TNR 0.0050000000000000044
	AUOUT 0.6581999822169251
2022-05-19 05:23:45,591 - INFO - MSP Metrics using mean entropy along path:
	AUROC 0.9585421686746988
	TNR 0.779
	AUOUT 0.9801300648153356
2022-05-19 05:23:45,591 - INFO - ODIN Metrics using mean entropy along path:
	AUROC 0.8964690361445782
	TNR 0.7603
	AUOUT 0.9610449074206007
2022-05-19 05:23:45,591 - INFO - MSP Metrics using min entropy along path:
	AUROC 0.9568499036144578
	TNR 0.7118
	AUOUT 0.9772371038503233
2022-05-19 05:23:45,591 - INFO - ODIN Metrics using min entropy along path:
	AUROC 0.8689255180722892
	TNR 0.5748
	AUOUT 0.9403563500331247
2022-05-19 05:23:45,591 - INFO - OOD Path entropy min idx (msp): [0. 1.], [2792 7208]
2022-05-19 05:23:45,591 - INFO - OOD Path entropy min idx (odin): [1.], [10000]
2022-05-19 05:23:45,591 - INFO - OOD Dataset: SUN
2022-05-19 05:23:45,592 - INFO - MSP AUROC Synset Performance
2022-05-19 05:23:45,592 - INFO - [-1, -1, -1, -1, -1, -1, -1, -1, -1, -1, -1, -1, -1, -1, -1, -1, -1, -1, -0.0, 0.9542686024096386, 0.9486059277108433, 0.9654954939759036]
2022-05-19 05:23:45,592 - INFO - MSP TNR Synset Performance
2022-05-19 05:23:45,592 - INFO - [-1, -1, -1, -1, -1, -1, -1, -1, -1, -1, -1, -1, -1, -1, -1, -1, -1, -1, 0.0, 0.7584, 0.7126, 0.8172]
2022-05-19 05:23:45,592 - INFO - MSP AUOUT Synset Performance
2022-05-19 05:23:45,592 - INFO - [-1, -1, -1, -1, -1, -1, -1, -1, -1, -1, -1, -1, -1, -1, -1, -1, -1, -1, 0.4909583878783369, 0.9772400934269982, 0.9739130748093607, 0.9826816568690389]
2022-05-19 05:23:45,592 - INFO - ODIN AUROC Synset Performance
2022-05-19 05:23:45,592 - INFO - [-1, -1, -1, -1, -1, -1, -1, -1, -1, -1, -1, -1, -1, -1, -1, -1, -1, -1, -0.0, 0.9577725542168675, 0.39368484337349396, 0.7915484337349397]
2022-05-19 05:23:45,592 - INFO - ODIN TNR Synset Performance
2022-05-19 05:23:45,592 - INFO - [-1, -1, -1, -1, -1, -1, -1, -1, -1, -1, -1, -1, -1, -1, -1, -1, -1, -1, 0.0, 0.7591, 0.0012999999999999678, 0.6387]
2022-05-19 05:23:45,592 - INFO - ODIN AUOUT Synset Performance
2022-05-19 05:23:45,592 - INFO - [-1, -1, -1, -1, -1, -1, -1, -1, -1, -1, -1, -1, -1, -1, -1, -1, -1, -1, 0.4909583878783369, 0.9785676165908324, 0.6074925861181286, 0.9226962955651915]
2022-05-19 05:23:45,592 - INFO - MSP Metrics using max activations accumulated across all appropriate synsets:
	AUROC -0.0
	TNR 0.0
	AUOUT 0.4909583878783369
2022-05-19 05:23:45,592 - INFO - ODIN Metrics using max activations accumulated across all appropriate synsets:
	AUROC -0.0
	TNR 0.0
	AUOUT 0.4909583878783369
2022-05-19 05:23:45,592 - INFO - MSP Metrics using max entropy along path:
	AUROC 0.9542686024096386
	TNR 0.7584
	AUOUT 0.9772400934269982
2022-05-19 05:23:45,592 - INFO - ODIN Metrics using max entropy along path:
	AUROC 0.9577725542168675
	TNR 0.7591
	AUOUT 0.9785676165908324
2022-05-19 05:23:45,592 - INFO - MSP Metrics using predicted activations:
	AUROC 0.9486059277108433
	TNR 0.7126
	AUOUT 0.9739130748093607
2022-05-19 05:23:45,592 - INFO - ODIN Metrics using predicted activations:
	AUROC 0.39368484337349396
	TNR 0.0012999999999999678
	AUOUT 0.6074925861181286
2022-05-19 05:23:45,592 - INFO - MSP Metrics using mean entropy along path:
	AUROC 0.9654954939759036
	TNR 0.8172
	AUOUT 0.9826816568690389
2022-05-19 05:23:45,592 - INFO - ODIN Metrics using mean entropy along path:
	AUROC 0.7915484337349397
	TNR 0.6387
	AUOUT 0.9226962955651915
2022-05-19 05:23:45,592 - INFO - MSP Metrics using min entropy along path:
	AUROC 0.9647585783132531
	TNR 0.7587
	AUOUT 0.9803117917409746
2022-05-19 05:23:45,592 - INFO - ODIN Metrics using min entropy along path:
	AUROC 0.7486024819277108
	TNR 0.389
	AUOUT 0.889765609480602
2022-05-19 05:23:45,593 - INFO - OOD Path entropy min idx (msp): [0. 1.], [1673 8327]
2022-05-19 05:23:45,593 - INFO - OOD Path entropy min idx (odin): [1.], [10000]
2022-05-19 05:23:45,593 - INFO - OOD Dataset: Places
2022-05-19 05:23:45,593 - INFO - MSP AUROC Synset Performance
2022-05-19 05:23:45,593 - INFO - [-1, -1, -1, -1, -1, -1, -1, -1, -1, -1, -1, -1, -1, -1, -1, -1, -1, -1, -0.0, 0.9381816144578312, 0.9327620481927711, 0.9516869879518072]
2022-05-19 05:23:45,593 - INFO - MSP TNR Synset Performance
2022-05-19 05:23:45,593 - INFO - [-1, -1, -1, -1, -1, -1, -1, -1, -1, -1, -1, -1, -1, -1, -1, -1, -1, -1, 0.0, 0.6861999999999999, 0.6426000000000001, 0.7469]
2022-05-19 05:23:45,593 - INFO - MSP AUOUT Synset Performance
2022-05-19 05:23:45,593 - INFO - [-1, -1, -1, -1, -1, -1, -1, -1, -1, -1, -1, -1, -1, -1, -1, -1, -1, -1, 0.4909583878783369, 0.9694681113786342, 0.9657838812104197, 0.9760127700273045]
2022-05-19 05:23:45,593 - INFO - ODIN AUROC Synset Performance
2022-05-19 05:23:45,593 - INFO - [-1, -1, -1, -1, -1, -1, -1, -1, -1, -1, -1, -1, -1, -1, -1, -1, -1, -1, -0.0, 0.934286891566265, 0.40206532530120487, 0.797912265060241]
2022-05-19 05:23:45,593 - INFO - ODIN TNR Synset Performance
2022-05-19 05:23:45,593 - INFO - [-1, -1, -1, -1, -1, -1, -1, -1, -1, -1, -1, -1, -1, -1, -1, -1, -1, -1, 0.0, 0.6841999999999999, 0.0040000000000000036, 0.6056]
2022-05-19 05:23:45,593 - INFO - ODIN AUOUT Synset Performance
2022-05-19 05:23:45,593 - INFO - [-1, -1, -1, -1, -1, -1, -1, -1, -1, -1, -1, -1, -1, -1, -1, -1, -1, -1, 0.4909583878783369, 0.9684775800897548, 0.6153868002710401, 0.9226196048900164]
2022-05-19 05:23:45,593 - INFO - MSP Metrics using max activations accumulated across all appropriate synsets:
	AUROC -0.0
	TNR 0.0
	AUOUT 0.4909583878783369
2022-05-19 05:23:45,593 - INFO - ODIN Metrics using max activations accumulated across all appropriate synsets:
	AUROC -0.0
	TNR 0.0
	AUOUT 0.4909583878783369
2022-05-19 05:23:45,593 - INFO - MSP Metrics using max entropy along path:
	AUROC 0.9381816144578312
	TNR 0.6861999999999999
	AUOUT 0.9694681113786342
2022-05-19 05:23:45,593 - INFO - ODIN Metrics using max entropy along path:
	AUROC 0.934286891566265
	TNR 0.6841999999999999
	AUOUT 0.9684775800897548
2022-05-19 05:23:45,593 - INFO - MSP Metrics using predicted activations:
	AUROC 0.9327620481927711
	TNR 0.6426000000000001
	AUOUT 0.9657838812104197
2022-05-19 05:23:45,593 - INFO - ODIN Metrics using predicted activations:
	AUROC 0.40206532530120487
	TNR 0.0040000000000000036
	AUOUT 0.6153868002710401
2022-05-19 05:23:45,593 - INFO - MSP Metrics using mean entropy along path:
	AUROC 0.9516869879518072
	TNR 0.7469
	AUOUT 0.9760127700273045
2022-05-19 05:23:45,593 - INFO - ODIN Metrics using mean entropy along path:
	AUROC 0.797912265060241
	TNR 0.6056
	AUOUT 0.9226196048900164
2022-05-19 05:23:45,594 - INFO - MSP Metrics using min entropy along path:
	AUROC 0.9545495662650602
	TNR 0.7004
	AUOUT 0.9747498171368392
2022-05-19 05:23:45,594 - INFO - ODIN Metrics using min entropy along path:
	AUROC 0.7572575421686748
	TNR 0.3668
	AUOUT 0.889048510413434
2022-05-19 05:23:45,594 - INFO - OOD Path entropy min idx (msp): [0. 1.], [2096 7904]
2022-05-19 05:23:45,594 - INFO - OOD Path entropy min idx (odin): [1.], [10000]
2022-05-19 05:23:45,594 - INFO - OOD Dataset: Textures
2022-05-19 05:23:45,594 - INFO - MSP AUROC Synset Performance
2022-05-19 05:23:45,594 - INFO - [-1, -1, -1, -1, -1, -1, -1, -1, -1, -1, -1, -1, -1, -1, -1, -1, -1, -1, -0.0, 0.9129903443561479, 0.8994485174741519, 0.9212694608220113]
2022-05-19 05:23:45,594 - INFO - MSP TNR Synset Performance
2022-05-19 05:23:45,594 - INFO - [-1, -1, -1, -1, -1, -1, -1, -1, -1, -1, -1, -1, -1, -1, -1, -1, -1, -1, 0.0, 0.6411347517730497, 0.5586879432624113, 0.6636524822695036]
2022-05-19 05:23:45,594 - INFO - MSP AUOUT Synset Performance
2022-05-19 05:23:45,594 - INFO - [-1, -1, -1, -1, -1, -1, -1, -1, -1, -1, -1, -1, -1, -1, -1, -1, -1, -1, 0.36848395850775695, 0.9347175959799255, 0.9197915525739816, 0.9402487468819031]
2022-05-19 05:23:45,594 - INFO - ODIN AUROC Synset Performance
2022-05-19 05:23:45,595 - INFO - [-1, -1, -1, -1, -1, -1, -1, -1, -1, -1, -1, -1, -1, -1, -1, -1, -1, -1, -0.0, 0.956530291378279, 0.6803243612748868, 0.9160193967358797]
2022-05-19 05:23:45,595 - INFO - ODIN TNR Synset Performance
2022-05-19 05:23:45,595 - INFO - [-1, -1, -1, -1, -1, -1, -1, -1, -1, -1, -1, -1, -1, -1, -1, -1, -1, -1, 0.0, 0.7796099290780142, 0.06205673758865249, 0.725]
2022-05-19 05:23:45,595 - INFO - ODIN AUOUT Synset Performance
2022-05-19 05:23:45,595 - INFO - [-1, -1, -1, -1, -1, -1, -1, -1, -1, -1, -1, -1, -1, -1, -1, -1, -1, -1, 0.36848395850775695, 0.9656188774482213, 0.6812086093814395, 0.9432526799052898]
2022-05-19 05:23:45,595 - INFO - MSP Metrics using max activations accumulated across all appropriate synsets:
	AUROC -0.0
	TNR 0.0
	AUOUT 0.36848395850775695
2022-05-19 05:23:45,595 - INFO - ODIN Metrics using max activations accumulated across all appropriate synsets:
	AUROC -0.0
	TNR 0.0
	AUOUT 0.36848395850775695
2022-05-19 05:23:45,595 - INFO - MSP Metrics using max entropy along path:
	AUROC 0.9129903443561479
	TNR 0.6411347517730497
	AUOUT 0.9347175959799255
2022-05-19 05:23:45,595 - INFO - ODIN Metrics using max entropy along path:
	AUROC 0.956530291378279
	TNR 0.7796099290780142
	AUOUT 0.9656188774482213
2022-05-19 05:23:45,595 - INFO - MSP Metrics using predicted activations:
	AUROC 0.8994485174741519
	TNR 0.5586879432624113
	AUOUT 0.9197915525739816
2022-05-19 05:23:45,595 - INFO - ODIN Metrics using predicted activations:
	AUROC 0.6803243612748868
	TNR 0.06205673758865249
	AUOUT 0.6812086093814395
2022-05-19 05:23:45,595 - INFO - MSP Metrics using mean entropy along path:
	AUROC 0.9212694608220113
	TNR 0.6636524822695036
	AUOUT 0.9402487468819031
2022-05-19 05:23:45,595 - INFO - ODIN Metrics using mean entropy along path:
	AUROC 0.9160193967358797
	TNR 0.725
	AUOUT 0.9432526799052898
2022-05-19 05:23:45,595 - INFO - MSP Metrics using min entropy along path:
	AUROC 0.9226420575920704
	TNR 0.5680851063829787
	AUOUT 0.933322958971531
2022-05-19 05:23:45,595 - INFO - ODIN Metrics using min entropy along path:
	AUROC 0.8516335982226779
	TNR 0.42074468085106387
	AUOUT 0.872860767374734
2022-05-19 05:23:45,595 - INFO - OOD Path entropy min idx (msp): [0. 1.], [1079 4561]
2022-05-19 05:23:45,595 - INFO - OOD Path entropy min idx (odin): [1.], [5640]
2022-05-19 05:23:45,595 - INFO - OOD Dataset: coarseid-coarseood
2022-05-19 05:23:45,596 - INFO - MSP AUROC Synset Performance
2022-05-19 05:23:45,596 - INFO - [-1, -1, -1, -1, -1, -1, -1, -1, -1, -1, -1, -1, -1, -1, -1, -1, -1, -1, -0.0, 0.9473363166953528, 0.9409208261617901, 0.9612351118760758]
2022-05-19 05:23:45,596 - INFO - MSP TNR Synset Performance
2022-05-19 05:23:45,596 - INFO - [-1, -1, -1, -1, -1, -1, -1, -1, -1, -1, -1, -1, -1, -1, -1, -1, -1, -1, 0.0, 0.7114285714285714, 0.6685714285714286, 0.79]
2022-05-19 05:23:45,596 - INFO - MSP AUOUT Synset Performance
2022-05-19 05:23:45,596 - INFO - [-1, -1, -1, -1, -1, -1, -1, -1, -1, -1, -1, -1, -1, -1, -1, -1, -1, -1, 0.07591136598393841, 0.7309968335364987, 0.7198583440722588, 0.7918890794354099]
2022-05-19 05:23:45,596 - INFO - ODIN AUROC Synset Performance
2022-05-19 05:23:45,596 - INFO - [-1, -1, -1, -1, -1, -1, -1, -1, -1, -1, -1, -1, -1, -1, -1, -1, -1, -1, -0.0, 0.9368358003442341, 0.43848468158347675, 0.9076240963855422]
2022-05-19 05:23:45,596 - INFO - ODIN TNR Synset Performance
2022-05-19 05:23:45,596 - INFO - [-1, -1, -1, -1, -1, -1, -1, -1, -1, -1, -1, -1, -1, -1, -1, -1, -1, -1, 0.0, 0.5828571428571429, 0.0028571428571428914, 0.7342857142857142]
2022-05-19 05:23:45,596 - INFO - ODIN AUOUT Synset Performance
2022-05-19 05:23:45,596 - INFO - [-1, -1, -1, -1, -1, -1, -1, -1, -1, -1, -1, -1, -1, -1, -1, -1, -1, -1, 0.07591136598393841, 0.6604366060961079, 0.11640304535536825, 0.7096232534285918]
2022-05-19 05:23:45,596 - INFO - MSP Metrics using max activations accumulated across all appropriate synsets:
	AUROC -0.0
	TNR 0.0
	AUOUT 0.07591136598393841
2022-05-19 05:23:45,596 - INFO - ODIN Metrics using max activations accumulated across all appropriate synsets:
	AUROC -0.0
	TNR 0.0
	AUOUT 0.07591136598393841
2022-05-19 05:23:45,596 - INFO - MSP Metrics using max entropy along path:
	AUROC 0.9473363166953528
	TNR 0.7114285714285714
	AUOUT 0.7309968335364987
2022-05-19 05:23:45,596 - INFO - ODIN Metrics using max entropy along path:
	AUROC 0.9368358003442341
	TNR 0.5828571428571429
	AUOUT 0.6604366060961079
2022-05-19 05:23:45,596 - INFO - MSP Metrics using predicted activations:
	AUROC 0.9409208261617901
	TNR 0.6685714285714286
	AUOUT 0.7198583440722588
2022-05-19 05:23:45,596 - INFO - ODIN Metrics using predicted activations:
	AUROC 0.43848468158347675
	TNR 0.0028571428571428914
	AUOUT 0.11640304535536825
2022-05-19 05:23:45,596 - INFO - MSP Metrics using mean entropy along path:
	AUROC 0.9612351118760758
	TNR 0.79
	AUOUT 0.7918890794354099
2022-05-19 05:23:45,596 - INFO - ODIN Metrics using mean entropy along path:
	AUROC 0.9076240963855422
	TNR 0.7342857142857142
	AUOUT 0.7096232534285918
2022-05-19 05:23:45,596 - INFO - MSP Metrics using min entropy along path:
	AUROC 0.9624402753872634
	TNR 0.7457142857142858
	AUOUT 0.7853296988625652
2022-05-19 05:23:45,596 - INFO - ODIN Metrics using min entropy along path:
	AUROC 0.8836340791738382
	TNR 0.5700000000000001
	AUOUT 0.6023516567365393
2022-05-19 05:23:45,596 - INFO - OOD Path entropy min idx (msp): [0. 1.], [186 514]
2022-05-19 05:23:45,597 - INFO - OOD Path entropy min idx (odin): [1.], [700]
2022-05-19 05:23:45,597 - INFO - OOD Dataset: coarseid-fineood
2022-05-19 05:23:45,597 - INFO - MSP AUROC Synset Performance
2022-05-19 05:23:45,597 - INFO - [-1, -1, -1, -1, -1, -1, -1, -1, -1, -1, -1, -1, -1, -1, -1, -1, -1, -1, -0.0, 0.7988369477911647, 0.794587951807229, 0.8057012048192771]
2022-05-19 05:23:45,597 - INFO - MSP TNR Synset Performance
2022-05-19 05:23:45,597 - INFO - [-1, -1, -1, -1, -1, -1, -1, -1, -1, -1, -1, -1, -1, -1, -1, -1, -1, -1, 0.0, 0.2866666666666666, 0.2533333333333333, 0.30666666666666664]
2022-05-19 05:23:45,597 - INFO - MSP AUOUT Synset Performance
2022-05-19 05:23:45,597 - INFO - [-1, -1, -1, -1, -1, -1, -1, -1, -1, -1, -1, -1, -1, -1, -1, -1, -1, -1, 0.01764827684871253, 0.12382865558247058, 0.11124529709147132, 0.1340709279933735]
2022-05-19 05:23:45,597 - INFO - ODIN AUROC Synset Performance
2022-05-19 05:23:45,597 - INFO - [-1, -1, -1, -1, -1, -1, -1, -1, -1, -1, -1, -1, -1, -1, -1, -1, -1, -1, -0.0, 0.7389975903614459, 0.20241767068273092, 0.41240963855421686]
2022-05-19 05:23:45,597 - INFO - ODIN TNR Synset Performance
2022-05-19 05:23:45,597 - INFO - [-1, -1, -1, -1, -1, -1, -1, -1, -1, -1, -1, -1, -1, -1, -1, -1, -1, -1, 0.0, 0.2533333333333333, 0.0, 0.26]
2022-05-19 05:23:45,597 - INFO - ODIN AUOUT Synset Performance
2022-05-19 05:23:45,597 - INFO - [-1, -1, -1, -1, -1, -1, -1, -1, -1, -1, -1, -1, -1, -1, -1, -1, -1, -1, 0.01764827684871253, 0.10320511419877855, 0.020169956602218524, 0.07602847100486985]
2022-05-19 05:23:45,597 - INFO - MSP Metrics using max activations accumulated across all appropriate synsets:
	AUROC -0.0
	TNR 0.0
	AUOUT 0.01764827684871253
2022-05-19 05:23:45,597 - INFO - ODIN Metrics using max activations accumulated across all appropriate synsets:
	AUROC -0.0
	TNR 0.0
	AUOUT 0.01764827684871253
2022-05-19 05:23:45,597 - INFO - MSP Metrics using max entropy along path:
	AUROC 0.7988369477911647
	TNR 0.2866666666666666
	AUOUT 0.12382865558247058
2022-05-19 05:23:45,597 - INFO - ODIN Metrics using max entropy along path:
	AUROC 0.7389975903614459
	TNR 0.2533333333333333
	AUOUT 0.10320511419877855
2022-05-19 05:23:45,597 - INFO - MSP Metrics using predicted activations:
	AUROC 0.794587951807229
	TNR 0.2533333333333333
	AUOUT 0.11124529709147132
2022-05-19 05:23:45,597 - INFO - ODIN Metrics using predicted activations:
	AUROC 0.20241767068273092
	TNR 0.0
	AUOUT 0.020169956602218524
2022-05-19 05:23:45,597 - INFO - MSP Metrics using mean entropy along path:
	AUROC 0.8057012048192771
	TNR 0.30666666666666664
	AUOUT 0.1340709279933735
2022-05-19 05:23:45,597 - INFO - ODIN Metrics using mean entropy along path:
	AUROC 0.41240963855421686
	TNR 0.26
	AUOUT 0.07602847100486985
2022-05-19 05:23:45,597 - INFO - MSP Metrics using min entropy along path:
	AUROC 0.7763277108433735
	TNR 0.30000000000000004
	AUOUT 0.12947652275934168
2022-05-19 05:23:45,597 - INFO - ODIN Metrics using min entropy along path:
	AUROC 0.4032481927710843
	TNR 0.18000000000000005
	AUOUT 0.05403253762091138
2022-05-19 05:23:45,597 - INFO - OOD Path entropy min idx (msp): [0. 1.], [96 54]
2022-05-19 05:23:45,598 - INFO - OOD Path entropy min idx (odin): [1.], [150]
2022-05-19 05:23:55,604 - INFO - Computing OOD Statistics...
2022-05-19 05:24:12,922 - INFO - Computing OOD Statistics...
2022-05-19 05:24:40,433 - INFO - Computing OOD Statistics...
2022-05-19 05:24:52,443 - INFO - Computing OOD Statistics...
2022-05-19 05:25:00,313 - INFO - Computing OOD Statistics...
2022-05-19 05:25:03,116 - INFO - Computing OOD Statistics...
2022-05-19 05:25:05,516 - INFO - Computing OOD Statistics...
2022-05-19 05:25:05,531 - INFO - OOD Dataset: OOD
2022-05-19 05:25:05,531 - INFO - MSP AUROC [0.9122695960311835]
2022-05-19 05:25:05,532 - INFO - MSP TNR [0.6576470588235295]
2022-05-19 05:25:05,532 - INFO - MSP AUOUT [0.7207662305404855]
2022-05-19 05:25:05,532 - INFO - ODIN AUROC [0.9346525868178598]
2022-05-19 05:25:05,532 - INFO - ODIN TNR [0.7635294117647059]
2022-05-19 05:25:05,532 - INFO - ODIN AUOUT [0.7693899226998654]
2022-05-19 05:25:05,532 - INFO - OOD Dataset: iNaturalist
2022-05-19 05:25:05,532 - INFO - MSP AUROC [0.9565304096385542]
2022-05-19 05:25:05,532 - INFO - MSP TNR [0.7436]
2022-05-19 05:25:05,532 - INFO - MSP AUOUT [0.978339688483447]
2022-05-19 05:25:05,532 - INFO - ODIN AUROC [0.9703215421686746]
2022-05-19 05:25:05,532 - INFO - ODIN TNR [0.8242]
2022-05-19 05:25:05,532 - INFO - ODIN AUOUT [0.9850217351552681]
2022-05-19 05:25:05,532 - INFO - OOD Dataset: SUN
2022-05-19 05:25:05,532 - INFO - MSP AUROC [0.9709641204819278]
2022-05-19 05:25:05,532 - INFO - MSP TNR [0.8287]
2022-05-19 05:25:05,532 - INFO - MSP AUOUT [0.9842624065480702]
2022-05-19 05:25:05,532 - INFO - ODIN AUROC [0.9781722409638556]
2022-05-19 05:25:05,532 - INFO - ODIN TNR [0.8923]
2022-05-19 05:25:05,532 - INFO - ODIN AUOUT [0.9882299823005718]
2022-05-19 05:25:05,532 - INFO - OOD Dataset: Places
2022-05-19 05:25:05,532 - INFO - MSP AUROC [0.9572786024096385]
2022-05-19 05:25:05,532 - INFO - MSP TNR [0.7561]
2022-05-19 05:25:05,533 - INFO - MSP AUOUT [0.9777563038222181]
2022-05-19 05:25:05,533 - INFO - ODIN AUROC [0.965420361445783]
2022-05-19 05:25:05,533 - INFO - ODIN TNR [0.8288]
2022-05-19 05:25:05,533 - INFO - ODIN AUOUT [0.9822809742791806]
2022-05-19 05:25:05,533 - INFO - OOD Dataset: Textures
2022-05-19 05:25:05,533 - INFO - MSP AUROC [0.951842006323165]
2022-05-19 05:25:05,533 - INFO - MSP TNR [0.7202127659574469]
2022-05-19 05:25:05,533 - INFO - MSP AUOUT [0.9582975144920927]
2022-05-19 05:25:05,533 - INFO - ODIN AUROC [0.9599931214218577]
2022-05-19 05:25:05,533 - INFO - ODIN TNR [0.7890070921985816]
2022-05-19 05:25:05,533 - INFO - ODIN AUOUT [0.9665373693040655]
2022-05-19 05:25:05,533 - INFO - OOD Dataset: coarseid-coarseood
2022-05-19 05:25:05,533 - INFO - MSP AUROC [0.9556746987951807]
2022-05-19 05:25:05,533 - INFO - MSP TNR [0.7342857142857142]
2022-05-19 05:25:05,533 - INFO - MSP AUOUT [0.7518282054206824]
2022-05-19 05:25:05,533 - INFO - ODIN AUROC [0.9688344234079174]
2022-05-19 05:25:05,533 - INFO - ODIN TNR [0.8485714285714285]
2022-05-19 05:25:05,533 - INFO - ODIN AUOUT [0.8005578619842945]
2022-05-19 05:25:05,533 - INFO - OOD Dataset: coarseid-fineood
2022-05-19 05:25:05,533 - INFO - MSP AUROC [0.7097108433734939]
2022-05-19 05:25:05,533 - INFO - MSP TNR [0.30000000000000004]
2022-05-19 05:25:05,533 - INFO - MSP AUOUT [0.11505338532578477]
2022-05-19 05:25:05,533 - INFO - ODIN AUROC [0.7751373493975904]
2022-05-19 05:25:05,533 - INFO - ODIN TNR [0.3666666666666667]
2022-05-19 05:25:05,533 - INFO - ODIN AUOUT [0.1429961280098831]
