2022-09-28 09:54:03,592 - INFO - ==> Preparing data..
2022-09-28 09:54:04,011 - INFO - # ID Test: 3500
2022-09-28 09:54:04,011 - INFO - # OOD: 1500
2022-09-28 09:54:04,044 - INFO - # iNaturalist: 10000
2022-09-28 09:54:04,070 - INFO - # SUN: 10000
2022-09-28 09:54:04,097 - INFO - # Places: 10000
2022-09-28 09:54:04,130 - INFO - # Textures: 5640
2022-09-28 09:54:04,138 - INFO - # balanced100-coarseood: 750
2022-09-28 09:54:04,141 - INFO - # balanced100-mediumood: 250
2022-09-28 09:54:04,147 - INFO - # balanced100-fineood: 500
2022-09-28 09:54:04,155 - INFO - # balanced100-finemediumood: 750
2022-09-28 09:54:36,758 - INFO - Accuracy Results
2022-09-28 09:54:36,760 - INFO - Mean Synset Accuracy: 0.8989500999450684
2022-09-28 09:54:36,760 - INFO - Top-1 Accuracy: 0.8122857213020325
2022-09-28 09:54:36,760 - INFO - Pred Accuracy: 0.8125714063644409
2022-09-28 09:54:36,760 - INFO - Synset Accuracies:
2022-09-28 09:54:36,761 - INFO - [0.9937143  0.9646154  0.98526317 0.784      0.93333334 0.848
 0.952      0.979      0.956875   0.992      0.856      0.944
 0.82       0.784      0.9766667  1.         0.708      0.96
 0.796      0.744      0.872      0.752      0.97333336 1.        ]
2022-09-28 09:54:36,761 - INFO - Error Depth:
2022-09-28 09:54:36,761 - INFO - 	Num. Errors at Depth 0 = 8.0
2022-09-28 09:54:36,762 - INFO - 	Num. Errors at Depth 1 = 26.0
2022-09-28 09:54:36,762 - INFO - 	Num. Errors at Depth 2 = 175.0
2022-09-28 09:54:36,762 - INFO - 	Num. Errors at Depth 3 = 270.0
2022-09-28 09:54:36,762 - INFO - 	Num. Errors at Depth 4 = 105.0
2022-09-28 09:54:36,762 - INFO - 	Num. Errors at Depth 5 = 73.0
2022-09-28 09:54:36,762 - INFO - 	Num. Errors at Depth -1 = 2843.0
2022-09-28 09:54:36,762 - INFO - OOD Results
2022-09-28 09:54:51,646 - INFO - Computing OOD Statistics...
2022-09-28 09:55:15,584 - INFO - Computing OOD Statistics...
2022-09-28 09:55:46,395 - INFO - Computing OOD Statistics...
2022-09-28 09:56:05,006 - INFO - Computing OOD Statistics...
2022-09-28 09:56:17,405 - INFO - Computing OOD Statistics...
2022-09-28 09:56:22,302 - INFO - Computing OOD Statistics...
2022-09-28 09:56:26,688 - INFO - Computing OOD Statistics...
2022-09-28 09:56:31,770 - INFO - Computing OOD Statistics...
2022-09-28 09:56:37,193 - INFO - Computing OOD Statistics...
2022-09-28 09:56:37,258 - INFO - OOD Dataset: OOD
2022-09-28 09:56:37,258 - INFO - MSP AUROC Synset Performance
2022-09-28 09:56:37,258 - INFO - [-1, -1, -1, -1, -1, -1, -1, -1, -1, -1, -1, -1, -1, -1, -1, -1, -1, -1, -1, -1, -1, -1, -1, -1, -0.0, 0.8274535238095237, 0.8457379047619047, 0.8513180952380952]
2022-09-28 09:56:37,258 - INFO - MSP TNR Synset Performance
2022-09-28 09:56:37,258 - INFO - [-1, -1, -1, -1, -1, -1, -1, -1, -1, -1, -1, -1, -1, -1, -1, -1, -1, -1, -1, -1, -1, -1, -1, -1, 0.0, 0.396, 0.4913333333333333, 0.542]
2022-09-28 09:56:37,258 - INFO - MSP AUOUT Synset Performance
2022-09-28 09:56:37,258 - INFO - [-1, -1, -1, -1, -1, -1, -1, -1, -1, -1, -1, -1, -1, -1, -1, -1, -1, -1, -1, -1, -1, -1, -1, -1, 0.16775845604771977, 0.6752706931495578, 0.7300635428925477, 0.7522680094604491]
2022-09-28 09:56:37,258 - INFO - ODIN AUROC Synset Performance
2022-09-28 09:56:37,258 - INFO - [-1, -1, -1, -1, -1, -1, -1, -1, -1, -1, -1, -1, -1, -1, -1, -1, -1, -1, -1, -1, -1, -1, -1, -1, -0.0, 0.6240215238095238, 0.24837085714285714, 0.4727182857142857]
2022-09-28 09:56:37,258 - INFO - ODIN TNR Synset Performance
2022-09-28 09:56:37,258 - INFO - [-1, -1, -1, -1, -1, -1, -1, -1, -1, -1, -1, -1, -1, -1, -1, -1, -1, -1, -1, -1, -1, -1, -1, -1, 0.0, 0.20866666666666667, 0.005333333333333301, 0.06933333333333336]
2022-09-28 09:56:37,259 - INFO - ODIN AUOUT Synset Performance
2022-09-28 09:56:37,259 - INFO - [-1, -1, -1, -1, -1, -1, -1, -1, -1, -1, -1, -1, -1, -1, -1, -1, -1, -1, -1, -1, -1, -1, -1, -1, 0.16775845604771977, 0.4533780852975476, 0.1988437444589224, 0.30516411898806445]
2022-09-28 09:56:37,259 - INFO - MSP Metrics using max activations accumulated across all appropriate synsets:
	AUROC -0.0
	TNR 0.0
	AUOUT 0.16775845604771977
2022-09-28 09:56:37,259 - INFO - ODIN Metrics using max activations accumulated across all appropriate synsets:
	AUROC -0.0
	TNR 0.0
	AUOUT 0.16775845604771977
2022-09-28 09:56:37,259 - INFO - MSP Metrics using max entropy along path:
	AUROC 0.8274535238095237
	TNR 0.396
	AUOUT 0.6752706931495578
2022-09-28 09:56:37,259 - INFO - ODIN Metrics using max entropy along path:
	AUROC 0.6240215238095238
	TNR 0.20866666666666667
	AUOUT 0.4533780852975476
2022-09-28 09:56:37,259 - INFO - MSP Metrics using predicted activations:
	AUROC 0.8457379047619047
	TNR 0.4913333333333333
	AUOUT 0.7300635428925477
2022-09-28 09:56:37,259 - INFO - ODIN Metrics using predicted activations:
	AUROC 0.24837085714285714
	TNR 0.005333333333333301
	AUOUT 0.1988437444589224
2022-09-28 09:56:37,259 - INFO - MSP Metrics using mean entropy along path:
	AUROC 0.8513180952380952
	TNR 0.542
	AUOUT 0.7522680094604491
2022-09-28 09:56:37,259 - INFO - ODIN Metrics using mean entropy along path:
	AUROC 0.4727182857142857
	TNR 0.06933333333333336
	AUOUT 0.30516411898806445
2022-09-28 09:56:37,259 - INFO - MSP Metrics using min entropy along path:
	AUROC 0.769103619047619
	TNR 0.5573333333333333
	AUOUT 0.7152123070967211
2022-09-28 09:56:37,259 - INFO - ODIN Metrics using min entropy along path:
	AUROC 0.7679615238095238
	TNR 0.5553333333333333
	AUOUT 0.6950698827110993
2022-09-28 09:56:37,260 - INFO - OOD Path entropy min idx (msp): [0. 1. 2. 3. 4.], [1271   18    4    4  203]
2022-09-28 09:56:37,260 - INFO - OOD Path entropy min idx (odin): [0. 3. 4.], [1294    3  203]
2022-09-28 09:56:37,260 - INFO - OOD Dataset: iNaturalist
2022-09-28 09:56:37,260 - INFO - MSP AUROC Synset Performance
2022-09-28 09:56:37,260 - INFO - [-1, -1, -1, -1, -1, -1, -1, -1, -1, -1, -1, -1, -1, -1, -1, -1, -1, -1, -1, -1, -1, -1, -1, -1, -0.0, 0.9348635142857142, 0.9363567428571428, 0.9376456857142857]
2022-09-28 09:56:37,260 - INFO - MSP TNR Synset Performance
2022-09-28 09:56:37,260 - INFO - [-1, -1, -1, -1, -1, -1, -1, -1, -1, -1, -1, -1, -1, -1, -1, -1, -1, -1, -1, -1, -1, -1, -1, -1, 0.0, 0.6772, 0.7065, 0.6971]
2022-09-28 09:56:37,260 - INFO - MSP AUOUT Synset Performance
2022-09-28 09:56:37,260 - INFO - [-1, -1, -1, -1, -1, -1, -1, -1, -1, -1, -1, -1, -1, -1, -1, -1, -1, -1, -1, -1, -1, -1, -1, -1, 0.5275256468469287, 0.9714999121069915, 0.9712346949793844, 0.9648702090252606]
2022-09-28 09:56:37,260 - INFO - ODIN AUROC Synset Performance
2022-09-28 09:56:37,260 - INFO - [-1, -1, -1, -1, -1, -1, -1, -1, -1, -1, -1, -1, -1, -1, -1, -1, -1, -1, -1, -1, -1, -1, -1, -1, -0.0, 0.6922193142857143, 0.23996191428571426, 0.5196876285714286]
2022-09-28 09:56:37,260 - INFO - ODIN TNR Synset Performance
2022-09-28 09:56:37,260 - INFO - [-1, -1, -1, -1, -1, -1, -1, -1, -1, -1, -1, -1, -1, -1, -1, -1, -1, -1, -1, -1, -1, -1, -1, -1, 0.0, 0.37629999999999997, 0.0, 0.13849999999999996]
2022-09-28 09:56:37,260 - INFO - ODIN AUOUT Synset Performance
2022-09-28 09:56:37,260 - INFO - [-1, -1, -1, -1, -1, -1, -1, -1, -1, -1, -1, -1, -1, -1, -1, -1, -1, -1, -1, -1, -1, -1, -1, -1, 0.5275256468469287, 0.8652470976638731, 0.5833553485052392, 0.772492645950378]
2022-09-28 09:56:37,260 - INFO - MSP Metrics using max activations accumulated across all appropriate synsets:
	AUROC -0.0
	TNR 0.0
	AUOUT 0.5275256468469287
2022-09-28 09:56:37,260 - INFO - ODIN Metrics using max activations accumulated across all appropriate synsets:
	AUROC -0.0
	TNR 0.0
	AUOUT 0.5275256468469287
2022-09-28 09:56:37,260 - INFO - MSP Metrics using max entropy along path:
	AUROC 0.9348635142857142
	TNR 0.6772
	AUOUT 0.9714999121069915
2022-09-28 09:56:37,260 - INFO - ODIN Metrics using max entropy along path:
	AUROC 0.6922193142857143
	TNR 0.37629999999999997
	AUOUT 0.8652470976638731
2022-09-28 09:56:37,260 - INFO - MSP Metrics using predicted activations:
	AUROC 0.9363567428571428
	TNR 0.7065
	AUOUT 0.9712346949793844
2022-09-28 09:56:37,260 - INFO - ODIN Metrics using predicted activations:
	AUROC 0.23996191428571426
	TNR 0.0
	AUOUT 0.5833553485052392
2022-09-28 09:56:37,261 - INFO - MSP Metrics using mean entropy along path:
	AUROC 0.9376456857142857
	TNR 0.6971
	AUOUT 0.9648702090252606
2022-09-28 09:56:37,261 - INFO - ODIN Metrics using mean entropy along path:
	AUROC 0.5196876285714286
	TNR 0.13849999999999996
	AUOUT 0.772492645950378
2022-09-28 09:56:37,261 - INFO - MSP Metrics using min entropy along path:
	AUROC 0.8961324
	TNR 0.33199999999999996
	AUOUT 0.9349768436543158
2022-09-28 09:56:37,261 - INFO - ODIN Metrics using min entropy along path:
	AUROC 0.8949682857142858
	TNR 0.3204
	AUOUT 0.9318078015011181
2022-09-28 09:56:37,261 - INFO - OOD Path entropy min idx (msp): [0. 1. 3. 4.], [9950   14    6   30]
2022-09-28 09:56:37,261 - INFO - OOD Path entropy min idx (odin): [0. 3. 4.], [9967    3   30]
2022-09-28 09:56:37,261 - INFO - OOD Dataset: SUN
2022-09-28 09:56:37,261 - INFO - MSP AUROC Synset Performance
2022-09-28 09:56:37,261 - INFO - [-1, -1, -1, -1, -1, -1, -1, -1, -1, -1, -1, -1, -1, -1, -1, -1, -1, -1, -1, -1, -1, -1, -1, -1, -0.0, 0.9330923999999998, 0.9553166571428571, 0.9593583428571428]
2022-09-28 09:56:37,262 - INFO - MSP TNR Synset Performance
2022-09-28 09:56:37,262 - INFO - [-1, -1, -1, -1, -1, -1, -1, -1, -1, -1, -1, -1, -1, -1, -1, -1, -1, -1, -1, -1, -1, -1, -1, -1, 0.0, 0.6099, 0.7907, 0.8061]
2022-09-28 09:56:37,262 - INFO - MSP AUOUT Synset Performance
2022-09-28 09:56:37,262 - INFO - [-1, -1, -1, -1, -1, -1, -1, -1, -1, -1, -1, -1, -1, -1, -1, -1, -1, -1, -1, -1, -1, -1, -1, -1, 0.5275256468469287, 0.9680395591475122, 0.9802467962443312, 0.9794782203324643]
2022-09-28 09:56:37,262 - INFO - ODIN AUROC Synset Performance
2022-09-28 09:56:37,262 - INFO - [-1, -1, -1, -1, -1, -1, -1, -1, -1, -1, -1, -1, -1, -1, -1, -1, -1, -1, -1, -1, -1, -1, -1, -1, -0.0, 0.7861781999999999, 0.19843239999999998, 0.6490659999999999]
2022-09-28 09:56:37,262 - INFO - ODIN TNR Synset Performance
2022-09-28 09:56:37,262 - INFO - [-1, -1, -1, -1, -1, -1, -1, -1, -1, -1, -1, -1, -1, -1, -1, -1, -1, -1, -1, -1, -1, -1, -1, -1, 0.0, 0.6179, 0.00019999999999997797, 0.2619]
2022-09-28 09:56:37,262 - INFO - ODIN AUOUT Synset Performance
2022-09-28 09:56:37,262 - INFO - [-1, -1, -1, -1, -1, -1, -1, -1, -1, -1, -1, -1, -1, -1, -1, -1, -1, -1, -1, -1, -1, -1, -1, -1, 0.5275256468469287, 0.920022116869325, 0.5731845205230741, 0.8504012167151709]
2022-09-28 09:56:37,262 - INFO - MSP Metrics using max activations accumulated across all appropriate synsets:
	AUROC -0.0
	TNR 0.0
	AUOUT 0.5275256468469287
2022-09-28 09:56:37,262 - INFO - ODIN Metrics using max activations accumulated across all appropriate synsets:
	AUROC -0.0
	TNR 0.0
	AUOUT 0.5275256468469287
2022-09-28 09:56:37,262 - INFO - MSP Metrics using max entropy along path:
	AUROC 0.9330923999999998
	TNR 0.6099
	AUOUT 0.9680395591475122
2022-09-28 09:56:37,262 - INFO - ODIN Metrics using max entropy along path:
	AUROC 0.7861781999999999
	TNR 0.6179
	AUOUT 0.920022116869325
2022-09-28 09:56:37,262 - INFO - MSP Metrics using predicted activations:
	AUROC 0.9553166571428571
	TNR 0.7907
	AUOUT 0.9802467962443312
2022-09-28 09:56:37,262 - INFO - ODIN Metrics using predicted activations:
	AUROC 0.19843239999999998
	TNR 0.00019999999999997797
	AUOUT 0.5731845205230741
2022-09-28 09:56:37,262 - INFO - MSP Metrics using mean entropy along path:
	AUROC 0.9593583428571428
	TNR 0.8061
	AUOUT 0.9794782203324643
2022-09-28 09:56:37,262 - INFO - ODIN Metrics using mean entropy along path:
	AUROC 0.6490659999999999
	TNR 0.2619
	AUOUT 0.8504012167151709
2022-09-28 09:56:37,262 - INFO - MSP Metrics using min entropy along path:
	AUROC 0.9408012571428572
	TNR 0.7583
	AUOUT 0.9722991855010253
2022-09-28 09:56:37,262 - INFO - ODIN Metrics using min entropy along path:
	AUROC 0.9396791714285714
	TNR 0.7498
	AUOUT 0.9656230555292857
2022-09-28 09:56:37,263 - INFO - OOD Path entropy min idx (msp): [0. 1. 2. 3. 4.], [9720   51    7   11  211]
2022-09-28 09:56:37,263 - INFO - OOD Path entropy min idx (odin): [0. 3. 4.], [9790    6  204]
2022-09-28 09:56:37,263 - INFO - OOD Dataset: Places
2022-09-28 09:56:37,263 - INFO - MSP AUROC Synset Performance
2022-09-28 09:56:37,263 - INFO - [-1, -1, -1, -1, -1, -1, -1, -1, -1, -1, -1, -1, -1, -1, -1, -1, -1, -1, -1, -1, -1, -1, -1, -1, -0.0, 0.9189591714285714, 0.9419824285714286, 0.9477080857142858]
2022-09-28 09:56:37,263 - INFO - MSP TNR Synset Performance
2022-09-28 09:56:37,263 - INFO - [-1, -1, -1, -1, -1, -1, -1, -1, -1, -1, -1, -1, -1, -1, -1, -1, -1, -1, -1, -1, -1, -1, -1, -1, 0.0, 0.5638000000000001, 0.7378, 0.7575000000000001]
2022-09-28 09:56:37,263 - INFO - MSP AUOUT Synset Performance
2022-09-28 09:56:37,263 - INFO - [-1, -1, -1, -1, -1, -1, -1, -1, -1, -1, -1, -1, -1, -1, -1, -1, -1, -1, -1, -1, -1, -1, -1, -1, 0.5275256468469287, 0.9621894383108882, 0.9749524705627298, 0.9750650475066537]
2022-09-28 09:56:37,263 - INFO - ODIN AUROC Synset Performance
2022-09-28 09:56:37,263 - INFO - [-1, -1, -1, -1, -1, -1, -1, -1, -1, -1, -1, -1, -1, -1, -1, -1, -1, -1, -1, -1, -1, -1, -1, -1, -0.0, 0.7520895714285714, 0.20546460000000002, 0.6151068285714285]
2022-09-28 09:56:37,263 - INFO - ODIN TNR Synset Performance
2022-09-28 09:56:37,263 - INFO - [-1, -1, -1, -1, -1, -1, -1, -1, -1, -1, -1, -1, -1, -1, -1, -1, -1, -1, -1, -1, -1, -1, -1, -1, 0.0, 0.5516, 0.0009000000000000119, 0.2499]
2022-09-28 09:56:37,264 - INFO - ODIN AUOUT Synset Performance
2022-09-28 09:56:37,264 - INFO - [-1, -1, -1, -1, -1, -1, -1, -1, -1, -1, -1, -1, -1, -1, -1, -1, -1, -1, -1, -1, -1, -1, -1, -1, 0.5275256468469287, 0.9068813236360812, 0.5742593837694727, 0.8364611391208714]
2022-09-28 09:56:37,264 - INFO - MSP Metrics using max activations accumulated across all appropriate synsets:
	AUROC -0.0
	TNR 0.0
	AUOUT 0.5275256468469287
2022-09-28 09:56:37,264 - INFO - ODIN Metrics using max activations accumulated across all appropriate synsets:
	AUROC -0.0
	TNR 0.0
	AUOUT 0.5275256468469287
2022-09-28 09:56:37,264 - INFO - MSP Metrics using max entropy along path:
	AUROC 0.9189591714285714
	TNR 0.5638000000000001
	AUOUT 0.9621894383108882
2022-09-28 09:56:37,264 - INFO - ODIN Metrics using max entropy along path:
	AUROC 0.7520895714285714
	TNR 0.5516
	AUOUT 0.9068813236360812
2022-09-28 09:56:37,264 - INFO - MSP Metrics using predicted activations:
	AUROC 0.9419824285714286
	TNR 0.7378
	AUOUT 0.9749524705627298
2022-09-28 09:56:37,264 - INFO - ODIN Metrics using predicted activations:
	AUROC 0.20546460000000002
	TNR 0.0009000000000000119
	AUOUT 0.5742593837694727
2022-09-28 09:56:37,264 - INFO - MSP Metrics using mean entropy along path:
	AUROC 0.9477080857142858
	TNR 0.7575000000000001
	AUOUT 0.9750650475066537
2022-09-28 09:56:37,264 - INFO - ODIN Metrics using mean entropy along path:
	AUROC 0.6151068285714285
	TNR 0.2499
	AUOUT 0.8364611391208714
2022-09-28 09:56:37,264 - INFO - MSP Metrics using min entropy along path:
	AUROC 0.9199167714285714
	TNR 0.6986
	AUOUT 0.965727202010223
2022-09-28 09:56:37,264 - INFO - ODIN Metrics using min entropy along path:
	AUROC 0.9187791142857143
	TNR 0.6915
	AUOUT 0.9590492221467155
2022-09-28 09:56:37,264 - INFO - OOD Path entropy min idx (msp): [0. 1. 2. 3. 4.], [9576   97   22   20  285]
2022-09-28 09:56:37,265 - INFO - OOD Path entropy min idx (odin): [0. 3. 4.], [9712   10  278]
2022-09-28 09:56:37,265 - INFO - OOD Dataset: Textures
2022-09-28 09:56:37,265 - INFO - MSP AUROC Synset Performance
2022-09-28 09:56:37,265 - INFO - [-1, -1, -1, -1, -1, -1, -1, -1, -1, -1, -1, -1, -1, -1, -1, -1, -1, -1, -1, -1, -1, -1, -1, -1, -0.0, 0.8939723910840933, 0.9126790273556231, 0.930725582573455]
2022-09-28 09:56:37,265 - INFO - MSP TNR Synset Performance
2022-09-28 09:56:37,265 - INFO - [-1, -1, -1, -1, -1, -1, -1, -1, -1, -1, -1, -1, -1, -1, -1, -1, -1, -1, -1, -1, -1, -1, -1, -1, 0.0, 0.5448581560283687, 0.6593971631205674, 0.7308510638297872]
2022-09-28 09:56:37,265 - INFO - MSP AUOUT Synset Performance
2022-09-28 09:56:37,265 - INFO - [-1, -1, -1, -1, -1, -1, -1, -1, -1, -1, -1, -1, -1, -1, -1, -1, -1, -1, -1, -1, -1, -1, -1, -1, 0.4043189752277335, 0.9255662672574205, 0.9419096328030978, 0.9508261904305824]
2022-09-28 09:56:37,265 - INFO - ODIN AUROC Synset Performance
2022-09-28 09:56:37,265 - INFO - [-1, -1, -1, -1, -1, -1, -1, -1, -1, -1, -1, -1, -1, -1, -1, -1, -1, -1, -1, -1, -1, -1, -1, -1, -0.0, 0.633433941236069, 0.19699463019250252, 0.6043185410334346]
2022-09-28 09:56:37,265 - INFO - ODIN TNR Synset Performance
2022-09-28 09:56:37,265 - INFO - [-1, -1, -1, -1, -1, -1, -1, -1, -1, -1, -1, -1, -1, -1, -1, -1, -1, -1, -1, -1, -1, -1, -1, -1, 0.0, 0.31507092198581566, 0.00017730496453904898, 0.16365248226950357]
2022-09-28 09:56:37,265 - INFO - ODIN AUOUT Synset Performance
2022-09-28 09:56:37,265 - INFO - [-1, -1, -1, -1, -1, -1, -1, -1, -1, -1, -1, -1, -1, -1, -1, -1, -1, -1, -1, -1, -1, -1, -1, -1, 0.4043189752277335, 0.7588413962326231, 0.44874749755178844, 0.7096019441690061]
2022-09-28 09:56:37,265 - INFO - MSP Metrics using max activations accumulated across all appropriate synsets:
	AUROC -0.0
	TNR 0.0
	AUOUT 0.4043189752277335
2022-09-28 09:56:37,265 - INFO - ODIN Metrics using max activations accumulated across all appropriate synsets:
	AUROC -0.0
	TNR 0.0
	AUOUT 0.4043189752277335
2022-09-28 09:56:37,265 - INFO - MSP Metrics using max entropy along path:
	AUROC 0.8939723910840933
	TNR 0.5448581560283687
	AUOUT 0.9255662672574205
2022-09-28 09:56:37,265 - INFO - ODIN Metrics using max entropy along path:
	AUROC 0.633433941236069
	TNR 0.31507092198581566
	AUOUT 0.7588413962326231
2022-09-28 09:56:37,265 - INFO - MSP Metrics using predicted activations:
	AUROC 0.9126790273556231
	TNR 0.6593971631205674
	AUOUT 0.9419096328030978
2022-09-28 09:56:37,265 - INFO - ODIN Metrics using predicted activations:
	AUROC 0.19699463019250252
	TNR 0.00017730496453904898
	AUOUT 0.44874749755178844
2022-09-28 09:56:37,265 - INFO - MSP Metrics using mean entropy along path:
	AUROC 0.930725582573455
	TNR 0.7308510638297872
	AUOUT 0.9508261904305824
2022-09-28 09:56:37,265 - INFO - ODIN Metrics using mean entropy along path:
	AUROC 0.6043185410334346
	TNR 0.16365248226950357
	AUOUT 0.7096019441690061
2022-09-28 09:56:37,265 - INFO - MSP Metrics using min entropy along path:
	AUROC 0.9322971124620062
	TNR 0.7409574468085106
	AUOUT 0.9514921910278841
2022-09-28 09:56:37,266 - INFO - ODIN Metrics using min entropy along path:
	AUROC 0.9312541033434649
	TNR 0.7347517730496453
	AUOUT 0.9410925012289837
2022-09-28 09:56:37,266 - INFO - OOD Path entropy min idx (msp): [0. 1. 2. 3. 4.], [5294  127   39   50  130]
2022-09-28 09:56:37,266 - INFO - OOD Path entropy min idx (odin): [0. 3. 4.], [5494   16  130]
2022-09-28 09:56:37,266 - INFO - OOD Dataset: balanced100-coarseood
2022-09-28 09:56:37,266 - INFO - MSP AUROC Synset Performance
2022-09-28 09:56:37,266 - INFO - [-1, -1, -1, -1, -1, -1, -1, -1, -1, -1, -1, -1, -1, -1, -1, -1, -1, -1, -1, -1, -1, -1, -1, -1, -0.0, 0.9362918095238095, 0.9533725714285713, 0.9719127619047618]
2022-09-28 09:56:37,266 - INFO - MSP TNR Synset Performance
2022-09-28 09:56:37,266 - INFO - [-1, -1, -1, -1, -1, -1, -1, -1, -1, -1, -1, -1, -1, -1, -1, -1, -1, -1, -1, -1, -1, -1, -1, -1, 0.0, 0.6, 0.752, 0.868]
2022-09-28 09:56:37,266 - INFO - MSP AUOUT Synset Performance
2022-09-28 09:56:37,266 - INFO - [-1, -1, -1, -1, -1, -1, -1, -1, -1, -1, -1, -1, -1, -1, -1, -1, -1, -1, -1, -1, -1, -1, -1, -1, 0.09393858905968093, 0.7048799376366893, 0.794227781351213, 0.8540651131603965]
2022-09-28 09:56:37,266 - INFO - ODIN AUROC Synset Performance
2022-09-28 09:56:37,267 - INFO - [-1, -1, -1, -1, -1, -1, -1, -1, -1, -1, -1, -1, -1, -1, -1, -1, -1, -1, -1, -1, -1, -1, -1, -1, -0.0, 0.4971089523809524, 0.1596102857142857, 0.5465859047619047]
2022-09-28 09:56:37,267 - INFO - ODIN TNR Synset Performance
2022-09-28 09:56:37,267 - INFO - [-1, -1, -1, -1, -1, -1, -1, -1, -1, -1, -1, -1, -1, -1, -1, -1, -1, -1, -1, -1, -1, -1, -1, -1, 0.0, 0.11599999999999999, 0.0, 0.046666666666666634]
2022-09-28 09:56:37,267 - INFO - ODIN AUOUT Synset Performance
2022-09-28 09:56:37,267 - INFO - [-1, -1, -1, -1, -1, -1, -1, -1, -1, -1, -1, -1, -1, -1, -1, -1, -1, -1, -1, -1, -1, -1, -1, -1, 0.09393858905968093, 0.20962117808919112, 0.10744915961818516, 0.2104712276032609]
2022-09-28 09:56:37,267 - INFO - MSP Metrics using max activations accumulated across all appropriate synsets:
	AUROC -0.0
	TNR 0.0
	AUOUT 0.09393858905968093
2022-09-28 09:56:37,267 - INFO - ODIN Metrics using max activations accumulated across all appropriate synsets:
	AUROC -0.0
	TNR 0.0
	AUOUT 0.09393858905968093
2022-09-28 09:56:37,267 - INFO - MSP Metrics using max entropy along path:
	AUROC 0.9362918095238095
	TNR 0.6
	AUOUT 0.7048799376366893
2022-09-28 09:56:37,267 - INFO - ODIN Metrics using max entropy along path:
	AUROC 0.4971089523809524
	TNR 0.11599999999999999
	AUOUT 0.20962117808919112
2022-09-28 09:56:37,267 - INFO - MSP Metrics using predicted activations:
	AUROC 0.9533725714285713
	TNR 0.752
	AUOUT 0.794227781351213
2022-09-28 09:56:37,267 - INFO - ODIN Metrics using predicted activations:
	AUROC 0.1596102857142857
	TNR 0.0
	AUOUT 0.10744915961818516
2022-09-28 09:56:37,267 - INFO - MSP Metrics using mean entropy along path:
	AUROC 0.9719127619047618
	TNR 0.868
	AUOUT 0.8540651131603965
2022-09-28 09:56:37,267 - INFO - ODIN Metrics using mean entropy along path:
	AUROC 0.5465859047619047
	TNR 0.046666666666666634
	AUOUT 0.2104712276032609
2022-09-28 09:56:37,267 - INFO - MSP Metrics using min entropy along path:
	AUROC 0.9550510476190476
	TNR 0.9213333333333333
	AUOUT 0.8584733194262857
2022-09-28 09:56:37,267 - INFO - ODIN Metrics using min entropy along path:
	AUROC 0.9538609523809525
	TNR 0.9186666666666666
	AUOUT 0.8203258180825223
2022-09-28 09:56:37,267 - INFO - OOD Path entropy min idx (msp): [0. 1. 3. 4.], [717  10   1  22]
2022-09-28 09:56:37,267 - INFO - OOD Path entropy min idx (odin): [0. 3. 4.], [727   1  22]
2022-09-28 09:56:37,268 - INFO - OOD Dataset: balanced100-mediumood
2022-09-28 09:56:37,268 - INFO - MSP AUROC Synset Performance
2022-09-28 09:56:37,268 - INFO - [-1, -1, -1, -1, -1, -1, -1, -1, -1, -1, -1, -1, -1, -1, -1, -1, -1, -1, -1, -1, -1, -1, -1, -1, -0.0, 0.7333668571428572, 0.7398102857142856, 0.7119908571428573]
2022-09-28 09:56:37,268 - INFO - MSP TNR Synset Performance
2022-09-28 09:56:37,268 - INFO - [-1, -1, -1, -1, -1, -1, -1, -1, -1, -1, -1, -1, -1, -1, -1, -1, -1, -1, -1, -1, -1, -1, -1, -1, 0.0, 0.18799999999999994, 0.21999999999999997, 0.136]
2022-09-28 09:56:37,268 - INFO - MSP AUOUT Synset Performance
2022-09-28 09:56:37,268 - INFO - [-1, -1, -1, -1, -1, -1, -1, -1, -1, -1, -1, -1, -1, -1, -1, -1, -1, -1, -1, -1, -1, -1, -1, -1, 0.03409978690754759, 0.15398912379332577, 0.16226472925783925, 0.1320539602876426]
2022-09-28 09:56:37,268 - INFO - ODIN AUROC Synset Performance
2022-09-28 09:56:37,268 - INFO - [-1, -1, -1, -1, -1, -1, -1, -1, -1, -1, -1, -1, -1, -1, -1, -1, -1, -1, -1, -1, -1, -1, -1, -1, -0.0, 0.8613508571428571, 0.39015199999999994, 0.42711428571428567]
2022-09-28 09:56:37,268 - INFO - ODIN TNR Synset Performance
2022-09-28 09:56:37,268 - INFO - [-1, -1, -1, -1, -1, -1, -1, -1, -1, -1, -1, -1, -1, -1, -1, -1, -1, -1, -1, -1, -1, -1, -1, -1, 0.0, 0.364, 0.008000000000000007, 0.11199999999999999]
2022-09-28 09:56:37,268 - INFO - ODIN AUOUT Synset Performance
2022-09-28 09:56:37,268 - INFO - [-1, -1, -1, -1, -1, -1, -1, -1, -1, -1, -1, -1, -1, -1, -1, -1, -1, -1, -1, -1, -1, -1, -1, -1, 0.03409978690754759, 0.26071898893990353, 0.049384519158891076, 0.07270118913801638]
2022-09-28 09:56:37,268 - INFO - MSP Metrics using max activations accumulated across all appropriate synsets:
	AUROC -0.0
	TNR 0.0
	AUOUT 0.03409978690754759
2022-09-28 09:56:37,268 - INFO - ODIN Metrics using max activations accumulated across all appropriate synsets:
	AUROC -0.0
	TNR 0.0
	AUOUT 0.03409978690754759
2022-09-28 09:56:37,268 - INFO - MSP Metrics using max entropy along path:
	AUROC 0.7333668571428572
	TNR 0.18799999999999994
	AUOUT 0.15398912379332577
2022-09-28 09:56:37,268 - INFO - ODIN Metrics using max entropy along path:
	AUROC 0.8613508571428571
	TNR 0.364
	AUOUT 0.26071898893990353
2022-09-28 09:56:37,268 - INFO - MSP Metrics using predicted activations:
	AUROC 0.7398102857142856
	TNR 0.21999999999999997
	AUOUT 0.16226472925783925
2022-09-28 09:56:37,268 - INFO - ODIN Metrics using predicted activations:
	AUROC 0.39015199999999994
	TNR 0.008000000000000007
	AUOUT 0.049384519158891076
2022-09-28 09:56:37,268 - INFO - MSP Metrics using mean entropy along path:
	AUROC 0.7119908571428573
	TNR 0.136
	AUOUT 0.1320539602876426
2022-09-28 09:56:37,268 - INFO - ODIN Metrics using mean entropy along path:
	AUROC 0.42711428571428567
	TNR 0.11199999999999999
	AUOUT 0.07270118913801638
2022-09-28 09:56:37,268 - INFO - MSP Metrics using min entropy along path:
	AUROC 0.28620228571428563
	TNR 0.04800000000000004
	AUOUT 0.052192006118761104
2022-09-28 09:56:37,268 - INFO - ODIN Metrics using min entropy along path:
	AUROC 0.2857302857142857
	TNR 0.04400000000000004
	AUOUT 0.05208260841264077
2022-09-28 09:56:37,269 - INFO - OOD Path entropy min idx (msp): [0. 2. 4.], [ 90   2 158]
2022-09-28 09:56:37,269 - INFO - OOD Path entropy min idx (odin): [0. 4.], [ 92 158]
2022-09-28 09:56:37,269 - INFO - OOD Dataset: balanced100-fineood
2022-09-28 09:56:37,269 - INFO - MSP AUROC Synset Performance
2022-09-28 09:56:37,269 - INFO - [-1, -1, -1, -1, -1, -1, -1, -1, -1, -1, -1, -1, -1, -1, -1, -1, -1, -1, -1, -1, -1, -1, -1, -1, -0.0, 0.7112388571428572, 0.7372497142857142, 0.7400891428571428]
2022-09-28 09:56:37,269 - INFO - MSP TNR Synset Performance
2022-09-28 09:56:37,269 - INFO - [-1, -1, -1, -1, -1, -1, -1, -1, -1, -1, -1, -1, -1, -1, -1, -1, -1, -1, -1, -1, -1, -1, -1, -1, 0.0, 0.19399999999999995, 0.236, 0.256]
2022-09-28 09:56:37,269 - INFO - MSP AUOUT Synset Performance
2022-09-28 09:56:37,269 - INFO - [-1, -1, -1, -1, -1, -1, -1, -1, -1, -1, -1, -1, -1, -1, -1, -1, -1, -1, -1, -1, -1, -1, -1, -1, 0.06528024046762752, 0.25221715732393807, 0.3020187279249166, 0.30181517109350836]
2022-09-28 09:56:37,269 - INFO - ODIN AUROC Synset Performance
2022-09-28 09:56:37,269 - INFO - [-1, -1, -1, -1, -1, -1, -1, -1, -1, -1, -1, -1, -1, -1, -1, -1, -1, -1, -1, -1, -1, -1, -1, -1, -0.0, 0.6958702857142857, 0.31062285714285714, 0.384744]
2022-09-28 09:56:37,269 - INFO - ODIN TNR Synset Performance
2022-09-28 09:56:37,269 - INFO - [-1, -1, -1, -1, -1, -1, -1, -1, -1, -1, -1, -1, -1, -1, -1, -1, -1, -1, -1, -1, -1, -1, -1, -1, 0.0, 0.27, 0.01200000000000001, 0.08199999999999996]
2022-09-28 09:56:37,269 - INFO - ODIN AUOUT Synset Performance
2022-09-28 09:56:37,269 - INFO - [-1, -1, -1, -1, -1, -1, -1, -1, -1, -1, -1, -1, -1, -1, -1, -1, -1, -1, -1, -1, -1, -1, -1, -1, 0.06528024046762752, 0.30942814549305514, 0.08462219283088472, 0.1200920598093949]
2022-09-28 09:56:37,269 - INFO - MSP Metrics using max activations accumulated across all appropriate synsets:
	AUROC -0.0
	TNR 0.0
	AUOUT 0.06528024046762752
2022-09-28 09:56:37,269 - INFO - ODIN Metrics using max activations accumulated across all appropriate synsets:
	AUROC -0.0
	TNR 0.0
	AUOUT 0.06528024046762752
2022-09-28 09:56:37,269 - INFO - MSP Metrics using max entropy along path:
	AUROC 0.7112388571428572
	TNR 0.19399999999999995
	AUOUT 0.25221715732393807
2022-09-28 09:56:37,269 - INFO - ODIN Metrics using max entropy along path:
	AUROC 0.6958702857142857
	TNR 0.27
	AUOUT 0.30942814549305514
2022-09-28 09:56:37,269 - INFO - MSP Metrics using predicted activations:
	AUROC 0.7372497142857142
	TNR 0.236
	AUOUT 0.3020187279249166
2022-09-28 09:56:37,269 - INFO - ODIN Metrics using predicted activations:
	AUROC 0.31062285714285714
	TNR 0.01200000000000001
	AUOUT 0.08462219283088472
2022-09-28 09:56:37,269 - INFO - MSP Metrics using mean entropy along path:
	AUROC 0.7400891428571428
	TNR 0.256
	AUOUT 0.30181517109350836
2022-09-28 09:56:37,270 - INFO - ODIN Metrics using mean entropy along path:
	AUROC 0.384744
	TNR 0.08199999999999996
	AUOUT 0.1200920598093949
2022-09-28 09:56:37,270 - INFO - MSP Metrics using min entropy along path:
	AUROC 0.7316331428571429
	TNR 0.266
	AUOUT 0.30113989015296366
2022-09-28 09:56:37,270 - INFO - ODIN Metrics using min entropy along path:
	AUROC 0.7302268571428572
	TNR 0.266
	AUOUT 0.29654410250832813
2022-09-28 09:56:37,270 - INFO - OOD Path entropy min idx (msp): [0. 1. 2. 3. 4.], [464   8   2   3  23]
2022-09-28 09:56:37,270 - INFO - OOD Path entropy min idx (odin): [0. 3. 4.], [475   2  23]
2022-09-28 09:56:37,270 - INFO - OOD Dataset: balanced100-finemediumood
2022-09-28 09:56:37,270 - INFO - MSP AUROC Synset Performance
2022-09-28 09:56:37,270 - INFO - [-1, -1, -1, -1, -1, -1, -1, -1, -1, -1, -1, -1, -1, -1, -1, -1, -1, -1, -1, -1, -1, -1, -1, -1, -0.0, 0.7186148571428571, 0.7381032380952381, 0.7307230476190476]
2022-09-28 09:56:37,270 - INFO - MSP TNR Synset Performance
2022-09-28 09:56:37,270 - INFO - [-1, -1, -1, -1, -1, -1, -1, -1, -1, -1, -1, -1, -1, -1, -1, -1, -1, -1, -1, -1, -1, -1, -1, -1, 0.0, 0.19199999999999995, 0.2306666666666667, 0.21599999999999997]
2022-09-28 09:56:37,270 - INFO - MSP AUOUT Synset Performance
2022-09-28 09:56:37,270 - INFO - [-1, -1, -1, -1, -1, -1, -1, -1, -1, -1, -1, -1, -1, -1, -1, -1, -1, -1, -1, -1, -1, -1, -1, -1, 0.09393858905968093, 0.3376654630010916, 0.3782633231171617, 0.36065099182182647]
2022-09-28 09:56:37,270 - INFO - ODIN AUROC Synset Performance
2022-09-28 09:56:37,270 - INFO - [-1, -1, -1, -1, -1, -1, -1, -1, -1, -1, -1, -1, -1, -1, -1, -1, -1, -1, -1, -1, -1, -1, -1, -1, -0.0, 0.7510304761904762, 0.33713257142857145, 0.39886742857142854]
2022-09-28 09:56:37,270 - INFO - ODIN TNR Synset Performance
2022-09-28 09:56:37,270 - INFO - [-1, -1, -1, -1, -1, -1, -1, -1, -1, -1, -1, -1, -1, -1, -1, -1, -1, -1, -1, -1, -1, -1, -1, -1, 0.0, 0.30133333333333334, 0.010666666666666713, 0.09199999999999997]
2022-09-28 09:56:37,271 - INFO - ODIN AUOUT Synset Performance
2022-09-28 09:56:37,271 - INFO - [-1, -1, -1, -1, -1, -1, -1, -1, -1, -1, -1, -1, -1, -1, -1, -1, -1, -1, -1, -1, -1, -1, -1, -1, 0.09393858905968093, 0.4292886133542648, 0.12468474671995666, 0.17146925416674072]
2022-09-28 09:56:37,271 - INFO - MSP Metrics using max activations accumulated across all appropriate synsets:
	AUROC -0.0
	TNR 0.0
	AUOUT 0.09393858905968093
2022-09-28 09:56:37,271 - INFO - ODIN Metrics using max activations accumulated across all appropriate synsets:
	AUROC -0.0
	TNR 0.0
	AUOUT 0.09393858905968093
2022-09-28 09:56:37,271 - INFO - MSP Metrics using max entropy along path:
	AUROC 0.7186148571428571
	TNR 0.19199999999999995
	AUOUT 0.3376654630010916
2022-09-28 09:56:37,271 - INFO - ODIN Metrics using max entropy along path:
	AUROC 0.7510304761904762
	TNR 0.30133333333333334
	AUOUT 0.4292886133542648
2022-09-28 09:56:37,271 - INFO - MSP Metrics using predicted activations:
	AUROC 0.7381032380952381
	TNR 0.2306666666666667
	AUOUT 0.3782633231171617
2022-09-28 09:56:37,271 - INFO - ODIN Metrics using predicted activations:
	AUROC 0.33713257142857145
	TNR 0.010666666666666713
	AUOUT 0.12468474671995666
2022-09-28 09:56:37,271 - INFO - MSP Metrics using mean entropy along path:
	AUROC 0.7307230476190476
	TNR 0.21599999999999997
	AUOUT 0.36065099182182647
2022-09-28 09:56:37,271 - INFO - ODIN Metrics using mean entropy along path:
	AUROC 0.39886742857142854
	TNR 0.09199999999999997
	AUOUT 0.17146925416674072
2022-09-28 09:56:37,271 - INFO - MSP Metrics using min entropy along path:
	AUROC 0.5831561904761905
	TNR 0.19333333333333336
	AUOUT 0.29291443256100014
2022-09-28 09:56:37,271 - INFO - ODIN Metrics using min entropy along path:
	AUROC 0.5820613333333333
	TNR 0.19199999999999995
	AUOUT 0.2895957496502636
2022-09-28 09:56:37,271 - INFO - OOD Path entropy min idx (msp): [0. 1. 2. 3. 4.], [554   8   4   3 181]
2022-09-28 09:56:37,271 - INFO - OOD Path entropy min idx (odin): [0. 3. 4.], [567   2 181]
2022-09-28 09:56:50,313 - INFO - Computing OOD Statistics...
2022-09-28 09:57:12,851 - INFO - Computing OOD Statistics...
2022-09-28 09:57:47,675 - INFO - Computing OOD Statistics...
2022-09-28 09:58:00,655 - INFO - Computing OOD Statistics...
2022-09-28 09:58:08,650 - INFO - Computing OOD Statistics...
2022-09-28 09:58:12,238 - INFO - Computing OOD Statistics...
2022-09-28 09:58:15,568 - INFO - Computing OOD Statistics...
2022-09-28 09:58:19,022 - INFO - Computing OOD Statistics...
2022-09-28 09:58:22,583 - INFO - Computing OOD Statistics...
2022-09-28 09:58:22,597 - INFO - OOD Dataset: OOD
2022-09-28 09:58:22,597 - INFO - MSP AUROC [0.7917632380952381]
2022-09-28 09:58:22,597 - INFO - MSP TNR [0.5640000000000001]
2022-09-28 09:58:22,597 - INFO - MSP AUOUT [0.7379330865393223]
2022-09-28 09:58:22,597 - INFO - ODIN AUROC [0.8328860952380952]
2022-09-28 09:58:22,597 - INFO - ODIN TNR [0.5653333333333334]
2022-09-28 09:58:22,597 - INFO - ODIN AUOUT [0.7628569792024072]
2022-09-28 09:58:22,597 - INFO - OOD Dataset: iNaturalist
2022-09-28 09:58:22,597 - INFO - MSP AUROC [0.9208676285714286]
2022-09-28 09:58:22,597 - INFO - MSP TNR [0.4858]
2022-09-28 09:58:22,597 - INFO - MSP AUOUT [0.9519254100177094]
2022-09-28 09:58:22,597 - INFO - ODIN AUROC [0.9341701428571428]
2022-09-28 09:58:22,597 - INFO - ODIN TNR [0.5065999999999999]
2022-09-28 09:58:22,598 - INFO - ODIN AUOUT [0.9567853931856327]
2022-09-28 09:58:22,598 - INFO - OOD Dataset: SUN
2022-09-28 09:58:22,598 - INFO - MSP AUROC [0.9457164]
2022-09-28 09:58:22,598 - INFO - MSP TNR [0.7807999999999999]
2022-09-28 09:58:22,598 - INFO - MSP AUOUT [0.9745836877019043]
2022-09-28 09:58:22,598 - INFO - ODIN AUROC [0.9568430857142856]
2022-09-28 09:58:22,598 - INFO - ODIN TNR [0.7774]
2022-09-28 09:58:22,598 - INFO - ODIN AUOUT [0.9778037907013243]
2022-09-28 09:58:22,598 - INFO - OOD Dataset: Places
2022-09-28 09:58:22,598 - INFO - MSP AUROC [0.9275887142857142]
2022-09-28 09:58:22,598 - INFO - MSP TNR [0.7341]
2022-09-28 09:58:22,598 - INFO - MSP AUOUT [0.9692090040152305]
2022-09-28 09:58:22,598 - INFO - ODIN AUROC [0.9431618857142858]
2022-09-28 09:58:22,598 - INFO - ODIN TNR [0.7337]
2022-09-28 09:58:22,598 - INFO - ODIN AUOUT [0.9736665398417969]
2022-09-28 09:58:22,598 - INFO - OOD Dataset: Textures
2022-09-28 09:58:22,598 - INFO - MSP AUROC [0.9313135764944276]
2022-09-28 09:58:22,598 - INFO - MSP TNR [0.7569148936170212]
2022-09-28 09:58:22,598 - INFO - MSP AUOUT [0.9536854975390263]
2022-09-28 09:58:22,598 - INFO - ODIN AUROC [0.9475182370820668]
2022-09-28 09:58:22,598 - INFO - ODIN TNR [0.7597517730496454]
2022-09-28 09:58:22,598 - INFO - ODIN AUOUT [0.9607078034178803]
2022-09-28 09:58:22,598 - INFO - OOD Dataset: balanced100-coarseood
2022-09-28 09:58:22,598 - INFO - MSP AUROC [0.9799523809523809]
2022-09-28 09:58:22,598 - INFO - MSP TNR [0.9306666666666666]
2022-09-28 09:58:22,598 - INFO - MSP AUOUT [0.9022606109866703]
2022-09-28 09:58:22,598 - INFO - ODIN AUROC [0.9830742857142858]
2022-09-28 09:58:22,598 - INFO - ODIN TNR [0.9359999999999999]
2022-09-28 09:58:22,598 - INFO - ODIN AUOUT [0.906014397334152]
2022-09-28 09:58:22,598 - INFO - OOD Dataset: balanced100-mediumood
2022-09-28 09:58:22,598 - INFO - MSP AUROC [0.5341245714285714]
2022-09-28 09:58:22,598 - INFO - MSP TNR [0.08399999999999996]
2022-09-28 09:58:22,598 - INFO - MSP AUOUT [0.08541341847422124]
2022-09-28 09:58:22,598 - INFO - ODIN AUROC [0.6043565714285715]
2022-09-28 09:58:22,598 - INFO - ODIN TNR [0.07999999999999996]
2022-09-28 09:58:22,598 - INFO - ODIN AUOUT [0.09770106771150638]
2022-09-28 09:58:22,598 - INFO - OOD Dataset: balanced100-fineood
2022-09-28 09:58:22,599 - INFO - MSP AUROC [0.6382982857142857]
2022-09-28 09:58:22,599 - INFO - MSP TNR [0.254]
2022-09-28 09:58:22,599 - INFO - MSP AUOUT [0.27270536123122213]
2022-09-28 09:58:22,599 - INFO - ODIN AUROC [0.7218697142857143]
2022-09-28 09:58:22,599 - INFO - ODIN TNR [0.252]
2022-09-28 09:58:22,599 - INFO - ODIN AUOUT [0.3080425724410649]
2022-09-28 09:58:22,599 - INFO - OOD Dataset: balanced100-finemediumood
2022-09-28 09:58:22,599 - INFO - MSP AUROC [0.6035737142857143]
2022-09-28 09:58:22,599 - INFO - MSP TNR [0.19733333333333336]
2022-09-28 09:58:22,599 - INFO - MSP AUOUT [0.30240465854775683]
2022-09-28 09:58:22,599 - INFO - ODIN AUROC [0.6826986666666667]
2022-09-28 09:58:22,599 - INFO - ODIN TNR [0.19466666666666665]
2022-09-28 09:58:22,599 - INFO - ODIN AUOUT [0.3396329983667983]
