2022-09-27 22:57:10,338 - INFO - ==> Preparing data..
2022-09-27 22:57:10,807 - INFO - # ID Test: 3500
2022-09-27 22:57:10,807 - INFO - # OOD: 1500
2022-09-27 22:57:10,840 - INFO - # iNaturalist: 10000
2022-09-27 22:57:10,869 - INFO - # SUN: 10000
2022-09-27 22:57:10,899 - INFO - # Places: 10000
2022-09-27 22:57:10,947 - INFO - # Textures: 5640
2022-09-27 22:57:10,961 - INFO - # balanced100-coarseood: 750
2022-09-27 22:57:10,965 - INFO - # balanced100-mediumood: 250
2022-09-27 22:57:10,974 - INFO - # balanced100-fineood: 500
2022-09-27 22:57:10,987 - INFO - # balanced100-finemediumood: 750
2022-09-27 22:57:39,416 - INFO - Accuracy Results
2022-09-27 22:57:39,417 - INFO - Mean Synset Accuracy: 0.7866358160972595
2022-09-27 22:57:39,417 - INFO - Top-1 Accuracy: 0.6422857046127319
2022-09-27 22:57:39,417 - INFO - Pred Accuracy: 0.6442857384681702
2022-09-27 22:57:39,417 - INFO - Synset Accuracies:
2022-09-27 22:57:39,417 - INFO - [0.99114287 0.9369231  0.98385966 0.516      0.62       0.492
 0.916      0.961      0.955      0.984      0.592      0.876
 0.524      0.776      0.9766667  1.         0.584      0.8
 0.572      0.56       0.728      0.608      0.9266667  1.        ]
2022-09-27 22:57:39,417 - INFO - Error Depth:
2022-09-27 22:57:39,417 - INFO - 	Num. Errors at Depth 0 = 9.0
2022-09-27 22:57:39,417 - INFO - 	Num. Errors at Depth 1 = 29.0
2022-09-27 22:57:39,418 - INFO - 	Num. Errors at Depth 2 = 381.0
2022-09-27 22:57:39,418 - INFO - 	Num. Errors at Depth 3 = 469.0
2022-09-27 22:57:39,418 - INFO - 	Num. Errors at Depth 4 = 260.0
2022-09-27 22:57:39,418 - INFO - 	Num. Errors at Depth 5 = 104.0
2022-09-27 22:57:39,418 - INFO - 	Num. Errors at Depth -1 = 2248.0
2022-09-27 22:57:39,418 - INFO - OOD Results
2022-09-27 22:57:51,666 - INFO - Computing OOD Statistics...
2022-09-27 22:58:09,089 - INFO - Computing OOD Statistics...
2022-09-27 22:58:42,073 - INFO - Computing OOD Statistics...
2022-09-27 22:59:02,084 - INFO - Computing OOD Statistics...
2022-09-27 22:59:14,588 - INFO - Computing OOD Statistics...
2022-09-27 22:59:19,897 - INFO - Computing OOD Statistics...
2022-09-27 22:59:24,600 - INFO - Computing OOD Statistics...
2022-09-27 22:59:29,029 - INFO - Computing OOD Statistics...
2022-09-27 22:59:34,521 - INFO - Computing OOD Statistics...
2022-09-27 22:59:34,612 - INFO - OOD Dataset: OOD
2022-09-27 22:59:34,612 - INFO - MSP AUROC Synset Performance
2022-09-27 22:59:34,612 - INFO - [-1, -1, -1, -1, -1, -1, -1, -1, -1, -1, -1, -1, -1, -1, -1, -1, -1, -1, -1, -1, -1, -1, -1, -1, -0.0, 0.654864761904762, 0.8039499047619048, 0.7731754285714285]
2022-09-27 22:59:34,612 - INFO - MSP TNR Synset Performance
2022-09-27 22:59:34,612 - INFO - [-1, -1, -1, -1, -1, -1, -1, -1, -1, -1, -1, -1, -1, -1, -1, -1, -1, -1, -1, -1, -1, -1, -1, -1, 0.0, 0.2593333333333333, 0.396, 0.4693333333333334]
2022-09-27 22:59:34,612 - INFO - MSP AUOUT Synset Performance
2022-09-27 22:59:34,612 - INFO - [-1, -1, -1, -1, -1, -1, -1, -1, -1, -1, -1, -1, -1, -1, -1, -1, -1, -1, -1, -1, -1, -1, -1, -1, 0.16775845604771977, 0.49684433271440587, 0.6639807239363684, 0.6709469273968285]
2022-09-27 22:59:34,612 - INFO - ODIN AUROC Synset Performance
2022-09-27 22:59:34,612 - INFO - [-1, -1, -1, -1, -1, -1, -1, -1, -1, -1, -1, -1, -1, -1, -1, -1, -1, -1, -1, -1, -1, -1, -1, -1, -0.0, 0.5514539047619047, 0.26279161904761905, 0.4415912380952381]
2022-09-27 22:59:34,613 - INFO - ODIN TNR Synset Performance
2022-09-27 22:59:34,613 - INFO - [-1, -1, -1, -1, -1, -1, -1, -1, -1, -1, -1, -1, -1, -1, -1, -1, -1, -1, -1, -1, -1, -1, -1, -1, 0.0, 0.14200000000000002, 0.008000000000000007, 0.06933333333333336]
2022-09-27 22:59:34,613 - INFO - ODIN AUOUT Synset Performance
2022-09-27 22:59:34,613 - INFO - [-1, -1, -1, -1, -1, -1, -1, -1, -1, -1, -1, -1, -1, -1, -1, -1, -1, -1, -1, -1, -1, -1, -1, -1, 0.16775845604771977, 0.3838529945819302, 0.2011644337926373, 0.2903089201564896]
2022-09-27 22:59:34,613 - INFO - MSP Metrics using max activations accumulated across all appropriate synsets:
	AUROC -0.0
	TNR 0.0
	AUOUT 0.16775845604771977
2022-09-27 22:59:34,613 - INFO - ODIN Metrics using max activations accumulated across all appropriate synsets:
	AUROC -0.0
	TNR 0.0
	AUOUT 0.16775845604771977
2022-09-27 22:59:34,613 - INFO - MSP Metrics using max entropy along path:
	AUROC 0.654864761904762
	TNR 0.2593333333333333
	AUOUT 0.49684433271440587
2022-09-27 22:59:34,613 - INFO - ODIN Metrics using max entropy along path:
	AUROC 0.5514539047619047
	TNR 0.14200000000000002
	AUOUT 0.3838529945819302
2022-09-27 22:59:34,613 - INFO - MSP Metrics using predicted activations:
	AUROC 0.8039499047619048
	TNR 0.396
	AUOUT 0.6639807239363684
2022-09-27 22:59:34,613 - INFO - ODIN Metrics using predicted activations:
	AUROC 0.26279161904761905
	TNR 0.008000000000000007
	AUOUT 0.2011644337926373
2022-09-27 22:59:34,613 - INFO - MSP Metrics using mean entropy along path:
	AUROC 0.7731754285714285
	TNR 0.4693333333333334
	AUOUT 0.6709469273968285
2022-09-27 22:59:34,613 - INFO - ODIN Metrics using mean entropy along path:
	AUROC 0.4415912380952381
	TNR 0.06933333333333336
	AUOUT 0.2903089201564896
2022-09-27 22:59:34,613 - INFO - MSP Metrics using min entropy along path:
	AUROC 0.7566331428571429
	TNR 0.494
	AUOUT 0.6865131376266694
2022-09-27 22:59:34,613 - INFO - ODIN Metrics using min entropy along path:
	AUROC 0.755560761904762
	TNR 0.4906666666666667
	AUOUT 0.6601378430571258
2022-09-27 22:59:34,614 - INFO - OOD Path entropy min idx (msp): [0. 1. 2. 4.], [1273   29    3  195]
2022-09-27 22:59:34,614 - INFO - OOD Path entropy min idx (odin): [0. 4.], [1305  195]
2022-09-27 22:59:34,615 - INFO - OOD Dataset: iNaturalist
2022-09-27 22:59:34,615 - INFO - MSP AUROC Synset Performance
2022-09-27 22:59:34,615 - INFO - [-1, -1, -1, -1, -1, -1, -1, -1, -1, -1, -1, -1, -1, -1, -1, -1, -1, -1, -1, -1, -1, -1, -1, -1, -0.0, 0.8301664857142858, 0.8832534571428572, 0.8900466857142858]
2022-09-27 22:59:34,615 - INFO - MSP TNR Synset Performance
2022-09-27 22:59:34,615 - INFO - [-1, -1, -1, -1, -1, -1, -1, -1, -1, -1, -1, -1, -1, -1, -1, -1, -1, -1, -1, -1, -1, -1, -1, -1, 0.0, 0.40969999999999995, 0.5972999999999999, 0.5349999999999999]
2022-09-27 22:59:34,615 - INFO - MSP AUOUT Synset Performance
2022-09-27 22:59:34,615 - INFO - [-1, -1, -1, -1, -1, -1, -1, -1, -1, -1, -1, -1, -1, -1, -1, -1, -1, -1, -1, -1, -1, -1, -1, -1, 0.5275256468469287, 0.9298385102697212, 0.9534510463767636, 0.945021671755778]
2022-09-27 22:59:34,615 - INFO - ODIN AUROC Synset Performance
2022-09-27 22:59:34,615 - INFO - [-1, -1, -1, -1, -1, -1, -1, -1, -1, -1, -1, -1, -1, -1, -1, -1, -1, -1, -1, -1, -1, -1, -1, -1, -0.0, 0.6073580000000001, 0.25587074285714284, 0.49373111428571426]
2022-09-27 22:59:34,615 - INFO - ODIN TNR Synset Performance
2022-09-27 22:59:34,615 - INFO - [-1, -1, -1, -1, -1, -1, -1, -1, -1, -1, -1, -1, -1, -1, -1, -1, -1, -1, -1, -1, -1, -1, -1, -1, 0.0, 0.3425, 0.0, 0.11870000000000003]
2022-09-27 22:59:34,615 - INFO - ODIN AUOUT Synset Performance
2022-09-27 22:59:34,615 - INFO - [-1, -1, -1, -1, -1, -1, -1, -1, -1, -1, -1, -1, -1, -1, -1, -1, -1, -1, -1, -1, -1, -1, -1, -1, 0.5275256468469287, 0.8354309346236003, 0.5879985054233141, 0.753021242675783]
2022-09-27 22:59:34,615 - INFO - MSP Metrics using max activations accumulated across all appropriate synsets:
	AUROC -0.0
	TNR 0.0
	AUOUT 0.5275256468469287
2022-09-27 22:59:34,615 - INFO - ODIN Metrics using max activations accumulated across all appropriate synsets:
	AUROC -0.0
	TNR 0.0
	AUOUT 0.5275256468469287
2022-09-27 22:59:34,615 - INFO - MSP Metrics using max entropy along path:
	AUROC 0.8301664857142858
	TNR 0.40969999999999995
	AUOUT 0.9298385102697212
2022-09-27 22:59:34,615 - INFO - ODIN Metrics using max entropy along path:
	AUROC 0.6073580000000001
	TNR 0.3425
	AUOUT 0.8354309346236003
2022-09-27 22:59:34,616 - INFO - MSP Metrics using predicted activations:
	AUROC 0.8832534571428572
	TNR 0.5972999999999999
	AUOUT 0.9534510463767636
2022-09-27 22:59:34,616 - INFO - ODIN Metrics using predicted activations:
	AUROC 0.25587074285714284
	TNR 0.0
	AUOUT 0.5879985054233141
2022-09-27 22:59:34,616 - INFO - MSP Metrics using mean entropy along path:
	AUROC 0.8900466857142858
	TNR 0.5349999999999999
	AUOUT 0.945021671755778
2022-09-27 22:59:34,616 - INFO - ODIN Metrics using mean entropy along path:
	AUROC 0.49373111428571426
	TNR 0.11870000000000003
	AUOUT 0.753021242675783
2022-09-27 22:59:34,616 - INFO - MSP Metrics using min entropy along path:
	AUROC 0.8640523999999999
	TNR 0.26870000000000005
	AUOUT 0.9226097545571987
2022-09-27 22:59:34,616 - INFO - ODIN Metrics using min entropy along path:
	AUROC 0.8628948571428571
	TNR 0.26160000000000005
	AUOUT 0.9178526702007296
2022-09-27 22:59:34,617 - INFO - OOD Path entropy min idx (msp): [0. 1. 4.], [9957   11   32]
2022-09-27 22:59:34,617 - INFO - OOD Path entropy min idx (odin): [0. 4.], [9968   32]
2022-09-27 22:59:34,617 - INFO - OOD Dataset: SUN
2022-09-27 22:59:34,617 - INFO - MSP AUROC Synset Performance
2022-09-27 22:59:34,617 - INFO - [-1, -1, -1, -1, -1, -1, -1, -1, -1, -1, -1, -1, -1, -1, -1, -1, -1, -1, -1, -1, -1, -1, -1, -1, -0.0, 0.7564706285714285, 0.9405509142857142, 0.9391651428571427]
2022-09-27 22:59:34,617 - INFO - MSP TNR Synset Performance
2022-09-27 22:59:34,617 - INFO - [-1, -1, -1, -1, -1, -1, -1, -1, -1, -1, -1, -1, -1, -1, -1, -1, -1, -1, -1, -1, -1, -1, -1, -1, 0.0, 0.352, 0.7315, 0.6646000000000001]
2022-09-27 22:59:34,617 - INFO - MSP AUOUT Synset Performance
2022-09-27 22:59:34,617 - INFO - [-1, -1, -1, -1, -1, -1, -1, -1, -1, -1, -1, -1, -1, -1, -1, -1, -1, -1, -1, -1, -1, -1, -1, -1, 0.5275256468469287, 0.8986385082047292, 0.9745477109169286, 0.9690512620814066]
2022-09-27 22:59:34,617 - INFO - ODIN AUROC Synset Performance
2022-09-27 22:59:34,617 - INFO - [-1, -1, -1, -1, -1, -1, -1, -1, -1, -1, -1, -1, -1, -1, -1, -1, -1, -1, -1, -1, -1, -1, -1, -1, -0.0, 0.7216852, 0.19938674285714283, 0.576647057142857]
2022-09-27 22:59:34,617 - INFO - ODIN TNR Synset Performance
2022-09-27 22:59:34,618 - INFO - [-1, -1, -1, -1, -1, -1, -1, -1, -1, -1, -1, -1, -1, -1, -1, -1, -1, -1, -1, -1, -1, -1, -1, -1, 0.0, 0.5690999999999999, 0.0, 0.2552]
2022-09-27 22:59:34,618 - INFO - ODIN AUOUT Synset Performance
2022-09-27 22:59:34,618 - INFO - [-1, -1, -1, -1, -1, -1, -1, -1, -1, -1, -1, -1, -1, -1, -1, -1, -1, -1, -1, -1, -1, -1, -1, -1, 0.5275256468469287, 0.900884569068235, 0.5735362245765756, 0.823896332714791]
2022-09-27 22:59:34,618 - INFO - MSP Metrics using max activations accumulated across all appropriate synsets:
	AUROC -0.0
	TNR 0.0
	AUOUT 0.5275256468469287
2022-09-27 22:59:34,618 - INFO - ODIN Metrics using max activations accumulated across all appropriate synsets:
	AUROC -0.0
	TNR 0.0
	AUOUT 0.5275256468469287
2022-09-27 22:59:34,618 - INFO - MSP Metrics using max entropy along path:
	AUROC 0.7564706285714285
	TNR 0.352
	AUOUT 0.8986385082047292
2022-09-27 22:59:34,618 - INFO - ODIN Metrics using max entropy along path:
	AUROC 0.7216852
	TNR 0.5690999999999999
	AUOUT 0.900884569068235
2022-09-27 22:59:34,618 - INFO - MSP Metrics using predicted activations:
	AUROC 0.9405509142857142
	TNR 0.7315
	AUOUT 0.9745477109169286
2022-09-27 22:59:34,618 - INFO - ODIN Metrics using predicted activations:
	AUROC 0.19938674285714283
	TNR 0.0
	AUOUT 0.5735362245765756
2022-09-27 22:59:34,618 - INFO - MSP Metrics using mean entropy along path:
	AUROC 0.9391651428571427
	TNR 0.6646000000000001
	AUOUT 0.9690512620814066
2022-09-27 22:59:34,618 - INFO - ODIN Metrics using mean entropy along path:
	AUROC 0.576647057142857
	TNR 0.2552
	AUOUT 0.823896332714791
2022-09-27 22:59:34,618 - INFO - MSP Metrics using min entropy along path:
	AUROC 0.9379504000000001
	TNR 0.6934
	AUOUT 0.9716791089750176
2022-09-27 22:59:34,618 - INFO - ODIN Metrics using min entropy along path:
	AUROC 0.9364378857142857
	TNR 0.685
	AUOUT 0.9632847906455182
2022-09-27 22:59:34,619 - INFO - OOD Path entropy min idx (msp): [0. 1. 3. 4.], [9735   91    2  172]
2022-09-27 22:59:34,619 - INFO - OOD Path entropy min idx (odin): [0. 3. 4.], [9828    2  170]
2022-09-27 22:59:34,619 - INFO - OOD Dataset: Places
2022-09-27 22:59:34,619 - INFO - MSP AUROC Synset Performance
2022-09-27 22:59:34,619 - INFO - [-1, -1, -1, -1, -1, -1, -1, -1, -1, -1, -1, -1, -1, -1, -1, -1, -1, -1, -1, -1, -1, -1, -1, -1, -0.0, 0.7482321428571429, 0.9244286857142856, 0.9247035142857143]
2022-09-27 22:59:34,620 - INFO - MSP TNR Synset Performance
2022-09-27 22:59:34,620 - INFO - [-1, -1, -1, -1, -1, -1, -1, -1, -1, -1, -1, -1, -1, -1, -1, -1, -1, -1, -1, -1, -1, -1, -1, -1, 0.0, 0.33240000000000003, 0.6713, 0.6342]
2022-09-27 22:59:34,620 - INFO - MSP AUOUT Synset Performance
2022-09-27 22:59:34,620 - INFO - [-1, -1, -1, -1, -1, -1, -1, -1, -1, -1, -1, -1, -1, -1, -1, -1, -1, -1, -1, -1, -1, -1, -1, -1, 0.5275256468469287, 0.8944419252446137, 0.9682291592517497, 0.9641885499522543]
2022-09-27 22:59:34,620 - INFO - ODIN AUROC Synset Performance
2022-09-27 22:59:34,620 - INFO - [-1, -1, -1, -1, -1, -1, -1, -1, -1, -1, -1, -1, -1, -1, -1, -1, -1, -1, -1, -1, -1, -1, -1, -1, -0.0, 0.691432257142857, 0.20741288571428573, 0.5646320285714286]
2022-09-27 22:59:34,620 - INFO - ODIN TNR Synset Performance
2022-09-27 22:59:34,620 - INFO - [-1, -1, -1, -1, -1, -1, -1, -1, -1, -1, -1, -1, -1, -1, -1, -1, -1, -1, -1, -1, -1, -1, -1, -1, 0.0, 0.5033000000000001, 0.0009000000000000119, 0.25429999999999997]
2022-09-27 22:59:34,620 - INFO - ODIN AUOUT Synset Performance
2022-09-27 22:59:34,620 - INFO - [-1, -1, -1, -1, -1, -1, -1, -1, -1, -1, -1, -1, -1, -1, -1, -1, -1, -1, -1, -1, -1, -1, -1, -1, 0.5275256468469287, 0.8876160669792086, 0.5748182727334488, 0.8189330839412668]
2022-09-27 22:59:34,620 - INFO - MSP Metrics using max activations accumulated across all appropriate synsets:
	AUROC -0.0
	TNR 0.0
	AUOUT 0.5275256468469287
2022-09-27 22:59:34,620 - INFO - ODIN Metrics using max activations accumulated across all appropriate synsets:
	AUROC -0.0
	TNR 0.0
	AUOUT 0.5275256468469287
2022-09-27 22:59:34,620 - INFO - MSP Metrics using max entropy along path:
	AUROC 0.7482321428571429
	TNR 0.33240000000000003
	AUOUT 0.8944419252446137
2022-09-27 22:59:34,620 - INFO - ODIN Metrics using max entropy along path:
	AUROC 0.691432257142857
	TNR 0.5033000000000001
	AUOUT 0.8876160669792086
2022-09-27 22:59:34,620 - INFO - MSP Metrics using predicted activations:
	AUROC 0.9244286857142856
	TNR 0.6713
	AUOUT 0.9682291592517497
2022-09-27 22:59:34,620 - INFO - ODIN Metrics using predicted activations:
	AUROC 0.20741288571428573
	TNR 0.0009000000000000119
	AUOUT 0.5748182727334488
2022-09-27 22:59:34,620 - INFO - MSP Metrics using mean entropy along path:
	AUROC 0.9247035142857143
	TNR 0.6342
	AUOUT 0.9641885499522543
2022-09-27 22:59:34,620 - INFO - ODIN Metrics using mean entropy along path:
	AUROC 0.5646320285714286
	TNR 0.25429999999999997
	AUOUT 0.8189330839412668
2022-09-27 22:59:34,621 - INFO - MSP Metrics using min entropy along path:
	AUROC 0.9209644857142858
	TNR 0.6487
	AUOUT 0.9656691395758934
2022-09-27 22:59:34,621 - INFO - ODIN Metrics using min entropy along path:
	AUROC 0.9194896857142858
	TNR 0.6415
	AUOUT 0.957399142687158
2022-09-27 22:59:34,621 - INFO - OOD Path entropy min idx (msp): [0. 1. 2. 3. 4.], [9710   91    3    5  191]
2022-09-27 22:59:34,622 - INFO - OOD Path entropy min idx (odin): [0. 3. 4.], [9807    2  191]
2022-09-27 22:59:34,622 - INFO - OOD Dataset: Textures
2022-09-27 22:59:34,622 - INFO - MSP AUROC Synset Performance
2022-09-27 22:59:34,622 - INFO - [-1, -1, -1, -1, -1, -1, -1, -1, -1, -1, -1, -1, -1, -1, -1, -1, -1, -1, -1, -1, -1, -1, -1, -1, -0.0, 0.7682904255319148, 0.8734852583586625, 0.9192762917933132]
2022-09-27 22:59:34,622 - INFO - MSP TNR Synset Performance
2022-09-27 22:59:34,622 - INFO - [-1, -1, -1, -1, -1, -1, -1, -1, -1, -1, -1, -1, -1, -1, -1, -1, -1, -1, -1, -1, -1, -1, -1, -1, 0.0, 0.3414893617021276, 0.6109929078014185, 0.6936170212765957]
2022-09-27 22:59:34,622 - INFO - MSP AUOUT Synset Performance
2022-09-27 22:59:34,622 - INFO - [-1, -1, -1, -1, -1, -1, -1, -1, -1, -1, -1, -1, -1, -1, -1, -1, -1, -1, -1, -1, -1, -1, -1, -1, 0.4043189752277335, 0.8494687753995364, 0.9246639691524032, 0.9442616966452029]
2022-09-27 22:59:34,622 - INFO - ODIN AUROC Synset Performance
2022-09-27 22:59:34,622 - INFO - [-1, -1, -1, -1, -1, -1, -1, -1, -1, -1, -1, -1, -1, -1, -1, -1, -1, -1, -1, -1, -1, -1, -1, -1, -0.0, 0.5642042046605877, 0.19598343465045592, 0.5734028368794326]
2022-09-27 22:59:34,622 - INFO - ODIN TNR Synset Performance
2022-09-27 22:59:34,622 - INFO - [-1, -1, -1, -1, -1, -1, -1, -1, -1, -1, -1, -1, -1, -1, -1, -1, -1, -1, -1, -1, -1, -1, -1, -1, 0.0, 0.3159574468085107, 0.00035460992907798694, 0.16471631205673753]
2022-09-27 22:59:34,623 - INFO - ODIN AUOUT Synset Performance
2022-09-27 22:59:34,623 - INFO - [-1, -1, -1, -1, -1, -1, -1, -1, -1, -1, -1, -1, -1, -1, -1, -1, -1, -1, -1, -1, -1, -1, -1, -1, 0.4043189752277335, 0.7370171947415654, 0.44854700115095614, 0.6972955630753569]
2022-09-27 22:59:34,623 - INFO - MSP Metrics using max activations accumulated across all appropriate synsets:
	AUROC -0.0
	TNR 0.0
	AUOUT 0.4043189752277335
2022-09-27 22:59:34,623 - INFO - ODIN Metrics using max activations accumulated across all appropriate synsets:
	AUROC -0.0
	TNR 0.0
	AUOUT 0.4043189752277335
2022-09-27 22:59:34,623 - INFO - MSP Metrics using max entropy along path:
	AUROC 0.7682904255319148
	TNR 0.3414893617021276
	AUOUT 0.8494687753995364
2022-09-27 22:59:34,623 - INFO - ODIN Metrics using max entropy along path:
	AUROC 0.5642042046605877
	TNR 0.3159574468085107
	AUOUT 0.7370171947415654
2022-09-27 22:59:34,623 - INFO - MSP Metrics using predicted activations:
	AUROC 0.8734852583586625
	TNR 0.6109929078014185
	AUOUT 0.9246639691524032
2022-09-27 22:59:34,623 - INFO - ODIN Metrics using predicted activations:
	AUROC 0.19598343465045592
	TNR 0.00035460992907798694
	AUOUT 0.44854700115095614
2022-09-27 22:59:34,623 - INFO - MSP Metrics using mean entropy along path:
	AUROC 0.9192762917933132
	TNR 0.6936170212765957
	AUOUT 0.9442616966452029
2022-09-27 22:59:34,623 - INFO - ODIN Metrics using mean entropy along path:
	AUROC 0.5734028368794326
	TNR 0.16471631205673753
	AUOUT 0.6972955630753569
2022-09-27 22:59:34,623 - INFO - MSP Metrics using min entropy along path:
	AUROC 0.932312968591692
	TNR 0.6870567375886525
	AUOUT 0.9494967206584816
2022-09-27 22:59:34,623 - INFO - ODIN Metrics using min entropy along path:
	AUROC 0.9308498986828775
	TNR 0.6789007092198582
	AUOUT 0.9367620681197036
2022-09-27 22:59:34,624 - INFO - OOD Path entropy min idx (msp): [0. 1. 2. 3. 4.], [5483   58    5    2   92]
2022-09-27 22:59:34,624 - INFO - OOD Path entropy min idx (odin): [0. 3. 4.], [5546    2   92]
2022-09-27 22:59:34,624 - INFO - OOD Dataset: balanced100-coarseood
2022-09-27 22:59:34,624 - INFO - MSP AUROC Synset Performance
2022-09-27 22:59:34,624 - INFO - [-1, -1, -1, -1, -1, -1, -1, -1, -1, -1, -1, -1, -1, -1, -1, -1, -1, -1, -1, -1, -1, -1, -1, -1, -0.0, 0.783512, 0.947200761904762, 0.9656102857142858]
2022-09-27 22:59:34,624 - INFO - MSP TNR Synset Performance
2022-09-27 22:59:34,624 - INFO - [-1, -1, -1, -1, -1, -1, -1, -1, -1, -1, -1, -1, -1, -1, -1, -1, -1, -1, -1, -1, -1, -1, -1, -1, 0.0, 0.41733333333333333, 0.6386666666666667, 0.8026666666666666]
2022-09-27 22:59:34,624 - INFO - MSP AUOUT Synset Performance
2022-09-27 22:59:34,624 - INFO - [-1, -1, -1, -1, -1, -1, -1, -1, -1, -1, -1, -1, -1, -1, -1, -1, -1, -1, -1, -1, -1, -1, -1, -1, 0.09393858905968093, 0.4961077452936157, 0.7325844769269761, 0.8075298466235422]
2022-09-27 22:59:34,624 - INFO - ODIN AUROC Synset Performance
2022-09-27 22:59:34,625 - INFO - [-1, -1, -1, -1, -1, -1, -1, -1, -1, -1, -1, -1, -1, -1, -1, -1, -1, -1, -1, -1, -1, -1, -1, -1, -0.0, 0.3831146666666666, 0.15189561904761906, 0.4780293333333333]
2022-09-27 22:59:34,625 - INFO - ODIN TNR Synset Performance
2022-09-27 22:59:34,625 - INFO - [-1, -1, -1, -1, -1, -1, -1, -1, -1, -1, -1, -1, -1, -1, -1, -1, -1, -1, -1, -1, -1, -1, -1, -1, 0.0, 0.09066666666666667, 0.0, 0.040000000000000036]
2022-09-27 22:59:34,625 - INFO - ODIN AUOUT Synset Performance
2022-09-27 22:59:34,625 - INFO - [-1, -1, -1, -1, -1, -1, -1, -1, -1, -1, -1, -1, -1, -1, -1, -1, -1, -1, -1, -1, -1, -1, -1, -1, 0.09393858905968093, 0.1663047612955731, 0.10662827151464409, 0.18494500596198793]
2022-09-27 22:59:34,625 - INFO - MSP Metrics using max activations accumulated across all appropriate synsets:
	AUROC -0.0
	TNR 0.0
	AUOUT 0.09393858905968093
2022-09-27 22:59:34,625 - INFO - ODIN Metrics using max activations accumulated across all appropriate synsets:
	AUROC -0.0
	TNR 0.0
	AUOUT 0.09393858905968093
2022-09-27 22:59:34,625 - INFO - MSP Metrics using max entropy along path:
	AUROC 0.783512
	TNR 0.41733333333333333
	AUOUT 0.4961077452936157
2022-09-27 22:59:34,625 - INFO - ODIN Metrics using max entropy along path:
	AUROC 0.3831146666666666
	TNR 0.09066666666666667
	AUOUT 0.1663047612955731
2022-09-27 22:59:34,625 - INFO - MSP Metrics using predicted activations:
	AUROC 0.947200761904762
	TNR 0.6386666666666667
	AUOUT 0.7325844769269761
2022-09-27 22:59:34,625 - INFO - ODIN Metrics using predicted activations:
	AUROC 0.15189561904761906
	TNR 0.0
	AUOUT 0.10662827151464409
2022-09-27 22:59:34,625 - INFO - MSP Metrics using mean entropy along path:
	AUROC 0.9656102857142858
	TNR 0.8026666666666666
	AUOUT 0.8075298466235422
2022-09-27 22:59:34,625 - INFO - ODIN Metrics using mean entropy along path:
	AUROC 0.4780293333333333
	TNR 0.040000000000000036
	AUOUT 0.18494500596198793
2022-09-27 22:59:34,625 - INFO - MSP Metrics using min entropy along path:
	AUROC 0.9610152380952381
	TNR 0.8493333333333333
	AUOUT 0.8319765133038302
2022-09-27 22:59:34,625 - INFO - ODIN Metrics using min entropy along path:
	AUROC 0.9592190476190476
	TNR 0.844
	AUOUT 0.7810828587941963
2022-09-27 22:59:34,626 - INFO - OOD Path entropy min idx (msp): [0. 1. 2. 4.], [734   5   1  10]
2022-09-27 22:59:34,626 - INFO - OOD Path entropy min idx (odin): [0. 4.], [740  10]
2022-09-27 22:59:34,626 - INFO - OOD Dataset: balanced100-mediumood
2022-09-27 22:59:34,626 - INFO - MSP AUROC Synset Performance
2022-09-27 22:59:34,626 - INFO - [-1, -1, -1, -1, -1, -1, -1, -1, -1, -1, -1, -1, -1, -1, -1, -1, -1, -1, -1, -1, -1, -1, -1, -1, -0.0, 0.6156617142857143, 0.7342365714285715, 0.5342845714285714]
2022-09-27 22:59:34,626 - INFO - MSP TNR Synset Performance
2022-09-27 22:59:34,626 - INFO - [-1, -1, -1, -1, -1, -1, -1, -1, -1, -1, -1, -1, -1, -1, -1, -1, -1, -1, -1, -1, -1, -1, -1, -1, 0.0, 0.07599999999999996, 0.132, 0.052000000000000046]
2022-09-27 22:59:34,626 - INFO - MSP AUOUT Synset Performance
2022-09-27 22:59:34,626 - INFO - [-1, -1, -1, -1, -1, -1, -1, -1, -1, -1, -1, -1, -1, -1, -1, -1, -1, -1, -1, -1, -1, -1, -1, -1, 0.03409978690754759, 0.08652064264904903, 0.1267320321210463, 0.07026965307874627]
2022-09-27 22:59:34,626 - INFO - ODIN AUROC Synset Performance
2022-09-27 22:59:34,626 - INFO - [-1, -1, -1, -1, -1, -1, -1, -1, -1, -1, -1, -1, -1, -1, -1, -1, -1, -1, -1, -1, -1, -1, -1, -1, -0.0, 0.8236880000000001, 0.4779931428571429, 0.41714057142857147]
2022-09-27 22:59:34,627 - INFO - ODIN TNR Synset Performance
2022-09-27 22:59:34,627 - INFO - [-1, -1, -1, -1, -1, -1, -1, -1, -1, -1, -1, -1, -1, -1, -1, -1, -1, -1, -1, -1, -1, -1, -1, -1, 0.0, 0.16400000000000003, 0.02400000000000002, 0.09999999999999998]
2022-09-27 22:59:34,627 - INFO - ODIN AUOUT Synset Performance
2022-09-27 22:59:34,627 - INFO - [-1, -1, -1, -1, -1, -1, -1, -1, -1, -1, -1, -1, -1, -1, -1, -1, -1, -1, -1, -1, -1, -1, -1, -1, 0.03409978690754759, 0.1815660899529159, 0.05804774586851334, 0.07164589470953228]
2022-09-27 22:59:34,627 - INFO - MSP Metrics using max activations accumulated across all appropriate synsets:
	AUROC -0.0
	TNR 0.0
	AUOUT 0.03409978690754759
2022-09-27 22:59:34,627 - INFO - ODIN Metrics using max activations accumulated across all appropriate synsets:
	AUROC -0.0
	TNR 0.0
	AUOUT 0.03409978690754759
2022-09-27 22:59:34,627 - INFO - MSP Metrics using max entropy along path:
	AUROC 0.6156617142857143
	TNR 0.07599999999999996
	AUOUT 0.08652064264904903
2022-09-27 22:59:34,627 - INFO - ODIN Metrics using max entropy along path:
	AUROC 0.8236880000000001
	TNR 0.16400000000000003
	AUOUT 0.1815660899529159
2022-09-27 22:59:34,627 - INFO - MSP Metrics using predicted activations:
	AUROC 0.7342365714285715
	TNR 0.132
	AUOUT 0.1267320321210463
2022-09-27 22:59:34,627 - INFO - ODIN Metrics using predicted activations:
	AUROC 0.4779931428571429
	TNR 0.02400000000000002
	AUOUT 0.05804774586851334
2022-09-27 22:59:34,627 - INFO - MSP Metrics using mean entropy along path:
	AUROC 0.5342845714285714
	TNR 0.052000000000000046
	AUOUT 0.07026965307874627
2022-09-27 22:59:34,627 - INFO - ODIN Metrics using mean entropy along path:
	AUROC 0.41714057142857147
	TNR 0.09999999999999998
	AUOUT 0.07164589470953228
2022-09-27 22:59:34,627 - INFO - MSP Metrics using min entropy along path:
	AUROC 0.26133142857142855
	TNR 0.04800000000000004
	AUOUT 0.04944551622720461
2022-09-27 22:59:34,627 - INFO - ODIN Metrics using min entropy along path:
	AUROC 0.26150399999999996
	TNR 0.04800000000000004
	AUOUT 0.04762918543017064
2022-09-27 22:59:34,628 - INFO - OOD Path entropy min idx (msp): [0. 1. 4.], [ 83   9 158]
2022-09-27 22:59:34,628 - INFO - OOD Path entropy min idx (odin): [0. 4.], [ 92 158]
2022-09-27 22:59:34,628 - INFO - OOD Dataset: balanced100-fineood
2022-09-27 22:59:34,628 - INFO - MSP AUROC Synset Performance
2022-09-27 22:59:34,628 - INFO - [-1, -1, -1, -1, -1, -1, -1, -1, -1, -1, -1, -1, -1, -1, -1, -1, -1, -1, -1, -1, -1, -1, -1, -1, -0.0, 0.4814948571428571, 0.6239308571428571, 0.6039685714285714]
2022-09-27 22:59:34,628 - INFO - MSP TNR Synset Performance
2022-09-27 22:59:34,628 - INFO - [-1, -1, -1, -1, -1, -1, -1, -1, -1, -1, -1, -1, -1, -1, -1, -1, -1, -1, -1, -1, -1, -1, -1, -1, 0.0, 0.11399999999999999, 0.16400000000000003, 0.17800000000000005]
2022-09-27 22:59:34,628 - INFO - MSP AUOUT Synset Performance
2022-09-27 22:59:34,628 - INFO - [-1, -1, -1, -1, -1, -1, -1, -1, -1, -1, -1, -1, -1, -1, -1, -1, -1, -1, -1, -1, -1, -1, -1, -1, 0.06528024046762752, 0.1475859918407166, 0.21991680333209407, 0.21447948164187539]
2022-09-27 22:59:34,628 - INFO - ODIN AUROC Synset Performance
2022-09-27 22:59:34,628 - INFO - [-1, -1, -1, -1, -1, -1, -1, -1, -1, -1, -1, -1, -1, -1, -1, -1, -1, -1, -1, -1, -1, -1, -1, -1, -0.0, 0.6675765714285713, 0.32153600000000004, 0.3991611428571428]
2022-09-27 22:59:34,629 - INFO - ODIN TNR Synset Performance
2022-09-27 22:59:34,629 - INFO - [-1, -1, -1, -1, -1, -1, -1, -1, -1, -1, -1, -1, -1, -1, -1, -1, -1, -1, -1, -1, -1, -1, -1, -1, 0.0, 0.20799999999999996, 0.01200000000000001, 0.09799999999999998]
2022-09-27 22:59:34,629 - INFO - ODIN AUOUT Synset Performance
2022-09-27 22:59:34,629 - INFO - [-1, -1, -1, -1, -1, -1, -1, -1, -1, -1, -1, -1, -1, -1, -1, -1, -1, -1, -1, -1, -1, -1, -1, -1, 0.06528024046762752, 0.2512836425096838, 0.08500408201141474, 0.12121719122847685]
2022-09-27 22:59:34,629 - INFO - MSP Metrics using max activations accumulated across all appropriate synsets:
	AUROC -0.0
	TNR 0.0
	AUOUT 0.06528024046762752
2022-09-27 22:59:34,629 - INFO - ODIN Metrics using max activations accumulated across all appropriate synsets:
	AUROC -0.0
	TNR 0.0
	AUOUT 0.06528024046762752
2022-09-27 22:59:34,629 - INFO - MSP Metrics using max entropy along path:
	AUROC 0.4814948571428571
	TNR 0.11399999999999999
	AUOUT 0.1475859918407166
2022-09-27 22:59:34,629 - INFO - ODIN Metrics using max entropy along path:
	AUROC 0.6675765714285713
	TNR 0.20799999999999996
	AUOUT 0.2512836425096838
2022-09-27 22:59:34,629 - INFO - MSP Metrics using predicted activations:
	AUROC 0.6239308571428571
	TNR 0.16400000000000003
	AUOUT 0.21991680333209407
2022-09-27 22:59:34,629 - INFO - ODIN Metrics using predicted activations:
	AUROC 0.32153600000000004
	TNR 0.01200000000000001
	AUOUT 0.08500408201141474
2022-09-27 22:59:34,629 - INFO - MSP Metrics using mean entropy along path:
	AUROC 0.6039685714285714
	TNR 0.17800000000000005
	AUOUT 0.21447948164187539
2022-09-27 22:59:34,629 - INFO - ODIN Metrics using mean entropy along path:
	AUROC 0.3991611428571428
	TNR 0.09799999999999998
	AUOUT 0.12121719122847685
2022-09-27 22:59:34,629 - INFO - MSP Metrics using min entropy along path:
	AUROC 0.6977114285714285
	TNR 0.18400000000000005
	AUOUT 0.2591832060956339
2022-09-27 22:59:34,629 - INFO - ODIN Metrics using min entropy along path:
	AUROC 0.6970902857142857
	TNR 0.18200000000000005
	AUOUT 0.25276075778628276
2022-09-27 22:59:34,630 - INFO - OOD Path entropy min idx (msp): [0. 1. 2. 4.], [456  15   2  27]
2022-09-27 22:59:34,630 - INFO - OOD Path entropy min idx (odin): [0. 4.], [473  27]
2022-09-27 22:59:34,630 - INFO - OOD Dataset: balanced100-finemediumood
2022-09-27 22:59:34,630 - INFO - MSP AUROC Synset Performance
2022-09-27 22:59:34,630 - INFO - [-1, -1, -1, -1, -1, -1, -1, -1, -1, -1, -1, -1, -1, -1, -1, -1, -1, -1, -1, -1, -1, -1, -1, -1, -0.0, 0.5262171428571428, 0.6606994285714286, 0.5807405714285714]
2022-09-27 22:59:34,630 - INFO - MSP TNR Synset Performance
2022-09-27 22:59:34,630 - INFO - [-1, -1, -1, -1, -1, -1, -1, -1, -1, -1, -1, -1, -1, -1, -1, -1, -1, -1, -1, -1, -1, -1, -1, -1, 0.0, 0.10133333333333339, 0.15333333333333332, 0.136]
2022-09-27 22:59:34,630 - INFO - MSP AUOUT Synset Performance
2022-09-27 22:59:34,630 - INFO - [-1, -1, -1, -1, -1, -1, -1, -1, -1, -1, -1, -1, -1, -1, -1, -1, -1, -1, -1, -1, -1, -1, -1, -1, 0.09393858905968093, 0.208128134168947, 0.29444367421955336, 0.24807247809125496]
2022-09-27 22:59:34,630 - INFO - ODIN AUROC Synset Performance
2022-09-27 22:59:34,630 - INFO - [-1, -1, -1, -1, -1, -1, -1, -1, -1, -1, -1, -1, -1, -1, -1, -1, -1, -1, -1, -1, -1, -1, -1, -1, -0.0, 0.7196137142857143, 0.37368838095238094, 0.4051542857142857]
2022-09-27 22:59:34,631 - INFO - ODIN TNR Synset Performance
2022-09-27 22:59:34,631 - INFO - [-1, -1, -1, -1, -1, -1, -1, -1, -1, -1, -1, -1, -1, -1, -1, -1, -1, -1, -1, -1, -1, -1, -1, -1, 0.0, 0.19333333333333336, 0.016000000000000014, 0.09866666666666668]
2022-09-27 22:59:34,631 - INFO - ODIN AUOUT Synset Performance
2022-09-27 22:59:34,631 - INFO - [-1, -1, -1, -1, -1, -1, -1, -1, -1, -1, -1, -1, -1, -1, -1, -1, -1, -1, -1, -1, -1, -1, -1, -1, 0.09393858905968093, 0.3520006590277241, 0.13102617943342035, 0.17268759893412552]
2022-09-27 22:59:34,631 - INFO - MSP Metrics using max activations accumulated across all appropriate synsets:
	AUROC -0.0
	TNR 0.0
	AUOUT 0.09393858905968093
2022-09-27 22:59:34,631 - INFO - ODIN Metrics using max activations accumulated across all appropriate synsets:
	AUROC -0.0
	TNR 0.0
	AUOUT 0.09393858905968093
2022-09-27 22:59:34,631 - INFO - MSP Metrics using max entropy along path:
	AUROC 0.5262171428571428
	TNR 0.10133333333333339
	AUOUT 0.208128134168947
2022-09-27 22:59:34,631 - INFO - ODIN Metrics using max entropy along path:
	AUROC 0.7196137142857143
	TNR 0.19333333333333336
	AUOUT 0.3520006590277241
2022-09-27 22:59:34,631 - INFO - MSP Metrics using predicted activations:
	AUROC 0.6606994285714286
	TNR 0.15333333333333332
	AUOUT 0.29444367421955336
2022-09-27 22:59:34,631 - INFO - ODIN Metrics using predicted activations:
	AUROC 0.37368838095238094
	TNR 0.016000000000000014
	AUOUT 0.13102617943342035
2022-09-27 22:59:34,631 - INFO - MSP Metrics using mean entropy along path:
	AUROC 0.5807405714285714
	TNR 0.136
	AUOUT 0.24807247809125496
2022-09-27 22:59:34,631 - INFO - ODIN Metrics using mean entropy along path:
	AUROC 0.4051542857142857
	TNR 0.09866666666666668
	AUOUT 0.17268759893412552
2022-09-27 22:59:34,631 - INFO - MSP Metrics using min entropy along path:
	AUROC 0.5522514285714286
	TNR 0.13866666666666672
	AUOUT 0.2596173676605753
2022-09-27 22:59:34,631 - INFO - ODIN Metrics using min entropy along path:
	AUROC 0.5518948571428571
	TNR 0.1373333333333333
	AUOUT 0.2538526174946596
2022-09-27 22:59:34,632 - INFO - OOD Path entropy min idx (msp): [0. 1. 2. 4.], [539  24   2 185]
2022-09-27 22:59:34,632 - INFO - OOD Path entropy min idx (odin): [0. 4.], [565 185]
2022-09-27 22:59:48,432 - INFO - Computing OOD Statistics...
2022-09-27 23:00:12,883 - INFO - Computing OOD Statistics...
2022-09-27 23:00:50,333 - INFO - Computing OOD Statistics...
2022-09-27 23:01:06,267 - INFO - Computing OOD Statistics...
2022-09-27 23:01:16,742 - INFO - Computing OOD Statistics...
2022-09-27 23:01:21,037 - INFO - Computing OOD Statistics...
2022-09-27 23:01:25,615 - INFO - Computing OOD Statistics...
2022-09-27 23:01:30,127 - INFO - Computing OOD Statistics...
2022-09-27 23:01:34,919 - INFO - Computing OOD Statistics...
2022-09-27 23:01:34,935 - INFO - OOD Dataset: OOD
2022-09-27 23:01:34,936 - INFO - MSP AUROC [0.7725481904761906]
2022-09-27 23:01:34,936 - INFO - MSP TNR [0.5166666666666666]
2022-09-27 23:01:34,936 - INFO - MSP AUOUT [0.6956735497764301]
2022-09-27 23:01:34,936 - INFO - ODIN AUROC [0.7917209523809523]
2022-09-27 23:01:34,936 - INFO - ODIN TNR [0.5146666666666666]
2022-09-27 23:01:34,936 - INFO - ODIN AUOUT [0.7041787201727338]
2022-09-27 23:01:34,936 - INFO - OOD Dataset: iNaturalist
2022-09-27 23:01:34,936 - INFO - MSP AUROC [0.8465631142857143]
2022-09-27 23:01:34,936 - INFO - MSP TNR [0.32620000000000005]
2022-09-27 23:01:34,936 - INFO - MSP AUOUT [0.9218331272632134]
2022-09-27 23:01:34,936 - INFO - ODIN AUROC [0.8865866285714286]
2022-09-27 23:01:34,936 - INFO - ODIN TNR [0.32399999999999995]
2022-09-27 23:01:34,936 - INFO - ODIN AUOUT [0.9341208904691938]
2022-09-27 23:01:34,936 - INFO - OOD Dataset: SUN
2022-09-27 23:01:34,936 - INFO - MSP AUROC [0.9380962857142856]
2022-09-27 23:01:34,936 - INFO - MSP TNR [0.6720999999999999]
2022-09-27 23:01:34,936 - INFO - MSP AUOUT [0.9686539360920661]
2022-09-27 23:01:34,936 - INFO - ODIN AUROC [0.9438424857142858]
2022-09-27 23:01:34,936 - INFO - ODIN TNR [0.6599999999999999]
2022-09-27 23:01:34,936 - INFO - ODIN AUOUT [0.9701244444629162]
2022-09-27 23:01:34,937 - INFO - OOD Dataset: Places
2022-09-27 23:01:34,937 - INFO - MSP AUROC [0.9192268]
2022-09-27 23:01:34,937 - INFO - MSP TNR [0.6376999999999999]
2022-09-27 23:01:34,937 - INFO - MSP AUOUT [0.9630908144960666]
2022-09-27 23:01:34,937 - INFO - ODIN AUROC [0.9283875142857143]
2022-09-27 23:01:34,937 - INFO - ODIN TNR [0.6284000000000001]
2022-09-27 23:01:34,937 - INFO - ODIN AUOUT [0.9654708044952061]
2022-09-27 23:01:34,937 - INFO - OOD Dataset: Textures
2022-09-27 23:01:34,937 - INFO - MSP AUROC [0.9355227456940222]
2022-09-27 23:01:34,937 - INFO - MSP TNR [0.7170212765957447]
2022-09-27 23:01:34,937 - INFO - MSP AUOUT [0.954556627493662]
2022-09-27 23:01:34,937 - INFO - ODIN AUROC [0.9461551165146909]
2022-09-27 23:01:34,937 - INFO - ODIN TNR [0.7127659574468085]
2022-09-27 23:01:34,937 - INFO - ODIN AUOUT [0.9587060209527549]
2022-09-27 23:01:34,937 - INFO - OOD Dataset: balanced100-coarseood
2022-09-27 23:01:34,937 - INFO - MSP AUROC [0.9733927619047619]
2022-09-27 23:01:34,937 - INFO - MSP TNR [0.8933333333333333]
2022-09-27 23:01:34,937 - INFO - MSP AUOUT [0.8545716003467663]
2022-09-27 23:01:34,937 - INFO - ODIN AUROC [0.9754289523809525]
2022-09-27 23:01:34,937 - INFO - ODIN TNR [0.8933333333333333]
2022-09-27 23:01:34,937 - INFO - ODIN AUOUT [0.8575497855594679]
2022-09-27 23:01:34,938 - INFO - OOD Dataset: balanced100-mediumood
2022-09-27 23:01:34,938 - INFO - MSP AUROC [0.46475885714285714]
2022-09-27 23:01:34,938 - INFO - MSP TNR [0.04800000000000004]
2022-09-27 23:01:34,938 - INFO - MSP AUOUT [0.061204398133341845]
2022-09-27 23:01:34,938 - INFO - ODIN AUROC [0.49275542857142857]
2022-09-27 23:01:34,938 - INFO - ODIN TNR [0.04400000000000004]
2022-09-27 23:01:34,938 - INFO - ODIN AUOUT [0.06283525823261939]
2022-09-27 23:01:34,938 - INFO - OOD Dataset: balanced100-fineood
2022-09-27 23:01:34,938 - INFO - MSP AUROC [0.6251765714285714]
2022-09-27 23:01:34,938 - INFO - MSP TNR [0.18600000000000005]
2022-09-27 23:01:34,938 - INFO - MSP AUOUT [0.23707311831795563]
2022-09-27 23:01:34,938 - INFO - ODIN AUROC [0.6656417142857143]
2022-09-27 23:01:34,938 - INFO - ODIN TNR [0.18200000000000005]
2022-09-27 23:01:34,938 - INFO - ODIN AUOUT [0.24762308347128462]
2022-09-27 23:01:34,938 - INFO - OOD Dataset: balanced100-finemediumood
2022-09-27 23:01:34,938 - INFO - MSP AUROC [0.571704]
2022-09-27 23:01:34,938 - INFO - MSP TNR [0.14]
2022-09-27 23:01:34,938 - INFO - MSP AUOUT [0.2554293717847945]
2022-09-27 23:01:34,939 - INFO - ODIN AUROC [0.6080129523809523]
2022-09-27 23:01:34,939 - INFO - ODIN TNR [0.136]
2022-09-27 23:01:34,939 - INFO - ODIN AUOUT [0.2649114999311976]
