2021-11-16 15:57:49,357 - INFO - ==> Preparing data..
2021-11-16 15:57:49,731 - INFO - # ID Test: 4150
2021-11-16 15:57:49,731 - INFO - # OOD Test: 850
2021-11-16 15:58:13,927 - INFO - Accuracy Results
2021-11-16 15:58:13,929 - INFO - Mean Synset Accuracy: tensor([0.9855, 0.9467, 0.9779, 0.7240, 0.8520, 0.8080, 0.9120, 0.9630, 0.9395,
        0.9900, 0.8320, 0.9440, 0.7840, 0.7520, 0.9684, 0.9600, 0.9280, 0.7120,
        0.8550, 0.8000, 0.7160, 0.8400, 0.6800, 0.9000, 0.9550])
2021-11-16 15:58:13,929 - INFO - Top-1 Accuracy: 0.7713252902030945
2021-11-16 15:58:13,929 - INFO - Pred Accuracy: 0.7725301384925842
2021-11-16 15:58:13,929 - INFO - Synset Accuracies:
2021-11-16 15:58:13,929 - INFO - tensor([0.9855, 0.9467, 0.9779, 0.7240, 0.8520, 0.8080, 0.9120, 0.9630, 0.9395,
        0.9900, 0.8320, 0.9440, 0.7840, 0.7520, 0.9684, 0.9600, 0.9280, 0.7120,
        0.8550, 0.8000, 0.7160, 0.8400, 0.6800, 0.9000, 0.9550])
2021-11-16 15:58:13,930 - INFO - Error Depth:
2021-11-16 15:58:13,930 - INFO - 	Num. Errors at Depth 0 = 16.0
2021-11-16 15:58:13,930 - INFO - 	Num. Errors at Depth 1 = 57.0
2021-11-16 15:58:13,930 - INFO - 	Num. Errors at Depth 2 = 275.0
2021-11-16 15:58:13,930 - INFO - 	Num. Errors at Depth 3 = 360.0
2021-11-16 15:58:13,930 - INFO - 	Num. Errors at Depth 4 = 151.0
2021-11-16 15:58:13,930 - INFO - 	Num. Errors at Depth 5 = 90.0
2021-11-16 15:58:13,930 - INFO - 	Num. Errors at Depth -1 = 3201.0
2021-11-16 15:58:13,930 - INFO - OOD Results
2021-11-16 15:58:39,774 - INFO - Computing OOD Statistics...
2021-11-16 15:58:39,878 - INFO - MSP AUROC Synset Performance
2021-11-16 15:58:39,879 - INFO - [-1, 0.8929050980392157, 0.9245254901960784, 0.8475858823529412, 0.8908705882352941, 0.8354776470588234, 0.9305694117647061, 0.9310447058823529, 0.9161153488372094, 0.9083082352941176, 0.8610211764705882, 0.9706870588235293, 0.8025082352941176, 0.8378494117647058, 0.9603, 0.8569435294117647, 0.9826164705882354, 0.8659011764705883, 0.9277117647058825, 0.8747576470588233, 0.8621082352941178, 0.9191058823529411, 0.7617835294117647, 0.88944, 0.9244823529411765, 0.9182316087880935, 0.8821074415308292, 0.9182429482636428]
2021-11-16 15:58:39,879 - INFO - MSP TNR Synset Performance
2021-11-16 15:58:39,879 - INFO - [-1, 0.3176470588235294, 0.44799999999999995, 0.30823529411764705, 0.33176470588235296, 0.24705882352941178, 0.38, 0.4729411764705882, 0.368, 0.3305882352941176, 0.31882352941176473, 0.8105882352941176, 0.1823529411764706, 0.42000000000000004, 0.70625, 0.22705882352941176, 0.8788235294117647, 0.4023529411764706, 0.571764705882353, 0.2094117647058824, 0.25764705882352945, 0.5211764705882354, 0.22705882352941176, 0.18470588235294116, 0.31882352941176473, 0.3752941176470588, 0.4411764705882353, 0.6058823529411765]
2021-11-16 15:58:39,879 - INFO - MSP AUOUT Synset Performance
2021-11-16 15:58:39,879 - INFO - [-1, 0.8710838430033606, 0.6143803947984443, 0.93790873661613, 0.9531997887386015, 0.9255664033558415, 0.9613810443187353, 0.8742315313695275, 0.7039398286046111, 0.9113198780205167, 0.9359160376349993, 0.9866378780258158, 0.9127528849486077, 0.9415871136823513, 0.9315277884054547, 0.8695497492403889, 0.99212867934757, 0.941900997514845, 0.9780748932430521, 0.9428925582736012, 0.9360345832524566, 0.9679485444688665, 0.899148331874544, 0.9423202110687949, 0.9697977180363444, 0.5518440422233674, 0.59004798817743, 0.7171197540469374]
2021-11-16 15:58:39,879 - INFO - ODIN AUROC Synset Performance
2021-11-16 15:58:39,879 - INFO - [-1, 0.9047654901960783, 0.916343137254902, 0.8962588235294117, 0.9249364705882352, 0.8762164705882353, 0.9448611764705883, 0.948795294117647, 0.9437978294573643, 0.9083082352941176, 0.9202776470588236, 0.9799388235294118, 0.8799670588235295, 0.9606117647058823, 0.9731328947368421, 0.8569388235294116, 0.9908376470588234, 0.9419952941176468, 0.9726470588235295, 0.9226635294117649, 0.9236423529411764, 0.9471341176470589, 0.8834823529411765, 0.9058164705882353, 0.9366294117647058, 0.8924958185683911, 0.5014063784549965, 0.5284714386959604]
2021-11-16 15:58:39,879 - INFO - ODIN TNR Synset Performance
2021-11-16 15:58:39,879 - INFO - [-1, 0.41294117647058826, 0.3773333333333333, 0.3905882352941177, 0.41647058823529415, 0.35882352941176465, 0.49882352941176467, 0.6564705882352941, 0.5866666666666667, 0.3305882352941176, 0.4647058823529412, 0.9623529411764706, 0.3364705882352941, 0.8211764705882353, 0.87, 0.22705882352941176, 0.9576470588235294, 0.6729411764705882, 0.8964705882352941, 0.36588235294117644, 0.4894117647058823, 0.6070588235294118, 0.33176470588235296, 0.29294117647058826, 0.5317647058823529, 0.20588235294117652, 0.0117647058823529, 0.06705882352941173]
2021-11-16 15:58:39,879 - INFO - ODIN AUOUT Synset Performance
2021-11-16 15:58:39,879 - INFO - [-1, 0.8871227342705255, 0.5799059678446778, 0.9580542210346376, 0.9671764323475205, 0.9442518466997152, 0.9646204021993051, 0.9096056903394869, 0.7843924210465317, 0.911319817788529, 0.9615935189139025, 0.9909098421570086, 0.9458775281827252, 0.9861515562447307, 0.9539261361336244, 0.8695410444262367, 0.9949020027612316, 0.9702317620256667, 0.9918044964999597, 0.9619599003125794, 0.9664286956846992, 0.9789041529287876, 0.9452632326007482, 0.9493958839216887, 0.9757105933839979, 0.4748846403143075, 0.15376463756268238, 0.17940479281599164]
2021-11-16 15:58:39,879 - INFO - MSP Metrics using max activations accumulated across all appropriate synsets:
	AUROC 0.9182316087880935
	TNR 0.3752941176470588
	AUOUT 0.5518440422233674
2021-11-16 15:58:39,879 - INFO - ODIN Metrics using max activations accumulated across all appropriate synsets:
	AUROC 0.8924958185683911
	TNR 0.20588235294117652
	AUOUT 0.4748846403143075
2021-11-16 15:58:39,879 - INFO - MSP Metrics using predicted activations:
	AUROC 0.8821074415308292
	TNR 0.4411764705882353
	AUOUT 0.59004798817743
2021-11-16 15:58:39,879 - INFO - ODIN Metrics using predicted activations:
	AUROC 0.5014063784549965
	TNR 0.0117647058823529
	AUOUT 0.15376463756268238
2021-11-16 15:58:39,879 - INFO - MSP Metrics using mean entropy along path:
	AUROC 0.9182429482636428
	TNR 0.6058823529411765
	AUOUT 0.7171197540469374
2021-11-16 15:58:39,879 - INFO - ODIN Metrics using mean entropy along path:
	AUROC 0.5284714386959604
	TNR 0.06705882352941173
	AUOUT 0.17940479281599164
2021-11-16 15:58:39,879 - INFO - MSP Metrics using min entropy along path:
2021-11-16 15:58:39,879 - INFO - MSP Metrics using min entropy along path:
	AUROC 0.9244229624379872
	TNR 0.6870588235294117
	AUOUT 0.7513082244463656
2021-11-16 15:58:39,880 - INFO - ODIN Metrics using min entropy along path:
2021-11-16 15:58:39,880 - INFO - ODIN Metrics using min entropy along path:
	AUROC 0.9143654145995748
	TNR 0.6023529411764705
	AUOUT 0.6466568405269884
2021-11-16 15:58:39,881 - INFO - OOD Path entropy min idx (msp): [0. 1. 2. 3. 4. 5.], [2264 1321 1000  357   54    4]
2021-11-16 15:58:39,881 - INFO - OOD Path entropy min idx (odin): [0. 3. 4.], [4631  210  159]
2021-11-16 15:58:39,881 - INFO - Synset Accuracy: tensor([0.7859,    nan, 0.9600,    nan,    nan,    nan,    nan,    nan, 0.8900,
           nan,    nan,    nan,    nan,    nan, 0.8600,    nan,    nan,    nan,
           nan,    nan,    nan,    nan,    nan,    nan,    nan])
2021-11-16 15:58:39,881 - INFO - Top1 Accuracy: 0.7647058963775635
2021-11-16 15:58:55,867 - INFO - Computing OOD Statistics...
2021-11-16 15:58:55,882 - INFO - MSP AUROC [0.8609505315379163]
2021-11-16 15:58:55,882 - INFO - MSP TNR [0.45999999999999996]
2021-11-16 15:58:55,882 - INFO - MSP AUOUT [0.5906702130542476]
2021-11-16 15:58:55,882 - INFO - ODIN AUROC [0.8905638554216868]
2021-11-16 15:58:55,882 - INFO - ODIN TNR [0.49764705882352944]
2021-11-16 15:58:55,882 - INFO - ODIN AUOUT [0.6280071148051394]
