2022-01-27 00:39:16,177 - INFO - ==> Preparing data..
2022-01-27 00:39:16,771 - INFO - # ID Test: 4150
2022-01-27 00:39:16,771 - INFO - # OOD: 850
2022-01-27 00:39:16,830 - INFO - # iNaturalist: 10000
2022-01-27 00:39:16,882 - INFO - # SUN: 10000
2022-01-27 00:39:16,982 - INFO - # Places: 10000
2022-01-27 00:39:17,015 - INFO - # Textures: 5640
2022-01-27 00:39:17,020 - INFO - # coarseid-coarseood: 750
2022-01-27 00:39:17,022 - INFO - # coarseid-fineood: 100
2022-01-27 00:39:44,755 - INFO - Accuracy Results
2022-01-27 00:39:44,756 - INFO - Mean Synset Accuracy: 0.8831382989883423
2022-01-27 00:39:44,756 - INFO - Top-1 Accuracy: 0.7903614640235901
2022-01-27 00:39:44,757 - INFO - Pred Accuracy: 0.7937349677085876
2022-01-27 00:39:44,757 - INFO - Synset Accuracies:
2022-01-27 00:39:44,758 - INFO - [0.9891566 0.956     0.9752941 0.76      0.896     0.836     0.952
 0.961     0.9511628 0.992     0.84      0.956     0.788     0.764
 0.9768421 0.946     0.948     0.704     0.905     0.788     0.74
 0.86      0.712     0.932     0.95     ]
2022-01-27 00:39:44,758 - INFO - Error Depth:
2022-01-27 00:39:44,758 - INFO - 	Num. Errors at Depth 0 = 26.0
2022-01-27 00:39:44,758 - INFO - 	Num. Errors at Depth 1 = 59.0
2022-01-27 00:39:44,758 - INFO - 	Num. Errors at Depth 2 = 232.0
2022-01-27 00:39:44,758 - INFO - 	Num. Errors at Depth 3 = 323.0
2022-01-27 00:39:44,758 - INFO - 	Num. Errors at Depth 4 = 143.0
2022-01-27 00:39:44,758 - INFO - 	Num. Errors at Depth 5 = 87.0
2022-01-27 00:39:44,758 - INFO - 	Num. Errors at Depth -1 = 3280.0
2022-01-27 00:39:44,758 - INFO - OOD Results
2022-01-27 00:40:06,589 - INFO - Computing OOD Statistics...
2022-01-27 00:40:42,495 - INFO - Computing OOD Statistics...
2022-01-27 00:41:44,062 - INFO - Computing OOD Statistics...
2022-01-27 00:42:14,739 - INFO - Computing OOD Statistics...
2022-01-27 00:42:32,786 - INFO - Computing OOD Statistics...
2022-01-27 00:42:40,514 - INFO - Computing OOD Statistics...
2022-01-27 00:42:45,968 - INFO - Computing OOD Statistics...
2022-01-27 00:42:46,033 - INFO - OOD Dataset: OOD
2022-01-27 00:42:46,034 - INFO - MSP AUROC Synset Performance
2022-01-27 00:42:46,034 - INFO - [-1, -1, -1, -1, -1, -1, -1, -1, -1, -1, -1, -1, -1, -1, -1, -1, -1, -1, -1, -1, -1, -1, -1, -1, -1, -0.0, 0.8676388377037562, 0.8927540751240255, 0.9246381289865344]
2022-01-27 00:42:46,034 - INFO - MSP TNR Synset Performance
2022-01-27 00:42:46,034 - INFO - [-1, -1, -1, -1, -1, -1, -1, -1, -1, -1, -1, -1, -1, -1, -1, -1, -1, -1, -1, -1, -1, -1, -1, -1, -1, 0.0, 0.3364705882352941, 0.4494117647058824, 0.6258823529411764]
2022-01-27 00:42:46,034 - INFO - MSP AUOUT Synset Performance
2022-01-27 00:42:46,034 - INFO - [-1, -1, -1, -1, -1, -1, -1, -1, -1, -1, -1, -1, -1, -1, -1, -1, -1, -1, -1, -1, -1, -1, -1, -1, -1, 0.09027322853919331, 0.5048861613111054, 0.6005004653565474, 0.7250794224831453]
2022-01-27 00:42:46,034 - INFO - ODIN AUROC Synset Performance
2022-01-27 00:42:46,034 - INFO - [-1, -1, -1, -1, -1, -1, -1, -1, -1, -1, -1, -1, -1, -1, -1, -1, -1, -1, -1, -1, -1, -1, -1, -1, -1, -0.0, 0.5700056697377747, 0.5043495393338058, 0.5378644932671863]
2022-01-27 00:42:46,034 - INFO - ODIN TNR Synset Performance
2022-01-27 00:42:46,034 - INFO - [-1, -1, -1, -1, -1, -1, -1, -1, -1, -1, -1, -1, -1, -1, -1, -1, -1, -1, -1, -1, -1, -1, -1, -1, -1, 0.0, 0.13882352941176468, 0.010588235294117676, 0.07882352941176474]
2022-01-27 00:42:46,034 - INFO - ODIN AUOUT Synset Performance
2022-01-27 00:42:46,034 - INFO - [-1, -1, -1, -1, -1, -1, -1, -1, -1, -1, -1, -1, -1, -1, -1, -1, -1, -1, -1, -1, -1, -1, -1, -1, -1, 0.09027322853919331, 0.21530617799404217, 0.15346369601902587, 0.1812982282960221]
2022-01-27 00:42:46,034 - INFO - MSP Metrics using max activations accumulated across all appropriate synsets:
	AUROC -0.0
	TNR 0.0
	AUOUT 0.09027322853919331
2022-01-27 00:42:46,035 - INFO - ODIN Metrics using max activations accumulated across all appropriate synsets:
	AUROC -0.0
	TNR 0.0
	AUOUT 0.09027322853919331
2022-01-27 00:42:46,035 - INFO - MSP Metrics using max entropy along path:
	AUROC 0.8676388377037562
	TNR 0.3364705882352941
	AUOUT 0.5048861613111054
2022-01-27 00:42:46,035 - INFO - ODIN Metrics using max entropy along path:
	AUROC 0.5700056697377747
	TNR 0.13882352941176468
	AUOUT 0.21530617799404217
2022-01-27 00:42:46,035 - INFO - MSP Metrics using predicted activations:
	AUROC 0.8927540751240255
	TNR 0.4494117647058824
	AUOUT 0.6005004653565474
2022-01-27 00:42:46,035 - INFO - ODIN Metrics using predicted activations:
	AUROC 0.5043495393338058
	TNR 0.010588235294117676
	AUOUT 0.15346369601902587
2022-01-27 00:42:46,035 - INFO - MSP Metrics using mean entropy along path:
	AUROC 0.9246381289865344
	TNR 0.6258823529411764
	AUOUT 0.7250794224831453
2022-01-27 00:42:46,035 - INFO - ODIN Metrics using mean entropy along path:
	AUROC 0.5378644932671863
	TNR 0.07882352941176474
	AUOUT 0.1812982282960221
2022-01-27 00:42:46,035 - INFO - MSP Metrics using min entropy along path:
	AUROC 0.9259107016300496
	TNR 0.7423529411764707
	AUOUT 0.7691078872551387
2022-01-27 00:42:46,035 - INFO - ODIN Metrics using min entropy along path:
	AUROC 0.913777179305457
	TNR 0.6329411764705882
	AUOUT 0.6534466867140387
2022-01-27 00:42:46,036 - INFO - OOD Path entropy min idx (msp): [0. 1. 2. 3. 4.], [488 221 111  21   9]
2022-01-27 00:42:46,036 - INFO - OOD Path entropy min idx (odin): [0. 3. 4.], [825   7  18]
2022-01-27 00:42:46,036 - INFO - OOD Dataset: iNaturalist
2022-01-27 00:42:46,036 - INFO - MSP AUROC Synset Performance
2022-01-27 00:42:46,036 - INFO - [-1, -1, -1, -1, -1, -1, -1, -1, -1, -1, -1, -1, -1, -1, -1, -1, -1, -1, -1, -1, -1, -1, -1, -1, -1, -0.0, 0.8915292289156627, 0.9119778072289155, 0.9204822409638553]
2022-01-27 00:42:46,036 - INFO - MSP TNR Synset Performance
2022-01-27 00:42:46,036 - INFO - [-1, -1, -1, -1, -1, -1, -1, -1, -1, -1, -1, -1, -1, -1, -1, -1, -1, -1, -1, -1, -1, -1, -1, -1, -1, 0.0, 0.4192, 0.5517000000000001, 0.5494]
2022-01-27 00:42:46,036 - INFO - MSP AUOUT Synset Performance
2022-01-27 00:42:46,036 - INFO - [-1, -1, -1, -1, -1, -1, -1, -1, -1, -1, -1, -1, -1, -1, -1, -1, -1, -1, -1, -1, -1, -1, -1, -1, -1, 0.4909583878783369, 0.9367261071642661, 0.9544982905424744, 0.9545947276801365]
2022-01-27 00:42:46,036 - INFO - ODIN AUROC Synset Performance
2022-01-27 00:42:46,036 - INFO - [-1, -1, -1, -1, -1, -1, -1, -1, -1, -1, -1, -1, -1, -1, -1, -1, -1, -1, -1, -1, -1, -1, -1, -1, -1, -0.0, 0.6567780722891566, 0.526653686746988, 0.49853530120481926]
2022-01-27 00:42:46,036 - INFO - ODIN TNR Synset Performance
2022-01-27 00:42:46,037 - INFO - [-1, -1, -1, -1, -1, -1, -1, -1, -1, -1, -1, -1, -1, -1, -1, -1, -1, -1, -1, -1, -1, -1, -1, -1, -1, 0.0, 0.36739999999999995, 0.0029000000000000137, 0.1874]
2022-01-27 00:42:46,037 - INFO - ODIN AUOUT Synset Performance
2022-01-27 00:42:46,037 - INFO - [-1, -1, -1, -1, -1, -1, -1, -1, -1, -1, -1, -1, -1, -1, -1, -1, -1, -1, -1, -1, -1, -1, -1, -1, -1, 0.4909583878783369, 0.8338354228679106, 0.6731936138649179, 0.7502079298644326]
2022-01-27 00:42:46,037 - INFO - MSP Metrics using max activations accumulated across all appropriate synsets:
	AUROC -0.0
	TNR 0.0
	AUOUT 0.4909583878783369
2022-01-27 00:42:46,037 - INFO - ODIN Metrics using max activations accumulated across all appropriate synsets:
	AUROC -0.0
	TNR 0.0
	AUOUT 0.4909583878783369
2022-01-27 00:42:46,037 - INFO - MSP Metrics using max entropy along path:
	AUROC 0.8915292289156627
	TNR 0.4192
	AUOUT 0.9367261071642661
2022-01-27 00:42:46,037 - INFO - ODIN Metrics using max entropy along path:
	AUROC 0.6567780722891566
	TNR 0.36739999999999995
	AUOUT 0.8338354228679106
2022-01-27 00:42:46,037 - INFO - MSP Metrics using predicted activations:
	AUROC 0.9119778072289155
	TNR 0.5517000000000001
	AUOUT 0.9544982905424744
2022-01-27 00:42:46,037 - INFO - ODIN Metrics using predicted activations:
	AUROC 0.526653686746988
	TNR 0.0029000000000000137
	AUOUT 0.6731936138649179
2022-01-27 00:42:46,037 - INFO - MSP Metrics using mean entropy along path:
	AUROC 0.9204822409638553
	TNR 0.5494
	AUOUT 0.9545947276801365
2022-01-27 00:42:46,037 - INFO - ODIN Metrics using mean entropy along path:
	AUROC 0.49853530120481926
	TNR 0.1874
	AUOUT 0.7502079298644326
2022-01-27 00:42:46,037 - INFO - MSP Metrics using min entropy along path:
	AUROC 0.8765681927710843
	TNR 0.35919999999999996
	AUOUT 0.9232993908001164
2022-01-27 00:42:46,037 - INFO - ODIN Metrics using min entropy along path:
	AUROC 0.818398265060241
	TNR 0.17290000000000005
	AUOUT 0.8752189122071731
2022-01-27 00:42:46,038 - INFO - OOD Path entropy min idx (msp): [0. 1. 2. 3. 4.], [8135  683  518  618   46]
2022-01-27 00:42:46,038 - INFO - OOD Path entropy min idx (odin): [0. 3. 4.], [9312  624   64]
2022-01-27 00:42:46,038 - INFO - OOD Dataset: SUN
2022-01-27 00:42:46,039 - INFO - MSP AUROC Synset Performance
2022-01-27 00:42:46,039 - INFO - [-1, -1, -1, -1, -1, -1, -1, -1, -1, -1, -1, -1, -1, -1, -1, -1, -1, -1, -1, -1, -1, -1, -1, -1, -1, -0.0, 0.8877516144578314, 0.930191951807229, 0.9383166024096385]
2022-01-27 00:42:46,039 - INFO - MSP TNR Synset Performance
2022-01-27 00:42:46,039 - INFO - [-1, -1, -1, -1, -1, -1, -1, -1, -1, -1, -1, -1, -1, -1, -1, -1, -1, -1, -1, -1, -1, -1, -1, -1, -1, 0.0, 0.35129999999999995, 0.6218, 0.61]
2022-01-27 00:42:46,039 - INFO - MSP AUOUT Synset Performance
2022-01-27 00:42:46,039 - INFO - [-1, -1, -1, -1, -1, -1, -1, -1, -1, -1, -1, -1, -1, -1, -1, -1, -1, -1, -1, -1, -1, -1, -1, -1, -1, 0.4909583878783369, 0.9286968659654529, 0.9628198112082806, 0.96270998402932]
2022-01-27 00:42:46,039 - INFO - ODIN AUROC Synset Performance
2022-01-27 00:42:46,039 - INFO - [-1, -1, -1, -1, -1, -1, -1, -1, -1, -1, -1, -1, -1, -1, -1, -1, -1, -1, -1, -1, -1, -1, -1, -1, -1, -0.0, 0.813714265060241, 0.6478581927710843, 0.6988679759036146]
2022-01-27 00:42:46,039 - INFO - ODIN TNR Synset Performance
2022-01-27 00:42:46,039 - INFO - [-1, -1, -1, -1, -1, -1, -1, -1, -1, -1, -1, -1, -1, -1, -1, -1, -1, -1, -1, -1, -1, -1, -1, -1, -1, 0.0, 0.5880000000000001, 0.03639999999999999, 0.28480000000000005]
2022-01-27 00:42:46,039 - INFO - ODIN AUOUT Synset Performance
2022-01-27 00:42:46,039 - INFO - [-1, -1, -1, -1, -1, -1, -1, -1, -1, -1, -1, -1, -1, -1, -1, -1, -1, -1, -1, -1, -1, -1, -1, -1, -1, 0.4909583878783369, 0.9154553569645342, 0.7600501581569226, 0.8401006188421605]
2022-01-27 00:42:46,039 - INFO - MSP Metrics using max activations accumulated across all appropriate synsets:
	AUROC -0.0
	TNR 0.0
	AUOUT 0.4909583878783369
2022-01-27 00:42:46,039 - INFO - ODIN Metrics using max activations accumulated across all appropriate synsets:
	AUROC -0.0
	TNR 0.0
	AUOUT 0.4909583878783369
2022-01-27 00:42:46,039 - INFO - MSP Metrics using max entropy along path:
	AUROC 0.8877516144578314
	TNR 0.35129999999999995
	AUOUT 0.9286968659654529
2022-01-27 00:42:46,039 - INFO - ODIN Metrics using max entropy along path:
	AUROC 0.813714265060241
	TNR 0.5880000000000001
	AUOUT 0.9154553569645342
2022-01-27 00:42:46,039 - INFO - MSP Metrics using predicted activations:
	AUROC 0.930191951807229
	TNR 0.6218
	AUOUT 0.9628198112082806
2022-01-27 00:42:46,039 - INFO - ODIN Metrics using predicted activations:
	AUROC 0.6478581927710843
	TNR 0.03639999999999999
	AUOUT 0.7600501581569226
2022-01-27 00:42:46,039 - INFO - MSP Metrics using mean entropy along path:
	AUROC 0.9383166024096385
	TNR 0.61
	AUOUT 0.96270998402932
2022-01-27 00:42:46,039 - INFO - ODIN Metrics using mean entropy along path:
	AUROC 0.6988679759036146
	TNR 0.28480000000000005
	AUOUT 0.8401006188421605
2022-01-27 00:42:46,039 - INFO - MSP Metrics using min entropy along path:
	AUROC 0.9482350602409638
	TNR 0.6641
	AUOUT 0.9681325339828319
2022-01-27 00:42:46,040 - INFO - ODIN Metrics using min entropy along path:
	AUROC 0.9303484096385544
	TNR 0.5388999999999999
	AUOUT 0.9475711425011583
2022-01-27 00:42:46,041 - INFO - OOD Path entropy min idx (msp): [0. 1. 2. 3. 4. 5.], [4671 4167  707  305  142    8]
2022-01-27 00:42:46,041 - INFO - OOD Path entropy min idx (odin): [0. 3. 4.], [9634   83  283]
2022-01-27 00:42:46,041 - INFO - OOD Dataset: Places
2022-01-27 00:42:46,041 - INFO - MSP AUROC Synset Performance
2022-01-27 00:42:46,041 - INFO - [-1, -1, -1, -1, -1, -1, -1, -1, -1, -1, -1, -1, -1, -1, -1, -1, -1, -1, -1, -1, -1, -1, -1, -1, -1, -0.0, 0.8744133975903615, 0.9155994698795181, 0.9272344819277109]
2022-01-27 00:42:46,041 - INFO - MSP TNR Synset Performance
2022-01-27 00:42:46,041 - INFO - [-1, -1, -1, -1, -1, -1, -1, -1, -1, -1, -1, -1, -1, -1, -1, -1, -1, -1, -1, -1, -1, -1, -1, -1, -1, 0.0, 0.3176, 0.5624, 0.5707]
2022-01-27 00:42:46,041 - INFO - MSP AUOUT Synset Performance
2022-01-27 00:42:46,042 - INFO - [-1, -1, -1, -1, -1, -1, -1, -1, -1, -1, -1, -1, -1, -1, -1, -1, -1, -1, -1, -1, -1, -1, -1, -1, -1, 0.4909583878783369, 0.9198294774985585, 0.9546599605318269, 0.9575631163949233]
2022-01-27 00:42:46,042 - INFO - ODIN AUROC Synset Performance
2022-01-27 00:42:46,042 - INFO - [-1, -1, -1, -1, -1, -1, -1, -1, -1, -1, -1, -1, -1, -1, -1, -1, -1, -1, -1, -1, -1, -1, -1, -1, -1, -0.0, 0.7824198072289157, 0.6280542891566265, 0.6849735180722891]
2022-01-27 00:42:46,042 - INFO - ODIN TNR Synset Performance
2022-01-27 00:42:46,042 - INFO - [-1, -1, -1, -1, -1, -1, -1, -1, -1, -1, -1, -1, -1, -1, -1, -1, -1, -1, -1, -1, -1, -1, -1, -1, -1, 0.0, 0.5165, 0.03320000000000001, 0.2861]
2022-01-27 00:42:46,042 - INFO - ODIN AUOUT Synset Performance
2022-01-27 00:42:46,042 - INFO - [-1, -1, -1, -1, -1, -1, -1, -1, -1, -1, -1, -1, -1, -1, -1, -1, -1, -1, -1, -1, -1, -1, -1, -1, -1, 0.4909583878783369, 0.9000033977604822, 0.749874848013941, 0.8357356556270856]
2022-01-27 00:42:46,042 - INFO - MSP Metrics using max activations accumulated across all appropriate synsets:
	AUROC -0.0
	TNR 0.0
	AUOUT 0.4909583878783369
2022-01-27 00:42:46,042 - INFO - ODIN Metrics using max activations accumulated across all appropriate synsets:
	AUROC -0.0
	TNR 0.0
	AUOUT 0.4909583878783369
2022-01-27 00:42:46,042 - INFO - MSP Metrics using max entropy along path:
	AUROC 0.8744133975903615
	TNR 0.3176
	AUOUT 0.9198294774985585
2022-01-27 00:42:46,042 - INFO - ODIN Metrics using max entropy along path:
	AUROC 0.7824198072289157
	TNR 0.5165
	AUOUT 0.9000033977604822
2022-01-27 00:42:46,042 - INFO - MSP Metrics using predicted activations:
	AUROC 0.9155994698795181
	TNR 0.5624
	AUOUT 0.9546599605318269
2022-01-27 00:42:46,042 - INFO - ODIN Metrics using predicted activations:
	AUROC 0.6280542891566265
	TNR 0.03320000000000001
	AUOUT 0.749874848013941
2022-01-27 00:42:46,042 - INFO - MSP Metrics using mean entropy along path:
	AUROC 0.9272344819277109
	TNR 0.5707
	AUOUT 0.9575631163949233
2022-01-27 00:42:46,042 - INFO - ODIN Metrics using mean entropy along path:
	AUROC 0.6849735180722891
	TNR 0.2861
	AUOUT 0.8357356556270856
2022-01-27 00:42:46,042 - INFO - MSP Metrics using min entropy along path:
	AUROC 0.9336168192771084
	TNR 0.6337999999999999
	AUOUT 0.9625038572218391
2022-01-27 00:42:46,042 - INFO - ODIN Metrics using min entropy along path:
	AUROC 0.9165751325301206
	TNR 0.5409999999999999
	AUOUT 0.9427451232341435
2022-01-27 00:42:46,043 - INFO - OOD Path entropy min idx (msp): [0. 1. 2. 3. 4. 5.], [4743 3975  772  393  113    4]
2022-01-27 00:42:46,044 - INFO - OOD Path entropy min idx (odin): [0. 3. 4.], [9671  113  216]
2022-01-27 00:42:46,044 - INFO - OOD Dataset: Textures
2022-01-27 00:42:46,044 - INFO - MSP AUROC Synset Performance
2022-01-27 00:42:46,044 - INFO - [-1, -1, -1, -1, -1, -1, -1, -1, -1, -1, -1, -1, -1, -1, -1, -1, -1, -1, -1, -1, -1, -1, -1, -1, -1, -0.0, 0.8360089293343587, 0.876474237375032, 0.8977300264889344]
2022-01-27 00:42:46,044 - INFO - MSP TNR Synset Performance
2022-01-27 00:42:46,044 - INFO - [-1, -1, -1, -1, -1, -1, -1, -1, -1, -1, -1, -1, -1, -1, -1, -1, -1, -1, -1, -1, -1, -1, -1, -1, -1, 0.0, 0.30053191489361697, 0.5065602836879433, 0.5450354609929078]
2022-01-27 00:42:46,044 - INFO - MSP AUOUT Synset Performance
2022-01-27 00:42:46,044 - INFO - [-1, -1, -1, -1, -1, -1, -1, -1, -1, -1, -1, -1, -1, -1, -1, -1, -1, -1, -1, -1, -1, -1, -1, -1, -1, 0.36848395850775695, 0.8483545894741615, 0.9025257154947066, 0.9161400541361747]
2022-01-27 00:42:46,044 - INFO - ODIN AUROC Synset Performance
2022-01-27 00:42:46,044 - INFO - [-1, -1, -1, -1, -1, -1, -1, -1, -1, -1, -1, -1, -1, -1, -1, -1, -1, -1, -1, -1, -1, -1, -1, -1, -1, -0.0, 0.6184609501837137, 0.5303829359993164, 0.5740286251388533]
2022-01-27 00:42:46,044 - INFO - ODIN TNR Synset Performance
2022-01-27 00:42:46,044 - INFO - [-1, -1, -1, -1, -1, -1, -1, -1, -1, -1, -1, -1, -1, -1, -1, -1, -1, -1, -1, -1, -1, -1, -1, -1, -1, 0.0, 0.33368794326241136, 0.02517730496453896, 0.2702127659574468]
2022-01-27 00:42:46,044 - INFO - ODIN AUOUT Synset Performance
2022-01-27 00:42:46,044 - INFO - [-1, -1, -1, -1, -1, -1, -1, -1, -1, -1, -1, -1, -1, -1, -1, -1, -1, -1, -1, -1, -1, -1, -1, -1, -1, 0.36848395850775695, 0.7319140427137139, 0.571679222826373, 0.6929047700053105]
2022-01-27 00:42:46,044 - INFO - MSP Metrics using max activations accumulated across all appropriate synsets:
	AUROC -0.0
	TNR 0.0
	AUOUT 0.36848395850775695
2022-01-27 00:42:46,044 - INFO - ODIN Metrics using max activations accumulated across all appropriate synsets:
	AUROC -0.0
	TNR 0.0
	AUOUT 0.36848395850775695
2022-01-27 00:42:46,044 - INFO - MSP Metrics using max entropy along path:
	AUROC 0.8360089293343587
	TNR 0.30053191489361697
	AUOUT 0.8483545894741615
2022-01-27 00:42:46,044 - INFO - ODIN Metrics using max entropy along path:
	AUROC 0.6184609501837137
	TNR 0.33368794326241136
	AUOUT 0.7319140427137139
2022-01-27 00:42:46,045 - INFO - MSP Metrics using predicted activations:
	AUROC 0.876474237375032
	TNR 0.5065602836879433
	AUOUT 0.9025257154947066
2022-01-27 00:42:46,045 - INFO - ODIN Metrics using predicted activations:
	AUROC 0.5303829359993164
	TNR 0.02517730496453896
	AUOUT 0.571679222826373
2022-01-27 00:42:46,045 - INFO - MSP Metrics using mean entropy along path:
	AUROC 0.8977300264889344
	TNR 0.5450354609929078
	AUOUT 0.9161400541361747
2022-01-27 00:42:46,045 - INFO - ODIN Metrics using mean entropy along path:
	AUROC 0.5740286251388533
	TNR 0.2702127659574468
	AUOUT 0.6929047700053105
2022-01-27 00:42:46,045 - INFO - MSP Metrics using min entropy along path:
	AUROC 0.9292921473126547
	TNR 0.6368794326241134
	AUOUT 0.9377712933875426
2022-01-27 00:42:46,045 - INFO - ODIN Metrics using min entropy along path:
	AUROC 0.9142045202084935
	TNR 0.5276595744680851
	AUOUT 0.9043733477047398
2022-01-27 00:42:46,045 - INFO - OOD Path entropy min idx (msp): [0. 1. 2. 3. 4. 5.], [2994 1241  899  393  105    8]
2022-01-27 00:42:46,046 - INFO - OOD Path entropy min idx (odin): [0. 3. 4.], [5312  214  114]
2022-01-27 00:42:46,046 - INFO - OOD Dataset: coarseid-coarseood
2022-01-27 00:42:46,046 - INFO - MSP AUROC Synset Performance
2022-01-27 00:42:46,046 - INFO - [-1, -1, -1, -1, -1, -1, -1, -1, -1, -1, -1, -1, -1, -1, -1, -1, -1, -1, -1, -1, -1, -1, -1, -1, -1, -0.0, 0.8863839357429719, 0.9133779919678715, 0.9520629718875502]
2022-01-27 00:42:46,046 - INFO - MSP TNR Synset Performance
2022-01-27 00:42:46,046 - INFO - [-1, -1, -1, -1, -1, -1, -1, -1, -1, -1, -1, -1, -1, -1, -1, -1, -1, -1, -1, -1, -1, -1, -1, -1, -1, 0.0, 0.372, 0.5013333333333334, 0.704]
2022-01-27 00:42:46,046 - INFO - MSP AUOUT Synset Performance
2022-01-27 00:42:46,046 - INFO - [-1, -1, -1, -1, -1, -1, -1, -1, -1, -1, -1, -1, -1, -1, -1, -1, -1, -1, -1, -1, -1, -1, -1, -1, -1, 0.08076464026187649, 0.5071454112695767, 0.6119398479077278, 0.7587383022025741]
2022-01-27 00:42:46,046 - INFO - ODIN AUROC Synset Performance
2022-01-27 00:42:46,046 - INFO - [-1, -1, -1, -1, -1, -1, -1, -1, -1, -1, -1, -1, -1, -1, -1, -1, -1, -1, -1, -1, -1, -1, -1, -1, -1, -0.0, 0.5408934939759036, 0.49003630522088354, 0.5230612048192771]
2022-01-27 00:42:46,046 - INFO - ODIN TNR Synset Performance
2022-01-27 00:42:46,046 - INFO - [-1, -1, -1, -1, -1, -1, -1, -1, -1, -1, -1, -1, -1, -1, -1, -1, -1, -1, -1, -1, -1, -1, -1, -1, -1, 0.0, 0.1413333333333333, 0.0040000000000000036, 0.08666666666666667]
2022-01-27 00:42:46,046 - INFO - ODIN AUOUT Synset Performance
2022-01-27 00:42:46,046 - INFO - [-1, -1, -1, -1, -1, -1, -1, -1, -1, -1, -1, -1, -1, -1, -1, -1, -1, -1, -1, -1, -1, -1, -1, -1, -1, 0.08076464026187649, 0.18638022857378644, 0.1341911519245107, 0.16498861064856035]
2022-01-27 00:42:46,046 - INFO - MSP Metrics using max activations accumulated across all appropriate synsets:
	AUROC -0.0
	TNR 0.0
	AUOUT 0.08076464026187649
2022-01-27 00:42:46,047 - INFO - ODIN Metrics using max activations accumulated across all appropriate synsets:
	AUROC -0.0
	TNR 0.0
	AUOUT 0.08076464026187649
2022-01-27 00:42:46,047 - INFO - MSP Metrics using max entropy along path:
	AUROC 0.8863839357429719
	TNR 0.372
	AUOUT 0.5071454112695767
2022-01-27 00:42:46,047 - INFO - ODIN Metrics using max entropy along path:
	AUROC 0.5408934939759036
	TNR 0.1413333333333333
	AUOUT 0.18638022857378644
2022-01-27 00:42:46,047 - INFO - MSP Metrics using predicted activations:
	AUROC 0.9133779919678715
	TNR 0.5013333333333334
	AUOUT 0.6119398479077278
2022-01-27 00:42:46,047 - INFO - ODIN Metrics using predicted activations:
	AUROC 0.49003630522088354
	TNR 0.0040000000000000036
	AUOUT 0.1341911519245107
2022-01-27 00:42:46,047 - INFO - MSP Metrics using mean entropy along path:
	AUROC 0.9520629718875502
	TNR 0.704
	AUOUT 0.7587383022025741
2022-01-27 00:42:46,047 - INFO - ODIN Metrics using mean entropy along path:
	AUROC 0.5230612048192771
	TNR 0.08666666666666667
	AUOUT 0.16498861064856035
2022-01-27 00:42:46,047 - INFO - MSP Metrics using min entropy along path:
	AUROC 0.9677301204819277
	TNR 0.8333333333333334
	AUOUT 0.8177093236932225
2022-01-27 00:42:46,047 - INFO - ODIN Metrics using min entropy along path:
	AUROC 0.952157751004016
	TNR 0.708
	AUOUT 0.6826555743831517
2022-01-27 00:42:46,047 - INFO - OOD Path entropy min idx (msp): [0. 1. 2. 3. 4.], [448 189  87  17   9]
2022-01-27 00:42:46,048 - INFO - OOD Path entropy min idx (odin): [0. 3. 4.], [727   6  17]
2022-01-27 00:42:46,048 - INFO - OOD Dataset: coarseid-fineood
2022-01-27 00:42:46,048 - INFO - MSP AUROC Synset Performance
2022-01-27 00:42:46,048 - INFO - [-1, -1, -1, -1, -1, -1, -1, -1, -1, -1, -1, -1, -1, -1, -1, -1, -1, -1, -1, -1, -1, -1, -1, -1, -1, -0.0, 0.7270506024096386, 0.7380746987951807, 0.7189518072289156]
2022-01-27 00:42:46,048 - INFO - MSP TNR Synset Performance
2022-01-27 00:42:46,048 - INFO - [-1, -1, -1, -1, -1, -1, -1, -1, -1, -1, -1, -1, -1, -1, -1, -1, -1, -1, -1, -1, -1, -1, -1, -1, -1, 0.0, 0.06999999999999995, 0.06000000000000005, 0.040000000000000036]
2022-01-27 00:42:46,048 - INFO - MSP AUOUT Synset Performance
2022-01-27 00:42:46,048 - INFO - [-1, -1, -1, -1, -1, -1, -1, -1, -1, -1, -1, -1, -1, -1, -1, -1, -1, -1, -1, -1, -1, -1, -1, -1, -1, 0.011858069872289425, 0.04239661747619469, 0.05083601235764624, 0.040701233894724465]
2022-01-27 00:42:46,048 - INFO - ODIN AUROC Synset Performance
2022-01-27 00:42:46,048 - INFO - [-1, -1, -1, -1, -1, -1, -1, -1, -1, -1, -1, -1, -1, -1, -1, -1, -1, -1, -1, -1, -1, -1, -1, -1, -1, -0.0, 0.7884939759036145, 0.6116939759036144, 0.6489036144578313]
2022-01-27 00:42:46,048 - INFO - ODIN TNR Synset Performance
2022-01-27 00:42:46,048 - INFO - [-1, -1, -1, -1, -1, -1, -1, -1, -1, -1, -1, -1, -1, -1, -1, -1, -1, -1, -1, -1, -1, -1, -1, -1, -1, 0.0, 0.12, 0.06000000000000005, 0.020000000000000018]
2022-01-27 00:42:46,048 - INFO - ODIN AUOUT Synset Performance
2022-01-27 00:42:46,048 - INFO - [-1, -1, -1, -1, -1, -1, -1, -1, -1, -1, -1, -1, -1, -1, -1, -1, -1, -1, -1, -1, -1, -1, -1, -1, -1, 0.011858069872289425, 0.057437135981599864, 0.029110605847736767, 0.031061006654832305]
2022-01-27 00:42:46,049 - INFO - MSP Metrics using max activations accumulated across all appropriate synsets:
	AUROC -0.0
	TNR 0.0
	AUOUT 0.011858069872289425
2022-01-27 00:42:46,049 - INFO - ODIN Metrics using max activations accumulated across all appropriate synsets:
	AUROC -0.0
	TNR 0.0
	AUOUT 0.011858069872289425
2022-01-27 00:42:46,049 - INFO - MSP Metrics using max entropy along path:
	AUROC 0.7270506024096386
	TNR 0.06999999999999995
	AUOUT 0.04239661747619469
2022-01-27 00:42:46,049 - INFO - ODIN Metrics using max entropy along path:
	AUROC 0.7884939759036145
	TNR 0.12
	AUOUT 0.057437135981599864
2022-01-27 00:42:46,049 - INFO - MSP Metrics using predicted activations:
	AUROC 0.7380746987951807
	TNR 0.06000000000000005
	AUOUT 0.05083601235764624
2022-01-27 00:42:46,049 - INFO - ODIN Metrics using predicted activations:
	AUROC 0.6116939759036144
	TNR 0.06000000000000005
	AUOUT 0.029110605847736767
2022-01-27 00:42:46,049 - INFO - MSP Metrics using mean entropy along path:
	AUROC 0.7189518072289156
	TNR 0.040000000000000036
	AUOUT 0.040701233894724465
2022-01-27 00:42:46,049 - INFO - ODIN Metrics using mean entropy along path:
	AUROC 0.6489036144578313
	TNR 0.020000000000000018
	AUOUT 0.031061006654832305
2022-01-27 00:42:46,049 - INFO - MSP Metrics using min entropy along path:
	AUROC 0.6122650602409638
	TNR 0.06000000000000005
	AUOUT 0.030664740194266855
2022-01-27 00:42:46,049 - INFO - ODIN Metrics using min entropy along path:
	AUROC 0.6259277108433735
	TNR 0.06999999999999995
	AUOUT 0.033921781515337396
2022-01-27 00:42:46,049 - INFO - OOD Path entropy min idx (msp): [0. 1. 2. 3.], [40 32 24  4]
2022-01-27 00:42:46,050 - INFO - OOD Path entropy min idx (odin): [0. 3. 4.], [98  1  1]
2022-01-27 00:43:04,247 - INFO - Computing OOD Statistics...
2022-01-27 00:43:35,504 - INFO - Computing OOD Statistics...
2022-01-27 00:44:24,860 - INFO - Computing OOD Statistics...
2022-01-27 00:44:50,572 - INFO - Computing OOD Statistics...
2022-01-27 00:45:06,153 - INFO - Computing OOD Statistics...
2022-01-27 00:45:12,140 - INFO - Computing OOD Statistics...
2022-01-27 00:45:17,059 - INFO - Computing OOD Statistics...
2022-01-27 00:45:17,075 - INFO - OOD Dataset: OOD
2022-01-27 00:45:17,075 - INFO - MSP AUROC [0.8680382707299786]
2022-01-27 00:45:17,075 - INFO - MSP TNR [0.4529411764705882]
2022-01-27 00:45:17,075 - INFO - MSP AUOUT [0.586529519049773]
2022-01-27 00:45:17,075 - INFO - ODIN AUROC [0.8984635010630758]
2022-01-27 00:45:17,076 - INFO - ODIN TNR [0.5376470588235294]
2022-01-27 00:45:17,076 - INFO - ODIN AUOUT [0.6377370250486317]
2022-01-27 00:45:17,076 - INFO - OOD Dataset: iNaturalist
2022-01-27 00:45:17,076 - INFO - MSP AUROC [0.9050252048192772]
2022-01-27 00:45:17,076 - INFO - MSP TNR [0.4909]
2022-01-27 00:45:17,076 - INFO - MSP AUOUT [0.9497906885008038]
2022-01-27 00:45:17,076 - INFO - ODIN AUROC [0.9347746024096385]
2022-01-27 00:45:17,076 - INFO - ODIN TNR [0.5840000000000001]
2022-01-27 00:45:17,076 - INFO - ODIN AUOUT [0.964185837855549]
2022-01-27 00:45:17,076 - INFO - OOD Dataset: SUN
2022-01-27 00:45:17,076 - INFO - MSP AUROC [0.9056767469879518]
2022-01-27 00:45:17,076 - INFO - MSP TNR [0.4717]
2022-01-27 00:45:17,076 - INFO - MSP AUOUT [0.9471195791134837]
2022-01-27 00:45:17,076 - INFO - ODIN AUROC [0.934108265060241]
2022-01-27 00:45:17,076 - INFO - ODIN TNR [0.5624]
2022-01-27 00:45:17,076 - INFO - ODIN AUOUT [0.9614148561568729]
2022-01-27 00:45:17,076 - INFO - OOD Dataset: Places
2022-01-27 00:45:17,076 - INFO - MSP AUROC [0.8880208915662651]
2022-01-27 00:45:17,077 - INFO - MSP TNR [0.44110000000000005]
2022-01-27 00:45:17,077 - INFO - MSP AUOUT [0.939608116629605]
2022-01-27 00:45:17,077 - INFO - ODIN AUROC [0.9176773493975905]
2022-01-27 00:45:17,077 - INFO - ODIN TNR [0.5239]
2022-01-27 00:45:17,077 - INFO - ODIN AUOUT [0.9538621888118152]
2022-01-27 00:45:17,077 - INFO - OOD Dataset: Textures
2022-01-27 00:45:17,077 - INFO - MSP AUROC [0.8660393061608135]
2022-01-27 00:45:17,077 - INFO - MSP TNR [0.48209219858156027]
2022-01-27 00:45:17,077 - INFO - MSP AUOUT [0.8994744253371957]
2022-01-27 00:45:17,077 - INFO - ODIN AUROC [0.9110784414252756]
2022-01-27 00:45:17,077 - INFO - ODIN TNR [0.5615248226950355]
2022-01-27 00:45:17,077 - INFO - ODIN AUOUT [0.9284063725174576]
2022-01-27 00:45:17,077 - INFO - OOD Dataset: coarseid-coarseood
2022-01-27 00:45:17,077 - INFO - MSP AUROC [0.9171710843373495]
2022-01-27 00:45:17,077 - INFO - MSP TNR [0.512]
2022-01-27 00:45:17,077 - INFO - MSP AUOUT [0.6179341874878889]
2022-01-27 00:45:17,077 - INFO - ODIN AUROC [0.9423749397590362]
2022-01-27 00:45:17,077 - INFO - ODIN TNR [0.6026666666666667]
2022-01-27 00:45:17,077 - INFO - ODIN AUOUT [0.6718918905420436]
2022-01-27 00:45:17,077 - INFO - OOD Dataset: coarseid-fineood
2022-01-27 00:45:17,078 - INFO - MSP AUROC [0.4995421686746988]
2022-01-27 00:45:17,078 - INFO - MSP TNR [0.010000000000000009]
2022-01-27 00:45:17,078 - INFO - MSP AUOUT [0.023230007956987334]
2022-01-27 00:45:17,078 - INFO - ODIN AUROC [0.5691277108433734]
2022-01-27 00:45:17,078 - INFO - ODIN TNR [0.050000000000000044]
2022-01-27 00:45:17,078 - INFO - ODIN AUOUT [0.026824101097503064]
