2021-11-15 12:47:43,266 - INFO - ==> Preparing data..
2021-11-15 12:47:43,632 - INFO - checkpoint filename: experiments/coarse/cascade/pruned-wn/softpred_R1/checkpoint.pt
2021-11-15 12:47:43,632 - INFO - log filename: experiments/coarse/cascade/pruned-wn/softpred_R1/train.log
2021-11-15 12:47:43,632 - INFO - ********************************************************
2021-11-15 12:47:43,632 - INFO - Starting Iter: 0 / 1
2021-11-15 12:47:43,632 - INFO - ********************************************************
2021-11-15 12:47:48,231 - INFO - 
Epoch: 0
2021-11-15 12:47:48,231 - INFO - Synset CE Weight: 0.0
Soft prediction CE Weight: 1.0
Outlier Exposure Weight: 0.0
2021-11-15 12:49:53,575 - INFO - [Step=250]	Loss=5.5987	255.3 examples/second
2021-11-15 12:51:55,845 - INFO - [Step=500]	Loss=4.2375	261.7 examples/second
2021-11-15 12:53:59,457 - INFO - [Step=750]	Loss=4.1361	258.9 examples/second
2021-11-15 12:54:52,560 - INFO - Test Loss=4.1722, Test top-1 acc=0.0458, Test mean synset acc=0.4192
2021-11-15 12:54:52,562 - INFO - Error Depth: [ 119.  315. 1186. 1286.  679.  375.  190.]
2021-11-15 12:54:52,562 - INFO - Saving...
2021-11-15 12:54:52,788 - INFO - Epoch time: 424.557332277298
2021-11-15 12:54:52,788 - INFO - 
Epoch: 1
2021-11-15 12:54:52,789 - INFO - Synset CE Weight: 0.0
Soft prediction CE Weight: 1.0
Outlier Exposure Weight: 0.0
2021-11-15 12:56:17,076 - INFO - [Step=1000]	Loss=4.0458	232.5 examples/second
2021-11-15 12:58:19,763 - INFO - [Step=1250]	Loss=3.9074	260.8 examples/second
2021-11-15 13:00:22,552 - INFO - [Step=1500]	Loss=3.8290	260.6 examples/second
2021-11-15 13:01:57,241 - INFO - Test Loss=3.7613, Test top-1 acc=0.0913, Test mean synset acc=0.4892
2021-11-15 13:01:57,241 - INFO - Error Depth: [ 109.  345. 1243. 1140.  654.  379.]
2021-11-15 13:01:57,242 - INFO - Saving...
2021-11-15 13:01:57,485 - INFO - Epoch time: 424.6967363357544
2021-11-15 13:01:57,486 - INFO - 
Epoch: 2
2021-11-15 13:01:57,486 - INFO - Synset CE Weight: 0.0
Soft prediction CE Weight: 1.0
Outlier Exposure Weight: 0.0
2021-11-15 13:02:40,894 - INFO - [Step=1750]	Loss=3.7666	231.3 examples/second
2021-11-15 13:04:43,912 - INFO - [Step=2000]	Loss=3.6963	260.1 examples/second
2021-11-15 13:06:46,477 - INFO - [Step=2250]	Loss=3.6260	261.1 examples/second
2021-11-15 13:08:49,515 - INFO - [Step=2500]	Loss=3.5519	260.1 examples/second
2021-11-15 13:09:02,741 - INFO - Test Loss=3.4537, Test top-1 acc=0.1463, Test mean synset acc=0.5280
2021-11-15 13:09:02,742 - INFO - Error Depth: [  92.  383. 1136. 1104.  563.  607.]
2021-11-15 13:09:02,742 - INFO - Saving...
2021-11-15 13:09:02,961 - INFO - Epoch time: 425.4756519794464
2021-11-15 13:09:02,962 - INFO - 
Epoch: 3
2021-11-15 13:09:02,962 - INFO - Synset CE Weight: 0.0
Soft prediction CE Weight: 1.0
Outlier Exposure Weight: 0.0
2021-11-15 13:11:07,941 - INFO - [Step=2750]	Loss=3.4749	231.2 examples/second
2021-11-15 13:13:12,020 - INFO - [Step=3000]	Loss=3.3853	257.9 examples/second
2021-11-15 13:15:15,035 - INFO - [Step=3250]	Loss=3.3119	260.1 examples/second
2021-11-15 13:16:10,330 - INFO - Test Loss=3.2932, Test top-1 acc=0.1983, Test mean synset acc=0.5713
2021-11-15 13:16:10,331 - INFO - Error Depth: [  99.  394. 1066.  991.  536.  823.]
2021-11-15 13:16:10,331 - INFO - Saving...
2021-11-15 13:16:10,571 - INFO - Epoch time: 427.609667301178
2021-11-15 13:16:10,572 - INFO - 
Epoch: 4
2021-11-15 13:16:10,572 - INFO - Synset CE Weight: 0.0
Soft prediction CE Weight: 1.0
Outlier Exposure Weight: 0.0
2021-11-15 13:17:32,049 - INFO - [Step=3500]	Loss=3.2300	233.6 examples/second
2021-11-15 13:19:35,163 - INFO - [Step=3750]	Loss=3.1505	259.9 examples/second
2021-11-15 13:21:38,327 - INFO - [Step=4000]	Loss=3.0914	259.8 examples/second
2021-11-15 13:23:16,140 - INFO - Test Loss=3.0078, Test top-1 acc=0.2552, Test mean synset acc=0.6156
2021-11-15 13:23:16,141 - INFO - Error Depth: [ 113.  385.  954.  942.  487. 1059.]
2021-11-15 13:23:16,141 - INFO - Saving...
2021-11-15 13:23:16,424 - INFO - Epoch time: 425.85240483283997
2021-11-15 13:23:16,425 - INFO - 
Epoch: 5
2021-11-15 13:23:16,425 - INFO - Synset CE Weight: 0.0
Soft prediction CE Weight: 1.0
Outlier Exposure Weight: 0.0
2021-11-15 13:23:57,005 - INFO - [Step=4250]	Loss=3.0141	230.8 examples/second
2021-11-15 13:26:00,069 - INFO - [Step=4500]	Loss=2.9392	260.0 examples/second
2021-11-15 13:28:02,921 - INFO - [Step=4750]	Loss=2.8859	260.5 examples/second
2021-11-15 13:30:05,772 - INFO - [Step=5000]	Loss=2.8069	260.5 examples/second
2021-11-15 13:30:21,435 - INFO - Test Loss=2.6747, Test top-1 acc=0.2860, Test mean synset acc=0.6357
2021-11-15 13:30:21,436 - INFO - Error Depth: [ 144.  351.  897.  899.  462. 1187.]
2021-11-15 13:30:21,437 - INFO - Saving...
2021-11-15 13:30:21,797 - INFO - Epoch time: 425.3719689846039
2021-11-15 13:30:21,797 - INFO - 
Epoch: 6
2021-11-15 13:30:21,797 - INFO - Synset CE Weight: 0.0
Soft prediction CE Weight: 1.0
Outlier Exposure Weight: 0.0
2021-11-15 13:32:23,678 - INFO - [Step=5250]	Loss=2.7386	232.0 examples/second
2021-11-15 13:34:28,062 - INFO - [Step=5500]	Loss=2.6788	257.3 examples/second
2021-11-15 13:36:31,694 - INFO - [Step=5750]	Loss=2.6426	258.8 examples/second
2021-11-15 13:37:29,449 - INFO - Test Loss=2.4124, Test top-1 acc=0.3390, Test mean synset acc=0.6623
2021-11-15 13:37:29,451 - INFO - Error Depth: [ 128.  312.  810.  855.  434. 1407.]
2021-11-15 13:37:29,451 - INFO - Saving...
2021-11-15 13:37:29,814 - INFO - Epoch time: 428.0168821811676
2021-11-15 13:37:29,814 - INFO - 
Epoch: 7
2021-11-15 13:37:29,814 - INFO - Synset CE Weight: 0.0
Soft prediction CE Weight: 1.0
Outlier Exposure Weight: 0.0
2021-11-15 13:38:50,465 - INFO - [Step=6000]	Loss=2.5708	230.6 examples/second
2021-11-15 13:40:54,699 - INFO - [Step=6250]	Loss=2.5317	257.6 examples/second
2021-11-15 13:42:59,619 - INFO - [Step=6500]	Loss=2.4685	256.2 examples/second
2021-11-15 13:44:41,230 - INFO - Test Loss=2.6481, Test top-1 acc=0.3075, Test mean synset acc=0.6385
2021-11-15 13:44:41,231 - INFO - Error Depth: [ 141.  315.  864.  882.  470. 1276.]
2021-11-15 13:44:41,231 - INFO - Epoch time: 431.41709065437317
2021-11-15 13:44:41,231 - INFO - 
Epoch: 8
2021-11-15 13:44:41,232 - INFO - Synset CE Weight: 0.0
Soft prediction CE Weight: 1.0
Outlier Exposure Weight: 0.0
2021-11-15 13:45:18,843 - INFO - [Step=6750]	Loss=2.4390	229.8 examples/second
2021-11-15 13:47:22,134 - INFO - [Step=7000]	Loss=2.3777	259.6 examples/second
2021-11-15 13:49:27,127 - INFO - [Step=7250]	Loss=2.3379	256.0 examples/second
2021-11-15 13:51:31,080 - INFO - [Step=7500]	Loss=2.3024	258.2 examples/second
2021-11-15 13:51:49,298 - INFO - Test Loss=2.2144, Test top-1 acc=0.3942, Test mean synset acc=0.6880
2021-11-15 13:51:49,299 - INFO - Error Depth: [  92.  264.  801.  805.  377. 1636.]
2021-11-15 13:51:49,299 - INFO - Saving...
2021-11-15 13:51:49,677 - INFO - Epoch time: 428.445365190506
2021-11-15 13:51:49,677 - INFO - 
Epoch: 9
2021-11-15 13:51:49,677 - INFO - Synset CE Weight: 0.0
Soft prediction CE Weight: 1.0
Outlier Exposure Weight: 0.0
2021-11-15 13:53:48,835 - INFO - [Step=7750]	Loss=2.2411	232.3 examples/second
2021-11-15 13:55:52,471 - INFO - [Step=8000]	Loss=2.2058	258.8 examples/second
2021-11-15 13:57:56,021 - INFO - [Step=8250]	Loss=2.1985	259.0 examples/second
2021-11-15 13:58:56,617 - INFO - Test Loss=2.0422, Test top-1 acc=0.4308, Test mean synset acc=0.7080
2021-11-15 13:58:56,618 - INFO - Error Depth: [  71.  271.  760.  722.  382. 1788.]
2021-11-15 13:58:56,618 - INFO - Saving...
2021-11-15 13:58:56,921 - INFO - Epoch time: 427.243469953537
2021-11-15 13:58:56,921 - INFO - 
Epoch: 10
2021-11-15 13:58:56,921 - INFO - Synset CE Weight: 0.0
Soft prediction CE Weight: 1.0
Outlier Exposure Weight: 0.0
2021-11-15 14:00:14,428 - INFO - [Step=8500]	Loss=2.1373	231.2 examples/second
2021-11-15 14:02:18,380 - INFO - [Step=8750]	Loss=2.0889	258.2 examples/second
2021-11-15 14:04:22,123 - INFO - [Step=9000]	Loss=2.0628	258.6 examples/second
2021-11-15 14:07:08,314 - INFO - Test Loss=2.1106, Test top-1 acc=0.4186, Test mean synset acc=0.7032
2021-11-15 14:07:08,316 - INFO - Error Depth: [  97.  250.  757.  750.  374. 1737.]
2021-11-15 14:07:08,318 - INFO - Epoch time: 491.39738416671753
2021-11-15 14:07:08,319 - INFO - 
Epoch: 11
2021-11-15 14:07:08,319 - INFO - Synset CE Weight: 0.0
Soft prediction CE Weight: 1.0
Outlier Exposure Weight: 0.0
2021-11-15 14:08:08,030 - INFO - [Step=9250]	Loss=2.0456	141.7 examples/second
2021-11-15 14:10:11,324 - INFO - [Step=9500]	Loss=2.0127	259.5 examples/second
2021-11-15 14:12:14,968 - INFO - [Step=9750]	Loss=1.9770	258.8 examples/second
2021-11-15 14:14:18,345 - INFO - [Step=10000]	Loss=1.9570	259.4 examples/second
2021-11-15 14:14:39,181 - INFO - Test Loss=2.1456, Test top-1 acc=0.4113, Test mean synset acc=0.7089
2021-11-15 14:14:39,182 - INFO - Error Depth: [  86.  265.  820.  754.  364. 1707.]
2021-11-15 14:14:39,182 - INFO - Epoch time: 450.8634605407715
2021-11-15 14:14:39,182 - INFO - 
Epoch: 12
2021-11-15 14:14:39,183 - INFO - Synset CE Weight: 0.0
Soft prediction CE Weight: 1.0
Outlier Exposure Weight: 0.0
2021-11-15 14:16:38,443 - INFO - [Step=10250]	Loss=1.9255	228.4 examples/second
2021-11-15 14:18:42,406 - INFO - [Step=10500]	Loss=1.8989	258.1 examples/second
2021-11-15 14:20:46,610 - INFO - [Step=10750]	Loss=1.8753	257.6 examples/second
2021-11-15 14:21:49,681 - INFO - Test Loss=1.8845, Test top-1 acc=0.4853, Test mean synset acc=0.7366
2021-11-15 14:21:49,683 - INFO - Error Depth: [  68.  242.  661.  698.  314. 2014.]
2021-11-15 14:21:49,683 - INFO - Saving...
2021-11-15 14:21:50,025 - INFO - Epoch time: 430.84206676483154
2021-11-15 14:21:50,025 - INFO - 
Epoch: 13
2021-11-15 14:21:50,025 - INFO - Synset CE Weight: 0.0
Soft prediction CE Weight: 1.0
Outlier Exposure Weight: 0.0
2021-11-15 14:23:04,739 - INFO - [Step=11000]	Loss=1.8442	231.7 examples/second
2021-11-15 14:25:09,706 - INFO - [Step=11250]	Loss=1.8274	256.1 examples/second
2021-11-15 14:27:13,661 - INFO - [Step=11500]	Loss=1.7956	258.2 examples/second
2021-11-15 14:28:58,403 - INFO - Test Loss=2.2724, Test top-1 acc=0.4280, Test mean synset acc=0.7094
2021-11-15 14:28:58,404 - INFO - Error Depth: [  84.  257.  746.  710.  422. 1776.]
2021-11-15 14:28:58,404 - INFO - Epoch time: 428.37909984588623
2021-11-15 14:28:58,404 - INFO - 
Epoch: 14
2021-11-15 14:28:58,404 - INFO - Synset CE Weight: 0.0
Soft prediction CE Weight: 1.0
Outlier Exposure Weight: 0.0
2021-11-15 14:29:30,777 - INFO - [Step=11750]	Loss=1.7757	233.4 examples/second
2021-11-15 14:31:34,152 - INFO - [Step=12000]	Loss=1.7425	259.4 examples/second
2021-11-15 14:33:37,554 - INFO - [Step=12250]	Loss=1.7457	259.3 examples/second
2021-11-15 14:35:40,706 - INFO - [Step=12500]	Loss=1.7248	259.8 examples/second
2021-11-15 14:36:03,590 - INFO - Test Loss=1.9874, Test top-1 acc=0.4708, Test mean synset acc=0.7313
2021-11-15 14:36:03,591 - INFO - Error Depth: [ 116.  227.  650.  716.  353. 1954.]
2021-11-15 14:36:03,591 - INFO - Epoch time: 425.18700194358826
2021-11-15 14:36:03,591 - INFO - 
Epoch: 15
2021-11-15 14:36:03,591 - INFO - Synset CE Weight: 0.0
Soft prediction CE Weight: 1.0
Outlier Exposure Weight: 0.0
2021-11-15 14:37:57,557 - INFO - [Step=12750]	Loss=1.6916	233.8 examples/second
2021-11-15 14:40:02,383 - INFO - [Step=13000]	Loss=1.6718	256.4 examples/second
2021-11-15 14:42:05,897 - INFO - [Step=13250]	Loss=1.6558	259.1 examples/second
2021-11-15 14:43:10,874 - INFO - Test Loss=1.7062, Test top-1 acc=0.5299, Test mean synset acc=0.7565
2021-11-15 14:43:10,875 - INFO - Error Depth: [  61.  187.  657.  614.  300. 2199.]
2021-11-15 14:43:10,875 - INFO - Saving...
2021-11-15 14:43:11,084 - INFO - Epoch time: 427.49244356155396
2021-11-15 14:43:11,084 - INFO - 
Epoch: 16
2021-11-15 14:43:11,084 - INFO - Synset CE Weight: 0.0
Soft prediction CE Weight: 1.0
Outlier Exposure Weight: 0.0
2021-11-15 14:44:22,860 - INFO - [Step=13500]	Loss=1.6291	233.6 examples/second
2021-11-15 14:46:25,777 - INFO - [Step=13750]	Loss=1.6299	260.3 examples/second
2021-11-15 14:48:28,600 - INFO - [Step=14000]	Loss=1.6282	260.5 examples/second
2021-11-15 14:50:16,763 - INFO - Test Loss=1.7096, Test top-1 acc=0.5255, Test mean synset acc=0.7553
2021-11-15 14:50:16,763 - INFO - Error Depth: [  90.  186.  597.  653.  300. 2181.]
2021-11-15 14:50:16,764 - INFO - Epoch time: 425.67964458465576
2021-11-15 14:50:16,764 - INFO - 
Epoch: 17
2021-11-15 14:50:16,764 - INFO - Synset CE Weight: 0.0
Soft prediction CE Weight: 1.0
Outlier Exposure Weight: 0.0
2021-11-15 14:50:46,965 - INFO - [Step=14250]	Loss=1.5898	231.3 examples/second
2021-11-15 14:52:49,817 - INFO - [Step=14500]	Loss=1.5767	260.5 examples/second
2021-11-15 14:54:54,259 - INFO - [Step=14750]	Loss=1.5669	257.1 examples/second
2021-11-15 14:56:57,952 - INFO - [Step=15000]	Loss=1.5729	258.7 examples/second
2021-11-15 14:57:24,072 - INFO - Test Loss=1.6469, Test top-1 acc=0.5414, Test mean synset acc=0.7727
2021-11-15 14:57:24,073 - INFO - Error Depth: [  87.  196.  597.  609.  293. 2247.]
2021-11-15 14:57:24,073 - INFO - Saving...
2021-11-15 14:57:24,366 - INFO - Epoch time: 427.602413892746
2021-11-15 14:57:24,367 - INFO - 
Epoch: 18
2021-11-15 14:57:24,367 - INFO - Synset CE Weight: 0.0
Soft prediction CE Weight: 1.0
Outlier Exposure Weight: 0.0
2021-11-15 14:59:16,340 - INFO - [Step=15250]	Loss=1.5210	231.2 examples/second
2021-11-15 15:01:20,974 - INFO - [Step=15500]	Loss=1.5207	256.8 examples/second
2021-11-15 15:03:25,468 - INFO - [Step=15750]	Loss=1.5294	257.0 examples/second
2021-11-15 15:04:36,189 - INFO - Test Loss=1.7506, Test top-1 acc=0.5236, Test mean synset acc=0.7552
2021-11-15 15:04:36,191 - INFO - Error Depth: [  65.  203.  629.  643.  312. 2173.]
2021-11-15 15:04:36,191 - INFO - Epoch time: 431.8241455554962
2021-11-15 15:04:36,191 - INFO - 
Epoch: 19
2021-11-15 15:04:36,191 - INFO - Synset CE Weight: 0.0
Soft prediction CE Weight: 1.0
Outlier Exposure Weight: 0.0
2021-11-15 15:05:47,994 - INFO - [Step=16000]	Loss=1.4983	224.5 examples/second
2021-11-15 15:07:57,051 - INFO - [Step=16250]	Loss=1.5089	248.0 examples/second
2021-11-15 15:10:06,598 - INFO - [Step=16500]	Loss=1.4776	247.0 examples/second
2021-11-15 15:11:58,937 - INFO - Test Loss=1.7017, Test top-1 acc=0.5653, Test mean synset acc=0.7755
2021-11-15 15:11:58,938 - INFO - Error Depth: [  64.  170.  552.  574.  307. 2346.]
2021-11-15 15:11:58,939 - INFO - Saving...
2021-11-15 15:11:59,225 - INFO - Epoch time: 443.0343062877655
2021-11-15 15:11:59,226 - INFO - 
Epoch: 20
2021-11-15 15:11:59,226 - INFO - Synset CE Weight: 0.0
Soft prediction CE Weight: 1.0
Outlier Exposure Weight: 0.0
2021-11-15 15:12:27,236 - INFO - [Step=16750]	Loss=1.4637	227.5 examples/second
2021-11-15 15:14:33,212 - INFO - [Step=17000]	Loss=1.4412	254.0 examples/second
2021-11-15 15:16:39,069 - INFO - [Step=17250]	Loss=1.4470	254.3 examples/second
2021-11-15 15:18:50,809 - INFO - [Step=17500]	Loss=1.4376	242.9 examples/second
2021-11-15 15:19:19,634 - INFO - Test Loss=1.4311, Test top-1 acc=0.5855, Test mean synset acc=0.7812
2021-11-15 15:19:19,635 - INFO - Error Depth: [  74.  175.  497.  569.  279. 2430.]
2021-11-15 15:19:19,635 - INFO - Saving...
2021-11-15 15:19:19,909 - INFO - Epoch time: 440.6832203865051
2021-11-15 15:19:19,910 - INFO - 
Epoch: 21
2021-11-15 15:19:19,910 - INFO - Synset CE Weight: 0.0
Soft prediction CE Weight: 1.0
Outlier Exposure Weight: 0.0
2021-11-15 15:21:11,601 - INFO - [Step=17750]	Loss=1.4040	227.3 examples/second
2021-11-15 15:23:27,165 - INFO - [Step=18000]	Loss=1.4085	236.1 examples/second
2021-11-15 15:25:44,112 - INFO - [Step=18250]	Loss=1.4256	233.7 examples/second
2021-11-15 15:26:54,064 - INFO - Test Loss=1.3785, Test top-1 acc=0.6041, Test mean synset acc=0.7912
2021-11-15 15:26:54,065 - INFO - Error Depth: [  47.  138.  521.  546.  266. 2507.]
2021-11-15 15:26:54,065 - INFO - Saving...
2021-11-15 15:26:54,295 - INFO - Epoch time: 454.3851261138916
2021-11-15 15:26:54,295 - INFO - 
Epoch: 22
2021-11-15 15:26:54,295 - INFO - Synset CE Weight: 0.0
Soft prediction CE Weight: 1.0
Outlier Exposure Weight: 0.0
2021-11-15 15:28:01,373 - INFO - [Step=18500]	Loss=1.3885	233.1 examples/second
2021-11-15 15:30:04,348 - INFO - [Step=18750]	Loss=1.3759	260.2 examples/second
2021-11-15 15:32:09,652 - INFO - [Step=19000]	Loss=1.3878	255.4 examples/second
2021-11-15 15:34:11,634 - INFO - Test Loss=1.4853, Test top-1 acc=0.5810, Test mean synset acc=0.7852
2021-11-15 15:34:11,636 - INFO - Error Depth: [  57.  170.  539.  568.  283. 2411.]
2021-11-15 15:34:11,636 - INFO - Epoch time: 437.3408086299896
2021-11-15 15:34:11,636 - INFO - 
Epoch: 23
2021-11-15 15:34:11,636 - INFO - Synset CE Weight: 0.0
Soft prediction CE Weight: 1.0
Outlier Exposure Weight: 0.0
2021-11-15 15:34:37,691 - INFO - [Step=19250]	Loss=1.3955	216.2 examples/second
2021-11-15 15:36:55,924 - INFO - [Step=19500]	Loss=1.3368	231.5 examples/second
2021-11-15 15:39:37,419 - INFO - [Step=19750]	Loss=1.3719	198.1 examples/second
2021-11-15 15:42:17,005 - INFO - [Step=20000]	Loss=1.3632	200.5 examples/second
2021-11-15 15:43:04,069 - INFO - Test Loss=1.8181, Test top-1 acc=0.5316, Test mean synset acc=0.7599
2021-11-15 15:43:04,070 - INFO - Error Depth: [  49.  194.  606.  634.  318. 2206.]
2021-11-15 15:43:04,070 - INFO - Epoch time: 532.4344902038574
2021-11-15 15:43:04,071 - INFO - 
Epoch: 24
2021-11-15 15:43:04,071 - INFO - Synset CE Weight: 0.0
Soft prediction CE Weight: 1.0
Outlier Exposure Weight: 0.0
2021-11-15 15:45:17,978 - INFO - [Step=20250]	Loss=1.3323	176.8 examples/second
2021-11-15 15:48:00,133 - INFO - [Step=20500]	Loss=1.3436	197.3 examples/second
2021-11-15 15:50:11,364 - INFO - [Step=20750]	Loss=1.3442	243.8 examples/second
2021-11-15 15:51:25,860 - INFO - Test Loss=1.7069, Test top-1 acc=0.5337, Test mean synset acc=0.7576
2021-11-15 15:51:25,861 - INFO - Error Depth: [  60.  209.  605.  633.  291. 2215.]
2021-11-15 15:51:25,861 - INFO - Epoch time: 501.7906982898712
2021-11-15 15:51:25,861 - INFO - 
Epoch: 25
2021-11-15 15:51:25,862 - INFO - Synset CE Weight: 0.0
Soft prediction CE Weight: 1.0
Outlier Exposure Weight: 0.0
2021-11-15 15:52:36,299 - INFO - [Step=21000]	Loss=1.3177	220.8 examples/second
2021-11-15 15:54:45,662 - INFO - [Step=21250]	Loss=1.3077	247.4 examples/second
2021-11-15 15:56:58,397 - INFO - [Step=21500]	Loss=1.2995	241.1 examples/second
2021-11-15 15:58:52,404 - INFO - Test Loss=1.6503, Test top-1 acc=0.5593, Test mean synset acc=0.7831
2021-11-15 15:58:52,405 - INFO - Error Depth: [  79.  238.  554.  533.  305. 2321.]
2021-11-15 15:58:52,406 - INFO - Epoch time: 446.54428362846375
2021-11-15 15:58:52,406 - INFO - 
Epoch: 26
2021-11-15 15:58:52,406 - INFO - Synset CE Weight: 0.0
Soft prediction CE Weight: 1.0
Outlier Exposure Weight: 0.0
2021-11-15 15:59:14,561 - INFO - [Step=21750]	Loss=1.3042	235.0 examples/second
2021-11-15 16:01:16,855 - INFO - [Step=22000]	Loss=1.2965	261.7 examples/second
2021-11-15 16:03:19,234 - INFO - [Step=22250]	Loss=1.2937	261.5 examples/second
2021-11-15 16:05:22,011 - INFO - [Step=22500]	Loss=1.2851	260.6 examples/second
2021-11-15 16:05:54,985 - INFO - Test Loss=1.3064, Test top-1 acc=0.6128, Test mean synset acc=0.7998
2021-11-15 16:05:54,986 - INFO - Error Depth: [  60.  155.  484.  538.  235. 2543.]
2021-11-15 16:05:54,986 - INFO - Saving...
2021-11-15 16:05:55,196 - INFO - Epoch time: 422.79003715515137
2021-11-15 16:05:55,196 - INFO - 
Epoch: 27
2021-11-15 16:05:55,196 - INFO - Synset CE Weight: 0.0
Soft prediction CE Weight: 1.0
Outlier Exposure Weight: 0.0
2021-11-15 16:07:42,262 - INFO - [Step=22750]	Loss=1.2653	228.2 examples/second
2021-11-15 16:09:55,812 - INFO - [Step=23000]	Loss=1.2576	239.6 examples/second
2021-11-15 16:12:09,231 - INFO - [Step=23250]	Loss=1.2733	239.8 examples/second
2021-11-15 16:13:42,464 - INFO - Test Loss=1.4933, Test top-1 acc=0.5742, Test mean synset acc=0.7817
2021-11-15 16:13:42,465 - INFO - Error Depth: [  59.  158.  572.  572.  271. 2383.]
2021-11-15 16:13:42,466 - INFO - Epoch time: 467.2694351673126
2021-11-15 16:13:42,466 - INFO - 
Epoch: 28
2021-11-15 16:13:42,466 - INFO - Synset CE Weight: 0.0
Soft prediction CE Weight: 1.0
Outlier Exposure Weight: 0.0
2021-11-15 16:15:12,474 - INFO - [Step=23500]	Loss=1.2730	174.6 examples/second
2021-11-15 16:17:49,598 - INFO - [Step=23750]	Loss=1.2306	203.7 examples/second
2021-11-15 16:20:33,811 - INFO - [Step=24000]	Loss=1.2569	194.9 examples/second
2021-11-15 16:23:10,628 - INFO - Test Loss=1.2234, Test top-1 acc=0.6487, Test mean synset acc=0.8161
2021-11-15 16:23:10,629 - INFO - Error Depth: [  49.  129.  454.  452.  257. 2692.]
2021-11-15 16:23:10,629 - INFO - Saving...
2021-11-15 16:23:10,851 - INFO - Epoch time: 568.3846242427826
2021-11-15 16:23:10,851 - INFO - 
Epoch: 29
2021-11-15 16:23:10,851 - INFO - Synset CE Weight: 0.0
Soft prediction CE Weight: 1.0
Outlier Exposure Weight: 0.0
2021-11-15 16:23:33,962 - INFO - [Step=24250]	Loss=1.2589	177.6 examples/second
2021-11-15 16:26:13,796 - INFO - [Step=24500]	Loss=1.2207	200.2 examples/second
2021-11-15 16:28:18,029 - INFO - [Step=24750]	Loss=1.2284	257.6 examples/second
2021-11-15 16:30:21,454 - INFO - [Step=25000]	Loss=1.2420	259.3 examples/second
2021-11-15 16:30:57,394 - INFO - Test Loss=1.2518, Test top-1 acc=0.6354, Test mean synset acc=0.8053
2021-11-15 16:30:57,395 - INFO - Error Depth: [  56.  113.  442.  536.  249. 2637.]
2021-11-15 16:30:57,395 - INFO - Epoch time: 466.5442433357239
2021-11-15 16:30:57,395 - INFO - 
Epoch: 30
2021-11-15 16:30:57,395 - INFO - Synset CE Weight: 0.0
Soft prediction CE Weight: 1.0
Outlier Exposure Weight: 0.0
2021-11-15 16:32:40,694 - INFO - [Step=25250]	Loss=1.0553	229.8 examples/second
2021-11-15 16:34:46,031 - INFO - [Step=25500]	Loss=0.9418	255.3 examples/second
2021-11-15 16:36:49,916 - INFO - [Step=25750]	Loss=0.9100	258.3 examples/second
2021-11-15 16:38:07,322 - INFO - Test Loss=0.8778, Test top-1 acc=0.7419, Test mean synset acc=0.8586
2021-11-15 16:38:07,323 - INFO - Error Depth: [  20.   78.  307.  395.  178. 3079.]
2021-11-15 16:38:07,324 - INFO - Saving...
2021-11-15 16:38:07,551 - INFO - Epoch time: 430.1563050746918
2021-11-15 16:38:07,552 - INFO - 
Epoch: 31
2021-11-15 16:38:07,552 - INFO - Synset CE Weight: 0.0
Soft prediction CE Weight: 1.0
Outlier Exposure Weight: 0.0
2021-11-15 16:39:07,382 - INFO - [Step=26000]	Loss=0.8929	232.8 examples/second
2021-11-15 16:41:10,147 - INFO - [Step=26250]	Loss=0.8669	260.7 examples/second
2021-11-15 16:43:12,223 - INFO - [Step=26500]	Loss=0.8583	262.1 examples/second
2021-11-15 16:45:10,631 - INFO - Test Loss=0.8442, Test top-1 acc=0.7400, Test mean synset acc=0.8566
2021-11-15 16:45:10,632 - INFO - Error Depth: [  21.   83.  301.  394.  184. 3071.]
2021-11-15 16:45:10,632 - INFO - Epoch time: 423.08034467697144
2021-11-15 16:45:10,632 - INFO - 
Epoch: 32
2021-11-15 16:45:10,632 - INFO - Synset CE Weight: 0.0
Soft prediction CE Weight: 1.0
Outlier Exposure Weight: 0.0
2021-11-15 16:45:28,068 - INFO - [Step=26750]	Loss=0.8587	235.6 examples/second
2021-11-15 16:47:29,584 - INFO - [Step=27000]	Loss=0.8398	263.3 examples/second
2021-11-15 16:49:30,882 - INFO - [Step=27250]	Loss=0.8248	263.8 examples/second
2021-11-15 16:51:33,585 - INFO - [Step=27500]	Loss=0.8376	260.8 examples/second
2021-11-15 16:52:11,567 - INFO - Test Loss=0.8288, Test top-1 acc=0.7516, Test mean synset acc=0.8645
2021-11-15 16:52:11,568 - INFO - Error Depth: [  21.   77.  295.  374.  170. 3119.]
2021-11-15 16:52:11,568 - INFO - Saving...
2021-11-15 16:52:11,767 - INFO - Epoch time: 421.1346802711487
2021-11-15 16:52:11,767 - INFO - 
Epoch: 33
2021-11-15 16:52:11,767 - INFO - Synset CE Weight: 0.0
Soft prediction CE Weight: 1.0
Outlier Exposure Weight: 0.0
2021-11-15 16:53:49,618 - INFO - [Step=27750]	Loss=0.8155	235.2 examples/second
2021-11-15 16:55:52,812 - INFO - [Step=28000]	Loss=0.8109	259.8 examples/second
2021-11-15 16:57:55,299 - INFO - [Step=28250]	Loss=0.8148	261.3 examples/second
2021-11-15 16:59:14,739 - INFO - Test Loss=0.8305, Test top-1 acc=0.7475, Test mean synset acc=0.8612
2021-11-15 16:59:14,741 - INFO - Error Depth: [  31.   76.  294.  378.  174. 3102.]
2021-11-15 16:59:14,741 - INFO - Epoch time: 422.9738371372223
2021-11-15 16:59:14,741 - INFO - 
Epoch: 34
2021-11-15 16:59:14,741 - INFO - Synset CE Weight: 0.0
Soft prediction CE Weight: 1.0
Outlier Exposure Weight: 0.0
2021-11-15 17:00:11,510 - INFO - [Step=28500]	Loss=0.8051	234.9 examples/second
2021-11-15 17:02:14,196 - INFO - [Step=28750]	Loss=0.7909	260.8 examples/second
2021-11-15 17:04:16,436 - INFO - [Step=29000]	Loss=0.7867	261.8 examples/second
2021-11-15 17:06:16,147 - INFO - Test Loss=0.8087, Test top-1 acc=0.7542, Test mean synset acc=0.8653
2021-11-15 17:06:16,148 - INFO - Error Depth: [  25.   74.  293.  366.  170. 3130.]
2021-11-15 17:06:16,148 - INFO - Saving...
2021-11-15 17:06:16,416 - INFO - Epoch time: 421.67506098747253
2021-11-15 17:06:16,416 - INFO - 
Epoch: 35
2021-11-15 17:06:16,417 - INFO - Synset CE Weight: 0.0
Soft prediction CE Weight: 1.0
Outlier Exposure Weight: 0.0
2021-11-15 17:06:31,038 - INFO - [Step=29250]	Loss=0.7948	237.7 examples/second
2021-11-15 17:08:33,272 - INFO - [Step=29500]	Loss=0.7864	261.8 examples/second
2021-11-15 17:10:35,349 - INFO - [Step=29750]	Loss=0.7767	262.1 examples/second
2021-11-15 17:12:37,295 - INFO - [Step=30000]	Loss=0.7855	262.4 examples/second
2021-11-15 17:13:17,200 - INFO - Test Loss=0.8120, Test top-1 acc=0.7588, Test mean synset acc=0.8678
2021-11-15 17:13:17,201 - INFO - Error Depth: [  22.   66.  299.  359.  167. 3149.]
2021-11-15 17:13:17,201 - INFO - Saving...
2021-11-15 17:13:17,553 - INFO - Epoch time: 421.13632130622864
2021-11-15 17:13:17,553 - INFO - 
Epoch: 36
2021-11-15 17:13:17,553 - INFO - Synset CE Weight: 0.0
Soft prediction CE Weight: 1.0
Outlier Exposure Weight: 0.0
2021-11-15 17:14:52,795 - INFO - [Step=30250]	Loss=0.7669	236.2 examples/second
2021-11-15 17:16:54,919 - INFO - [Step=30500]	Loss=0.7654	262.0 examples/second
2021-11-15 17:19:21,459 - INFO - [Step=30750]	Loss=0.7687	218.4 examples/second
2021-11-15 17:21:17,100 - INFO - Test Loss=0.8054, Test top-1 acc=0.7569, Test mean synset acc=0.8667
2021-11-15 17:21:17,102 - INFO - Error Depth: [  27.   75.  291.  360.  164. 3141.]
2021-11-15 17:21:17,103 - INFO - Epoch time: 479.5502576828003
2021-11-15 17:21:17,104 - INFO - 
Epoch: 37
2021-11-15 17:21:17,104 - INFO - Synset CE Weight: 0.0
Soft prediction CE Weight: 1.0
Outlier Exposure Weight: 0.0
2021-11-15 17:22:33,570 - INFO - [Step=31000]	Loss=0.7460	166.6 examples/second
2021-11-15 17:25:28,451 - INFO - [Step=31250]	Loss=0.7546	183.0 examples/second
2021-11-15 17:28:18,160 - INFO - [Step=31500]	Loss=0.7572	188.6 examples/second
2021-11-15 17:30:20,517 - INFO - Test Loss=0.8007, Test top-1 acc=0.7636, Test mean synset acc=0.8680
2021-11-15 17:30:20,518 - INFO - Error Depth: [  20.   76.  266.  369.  163. 3169.]
2021-11-15 17:30:20,518 - INFO - Saving...
2021-11-15 17:30:20,796 - INFO - Epoch time: 543.6922192573547
2021-11-15 17:30:20,796 - INFO - 
Epoch: 38
2021-11-15 17:30:20,796 - INFO - Synset CE Weight: 0.0
Soft prediction CE Weight: 1.0
Outlier Exposure Weight: 0.0
2021-11-15 17:30:32,987 - INFO - [Step=31750]	Loss=0.7732	237.3 examples/second
2021-11-15 17:32:33,606 - INFO - [Step=32000]	Loss=0.7383	265.3 examples/second
2021-11-15 17:34:34,271 - INFO - [Step=32250]	Loss=0.7324	265.2 examples/second
2021-11-15 17:36:35,151 - INFO - [Step=32500]	Loss=0.7523	264.7 examples/second
2021-11-15 17:37:16,960 - INFO - Test Loss=0.7994, Test top-1 acc=0.7576, Test mean synset acc=0.8663
2021-11-15 17:37:16,961 - INFO - Error Depth: [  23.   71.  289.  366.  170. 3144.]
2021-11-15 17:37:16,961 - INFO - Epoch time: 416.1651496887207
2021-11-15 17:37:16,962 - INFO - 
Epoch: 39
2021-11-15 17:37:16,962 - INFO - Synset CE Weight: 0.0
Soft prediction CE Weight: 1.0
Outlier Exposure Weight: 0.0
2021-11-15 17:38:49,544 - INFO - [Step=32750]	Loss=0.7266	238.1 examples/second
2021-11-15 17:40:50,780 - INFO - [Step=33000]	Loss=0.7222	264.0 examples/second
2021-11-15 17:42:52,201 - INFO - [Step=33250]	Loss=0.7297	263.5 examples/second
2021-11-15 17:44:14,827 - INFO - Test Loss=0.7997, Test top-1 acc=0.7561, Test mean synset acc=0.8648
2021-11-15 17:44:14,828 - INFO - Error Depth: [  24.   64.  297.  358.  175. 3138.]
2021-11-15 17:44:14,828 - INFO - Epoch time: 417.8665280342102
2021-11-15 17:44:14,828 - INFO - 
Epoch: 40
2021-11-15 17:44:14,828 - INFO - Synset CE Weight: 0.0
Soft prediction CE Weight: 1.0
Outlier Exposure Weight: 0.0
2021-11-15 17:45:06,422 - INFO - [Step=33500]	Loss=0.7373	238.4 examples/second
2021-11-15 17:47:07,560 - INFO - [Step=33750]	Loss=0.7238	264.2 examples/second
2021-11-15 17:49:08,412 - INFO - [Step=34000]	Loss=0.7273	264.8 examples/second
2021-11-15 17:51:13,371 - INFO - Test Loss=0.8075, Test top-1 acc=0.7643, Test mean synset acc=0.8708
2021-11-15 17:51:13,372 - INFO - Error Depth: [  22.   73.  280.  352.  165. 3172.]
2021-11-15 17:51:13,372 - INFO - Saving...
2021-11-15 17:51:13,674 - INFO - Epoch time: 418.84616136550903
2021-11-15 17:51:13,675 - INFO - 
Epoch: 41
2021-11-15 17:51:13,675 - INFO - Synset CE Weight: 0.0
Soft prediction CE Weight: 1.0
Outlier Exposure Weight: 0.0
2021-11-15 17:51:23,812 - INFO - [Step=34250]	Loss=0.7339	236.3 examples/second
2021-11-15 17:53:26,769 - INFO - [Step=34500]	Loss=0.7085	260.3 examples/second
2021-11-15 17:55:28,261 - INFO - [Step=34750]	Loss=0.7097	263.4 examples/second
2021-11-15 17:57:29,918 - INFO - [Step=35000]	Loss=0.7238	263.0 examples/second
2021-11-15 17:58:14,213 - INFO - Test Loss=0.7865, Test top-1 acc=0.7665, Test mean synset acc=0.8711
2021-11-15 17:58:14,214 - INFO - Error Depth: [  21.   70.  278.  355.  157. 3181.]
2021-11-15 17:58:14,214 - INFO - Saving...
2021-11-15 17:58:14,432 - INFO - Epoch time: 420.7575023174286
2021-11-15 17:58:14,433 - INFO - 
Epoch: 42
2021-11-15 17:58:14,433 - INFO - Synset CE Weight: 0.0
Soft prediction CE Weight: 1.0
Outlier Exposure Weight: 0.0
2021-11-15 17:59:44,251 - INFO - [Step=35250]	Loss=0.6983	238.2 examples/second
2021-11-15 18:01:45,105 - INFO - [Step=35500]	Loss=0.7052	264.8 examples/second
2021-11-15 18:04:03,819 - INFO - [Step=35750]	Loss=0.7137	230.7 examples/second
2021-11-15 18:05:39,352 - INFO - Test Loss=0.7952, Test top-1 acc=0.7605, Test mean synset acc=0.8679
2021-11-15 18:05:39,353 - INFO - Error Depth: [  22.   76.  283.  353.  167. 3156.]
2021-11-15 18:05:39,353 - INFO - Epoch time: 444.92025804519653
2021-11-15 18:05:39,353 - INFO - 
Epoch: 43
2021-11-15 18:05:39,353 - INFO - Synset CE Weight: 0.0
Soft prediction CE Weight: 1.0
Outlier Exposure Weight: 0.0
2021-11-15 18:06:28,132 - INFO - [Step=36000]	Loss=0.6965	221.7 examples/second
2021-11-15 18:08:47,850 - INFO - [Step=36250]	Loss=0.6952	229.0 examples/second
2021-11-15 18:11:42,188 - INFO - [Step=36500]	Loss=0.6983	183.6 examples/second
2021-11-15 18:15:03,015 - INFO - Test Loss=0.7966, Test top-1 acc=0.7653, Test mean synset acc=0.8715
2021-11-15 18:15:03,016 - INFO - Error Depth: [  26.   78.  282.  341.  166. 3176.]
2021-11-15 18:15:03,016 - INFO - Epoch time: 563.6633207798004
2021-11-15 18:15:03,016 - INFO - 
Epoch: 44
2021-11-15 18:15:03,017 - INFO - Synset CE Weight: 0.0
Soft prediction CE Weight: 1.0
Outlier Exposure Weight: 0.0
2021-11-15 18:15:13,708 - INFO - [Step=36750]	Loss=0.6861	151.3 examples/second
2021-11-15 18:18:17,897 - INFO - [Step=37000]	Loss=0.6851	173.7 examples/second
2021-11-15 18:21:33,984 - INFO - [Step=37250]	Loss=0.6885	163.2 examples/second
2021-11-15 18:26:05,716 - INFO - [Step=37500]	Loss=0.6888	117.8 examples/second
2021-11-15 18:28:06,192 - INFO - Test Loss=0.7833, Test top-1 acc=0.7701, Test mean synset acc=0.8719
2021-11-15 18:28:06,193 - INFO - Error Depth: [  20.   65.  277.  347.  161. 3196.]
2021-11-15 18:28:06,193 - INFO - Saving...
2021-11-15 18:28:06,435 - INFO - Epoch time: 783.4182200431824
2021-11-15 18:28:06,435 - INFO - 
Epoch: 45
2021-11-15 18:28:06,435 - INFO - Synset CE Weight: 0.0
Soft prediction CE Weight: 1.0
Outlier Exposure Weight: 0.0
2021-11-15 18:31:17,923 - INFO - [Step=37750]	Loss=0.6858	102.5 examples/second
2021-11-15 18:34:46,451 - INFO - [Step=38000]	Loss=0.6711	153.5 examples/second
2021-11-15 18:38:56,597 - INFO - [Step=38250]	Loss=0.6770	127.9 examples/second
2021-11-15 18:42:29,830 - INFO - Test Loss=0.7975, Test top-1 acc=0.7634, Test mean synset acc=0.8705
2021-11-15 18:42:29,831 - INFO - Error Depth: [  24.   77.  282.  350.  160. 3168.]
2021-11-15 18:42:29,832 - INFO - Epoch time: 863.3965275287628
2021-11-15 18:42:29,832 - INFO - 
Epoch: 46
2021-11-15 18:42:29,832 - INFO - Synset CE Weight: 0.0
Soft prediction CE Weight: 1.0
Outlier Exposure Weight: 0.0
2021-11-15 18:44:11,291 - INFO - [Step=38500]	Loss=0.6812	101.7 examples/second
2021-11-15 18:48:11,651 - INFO - [Step=38750]	Loss=0.6588	133.1 examples/second
2021-11-15 18:50:22,497 - INFO - [Step=39000]	Loss=0.6695	244.6 examples/second
2021-11-15 18:55:13,779 - INFO - Test Loss=0.8125, Test top-1 acc=0.7658, Test mean synset acc=0.8697
2021-11-15 18:55:13,779 - INFO - Error Depth: [  20.   65.  278.  358.  155. 3178.]
2021-11-15 18:55:13,780 - INFO - Epoch time: 763.9487864971161
2021-11-15 18:55:13,781 - INFO - 
Epoch: 47
2021-11-15 18:55:13,781 - INFO - Synset CE Weight: 0.0
Soft prediction CE Weight: 1.0
Outlier Exposure Weight: 0.0
2021-11-15 18:55:20,962 - INFO - [Step=39250]	Loss=0.6676	107.2 examples/second
2021-11-15 18:59:52,209 - INFO - [Step=39500]	Loss=0.6518	118.0 examples/second
2021-11-15 19:03:44,165 - INFO - [Step=39750]	Loss=0.6635	138.0 examples/second
2021-11-15 19:05:52,505 - INFO - [Step=40000]	Loss=0.6525	249.3 examples/second
2021-11-15 19:06:41,611 - INFO - Test Loss=0.8137, Test top-1 acc=0.7663, Test mean synset acc=0.8744
2021-11-15 19:06:41,611 - INFO - Error Depth: [  34.   73.  269.  352.  155. 3180.]
2021-11-15 19:06:41,612 - INFO - Epoch time: 687.831041097641
2021-11-15 19:06:41,612 - INFO - 
Epoch: 48
2021-11-15 19:06:41,612 - INFO - Synset CE Weight: 0.0
Soft prediction CE Weight: 1.0
Outlier Exposure Weight: 0.0
2021-11-15 19:08:06,991 - INFO - [Step=40250]	Loss=0.6515	237.9 examples/second
2021-11-15 19:10:07,875 - INFO - [Step=40500]	Loss=0.6570	264.7 examples/second
2021-11-15 19:12:10,844 - INFO - [Step=40750]	Loss=0.6583	260.2 examples/second
2021-11-15 19:13:41,177 - INFO - Test Loss=0.8029, Test top-1 acc=0.7692, Test mean synset acc=0.8746
2021-11-15 19:13:41,178 - INFO - Error Depth: [  26.   83.  262.  350.  155. 3192.]
2021-11-15 19:13:41,178 - INFO - Epoch time: 419.56676149368286
2021-11-15 19:13:41,179 - INFO - 
Epoch: 49
2021-11-15 19:13:41,179 - INFO - Synset CE Weight: 0.0
Soft prediction CE Weight: 1.0
Outlier Exposure Weight: 0.0
2021-11-15 19:14:24,998 - INFO - [Step=41000]	Loss=0.6530	238.5 examples/second
2021-11-15 19:16:26,249 - INFO - [Step=41250]	Loss=0.6365	263.9 examples/second
2021-11-15 19:18:28,547 - INFO - [Step=41500]	Loss=0.6551	261.7 examples/second
2021-11-15 19:20:29,990 - INFO - [Step=41750]	Loss=0.6654	263.5 examples/second
2021-11-15 19:20:40,377 - INFO - Test Loss=0.7964, Test top-1 acc=0.7677, Test mean synset acc=0.8720
2021-11-15 19:20:40,378 - INFO - Error Depth: [  28.   71.  256.  355.  166. 3186.]
2021-11-15 19:20:40,379 - INFO - Epoch time: 419.2000367641449
2021-11-15 19:20:40,379 - INFO - 
Epoch: 50
2021-11-15 19:20:40,379 - INFO - Synset CE Weight: 0.0
Soft prediction CE Weight: 1.0
Outlier Exposure Weight: 0.0
2021-11-15 19:22:45,551 - INFO - [Step=42000]	Loss=0.6273	236.1 examples/second
2021-11-15 19:24:48,200 - INFO - [Step=42250]	Loss=0.6483	260.9 examples/second
2021-11-15 19:26:51,210 - INFO - [Step=42500]	Loss=0.6440	260.1 examples/second
2021-11-15 19:27:43,737 - INFO - Test Loss=0.8029, Test top-1 acc=0.7646, Test mean synset acc=0.8709
2021-11-15 19:27:43,738 - INFO - Error Depth: [  25.   68.  279.  366.  154. 3173.]
2021-11-15 19:27:43,738 - INFO - Epoch time: 423.3596634864807
2021-11-15 19:27:43,739 - INFO - 
Epoch: 51
2021-11-15 19:27:43,739 - INFO - Synset CE Weight: 0.0
Soft prediction CE Weight: 1.0
Outlier Exposure Weight: 0.0
2021-11-15 19:29:07,350 - INFO - [Step=42750]	Loss=0.6195	235.1 examples/second
2021-11-15 19:31:09,074 - INFO - [Step=43000]	Loss=0.6236	262.9 examples/second
2021-11-15 19:33:10,533 - INFO - [Step=43250]	Loss=0.6277	263.5 examples/second
2021-11-15 19:34:44,157 - INFO - Test Loss=0.7938, Test top-1 acc=0.7639, Test mean synset acc=0.8684
2021-11-15 19:34:44,159 - INFO - Error Depth: [  26.   61.  283.  355.  167. 3170.]
2021-11-15 19:34:44,159 - INFO - Epoch time: 420.42042994499207
2021-11-15 19:34:44,159 - INFO - 
Epoch: 52
2021-11-15 19:34:44,159 - INFO - Synset CE Weight: 0.0
Soft prediction CE Weight: 1.0
Outlier Exposure Weight: 0.0
2021-11-15 19:35:25,800 - INFO - [Step=43500]	Loss=0.6280	236.6 examples/second
2021-11-15 19:37:27,964 - INFO - [Step=43750]	Loss=0.6159	261.9 examples/second
2021-11-15 19:39:29,496 - INFO - [Step=44000]	Loss=0.6327	263.3 examples/second
2021-11-15 19:41:31,097 - INFO - [Step=44250]	Loss=0.6451	263.2 examples/second
2021-11-15 19:41:44,107 - INFO - Test Loss=0.7885, Test top-1 acc=0.7711, Test mean synset acc=0.8754
2021-11-15 19:41:44,108 - INFO - Error Depth: [  25.   71.  265.  357.  151. 3200.]
2021-11-15 19:41:44,108 - INFO - Saving...
2021-11-15 19:41:44,341 - INFO - Epoch time: 420.18151116371155
2021-11-15 19:41:44,341 - INFO - 
Epoch: 53
2021-11-15 19:41:44,341 - INFO - Synset CE Weight: 0.0
Soft prediction CE Weight: 1.0
Outlier Exposure Weight: 0.0
2021-11-15 19:43:46,713 - INFO - [Step=44500]	Loss=0.6150	236.0 examples/second
2021-11-15 19:45:50,105 - INFO - [Step=44750]	Loss=0.6170	259.3 examples/second
2021-11-15 19:47:52,385 - INFO - [Step=45000]	Loss=0.6218	261.7 examples/second
2021-11-15 19:48:46,518 - INFO - Test Loss=0.8133, Test top-1 acc=0.7641, Test mean synset acc=0.8691
2021-11-15 19:48:46,519 - INFO - Error Depth: [  22.   74.  270.  366.  163. 3171.]
2021-11-15 19:48:46,519 - INFO - Epoch time: 422.1784658432007
2021-11-15 19:48:46,520 - INFO - 
Epoch: 54
2021-11-15 19:48:46,520 - INFO - Synset CE Weight: 0.0
Soft prediction CE Weight: 1.0
Outlier Exposure Weight: 0.0
2021-11-15 19:50:07,014 - INFO - [Step=45250]	Loss=0.6000	237.7 examples/second
2021-11-15 19:52:08,308 - INFO - [Step=45500]	Loss=0.6130	263.8 examples/second
2021-11-15 19:54:10,014 - INFO - [Step=45750]	Loss=0.6277	262.9 examples/second
2021-11-15 19:55:45,463 - INFO - Test Loss=0.8130, Test top-1 acc=0.7716, Test mean synset acc=0.8751
2021-11-15 19:55:45,464 - INFO - Error Depth: [  25.   70.  270.  344.  157. 3202.]
2021-11-15 19:55:45,464 - INFO - Saving...
2021-11-15 19:55:45,701 - INFO - Epoch time: 419.1810522079468
2021-11-15 19:55:45,701 - INFO - 
Epoch: 55
2021-11-15 19:55:45,701 - INFO - Synset CE Weight: 0.0
Soft prediction CE Weight: 1.0
Outlier Exposure Weight: 0.0
2021-11-15 19:56:25,650 - INFO - [Step=46000]	Loss=0.6149	235.9 examples/second
2021-11-15 19:58:27,224 - INFO - [Step=46250]	Loss=0.6134	263.2 examples/second
2021-11-15 20:00:28,838 - INFO - [Step=46500]	Loss=0.6128	263.1 examples/second
2021-11-15 20:02:30,887 - INFO - [Step=46750]	Loss=0.6191	262.2 examples/second
2021-11-15 20:02:46,699 - INFO - Test Loss=0.8133, Test top-1 acc=0.7627, Test mean synset acc=0.8690
2021-11-15 20:02:46,700 - INFO - Error Depth: [  25.   66.  274.  357.  162. 3165.]
2021-11-15 20:02:46,700 - INFO - Epoch time: 420.99940514564514
2021-11-15 20:02:46,701 - INFO - 
Epoch: 56
2021-11-15 20:02:46,701 - INFO - Synset CE Weight: 0.0
Soft prediction CE Weight: 1.0
Outlier Exposure Weight: 0.0
2021-11-15 20:04:46,274 - INFO - [Step=47000]	Loss=0.6029	236.4 examples/second
2021-11-15 20:06:47,628 - INFO - [Step=47250]	Loss=0.6144	263.7 examples/second
2021-11-15 20:08:48,802 - INFO - [Step=47500]	Loss=0.6041	264.1 examples/second
2021-11-15 20:09:45,320 - INFO - Test Loss=0.7979, Test top-1 acc=0.7655, Test mean synset acc=0.8715
2021-11-15 20:09:45,321 - INFO - Error Depth: [  26.   64.  285.  345.  169. 3177.]
2021-11-15 20:09:45,321 - INFO - Epoch time: 418.62080335617065
2021-11-15 20:09:45,322 - INFO - 
Epoch: 57
2021-11-15 20:09:45,322 - INFO - Synset CE Weight: 0.0
Soft prediction CE Weight: 1.0
Outlier Exposure Weight: 0.0
2021-11-15 20:11:02,604 - INFO - [Step=47750]	Loss=0.5979	239.2 examples/second
2021-11-15 20:13:03,580 - INFO - [Step=48000]	Loss=0.6030	264.5 examples/second
2021-11-15 20:15:05,317 - INFO - [Step=48250]	Loss=0.6031	262.9 examples/second
2021-11-15 20:16:42,759 - INFO - Test Loss=0.8140, Test top-1 acc=0.7723, Test mean synset acc=0.8727
2021-11-15 20:16:42,760 - INFO - Error Depth: [  25.   57.  267.  347.  163. 3205.]
2021-11-15 20:16:42,760 - INFO - Saving...
2021-11-15 20:16:43,047 - INFO - Epoch time: 417.7250626087189
2021-11-15 20:16:43,047 - INFO - 
Epoch: 58
2021-11-15 20:16:43,047 - INFO - Synset CE Weight: 0.0
Soft prediction CE Weight: 1.0
Outlier Exposure Weight: 0.0
2021-11-15 20:17:19,261 - INFO - [Step=48500]	Loss=0.5931	238.9 examples/second
2021-11-15 20:19:21,018 - INFO - [Step=48750]	Loss=0.6018	262.8 examples/second
2021-11-15 20:21:22,686 - INFO - [Step=49000]	Loss=0.5938	263.0 examples/second
2021-11-15 20:23:24,150 - INFO - [Step=49250]	Loss=0.6040	263.5 examples/second
2021-11-15 20:23:41,856 - INFO - Test Loss=0.8403, Test top-1 acc=0.7586, Test mean synset acc=0.8675
2021-11-15 20:23:41,857 - INFO - Error Depth: [  25.   85.  265.  354.  181. 3148.]
2021-11-15 20:23:41,857 - INFO - Epoch time: 418.81005477905273
2021-11-15 20:23:41,857 - INFO - 
Epoch: 59
2021-11-15 20:23:41,857 - INFO - Synset CE Weight: 0.0
Soft prediction CE Weight: 1.0
Outlier Exposure Weight: 0.0
2021-11-15 20:25:39,353 - INFO - [Step=49500]	Loss=0.5818	236.7 examples/second
2021-11-15 20:27:41,437 - INFO - [Step=49750]	Loss=0.5919	262.1 examples/second
2021-11-15 20:29:42,580 - INFO - [Step=50000]	Loss=0.5905	264.2 examples/second
2021-11-15 20:30:41,894 - INFO - Test Loss=0.8284, Test top-1 acc=0.7658, Test mean synset acc=0.8706
2021-11-15 20:30:41,894 - INFO - Error Depth: [  24.   80.  258.  352.  174. 3178.]
2021-11-15 20:30:41,895 - INFO - Epoch time: 420.0376625061035
2021-11-15 20:30:41,895 - INFO - 
Epoch: 60
2021-11-15 20:30:41,895 - INFO - Synset CE Weight: 0.0
Soft prediction CE Weight: 1.0
Outlier Exposure Weight: 0.0
2021-11-15 20:31:57,596 - INFO - [Step=50250]	Loss=0.5595	237.0 examples/second
2021-11-15 20:33:59,113 - INFO - [Step=50500]	Loss=0.5317	263.3 examples/second
2021-11-15 20:36:00,407 - INFO - [Step=50750]	Loss=0.5085	263.8 examples/second
2021-11-15 20:37:41,308 - INFO - Test Loss=0.7640, Test top-1 acc=0.7877, Test mean synset acc=0.8816
2021-11-15 20:37:41,309 - INFO - Error Depth: [  21.   60.  241.  330.  142. 3269.]
2021-11-15 20:37:41,309 - INFO - Saving...
2021-11-15 20:37:41,581 - INFO - Epoch time: 419.6860873699188
2021-11-15 20:37:41,581 - INFO - 
Epoch: 61
2021-11-15 20:37:41,581 - INFO - Synset CE Weight: 0.0
Soft prediction CE Weight: 1.0
Outlier Exposure Weight: 0.0
2021-11-15 20:38:15,460 - INFO - [Step=51000]	Loss=0.5108	236.9 examples/second
2021-11-15 20:40:16,709 - INFO - [Step=51250]	Loss=0.4985	263.9 examples/second
2021-11-15 20:42:19,066 - INFO - [Step=51500]	Loss=0.4929	261.5 examples/second
2021-11-15 20:44:20,753 - INFO - [Step=51750]	Loss=0.4904	263.0 examples/second
2021-11-15 20:44:40,404 - INFO - Test Loss=0.7491, Test top-1 acc=0.7860, Test mean synset acc=0.8814
2021-11-15 20:44:40,405 - INFO - Error Depth: [  24.   65.  236.  324.  148. 3262.]
2021-11-15 20:44:40,405 - INFO - Epoch time: 418.82402992248535
2021-11-15 20:44:40,405 - INFO - 
Epoch: 62
2021-11-15 20:44:40,405 - INFO - Synset CE Weight: 0.0
Soft prediction CE Weight: 1.0
Outlier Exposure Weight: 0.0
2021-11-15 20:46:34,417 - INFO - [Step=52000]	Loss=0.4943	239.4 examples/second
2021-11-15 20:48:35,480 - INFO - [Step=52250]	Loss=0.4885	264.3 examples/second
2021-11-15 20:50:36,610 - INFO - [Step=52500]	Loss=0.4928	264.2 examples/second
2021-11-15 20:51:37,576 - INFO - Test Loss=0.7458, Test top-1 acc=0.7831, Test mean synset acc=0.8795
2021-11-15 20:51:37,577 - INFO - Error Depth: [  22.   67.  244.  331.  142. 3250.]
2021-11-15 20:51:37,577 - INFO - Epoch time: 417.17191886901855
2021-11-15 20:51:37,577 - INFO - 
Epoch: 63
2021-11-15 20:51:37,577 - INFO - Synset CE Weight: 0.0
Soft prediction CE Weight: 1.0
Outlier Exposure Weight: 0.0
2021-11-15 20:52:51,092 - INFO - [Step=52750]	Loss=0.4897	238.0 examples/second
2021-11-15 20:54:52,699 - INFO - [Step=53000]	Loss=0.4791	263.1 examples/second
2021-11-15 20:56:54,899 - INFO - [Step=53250]	Loss=0.4886	261.9 examples/second
2021-11-15 20:58:37,912 - INFO - Test Loss=0.7669, Test top-1 acc=0.7834, Test mean synset acc=0.8794
2021-11-15 20:58:37,913 - INFO - Error Depth: [  19.   68.  242.  332.  148. 3251.]
2021-11-15 20:58:37,913 - INFO - Epoch time: 420.33578872680664
2021-11-15 20:58:37,913 - INFO - 
Epoch: 64
2021-11-15 20:58:37,913 - INFO - Synset CE Weight: 0.0
Soft prediction CE Weight: 1.0
Outlier Exposure Weight: 0.0
2021-11-15 20:59:09,232 - INFO - [Step=53500]	Loss=0.4856	238.2 examples/second
2021-11-15 21:01:09,705 - INFO - [Step=53750]	Loss=0.4823	265.6 examples/second
2021-11-15 21:03:10,324 - INFO - [Step=54000]	Loss=0.4754	265.3 examples/second
2021-11-15 21:05:10,976 - INFO - [Step=54250]	Loss=0.4815	265.2 examples/second
2021-11-15 21:05:33,229 - INFO - Test Loss=0.7662, Test top-1 acc=0.7831, Test mean synset acc=0.8805
2021-11-15 21:05:33,229 - INFO - Error Depth: [  27.   64.  243.  333.  144. 3250.]
2021-11-15 21:05:33,230 - INFO - Epoch time: 415.3165373802185
2021-11-15 21:05:33,230 - INFO - 
Epoch: 65
2021-11-15 21:05:33,230 - INFO - Synset CE Weight: 0.0
Soft prediction CE Weight: 1.0
Outlier Exposure Weight: 0.0
2021-11-15 21:07:24,709 - INFO - [Step=54500]	Loss=0.4770	239.3 examples/second
2021-11-15 21:09:25,438 - INFO - [Step=54750]	Loss=0.4713	265.1 examples/second
2021-11-15 21:11:27,769 - INFO - [Step=55000]	Loss=0.4655	261.6 examples/second
2021-11-15 21:12:31,470 - INFO - Test Loss=0.7703, Test top-1 acc=0.7875, Test mean synset acc=0.8813
2021-11-15 21:12:31,471 - INFO - Error Depth: [  18.   67.  232.  331.  148. 3268.]
2021-11-15 21:12:31,471 - INFO - Epoch time: 418.2413275241852
2021-11-15 21:12:31,471 - INFO - 
Epoch: 66
2021-11-15 21:12:31,472 - INFO - Synset CE Weight: 0.0
Soft prediction CE Weight: 1.0
Outlier Exposure Weight: 0.0
2021-11-15 21:13:42,927 - INFO - [Step=55250]	Loss=0.4669	236.8 examples/second
2021-11-15 21:15:44,851 - INFO - [Step=55500]	Loss=0.4610	262.5 examples/second
2021-11-15 21:17:46,292 - INFO - [Step=55750]	Loss=0.4682	263.5 examples/second
2021-11-15 21:19:31,412 - INFO - Test Loss=0.7611, Test top-1 acc=0.7894, Test mean synset acc=0.8827
2021-11-15 21:19:31,414 - INFO - Error Depth: [  18.   64.  231.  330.  144. 3276.]
2021-11-15 21:19:31,414 - INFO - Saving...
2021-11-15 21:19:31,693 - INFO - Epoch time: 420.2212314605713
2021-11-15 21:19:31,693 - INFO - 
Epoch: 67
2021-11-15 21:19:31,693 - INFO - Synset CE Weight: 0.0
Soft prediction CE Weight: 1.0
Outlier Exposure Weight: 0.0
2021-11-15 21:20:01,349 - INFO - [Step=56000]	Loss=0.4719	236.9 examples/second
2021-11-15 21:22:03,300 - INFO - [Step=56250]	Loss=0.4661	262.4 examples/second
2021-11-15 21:24:05,441 - INFO - [Step=56500]	Loss=0.4684	262.0 examples/second
2021-11-15 21:26:07,844 - INFO - [Step=56750]	Loss=0.4658	261.4 examples/second
2021-11-15 21:26:34,928 - INFO - Test Loss=0.7510, Test top-1 acc=0.7892, Test mean synset acc=0.8816
2021-11-15 21:26:34,929 - INFO - Error Depth: [  17.   63.  233.  329.  150. 3275.]
2021-11-15 21:26:34,930 - INFO - Epoch time: 423.23673033714294
2021-11-15 21:26:34,930 - INFO - 
Epoch: 68
2021-11-15 21:26:34,930 - INFO - Synset CE Weight: 0.0
Soft prediction CE Weight: 1.0
Outlier Exposure Weight: 0.0
2021-11-15 21:28:26,165 - INFO - [Step=57000]	Loss=0.4661	231.3 examples/second
2021-11-15 21:32:14,786 - INFO - [Step=57250]	Loss=0.4645	140.0 examples/second
2021-11-15 21:36:44,821 - INFO - [Step=57500]	Loss=0.4681	118.5 examples/second
2021-11-15 21:39:29,254 - INFO - Test Loss=0.7571, Test top-1 acc=0.7880, Test mean synset acc=0.8821
2021-11-15 21:39:29,255 - INFO - Error Depth: [  21.   61.  243.  324.  149. 3270.]
2021-11-15 21:39:29,257 - INFO - Epoch time: 774.3275322914124
2021-11-15 21:39:29,258 - INFO - 
Epoch: 69
2021-11-15 21:39:29,258 - INFO - Synset CE Weight: 0.0
Soft prediction CE Weight: 1.0
Outlier Exposure Weight: 0.0
2021-11-15 21:41:43,678 - INFO - [Step=57750]	Loss=0.4620	107.1 examples/second
2021-11-15 21:44:00,437 - INFO - [Step=58000]	Loss=0.4594	234.0 examples/second
2021-11-15 21:46:01,703 - INFO - [Step=58250]	Loss=0.4621	263.9 examples/second
2021-11-15 21:47:49,043 - INFO - Test Loss=0.7729, Test top-1 acc=0.7848, Test mean synset acc=0.8808
2021-11-15 21:47:49,044 - INFO - Error Depth: [  23.   63.  237.  337.  147. 3257.]
2021-11-15 21:47:49,044 - INFO - Epoch time: 499.78661727905273
2021-11-15 21:47:49,044 - INFO - 
Epoch: 70
2021-11-15 21:47:49,044 - INFO - Synset CE Weight: 0.0
Soft prediction CE Weight: 1.0
Outlier Exposure Weight: 0.0
2021-11-15 21:48:16,034 - INFO - [Step=58500]	Loss=0.4562	238.2 examples/second
2021-11-15 21:50:17,318 - INFO - [Step=58750]	Loss=0.4479	263.8 examples/second
2021-11-15 21:52:18,622 - INFO - [Step=59000]	Loss=0.4554	263.8 examples/second
2021-11-15 21:54:19,793 - INFO - [Step=59250]	Loss=0.4561	264.1 examples/second
2021-11-15 21:54:47,614 - INFO - Test Loss=0.7595, Test top-1 acc=0.7904, Test mean synset acc=0.8831
2021-11-15 21:54:47,615 - INFO - Error Depth: [  26.   59.  232.  323.  143. 3280.]
2021-11-15 21:54:47,615 - INFO - Saving...
2021-11-15 21:54:47,833 - INFO - Epoch time: 418.78882241249084
2021-11-15 21:54:47,833 - INFO - 
Epoch: 71
2021-11-15 21:54:47,834 - INFO - Synset CE Weight: 0.0
Soft prediction CE Weight: 1.0
Outlier Exposure Weight: 0.0
2021-11-15 21:56:34,453 - INFO - [Step=59500]	Loss=0.4441	237.6 examples/second
2021-11-15 21:58:35,074 - INFO - [Step=59750]	Loss=0.4625	265.3 examples/second
2021-11-15 22:01:00,685 - INFO - [Step=60000]	Loss=0.4571	219.8 examples/second
2021-11-15 22:02:39,707 - INFO - Test Loss=0.7962, Test top-1 acc=0.7865, Test mean synset acc=0.8811
2021-11-15 22:02:39,708 - INFO - Error Depth: [  20.   61.  237.  339.  145. 3264.]
2021-11-15 22:02:39,708 - INFO - Epoch time: 471.8744466304779
2021-11-15 22:02:39,708 - INFO - 
Epoch: 72
2021-11-15 22:02:39,708 - INFO - Synset CE Weight: 0.0
Soft prediction CE Weight: 1.0
Outlier Exposure Weight: 0.0
2021-11-15 22:04:00,575 - INFO - [Step=60250]	Loss=0.4529	177.9 examples/second
2021-11-15 22:07:17,580 - INFO - [Step=60500]	Loss=0.4419	162.4 examples/second
2021-11-15 22:10:55,966 - INFO - [Step=60750]	Loss=0.4507	146.5 examples/second
2021-11-15 22:14:01,880 - INFO - Test Loss=0.8006, Test top-1 acc=0.7853, Test mean synset acc=0.8803
2021-11-15 22:14:01,881 - INFO - Error Depth: [  18.   70.  227.  343.  145. 3259.]
2021-11-15 22:14:01,882 - INFO - Epoch time: 682.1736629009247
2021-11-15 22:14:01,882 - INFO - 
Epoch: 73
2021-11-15 22:14:01,882 - INFO - Synset CE Weight: 0.0
Soft prediction CE Weight: 1.0
Outlier Exposure Weight: 0.0
2021-11-15 22:14:29,875 - INFO - [Step=61000]	Loss=0.4543	149.6 examples/second
2021-11-15 22:16:41,194 - INFO - [Step=61250]	Loss=0.4321	243.7 examples/second
2021-11-15 22:18:42,414 - INFO - [Step=61500]	Loss=0.4549	264.0 examples/second
2021-11-15 22:20:43,598 - INFO - [Step=61750]	Loss=0.4480	264.1 examples/second
2021-11-15 22:21:13,373 - INFO - Test Loss=0.7952, Test top-1 acc=0.7884, Test mean synset acc=0.8832
2021-11-15 22:21:13,375 - INFO - Error Depth: [  18.   71.  226.  332.  148. 3272.]
2021-11-15 22:21:13,375 - INFO - Epoch time: 431.49316239356995
2021-11-15 22:21:13,375 - INFO - 
Epoch: 74
2021-11-15 22:21:13,375 - INFO - Synset CE Weight: 0.0
Soft prediction CE Weight: 1.0
Outlier Exposure Weight: 0.0
2021-11-15 22:22:58,030 - INFO - [Step=62000]	Loss=0.4431	238.0 examples/second
2021-11-15 22:25:15,908 - INFO - [Step=62250]	Loss=0.4365	232.1 examples/second
2021-11-15 22:29:25,943 - INFO - [Step=62500]	Loss=0.4543	128.0 examples/second
2021-11-15 22:32:22,023 - INFO - Test Loss=0.7876, Test top-1 acc=0.7860, Test mean synset acc=0.8806
2021-11-15 22:32:22,024 - INFO - Error Depth: [  19.   71.  225.  337.  148. 3262.]
2021-11-15 22:32:22,025 - INFO - Epoch time: 668.6495351791382
2021-11-15 22:32:22,025 - INFO - 
Epoch: 75
2021-11-15 22:32:22,025 - INFO - Synset CE Weight: 0.0
Soft prediction CE Weight: 1.0
Outlier Exposure Weight: 0.0
2021-11-15 22:34:40,806 - INFO - [Step=62750]	Loss=0.4464	101.6 examples/second
2021-11-15 22:38:39,451 - INFO - [Step=63000]	Loss=0.4441	134.1 examples/second
2021-11-15 22:40:53,407 - INFO - [Step=63250]	Loss=0.4455	238.9 examples/second
2021-11-15 22:42:58,288 - INFO - Test Loss=0.7734, Test top-1 acc=0.7904, Test mean synset acc=0.8846
2021-11-15 22:42:58,290 - INFO - Error Depth: [  24.   68.  230.  325.  137. 3280.]
2021-11-15 22:42:58,290 - INFO - Epoch time: 636.2655029296875
2021-11-15 22:42:58,291 - INFO - 
Epoch: 76
2021-11-15 22:42:58,291 - INFO - Synset CE Weight: 0.0
Soft prediction CE Weight: 1.0
Outlier Exposure Weight: 0.0
2021-11-15 22:43:23,653 - INFO - [Step=63500]	Loss=0.4504	213.0 examples/second
2021-11-15 22:45:26,061 - INFO - [Step=63750]	Loss=0.4355	261.4 examples/second
2021-11-15 22:47:26,960 - INFO - [Step=64000]	Loss=0.4479	264.7 examples/second
2021-11-15 22:49:28,409 - INFO - [Step=64250]	Loss=0.4374	263.5 examples/second
2021-11-15 22:50:00,349 - INFO - Test Loss=0.7741, Test top-1 acc=0.7875, Test mean synset acc=0.8817
2021-11-15 22:50:00,350 - INFO - Error Depth: [  16.   71.  231.  331.  144. 3268.]
2021-11-15 22:50:00,350 - INFO - Epoch time: 422.05973529815674
2021-11-15 22:50:00,350 - INFO - 
Epoch: 77
2021-11-15 22:50:00,351 - INFO - Synset CE Weight: 0.0
Soft prediction CE Weight: 1.0
Outlier Exposure Weight: 0.0
2021-11-15 22:51:42,662 - INFO - [Step=64500]	Loss=0.4356	238.4 examples/second
2021-11-15 22:53:43,471 - INFO - [Step=64750]	Loss=0.4369	264.9 examples/second
2021-11-15 22:56:10,965 - INFO - [Step=65000]	Loss=0.4446	217.0 examples/second
2021-11-15 22:57:46,298 - INFO - Test Loss=0.7781, Test top-1 acc=0.7896, Test mean synset acc=0.8833
2021-11-15 22:57:46,299 - INFO - Error Depth: [  23.   62.  229.  334.  144. 3277.]
2021-11-15 22:57:46,299 - INFO - Epoch time: 465.9484329223633
2021-11-15 22:57:46,299 - INFO - 
Epoch: 78
2021-11-15 22:57:46,299 - INFO - Synset CE Weight: 0.0
Soft prediction CE Weight: 1.0
Outlier Exposure Weight: 0.0
2021-11-15 22:59:02,787 - INFO - [Step=65250]	Loss=0.4385	186.2 examples/second
2021-11-15 23:01:45,827 - INFO - [Step=65500]	Loss=0.4292	196.3 examples/second
2021-11-15 23:04:02,269 - INFO - [Step=65750]	Loss=0.4420	234.5 examples/second
2021-11-15 23:06:23,910 - INFO - Test Loss=0.7910, Test top-1 acc=0.7872, Test mean synset acc=0.8819
2021-11-15 23:06:23,911 - INFO - Error Depth: [  19.   63.  236.  334.  143. 3267.]
2021-11-15 23:06:23,911 - INFO - Epoch time: 517.6121127605438
2021-11-15 23:06:23,911 - INFO - 
Epoch: 79
2021-11-15 23:06:23,911 - INFO - Synset CE Weight: 0.0
Soft prediction CE Weight: 1.0
Outlier Exposure Weight: 0.0
2021-11-15 23:06:43,230 - INFO - [Step=66000]	Loss=0.4302	198.8 examples/second
2021-11-15 23:08:44,482 - INFO - [Step=66250]	Loss=0.4405	263.9 examples/second
2021-11-15 23:10:45,601 - INFO - [Step=66500]	Loss=0.4430	264.2 examples/second
2021-11-15 23:12:47,636 - INFO - [Step=66750]	Loss=0.4388	262.2 examples/second
2021-11-15 23:13:22,493 - INFO - Test Loss=0.8075, Test top-1 acc=0.7841, Test mean synset acc=0.8799
2021-11-15 23:13:22,494 - INFO - Error Depth: [  19.   67.  230.  354.  142. 3254.]
2021-11-15 23:13:22,494 - INFO - Epoch time: 418.5832951068878
2021-11-15 23:13:22,495 - INFO - 
Epoch: 80
2021-11-15 23:13:22,495 - INFO - Synset CE Weight: 0.0
Soft prediction CE Weight: 1.0
Outlier Exposure Weight: 0.0
2021-11-15 23:15:02,172 - INFO - [Step=67000]	Loss=0.4363	237.9 examples/second
2021-11-15 23:17:03,352 - INFO - [Step=67250]	Loss=0.4400	264.1 examples/second
2021-11-15 23:19:04,771 - INFO - [Step=67500]	Loss=0.4354	263.5 examples/second
2021-11-15 23:20:20,264 - INFO - Test Loss=0.7905, Test top-1 acc=0.7875, Test mean synset acc=0.8833
2021-11-15 23:20:20,265 - INFO - Error Depth: [  25.   69.  227.  335.  141. 3268.]
2021-11-15 23:20:20,265 - INFO - Epoch time: 417.7705855369568
2021-11-15 23:20:20,265 - INFO - 
Epoch: 81
2021-11-15 23:20:20,265 - INFO - Synset CE Weight: 0.0
Soft prediction CE Weight: 1.0
Outlier Exposure Weight: 0.0
2021-11-15 23:21:18,164 - INFO - [Step=67750]	Loss=0.4353	239.9 examples/second
2021-11-15 23:23:19,197 - INFO - [Step=68000]	Loss=0.4326	264.4 examples/second
2021-11-15 23:25:20,289 - INFO - [Step=68250]	Loss=0.4269	264.3 examples/second
2021-11-15 23:27:16,570 - INFO - Test Loss=0.8583, Test top-1 acc=0.7894, Test mean synset acc=0.8821
2021-11-15 23:27:16,571 - INFO - Error Depth: [  20.   64.  223.  335.  146. 3276.]
2021-11-15 23:27:16,572 - INFO - Epoch time: 416.30638360977173
2021-11-15 23:27:16,572 - INFO - 
Epoch: 82
2021-11-15 23:27:16,572 - INFO - Synset CE Weight: 0.0
Soft prediction CE Weight: 1.0
Outlier Exposure Weight: 0.0
2021-11-15 23:27:34,163 - INFO - [Step=68500]	Loss=0.4440	239.0 examples/second
2021-11-15 23:29:35,882 - INFO - [Step=68750]	Loss=0.4254	262.9 examples/second
2021-11-15 23:31:37,313 - INFO - [Step=69000]	Loss=0.4328	263.5 examples/second
2021-11-15 23:33:39,457 - INFO - [Step=69250]	Loss=0.4357	262.0 examples/second
2021-11-15 23:34:17,116 - INFO - Test Loss=0.7930, Test top-1 acc=0.7867, Test mean synset acc=0.8831
2021-11-15 23:34:17,117 - INFO - Error Depth: [  23.   67.  237.  326.  147. 3265.]
2021-11-15 23:34:17,117 - INFO - Epoch time: 420.5451958179474
2021-11-15 23:34:17,117 - INFO - 
Epoch: 83
2021-11-15 23:34:17,117 - INFO - Synset CE Weight: 0.0
Soft prediction CE Weight: 1.0
Outlier Exposure Weight: 0.0
2021-11-15 23:35:55,198 - INFO - [Step=69500]	Loss=0.4211	235.7 examples/second
2021-11-15 23:37:56,358 - INFO - [Step=69750]	Loss=0.4271	264.1 examples/second
2021-11-15 23:39:57,560 - INFO - [Step=70000]	Loss=0.4323	264.0 examples/second
2021-11-15 23:41:15,293 - INFO - Test Loss=0.8072, Test top-1 acc=0.7865, Test mean synset acc=0.8817
2021-11-15 23:41:15,294 - INFO - Error Depth: [  22.   66.  235.  329.  145. 3264.]
2021-11-15 23:41:15,295 - INFO - Epoch time: 418.17756509780884
2021-11-15 23:41:15,295 - INFO - 
Epoch: 84
2021-11-15 23:41:15,295 - INFO - Synset CE Weight: 0.0
Soft prediction CE Weight: 1.0
Outlier Exposure Weight: 0.0
2021-11-15 23:42:11,323 - INFO - [Step=70250]	Loss=0.4324	239.2 examples/second
2021-11-15 23:44:12,570 - INFO - [Step=70500]	Loss=0.4234	263.9 examples/second
2021-11-15 23:46:14,658 - INFO - [Step=70750]	Loss=0.4270	262.1 examples/second
2021-11-15 23:48:14,255 - INFO - Test Loss=0.7881, Test top-1 acc=0.7872, Test mean synset acc=0.8804
2021-11-15 23:48:14,256 - INFO - Error Depth: [  22.   66.  223.  338.  149. 3267.]
2021-11-15 23:48:14,256 - INFO - Epoch time: 418.96079754829407
2021-11-15 23:48:14,256 - INFO - 
Epoch: 85
2021-11-15 23:48:14,256 - INFO - Synset CE Weight: 0.0
Soft prediction CE Weight: 1.0
Outlier Exposure Weight: 0.0
2021-11-15 23:48:29,183 - INFO - [Step=71000]	Loss=0.4270	237.9 examples/second
2021-11-15 23:50:30,443 - INFO - [Step=71250]	Loss=0.4196	263.9 examples/second
2021-11-15 23:52:31,445 - INFO - [Step=71500]	Loss=0.4192	264.5 examples/second
2021-11-15 23:54:32,423 - INFO - [Step=71750]	Loss=0.4250	264.5 examples/second
2021-11-15 23:55:11,734 - INFO - Test Loss=0.8048, Test top-1 acc=0.7870, Test mean synset acc=0.8817
2021-11-15 23:55:11,735 - INFO - Error Depth: [  23.   65.  225.  342.  142. 3266.]
2021-11-15 23:55:11,735 - INFO - Epoch time: 417.4796233177185
2021-11-15 23:55:11,736 - INFO - 
Epoch: 86
2021-11-15 23:55:11,736 - INFO - Synset CE Weight: 0.0
Soft prediction CE Weight: 1.0
Outlier Exposure Weight: 0.0
2021-11-15 23:56:46,490 - INFO - [Step=72000]	Loss=0.4218	238.7 examples/second
2021-11-15 23:58:47,902 - INFO - [Step=72250]	Loss=0.4269	263.6 examples/second
2021-11-16 00:00:49,834 - INFO - [Step=72500]	Loss=0.4141	262.4 examples/second
2021-11-16 00:02:11,325 - INFO - Test Loss=0.8041, Test top-1 acc=0.7817, Test mean synset acc=0.8791
2021-11-16 00:02:11,325 - INFO - Error Depth: [  26.   67.  240.  342.  144. 3244.]
2021-11-16 00:02:11,326 - INFO - Epoch time: 419.5900778770447
2021-11-16 00:02:11,326 - INFO - 
Epoch: 87
2021-11-16 00:02:11,326 - INFO - Synset CE Weight: 0.0
Soft prediction CE Weight: 1.0
Outlier Exposure Weight: 0.0
2021-11-16 00:03:05,069 - INFO - [Step=72750]	Loss=0.4101	236.6 examples/second
2021-11-16 00:05:06,529 - INFO - [Step=73000]	Loss=0.4192	263.5 examples/second
2021-11-16 00:07:07,637 - INFO - [Step=73250]	Loss=0.4226	264.2 examples/second
2021-11-16 00:09:08,880 - INFO - Test Loss=0.8039, Test top-1 acc=0.7863, Test mean synset acc=0.8810
2021-11-16 00:09:08,881 - INFO - Error Depth: [  21.   65.  238.  333.  145. 3263.]
2021-11-16 00:09:08,882 - INFO - Epoch time: 417.5557532310486
2021-11-16 00:09:08,882 - INFO - 
Epoch: 88
2021-11-16 00:09:08,882 - INFO - Synset CE Weight: 0.0
Soft prediction CE Weight: 1.0
Outlier Exposure Weight: 0.0
2021-11-16 00:09:21,164 - INFO - [Step=73500]	Loss=0.4115	239.7 examples/second
2021-11-16 00:11:22,220 - INFO - [Step=73750]	Loss=0.4134	264.3 examples/second
2021-11-16 00:13:23,125 - INFO - [Step=74000]	Loss=0.4161	264.7 examples/second
2021-11-16 00:15:24,011 - INFO - [Step=74250]	Loss=0.4266	264.7 examples/second
2021-11-16 00:16:05,507 - INFO - Test Loss=0.8128, Test top-1 acc=0.7858, Test mean synset acc=0.8802
2021-11-16 00:16:05,508 - INFO - Error Depth: [  20.   63.  228.  343.  151. 3261.]
2021-11-16 00:16:05,509 - INFO - Epoch time: 416.62689566612244
2021-11-16 00:16:05,509 - INFO - 
Epoch: 89
2021-11-16 00:16:05,509 - INFO - Synset CE Weight: 0.0
Soft prediction CE Weight: 1.0
Outlier Exposure Weight: 0.0
2021-11-16 00:17:37,860 - INFO - [Step=74500]	Loss=0.4195	239.1 examples/second
2021-11-16 00:19:39,431 - INFO - [Step=74750]	Loss=0.4257	263.2 examples/second
2021-11-16 00:21:41,241 - INFO - [Step=75000]	Loss=0.4127	262.7 examples/second
2021-11-16 00:23:04,468 - INFO - Test Loss=0.8267, Test top-1 acc=0.7858, Test mean synset acc=0.8808
2021-11-16 00:23:04,468 - INFO - Error Depth: [  21.   67.  228.  339.  148. 3261.]
2021-11-16 00:23:04,468 - INFO - Epoch time: 418.95984864234924
2021-11-16 00:23:16,450 - INFO - Computing OOD Statistics...
2021-11-16 00:23:16,459 - INFO - 	Baseline.          AUROC: 0.8619. TNR@95TPR: 0.4412. AUPR OUT: 0.5870
2021-11-16 00:23:16,466 - INFO - 	ODIN (T=1000).     AUROC: 0.8952. TNR@95TPR: 0.5000. AUPR OUT: 0.6359
2021-11-16 00:23:16,466 - INFO - Printing Final Accuracy + OOD Detection stats
2021-11-16 00:23:16,467 - INFO - Top 1 Accuracy:  Min: 0.7904; Max: 0.7904; Avg: 0.7904; Std: 0.0000; Len: 1
2021-11-16 00:23:16,467 - INFO - Top 5 Accuracy:  Min: 0.8831; Max: 0.8831; Avg: 0.8831; Std: 0.0000; Len: 1
2021-11-16 00:23:16,467 - INFO - **********************************************************************
2021-11-16 00:23:16,467 - INFO - 	MSP (auroc): [0.8618973777462792] Min: 0.8619; Max: 0.8619; Avg: 0.8619; Std: 0.0000; Len: 1
2021-11-16 00:23:16,467 - INFO - 	MSP (tnr): [0.4411764705882353] Min: 0.4412; Max: 0.4412; Avg: 0.4412; Std: 0.0000; Len: 1
2021-11-16 00:23:16,468 - INFO - 	MSP (aupr): [0.5869780203525732] Min: 0.5870; Max: 0.5870; Avg: 0.5870; Std: 0.0000; Len: 1
2021-11-16 00:23:16,468 - INFO - 	ODIN (auroc): [0.8952119064493267] Min: 0.8952; Max: 0.8952; Avg: 0.8952; Std: 0.0000; Len: 1
2021-11-16 00:23:16,468 - INFO - 	ODIN (tnr): [0.5] Min: 0.5000; Max: 0.5000; Avg: 0.5000; Std: 0.0000; Len: 1
2021-11-16 00:23:16,468 - INFO - 	ODIN (aupr): [0.6359483571411978] Min: 0.6359; Max: 0.6359; Avg: 0.6359; Std: 0.0000; Len: 1
