2022-01-25 00:10:35,438 - INFO - ==> Preparing data..
2022-01-25 00:10:35,956 - INFO - # ID Test: 4150
2022-01-25 00:10:35,957 - INFO - # OOD: 850
2022-01-25 00:10:35,996 - INFO - # iNaturalist: 10000
2022-01-25 00:10:36,034 - INFO - # SUN: 10000
2022-01-25 00:10:36,073 - INFO - # Places: 10000
2022-01-25 00:10:36,095 - INFO - # Textures: 5640
2022-01-25 00:10:36,099 - INFO - # coarseid-coarseood: 750
2022-01-25 00:10:36,099 - INFO - # coarseid-fineood: 100
2022-01-25 00:10:58,628 - INFO - Accuracy Results
2022-01-25 00:10:58,629 - INFO - Top-1 Accuracy: 0.8166264891624451
2022-01-25 00:10:58,629 - INFO - Top-5 Accuracy: 0.9703614711761475
2022-01-25 00:10:58,629 - INFO - OOD Results
2022-01-25 00:11:15,208 - INFO - Computing OOD Statistics...
2022-01-25 00:11:41,932 - INFO - Computing OOD Statistics...
2022-01-25 00:12:20,135 - INFO - Computing OOD Statistics...
2022-01-25 00:12:45,643 - INFO - Computing OOD Statistics...
2022-01-25 00:13:01,444 - INFO - Computing OOD Statistics...
2022-01-25 00:13:06,091 - INFO - Computing OOD Statistics...
2022-01-25 00:13:08,739 - INFO - Computing OOD Statistics...
2022-01-25 00:13:08,750 - INFO - OOD Dataset: OOD
2022-01-25 00:13:08,750 - INFO - MSP AUROC [0.9101046066619418]
2022-01-25 00:13:08,750 - INFO - MSP TNR [0.5705882352941176]
2022-01-25 00:13:08,750 - INFO - MSP AUOUT [0.6939882039567155]
2022-01-25 00:13:08,750 - INFO - ODIN AUROC [0.9368501771793054]
2022-01-25 00:13:08,750 - INFO - ODIN TNR [0.7247058823529412]
2022-01-25 00:13:08,750 - INFO - ODIN AUOUT [0.7478320133971993]
2022-01-25 00:13:08,750 - INFO - OOD Dataset: iNaturalist
2022-01-25 00:13:08,750 - INFO - MSP AUROC [0.9287582168674698]
2022-01-25 00:13:08,750 - INFO - MSP TNR [0.6249]
2022-01-25 00:13:08,750 - INFO - MSP AUOUT [0.9642340049204084]
2022-01-25 00:13:08,750 - INFO - ODIN AUROC [0.9599682409638554]
2022-01-25 00:13:08,750 - INFO - ODIN TNR [0.7568]
2022-01-25 00:13:08,751 - INFO - ODIN AUOUT [0.9795412106808259]
2022-01-25 00:13:08,751 - INFO - OOD Dataset: SUN
2022-01-25 00:13:08,751 - INFO - MSP AUROC [0.9394442650602409]
2022-01-25 00:13:08,751 - INFO - MSP TNR [0.6744]
2022-01-25 00:13:08,751 - INFO - MSP AUOUT [0.9695917479063458]
2022-01-25 00:13:08,751 - INFO - ODIN AUROC [0.9754001445783133]
2022-01-25 00:13:08,751 - INFO - ODIN TNR [0.8611]
2022-01-25 00:13:08,751 - INFO - ODIN AUOUT [0.986631757601398]
2022-01-25 00:13:08,751 - INFO - OOD Dataset: Places
2022-01-25 00:13:08,751 - INFO - MSP AUROC [0.9246916867469879]
2022-01-25 00:13:08,751 - INFO - MSP TNR [0.6045]
2022-01-25 00:13:08,751 - INFO - MSP AUOUT [0.9618187516616463]
2022-01-25 00:13:08,751 - INFO - ODIN AUROC [0.9625469397590362]
2022-01-25 00:13:08,751 - INFO - ODIN TNR [0.7884]
2022-01-25 00:13:08,751 - INFO - ODIN AUOUT [0.9805169071794175]
2022-01-25 00:13:08,751 - INFO - OOD Dataset: Textures
2022-01-25 00:13:08,751 - INFO - MSP AUROC [0.8938091087755277]
2022-01-25 00:13:08,751 - INFO - MSP TNR [0.5494680851063829]
2022-01-25 00:13:08,752 - INFO - MSP AUOUT [0.9166253970532514]
2022-01-25 00:13:08,752 - INFO - ODIN AUROC [0.9511744851747415]
2022-01-25 00:13:08,752 - INFO - ODIN TNR [0.7407801418439717]
2022-01-25 00:13:08,752 - INFO - ODIN AUOUT [0.9605882838669515]
2022-01-25 00:13:08,752 - INFO - OOD Dataset: coarseid-coarseood
2022-01-25 00:13:08,752 - INFO - MSP AUROC [0.934343453815261]
2022-01-25 00:13:08,752 - INFO - MSP TNR [0.6293333333333333]
2022-01-25 00:13:08,752 - INFO - MSP AUOUT [0.7187852322448905]
2022-01-25 00:13:08,752 - INFO - ODIN AUROC [0.9655026506024097]
2022-01-25 00:13:08,752 - INFO - ODIN TNR [0.7986666666666666]
2022-01-25 00:13:08,752 - INFO - ODIN AUOUT [0.7796287361215252]
2022-01-25 00:13:08,752 - INFO - OOD Dataset: coarseid-fineood
2022-01-25 00:13:08,752 - INFO - MSP AUROC [0.7283132530120482]
2022-01-25 00:13:08,752 - INFO - MSP TNR [0.13]
2022-01-25 00:13:08,752 - INFO - MSP AUOUT [0.04789239162419321]
2022-01-25 00:13:08,752 - INFO - ODIN AUROC [0.7219566265060241]
2022-01-25 00:13:08,752 - INFO - ODIN TNR [0.17000000000000004]
2022-01-25 00:13:08,752 - INFO - ODIN AUOUT [0.049036589459643294]
