2022-01-14 20:59:51,702 - INFO - ==> Preparing data..
2022-01-14 20:59:52,005 - INFO - # ID Test: 4150
2022-01-14 20:59:52,005 - INFO - # OOD: 850
2022-01-14 20:59:52,033 - INFO - # iNaturalist: 10000
2022-01-14 20:59:52,060 - INFO - # SUN: 10000
2022-01-14 20:59:52,088 - INFO - # Places: 10000
2022-01-14 20:59:52,103 - INFO - # Textures: 5640
2022-01-14 21:00:03,008 - INFO - Accuracy Results
2022-01-14 21:00:03,009 - INFO - Accuracy: 0.8142168521881104
2022-01-14 21:00:03,009 - INFO - Groupwise Accuracy: [0.9816868  0.9920482  0.98626506 0.9939759  0.9850602  0.99493974
 0.98289156 0.9826506  0.99036145 0.97590363 0.9922892  0.98433733
 0.9771084  0.98289156 0.97831327 0.98963857 0.9968675 ]
2022-01-14 21:00:03,009 - INFO - OOD Results
2022-01-14 21:00:13,303 - INFO - Computing OOD Statistics...
2022-01-14 21:00:28,554 - INFO - Computing OOD Statistics...
2022-01-14 21:00:48,552 - INFO - Computing OOD Statistics...
2022-01-14 21:01:03,014 - INFO - Computing OOD Statistics...
2022-01-14 21:01:11,806 - INFO - Computing OOD Statistics...
2022-01-14 21:01:11,826 - INFO - MOS OOD Metrics:
	OOD Dataset: OOD
		AUROC [0.9072260807937633]
		TNR [0.5023529411764707]
		AUOUT [0.6013637844456733]
	OOD Dataset: iNaturalist
		AUROC [0.9379927951807229]
		TNR [0.5825]
		AUOUT [0.9533567131274312]
	OOD Dataset: SUN
		AUROC [0.9508503855421686]
		TNR [0.6516]
		AUOUT [0.9606785228852087]
	OOD Dataset: Places
		AUROC [0.9428519518072289]
		TNR [0.6206]
		AUOUT [0.9576782399590914]
	OOD Dataset: Textures
		AUROC [0.9310770315303768]
		TNR [0.5812056737588652]
		AUOUT [0.918283642875027]
