2022-01-26 23:29:14,701 - INFO - ==> Preparing data..
2022-01-26 23:29:15,362 - INFO - # ID Test: 4150
2022-01-26 23:29:15,362 - INFO - # OOD: 850
2022-01-26 23:29:15,428 - INFO - # iNaturalist: 10000
2022-01-26 23:29:15,479 - INFO - # SUN: 10000
2022-01-26 23:29:15,534 - INFO - # Places: 10000
2022-01-26 23:29:15,566 - INFO - # Textures: 5640
2022-01-26 23:29:15,571 - INFO - # coarseid-coarseood: 750
2022-01-26 23:29:15,572 - INFO - # coarseid-fineood: 100
2022-01-26 23:29:38,280 - INFO - Accuracy Results
2022-01-26 23:29:38,281 - INFO - Accuracy: 0.8163855671882629
2022-01-26 23:29:38,281 - INFO - Groupwise Accuracy: [0.84819275 0.96457833 0.9930121 ]
2022-01-26 23:29:38,282 - INFO - OOD Results
2022-01-26 23:29:58,807 - INFO - Computing OOD Statistics...
2022-01-26 23:30:36,363 - INFO - Computing OOD Statistics...
2022-01-26 23:31:38,336 - INFO - Computing OOD Statistics...
2022-01-26 23:32:00,253 - INFO - Computing OOD Statistics...
2022-01-26 23:32:15,563 - INFO - Computing OOD Statistics...
2022-01-26 23:32:22,829 - INFO - Computing OOD Statistics...
2022-01-26 23:32:27,434 - INFO - Computing OOD Statistics...
2022-01-26 23:32:27,441 - INFO - MOS OOD Metrics:
	OOD Dataset: OOD
		AUROC [0.9337306874557052]
		TNR [0.7129411764705882]
		AUOUT [0.7176778603697231]
	OOD Dataset: iNaturalist
		AUROC [0.9407637590361445]
		TNR [0.6319]
		AUOUT [0.9587015941696156]
	OOD Dataset: SUN
		AUROC [0.9576731566265059]
		TNR [0.7242999999999999]
		AUOUT [0.9679669257787777]
	OOD Dataset: Places
		AUROC [0.9486194457831326]
		TNR [0.7015]
		AUOUT [0.9653911123221539]
	OOD Dataset: Textures
		AUROC [0.9501343672562591]
		TNR [0.7242907801418439]
		AUOUT [0.9442548474165973]
	OOD Dataset: coarseid-coarseood
		AUROC [0.965633734939759]
		TNR [0.7906666666666666]
		AUOUT [0.7482647946189294]
	OOD Dataset: coarseid-fineood
		AUROC [0.694455421686747]
		TNR [0.13]
		AUOUT [0.04409429657342081]
