2022-09-28 01:25:15,559 - INFO - ==> Preparing data..
2022-09-28 01:25:16,038 - INFO - # ID Test: 3500
2022-09-28 01:25:16,038 - INFO - # OOD: 1500
2022-09-28 01:25:16,069 - INFO - # iNaturalist: 10000
2022-09-28 01:25:16,094 - INFO - # SUN: 10000
2022-09-28 01:25:16,121 - INFO - # Places: 10000
2022-09-28 01:25:16,169 - INFO - # Textures: 5640
2022-09-28 01:25:16,183 - INFO - # balanced100-coarseood: 750
2022-09-28 01:25:16,187 - INFO - # balanced100-mediumood: 250
2022-09-28 01:25:16,196 - INFO - # balanced100-fineood: 500
2022-09-28 01:25:16,210 - INFO - # balanced100-finemediumood: 750
2022-09-28 01:25:46,065 - INFO - Accuracy Results
2022-09-28 01:25:46,067 - INFO - Mean Synset Accuracy: 0.898141086101532
2022-09-28 01:25:46,067 - INFO - Top-1 Accuracy: 0.8119999766349792
2022-09-28 01:25:46,067 - INFO - Pred Accuracy: 0.8119999766349792
2022-09-28 01:25:46,067 - INFO - Synset Accuracies:
2022-09-28 01:25:46,068 - INFO - [0.99485713 0.97384614 0.98280704 0.768      0.93333334 0.848
 0.94       0.976      0.961875   0.992      0.844      0.968
 0.828      0.784      0.9866667  1.         0.712      0.95
 0.812      0.748      0.856      0.716      0.98       1.        ]
2022-09-28 01:25:46,068 - INFO - Error Depth:
2022-09-28 01:25:46,069 - INFO - 	Num. Errors at Depth 0 = 7.0
2022-09-28 01:25:46,069 - INFO - 	Num. Errors at Depth 1 = 32.0
2022-09-28 01:25:46,069 - INFO - 	Num. Errors at Depth 2 = 172.0
2022-09-28 01:25:46,069 - INFO - 	Num. Errors at Depth 3 = 276.0
2022-09-28 01:25:46,069 - INFO - 	Num. Errors at Depth 4 = 99.0
2022-09-28 01:25:46,069 - INFO - 	Num. Errors at Depth 5 = 72.0
2022-09-28 01:25:46,069 - INFO - 	Num. Errors at Depth -1 = 2842.0
2022-09-28 01:25:46,069 - INFO - OOD Results
2022-09-28 01:25:57,972 - INFO - Computing OOD Statistics...
2022-09-28 01:26:15,691 - INFO - Computing OOD Statistics...
2022-09-28 01:26:43,865 - INFO - Computing OOD Statistics...
2022-09-28 01:27:00,455 - INFO - Computing OOD Statistics...
2022-09-28 01:27:11,017 - INFO - Computing OOD Statistics...
2022-09-28 01:27:14,463 - INFO - Computing OOD Statistics...
2022-09-28 01:27:17,470 - INFO - Computing OOD Statistics...
2022-09-28 01:27:21,610 - INFO - Computing OOD Statistics...
2022-09-28 01:27:25,873 - INFO - Computing OOD Statistics...
2022-09-28 01:27:25,949 - INFO - OOD Dataset: OOD
2022-09-28 01:27:25,949 - INFO - MSP AUROC Synset Performance
2022-09-28 01:27:25,949 - INFO - [-1, -1, -1, -1, -1, -1, -1, -1, -1, -1, -1, -1, -1, -1, -1, -1, -1, -1, -1, -1, -1, -1, -1, -1, -0.0, 0.8161135238095237, 0.8381657142857144, 0.84828]
2022-09-28 01:27:25,949 - INFO - MSP TNR Synset Performance
2022-09-28 01:27:25,949 - INFO - [-1, -1, -1, -1, -1, -1, -1, -1, -1, -1, -1, -1, -1, -1, -1, -1, -1, -1, -1, -1, -1, -1, -1, -1, 0.0, 0.30733333333333335, 0.41666666666666663, 0.5053333333333334]
2022-09-28 01:27:25,949 - INFO - MSP AUOUT Synset Performance
2022-09-28 01:27:25,949 - INFO - [-1, -1, -1, -1, -1, -1, -1, -1, -1, -1, -1, -1, -1, -1, -1, -1, -1, -1, -1, -1, -1, -1, -1, -1, 0.16775845604771977, 0.6428758463229992, 0.7021374346112912, 0.7393951963001469]
2022-09-28 01:27:25,950 - INFO - ODIN AUROC Synset Performance
2022-09-28 01:27:25,950 - INFO - [-1, -1, -1, -1, -1, -1, -1, -1, -1, -1, -1, -1, -1, -1, -1, -1, -1, -1, -1, -1, -1, -1, -1, -1, -0.0, 0.6217573333333333, 0.2401110476190476, 0.4767211428571429]
2022-09-28 01:27:25,950 - INFO - ODIN TNR Synset Performance
2022-09-28 01:27:25,950 - INFO - [-1, -1, -1, -1, -1, -1, -1, -1, -1, -1, -1, -1, -1, -1, -1, -1, -1, -1, -1, -1, -1, -1, -1, -1, 0.0, 0.18666666666666665, 0.006000000000000005, 0.06066666666666665]
2022-09-28 01:27:25,950 - INFO - ODIN AUOUT Synset Performance
2022-09-28 01:27:25,950 - INFO - [-1, -1, -1, -1, -1, -1, -1, -1, -1, -1, -1, -1, -1, -1, -1, -1, -1, -1, -1, -1, -1, -1, -1, -1, 0.16775845604771977, 0.43809201374289475, 0.1964946584454838, 0.29502468975988094]
2022-09-28 01:27:25,950 - INFO - MSP Metrics using max activations accumulated across all appropriate synsets:
	AUROC -0.0
	TNR 0.0
	AUOUT 0.16775845604771977
2022-09-28 01:27:25,950 - INFO - ODIN Metrics using max activations accumulated across all appropriate synsets:
	AUROC -0.0
	TNR 0.0
	AUOUT 0.16775845604771977
2022-09-28 01:27:25,950 - INFO - MSP Metrics using max entropy along path:
	AUROC 0.8161135238095237
	TNR 0.30733333333333335
	AUOUT 0.6428758463229992
2022-09-28 01:27:25,950 - INFO - ODIN Metrics using max entropy along path:
	AUROC 0.6217573333333333
	TNR 0.18666666666666665
	AUOUT 0.43809201374289475
2022-09-28 01:27:25,950 - INFO - MSP Metrics using predicted activations:
	AUROC 0.8381657142857144
	TNR 0.41666666666666663
	AUOUT 0.7021374346112912
2022-09-28 01:27:25,950 - INFO - ODIN Metrics using predicted activations:
	AUROC 0.2401110476190476
	TNR 0.006000000000000005
	AUOUT 0.1964946584454838
2022-09-28 01:27:25,950 - INFO - MSP Metrics using mean entropy along path:
	AUROC 0.84828
	TNR 0.5053333333333334
	AUOUT 0.7393951963001469
2022-09-28 01:27:25,950 - INFO - ODIN Metrics using mean entropy along path:
	AUROC 0.4767211428571429
	TNR 0.06066666666666665
	AUOUT 0.29502468975988094
2022-09-28 01:27:25,950 - INFO - MSP Metrics using min entropy along path:
	AUROC 0.7700535238095237
	TNR 0.5313333333333333
	AUOUT 0.7254937725418427
2022-09-28 01:27:25,950 - INFO - ODIN Metrics using min entropy along path:
	AUROC 0.766992380952381
	TNR 0.524
	AUOUT 0.703412114452115
2022-09-28 01:27:25,951 - INFO - OOD Path entropy min idx (msp): [0. 1. 2. 3. 4.], [1168   78   34    6  214]
2022-09-28 01:27:25,951 - INFO - OOD Path entropy min idx (odin): [0. 3. 4.], [1281    1  218]
2022-09-28 01:27:25,951 - INFO - OOD Dataset: iNaturalist
2022-09-28 01:27:25,951 - INFO - MSP AUROC Synset Performance
2022-09-28 01:27:25,951 - INFO - [-1, -1, -1, -1, -1, -1, -1, -1, -1, -1, -1, -1, -1, -1, -1, -1, -1, -1, -1, -1, -1, -1, -1, -1, -0.0, 0.9191191428571428, 0.9270073142857143, 0.9350013714285713]
2022-09-28 01:27:25,951 - INFO - MSP TNR Synset Performance
2022-09-28 01:27:25,951 - INFO - [-1, -1, -1, -1, -1, -1, -1, -1, -1, -1, -1, -1, -1, -1, -1, -1, -1, -1, -1, -1, -1, -1, -1, -1, 0.0, 0.5697, 0.6373, 0.6743]
2022-09-28 01:27:25,951 - INFO - MSP AUOUT Synset Performance
2022-09-28 01:27:25,951 - INFO - [-1, -1, -1, -1, -1, -1, -1, -1, -1, -1, -1, -1, -1, -1, -1, -1, -1, -1, -1, -1, -1, -1, -1, -1, 0.5275256468469287, 0.9644157387838199, 0.9679358317314914, 0.967645563863407]
2022-09-28 01:27:25,951 - INFO - ODIN AUROC Synset Performance
2022-09-28 01:27:25,951 - INFO - [-1, -1, -1, -1, -1, -1, -1, -1, -1, -1, -1, -1, -1, -1, -1, -1, -1, -1, -1, -1, -1, -1, -1, -1, -0.0, 0.6824575714285714, 0.2520070857142857, 0.546340257142857]
2022-09-28 01:27:25,951 - INFO - ODIN TNR Synset Performance
2022-09-28 01:27:25,951 - INFO - [-1, -1, -1, -1, -1, -1, -1, -1, -1, -1, -1, -1, -1, -1, -1, -1, -1, -1, -1, -1, -1, -1, -1, -1, 0.0, 0.3718, 0.00019999999999997797, 0.17210000000000003]
2022-09-28 01:27:25,951 - INFO - ODIN AUOUT Synset Performance
2022-09-28 01:27:25,951 - INFO - [-1, -1, -1, -1, -1, -1, -1, -1, -1, -1, -1, -1, -1, -1, -1, -1, -1, -1, -1, -1, -1, -1, -1, -1, 0.5275256468469287, 0.8613121470816909, 0.5868335800034534, 0.7901021858760866]
2022-09-28 01:27:25,951 - INFO - MSP Metrics using max activations accumulated across all appropriate synsets:
	AUROC -0.0
	TNR 0.0
	AUOUT 0.5275256468469287
2022-09-28 01:27:25,951 - INFO - ODIN Metrics using max activations accumulated across all appropriate synsets:
	AUROC -0.0
	TNR 0.0
	AUOUT 0.5275256468469287
2022-09-28 01:27:25,951 - INFO - MSP Metrics using max entropy along path:
	AUROC 0.9191191428571428
	TNR 0.5697
	AUOUT 0.9644157387838199
2022-09-28 01:27:25,951 - INFO - ODIN Metrics using max entropy along path:
	AUROC 0.6824575714285714
	TNR 0.3718
	AUOUT 0.8613121470816909
2022-09-28 01:27:25,951 - INFO - MSP Metrics using predicted activations:
	AUROC 0.9270073142857143
	TNR 0.6373
	AUOUT 0.9679358317314914
2022-09-28 01:27:25,951 - INFO - ODIN Metrics using predicted activations:
	AUROC 0.2520070857142857
	TNR 0.00019999999999997797
	AUOUT 0.5868335800034534
2022-09-28 01:27:25,952 - INFO - MSP Metrics using mean entropy along path:
	AUROC 0.9350013714285713
	TNR 0.6743
	AUOUT 0.967645563863407
2022-09-28 01:27:25,952 - INFO - ODIN Metrics using mean entropy along path:
	AUROC 0.546340257142857
	TNR 0.17210000000000003
	AUOUT 0.7901021858760866
2022-09-28 01:27:25,952 - INFO - MSP Metrics using min entropy along path:
	AUROC 0.8871716571428572
	TNR 0.3265
	AUOUT 0.9379125467307301
2022-09-28 01:27:25,952 - INFO - ODIN Metrics using min entropy along path:
	AUROC 0.8815651428571428
	TNR 0.2924
	AUOUT 0.931158901601104
2022-09-28 01:27:25,952 - INFO - OOD Path entropy min idx (msp): [0. 1. 2. 3. 4.], [9786   95   32   38   49]
2022-09-28 01:27:25,952 - INFO - OOD Path entropy min idx (odin): [0. 3. 4.], [9926   27   47]
2022-09-28 01:27:25,952 - INFO - OOD Dataset: SUN
2022-09-28 01:27:25,952 - INFO - MSP AUROC Synset Performance
2022-09-28 01:27:25,952 - INFO - [-1, -1, -1, -1, -1, -1, -1, -1, -1, -1, -1, -1, -1, -1, -1, -1, -1, -1, -1, -1, -1, -1, -1, -1, -0.0, 0.9210491714285713, 0.9508559714285714, 0.9591523999999998]
2022-09-28 01:27:25,952 - INFO - MSP TNR Synset Performance
2022-09-28 01:27:25,952 - INFO - [-1, -1, -1, -1, -1, -1, -1, -1, -1, -1, -1, -1, -1, -1, -1, -1, -1, -1, -1, -1, -1, -1, -1, -1, 0.0, 0.5223, 0.7446999999999999, 0.7904]
2022-09-28 01:27:25,953 - INFO - MSP AUOUT Synset Performance
2022-09-28 01:27:25,953 - INFO - [-1, -1, -1, -1, -1, -1, -1, -1, -1, -1, -1, -1, -1, -1, -1, -1, -1, -1, -1, -1, -1, -1, -1, -1, 0.5275256468469287, 0.9632738805421905, 0.9789647291518131, 0.9799303504573221]
2022-09-28 01:27:25,953 - INFO - ODIN AUROC Synset Performance
2022-09-28 01:27:25,953 - INFO - [-1, -1, -1, -1, -1, -1, -1, -1, -1, -1, -1, -1, -1, -1, -1, -1, -1, -1, -1, -1, -1, -1, -1, -1, -0.0, 0.7753616285714285, 0.1910313142857143, 0.6341600571428572]
2022-09-28 01:27:25,953 - INFO - ODIN TNR Synset Performance
2022-09-28 01:27:25,953 - INFO - [-1, -1, -1, -1, -1, -1, -1, -1, -1, -1, -1, -1, -1, -1, -1, -1, -1, -1, -1, -1, -1, -1, -1, -1, 0.0, 0.6084, 0.0, 0.278]
2022-09-28 01:27:25,953 - INFO - ODIN AUOUT Synset Performance
2022-09-28 01:27:25,953 - INFO - [-1, -1, -1, -1, -1, -1, -1, -1, -1, -1, -1, -1, -1, -1, -1, -1, -1, -1, -1, -1, -1, -1, -1, -1, 0.5275256468469287, 0.9172284302255636, 0.5718039111224813, 0.8460587267303499]
2022-09-28 01:27:25,953 - INFO - MSP Metrics using max activations accumulated across all appropriate synsets:
	AUROC -0.0
	TNR 0.0
	AUOUT 0.5275256468469287
2022-09-28 01:27:25,953 - INFO - ODIN Metrics using max activations accumulated across all appropriate synsets:
	AUROC -0.0
	TNR 0.0
	AUOUT 0.5275256468469287
2022-09-28 01:27:25,953 - INFO - MSP Metrics using max entropy along path:
	AUROC 0.9210491714285713
	TNR 0.5223
	AUOUT 0.9632738805421905
2022-09-28 01:27:25,953 - INFO - ODIN Metrics using max entropy along path:
	AUROC 0.7753616285714285
	TNR 0.6084
	AUOUT 0.9172284302255636
2022-09-28 01:27:25,953 - INFO - MSP Metrics using predicted activations:
	AUROC 0.9508559714285714
	TNR 0.7446999999999999
	AUOUT 0.9789647291518131
2022-09-28 01:27:25,953 - INFO - ODIN Metrics using predicted activations:
	AUROC 0.1910313142857143
	TNR 0.0
	AUOUT 0.5718039111224813
2022-09-28 01:27:25,953 - INFO - MSP Metrics using mean entropy along path:
	AUROC 0.9591523999999998
	TNR 0.7904
	AUOUT 0.9799303504573221
2022-09-28 01:27:25,953 - INFO - ODIN Metrics using mean entropy along path:
	AUROC 0.6341600571428572
	TNR 0.278
	AUOUT 0.8460587267303499
2022-09-28 01:27:25,953 - INFO - MSP Metrics using min entropy along path:
	AUROC 0.9330077714285715
	TNR 0.7654
	AUOUT 0.9749977327767856
2022-09-28 01:27:25,953 - INFO - ODIN Metrics using min entropy along path:
	AUROC 0.9297721428571427
	TNR 0.7409
	AUOUT 0.9694352509019049
2022-09-28 01:27:25,954 - INFO - OOD Path entropy min idx (msp): [0. 1. 2. 3. 4.], [8863  523  152   54  408]
2022-09-28 01:27:25,954 - INFO - OOD Path entropy min idx (odin): [0. 3. 4.], [9573   19  408]
2022-09-28 01:27:25,954 - INFO - OOD Dataset: Places
2022-09-28 01:27:25,954 - INFO - MSP AUROC Synset Performance
2022-09-28 01:27:25,954 - INFO - [-1, -1, -1, -1, -1, -1, -1, -1, -1, -1, -1, -1, -1, -1, -1, -1, -1, -1, -1, -1, -1, -1, -1, -1, -0.0, 0.9051990285714284, 0.9357937142857142, 0.9460198571428573]
2022-09-28 01:27:25,954 - INFO - MSP TNR Synset Performance
2022-09-28 01:27:25,954 - INFO - [-1, -1, -1, -1, -1, -1, -1, -1, -1, -1, -1, -1, -1, -1, -1, -1, -1, -1, -1, -1, -1, -1, -1, -1, 0.0, 0.47050000000000003, 0.6777, 0.7368]
2022-09-28 01:27:25,954 - INFO - MSP AUOUT Synset Performance
2022-09-28 01:27:25,954 - INFO - [-1, -1, -1, -1, -1, -1, -1, -1, -1, -1, -1, -1, -1, -1, -1, -1, -1, -1, -1, -1, -1, -1, -1, -1, 0.5275256468469287, 0.9560668982548737, 0.9726800479074106, 0.9749266474410343]
2022-09-28 01:27:25,954 - INFO - ODIN AUROC Synset Performance
2022-09-28 01:27:25,954 - INFO - [-1, -1, -1, -1, -1, -1, -1, -1, -1, -1, -1, -1, -1, -1, -1, -1, -1, -1, -1, -1, -1, -1, -1, -1, -0.0, 0.7413948000000001, 0.19544622857142857, 0.6104444857142857]
2022-09-28 01:27:25,954 - INFO - ODIN TNR Synset Performance
2022-09-28 01:27:25,954 - INFO - [-1, -1, -1, -1, -1, -1, -1, -1, -1, -1, -1, -1, -1, -1, -1, -1, -1, -1, -1, -1, -1, -1, -1, -1, 0.0, 0.5371, 0.00039999999999995595, 0.2653]
2022-09-28 01:27:25,954 - INFO - ODIN AUOUT Synset Performance
2022-09-28 01:27:25,954 - INFO - [-1, -1, -1, -1, -1, -1, -1, -1, -1, -1, -1, -1, -1, -1, -1, -1, -1, -1, -1, -1, -1, -1, -1, -1, 0.5275256468469287, 0.9032881347890792, 0.57221316897656, 0.836116069593581]
2022-09-28 01:27:25,954 - INFO - MSP Metrics using max activations accumulated across all appropriate synsets:
	AUROC -0.0
	TNR 0.0
	AUOUT 0.5275256468469287
2022-09-28 01:27:25,954 - INFO - ODIN Metrics using max activations accumulated across all appropriate synsets:
	AUROC -0.0
	TNR 0.0
	AUOUT 0.5275256468469287
2022-09-28 01:27:25,954 - INFO - MSP Metrics using max entropy along path:
	AUROC 0.9051990285714284
	TNR 0.47050000000000003
	AUOUT 0.9560668982548737
2022-09-28 01:27:25,954 - INFO - ODIN Metrics using max entropy along path:
	AUROC 0.7413948000000001
	TNR 0.5371
	AUOUT 0.9032881347890792
2022-09-28 01:27:25,954 - INFO - MSP Metrics using predicted activations:
	AUROC 0.9357937142857142
	TNR 0.6777
	AUOUT 0.9726800479074106
2022-09-28 01:27:25,954 - INFO - ODIN Metrics using predicted activations:
	AUROC 0.19544622857142857
	TNR 0.00039999999999995595
	AUOUT 0.57221316897656
2022-09-28 01:27:25,954 - INFO - MSP Metrics using mean entropy along path:
	AUROC 0.9460198571428573
	TNR 0.7368
	AUOUT 0.9749266474410343
2022-09-28 01:27:25,954 - INFO - ODIN Metrics using mean entropy along path:
	AUROC 0.6104444857142857
	TNR 0.2653
	AUOUT 0.836116069593581
2022-09-28 01:27:25,954 - INFO - MSP Metrics using min entropy along path:
	AUROC 0.9204414571428572
	TNR 0.7155
	AUOUT 0.9704322541173989
2022-09-28 01:27:25,955 - INFO - ODIN Metrics using min entropy along path:
	AUROC 0.9171787428571428
	TNR 0.6949000000000001
	AUOUT 0.9649934910813289
2022-09-28 01:27:25,955 - INFO - OOD Path entropy min idx (msp): [0. 1. 2. 3. 4.], [8647  659  209   79  406]
2022-09-28 01:27:25,955 - INFO - OOD Path entropy min idx (odin): [0. 3. 4.], [9555   26  419]
2022-09-28 01:27:25,955 - INFO - OOD Dataset: Textures
2022-09-28 01:27:25,955 - INFO - MSP AUROC Synset Performance
2022-09-28 01:27:25,955 - INFO - [-1, -1, -1, -1, -1, -1, -1, -1, -1, -1, -1, -1, -1, -1, -1, -1, -1, -1, -1, -1, -1, -1, -1, -1, -0.0, 0.871239918946302, 0.8974466565349544, 0.9191760385005066]
2022-09-28 01:27:25,955 - INFO - MSP TNR Synset Performance
2022-09-28 01:27:25,955 - INFO - [-1, -1, -1, -1, -1, -1, -1, -1, -1, -1, -1, -1, -1, -1, -1, -1, -1, -1, -1, -1, -1, -1, -1, -1, 0.0, 0.4450354609929078, 0.5882978723404255, 0.6826241134751774]
2022-09-28 01:27:25,956 - INFO - MSP AUOUT Synset Performance
2022-09-28 01:27:25,956 - INFO - [-1, -1, -1, -1, -1, -1, -1, -1, -1, -1, -1, -1, -1, -1, -1, -1, -1, -1, -1, -1, -1, -1, -1, -1, 0.4043189752277335, 0.9087342430082713, 0.9321923398377985, 0.9452122936947669]
2022-09-28 01:27:25,956 - INFO - ODIN AUROC Synset Performance
2022-09-28 01:27:25,956 - INFO - [-1, -1, -1, -1, -1, -1, -1, -1, -1, -1, -1, -1, -1, -1, -1, -1, -1, -1, -1, -1, -1, -1, -1, -1, -0.0, 0.6350022796352583, 0.19982426545086124, 0.6184837892603849]
2022-09-28 01:27:25,956 - INFO - ODIN TNR Synset Performance
2022-09-28 01:27:25,956 - INFO - [-1, -1, -1, -1, -1, -1, -1, -1, -1, -1, -1, -1, -1, -1, -1, -1, -1, -1, -1, -1, -1, -1, -1, -1, 0.0, 0.3145390070921986, 0.0007092198581559739, 0.19148936170212771]
2022-09-28 01:27:25,956 - INFO - ODIN AUOUT Synset Performance
2022-09-28 01:27:25,956 - INFO - [-1, -1, -1, -1, -1, -1, -1, -1, -1, -1, -1, -1, -1, -1, -1, -1, -1, -1, -1, -1, -1, -1, -1, -1, 0.4043189752277335, 0.7600061633301074, 0.4487551909970812, 0.7237183185901926]
2022-09-28 01:27:25,956 - INFO - MSP Metrics using max activations accumulated across all appropriate synsets:
	AUROC -0.0
	TNR 0.0
	AUOUT 0.4043189752277335
2022-09-28 01:27:25,956 - INFO - ODIN Metrics using max activations accumulated across all appropriate synsets:
	AUROC -0.0
	TNR 0.0
	AUOUT 0.4043189752277335
2022-09-28 01:27:25,956 - INFO - MSP Metrics using max entropy along path:
	AUROC 0.871239918946302
	TNR 0.4450354609929078
	AUOUT 0.9087342430082713
2022-09-28 01:27:25,956 - INFO - ODIN Metrics using max entropy along path:
	AUROC 0.6350022796352583
	TNR 0.3145390070921986
	AUOUT 0.7600061633301074
2022-09-28 01:27:25,956 - INFO - MSP Metrics using predicted activations:
	AUROC 0.8974466565349544
	TNR 0.5882978723404255
	AUOUT 0.9321923398377985
2022-09-28 01:27:25,956 - INFO - ODIN Metrics using predicted activations:
	AUROC 0.19982426545086124
	TNR 0.0007092198581559739
	AUOUT 0.4487551909970812
2022-09-28 01:27:25,956 - INFO - MSP Metrics using mean entropy along path:
	AUROC 0.9191760385005066
	TNR 0.6826241134751774
	AUOUT 0.9452122936947669
2022-09-28 01:27:25,956 - INFO - ODIN Metrics using mean entropy along path:
	AUROC 0.6184837892603849
	TNR 0.19148936170212771
	AUOUT 0.7237183185901926
2022-09-28 01:27:25,956 - INFO - MSP Metrics using min entropy along path:
	AUROC 0.9205042046605877
	TNR 0.7079787234042554
	AUOUT 0.9514397690063817
2022-09-28 01:27:25,956 - INFO - ODIN Metrics using min entropy along path:
	AUROC 0.9186741641337386
	TNR 0.6932624113475176
	AUOUT 0.9437437988314141
2022-09-28 01:27:25,956 - INFO - OOD Path entropy min idx (msp): [0. 1. 2. 3. 4.], [4605  485  282   94  174]
2022-09-28 01:27:25,957 - INFO - OOD Path entropy min idx (odin): [0. 3. 4.], [5437   33  170]
2022-09-28 01:27:25,957 - INFO - OOD Dataset: balanced100-coarseood
2022-09-28 01:27:25,957 - INFO - MSP AUROC Synset Performance
2022-09-28 01:27:25,957 - INFO - [-1, -1, -1, -1, -1, -1, -1, -1, -1, -1, -1, -1, -1, -1, -1, -1, -1, -1, -1, -1, -1, -1, -1, -1, -0.0, 0.9143577142857142, 0.9352102857142857, 0.9635645714285714]
2022-09-28 01:27:25,957 - INFO - MSP TNR Synset Performance
2022-09-28 01:27:25,957 - INFO - [-1, -1, -1, -1, -1, -1, -1, -1, -1, -1, -1, -1, -1, -1, -1, -1, -1, -1, -1, -1, -1, -1, -1, -1, 0.0, 0.45999999999999996, 0.6173333333333333, 0.804]
2022-09-28 01:27:25,957 - INFO - MSP AUOUT Synset Performance
2022-09-28 01:27:25,957 - INFO - [-1, -1, -1, -1, -1, -1, -1, -1, -1, -1, -1, -1, -1, -1, -1, -1, -1, -1, -1, -1, -1, -1, -1, -1, 0.09393858905968093, 0.6394354365614376, 0.7333284747074309, 0.8275269658558281]
2022-09-28 01:27:25,957 - INFO - ODIN AUROC Synset Performance
2022-09-28 01:27:25,957 - INFO - [-1, -1, -1, -1, -1, -1, -1, -1, -1, -1, -1, -1, -1, -1, -1, -1, -1, -1, -1, -1, -1, -1, -1, -1, -0.0, 0.49470933333333333, 0.13712114285714286, 0.5516087619047619]
2022-09-28 01:27:25,957 - INFO - ODIN TNR Synset Performance
2022-09-28 01:27:25,957 - INFO - [-1, -1, -1, -1, -1, -1, -1, -1, -1, -1, -1, -1, -1, -1, -1, -1, -1, -1, -1, -1, -1, -1, -1, -1, 0.0, 0.10933333333333328, 0.0, 0.03600000000000003]
2022-09-28 01:27:25,957 - INFO - ODIN AUOUT Synset Performance
2022-09-28 01:27:25,957 - INFO - [-1, -1, -1, -1, -1, -1, -1, -1, -1, -1, -1, -1, -1, -1, -1, -1, -1, -1, -1, -1, -1, -1, -1, -1, 0.09393858905968093, 0.2027961621733465, 0.10433784014021626, 0.2030249916075779]
2022-09-28 01:27:25,957 - INFO - MSP Metrics using max activations accumulated across all appropriate synsets:
	AUROC -0.0
	TNR 0.0
	AUOUT 0.09393858905968093
2022-09-28 01:27:25,957 - INFO - ODIN Metrics using max activations accumulated across all appropriate synsets:
	AUROC -0.0
	TNR 0.0
	AUOUT 0.09393858905968093
2022-09-28 01:27:25,957 - INFO - MSP Metrics using max entropy along path:
	AUROC 0.9143577142857142
	TNR 0.45999999999999996
	AUOUT 0.6394354365614376
2022-09-28 01:27:25,957 - INFO - ODIN Metrics using max entropy along path:
	AUROC 0.49470933333333333
	TNR 0.10933333333333328
	AUOUT 0.2027961621733465
2022-09-28 01:27:25,957 - INFO - MSP Metrics using predicted activations:
	AUROC 0.9352102857142857
	TNR 0.6173333333333333
	AUOUT 0.7333284747074309
2022-09-28 01:27:25,957 - INFO - ODIN Metrics using predicted activations:
	AUROC 0.13712114285714286
	TNR 0.0
	AUOUT 0.10433784014021626
2022-09-28 01:27:25,957 - INFO - MSP Metrics using mean entropy along path:
	AUROC 0.9635645714285714
	TNR 0.804
	AUOUT 0.8275269658558281
2022-09-28 01:27:25,957 - INFO - ODIN Metrics using mean entropy along path:
	AUROC 0.5516087619047619
	TNR 0.03600000000000003
	AUOUT 0.2030249916075779
2022-09-28 01:27:25,957 - INFO - MSP Metrics using min entropy along path:
	AUROC 0.9468030476190477
	TNR 0.876
	AUOUT 0.8701160007349132
2022-09-28 01:27:25,957 - INFO - ODIN Metrics using min entropy along path:
	AUROC 0.9440163809523808
	TNR 0.864
	AUOUT 0.8295652121528335
2022-09-28 01:27:25,958 - INFO - OOD Path entropy min idx (msp): [0. 1. 2. 3. 4.], [674  38   6   2  30]
2022-09-28 01:27:25,958 - INFO - OOD Path entropy min idx (odin): [0. 3. 4.], [718   1  31]
2022-09-28 01:27:25,958 - INFO - OOD Dataset: balanced100-mediumood
2022-09-28 01:27:25,958 - INFO - MSP AUROC Synset Performance
2022-09-28 01:27:25,958 - INFO - [-1, -1, -1, -1, -1, -1, -1, -1, -1, -1, -1, -1, -1, -1, -1, -1, -1, -1, -1, -1, -1, -1, -1, -1, -0.0, 0.7276777142857145, 0.7346754285714285, 0.7015554285714286]
2022-09-28 01:27:25,958 - INFO - MSP TNR Synset Performance
2022-09-28 01:27:25,958 - INFO - [-1, -1, -1, -1, -1, -1, -1, -1, -1, -1, -1, -1, -1, -1, -1, -1, -1, -1, -1, -1, -1, -1, -1, -1, 0.0, 0.16000000000000003, 0.20399999999999996, 0.11599999999999999]
2022-09-28 01:27:25,958 - INFO - MSP AUOUT Synset Performance
2022-09-28 01:27:25,958 - INFO - [-1, -1, -1, -1, -1, -1, -1, -1, -1, -1, -1, -1, -1, -1, -1, -1, -1, -1, -1, -1, -1, -1, -1, -1, 0.03409978690754759, 0.15068344640923428, 0.15891905040911974, 0.12459401004680193]
2022-09-28 01:27:25,958 - INFO - ODIN AUROC Synset Performance
2022-09-28 01:27:25,958 - INFO - [-1, -1, -1, -1, -1, -1, -1, -1, -1, -1, -1, -1, -1, -1, -1, -1, -1, -1, -1, -1, -1, -1, -1, -1, -0.0, 0.8432331428571428, 0.45405828571428575, 0.4118948571428571]
2022-09-28 01:27:25,958 - INFO - ODIN TNR Synset Performance
2022-09-28 01:27:25,958 - INFO - [-1, -1, -1, -1, -1, -1, -1, -1, -1, -1, -1, -1, -1, -1, -1, -1, -1, -1, -1, -1, -1, -1, -1, -1, 0.0, 0.28400000000000003, 0.02400000000000002, 0.08799999999999997]
2022-09-28 01:27:25,958 - INFO - ODIN AUOUT Synset Performance
2022-09-28 01:27:25,958 - INFO - [-1, -1, -1, -1, -1, -1, -1, -1, -1, -1, -1, -1, -1, -1, -1, -1, -1, -1, -1, -1, -1, -1, -1, -1, 0.03409978690754759, 0.22786775103788845, 0.05514025344874275, 0.061814779939243863]
2022-09-28 01:27:25,958 - INFO - MSP Metrics using max activations accumulated across all appropriate synsets:
	AUROC -0.0
	TNR 0.0
	AUOUT 0.03409978690754759
2022-09-28 01:27:25,958 - INFO - ODIN Metrics using max activations accumulated across all appropriate synsets:
	AUROC -0.0
	TNR 0.0
	AUOUT 0.03409978690754759
2022-09-28 01:27:25,958 - INFO - MSP Metrics using max entropy along path:
	AUROC 0.7276777142857145
	TNR 0.16000000000000003
	AUOUT 0.15068344640923428
2022-09-28 01:27:25,958 - INFO - ODIN Metrics using max entropy along path:
	AUROC 0.8432331428571428
	TNR 0.28400000000000003
	AUOUT 0.22786775103788845
2022-09-28 01:27:25,958 - INFO - MSP Metrics using predicted activations:
	AUROC 0.7346754285714285
	TNR 0.20399999999999996
	AUOUT 0.15891905040911974
2022-09-28 01:27:25,958 - INFO - ODIN Metrics using predicted activations:
	AUROC 0.45405828571428575
	TNR 0.02400000000000002
	AUOUT 0.05514025344874275
2022-09-28 01:27:25,958 - INFO - MSP Metrics using mean entropy along path:
	AUROC 0.7015554285714286
	TNR 0.11599999999999999
	AUOUT 0.12459401004680193
2022-09-28 01:27:25,958 - INFO - ODIN Metrics using mean entropy along path:
	AUROC 0.4118948571428571
	TNR 0.08799999999999997
	AUOUT 0.061814779939243863
2022-09-28 01:27:25,958 - INFO - MSP Metrics using min entropy along path:
	AUROC 0.2580445714285714
	TNR 0.03200000000000003
	AUOUT 0.04742826327178502
2022-09-28 01:27:25,958 - INFO - ODIN Metrics using min entropy along path:
	AUROC 0.2563028571428571
	TNR 0.03200000000000003
	AUOUT 0.04710948090779571
2022-09-28 01:27:25,959 - INFO - OOD Path entropy min idx (msp): [0. 1. 2. 4.], [ 78   4   4 164]
2022-09-28 01:27:25,959 - INFO - OOD Path entropy min idx (odin): [0. 4.], [ 86 164]
2022-09-28 01:27:25,959 - INFO - OOD Dataset: balanced100-fineood
2022-09-28 01:27:25,959 - INFO - MSP AUROC Synset Performance
2022-09-28 01:27:25,959 - INFO - [-1, -1, -1, -1, -1, -1, -1, -1, -1, -1, -1, -1, -1, -1, -1, -1, -1, -1, -1, -1, -1, -1, -1, -1, -0.0, 0.7129645714285714, 0.7443445714285715, 0.7487154285714286]
2022-09-28 01:27:25,959 - INFO - MSP TNR Synset Performance
2022-09-28 01:27:25,959 - INFO - [-1, -1, -1, -1, -1, -1, -1, -1, -1, -1, -1, -1, -1, -1, -1, -1, -1, -1, -1, -1, -1, -1, -1, -1, 0.0, 0.15200000000000002, 0.22199999999999998, 0.252]
2022-09-28 01:27:25,959 - INFO - MSP AUOUT Synset Performance
2022-09-28 01:27:25,959 - INFO - [-1, -1, -1, -1, -1, -1, -1, -1, -1, -1, -1, -1, -1, -1, -1, -1, -1, -1, -1, -1, -1, -1, -1, -1, 0.06528024046762752, 0.24694558895083446, 0.30089993631573675, 0.30947910685169533]
2022-09-28 01:27:25,959 - INFO - ODIN AUROC Synset Performance
2022-09-28 01:27:25,959 - INFO - [-1, -1, -1, -1, -1, -1, -1, -1, -1, -1, -1, -1, -1, -1, -1, -1, -1, -1, -1, -1, -1, -1, -1, -1, -0.0, 0.7016662857142857, 0.28762342857142853, 0.39680742857142853]
2022-09-28 01:27:25,959 - INFO - ODIN TNR Synset Performance
2022-09-28 01:27:25,959 - INFO - [-1, -1, -1, -1, -1, -1, -1, -1, -1, -1, -1, -1, -1, -1, -1, -1, -1, -1, -1, -1, -1, -1, -1, -1, 0.0, 0.254, 0.006000000000000005, 0.08399999999999996]
2022-09-28 01:27:25,959 - INFO - ODIN AUOUT Synset Performance
2022-09-28 01:27:25,959 - INFO - [-1, -1, -1, -1, -1, -1, -1, -1, -1, -1, -1, -1, -1, -1, -1, -1, -1, -1, -1, -1, -1, -1, -1, -1, 0.06528024046762752, 0.2954750363188256, 0.08161170012853083, 0.11377654233194757]
2022-09-28 01:27:25,959 - INFO - MSP Metrics using max activations accumulated across all appropriate synsets:
	AUROC -0.0
	TNR 0.0
	AUOUT 0.06528024046762752
2022-09-28 01:27:25,959 - INFO - ODIN Metrics using max activations accumulated across all appropriate synsets:
	AUROC -0.0
	TNR 0.0
	AUOUT 0.06528024046762752
2022-09-28 01:27:25,959 - INFO - MSP Metrics using max entropy along path:
	AUROC 0.7129645714285714
	TNR 0.15200000000000002
	AUOUT 0.24694558895083446
2022-09-28 01:27:25,959 - INFO - ODIN Metrics using max entropy along path:
	AUROC 0.7016662857142857
	TNR 0.254
	AUOUT 0.2954750363188256
2022-09-28 01:27:25,959 - INFO - MSP Metrics using predicted activations:
	AUROC 0.7443445714285715
	TNR 0.22199999999999998
	AUOUT 0.30089993631573675
2022-09-28 01:27:25,960 - INFO - ODIN Metrics using predicted activations:
	AUROC 0.28762342857142853
	TNR 0.006000000000000005
	AUOUT 0.08161170012853083
2022-09-28 01:27:25,960 - INFO - MSP Metrics using mean entropy along path:
	AUROC 0.7487154285714286
	TNR 0.252
	AUOUT 0.30947910685169533
2022-09-28 01:27:25,960 - INFO - ODIN Metrics using mean entropy along path:
	AUROC 0.39680742857142853
	TNR 0.08399999999999996
	AUOUT 0.11377654233194757
2022-09-28 01:27:25,960 - INFO - MSP Metrics using min entropy along path:
	AUROC 0.7609348571428571
	TNR 0.264
	AUOUT 0.34447558953097296
2022-09-28 01:27:25,960 - INFO - ODIN Metrics using min entropy along path:
	AUROC 0.7567891428571428
	TNR 0.26
	AUOUT 0.32829701063120564
2022-09-28 01:27:25,960 - INFO - OOD Path entropy min idx (msp): [0. 1. 2. 3. 4.], [416  36  24   4  20]
2022-09-28 01:27:25,960 - INFO - OOD Path entropy min idx (odin): [0. 4.], [477  23]
2022-09-28 01:27:25,960 - INFO - OOD Dataset: balanced100-finemediumood
2022-09-28 01:27:25,960 - INFO - MSP AUROC Synset Performance
2022-09-28 01:27:25,960 - INFO - [-1, -1, -1, -1, -1, -1, -1, -1, -1, -1, -1, -1, -1, -1, -1, -1, -1, -1, -1, -1, -1, -1, -1, -1, -0.0, 0.7178689523809524, 0.7411215238095237, 0.7329954285714286]
2022-09-28 01:27:25,960 - INFO - MSP TNR Synset Performance
2022-09-28 01:27:25,960 - INFO - [-1, -1, -1, -1, -1, -1, -1, -1, -1, -1, -1, -1, -1, -1, -1, -1, -1, -1, -1, -1, -1, -1, -1, -1, 0.0, 0.15466666666666662, 0.21599999999999997, 0.20666666666666667]
2022-09-28 01:27:25,960 - INFO - MSP AUOUT Synset Performance
2022-09-28 01:27:25,960 - INFO - [-1, -1, -1, -1, -1, -1, -1, -1, -1, -1, -1, -1, -1, -1, -1, -1, -1, -1, -1, -1, -1, -1, -1, -1, 0.09393858905968093, 0.3317090933069509, 0.37560389965825103, 0.3615904427312997]
2022-09-28 01:27:25,960 - INFO - ODIN AUROC Synset Performance
2022-09-28 01:27:25,960 - INFO - [-1, -1, -1, -1, -1, -1, -1, -1, -1, -1, -1, -1, -1, -1, -1, -1, -1, -1, -1, -1, -1, -1, -1, -1, -0.0, 0.748855238095238, 0.3431017142857143, 0.40183657142857143]
2022-09-28 01:27:25,960 - INFO - ODIN TNR Synset Performance
2022-09-28 01:27:25,960 - INFO - [-1, -1, -1, -1, -1, -1, -1, -1, -1, -1, -1, -1, -1, -1, -1, -1, -1, -1, -1, -1, -1, -1, -1, -1, 0.0, 0.264, 0.01200000000000001, 0.08533333333333337]
2022-09-28 01:27:25,960 - INFO - ODIN AUOUT Synset Performance
2022-09-28 01:27:25,960 - INFO - [-1, -1, -1, -1, -1, -1, -1, -1, -1, -1, -1, -1, -1, -1, -1, -1, -1, -1, -1, -1, -1, -1, -1, -1, 0.09393858905968093, 0.4063229353571991, 0.12514055515953634, 0.1604263024046714]
2022-09-28 01:27:25,960 - INFO - MSP Metrics using max activations accumulated across all appropriate synsets:
	AUROC -0.0
	TNR 0.0
	AUOUT 0.09393858905968093
2022-09-28 01:27:25,961 - INFO - ODIN Metrics using max activations accumulated across all appropriate synsets:
	AUROC -0.0
	TNR 0.0
	AUOUT 0.09393858905968093
2022-09-28 01:27:25,961 - INFO - MSP Metrics using max entropy along path:
	AUROC 0.7178689523809524
	TNR 0.15466666666666662
	AUOUT 0.3317090933069509
2022-09-28 01:27:25,961 - INFO - ODIN Metrics using max entropy along path:
	AUROC 0.748855238095238
	TNR 0.264
	AUOUT 0.4063229353571991
2022-09-28 01:27:25,961 - INFO - MSP Metrics using predicted activations:
	AUROC 0.7411215238095237
	TNR 0.21599999999999997
	AUOUT 0.37560389965825103
2022-09-28 01:27:25,961 - INFO - ODIN Metrics using predicted activations:
	AUROC 0.3431017142857143
	TNR 0.01200000000000001
	AUOUT 0.12514055515953634
2022-09-28 01:27:25,961 - INFO - MSP Metrics using mean entropy along path:
	AUROC 0.7329954285714286
	TNR 0.20666666666666667
	AUOUT 0.3615904427312997
2022-09-28 01:27:25,961 - INFO - ODIN Metrics using mean entropy along path:
	AUROC 0.40183657142857143
	TNR 0.08533333333333337
	AUOUT 0.1604263024046714
2022-09-28 01:27:25,961 - INFO - MSP Metrics using min entropy along path:
	AUROC 0.5933047619047619
	TNR 0.18666666666666665
	AUOUT 0.31653858867756957
2022-09-28 01:27:25,961 - INFO - ODIN Metrics using min entropy along path:
	AUROC 0.5899603809523809
	TNR 0.18400000000000005
	AUOUT 0.30528182212848975
2022-09-28 01:27:25,961 - INFO - OOD Path entropy min idx (msp): [0. 1. 2. 3. 4.], [494  40  28   4 184]
2022-09-28 01:27:25,961 - INFO - OOD Path entropy min idx (odin): [0. 4.], [563 187]
2022-09-28 01:27:37,559 - INFO - Computing OOD Statistics...
2022-09-28 01:27:51,776 - INFO - Computing OOD Statistics...
2022-09-28 01:28:15,007 - INFO - Computing OOD Statistics...
2022-09-28 01:28:27,674 - INFO - Computing OOD Statistics...
2022-09-28 01:28:36,203 - INFO - Computing OOD Statistics...
2022-09-28 01:28:39,947 - INFO - Computing OOD Statistics...
2022-09-28 01:28:43,631 - INFO - Computing OOD Statistics...
2022-09-28 01:28:47,227 - INFO - Computing OOD Statistics...
2022-09-28 01:28:51,030 - INFO - Computing OOD Statistics...
2022-09-28 01:28:51,045 - INFO - OOD Dataset: OOD
2022-09-28 01:28:51,045 - INFO - MSP AUROC [0.789156]
2022-09-28 01:28:51,045 - INFO - MSP TNR [0.5473333333333333]
2022-09-28 01:28:51,045 - INFO - MSP AUOUT [0.724674462617594]
2022-09-28 01:28:51,045 - INFO - ODIN AUROC [0.8286584761904763]
2022-09-28 01:28:51,045 - INFO - ODIN TNR [0.5533333333333333]
2022-09-28 01:28:51,045 - INFO - ODIN AUOUT [0.7494176475096433]
2022-09-28 01:28:51,046 - INFO - OOD Dataset: iNaturalist
2022-09-28 01:28:51,046 - INFO - MSP AUROC [0.9361653428571428]
2022-09-28 01:28:51,046 - INFO - MSP TNR [0.5943]
2022-09-28 01:28:51,046 - INFO - MSP AUOUT [0.9637489839097397]
2022-09-28 01:28:51,046 - INFO - ODIN AUROC [0.941904457142857]
2022-09-28 01:28:51,046 - INFO - ODIN TNR [0.6112]
2022-09-28 01:28:51,046 - INFO - ODIN AUOUT [0.9659574457404241]
2022-09-28 01:28:51,046 - INFO - OOD Dataset: SUN
2022-09-28 01:28:51,046 - INFO - MSP AUROC [0.9454318571428573]
2022-09-28 01:28:51,046 - INFO - MSP TNR [0.7814]
2022-09-28 01:28:51,046 - INFO - MSP AUOUT [0.9760218058584064]
2022-09-28 01:28:51,046 - INFO - ODIN AUROC [0.9566550285714287]
2022-09-28 01:28:51,046 - INFO - ODIN TNR [0.7837000000000001]
2022-09-28 01:28:51,046 - INFO - ODIN AUOUT [0.9793895535839531]
2022-09-28 01:28:51,046 - INFO - OOD Dataset: Places
2022-09-28 01:28:51,046 - INFO - MSP AUROC [0.9258811714285714]
2022-09-28 01:28:51,046 - INFO - MSP TNR [0.7315]
2022-09-28 01:28:51,046 - INFO - MSP AUOUT [0.9697913499290685]
2022-09-28 01:28:51,046 - INFO - ODIN AUROC [0.9424683428571428]
2022-09-28 01:28:51,046 - INFO - ODIN TNR [0.7385999999999999]
2022-09-28 01:28:51,046 - INFO - ODIN AUOUT [0.9746552401694313]
2022-09-28 01:28:51,046 - INFO - OOD Dataset: Textures
2022-09-28 01:28:51,046 - INFO - MSP AUROC [0.9131577507598784]
2022-09-28 01:28:51,046 - INFO - MSP TNR [0.7156028368794326]
2022-09-28 01:28:51,046 - INFO - MSP AUOUT [0.9467334465970971]
2022-09-28 01:28:51,046 - INFO - ODIN AUROC [0.9348894630192502]
2022-09-28 01:28:51,046 - INFO - ODIN TNR [0.7223404255319149]
2022-09-28 01:28:51,046 - INFO - ODIN AUOUT [0.9561164157144189]
2022-09-28 01:28:51,046 - INFO - OOD Dataset: balanced100-coarseood
2022-09-28 01:28:51,046 - INFO - MSP AUROC [0.9735146666666666]
2022-09-28 01:28:51,046 - INFO - MSP TNR [0.8986666666666667]
2022-09-28 01:28:51,046 - INFO - MSP AUOUT [0.8728540324962603]
2022-09-28 01:28:51,046 - INFO - ODIN AUROC [0.9789470476190476]
2022-09-28 01:28:51,046 - INFO - ODIN TNR [0.908]
2022-09-28 01:28:51,046 - INFO - ODIN AUOUT [0.8819616067663121]
2022-09-28 01:28:51,047 - INFO - OOD Dataset: balanced100-mediumood
2022-09-28 01:28:51,047 - INFO - MSP AUROC [0.5280217142857142]
2022-09-28 01:28:51,047 - INFO - MSP TNR [0.09599999999999997]
2022-09-28 01:28:51,047 - INFO - MSP AUOUT [0.08043938931603684]
2022-09-28 01:28:51,047 - INFO - ODIN AUROC [0.5737794285714286]
2022-09-28 01:28:51,047 - INFO - ODIN TNR [0.08399999999999996]
2022-09-28 01:28:51,047 - INFO - ODIN AUOUT [0.08685402542426182]
2022-09-28 01:28:51,047 - INFO - OOD Dataset: balanced100-fineood
2022-09-28 01:28:51,047 - INFO - MSP AUROC [0.6431851428571429]
2022-09-28 01:28:51,047 - INFO - MSP TNR [0.246]
2022-09-28 01:28:51,047 - INFO - MSP AUOUT [0.28999168416500887]
2022-09-28 01:28:51,047 - INFO - ODIN AUROC [0.7306651428571428]
2022-09-28 01:28:51,047 - INFO - ODIN TNR [0.256]
2022-09-28 01:28:51,047 - INFO - ODIN AUOUT [0.3230656573874786]
2022-09-28 01:28:51,047 - INFO - OOD Dataset: balanced100-finemediumood
2022-09-28 01:28:51,047 - INFO - MSP AUROC [0.6047973333333334]
2022-09-28 01:28:51,047 - INFO - MSP TNR [0.19599999999999995]
2022-09-28 01:28:51,047 - INFO - MSP AUOUT [0.3110255747159052]
2022-09-28 01:28:51,047 - INFO - ODIN AUROC [0.6783699047619047]
2022-09-28 01:28:51,047 - INFO - ODIN TNR [0.19866666666666666]
2022-09-28 01:28:51,047 - INFO - ODIN AUOUT [0.34231204699640005]
