2022-04-11 16:29:53,237 - INFO - ==> Preparing data..
2022-04-11 16:29:53,580 - INFO - # ID Test: 4150
2022-04-11 16:29:53,580 - INFO - # OOD: 850
2022-04-11 16:29:53,610 - INFO - # iNaturalist: 10000
2022-04-11 16:29:53,639 - INFO - # SUN: 10000
2022-04-11 16:29:53,668 - INFO - # Places: 10000
2022-04-11 16:29:53,684 - INFO - # Textures: 5640
2022-04-11 16:29:53,687 - INFO - # coarseid-coarseood: 750
2022-04-11 16:29:53,688 - INFO - # coarseid-fineood: 100
2022-04-11 16:29:56,653 - INFO - No distribution strategy
2022-04-11 16:29:57,573 - INFO - Model R0 Results
2022-04-11 16:30:07,164 - INFO - Model R0 Accuracy Results
2022-04-11 16:30:07,166 - INFO - Mean Synset Accuracy: 0.8690043091773987
2022-04-11 16:30:07,167 - INFO - Top-1 Accuracy: 0.7713252902030945
2022-04-11 16:30:07,167 - INFO - Pred Accuracy: 0.7725301384925842
2022-04-11 16:30:07,167 - INFO - Synset Accuracies:
2022-04-11 16:30:07,169 - INFO - [0.9855422  0.94666666 0.97794116 0.724      0.852      0.808
 0.912      0.963      0.9395349  0.99       0.832      0.944
 0.784      0.752      0.96842104 0.96       0.928      0.712
 0.855      0.8        0.716      0.84       0.68       0.9
 0.955     ]
2022-04-11 16:30:07,169 - INFO - Error Depth:
2022-04-11 16:30:07,169 - INFO - 	Num. Errors at Depth 0 = 16.0
2022-04-11 16:30:07,169 - INFO - 	Num. Errors at Depth 1 = 57.0
2022-04-11 16:30:07,169 - INFO - 	Num. Errors at Depth 2 = 275.0
2022-04-11 16:30:07,169 - INFO - 	Num. Errors at Depth 3 = 360.0
2022-04-11 16:30:07,169 - INFO - 	Num. Errors at Depth 4 = 151.0
2022-04-11 16:30:07,169 - INFO - 	Num. Errors at Depth 5 = 90.0
2022-04-11 16:30:07,169 - INFO - 	Num. Errors at Depth -1 = 3201.0
2022-04-11 16:30:07,169 - INFO - Model R1 Results
2022-04-11 16:30:16,064 - INFO - Model R1 Accuracy Results
2022-04-11 16:30:16,065 - INFO - Mean Synset Accuracy: 0.8831382989883423
2022-04-11 16:30:16,066 - INFO - Top-1 Accuracy: 0.7903614640235901
2022-04-11 16:30:16,066 - INFO - Pred Accuracy: 0.7937349677085876
2022-04-11 16:30:16,066 - INFO - Synset Accuracies:
2022-04-11 16:30:16,066 - INFO - [0.9891566 0.956     0.9752941 0.76      0.896     0.836     0.952
 0.961     0.9511628 0.992     0.84      0.956     0.788     0.764
 0.9768421 0.946     0.948     0.704     0.905     0.788     0.74
 0.86      0.712     0.932     0.95     ]
2022-04-11 16:30:16,067 - INFO - Error Depth:
2022-04-11 16:30:16,067 - INFO - 	Num. Errors at Depth 0 = 26.0
2022-04-11 16:30:16,067 - INFO - 	Num. Errors at Depth 1 = 59.0
2022-04-11 16:30:16,067 - INFO - 	Num. Errors at Depth 2 = 232.0
2022-04-11 16:30:16,067 - INFO - 	Num. Errors at Depth 3 = 323.0
2022-04-11 16:30:16,067 - INFO - 	Num. Errors at Depth 4 = 143.0
2022-04-11 16:30:16,067 - INFO - 	Num. Errors at Depth 5 = 87.0
2022-04-11 16:30:16,067 - INFO - 	Num. Errors at Depth -1 = 3280.0
2022-04-11 16:30:16,067 - INFO - Model R2 Results
2022-04-11 16:30:24,882 - INFO - Model R2 Accuracy Results
2022-04-11 16:30:24,883 - INFO - Mean Synset Accuracy: 0.8779553771018982
2022-04-11 16:30:24,883 - INFO - Top-1 Accuracy: 0.78240966796875
2022-04-11 16:30:24,883 - INFO - Pred Accuracy: 0.7845783233642578
2022-04-11 16:30:24,883 - INFO - Synset Accuracies:
2022-04-11 16:30:24,884 - INFO - [0.9891566  0.9626667  0.97558826 0.756      0.904      0.824
 0.928      0.964      0.9427907  0.988      0.832      0.944
 0.732      0.768      0.9736842  0.958      0.944      0.696
 0.92       0.8        0.736      0.852      0.708      0.896
 0.955     ]
2022-04-11 16:30:24,884 - INFO - Error Depth:
2022-04-11 16:30:24,885 - INFO - 	Num. Errors at Depth 0 = 21.0
2022-04-11 16:30:24,885 - INFO - 	Num. Errors at Depth 1 = 57.0
2022-04-11 16:30:24,885 - INFO - 	Num. Errors at Depth 2 = 241.0
2022-04-11 16:30:24,885 - INFO - 	Num. Errors at Depth 3 = 356.0
2022-04-11 16:30:24,885 - INFO - 	Num. Errors at Depth 4 = 138.0
2022-04-11 16:30:24,885 - INFO - 	Num. Errors at Depth 5 = 90.0
2022-04-11 16:30:24,885 - INFO - 	Num. Errors at Depth -1 = 3247.0
2022-04-11 16:30:24,885 - INFO - Model R3 Results
2022-04-11 16:30:33,732 - INFO - Model R3 Accuracy Results
2022-04-11 16:30:33,734 - INFO - Mean Synset Accuracy: 0.8471452593803406
2022-04-11 16:30:33,734 - INFO - Top-1 Accuracy: 0.6954216957092285
2022-04-11 16:30:33,734 - INFO - Pred Accuracy: 0.7048192620277405
2022-04-11 16:30:33,734 - INFO - Synset Accuracies:
2022-04-11 16:30:33,735 - INFO - [0.97156626 0.91866666 0.935      0.724      0.864      0.78
 0.92       0.932      0.8697674  0.99       0.792      0.916
 0.744      0.744      0.9526316  0.946      0.916      0.696
 0.83       0.744      0.68       0.8        0.68       0.868
 0.965     ]
2022-04-11 16:30:33,735 - INFO - Error Depth:
2022-04-11 16:30:33,735 - INFO - 	Num. Errors at Depth 0 = 50.0
2022-04-11 16:30:33,735 - INFO - 	Num. Errors at Depth 1 = 147.0
2022-04-11 16:30:33,735 - INFO - 	Num. Errors at Depth 2 = 379.0
2022-04-11 16:30:33,735 - INFO - 	Num. Errors at Depth 3 = 401.0
2022-04-11 16:30:33,735 - INFO - 	Num. Errors at Depth 4 = 190.0
2022-04-11 16:30:33,735 - INFO - 	Num. Errors at Depth 5 = 97.0
2022-04-11 16:30:33,735 - INFO - 	Num. Errors at Depth -1 = 2886.0
2022-04-11 16:30:33,736 - INFO - Model R4 Results
2022-04-11 16:30:42,526 - INFO - Model R4 Accuracy Results
2022-04-11 16:30:42,527 - INFO - Mean Synset Accuracy: 0.8359848260879517
2022-04-11 16:30:42,527 - INFO - Top-1 Accuracy: 0.6645783185958862
2022-04-11 16:30:42,527 - INFO - Pred Accuracy: 0.6783132553100586
2022-04-11 16:30:42,527 - INFO - Synset Accuracies:
2022-04-11 16:30:42,528 - INFO - [0.96481925 0.90133333 0.9291176  0.712      0.844      0.74
 0.9        0.921      0.8553488  0.978      0.796      0.908
 0.728      0.748      0.94       0.94       0.924      0.636
 0.83       0.736      0.676      0.796      0.648      0.868
 0.98      ]
2022-04-11 16:30:42,528 - INFO - Error Depth:
2022-04-11 16:30:42,528 - INFO - 	Num. Errors at Depth 0 = 66.0
2022-04-11 16:30:42,528 - INFO - 	Num. Errors at Depth 1 = 157.0
2022-04-11 16:30:42,528 - INFO - 	Num. Errors at Depth 2 = 441.0
2022-04-11 16:30:42,528 - INFO - 	Num. Errors at Depth 3 = 424.0
2022-04-11 16:30:42,528 - INFO - 	Num. Errors at Depth 4 = 194.0
2022-04-11 16:30:42,528 - INFO - 	Num. Errors at Depth 5 = 110.0
2022-04-11 16:30:42,528 - INFO - 	Num. Errors at Depth -1 = 2758.0
2022-04-11 16:30:42,688 - INFO - Ensemble: Model: cascade, M: 5
2022-04-11 16:30:42,688 - INFO - Ensemble Accuracy: 0.8026506304740906
